

================================================================
== Vivado HLS Report for 'collectstats00'
================================================================
* Date:           Mon Jul 27 23:31:30 2020

* Version:        2019.1.3 (Build 2642998 on Wed Sep 04 10:25:22 MDT 2019)
* Project:        actsofagraph
* Solution:       solution1
* Product family: virtexuplus
* Target device:  xcvu9p-fsgd2104-2-i


================================================================
== Performance Estimates
================================================================
+ Timing (ns): 
    * Summary: 
    +--------+-------+----------+------------+
    |  Clock | Target| Estimated| Uncertainty|
    +--------+-------+----------+------------+
    |ap_clk  |  10.00|     6.229|        1.25|
    +--------+-------+----------+------------+

+ Latency (clock cycles): 
    * Summary: 
    +-----+------+-----+------+---------+
    |   Latency  |  Interval  | Pipeline|
    | min |  max | min |  max |   Type  |
    +-----+------+-----+------+---------+
    |    1|  1126|    1|  1126|   none  |
    +-----+------+-----+------+---------+

    + Detail: 
        * Instance: 
        +--------------------------+--------------+-----+-----+-----+-----+----------+
        |                          |              |  Latency  |  Interval | Pipeline |
        |         Instance         |    Module    | min | max | min | max |   Type   |
        +--------------------------+--------------+-----+-----+-----+-----+----------+
        |grp_getpartition_fu_1471  |getpartition  |    0|    0|    1|    1| function |
        |grp_getpartition_fu_1478  |getpartition  |    0|    0|    1|    1| function |
        |grp_getpartition_fu_1485  |getpartition  |    0|    0|    1|    1| function |
        |grp_getpartition_fu_1492  |getpartition  |    0|    0|    1|    1| function |
        |grp_getpartition_fu_1499  |getpartition  |    0|    0|    1|    1| function |
        |grp_getpartition_fu_1506  |getpartition  |    0|    0|    1|    1| function |
        |grp_getpartition_fu_1513  |getpartition  |    0|    0|    1|    1| function |
        |grp_getpartition_fu_1520  |getpartition  |    0|    0|    1|    1| function |
        |grp_getpartition_fu_1527  |getpartition  |    0|    0|    1|    1| function |
        |grp_getpartition_fu_1534  |getpartition  |    0|    0|    1|    1| function |
        |grp_getpartition_fu_1541  |getpartition  |    0|    0|    1|    1| function |
        |grp_getpartition_fu_1548  |getpartition  |    0|    0|    1|    1| function |
        |grp_getpartition_fu_1555  |getpartition  |    0|    0|    1|    1| function |
        |grp_getpartition_fu_1562  |getpartition  |    0|    0|    1|    1| function |
        |grp_getpartition_fu_1569  |getpartition  |    0|    0|    1|    1| function |
        |grp_getpartition_fu_1576  |getpartition  |    0|    0|    1|    1| function |
        +--------------------------+--------------+-----+-----+-----+-----+----------+

        * Loop: 
        +-----------------------+------+------+----------+-----------+-----------+------+----------+
        |                       |   Latency   | Iteration|  Initiation Interval  | Trip |          |
        |       Loop Name       |  min |  max |  Latency |  achieved |   target  | Count| Pipelined|
        +-----------------------+------+------+----------+-----------+-----------+------+----------+
        |- COLLECTSTATS0_LOOP1  |    32|    32|         1|          -|          -|    32|    no    |
        |- COLLECTSTATS0_LOOP2  |  1026|  1026|         5|          2|          2|   512|    yes   |
        |- COLLECTSTATS0_LOOP3  |    64|    64|         2|          -|          -|    32|    no    |
        +-----------------------+------+------+----------+-----------+-----------+------+----------+



================================================================
== Utilization Estimates
================================================================
* Summary: 
+---------------------+---------+-------+---------+---------+-----+
|         Name        | BRAM_18K| DSP48E|    FF   |   LUT   | URAM|
+---------------------+---------+-------+---------+---------+-----+
|DSP                  |        -|      -|        -|        -|    -|
|Expression           |        -|      -|        0|     3511|    -|
|FIFO                 |        -|      -|        -|        -|    -|
|Instance             |        -|      -|        0|     4752|    -|
|Memory               |       32|      -|        0|        0|    0|
|Multiplexer          |        -|      -|        -|     1730|    -|
|Register             |        -|      -|     1081|        -|    -|
+---------------------+---------+-------+---------+---------+-----+
|Total                |       32|      0|     1081|     9993|    0|
+---------------------+---------+-------+---------+---------+-----+
|Available SLR        |     1440|   2280|   788160|   394080|  320|
+---------------------+---------+-------+---------+---------+-----+
|Utilization SLR (%)  |        2|      0|    ~0   |        2|    0|
+---------------------+---------+-------+---------+---------+-----+
|Available            |     4320|   6840|  2364480|  1182240|  960|
+---------------------+---------+-------+---------+---------+-----+
|Utilization (%)      |    ~0   |      0|    ~0   |    ~0   |    0|
+---------------------+---------+-------+---------+---------+-----+

+ Detail: 
    * Instance: 
    +--------------------------+--------------+---------+-------+---+-----+-----+
    |         Instance         |    Module    | BRAM_18K| DSP48E| FF| LUT | URAM|
    +--------------------------+--------------+---------+-------+---+-----+-----+
    |grp_getpartition_fu_1471  |getpartition  |        0|      0|  0|  297|    0|
    |grp_getpartition_fu_1478  |getpartition  |        0|      0|  0|  297|    0|
    |grp_getpartition_fu_1485  |getpartition  |        0|      0|  0|  297|    0|
    |grp_getpartition_fu_1492  |getpartition  |        0|      0|  0|  297|    0|
    |grp_getpartition_fu_1499  |getpartition  |        0|      0|  0|  297|    0|
    |grp_getpartition_fu_1506  |getpartition  |        0|      0|  0|  297|    0|
    |grp_getpartition_fu_1513  |getpartition  |        0|      0|  0|  297|    0|
    |grp_getpartition_fu_1520  |getpartition  |        0|      0|  0|  297|    0|
    |grp_getpartition_fu_1527  |getpartition  |        0|      0|  0|  297|    0|
    |grp_getpartition_fu_1534  |getpartition  |        0|      0|  0|  297|    0|
    |grp_getpartition_fu_1541  |getpartition  |        0|      0|  0|  297|    0|
    |grp_getpartition_fu_1548  |getpartition  |        0|      0|  0|  297|    0|
    |grp_getpartition_fu_1555  |getpartition  |        0|      0|  0|  297|    0|
    |grp_getpartition_fu_1562  |getpartition  |        0|      0|  0|  297|    0|
    |grp_getpartition_fu_1569  |getpartition  |        0|      0|  0|  297|    0|
    |grp_getpartition_fu_1576  |getpartition  |        0|      0|  0|  297|    0|
    +--------------------------+--------------+---------+-------+---+-----+-----+
    |Total                     |              |        0|      0|  0| 4752|    0|
    +--------------------------+--------------+---------+-------+---+-----+-----+

    * DSP48E: 
    N/A

    * Memory: 
    +-----------+------------------------+---------+---+----+-----+------+-----+------+-------------+
    |   Memory  |         Module         | BRAM_18K| FF| LUT| URAM| Words| Bits| Banks| W*Bits*Banks|
    +-----------+------------------------+---------+---+----+-----+------+-----+------+-------------+
    |sizes00_U  |collectstats00_sizes00  |        1|  0|   0|    0|    32|   32|     1|         1024|
    |sizes01_U  |collectstats00_sizes00  |        1|  0|   0|    0|    32|   32|     1|         1024|
    |sizes02_U  |collectstats00_sizes00  |        1|  0|   0|    0|    32|   32|     1|         1024|
    |sizes03_U  |collectstats00_sizes00  |        1|  0|   0|    0|    32|   32|     1|         1024|
    |sizes04_U  |collectstats00_sizes00  |        1|  0|   0|    0|    32|   32|     1|         1024|
    |sizes05_U  |collectstats00_sizes00  |        1|  0|   0|    0|    32|   32|     1|         1024|
    |sizes06_U  |collectstats00_sizes00  |        1|  0|   0|    0|    32|   32|     1|         1024|
    |sizes07_U  |collectstats00_sizes00  |        1|  0|   0|    0|    32|   32|     1|         1024|
    |sizes10_U  |collectstats00_sizes00  |        1|  0|   0|    0|    32|   32|     1|         1024|
    |sizes11_U  |collectstats00_sizes00  |        1|  0|   0|    0|    32|   32|     1|         1024|
    |sizes12_U  |collectstats00_sizes00  |        1|  0|   0|    0|    32|   32|     1|         1024|
    |sizes13_U  |collectstats00_sizes00  |        1|  0|   0|    0|    32|   32|     1|         1024|
    |sizes14_U  |collectstats00_sizes00  |        1|  0|   0|    0|    32|   32|     1|         1024|
    |sizes15_U  |collectstats00_sizes00  |        1|  0|   0|    0|    32|   32|     1|         1024|
    |sizes16_U  |collectstats00_sizes00  |        1|  0|   0|    0|    32|   32|     1|         1024|
    |sizes17_U  |collectstats00_sizes00  |        1|  0|   0|    0|    32|   32|     1|         1024|
    |sizes20_U  |collectstats00_sizes00  |        1|  0|   0|    0|    32|   32|     1|         1024|
    |sizes21_U  |collectstats00_sizes00  |        1|  0|   0|    0|    32|   32|     1|         1024|
    |sizes22_U  |collectstats00_sizes00  |        1|  0|   0|    0|    32|   32|     1|         1024|
    |sizes23_U  |collectstats00_sizes00  |        1|  0|   0|    0|    32|   32|     1|         1024|
    |sizes24_U  |collectstats00_sizes00  |        1|  0|   0|    0|    32|   32|     1|         1024|
    |sizes25_U  |collectstats00_sizes00  |        1|  0|   0|    0|    32|   32|     1|         1024|
    |sizes26_U  |collectstats00_sizes00  |        1|  0|   0|    0|    32|   32|     1|         1024|
    |sizes27_U  |collectstats00_sizes00  |        1|  0|   0|    0|    32|   32|     1|         1024|
    |sizes30_U  |collectstats00_sizes00  |        1|  0|   0|    0|    32|   32|     1|         1024|
    |sizes31_U  |collectstats00_sizes00  |        1|  0|   0|    0|    32|   32|     1|         1024|
    |sizes32_U  |collectstats00_sizes00  |        1|  0|   0|    0|    32|   32|     1|         1024|
    |sizes33_U  |collectstats00_sizes00  |        1|  0|   0|    0|    32|   32|     1|         1024|
    |sizes34_U  |collectstats00_sizes00  |        1|  0|   0|    0|    32|   32|     1|         1024|
    |sizes35_U  |collectstats00_sizes00  |        1|  0|   0|    0|    32|   32|     1|         1024|
    |sizes36_U  |collectstats00_sizes00  |        1|  0|   0|    0|    32|   32|     1|         1024|
    |sizes37_U  |collectstats00_sizes00  |        1|  0|   0|    0|    32|   32|     1|         1024|
    +-----------+------------------------+---------+---+----+-----+------+-----+------+-------------+
    |Total      |                        |       32|  0|   0|    0|  1024| 1024|    32|        32768|
    +-----------+------------------------+---------+---+----+-----+------+-----+------+-------------+

    * FIFO: 
    N/A

    * Expression: 
    +-----------------------------+----------+-------+---+----+------------+------------+
    |        Variable Name        | Operation| DSP48E| FF| LUT| Bitwidth P0| Bitwidth P1|
    +-----------------------------+----------+-------+---+----+------------+------------+
    |add_ln1234_fu_1695_p2        |     +    |      0|  0|  32|          32|          12|
    |add_ln1925_fu_2953_p2        |     +    |      0|  0|  32|          32|           1|
    |add_ln1926_fu_2960_p2        |     +    |      0|  0|  32|          32|           1|
    |add_ln1927_fu_2967_p2        |     +    |      0|  0|  32|          32|           1|
    |add_ln1928_fu_2974_p2        |     +    |      0|  0|  32|          32|           1|
    |add_ln1929_fu_2981_p2        |     +    |      0|  0|  32|          32|           1|
    |add_ln1930_fu_2988_p2        |     +    |      0|  0|  32|          32|           1|
    |add_ln1931_fu_2995_p2        |     +    |      0|  0|  32|          32|           1|
    |add_ln1932_fu_3002_p2        |     +    |      0|  0|  32|          32|           1|
    |add_ln1933_fu_3009_p2        |     +    |      0|  0|  32|          32|           1|
    |add_ln1934_fu_3016_p2        |     +    |      0|  0|  32|          32|           1|
    |add_ln1935_fu_3023_p2        |     +    |      0|  0|  32|          32|           1|
    |add_ln1936_fu_3030_p2        |     +    |      0|  0|  32|          32|           1|
    |add_ln1937_fu_3037_p2        |     +    |      0|  0|  32|          32|           1|
    |add_ln1938_fu_3044_p2        |     +    |      0|  0|  32|          32|           1|
    |add_ln1939_fu_3051_p2        |     +    |      0|  0|  32|          32|           1|
    |add_ln1940_fu_3058_p2        |     +    |      0|  0|  32|          32|           1|
    |add_ln1941_fu_3193_p2        |     +    |      0|  0|  32|          32|           1|
    |add_ln1942_fu_3200_p2        |     +    |      0|  0|  32|          32|           1|
    |add_ln1943_fu_3207_p2        |     +    |      0|  0|  32|          32|           1|
    |add_ln1944_fu_3214_p2        |     +    |      0|  0|  32|          32|           1|
    |add_ln1945_fu_3221_p2        |     +    |      0|  0|  32|          32|           1|
    |add_ln1946_fu_3228_p2        |     +    |      0|  0|  32|          32|           1|
    |add_ln1947_fu_3235_p2        |     +    |      0|  0|  32|          32|           1|
    |add_ln1948_fu_3242_p2        |     +    |      0|  0|  32|          32|           1|
    |add_ln1949_fu_3249_p2        |     +    |      0|  0|  32|          32|           1|
    |add_ln1950_fu_3256_p2        |     +    |      0|  0|  32|          32|           1|
    |add_ln1951_fu_3263_p2        |     +    |      0|  0|  32|          32|           1|
    |add_ln1952_fu_3270_p2        |     +    |      0|  0|  32|          32|           1|
    |add_ln1953_fu_3277_p2        |     +    |      0|  0|  32|          32|           1|
    |add_ln1954_fu_3284_p2        |     +    |      0|  0|  32|          32|           1|
    |add_ln1955_fu_3291_p2        |     +    |      0|  0|  32|          32|           1|
    |add_ln1956_fu_3298_p2        |     +    |      0|  0|  32|          32|           1|
    |add_ln1995_1_fu_3367_p2      |     +    |      0|  0|  32|          32|          32|
    |add_ln1995_2_fu_3373_p2      |     +    |      0|  0|  32|          32|          32|
    |add_ln1995_3_fu_3379_p2      |     +    |      0|  0|  32|          32|          32|
    |add_ln1995_4_fu_3385_p2      |     +    |      0|  0|  32|          32|          32|
    |add_ln1995_5_fu_3391_p2      |     +    |      0|  0|  32|          32|          32|
    |add_ln1995_6_fu_3397_p2      |     +    |      0|  0|  32|          32|          32|
    |add_ln1995_fu_3361_p2        |     +    |      0|  0|  32|          32|          32|
    |add_ln1997_1_fu_3416_p2      |     +    |      0|  0|  32|          32|          32|
    |add_ln1997_2_fu_3422_p2      |     +    |      0|  0|  32|          32|          32|
    |add_ln1997_3_fu_3428_p2      |     +    |      0|  0|  32|          32|          32|
    |add_ln1997_4_fu_3434_p2      |     +    |      0|  0|  32|          32|          32|
    |add_ln1997_5_fu_3440_p2      |     +    |      0|  0|  32|          32|          32|
    |add_ln1997_6_fu_3446_p2      |     +    |      0|  0|  32|          32|          32|
    |add_ln1997_fu_3410_p2        |     +    |      0|  0|  32|          32|          32|
    |add_ln1999_1_fu_3465_p2      |     +    |      0|  0|  32|          32|          32|
    |add_ln1999_2_fu_3471_p2      |     +    |      0|  0|  32|          32|          32|
    |add_ln1999_3_fu_3477_p2      |     +    |      0|  0|  32|          32|          32|
    |add_ln1999_4_fu_3483_p2      |     +    |      0|  0|  32|          32|          32|
    |add_ln1999_5_fu_3489_p2      |     +    |      0|  0|  32|          32|          32|
    |add_ln1999_6_fu_3495_p2      |     +    |      0|  0|  32|          32|          32|
    |add_ln1999_fu_3459_p2        |     +    |      0|  0|  32|          32|          32|
    |add_ln2001_1_fu_3514_p2      |     +    |      0|  0|  32|          32|          32|
    |add_ln2001_2_fu_3520_p2      |     +    |      0|  0|  32|          32|          32|
    |add_ln2001_3_fu_3526_p2      |     +    |      0|  0|  32|          32|          32|
    |add_ln2001_4_fu_3532_p2      |     +    |      0|  0|  32|          32|          32|
    |add_ln2001_5_fu_3538_p2      |     +    |      0|  0|  32|          32|          32|
    |add_ln2001_6_fu_3544_p2      |     +    |      0|  0|  32|          32|          32|
    |add_ln2001_fu_3508_p2        |     +    |      0|  0|  32|          32|          32|
    |capsule0_value_d0            |     +    |      0|  0|  32|          32|          32|
    |capsule1_value_d0            |     +    |      0|  0|  32|          32|          32|
    |capsule2_value_d0            |     +    |      0|  0|  32|          32|          32|
    |capsule3_value_d0            |     +    |      0|  0|  32|          32|          32|
    |i_17_fu_1627_p2              |     +    |      0|  0|  32|          32|          11|
    |i_18_fu_1661_p2              |     +    |      0|  0|  32|          32|          11|
    |i_19_fu_1783_p2              |     +    |      0|  0|  10|          10|           1|
    |i_fu_1593_p2                 |     +    |      0|  0|  32|          32|          10|
    |p_19_fu_3311_p2              |     +    |      0|  0|   6|           6|           1|
    |p_fu_1735_p2                 |     +    |      0|  0|   6|           6|           1|
    |chunk0_size_fu_1605_p2       |     -    |      0|  0|  32|          32|          32|
    |chunk1_size_fu_1639_p2       |     -    |      0|  0|  32|          32|          32|
    |chunk2_size_fu_1673_p2       |     -    |      0|  0|  32|          32|          32|
    |chunk3_size_fu_1707_p2       |     -    |      0|  0|  32|          32|          32|
    |icmp_ln1233_fu_1587_p2       |   icmp   |      0|  0|  20|          32|          32|
    |icmp_ln1234_10_fu_1633_p2    |   icmp   |      0|  0|  20|          32|          32|
    |icmp_ln1234_11_fu_1667_p2    |   icmp   |      0|  0|  20|          32|          32|
    |icmp_ln1234_12_fu_1701_p2    |   icmp   |      0|  0|  20|          32|          32|
    |icmp_ln1234_fu_1599_p2       |   icmp   |      0|  0|  20|          32|          32|
    |icmp_ln1658_fu_1729_p2       |   icmp   |      0|  0|  11|           6|           7|
    |icmp_ln1725_fu_1777_p2       |   icmp   |      0|  0|  13|          10|          11|
    |icmp_ln1861_1_fu_2138_p2     |   icmp   |      0|  0|  20|          32|          27|
    |icmp_ln1861_fu_1801_p2       |   icmp   |      0|  0|  20|          32|          32|
    |icmp_ln1863_fu_2159_p2       |   icmp   |      0|  0|  20|          32|          27|
    |icmp_ln1865_fu_2180_p2       |   icmp   |      0|  0|  20|          32|          27|
    |icmp_ln1867_fu_2201_p2       |   icmp   |      0|  0|  20|          32|          27|
    |icmp_ln1869_fu_2222_p2       |   icmp   |      0|  0|  20|          32|          27|
    |icmp_ln1871_fu_2243_p2       |   icmp   |      0|  0|  20|          32|          27|
    |icmp_ln1873_fu_2264_p2       |   icmp   |      0|  0|  20|          32|          27|
    |icmp_ln1875_fu_2285_p2       |   icmp   |      0|  0|  20|          32|          27|
    |icmp_ln1877_1_fu_2311_p2     |   icmp   |      0|  0|  20|          32|          27|
    |icmp_ln1877_fu_1806_p2       |   icmp   |      0|  0|  20|          32|          32|
    |icmp_ln1879_fu_2332_p2       |   icmp   |      0|  0|  20|          32|          27|
    |icmp_ln1881_fu_2353_p2       |   icmp   |      0|  0|  20|          32|          27|
    |icmp_ln1883_fu_2374_p2       |   icmp   |      0|  0|  20|          32|          27|
    |icmp_ln1885_fu_2395_p2       |   icmp   |      0|  0|  20|          32|          27|
    |icmp_ln1887_fu_2416_p2       |   icmp   |      0|  0|  20|          32|          27|
    |icmp_ln1889_fu_2437_p2       |   icmp   |      0|  0|  20|          32|          27|
    |icmp_ln1891_fu_2458_p2       |   icmp   |      0|  0|  20|          32|          27|
    |icmp_ln1893_1_fu_2484_p2     |   icmp   |      0|  0|  20|          32|          27|
    |icmp_ln1893_fu_1811_p2       |   icmp   |      0|  0|  20|          32|          32|
    |icmp_ln1895_fu_2496_p2       |   icmp   |      0|  0|  20|          32|          27|
    |icmp_ln1897_fu_2508_p2       |   icmp   |      0|  0|  20|          32|          27|
    |icmp_ln1899_fu_2520_p2       |   icmp   |      0|  0|  20|          32|          27|
    |icmp_ln1901_fu_2532_p2       |   icmp   |      0|  0|  20|          32|          27|
    |icmp_ln1903_fu_2544_p2       |   icmp   |      0|  0|  20|          32|          27|
    |icmp_ln1905_fu_2556_p2       |   icmp   |      0|  0|  20|          32|          27|
    |icmp_ln1907_fu_2568_p2       |   icmp   |      0|  0|  20|          32|          27|
    |icmp_ln1909_1_fu_2585_p2     |   icmp   |      0|  0|  20|          32|          27|
    |icmp_ln1909_fu_1816_p2       |   icmp   |      0|  0|  20|          32|          32|
    |icmp_ln1911_fu_2597_p2       |   icmp   |      0|  0|  20|          32|          27|
    |icmp_ln1913_fu_2609_p2       |   icmp   |      0|  0|  20|          32|          27|
    |icmp_ln1915_fu_2621_p2       |   icmp   |      0|  0|  20|          32|          27|
    |icmp_ln1917_fu_2633_p2       |   icmp   |      0|  0|  20|          32|          27|
    |icmp_ln1919_fu_2645_p2       |   icmp   |      0|  0|  20|          32|          27|
    |icmp_ln1921_fu_2657_p2       |   icmp   |      0|  0|  20|          32|          27|
    |icmp_ln1923_fu_2669_p2       |   icmp   |      0|  0|  20|          32|          27|
    |icmp_ln1993_fu_3305_p2       |   icmp   |      0|  0|  11|           6|           7|
    |or_ln1861_fu_2144_p2         |    or    |      0|  0|   2|           1|           1|
    |or_ln1863_fu_2165_p2         |    or    |      0|  0|   2|           1|           1|
    |or_ln1865_fu_2186_p2         |    or    |      0|  0|   2|           1|           1|
    |or_ln1867_fu_2207_p2         |    or    |      0|  0|   2|           1|           1|
    |or_ln1869_fu_2228_p2         |    or    |      0|  0|   2|           1|           1|
    |or_ln1871_fu_2249_p2         |    or    |      0|  0|   2|           1|           1|
    |or_ln1873_fu_2270_p2         |    or    |      0|  0|   2|           1|           1|
    |or_ln1875_fu_2291_p2         |    or    |      0|  0|   2|           1|           1|
    |or_ln1877_fu_2317_p2         |    or    |      0|  0|   2|           1|           1|
    |or_ln1879_fu_2338_p2         |    or    |      0|  0|   2|           1|           1|
    |or_ln1881_fu_2359_p2         |    or    |      0|  0|   2|           1|           1|
    |or_ln1883_fu_2380_p2         |    or    |      0|  0|   2|           1|           1|
    |or_ln1885_fu_2401_p2         |    or    |      0|  0|   2|           1|           1|
    |or_ln1887_fu_2422_p2         |    or    |      0|  0|   2|           1|           1|
    |or_ln1889_fu_2443_p2         |    or    |      0|  0|   2|           1|           1|
    |or_ln1891_fu_2464_p2         |    or    |      0|  0|   2|           1|           1|
    |or_ln1893_fu_2490_p2         |    or    |      0|  0|   2|           1|           1|
    |or_ln1895_fu_2502_p2         |    or    |      0|  0|   2|           1|           1|
    |or_ln1897_fu_2514_p2         |    or    |      0|  0|   2|           1|           1|
    |or_ln1899_fu_2526_p2         |    or    |      0|  0|   2|           1|           1|
    |or_ln1901_fu_2538_p2         |    or    |      0|  0|   2|           1|           1|
    |or_ln1903_fu_2550_p2         |    or    |      0|  0|   2|           1|           1|
    |or_ln1905_fu_2562_p2         |    or    |      0|  0|   2|           1|           1|
    |or_ln1907_fu_2574_p2         |    or    |      0|  0|   2|           1|           1|
    |or_ln1909_fu_2591_p2         |    or    |      0|  0|   2|           1|           1|
    |or_ln1911_fu_2603_p2         |    or    |      0|  0|   2|           1|           1|
    |or_ln1913_fu_2615_p2         |    or    |      0|  0|   2|           1|           1|
    |or_ln1915_fu_2627_p2         |    or    |      0|  0|   2|           1|           1|
    |or_ln1917_fu_2639_p2         |    or    |      0|  0|   2|           1|           1|
    |or_ln1919_fu_2651_p2         |    or    |      0|  0|   2|           1|           1|
    |or_ln1921_fu_2663_p2         |    or    |      0|  0|   2|           1|           1|
    |or_ln1923_fu_2675_p2         |    or    |      0|  0|   2|           1|           1|
    |select_ln1233_10_fu_1653_p3  |  select  |      0|  0|  32|           1|           1|
    |select_ln1233_11_fu_1687_p3  |  select  |      0|  0|  32|           1|           1|
    |select_ln1233_12_fu_1721_p3  |  select  |      0|  0|  32|           1|           1|
    |select_ln1233_fu_1619_p3     |  select  |      0|  0|  32|           1|           1|
    |select_ln1234_7_fu_1645_p3   |  select  |      0|  0|  32|           1|          32|
    |select_ln1234_8_fu_1679_p3   |  select  |      0|  0|  32|           1|          32|
    |select_ln1234_9_fu_1713_p3   |  select  |      0|  0|  32|           1|          32|
    |select_ln1234_fu_1611_p3     |  select  |      0|  0|  32|           1|          32|
    |ap_enable_pp0                |    xor   |      0|  0|   2|           1|           2|
    |xor_ln1861_fu_2133_p2        |    xor   |      0|  0|   2|           1|           2|
    |xor_ln1877_fu_2306_p2        |    xor   |      0|  0|   2|           1|           2|
    |xor_ln1893_fu_2479_p2        |    xor   |      0|  0|   2|           1|           2|
    |xor_ln1909_fu_2580_p2        |    xor   |      0|  0|   2|           1|           2|
    +-----------------------------+----------+-------+---+----+------------+------------+
    |Total                        |          |      0|  0|3511|        3705|        2582|
    +-----------------------------+----------+-------+---+----+------------+------------+

    * Multiplexer: 
    +---------------------------------------+----+-----------+-----+-----------+
    |                  Name                 | LUT| Input Size| Bits| Total Bits|
    +---------------------------------------+----+-----------+-----+-----------+
    |ap_NS_fsm                              |  41|          8|    1|          8|
    |ap_enable_reg_pp0_iter2                |   9|          2|    1|          2|
    |ap_phi_mux_val1_assign_phi_fu_1453_p4  |   9|          2|   10|         20|
    |capsule0_value_address0                |  15|          3|    5|         15|
    |capsule1_value_address0                |  15|          3|    5|         15|
    |capsule2_value_address0                |  15|          3|    5|         15|
    |capsule3_value_address0                |  15|          3|    5|         15|
    |grp_getpartition_fu_1471_keyvalue_key  |  15|          3|   32|         96|
    |grp_getpartition_fu_1478_keyvalue_key  |  15|          3|   32|         96|
    |grp_getpartition_fu_1485_keyvalue_key  |  15|          3|   32|         96|
    |grp_getpartition_fu_1492_keyvalue_key  |  15|          3|   32|         96|
    |grp_getpartition_fu_1499_keyvalue_key  |  15|          3|   32|         96|
    |grp_getpartition_fu_1506_keyvalue_key  |  15|          3|   32|         96|
    |grp_getpartition_fu_1513_keyvalue_key  |  15|          3|   32|         96|
    |grp_getpartition_fu_1520_keyvalue_key  |  15|          3|   32|         96|
    |grp_getpartition_fu_1527_keyvalue_key  |  15|          3|   32|         96|
    |grp_getpartition_fu_1534_keyvalue_key  |  15|          3|   32|         96|
    |grp_getpartition_fu_1541_keyvalue_key  |  15|          3|   32|         96|
    |grp_getpartition_fu_1548_keyvalue_key  |  15|          3|   32|         96|
    |grp_getpartition_fu_1555_keyvalue_key  |  15|          3|   32|         96|
    |grp_getpartition_fu_1562_keyvalue_key  |  15|          3|   32|         96|
    |grp_getpartition_fu_1569_keyvalue_key  |  15|          3|   32|         96|
    |grp_getpartition_fu_1576_keyvalue_key  |  15|          3|   32|         96|
    |p1_0_reg_1460                          |   9|          2|    6|         12|
    |p_0_reg_1438                           |   9|          2|    6|         12|
    |sizes00_address0                       |  27|          5|    5|         25|
    |sizes00_d0                             |  15|          3|   32|         96|
    |sizes01_address0                       |  27|          5|    5|         25|
    |sizes01_d0                             |  15|          3|   32|         96|
    |sizes02_address0                       |  27|          5|    5|         25|
    |sizes02_d0                             |  15|          3|   32|         96|
    |sizes03_address0                       |  27|          5|    5|         25|
    |sizes03_d0                             |  15|          3|   32|         96|
    |sizes04_address0                       |  27|          5|    5|         25|
    |sizes04_d0                             |  15|          3|   32|         96|
    |sizes05_address0                       |  27|          5|    5|         25|
    |sizes05_d0                             |  15|          3|   32|         96|
    |sizes06_address0                       |  27|          5|    5|         25|
    |sizes06_d0                             |  15|          3|   32|         96|
    |sizes07_address0                       |  27|          5|    5|         25|
    |sizes07_d0                             |  15|          3|   32|         96|
    |sizes10_address0                       |  27|          5|    5|         25|
    |sizes10_d0                             |  15|          3|   32|         96|
    |sizes11_address0                       |  27|          5|    5|         25|
    |sizes11_d0                             |  15|          3|   32|         96|
    |sizes12_address0                       |  27|          5|    5|         25|
    |sizes12_d0                             |  15|          3|   32|         96|
    |sizes13_address0                       |  27|          5|    5|         25|
    |sizes13_d0                             |  15|          3|   32|         96|
    |sizes14_address0                       |  27|          5|    5|         25|
    |sizes14_d0                             |  15|          3|   32|         96|
    |sizes15_address0                       |  27|          5|    5|         25|
    |sizes15_d0                             |  15|          3|   32|         96|
    |sizes16_address0                       |  27|          5|    5|         25|
    |sizes16_d0                             |  15|          3|   32|         96|
    |sizes17_address0                       |  27|          5|    5|         25|
    |sizes17_d0                             |  15|          3|   32|         96|
    |sizes20_address0                       |  27|          5|    5|         25|
    |sizes20_d0                             |  15|          3|   32|         96|
    |sizes21_address0                       |  27|          5|    5|         25|
    |sizes21_d0                             |  15|          3|   32|         96|
    |sizes22_address0                       |  27|          5|    5|         25|
    |sizes22_d0                             |  15|          3|   32|         96|
    |sizes23_address0                       |  27|          5|    5|         25|
    |sizes23_d0                             |  15|          3|   32|         96|
    |sizes24_address0                       |  27|          5|    5|         25|
    |sizes24_d0                             |  15|          3|   32|         96|
    |sizes25_address0                       |  27|          5|    5|         25|
    |sizes25_d0                             |  15|          3|   32|         96|
    |sizes26_address0                       |  27|          5|    5|         25|
    |sizes26_d0                             |  15|          3|   32|         96|
    |sizes27_address0                       |  27|          5|    5|         25|
    |sizes27_d0                             |  15|          3|   32|         96|
    |sizes30_address0                       |  27|          5|    5|         25|
    |sizes30_d0                             |  15|          3|   32|         96|
    |sizes31_address0                       |  27|          5|    5|         25|
    |sizes31_d0                             |  15|          3|   32|         96|
    |sizes32_address0                       |  27|          5|    5|         25|
    |sizes32_d0                             |  15|          3|   32|         96|
    |sizes33_address0                       |  27|          5|    5|         25|
    |sizes33_d0                             |  15|          3|   32|         96|
    |sizes34_address0                       |  27|          5|    5|         25|
    |sizes34_d0                             |  15|          3|   32|         96|
    |sizes35_address0                       |  27|          5|    5|         25|
    |sizes35_d0                             |  15|          3|   32|         96|
    |sizes36_address0                       |  27|          5|    5|         25|
    |sizes36_d0                             |  15|          3|   32|         96|
    |sizes37_address0                       |  27|          5|    5|         25|
    |sizes37_d0                             |  15|          3|   32|         96|
    |val1_assign_reg_1449                   |   9|          2|   10|         20|
    +---------------------------------------+----+-----------+-----+-----------+
    |Total                                  |1730|        334| 1750|       5542|
    +---------------------------------------+----+-----------+-----+-----------+

    * Register: 
    +----------------------------------+----+----+-----+-----------+
    |               Name               | FF | LUT| Bits| Const Bits|
    +----------------------------------+----+----+-----+-----------+
    |ap_CS_fsm                         |   7|   0|    7|          0|
    |ap_enable_reg_pp0_iter0           |   1|   0|    1|          0|
    |ap_enable_reg_pp0_iter1           |   1|   0|    1|          0|
    |ap_enable_reg_pp0_iter2           |   1|   0|    1|          0|
    |capsule0_value_addr_reg_4287      |   5|   0|    5|          0|
    |capsule1_value_addr_reg_4332      |   5|   0|    5|          0|
    |capsule2_value_addr_reg_4377      |   5|   0|    5|          0|
    |capsule3_value_addr_reg_4422      |   5|   0|    5|          0|
    |i_19_reg_3826                     |  10|   0|   10|          0|
    |icmp_ln1725_reg_3822              |   1|   0|    1|          0|
    |icmp_ln1861_reg_3851              |   1|   0|    1|          0|
    |icmp_ln1877_reg_3856              |   1|   0|    1|          0|
    |icmp_ln1893_reg_3861              |   1|   0|    1|          0|
    |icmp_ln1909_reg_3866              |   1|   0|    1|          0|
    |keyvalue20_key_reg_3871           |  32|   0|   32|          0|
    |keyvalue21_key_reg_3876           |  32|   0|   32|          0|
    |keyvalue22_key_reg_3881           |  32|   0|   32|          0|
    |keyvalue23_key_reg_3886           |  32|   0|   32|          0|
    |keyvalue24_key_reg_3891           |  32|   0|   32|          0|
    |keyvalue25_key_reg_3896           |  32|   0|   32|          0|
    |keyvalue26_key_reg_3901           |  32|   0|   32|          0|
    |keyvalue27_key_reg_3906           |  32|   0|   32|          0|
    |keyvalue30_key_reg_3911           |  32|   0|   32|          0|
    |keyvalue31_key_reg_3916           |  32|   0|   32|          0|
    |keyvalue32_key_reg_3921           |  32|   0|   32|          0|
    |keyvalue33_key_reg_3926           |  32|   0|   32|          0|
    |keyvalue34_key_reg_3931           |  32|   0|   32|          0|
    |keyvalue35_key_reg_3936           |  32|   0|   32|          0|
    |keyvalue36_key_reg_3941           |  32|   0|   32|          0|
    |keyvalue37_key_reg_3946           |  32|   0|   32|          0|
    |or_ln1861_reg_3951                |   1|   0|    1|          0|
    |or_ln1863_reg_3955                |   1|   0|    1|          0|
    |or_ln1865_reg_3959                |   1|   0|    1|          0|
    |or_ln1867_reg_3963                |   1|   0|    1|          0|
    |or_ln1869_reg_3967                |   1|   0|    1|          0|
    |or_ln1871_reg_3971                |   1|   0|    1|          0|
    |or_ln1873_reg_3975                |   1|   0|    1|          0|
    |or_ln1875_reg_3979                |   1|   0|    1|          0|
    |or_ln1877_reg_3983                |   1|   0|    1|          0|
    |or_ln1879_reg_3987                |   1|   0|    1|          0|
    |or_ln1881_reg_3991                |   1|   0|    1|          0|
    |or_ln1883_reg_3995                |   1|   0|    1|          0|
    |or_ln1885_reg_3999                |   1|   0|    1|          0|
    |or_ln1887_reg_4003                |   1|   0|    1|          0|
    |or_ln1889_reg_4007                |   1|   0|    1|          0|
    |or_ln1891_reg_4011                |   1|   0|    1|          0|
    |or_ln1893_reg_4015                |   1|   0|    1|          0|
    |or_ln1893_reg_4015_pp0_iter1_reg  |   1|   0|    1|          0|
    |or_ln1895_reg_4019                |   1|   0|    1|          0|
    |or_ln1895_reg_4019_pp0_iter1_reg  |   1|   0|    1|          0|
    |or_ln1897_reg_4023                |   1|   0|    1|          0|
    |or_ln1897_reg_4023_pp0_iter1_reg  |   1|   0|    1|          0|
    |or_ln1899_reg_4027                |   1|   0|    1|          0|
    |or_ln1899_reg_4027_pp0_iter1_reg  |   1|   0|    1|          0|
    |or_ln1901_reg_4031                |   1|   0|    1|          0|
    |or_ln1901_reg_4031_pp0_iter1_reg  |   1|   0|    1|          0|
    |or_ln1903_reg_4035                |   1|   0|    1|          0|
    |or_ln1903_reg_4035_pp0_iter1_reg  |   1|   0|    1|          0|
    |or_ln1905_reg_4039                |   1|   0|    1|          0|
    |or_ln1905_reg_4039_pp0_iter1_reg  |   1|   0|    1|          0|
    |or_ln1907_reg_4043                |   1|   0|    1|          0|
    |or_ln1907_reg_4043_pp0_iter1_reg  |   1|   0|    1|          0|
    |or_ln1909_reg_4047                |   1|   0|    1|          0|
    |or_ln1909_reg_4047_pp0_iter1_reg  |   1|   0|    1|          0|
    |or_ln1911_reg_4051                |   1|   0|    1|          0|
    |or_ln1911_reg_4051_pp0_iter1_reg  |   1|   0|    1|          0|
    |or_ln1913_reg_4055                |   1|   0|    1|          0|
    |or_ln1913_reg_4055_pp0_iter1_reg  |   1|   0|    1|          0|
    |or_ln1915_reg_4059                |   1|   0|    1|          0|
    |or_ln1915_reg_4059_pp0_iter1_reg  |   1|   0|    1|          0|
    |or_ln1917_reg_4063                |   1|   0|    1|          0|
    |or_ln1917_reg_4063_pp0_iter1_reg  |   1|   0|    1|          0|
    |or_ln1919_reg_4067                |   1|   0|    1|          0|
    |or_ln1919_reg_4067_pp0_iter1_reg  |   1|   0|    1|          0|
    |or_ln1921_reg_4071                |   1|   0|    1|          0|
    |or_ln1921_reg_4071_pp0_iter1_reg  |   1|   0|    1|          0|
    |or_ln1923_reg_4075                |   1|   0|    1|          0|
    |or_ln1923_reg_4075_pp0_iter1_reg  |   1|   0|    1|          0|
    |p00_0623_fu_380                   |   5|   0|   32|         27|
    |p01_0621_fu_376                   |   5|   0|   32|         27|
    |p02_0619_fu_372                   |   5|   0|   32|         27|
    |p03_0617_fu_368                   |   5|   0|   32|         27|
    |p04_0615_fu_364                   |   5|   0|   32|         27|
    |p05_0613_fu_360                   |   5|   0|   32|         27|
    |p06_0611_fu_356                   |   5|   0|   32|         27|
    |p07_0609_fu_352                   |   5|   0|   32|         27|
    |p10_0607_fu_348                   |   5|   0|   32|         27|
    |p11_0605_fu_344                   |   5|   0|   32|         27|
    |p12_0604_fu_340                   |   5|   0|   32|         27|
    |p13_0603_fu_336                   |   5|   0|   32|         27|
    |p14_0601_fu_332                   |   5|   0|   32|         27|
    |p15_0600_fu_328                   |   5|   0|   32|         27|
    |p16_0599_fu_324                   |   5|   0|   32|         27|
    |p17_0597_fu_320                   |   5|   0|   32|         27|
    |p1_0_reg_1460                     |   6|   0|    6|          0|
    |p20_0595_fu_316                   |   5|   0|   32|         27|
    |p21_0593_fu_312                   |   5|   0|   32|         27|
    |p22_0591_fu_308                   |   5|   0|   32|         27|
    |p23_0589_fu_304                   |   5|   0|   32|         27|
    |p24_0587_fu_300                   |   5|   0|   32|         27|
    |p25_0585_fu_296                   |   5|   0|   32|         27|
    |p26_0583_fu_292                   |   5|   0|   32|         27|
    |p27_0581_fu_288                   |   5|   0|   32|         27|
    |p30_0579_fu_284                   |   5|   0|   32|         27|
    |p31_0578_fu_280                   |   5|   0|   32|         27|
    |p32_0577_fu_276                   |   5|   0|   32|         27|
    |p33_0575_fu_272                   |   5|   0|   32|         27|
    |p34_0574_fu_268                   |   5|   0|   32|         27|
    |p35_0573_fu_264                   |   5|   0|   32|         27|
    |p36_0571_fu_260                   |   5|   0|   32|         27|
    |p37_0569_fu_256                   |   5|   0|   32|         27|
    |p_0_reg_1438                      |   6|   0|    6|          0|
    |p_19_reg_4242                     |   6|   0|    6|          0|
    |select_ln1233_10_reg_3606         |  32|   0|   32|          0|
    |select_ln1233_11_reg_3611         |  32|   0|   32|          0|
    |select_ln1233_12_reg_3616         |  32|   0|   32|          0|
    |select_ln1233_reg_3601            |  32|   0|   32|          0|
    |sizes00_addr_2_reg_4079           |   5|   0|    5|          0|
    |sizes01_addr_2_reg_4084           |   5|   0|    5|          0|
    |sizes02_addr_2_reg_4089           |   5|   0|    5|          0|
    |sizes03_addr_2_reg_4094           |   5|   0|    5|          0|
    |sizes04_addr_2_reg_4099           |   5|   0|    5|          0|
    |sizes05_addr_2_reg_4104           |   5|   0|    5|          0|
    |sizes06_addr_2_reg_4109           |   5|   0|    5|          0|
    |sizes07_addr_2_reg_4114           |   5|   0|    5|          0|
    |sizes10_addr_2_reg_4119           |   5|   0|    5|          0|
    |sizes11_addr_2_reg_4124           |   5|   0|    5|          0|
    |sizes12_addr_2_reg_4129           |   5|   0|    5|          0|
    |sizes13_addr_2_reg_4134           |   5|   0|    5|          0|
    |sizes14_addr_2_reg_4139           |   5|   0|    5|          0|
    |sizes15_addr_2_reg_4144           |   5|   0|    5|          0|
    |sizes16_addr_2_reg_4149           |   5|   0|    5|          0|
    |sizes17_addr_2_reg_4154           |   5|   0|    5|          0|
    |sizes20_addr_2_reg_4159           |   5|   0|    5|          0|
    |sizes21_addr_2_reg_4164           |   5|   0|    5|          0|
    |sizes22_addr_2_reg_4169           |   5|   0|    5|          0|
    |sizes23_addr_2_reg_4174           |   5|   0|    5|          0|
    |sizes24_addr_2_reg_4179           |   5|   0|    5|          0|
    |sizes25_addr_2_reg_4184           |   5|   0|    5|          0|
    |sizes26_addr_2_reg_4189           |   5|   0|    5|          0|
    |sizes27_addr_2_reg_4194           |   5|   0|    5|          0|
    |sizes30_addr_2_reg_4199           |   5|   0|    5|          0|
    |sizes31_addr_2_reg_4204           |   5|   0|    5|          0|
    |sizes32_addr_2_reg_4209           |   5|   0|    5|          0|
    |sizes33_addr_2_reg_4214           |   5|   0|    5|          0|
    |sizes34_addr_2_reg_4219           |   5|   0|    5|          0|
    |sizes35_addr_2_reg_4224           |   5|   0|    5|          0|
    |sizes36_addr_2_reg_4229           |   5|   0|    5|          0|
    |sizes37_addr_2_reg_4234           |   5|   0|    5|          0|
    |val1_assign_reg_1449              |  10|   0|   10|          0|
    +----------------------------------+----+----+-----+-----------+
    |Total                             |1081|   0| 1945|        864|
    +----------------------------------+----+----+-----+-----------+



================================================================
== Interface
================================================================
* Summary: 
+--------------------------+-----+-----+------------+-----------------------+--------------+
|         RTL Ports        | Dir | Bits|  Protocol  |     Source Object     |    C Type    |
+--------------------------+-----+-----+------------+-----------------------+--------------+
|ap_clk                    |  in |    1| ap_ctrl_hs |     collectstats00    | return value |
|ap_rst                    |  in |    1| ap_ctrl_hs |     collectstats00    | return value |
|ap_start                  |  in |    1| ap_ctrl_hs |     collectstats00    | return value |
|ap_done                   | out |    1| ap_ctrl_hs |     collectstats00    | return value |
|ap_idle                   | out |    1| ap_ctrl_hs |     collectstats00    | return value |
|ap_ready                  | out |    1| ap_ctrl_hs |     collectstats00    | return value |
|enable                    |  in |    1|   ap_none  |         enable        |    scalar    |
|sourcebuffer0_V_address0  | out |    9|  ap_memory |    sourcebuffer0_V    |     array    |
|sourcebuffer0_V_ce0       | out |    1|  ap_memory |    sourcebuffer0_V    |     array    |
|sourcebuffer0_V_q0        |  in |  512|  ap_memory |    sourcebuffer0_V    |     array    |
|sourcebuffer1_V_address0  | out |    9|  ap_memory |    sourcebuffer1_V    |     array    |
|sourcebuffer1_V_ce0       | out |    1|  ap_memory |    sourcebuffer1_V    |     array    |
|sourcebuffer1_V_q0        |  in |  512|  ap_memory |    sourcebuffer1_V    |     array    |
|sourcebuffer2_V_address0  | out |    9|  ap_memory |    sourcebuffer2_V    |     array    |
|sourcebuffer2_V_ce0       | out |    1|  ap_memory |    sourcebuffer2_V    |     array    |
|sourcebuffer2_V_q0        |  in |  512|  ap_memory |    sourcebuffer2_V    |     array    |
|sourcebuffer3_V_address0  | out |    9|  ap_memory |    sourcebuffer3_V    |     array    |
|sourcebuffer3_V_ce0       | out |    1|  ap_memory |    sourcebuffer3_V    |     array    |
|sourcebuffer3_V_q0        |  in |  512|  ap_memory |    sourcebuffer3_V    |     array    |
|capsule0_key_address0     | out |    5|  ap_memory |      capsule0_key     |     array    |
|capsule0_key_ce0          | out |    1|  ap_memory |      capsule0_key     |     array    |
|capsule0_key_we0          | out |    1|  ap_memory |      capsule0_key     |     array    |
|capsule0_key_d0           | out |   32|  ap_memory |      capsule0_key     |     array    |
|capsule0_value_address0   | out |    5|  ap_memory |     capsule0_value    |     array    |
|capsule0_value_ce0        | out |    1|  ap_memory |     capsule0_value    |     array    |
|capsule0_value_we0        | out |    1|  ap_memory |     capsule0_value    |     array    |
|capsule0_value_d0         | out |   32|  ap_memory |     capsule0_value    |     array    |
|capsule0_value_q0         |  in |   32|  ap_memory |     capsule0_value    |     array    |
|capsule1_key_address0     | out |    5|  ap_memory |      capsule1_key     |     array    |
|capsule1_key_ce0          | out |    1|  ap_memory |      capsule1_key     |     array    |
|capsule1_key_we0          | out |    1|  ap_memory |      capsule1_key     |     array    |
|capsule1_key_d0           | out |   32|  ap_memory |      capsule1_key     |     array    |
|capsule1_value_address0   | out |    5|  ap_memory |     capsule1_value    |     array    |
|capsule1_value_ce0        | out |    1|  ap_memory |     capsule1_value    |     array    |
|capsule1_value_we0        | out |    1|  ap_memory |     capsule1_value    |     array    |
|capsule1_value_d0         | out |   32|  ap_memory |     capsule1_value    |     array    |
|capsule1_value_q0         |  in |   32|  ap_memory |     capsule1_value    |     array    |
|capsule2_key_address0     | out |    5|  ap_memory |      capsule2_key     |     array    |
|capsule2_key_ce0          | out |    1|  ap_memory |      capsule2_key     |     array    |
|capsule2_key_we0          | out |    1|  ap_memory |      capsule2_key     |     array    |
|capsule2_key_d0           | out |   32|  ap_memory |      capsule2_key     |     array    |
|capsule2_value_address0   | out |    5|  ap_memory |     capsule2_value    |     array    |
|capsule2_value_ce0        | out |    1|  ap_memory |     capsule2_value    |     array    |
|capsule2_value_we0        | out |    1|  ap_memory |     capsule2_value    |     array    |
|capsule2_value_d0         | out |   32|  ap_memory |     capsule2_value    |     array    |
|capsule2_value_q0         |  in |   32|  ap_memory |     capsule2_value    |     array    |
|capsule3_key_address0     | out |    5|  ap_memory |      capsule3_key     |     array    |
|capsule3_key_ce0          | out |    1|  ap_memory |      capsule3_key     |     array    |
|capsule3_key_we0          | out |    1|  ap_memory |      capsule3_key     |     array    |
|capsule3_key_d0           | out |   32|  ap_memory |      capsule3_key     |     array    |
|capsule3_value_address0   | out |    5|  ap_memory |     capsule3_value    |     array    |
|capsule3_value_ce0        | out |    1|  ap_memory |     capsule3_value    |     array    |
|capsule3_value_we0        | out |    1|  ap_memory |     capsule3_value    |     array    |
|capsule3_value_d0         | out |   32|  ap_memory |     capsule3_value    |     array    |
|capsule3_value_q0         |  in |   32|  ap_memory |     capsule3_value    |     array    |
|llopparams_currentLOP     |  in |   32|   ap_none  | llopparams_currentLOP |    scalar    |
|llopparams_upperlimit     |  in |   32|   ap_none  | llopparams_upperlimit |    scalar    |
|travstate_i_kvs           |  in |   32|   ap_none  |    travstate_i_kvs    |    scalar    |
|travstate_end_kvs         |  in |   30|   ap_none  |   travstate_end_kvs   |    scalar    |
+--------------------------+-----+-----+------------+-----------------------+--------------+

