

================================================================
== Vivado HLS Report for 'readkeyvalues0_2'
================================================================
* Date:           Mon Jul 27 23:31:30 2020

* Version:        2019.1.3 (Build 2642998 on Wed Sep 04 10:25:22 MDT 2019)
* Project:        actsofagraph
* Solution:       solution1
* Product family: virtexuplus
* Target device:  xcvu9p-fsgd2104-2-i


================================================================
== Performance Estimates
================================================================
+ Timing (ns): 
    * Summary: 
    +--------+-------+----------+------------+
    |  Clock | Target| Estimated| Uncertainty|
    +--------+-------+----------+------------+
    |ap_clk  |  10.00|     8.750|        1.25|
    +--------+-------+----------+------------+

+ Latency (clock cycles): 
    * Summary: 
    +-----+------+-----+------+---------+
    |   Latency  |  Interval  | Pipeline|
    | min |  max | min |  max |   Type  |
    +-----+------+-----+------+---------+
    |    1|  2096|    1|  2096|   none  |
    +-----+------+-----+------+---------+

    + Detail: 
        * Instance: 
        +------------------------------+--------------------+-----+-----+-----+-----+---------+
        |                              |                    |  Latency  |  Interval | Pipeline|
        |           Instance           |       Module       | min | max | min | max |   Type  |
        +------------------------------+--------------------+-----+-----+-----+-----+---------+
        |grp_readkeyvalues0_166_fu_94  |readkeyvalues0_166  |    9|  522|    9|  522|   none  |
        +------------------------------+--------------------+-----+-----+-----+-----+---------+

        * Loop: 
        N/A



================================================================
== Utilization Estimates
================================================================
* Summary: 
+---------------------+---------+-------+---------+---------+-----+
|         Name        | BRAM_18K| DSP48E|    FF   |   LUT   | URAM|
+---------------------+---------+-------+---------+---------+-----+
|DSP                  |        -|      -|        -|        -|    -|
|Expression           |        -|      -|        0|      710|    -|
|FIFO                 |        -|      -|        -|        -|    -|
|Instance             |        -|      -|      656|      229|    -|
|Memory               |        -|      -|        -|        -|    -|
|Multiplexer          |        -|      -|        -|      191|    -|
|Register             |        -|      -|      297|        -|    -|
+---------------------+---------+-------+---------+---------+-----+
|Total                |        0|      0|      953|     1130|    0|
+---------------------+---------+-------+---------+---------+-----+
|Available SLR        |     1440|   2280|   788160|   394080|  320|
+---------------------+---------+-------+---------+---------+-----+
|Utilization SLR (%)  |        0|      0|    ~0   |    ~0   |    0|
+---------------------+---------+-------+---------+---------+-----+
|Available            |     4320|   6840|  2364480|  1182240|  960|
+---------------------+---------+-------+---------+---------+-----+
|Utilization (%)      |        0|      0|    ~0   |    ~0   |    0|
+---------------------+---------+-------+---------+---------+-----+

+ Detail: 
    * Instance: 
    +------------------------------+--------------------+---------+-------+-----+-----+-----+
    |           Instance           |       Module       | BRAM_18K| DSP48E|  FF | LUT | URAM|
    +------------------------------+--------------------+---------+-------+-----+-----+-----+
    |grp_readkeyvalues0_166_fu_94  |readkeyvalues0_166  |        0|      0|  656|  229|    0|
    +------------------------------+--------------------+---------+-------+-----+-----+-----+
    |Total                         |                    |        0|      0|  656|  229|    0|
    +------------------------------+--------------------+---------+-------+-----+-----+-----+

    * DSP48E: 
    N/A

    * Memory: 
    N/A

    * FIFO: 
    N/A

    * Expression: 
    +---------------------------------+----------+-------+---+----+------------+------------+
    |          Variable Name          | Operation| DSP48E| FF| LUT| Bitwidth P0| Bitwidth P1|
    +---------------------------------+----------+-------+---+----+------------+------------+
    |add_ln1234_fu_213_p2             |     +    |      0|  0|  32|          32|          12|
    |add_ln1437_fu_244_p2             |     +    |      0|  0|  32|          32|          10|
    |add_ln1438_fu_249_p2             |     +    |      0|  0|  32|          32|          11|
    |add_ln1439_fu_254_p2             |     +    |      0|  0|  32|          32|          11|
    |i_4_fu_153_p2                    |     +    |      0|  0|  32|          32|          11|
    |i_5_fu_182_p2                    |     +    |      0|  0|  32|          32|          11|
    |i_fu_119_p2                      |     +    |      0|  0|  32|          32|          10|
    |chunk0_size_fu_131_p2            |     -    |      0|  0|  32|          32|          32|
    |chunk1_size_fu_163_p2            |     -    |      0|  0|  32|          32|          32|
    |chunk2_size_fu_192_p2            |     -    |      0|  0|  32|          32|          32|
    |chunk3_size_fu_223_p2            |     -    |      0|  0|  32|          32|          32|
    |ap_block_state9_on_subcall_done  |    and   |      0|  0|   2|           1|           1|
    |icmp_ln1233_fu_113_p2            |   icmp   |      0|  0|  20|          32|          32|
    |icmp_ln1234_4_fu_158_p2          |   icmp   |      0|  0|  20|          32|          32|
    |icmp_ln1234_5_fu_187_p2          |   icmp   |      0|  0|  20|          32|          32|
    |icmp_ln1234_6_fu_218_p2          |   icmp   |      0|  0|  20|          32|          32|
    |icmp_ln1234_fu_125_p2            |   icmp   |      0|  0|  20|          32|          32|
    |select_ln1233_4_fu_175_p3        |  select  |      0|  0|  32|           1|           1|
    |select_ln1233_5_fu_205_p3        |  select  |      0|  0|  32|           1|           1|
    |select_ln1233_6_fu_236_p3        |  select  |      0|  0|  32|           1|           1|
    |select_ln1233_fu_145_p3          |  select  |      0|  0|  32|           1|           1|
    |select_ln1234_4_fu_167_p3        |  select  |      0|  0|  32|           1|          32|
    |select_ln1234_5_fu_197_p3        |  select  |      0|  0|  32|           1|          32|
    |select_ln1234_6_fu_228_p3        |  select  |      0|  0|  32|           1|          32|
    |select_ln1234_fu_137_p3          |  select  |      0|  0|  32|           1|          32|
    +---------------------------------+----------+-------+---+----+------------+------------+
    |Total                            |          |      0|  0| 710|         521|         497|
    +---------------------------------+----------+-------+---+----+------------+------------+

    * Multiplexer: 
    +-----------------------------------------+----+-----------+-----+-----------+
    |                   Name                  | LUT| Input Size| Bits| Total Bits|
    +-----------------------------------------+----+-----------+-----+-----------+
    |ap_NS_fsm                                |  47|         10|    1|         10|
    |buffer0_V_ce0                            |   9|          2|    1|          2|
    |buffer0_V_we0                            |   9|          2|    1|          2|
    |buffer1_V_ce0                            |   9|          2|    1|          2|
    |buffer1_V_we0                            |   9|          2|    1|          2|
    |buffer2_V_ce0                            |   9|          2|    1|          2|
    |buffer2_V_we0                            |   9|          2|    1|          2|
    |buffer3_V_ce0                            |   9|          2|    1|          2|
    |buffer3_V_we0                            |   9|          2|    1|          2|
    |grp_readkeyvalues0_166_fu_94_offset_kvs  |  27|          5|   32|        160|
    |grp_readkeyvalues0_166_fu_94_size_kvs    |  27|          5|   32|        160|
    |m_axi_kvdram_V_ARVALID                   |   9|          2|    1|          2|
    |m_axi_kvdram_V_RREADY                    |   9|          2|    1|          2|
    +-----------------------------------------+----+-----------+-----+-----------+
    |Total                                    | 191|         40|   75|        350|
    +-----------------------------------------+----+-----------+-----+-----------+

    * Register: 
    +-------------------------------------------+----+----+-----+-----------+
    |                    Name                   | FF | LUT| Bits| Const Bits|
    +-------------------------------------------+----+----+-----+-----------+
    |add_ln1437_reg_328                         |  32|   0|   32|          0|
    |add_ln1438_reg_333                         |  32|   0|   32|          0|
    |add_ln1439_reg_338                         |  32|   0|   32|          0|
    |ap_CS_fsm                                  |   9|   0|    9|          0|
    |grp_readkeyvalues0_166_fu_94_ap_start_reg  |   1|   0|    1|          0|
    |i_reg_298                                  |  32|   0|   32|          0|
    |icmp_ln1234_reg_303                        |   1|   0|    1|          0|
    |select_ln1233_4_reg_313                    |  32|   0|   32|          0|
    |select_ln1233_5_reg_318                    |  32|   0|   32|          0|
    |select_ln1233_6_reg_323                    |  32|   0|   32|          0|
    |select_ln1233_reg_308                      |  32|   0|   32|          0|
    |travstate_end_kvs_ca_reg_288               |  30|   0|   32|          2|
    +-------------------------------------------+----+----+-----+-----------+
    |Total                                      | 297|   0|  299|          2|
    +-------------------------------------------+----+----+-----+-----------+



================================================================
== Interface
================================================================
* Summary: 
+-------------------------+-----+-----+------------+-------------------+--------------+
|        RTL Ports        | Dir | Bits|  Protocol  |   Source Object   |    C Type    |
+-------------------------+-----+-----+------------+-------------------+--------------+
|ap_clk                   |  in |    1| ap_ctrl_hs |  readkeyvalues0.2 | return value |
|ap_rst                   |  in |    1| ap_ctrl_hs |  readkeyvalues0.2 | return value |
|ap_start                 |  in |    1| ap_ctrl_hs |  readkeyvalues0.2 | return value |
|ap_done                  | out |    1| ap_ctrl_hs |  readkeyvalues0.2 | return value |
|ap_idle                  | out |    1| ap_ctrl_hs |  readkeyvalues0.2 | return value |
|ap_ready                 | out |    1| ap_ctrl_hs |  readkeyvalues0.2 | return value |
|enable                   |  in |    1|   ap_none  |       enable      |    scalar    |
|m_axi_kvdram_V_AWVALID   | out |    1|    m_axi   |      kvdram_V     |    pointer   |
|m_axi_kvdram_V_AWREADY   |  in |    1|    m_axi   |      kvdram_V     |    pointer   |
|m_axi_kvdram_V_AWADDR    | out |   32|    m_axi   |      kvdram_V     |    pointer   |
|m_axi_kvdram_V_AWID      | out |    1|    m_axi   |      kvdram_V     |    pointer   |
|m_axi_kvdram_V_AWLEN     | out |   32|    m_axi   |      kvdram_V     |    pointer   |
|m_axi_kvdram_V_AWSIZE    | out |    3|    m_axi   |      kvdram_V     |    pointer   |
|m_axi_kvdram_V_AWBURST   | out |    2|    m_axi   |      kvdram_V     |    pointer   |
|m_axi_kvdram_V_AWLOCK    | out |    2|    m_axi   |      kvdram_V     |    pointer   |
|m_axi_kvdram_V_AWCACHE   | out |    4|    m_axi   |      kvdram_V     |    pointer   |
|m_axi_kvdram_V_AWPROT    | out |    3|    m_axi   |      kvdram_V     |    pointer   |
|m_axi_kvdram_V_AWQOS     | out |    4|    m_axi   |      kvdram_V     |    pointer   |
|m_axi_kvdram_V_AWREGION  | out |    4|    m_axi   |      kvdram_V     |    pointer   |
|m_axi_kvdram_V_AWUSER    | out |    1|    m_axi   |      kvdram_V     |    pointer   |
|m_axi_kvdram_V_WVALID    | out |    1|    m_axi   |      kvdram_V     |    pointer   |
|m_axi_kvdram_V_WREADY    |  in |    1|    m_axi   |      kvdram_V     |    pointer   |
|m_axi_kvdram_V_WDATA     | out |  512|    m_axi   |      kvdram_V     |    pointer   |
|m_axi_kvdram_V_WSTRB     | out |   64|    m_axi   |      kvdram_V     |    pointer   |
|m_axi_kvdram_V_WLAST     | out |    1|    m_axi   |      kvdram_V     |    pointer   |
|m_axi_kvdram_V_WID       | out |    1|    m_axi   |      kvdram_V     |    pointer   |
|m_axi_kvdram_V_WUSER     | out |    1|    m_axi   |      kvdram_V     |    pointer   |
|m_axi_kvdram_V_ARVALID   | out |    1|    m_axi   |      kvdram_V     |    pointer   |
|m_axi_kvdram_V_ARREADY   |  in |    1|    m_axi   |      kvdram_V     |    pointer   |
|m_axi_kvdram_V_ARADDR    | out |   32|    m_axi   |      kvdram_V     |    pointer   |
|m_axi_kvdram_V_ARID      | out |    1|    m_axi   |      kvdram_V     |    pointer   |
|m_axi_kvdram_V_ARLEN     | out |   32|    m_axi   |      kvdram_V     |    pointer   |
|m_axi_kvdram_V_ARSIZE    | out |    3|    m_axi   |      kvdram_V     |    pointer   |
|m_axi_kvdram_V_ARBURST   | out |    2|    m_axi   |      kvdram_V     |    pointer   |
|m_axi_kvdram_V_ARLOCK    | out |    2|    m_axi   |      kvdram_V     |    pointer   |
|m_axi_kvdram_V_ARCACHE   | out |    4|    m_axi   |      kvdram_V     |    pointer   |
|m_axi_kvdram_V_ARPROT    | out |    3|    m_axi   |      kvdram_V     |    pointer   |
|m_axi_kvdram_V_ARQOS     | out |    4|    m_axi   |      kvdram_V     |    pointer   |
|m_axi_kvdram_V_ARREGION  | out |    4|    m_axi   |      kvdram_V     |    pointer   |
|m_axi_kvdram_V_ARUSER    | out |    1|    m_axi   |      kvdram_V     |    pointer   |
|m_axi_kvdram_V_RVALID    |  in |    1|    m_axi   |      kvdram_V     |    pointer   |
|m_axi_kvdram_V_RREADY    | out |    1|    m_axi   |      kvdram_V     |    pointer   |
|m_axi_kvdram_V_RDATA     |  in |  512|    m_axi   |      kvdram_V     |    pointer   |
|m_axi_kvdram_V_RLAST     |  in |    1|    m_axi   |      kvdram_V     |    pointer   |
|m_axi_kvdram_V_RID       |  in |    1|    m_axi   |      kvdram_V     |    pointer   |
|m_axi_kvdram_V_RUSER     |  in |    1|    m_axi   |      kvdram_V     |    pointer   |
|m_axi_kvdram_V_RRESP     |  in |    2|    m_axi   |      kvdram_V     |    pointer   |
|m_axi_kvdram_V_BVALID    |  in |    1|    m_axi   |      kvdram_V     |    pointer   |
|m_axi_kvdram_V_BREADY    | out |    1|    m_axi   |      kvdram_V     |    pointer   |
|m_axi_kvdram_V_BRESP     |  in |    2|    m_axi   |      kvdram_V     |    pointer   |
|m_axi_kvdram_V_BID       |  in |    1|    m_axi   |      kvdram_V     |    pointer   |
|m_axi_kvdram_V_BUSER     |  in |    1|    m_axi   |      kvdram_V     |    pointer   |
|kvdram_V_offset          |  in |   26|   ap_none  |  kvdram_V_offset  |    scalar    |
|buffer0_V_address0       | out |    9|  ap_memory |     buffer0_V     |     array    |
|buffer0_V_ce0            | out |    1|  ap_memory |     buffer0_V     |     array    |
|buffer0_V_we0            | out |    1|  ap_memory |     buffer0_V     |     array    |
|buffer0_V_d0             | out |  512|  ap_memory |     buffer0_V     |     array    |
|buffer1_V_address0       | out |    9|  ap_memory |     buffer1_V     |     array    |
|buffer1_V_ce0            | out |    1|  ap_memory |     buffer1_V     |     array    |
|buffer1_V_we0            | out |    1|  ap_memory |     buffer1_V     |     array    |
|buffer1_V_d0             | out |  512|  ap_memory |     buffer1_V     |     array    |
|buffer2_V_address0       | out |    9|  ap_memory |     buffer2_V     |     array    |
|buffer2_V_ce0            | out |    1|  ap_memory |     buffer2_V     |     array    |
|buffer2_V_we0            | out |    1|  ap_memory |     buffer2_V     |     array    |
|buffer2_V_d0             | out |  512|  ap_memory |     buffer2_V     |     array    |
|buffer3_V_address0       | out |    9|  ap_memory |     buffer3_V     |     array    |
|buffer3_V_ce0            | out |    1|  ap_memory |     buffer3_V     |     array    |
|buffer3_V_we0            | out |    1|  ap_memory |     buffer3_V     |     array    |
|buffer3_V_d0             | out |  512|  ap_memory |     buffer3_V     |     array    |
|baseaddress              |  in |   25|   ap_none  |    baseaddress    |    scalar    |
|offset_kvs               |  in |   32|   ap_none  |     offset_kvs    |    scalar    |
|travstate_i_kvs          |  in |   32|   ap_none  |  travstate_i_kvs  |    scalar    |
|travstate_end_kvs        |  in |   30|   ap_none  | travstate_end_kvs |    scalar    |
+-------------------------+-----+-----+------------+-------------------+--------------+

