

================================================================
== Vivado HLS Report for 'readkeyvalues0_166'
================================================================
* Date:           Mon Jul 27 23:31:30 2020

* Version:        2019.1.3 (Build 2642998 on Wed Sep 04 10:25:22 MDT 2019)
* Project:        actsofagraph
* Solution:       solution1
* Product family: virtexuplus
* Target device:  xcvu9p-fsgd2104-2-i


================================================================
== Performance Estimates
================================================================
+ Timing (ns): 
    * Summary: 
    +--------+-------+----------+------------+
    |  Clock | Target| Estimated| Uncertainty|
    +--------+-------+----------+------------+
    |ap_clk  |  10.00|     8.750|        1.25|
    +--------+-------+----------+------------+

+ Latency (clock cycles): 
    * Summary: 
    +-----+-----+-----+-----+---------+
    |  Latency  |  Interval | Pipeline|
    | min | max | min | max |   Type  |
    +-----+-----+-----+-----+---------+
    |    9|  522|    9|  522|   none  |
    +-----+-----+-----+-----+---------+

    + Detail: 
        * Instance: 
        N/A

        * Loop: 
        +----------------------+-----+-----+----------+-----------+-----------+---------+----------+
        |                      |  Latency  | Iteration|  Initiation Interval  |   Trip  |          |
        |       Loop Name      | min | max |  Latency |  achieved |   target  |  Count  | Pipelined|
        +----------------------+-----+-----+----------+-----------+-----------+---------+----------+
        |- READKEYVALUES_LOOP  |    0|  513|         3|          1|          1| 0 ~ 512 |    yes   |
        +----------------------+-----+-----+----------+-----------+-----------+---------+----------+



================================================================
== Utilization Estimates
================================================================
* Summary: 
+---------------------+---------+-------+---------+---------+-----+
|         Name        | BRAM_18K| DSP48E|    FF   |   LUT   | URAM|
+---------------------+---------+-------+---------+---------+-----+
|DSP                  |        -|      -|        -|        -|    -|
|Expression           |        -|      -|        0|      125|    -|
|FIFO                 |        -|      -|        -|        -|    -|
|Instance             |        -|      -|        -|        -|    -|
|Memory               |        -|      -|        -|        -|    -|
|Multiplexer          |        -|      -|        -|      104|    -|
|Register             |        -|      -|      656|        -|    -|
+---------------------+---------+-------+---------+---------+-----+
|Total                |        0|      0|      656|      229|    0|
+---------------------+---------+-------+---------+---------+-----+
|Available SLR        |     1440|   2280|   788160|   394080|  320|
+---------------------+---------+-------+---------+---------+-----+
|Utilization SLR (%)  |        0|      0|    ~0   |    ~0   |    0|
+---------------------+---------+-------+---------+---------+-----+
|Available            |     4320|   6840|  2364480|  1182240|  960|
+---------------------+---------+-------+---------+---------+-----+
|Utilization (%)      |        0|      0|    ~0   |    ~0   |    0|
+---------------------+---------+-------+---------+---------+-----+

+ Detail: 
    * Instance: 
    N/A

    * DSP48E: 
    N/A

    * Memory: 
    N/A

    * FIFO: 
    N/A

    * Expression: 
    +-----------------------------------+----------+-------+---+----+------------+------------+
    |           Variable Name           | Operation| DSP48E| FF| LUT| Bitwidth P0| Bitwidth P1|
    +-----------------------------------+----------+-------+---+----+------------+------------+
    |add_ln1279_fu_121_p2               |     +    |      0|  0|  32|          32|          32|
    |add_ln321_fu_135_p2                |     +    |      0|  0|  33|          33|          33|
    |i_fu_156_p2                        |     +    |      0|  0|  32|          32|           1|
    |ap_block_pp0_stage0_11001          |    and   |      0|  0|   2|           1|           1|
    |ap_block_state10_pp0_stage0_iter1  |    and   |      0|  0|   2|           1|           1|
    |icmp_ln1276_fu_151_p2              |   icmp   |      0|  0|  20|          32|          32|
    |ap_enable_pp0                      |    xor   |      0|  0|   2|           1|           2|
    |ap_enable_reg_pp0_iter1            |    xor   |      0|  0|   2|           2|           1|
    +-----------------------------------+----------+-------+---+----+------------+------------+
    |Total                              |          |      0|  0| 125|         134|         103|
    +-----------------------------------+----------+-------+---+----+------------+------------+

    * Multiplexer: 
    +------------------------------+----+-----------+-----+-----------+
    |             Name             | LUT| Input Size| Bits| Total Bits|
    +------------------------------+----+-----------+-----+-----------+
    |ap_NS_fsm                     |  50|         11|    1|         11|
    |ap_enable_reg_pp0_iter1       |   9|          2|    1|          2|
    |ap_enable_reg_pp0_iter2       |   9|          2|    1|          2|
    |ap_phi_mux_i_0_phi_fu_109_p4  |   9|          2|   32|         64|
    |i_0_reg_105                   |   9|          2|   32|         64|
    |kvdram_V_blk_n_AR             |   9|          2|    1|          2|
    |kvdram_V_blk_n_R              |   9|          2|    1|          2|
    +------------------------------+----+-----------+-----+-----------+
    |Total                         | 104|         23|   69|        147|
    +------------------------------+----+-----------+-----+-----------+

    * Register: 
    +-----------------------------------+-----+----+-----+-----------+
    |                Name               |  FF | LUT| Bits| Const Bits|
    +-----------------------------------+-----+----+-----+-----------+
    |add_ln321_reg_167                  |   33|   0|   33|          0|
    |ap_CS_fsm                          |   10|   0|   10|          0|
    |ap_enable_reg_pp0_iter0            |    1|   0|    1|          0|
    |ap_enable_reg_pp0_iter1            |    1|   0|    1|          0|
    |ap_enable_reg_pp0_iter2            |    1|   0|    1|          0|
    |i_0_reg_105                        |   32|   0|   32|          0|
    |i_0_reg_105_pp0_iter1_reg          |   32|   0|   32|          0|
    |i_reg_188                          |   32|   0|   32|          0|
    |icmp_ln1276_reg_184                |    1|   0|    1|          0|
    |icmp_ln1276_reg_184_pp0_iter1_reg  |    1|   0|    1|          0|
    |kvdram_V_addr_read_reg_193         |  512|   0|  512|          0|
    +-----------------------------------+-----+----+-----+-----------+
    |Total                              |  656|   0|  656|          0|
    +-----------------------------------+-----+----+-----+-----------+



================================================================
== Interface
================================================================
* Summary: 
+-------------------------+-----+-----+------------+--------------------+--------------+
|        RTL Ports        | Dir | Bits|  Protocol  |    Source Object   |    C Type    |
+-------------------------+-----+-----+------------+--------------------+--------------+
|ap_clk                   |  in |    1| ap_ctrl_hs | readkeyvalues0.166 | return value |
|ap_rst                   |  in |    1| ap_ctrl_hs | readkeyvalues0.166 | return value |
|ap_start                 |  in |    1| ap_ctrl_hs | readkeyvalues0.166 | return value |
|ap_done                  | out |    1| ap_ctrl_hs | readkeyvalues0.166 | return value |
|ap_idle                  | out |    1| ap_ctrl_hs | readkeyvalues0.166 | return value |
|ap_ready                 | out |    1| ap_ctrl_hs | readkeyvalues0.166 | return value |
|m_axi_kvdram_V_AWVALID   | out |    1|    m_axi   |      kvdram_V      |    pointer   |
|m_axi_kvdram_V_AWREADY   |  in |    1|    m_axi   |      kvdram_V      |    pointer   |
|m_axi_kvdram_V_AWADDR    | out |   32|    m_axi   |      kvdram_V      |    pointer   |
|m_axi_kvdram_V_AWID      | out |    1|    m_axi   |      kvdram_V      |    pointer   |
|m_axi_kvdram_V_AWLEN     | out |   32|    m_axi   |      kvdram_V      |    pointer   |
|m_axi_kvdram_V_AWSIZE    | out |    3|    m_axi   |      kvdram_V      |    pointer   |
|m_axi_kvdram_V_AWBURST   | out |    2|    m_axi   |      kvdram_V      |    pointer   |
|m_axi_kvdram_V_AWLOCK    | out |    2|    m_axi   |      kvdram_V      |    pointer   |
|m_axi_kvdram_V_AWCACHE   | out |    4|    m_axi   |      kvdram_V      |    pointer   |
|m_axi_kvdram_V_AWPROT    | out |    3|    m_axi   |      kvdram_V      |    pointer   |
|m_axi_kvdram_V_AWQOS     | out |    4|    m_axi   |      kvdram_V      |    pointer   |
|m_axi_kvdram_V_AWREGION  | out |    4|    m_axi   |      kvdram_V      |    pointer   |
|m_axi_kvdram_V_AWUSER    | out |    1|    m_axi   |      kvdram_V      |    pointer   |
|m_axi_kvdram_V_WVALID    | out |    1|    m_axi   |      kvdram_V      |    pointer   |
|m_axi_kvdram_V_WREADY    |  in |    1|    m_axi   |      kvdram_V      |    pointer   |
|m_axi_kvdram_V_WDATA     | out |  512|    m_axi   |      kvdram_V      |    pointer   |
|m_axi_kvdram_V_WSTRB     | out |   64|    m_axi   |      kvdram_V      |    pointer   |
|m_axi_kvdram_V_WLAST     | out |    1|    m_axi   |      kvdram_V      |    pointer   |
|m_axi_kvdram_V_WID       | out |    1|    m_axi   |      kvdram_V      |    pointer   |
|m_axi_kvdram_V_WUSER     | out |    1|    m_axi   |      kvdram_V      |    pointer   |
|m_axi_kvdram_V_ARVALID   | out |    1|    m_axi   |      kvdram_V      |    pointer   |
|m_axi_kvdram_V_ARREADY   |  in |    1|    m_axi   |      kvdram_V      |    pointer   |
|m_axi_kvdram_V_ARADDR    | out |   32|    m_axi   |      kvdram_V      |    pointer   |
|m_axi_kvdram_V_ARID      | out |    1|    m_axi   |      kvdram_V      |    pointer   |
|m_axi_kvdram_V_ARLEN     | out |   32|    m_axi   |      kvdram_V      |    pointer   |
|m_axi_kvdram_V_ARSIZE    | out |    3|    m_axi   |      kvdram_V      |    pointer   |
|m_axi_kvdram_V_ARBURST   | out |    2|    m_axi   |      kvdram_V      |    pointer   |
|m_axi_kvdram_V_ARLOCK    | out |    2|    m_axi   |      kvdram_V      |    pointer   |
|m_axi_kvdram_V_ARCACHE   | out |    4|    m_axi   |      kvdram_V      |    pointer   |
|m_axi_kvdram_V_ARPROT    | out |    3|    m_axi   |      kvdram_V      |    pointer   |
|m_axi_kvdram_V_ARQOS     | out |    4|    m_axi   |      kvdram_V      |    pointer   |
|m_axi_kvdram_V_ARREGION  | out |    4|    m_axi   |      kvdram_V      |    pointer   |
|m_axi_kvdram_V_ARUSER    | out |    1|    m_axi   |      kvdram_V      |    pointer   |
|m_axi_kvdram_V_RVALID    |  in |    1|    m_axi   |      kvdram_V      |    pointer   |
|m_axi_kvdram_V_RREADY    | out |    1|    m_axi   |      kvdram_V      |    pointer   |
|m_axi_kvdram_V_RDATA     |  in |  512|    m_axi   |      kvdram_V      |    pointer   |
|m_axi_kvdram_V_RLAST     |  in |    1|    m_axi   |      kvdram_V      |    pointer   |
|m_axi_kvdram_V_RID       |  in |    1|    m_axi   |      kvdram_V      |    pointer   |
|m_axi_kvdram_V_RUSER     |  in |    1|    m_axi   |      kvdram_V      |    pointer   |
|m_axi_kvdram_V_RRESP     |  in |    2|    m_axi   |      kvdram_V      |    pointer   |
|m_axi_kvdram_V_BVALID    |  in |    1|    m_axi   |      kvdram_V      |    pointer   |
|m_axi_kvdram_V_BREADY    | out |    1|    m_axi   |      kvdram_V      |    pointer   |
|m_axi_kvdram_V_BRESP     |  in |    2|    m_axi   |      kvdram_V      |    pointer   |
|m_axi_kvdram_V_BID       |  in |    1|    m_axi   |      kvdram_V      |    pointer   |
|m_axi_kvdram_V_BUSER     |  in |    1|    m_axi   |      kvdram_V      |    pointer   |
|kvdram_V_offset          |  in |   26|   ap_none  |   kvdram_V_offset  |    scalar    |
|buffer_V_address0        | out |    9|  ap_memory |      buffer_V      |     array    |
|buffer_V_ce0             | out |    1|  ap_memory |      buffer_V      |     array    |
|buffer_V_we0             | out |    1|  ap_memory |      buffer_V      |     array    |
|buffer_V_d0              | out |  512|  ap_memory |      buffer_V      |     array    |
|baseaddress              |  in |   25|   ap_none  |     baseaddress    |    scalar    |
|offset_kvs               |  in |   32|   ap_none  |     offset_kvs     |    scalar    |
|size_kvs                 |  in |   32|   ap_none  |      size_kvs      |    scalar    |
+-------------------------+-----+-----+------------+--------------------+--------------+

