

================================================================
== Vivado HLS Report for 'readkeyvalues0_3'
================================================================
* Date:           Mon Jul 27 23:31:39 2020

* Version:        2019.1.3 (Build 2642998 on Wed Sep 04 10:25:22 MDT 2019)
* Project:        actsofagraph
* Solution:       solution1
* Product family: virtexuplus
* Target device:  xcvu9p-fsgd2104-2-i


================================================================
== Performance Estimates
================================================================
+ Timing (ns): 
    * Summary: 
    +--------+-------+----------+------------+
    |  Clock | Target| Estimated| Uncertainty|
    +--------+-------+----------+------------+
    |ap_clk  |  10.00|     8.750|        1.25|
    +--------+-------+----------+------------+

+ Latency (clock cycles): 
    * Summary: 
    +-----+------+-----+------+---------+
    |   Latency  |  Interval  | Pipeline|
    | min |  max | min |  max |   Type  |
    +-----+------+-----+------+---------+
    |   44|  2096|   44|  2096|   none  |
    +-----+------+-----+------+---------+

    + Detail: 
        * Instance: 
        +-------------------------------+--------------------+-----+-----+-----+-----+---------+
        |                               |                    |  Latency  |  Interval | Pipeline|
        |            Instance           |       Module       | min | max | min | max |   Type  |
        +-------------------------------+--------------------+-----+-----+-----+-----+---------+
        |grp_readkeyvalues0_166_fu_136  |readkeyvalues0_166  |    9|  522|    9|  522|   none  |
        +-------------------------------+--------------------+-----+-----+-----+-----+---------+

        * Loop: 
        N/A



================================================================
== Utilization Estimates
================================================================
* Summary: 
+---------------------+---------+-------+---------+---------+-----+
|         Name        | BRAM_18K| DSP48E|    FF   |   LUT   | URAM|
+---------------------+---------+-------+---------+---------+-----+
|DSP                  |        -|      -|        -|        -|    -|
|Expression           |        -|      -|        0|      892|    -|
|FIFO                 |        -|      -|        -|        -|    -|
|Instance             |        -|      -|      656|      229|    -|
|Memory               |        -|      -|        -|        -|    -|
|Multiplexer          |        -|      -|        -|      191|    -|
|Register             |        -|      -|      298|        -|    -|
+---------------------+---------+-------+---------+---------+-----+
|Total                |        0|      0|      954|     1312|    0|
+---------------------+---------+-------+---------+---------+-----+
|Available SLR        |     1440|   2280|   788160|   394080|  320|
+---------------------+---------+-------+---------+---------+-----+
|Utilization SLR (%)  |        0|      0|    ~0   |    ~0   |    0|
+---------------------+---------+-------+---------+---------+-----+
|Available            |     4320|   6840|  2364480|  1182240|  960|
+---------------------+---------+-------+---------+---------+-----+
|Utilization (%)      |        0|      0|    ~0   |    ~0   |    0|
+---------------------+---------+-------+---------+---------+-----+

+ Detail: 
    * Instance: 
    +-------------------------------+--------------------+---------+-------+-----+-----+-----+
    |            Instance           |       Module       | BRAM_18K| DSP48E|  FF | LUT | URAM|
    +-------------------------------+--------------------+---------+-------+-----+-----+-----+
    |grp_readkeyvalues0_166_fu_136  |readkeyvalues0_166  |        0|      0|  656|  229|    0|
    +-------------------------------+--------------------+---------+-------+-----+-----+-----+
    |Total                          |                    |        0|      0|  656|  229|    0|
    +-------------------------------+--------------------+---------+-------+-----+-----+-----+

    * DSP48E: 
    N/A

    * Memory: 
    N/A

    * FIFO: 
    N/A

    * Expression: 
    +---------------------------+----------+-------+---+----+------------+------------+
    |       Variable Name       | Operation| DSP48E| FF| LUT| Bitwidth P0| Bitwidth P1|
    +---------------------------+----------+-------+---+----+------------+------------+
    |add_ln1234_fu_179_p2       |     +    |      0|  0|  32|          32|          10|
    |add_ln1447_fu_153_p2       |     +    |      0|  0|  32|          32|           3|
    |add_ln1452_fu_233_p2       |     +    |      0|  0|  32|          32|           3|
    |add_ln1457_fu_303_p2       |     +    |      0|  0|  32|          32|           3|
    |add_ln1462_fu_383_p2       |     +    |      0|  0|  32|          32|           3|
    |add_ln1474_fu_227_p2       |     +    |      0|  0|  32|          32|          32|
    |add_ln1475_fu_298_p2       |     +    |      0|  0|  32|          32|          32|
    |add_ln1476_1_fu_378_p2     |     +    |      0|  0|  32|          32|          32|
    |add_ln1476_fu_368_p2       |     +    |      0|  0|  30|          30|          11|
    |add_ln1477_1_fu_458_p2     |     +    |      0|  0|  32|          32|          32|
    |add_ln1477_fu_448_p2       |     +    |      0|  0|  30|          30|          11|
    |chunk0_size_fu_191_p2      |     -    |      0|  0|  32|          32|          32|
    |chunk1_size_fu_263_p2      |     -    |      0|  0|  32|          32|          32|
    |chunk2_size_fu_333_p2      |     -    |      0|  0|  32|          32|          32|
    |chunk3_size_fu_413_p2      |     -    |      0|  0|  32|          32|          32|
    |icmp_ln1233_1_fu_253_p2    |   icmp   |      0|  0|  20|          32|          32|
    |icmp_ln1233_2_fu_323_p2    |   icmp   |      0|  0|  20|          32|          32|
    |icmp_ln1233_3_fu_403_p2    |   icmp   |      0|  0|  20|          32|          32|
    |icmp_ln1233_fu_173_p2      |   icmp   |      0|  0|  20|          32|          32|
    |icmp_ln1234_1_fu_258_p2    |   icmp   |      0|  0|  20|          32|          32|
    |icmp_ln1234_2_fu_328_p2    |   icmp   |      0|  0|  20|          32|          32|
    |icmp_ln1234_3_fu_408_p2    |   icmp   |      0|  0|  20|          32|          32|
    |icmp_ln1234_fu_185_p2      |   icmp   |      0|  0|  20|          32|          32|
    |select_ln1233_1_fu_276_p3  |  select  |      0|  0|  32|           1|           1|
    |select_ln1233_2_fu_346_p3  |  select  |      0|  0|  32|           1|           1|
    |select_ln1233_3_fu_426_p3  |  select  |      0|  0|  32|           1|           1|
    |select_ln1233_fu_205_p3    |  select  |      0|  0|  32|           1|           1|
    |select_ln1234_1_fu_268_p3  |  select  |      0|  0|  32|           1|          32|
    |select_ln1234_2_fu_338_p3  |  select  |      0|  0|  32|           1|          32|
    |select_ln1234_3_fu_418_p3  |  select  |      0|  0|  32|           1|          32|
    |select_ln1234_fu_197_p3    |  select  |      0|  0|  32|           1|          32|
    +---------------------------+----------+-------+---+----+------------+------------+
    |Total                      |          |      0|  0| 892|         740|         688|
    +---------------------------+----------+-------+---+----+------------+------------+

    * Multiplexer: 
    +------------------------------------------+----+-----------+-----+-----------+
    |                   Name                   | LUT| Input Size| Bits| Total Bits|
    +------------------------------------------+----+-----------+-----+-----------+
    |ap_NS_fsm                                 |  47|         10|    1|         10|
    |buffer0_V_ce0                             |   9|          2|    1|          2|
    |buffer0_V_we0                             |   9|          2|    1|          2|
    |buffer1_V_ce0                             |   9|          2|    1|          2|
    |buffer1_V_we0                             |   9|          2|    1|          2|
    |buffer2_V_ce0                             |   9|          2|    1|          2|
    |buffer2_V_we0                             |   9|          2|    1|          2|
    |buffer3_V_ce0                             |   9|          2|    1|          2|
    |buffer3_V_we0                             |   9|          2|    1|          2|
    |grp_readkeyvalues0_166_fu_136_offset_kvs  |  27|          5|   32|        160|
    |grp_readkeyvalues0_166_fu_136_size_kvs    |  27|          5|   32|        160|
    |m_axi_kvdram_V_ARVALID                    |   9|          2|    1|          2|
    |m_axi_kvdram_V_RREADY                     |   9|          2|    1|          2|
    +------------------------------------------+----+-----------+-----+-----------+
    |Total                                     | 191|         40|   75|        350|
    +------------------------------------------+----+-----------+-----+-----------+

    * Register: 
    +--------------------------------------------+----+----+-----+-----------+
    |                    Name                    | FF | LUT| Bits| Const Bits|
    +--------------------------------------------+----+----+-----+-----------+
    |add_ln1234_reg_475                          |  32|   0|   32|          0|
    |add_ln1474_reg_488                          |  32|   0|   32|          0|
    |add_ln1475_reg_508                          |  32|   0|   32|          0|
    |add_ln1476_1_reg_518                        |  32|   0|   32|          0|
    |add_ln1477_1_reg_528                        |  32|   0|   32|          0|
    |ap_CS_fsm                                   |   9|   0|    9|          0|
    |grp_readkeyvalues0_166_fu_136_ap_start_reg  |   1|   0|    1|          0|
    |select_ln1233_1_reg_503                     |  32|   0|   32|          0|
    |select_ln1233_2_reg_513                     |  32|   0|   32|          0|
    |select_ln1233_3_reg_523                     |  32|   0|   32|          0|
    |select_ln1233_reg_483                       |  32|   0|   32|          0|
    +--------------------------------------------+----+----+-----+-----------+
    |Total                                       | 298|   0|  298|          0|
    +--------------------------------------------+----+----+-----+-----------+



================================================================
== Interface
================================================================
* Summary: 
+-------------------------+-----+-----+------------+---------------------+--------------+
|        RTL Ports        | Dir | Bits|  Protocol  |    Source Object    |    C Type    |
+-------------------------+-----+-----+------------+---------------------+--------------+
|ap_clk                   |  in |    1| ap_ctrl_hs |   readkeyvalues0.3  | return value |
|ap_rst                   |  in |    1| ap_ctrl_hs |   readkeyvalues0.3  | return value |
|ap_start                 |  in |    1| ap_ctrl_hs |   readkeyvalues0.3  | return value |
|ap_done                  | out |    1| ap_ctrl_hs |   readkeyvalues0.3  | return value |
|ap_idle                  | out |    1| ap_ctrl_hs |   readkeyvalues0.3  | return value |
|ap_ready                 | out |    1| ap_ctrl_hs |   readkeyvalues0.3  | return value |
|m_axi_kvdram_V_AWVALID   | out |    1|    m_axi   |       kvdram_V      |    pointer   |
|m_axi_kvdram_V_AWREADY   |  in |    1|    m_axi   |       kvdram_V      |    pointer   |
|m_axi_kvdram_V_AWADDR    | out |   32|    m_axi   |       kvdram_V      |    pointer   |
|m_axi_kvdram_V_AWID      | out |    1|    m_axi   |       kvdram_V      |    pointer   |
|m_axi_kvdram_V_AWLEN     | out |   32|    m_axi   |       kvdram_V      |    pointer   |
|m_axi_kvdram_V_AWSIZE    | out |    3|    m_axi   |       kvdram_V      |    pointer   |
|m_axi_kvdram_V_AWBURST   | out |    2|    m_axi   |       kvdram_V      |    pointer   |
|m_axi_kvdram_V_AWLOCK    | out |    2|    m_axi   |       kvdram_V      |    pointer   |
|m_axi_kvdram_V_AWCACHE   | out |    4|    m_axi   |       kvdram_V      |    pointer   |
|m_axi_kvdram_V_AWPROT    | out |    3|    m_axi   |       kvdram_V      |    pointer   |
|m_axi_kvdram_V_AWQOS     | out |    4|    m_axi   |       kvdram_V      |    pointer   |
|m_axi_kvdram_V_AWREGION  | out |    4|    m_axi   |       kvdram_V      |    pointer   |
|m_axi_kvdram_V_AWUSER    | out |    1|    m_axi   |       kvdram_V      |    pointer   |
|m_axi_kvdram_V_WVALID    | out |    1|    m_axi   |       kvdram_V      |    pointer   |
|m_axi_kvdram_V_WREADY    |  in |    1|    m_axi   |       kvdram_V      |    pointer   |
|m_axi_kvdram_V_WDATA     | out |  512|    m_axi   |       kvdram_V      |    pointer   |
|m_axi_kvdram_V_WSTRB     | out |   64|    m_axi   |       kvdram_V      |    pointer   |
|m_axi_kvdram_V_WLAST     | out |    1|    m_axi   |       kvdram_V      |    pointer   |
|m_axi_kvdram_V_WID       | out |    1|    m_axi   |       kvdram_V      |    pointer   |
|m_axi_kvdram_V_WUSER     | out |    1|    m_axi   |       kvdram_V      |    pointer   |
|m_axi_kvdram_V_ARVALID   | out |    1|    m_axi   |       kvdram_V      |    pointer   |
|m_axi_kvdram_V_ARREADY   |  in |    1|    m_axi   |       kvdram_V      |    pointer   |
|m_axi_kvdram_V_ARADDR    | out |   32|    m_axi   |       kvdram_V      |    pointer   |
|m_axi_kvdram_V_ARID      | out |    1|    m_axi   |       kvdram_V      |    pointer   |
|m_axi_kvdram_V_ARLEN     | out |   32|    m_axi   |       kvdram_V      |    pointer   |
|m_axi_kvdram_V_ARSIZE    | out |    3|    m_axi   |       kvdram_V      |    pointer   |
|m_axi_kvdram_V_ARBURST   | out |    2|    m_axi   |       kvdram_V      |    pointer   |
|m_axi_kvdram_V_ARLOCK    | out |    2|    m_axi   |       kvdram_V      |    pointer   |
|m_axi_kvdram_V_ARCACHE   | out |    4|    m_axi   |       kvdram_V      |    pointer   |
|m_axi_kvdram_V_ARPROT    | out |    3|    m_axi   |       kvdram_V      |    pointer   |
|m_axi_kvdram_V_ARQOS     | out |    4|    m_axi   |       kvdram_V      |    pointer   |
|m_axi_kvdram_V_ARREGION  | out |    4|    m_axi   |       kvdram_V      |    pointer   |
|m_axi_kvdram_V_ARUSER    | out |    1|    m_axi   |       kvdram_V      |    pointer   |
|m_axi_kvdram_V_RVALID    |  in |    1|    m_axi   |       kvdram_V      |    pointer   |
|m_axi_kvdram_V_RREADY    | out |    1|    m_axi   |       kvdram_V      |    pointer   |
|m_axi_kvdram_V_RDATA     |  in |  512|    m_axi   |       kvdram_V      |    pointer   |
|m_axi_kvdram_V_RLAST     |  in |    1|    m_axi   |       kvdram_V      |    pointer   |
|m_axi_kvdram_V_RID       |  in |    1|    m_axi   |       kvdram_V      |    pointer   |
|m_axi_kvdram_V_RUSER     |  in |    1|    m_axi   |       kvdram_V      |    pointer   |
|m_axi_kvdram_V_RRESP     |  in |    2|    m_axi   |       kvdram_V      |    pointer   |
|m_axi_kvdram_V_BVALID    |  in |    1|    m_axi   |       kvdram_V      |    pointer   |
|m_axi_kvdram_V_BREADY    | out |    1|    m_axi   |       kvdram_V      |    pointer   |
|m_axi_kvdram_V_BRESP     |  in |    2|    m_axi   |       kvdram_V      |    pointer   |
|m_axi_kvdram_V_BID       |  in |    1|    m_axi   |       kvdram_V      |    pointer   |
|m_axi_kvdram_V_BUSER     |  in |    1|    m_axi   |       kvdram_V      |    pointer   |
|kvdram_V_offset          |  in |   26|   ap_none  |   kvdram_V_offset   |    scalar    |
|buffer0_V_address0       | out |    9|  ap_memory |      buffer0_V      |     array    |
|buffer0_V_ce0            | out |    1|  ap_memory |      buffer0_V      |     array    |
|buffer0_V_we0            | out |    1|  ap_memory |      buffer0_V      |     array    |
|buffer0_V_d0             | out |  512|  ap_memory |      buffer0_V      |     array    |
|buffer1_V_address0       | out |    9|  ap_memory |      buffer1_V      |     array    |
|buffer1_V_ce0            | out |    1|  ap_memory |      buffer1_V      |     array    |
|buffer1_V_we0            | out |    1|  ap_memory |      buffer1_V      |     array    |
|buffer1_V_d0             | out |  512|  ap_memory |      buffer1_V      |     array    |
|buffer2_V_address0       | out |    9|  ap_memory |      buffer2_V      |     array    |
|buffer2_V_ce0            | out |    1|  ap_memory |      buffer2_V      |     array    |
|buffer2_V_we0            | out |    1|  ap_memory |      buffer2_V      |     array    |
|buffer2_V_d0             | out |  512|  ap_memory |      buffer2_V      |     array    |
|buffer3_V_address0       | out |    9|  ap_memory |      buffer3_V      |     array    |
|buffer3_V_ce0            | out |    1|  ap_memory |      buffer3_V      |     array    |
|buffer3_V_we0            | out |    1|  ap_memory |      buffer3_V      |     array    |
|buffer3_V_d0             | out |  512|  ap_memory |      buffer3_V      |     array    |
|baseaddress              |  in |   25|   ap_none  |     baseaddress     |    scalar    |
|sourcestats_0_key_r      |  in |   32|   ap_none  | sourcestats_0_key_r |    scalar    |
|sourcestats_1_key_r      |  in |   32|   ap_none  | sourcestats_1_key_r |    scalar    |
|sourcestats_2_key_r      |  in |   32|   ap_none  | sourcestats_2_key_r |    scalar    |
|sourcestats_3_key_r      |  in |   32|   ap_none  | sourcestats_3_key_r |    scalar    |
|sourcestats_0_value      |  in |   32|   ap_none  | sourcestats_0_value |    scalar    |
|sourcestats_1_value      |  in |   32|   ap_none  | sourcestats_1_value |    scalar    |
|sourcestats_2_value      |  in |   32|   ap_none  | sourcestats_2_value |    scalar    |
|sourcestats_3_value      |  in |   32|   ap_none  | sourcestats_3_value |    scalar    |
|travstate_i_kvs          |  in |   32|   ap_none  |   travstate_i_kvs   |    scalar    |
+-------------------------+-----+-----+------------+---------------------+--------------+

