

================================================================
== Vivado HLS Report for 'reducepartitions0'
================================================================
* Date:           Mon Jul 27 23:31:40 2020

* Version:        2019.1.3 (Build 2642998 on Wed Sep 04 10:25:22 MDT 2019)
* Project:        actsofagraph
* Solution:       solution1
* Product family: virtexuplus
* Target device:  xcvu9p-fsgd2104-2-i


================================================================
== Performance Estimates
================================================================
+ Timing (ns): 
    * Summary: 
    +--------+-------+----------+------------+
    |  Clock | Target| Estimated| Uncertainty|
    +--------+-------+----------+------------+
    |ap_clk  |  10.00|     3.394|        1.25|
    +--------+-------+----------+------------+

+ Latency (clock cycles): 
    * Summary: 
    +-----+-----+-----+-----+---------+
    |  Latency  |  Interval | Pipeline|
    | min | max | min | max |   Type  |
    +-----+-----+-----+-----+---------+
    |    1|  929|    1|  929|   none  |
    +-----+-----+-----+-----+---------+

    + Detail: 
        * Instance: 
        N/A

        * Loop: 
        +----------------------+-----+-----+----------+-----------+-----------+------+----------+
        |                      |  Latency  | Iteration|  Initiation Interval  | Trip |          |
        |       Loop Name      | min | max |  Latency |  achieved |   target  | Count| Pipelined|
        +----------------------+-----+-----+----------+-----------+-----------+------+----------+
        |- REDUCE_MAINLOOP1A   |  928|  928|        29|          -|          -|    32|    no    |
        | + REDUCE_MAINLOOP1B  |    8|    8|         2|          1|          1|     8|    yes   |
        | + REDUCE_MAINLOOP1C  |   16|   16|         2|          2|          3|     8|    yes   |
        +----------------------+-----+-----+----------+-----------+-----------+------+----------+



================================================================
== Utilization Estimates
================================================================
* Summary: 
+---------------------+---------+-------+---------+---------+-----+
|         Name        | BRAM_18K| DSP48E|    FF   |   LUT   | URAM|
+---------------------+---------+-------+---------+---------+-----+
|DSP                  |        -|      -|        -|        -|    -|
|Expression           |        -|      -|        0|     3223|    -|
|FIFO                 |        -|      -|        -|        -|    -|
|Instance             |        -|      -|        0|     1088|    -|
|Memory               |        -|      -|        -|        -|    -|
|Multiplexer          |        -|      -|        -|      563|    -|
|Register             |        -|      -|    16807|        -|    -|
+---------------------+---------+-------+---------+---------+-----+
|Total                |        0|      0|    16807|     4874|    0|
+---------------------+---------+-------+---------+---------+-----+
|Available SLR        |     1440|   2280|   788160|   394080|  320|
+---------------------+---------+-------+---------+---------+-----+
|Utilization SLR (%)  |        0|      0|        2|        1|    0|
+---------------------+---------+-------+---------+---------+-----+
|Available            |     4320|   6840|  2364480|  1182240|  960|
+---------------------+---------+-------+---------+---------+-----+
|Utilization (%)      |        0|      0|    ~0   |    ~0   |    0|
+---------------------+---------+-------+---------+---------+-----+

+ Detail: 
    * Instance: 
    +------------------------------+-------------------------+---------+-------+---+----+-----+
    |           Instance           |          Module         | BRAM_18K| DSP48E| FF| LUT| URAM|
    +------------------------------+-------------------------+---------+-------+---+----+-----+
    |topkernel_mux_83_32_1_1_U228  |topkernel_mux_83_32_1_1  |        0|      0|  0|  17|    0|
    |topkernel_mux_83_32_1_1_U229  |topkernel_mux_83_32_1_1  |        0|      0|  0|  17|    0|
    |topkernel_mux_83_32_1_1_U230  |topkernel_mux_83_32_1_1  |        0|      0|  0|  17|    0|
    |topkernel_mux_83_32_1_1_U231  |topkernel_mux_83_32_1_1  |        0|      0|  0|  17|    0|
    |topkernel_mux_83_32_1_1_U232  |topkernel_mux_83_32_1_1  |        0|      0|  0|  17|    0|
    |topkernel_mux_83_32_1_1_U233  |topkernel_mux_83_32_1_1  |        0|      0|  0|  17|    0|
    |topkernel_mux_83_32_1_1_U234  |topkernel_mux_83_32_1_1  |        0|      0|  0|  17|    0|
    |topkernel_mux_83_32_1_1_U235  |topkernel_mux_83_32_1_1  |        0|      0|  0|  17|    0|
    |topkernel_mux_83_32_1_1_U236  |topkernel_mux_83_32_1_1  |        0|      0|  0|  17|    0|
    |topkernel_mux_83_32_1_1_U237  |topkernel_mux_83_32_1_1  |        0|      0|  0|  17|    0|
    |topkernel_mux_83_32_1_1_U238  |topkernel_mux_83_32_1_1  |        0|      0|  0|  17|    0|
    |topkernel_mux_83_32_1_1_U239  |topkernel_mux_83_32_1_1  |        0|      0|  0|  17|    0|
    |topkernel_mux_83_32_1_1_U240  |topkernel_mux_83_32_1_1  |        0|      0|  0|  17|    0|
    |topkernel_mux_83_32_1_1_U241  |topkernel_mux_83_32_1_1  |        0|      0|  0|  17|    0|
    |topkernel_mux_83_32_1_1_U242  |topkernel_mux_83_32_1_1  |        0|      0|  0|  17|    0|
    |topkernel_mux_83_32_1_1_U243  |topkernel_mux_83_32_1_1  |        0|      0|  0|  17|    0|
    |topkernel_mux_83_32_1_1_U244  |topkernel_mux_83_32_1_1  |        0|      0|  0|  17|    0|
    |topkernel_mux_83_32_1_1_U245  |topkernel_mux_83_32_1_1  |        0|      0|  0|  17|    0|
    |topkernel_mux_83_32_1_1_U246  |topkernel_mux_83_32_1_1  |        0|      0|  0|  17|    0|
    |topkernel_mux_83_32_1_1_U247  |topkernel_mux_83_32_1_1  |        0|      0|  0|  17|    0|
    |topkernel_mux_83_32_1_1_U248  |topkernel_mux_83_32_1_1  |        0|      0|  0|  17|    0|
    |topkernel_mux_83_32_1_1_U249  |topkernel_mux_83_32_1_1  |        0|      0|  0|  17|    0|
    |topkernel_mux_83_32_1_1_U250  |topkernel_mux_83_32_1_1  |        0|      0|  0|  17|    0|
    |topkernel_mux_83_32_1_1_U251  |topkernel_mux_83_32_1_1  |        0|      0|  0|  17|    0|
    |topkernel_mux_83_32_1_1_U252  |topkernel_mux_83_32_1_1  |        0|      0|  0|  17|    0|
    |topkernel_mux_83_32_1_1_U253  |topkernel_mux_83_32_1_1  |        0|      0|  0|  17|    0|
    |topkernel_mux_83_32_1_1_U254  |topkernel_mux_83_32_1_1  |        0|      0|  0|  17|    0|
    |topkernel_mux_83_32_1_1_U255  |topkernel_mux_83_32_1_1  |        0|      0|  0|  17|    0|
    |topkernel_mux_83_32_1_1_U256  |topkernel_mux_83_32_1_1  |        0|      0|  0|  17|    0|
    |topkernel_mux_83_32_1_1_U257  |topkernel_mux_83_32_1_1  |        0|      0|  0|  17|    0|
    |topkernel_mux_83_32_1_1_U258  |topkernel_mux_83_32_1_1  |        0|      0|  0|  17|    0|
    |topkernel_mux_83_32_1_1_U259  |topkernel_mux_83_32_1_1  |        0|      0|  0|  17|    0|
    |topkernel_mux_83_32_1_1_U260  |topkernel_mux_83_32_1_1  |        0|      0|  0|  17|    0|
    |topkernel_mux_83_32_1_1_U261  |topkernel_mux_83_32_1_1  |        0|      0|  0|  17|    0|
    |topkernel_mux_83_32_1_1_U262  |topkernel_mux_83_32_1_1  |        0|      0|  0|  17|    0|
    |topkernel_mux_83_32_1_1_U263  |topkernel_mux_83_32_1_1  |        0|      0|  0|  17|    0|
    |topkernel_mux_83_32_1_1_U264  |topkernel_mux_83_32_1_1  |        0|      0|  0|  17|    0|
    |topkernel_mux_83_32_1_1_U265  |topkernel_mux_83_32_1_1  |        0|      0|  0|  17|    0|
    |topkernel_mux_83_32_1_1_U266  |topkernel_mux_83_32_1_1  |        0|      0|  0|  17|    0|
    |topkernel_mux_83_32_1_1_U267  |topkernel_mux_83_32_1_1  |        0|      0|  0|  17|    0|
    |topkernel_mux_83_32_1_1_U268  |topkernel_mux_83_32_1_1  |        0|      0|  0|  17|    0|
    |topkernel_mux_83_32_1_1_U269  |topkernel_mux_83_32_1_1  |        0|      0|  0|  17|    0|
    |topkernel_mux_83_32_1_1_U270  |topkernel_mux_83_32_1_1  |        0|      0|  0|  17|    0|
    |topkernel_mux_83_32_1_1_U271  |topkernel_mux_83_32_1_1  |        0|      0|  0|  17|    0|
    |topkernel_mux_83_32_1_1_U272  |topkernel_mux_83_32_1_1  |        0|      0|  0|  17|    0|
    |topkernel_mux_83_32_1_1_U273  |topkernel_mux_83_32_1_1  |        0|      0|  0|  17|    0|
    |topkernel_mux_83_32_1_1_U274  |topkernel_mux_83_32_1_1  |        0|      0|  0|  17|    0|
    |topkernel_mux_83_32_1_1_U275  |topkernel_mux_83_32_1_1  |        0|      0|  0|  17|    0|
    |topkernel_mux_83_32_1_1_U276  |topkernel_mux_83_32_1_1  |        0|      0|  0|  17|    0|
    |topkernel_mux_83_32_1_1_U277  |topkernel_mux_83_32_1_1  |        0|      0|  0|  17|    0|
    |topkernel_mux_83_32_1_1_U278  |topkernel_mux_83_32_1_1  |        0|      0|  0|  17|    0|
    |topkernel_mux_83_32_1_1_U279  |topkernel_mux_83_32_1_1  |        0|      0|  0|  17|    0|
    |topkernel_mux_83_32_1_1_U280  |topkernel_mux_83_32_1_1  |        0|      0|  0|  17|    0|
    |topkernel_mux_83_32_1_1_U281  |topkernel_mux_83_32_1_1  |        0|      0|  0|  17|    0|
    |topkernel_mux_83_32_1_1_U282  |topkernel_mux_83_32_1_1  |        0|      0|  0|  17|    0|
    |topkernel_mux_83_32_1_1_U283  |topkernel_mux_83_32_1_1  |        0|      0|  0|  17|    0|
    |topkernel_mux_83_32_1_1_U284  |topkernel_mux_83_32_1_1  |        0|      0|  0|  17|    0|
    |topkernel_mux_83_32_1_1_U285  |topkernel_mux_83_32_1_1  |        0|      0|  0|  17|    0|
    |topkernel_mux_83_32_1_1_U286  |topkernel_mux_83_32_1_1  |        0|      0|  0|  17|    0|
    |topkernel_mux_83_32_1_1_U287  |topkernel_mux_83_32_1_1  |        0|      0|  0|  17|    0|
    |topkernel_mux_83_32_1_1_U288  |topkernel_mux_83_32_1_1  |        0|      0|  0|  17|    0|
    |topkernel_mux_83_32_1_1_U289  |topkernel_mux_83_32_1_1  |        0|      0|  0|  17|    0|
    |topkernel_mux_83_32_1_1_U290  |topkernel_mux_83_32_1_1  |        0|      0|  0|  17|    0|
    |topkernel_mux_83_32_1_1_U291  |topkernel_mux_83_32_1_1  |        0|      0|  0|  17|    0|
    +------------------------------+-------------------------+---------+-------+---+----+-----+
    |Total                         |                         |        0|      0|  0|1088|    0|
    +------------------------------+-------------------------+---------+-------+---+----+-----+

    * DSP48E: 
    N/A

    * Memory: 
    N/A

    * FIFO: 
    N/A

    * Expression: 
    +----------------------------+----------+-------+---+----+------------+------------+
    |        Variable Name       | Operation| DSP48E| FF| LUT| Bitwidth P0| Bitwidth P1|
    +----------------------------+----------+-------+---+----+------------+------------+
    |c_fu_2786_p2                |     +    |      0|  0|   6|           4|           1|
    |col_i_fu_5994_p2            |     +    |      0|  0|   6|           4|           1|
    |destbuffer00_value_d0       |     +    |      0|  0|  32|          32|          32|
    |destbuffer01_value_d0       |     +    |      0|  0|  32|          32|          32|
    |destbuffer02_value_d0       |     +    |      0|  0|  32|          32|          32|
    |destbuffer03_value_d0       |     +    |      0|  0|  32|          32|          32|
    |destbuffer04_value_d0       |     +    |      0|  0|  32|          32|          32|
    |destbuffer05_value_d0       |     +    |      0|  0|  32|          32|          32|
    |destbuffer06_value_d0       |     +    |      0|  0|  32|          32|          32|
    |destbuffer07_value_d0       |     +    |      0|  0|  32|          32|          32|
    |destbuffer10_value_d0       |     +    |      0|  0|  32|          32|          32|
    |destbuffer11_value_d0       |     +    |      0|  0|  32|          32|          32|
    |destbuffer12_value_d0       |     +    |      0|  0|  32|          32|          32|
    |destbuffer13_value_d0       |     +    |      0|  0|  32|          32|          32|
    |destbuffer14_value_d0       |     +    |      0|  0|  32|          32|          32|
    |destbuffer15_value_d0       |     +    |      0|  0|  32|          32|          32|
    |destbuffer16_value_d0       |     +    |      0|  0|  32|          32|          32|
    |destbuffer17_value_d0       |     +    |      0|  0|  32|          32|          32|
    |destbuffer20_value_d0       |     +    |      0|  0|  32|          32|          32|
    |destbuffer21_value_d0       |     +    |      0|  0|  32|          32|          32|
    |destbuffer22_value_d0       |     +    |      0|  0|  32|          32|          32|
    |destbuffer23_value_d0       |     +    |      0|  0|  32|          32|          32|
    |destbuffer24_value_d0       |     +    |      0|  0|  32|          32|          32|
    |destbuffer25_value_d0       |     +    |      0|  0|  32|          32|          32|
    |destbuffer26_value_d0       |     +    |      0|  0|  32|          32|          32|
    |destbuffer27_value_d0       |     +    |      0|  0|  32|          32|          32|
    |destbuffer30_value_d0       |     +    |      0|  0|  32|          32|          32|
    |destbuffer31_value_d0       |     +    |      0|  0|  32|          32|          32|
    |destbuffer32_value_d0       |     +    |      0|  0|  32|          32|          32|
    |destbuffer33_value_d0       |     +    |      0|  0|  32|          32|          32|
    |destbuffer34_value_d0       |     +    |      0|  0|  32|          32|          32|
    |destbuffer35_value_d0       |     +    |      0|  0|  32|          32|          32|
    |destbuffer36_value_d0       |     +    |      0|  0|  32|          32|          32|
    |destbuffer37_value_d0       |     +    |      0|  0|  32|          32|          32|
    |i_fu_2774_p2                |     +    |      0|  0|   6|           6|           1|
    |loc0_0_fu_6860_p2           |     -    |      0|  0|  32|          32|          32|
    |loc0_1_fu_7060_p2           |     -    |      0|  0|  32|          32|          32|
    |loc0_2_fu_7260_p2           |     -    |      0|  0|  32|          32|          32|
    |loc0_3_fu_7460_p2           |     -    |      0|  0|  32|          32|          32|
    |loc0_4_fu_7660_p2           |     -    |      0|  0|  32|          32|          32|
    |loc0_5_fu_7860_p2           |     -    |      0|  0|  32|          32|          32|
    |loc0_6_fu_8060_p2           |     -    |      0|  0|  32|          32|          32|
    |loc0_7_fu_8260_p2           |     -    |      0|  0|  32|          32|          32|
    |loc1_0_fu_6869_p2           |     -    |      0|  0|  32|          32|          32|
    |loc1_1_fu_7069_p2           |     -    |      0|  0|  32|          32|          32|
    |loc1_2_fu_7269_p2           |     -    |      0|  0|  32|          32|          32|
    |loc1_3_fu_7469_p2           |     -    |      0|  0|  32|          32|          32|
    |loc1_4_fu_7669_p2           |     -    |      0|  0|  32|          32|          32|
    |loc1_5_fu_7869_p2           |     -    |      0|  0|  32|          32|          32|
    |loc1_6_fu_8069_p2           |     -    |      0|  0|  32|          32|          32|
    |loc1_7_fu_8269_p2           |     -    |      0|  0|  32|          32|          32|
    |loc2_0_fu_6878_p2           |     -    |      0|  0|  32|          32|          32|
    |loc2_1_fu_7078_p2           |     -    |      0|  0|  32|          32|          32|
    |loc2_2_fu_7278_p2           |     -    |      0|  0|  32|          32|          32|
    |loc2_3_fu_7478_p2           |     -    |      0|  0|  32|          32|          32|
    |loc2_4_fu_7678_p2           |     -    |      0|  0|  32|          32|          32|
    |loc2_5_fu_7878_p2           |     -    |      0|  0|  32|          32|          32|
    |loc2_6_fu_8078_p2           |     -    |      0|  0|  32|          32|          32|
    |loc2_7_fu_8278_p2           |     -    |      0|  0|  32|          32|          32|
    |loc3_0_fu_6887_p2           |     -    |      0|  0|  32|          32|          32|
    |loc3_1_fu_7087_p2           |     -    |      0|  0|  32|          32|          32|
    |loc3_2_fu_7287_p2           |     -    |      0|  0|  32|          32|          32|
    |loc3_3_fu_7487_p2           |     -    |      0|  0|  32|          32|          32|
    |loc3_4_fu_7687_p2           |     -    |      0|  0|  32|          32|          32|
    |loc3_5_fu_7887_p2           |     -    |      0|  0|  32|          32|          32|
    |loc3_6_fu_8087_p2           |     -    |      0|  0|  32|          32|          32|
    |loc3_7_fu_8287_p2           |     -    |      0|  0|  32|          32|          32|
    |icmp_ln2262_fu_2768_p2      |   icmp   |      0|  0|  11|           6|           7|
    |icmp_ln2264_fu_2780_p2      |   icmp   |      0|  0|  11|           4|           5|
    |icmp_ln2379_fu_5988_p2      |   icmp   |      0|  0|  11|           4|           5|
    |icmp_ln2394_1_fu_7096_p2    |   icmp   |      0|  0|  20|          32|          15|
    |icmp_ln2394_2_fu_7296_p2    |   icmp   |      0|  0|  20|          32|          15|
    |icmp_ln2394_3_fu_7496_p2    |   icmp   |      0|  0|  20|          32|          15|
    |icmp_ln2394_4_fu_7696_p2    |   icmp   |      0|  0|  20|          32|          15|
    |icmp_ln2394_5_fu_7896_p2    |   icmp   |      0|  0|  20|          32|          15|
    |icmp_ln2394_6_fu_8096_p2    |   icmp   |      0|  0|  20|          32|          15|
    |icmp_ln2394_7_fu_8296_p2    |   icmp   |      0|  0|  20|          32|          15|
    |icmp_ln2394_fu_6896_p2      |   icmp   |      0|  0|  20|          32|          15|
    |icmp_ln2395_1_fu_7110_p2    |   icmp   |      0|  0|  20|          32|          15|
    |icmp_ln2395_2_fu_7310_p2    |   icmp   |      0|  0|  20|          32|          15|
    |icmp_ln2395_3_fu_7510_p2    |   icmp   |      0|  0|  20|          32|          15|
    |icmp_ln2395_4_fu_7710_p2    |   icmp   |      0|  0|  20|          32|          15|
    |icmp_ln2395_5_fu_7910_p2    |   icmp   |      0|  0|  20|          32|          15|
    |icmp_ln2395_6_fu_8110_p2    |   icmp   |      0|  0|  20|          32|          15|
    |icmp_ln2395_7_fu_8310_p2    |   icmp   |      0|  0|  20|          32|          15|
    |icmp_ln2395_fu_6910_p2      |   icmp   |      0|  0|  20|          32|          15|
    |icmp_ln2396_1_fu_7124_p2    |   icmp   |      0|  0|  20|          32|          15|
    |icmp_ln2396_2_fu_7324_p2    |   icmp   |      0|  0|  20|          32|          15|
    |icmp_ln2396_3_fu_7524_p2    |   icmp   |      0|  0|  20|          32|          15|
    |icmp_ln2396_4_fu_7724_p2    |   icmp   |      0|  0|  20|          32|          15|
    |icmp_ln2396_5_fu_7924_p2    |   icmp   |      0|  0|  20|          32|          15|
    |icmp_ln2396_6_fu_8124_p2    |   icmp   |      0|  0|  20|          32|          15|
    |icmp_ln2396_7_fu_8324_p2    |   icmp   |      0|  0|  20|          32|          15|
    |icmp_ln2396_fu_6924_p2      |   icmp   |      0|  0|  20|          32|          15|
    |icmp_ln2397_1_fu_7138_p2    |   icmp   |      0|  0|  20|          32|          15|
    |icmp_ln2397_2_fu_7338_p2    |   icmp   |      0|  0|  20|          32|          15|
    |icmp_ln2397_3_fu_7538_p2    |   icmp   |      0|  0|  20|          32|          15|
    |icmp_ln2397_4_fu_7738_p2    |   icmp   |      0|  0|  20|          32|          15|
    |icmp_ln2397_5_fu_7938_p2    |   icmp   |      0|  0|  20|          32|          15|
    |icmp_ln2397_6_fu_8138_p2    |   icmp   |      0|  0|  20|          32|          15|
    |icmp_ln2397_7_fu_8338_p2    |   icmp   |      0|  0|  20|          32|          15|
    |icmp_ln2397_fu_6938_p2      |   icmp   |      0|  0|  20|          32|          15|
    |loc1_0_1_fu_6916_p3         |  select  |      0|  0|  15|           1|           1|
    |loc1_1_1_fu_7116_p3         |  select  |      0|  0|  15|           1|           1|
    |loc1_2_1_fu_7316_p3         |  select  |      0|  0|  15|           1|           1|
    |loc1_3_1_fu_7516_p3         |  select  |      0|  0|  15|           1|           1|
    |loc1_4_1_fu_7716_p3         |  select  |      0|  0|  15|           1|           1|
    |loc1_5_1_fu_7916_p3         |  select  |      0|  0|  15|           1|           1|
    |loc1_6_1_fu_8116_p3         |  select  |      0|  0|  15|           1|           1|
    |loc1_7_1_fu_8316_p3         |  select  |      0|  0|  15|           1|           1|
    |loc2_0_1_fu_6930_p3         |  select  |      0|  0|  15|           1|           1|
    |loc2_1_1_fu_7130_p3         |  select  |      0|  0|  15|           1|           1|
    |loc2_2_1_fu_7330_p3         |  select  |      0|  0|  15|           1|           1|
    |loc2_3_1_fu_7530_p3         |  select  |      0|  0|  15|           1|           1|
    |loc2_4_1_fu_7730_p3         |  select  |      0|  0|  15|           1|           1|
    |loc2_5_1_fu_7930_p3         |  select  |      0|  0|  15|           1|           1|
    |loc2_6_1_fu_8130_p3         |  select  |      0|  0|  15|           1|           1|
    |loc2_7_1_fu_8330_p3         |  select  |      0|  0|  15|           1|           1|
    |loc3_0_1_fu_6944_p3         |  select  |      0|  0|  15|           1|           1|
    |loc3_1_1_fu_7144_p3         |  select  |      0|  0|  15|           1|           1|
    |loc3_2_1_fu_7344_p3         |  select  |      0|  0|  15|           1|           1|
    |loc3_3_1_fu_7544_p3         |  select  |      0|  0|  15|           1|           1|
    |loc3_4_1_fu_7744_p3         |  select  |      0|  0|  15|           1|           1|
    |loc3_5_1_fu_7944_p3         |  select  |      0|  0|  15|           1|           1|
    |loc3_6_1_fu_8144_p3         |  select  |      0|  0|  15|           1|           1|
    |loc3_7_1_fu_8344_p3         |  select  |      0|  0|  15|           1|           1|
    |select_ln2394_1_fu_7102_p3  |  select  |      0|  0|  15|           1|           1|
    |select_ln2394_2_fu_7302_p3  |  select  |      0|  0|  15|           1|           1|
    |select_ln2394_3_fu_7502_p3  |  select  |      0|  0|  15|           1|           1|
    |select_ln2394_4_fu_7702_p3  |  select  |      0|  0|  15|           1|           1|
    |select_ln2394_5_fu_7902_p3  |  select  |      0|  0|  15|           1|           1|
    |select_ln2394_6_fu_8102_p3  |  select  |      0|  0|  15|           1|           1|
    |select_ln2394_7_fu_8302_p3  |  select  |      0|  0|  15|           1|           1|
    |select_ln2394_fu_6902_p3    |  select  |      0|  0|  15|           1|           1|
    |ap_enable_pp0               |    xor   |      0|  0|   2|           1|           2|
    |ap_enable_reg_pp0_iter1     |    xor   |      0|  0|   2|           2|           1|
    +----------------------------+----------+-------+---+----+------------+------------+
    |Total                       |          |      0|  0|3223|        3135|        2583|
    +----------------------------+----------+-------+---+----+------------+------------+

    * Multiplexer: 
    +-----------------------------+----+-----------+-----+-----------+
    |             Name            | LUT| Input Size| Bits| Total Bits|
    +-----------------------------+----+-----------+-----+-----------+
    |ap_NS_fsm                    |  41|          8|    1|          8|
    |ap_enable_reg_pp0_iter1      |  15|          3|    1|          3|
    |c_0_reg_2746                 |   9|          2|    4|          8|
    |col_i_0_reg_2757             |   9|          2|    4|          8|
    |destbuffer00_value_address0  |  15|          3|   12|         36|
    |destbuffer01_value_address0  |  15|          3|   12|         36|
    |destbuffer02_value_address0  |  15|          3|   12|         36|
    |destbuffer03_value_address0  |  15|          3|   12|         36|
    |destbuffer04_value_address0  |  15|          3|   12|         36|
    |destbuffer05_value_address0  |  15|          3|   12|         36|
    |destbuffer06_value_address0  |  15|          3|   12|         36|
    |destbuffer07_value_address0  |  15|          3|   12|         36|
    |destbuffer10_value_address0  |  15|          3|   12|         36|
    |destbuffer11_value_address0  |  15|          3|   12|         36|
    |destbuffer12_value_address0  |  15|          3|   12|         36|
    |destbuffer13_value_address0  |  15|          3|   12|         36|
    |destbuffer14_value_address0  |  15|          3|   12|         36|
    |destbuffer15_value_address0  |  15|          3|   12|         36|
    |destbuffer16_value_address0  |  15|          3|   12|         36|
    |destbuffer17_value_address0  |  15|          3|   12|         36|
    |destbuffer20_value_address0  |  15|          3|   12|         36|
    |destbuffer21_value_address0  |  15|          3|   12|         36|
    |destbuffer22_value_address0  |  15|          3|   12|         36|
    |destbuffer23_value_address0  |  15|          3|   12|         36|
    |destbuffer24_value_address0  |  15|          3|   12|         36|
    |destbuffer25_value_address0  |  15|          3|   12|         36|
    |destbuffer26_value_address0  |  15|          3|   12|         36|
    |destbuffer27_value_address0  |  15|          3|   12|         36|
    |destbuffer30_value_address0  |  15|          3|   12|         36|
    |destbuffer31_value_address0  |  15|          3|   12|         36|
    |destbuffer32_value_address0  |  15|          3|   12|         36|
    |destbuffer33_value_address0  |  15|          3|   12|         36|
    |destbuffer34_value_address0  |  15|          3|   12|         36|
    |destbuffer35_value_address0  |  15|          3|   12|         36|
    |destbuffer36_value_address0  |  15|          3|   12|         36|
    |destbuffer37_value_address0  |  15|          3|   12|         36|
    |i_0_reg_2734                 |   9|          2|    6|         12|
    +-----------------------------+----+-----------+-----+-----------+
    |Total                        | 563|        113|  400|       1191|
    +-----------------------------+----+-----------+-----+-----------+

    * Register: 
    +--------------------------------+-----+----+-----+-----------+
    |              Name              |  FF | LUT| Bits| Const Bits|
    +--------------------------------+-----+----+-----+-----------+
    |Vtemp0_7_0_key_1_fu_238         |   32|   0|   32|          0|
    |Vtemp0_7_0_key_2_fu_270         |   32|   0|   32|          0|
    |Vtemp0_7_0_key_3_fu_302         |   32|   0|   32|          0|
    |Vtemp0_7_0_key_4_fu_334         |   32|   0|   32|          0|
    |Vtemp0_7_0_key_5_fu_366         |   32|   0|   32|          0|
    |Vtemp0_7_0_key_6_fu_398         |   32|   0|   32|          0|
    |Vtemp0_7_0_key_7_fu_430         |   32|   0|   32|          0|
    |Vtemp0_7_0_key_fu_206           |   32|   0|   32|          0|
    |Vtemp0_7_0_value_1_fu_494       |   32|   0|   32|          0|
    |Vtemp0_7_0_value_2_fu_526       |   32|   0|   32|          0|
    |Vtemp0_7_0_value_3_fu_558       |   32|   0|   32|          0|
    |Vtemp0_7_0_value_4_fu_590       |   32|   0|   32|          0|
    |Vtemp0_7_0_value_5_fu_622       |   32|   0|   32|          0|
    |Vtemp0_7_0_value_6_fu_654       |   32|   0|   32|          0|
    |Vtemp0_7_0_value_7_fu_686       |   32|   0|   32|          0|
    |Vtemp0_7_0_value_fu_462         |   32|   0|   32|          0|
    |Vtemp0_7_1_key_1_fu_242         |   32|   0|   32|          0|
    |Vtemp0_7_1_key_2_fu_274         |   32|   0|   32|          0|
    |Vtemp0_7_1_key_3_fu_306         |   32|   0|   32|          0|
    |Vtemp0_7_1_key_4_fu_338         |   32|   0|   32|          0|
    |Vtemp0_7_1_key_5_fu_370         |   32|   0|   32|          0|
    |Vtemp0_7_1_key_6_fu_402         |   32|   0|   32|          0|
    |Vtemp0_7_1_key_7_fu_434         |   32|   0|   32|          0|
    |Vtemp0_7_1_key_fu_210           |   32|   0|   32|          0|
    |Vtemp0_7_1_value_1_fu_498       |   32|   0|   32|          0|
    |Vtemp0_7_1_value_2_fu_530       |   32|   0|   32|          0|
    |Vtemp0_7_1_value_3_fu_562       |   32|   0|   32|          0|
    |Vtemp0_7_1_value_4_fu_594       |   32|   0|   32|          0|
    |Vtemp0_7_1_value_5_fu_626       |   32|   0|   32|          0|
    |Vtemp0_7_1_value_6_fu_658       |   32|   0|   32|          0|
    |Vtemp0_7_1_value_7_fu_690       |   32|   0|   32|          0|
    |Vtemp0_7_1_value_fu_466         |   32|   0|   32|          0|
    |Vtemp0_7_2_key_1_fu_246         |   32|   0|   32|          0|
    |Vtemp0_7_2_key_2_fu_278         |   32|   0|   32|          0|
    |Vtemp0_7_2_key_3_fu_310         |   32|   0|   32|          0|
    |Vtemp0_7_2_key_4_fu_342         |   32|   0|   32|          0|
    |Vtemp0_7_2_key_5_fu_374         |   32|   0|   32|          0|
    |Vtemp0_7_2_key_6_fu_406         |   32|   0|   32|          0|
    |Vtemp0_7_2_key_7_fu_438         |   32|   0|   32|          0|
    |Vtemp0_7_2_key_fu_214           |   32|   0|   32|          0|
    |Vtemp0_7_2_value_1_fu_502       |   32|   0|   32|          0|
    |Vtemp0_7_2_value_2_fu_534       |   32|   0|   32|          0|
    |Vtemp0_7_2_value_3_fu_566       |   32|   0|   32|          0|
    |Vtemp0_7_2_value_4_fu_598       |   32|   0|   32|          0|
    |Vtemp0_7_2_value_5_fu_630       |   32|   0|   32|          0|
    |Vtemp0_7_2_value_6_fu_662       |   32|   0|   32|          0|
    |Vtemp0_7_2_value_7_fu_694       |   32|   0|   32|          0|
    |Vtemp0_7_2_value_fu_470         |   32|   0|   32|          0|
    |Vtemp0_7_3_key_1_fu_250         |   32|   0|   32|          0|
    |Vtemp0_7_3_key_2_fu_282         |   32|   0|   32|          0|
    |Vtemp0_7_3_key_3_fu_314         |   32|   0|   32|          0|
    |Vtemp0_7_3_key_4_fu_346         |   32|   0|   32|          0|
    |Vtemp0_7_3_key_5_fu_378         |   32|   0|   32|          0|
    |Vtemp0_7_3_key_6_fu_410         |   32|   0|   32|          0|
    |Vtemp0_7_3_key_7_fu_442         |   32|   0|   32|          0|
    |Vtemp0_7_3_key_fu_218           |   32|   0|   32|          0|
    |Vtemp0_7_3_value_1_fu_506       |   32|   0|   32|          0|
    |Vtemp0_7_3_value_2_fu_538       |   32|   0|   32|          0|
    |Vtemp0_7_3_value_3_fu_570       |   32|   0|   32|          0|
    |Vtemp0_7_3_value_4_fu_602       |   32|   0|   32|          0|
    |Vtemp0_7_3_value_5_fu_634       |   32|   0|   32|          0|
    |Vtemp0_7_3_value_6_fu_666       |   32|   0|   32|          0|
    |Vtemp0_7_3_value_7_fu_698       |   32|   0|   32|          0|
    |Vtemp0_7_3_value_fu_474         |   32|   0|   32|          0|
    |Vtemp0_7_4_key_1_fu_254         |   32|   0|   32|          0|
    |Vtemp0_7_4_key_2_fu_286         |   32|   0|   32|          0|
    |Vtemp0_7_4_key_3_fu_318         |   32|   0|   32|          0|
    |Vtemp0_7_4_key_4_fu_350         |   32|   0|   32|          0|
    |Vtemp0_7_4_key_5_fu_382         |   32|   0|   32|          0|
    |Vtemp0_7_4_key_6_fu_414         |   32|   0|   32|          0|
    |Vtemp0_7_4_key_7_fu_446         |   32|   0|   32|          0|
    |Vtemp0_7_4_key_fu_222           |   32|   0|   32|          0|
    |Vtemp0_7_4_value_1_fu_510       |   32|   0|   32|          0|
    |Vtemp0_7_4_value_2_fu_542       |   32|   0|   32|          0|
    |Vtemp0_7_4_value_3_fu_574       |   32|   0|   32|          0|
    |Vtemp0_7_4_value_4_fu_606       |   32|   0|   32|          0|
    |Vtemp0_7_4_value_5_fu_638       |   32|   0|   32|          0|
    |Vtemp0_7_4_value_6_fu_670       |   32|   0|   32|          0|
    |Vtemp0_7_4_value_7_fu_702       |   32|   0|   32|          0|
    |Vtemp0_7_4_value_fu_478         |   32|   0|   32|          0|
    |Vtemp0_7_5_key_1_fu_258         |   32|   0|   32|          0|
    |Vtemp0_7_5_key_2_fu_290         |   32|   0|   32|          0|
    |Vtemp0_7_5_key_3_fu_322         |   32|   0|   32|          0|
    |Vtemp0_7_5_key_4_fu_354         |   32|   0|   32|          0|
    |Vtemp0_7_5_key_5_fu_386         |   32|   0|   32|          0|
    |Vtemp0_7_5_key_6_fu_418         |   32|   0|   32|          0|
    |Vtemp0_7_5_key_7_fu_450         |   32|   0|   32|          0|
    |Vtemp0_7_5_key_fu_226           |   32|   0|   32|          0|
    |Vtemp0_7_5_value_1_fu_514       |   32|   0|   32|          0|
    |Vtemp0_7_5_value_2_fu_546       |   32|   0|   32|          0|
    |Vtemp0_7_5_value_3_fu_578       |   32|   0|   32|          0|
    |Vtemp0_7_5_value_4_fu_610       |   32|   0|   32|          0|
    |Vtemp0_7_5_value_5_fu_642       |   32|   0|   32|          0|
    |Vtemp0_7_5_value_6_fu_674       |   32|   0|   32|          0|
    |Vtemp0_7_5_value_7_fu_706       |   32|   0|   32|          0|
    |Vtemp0_7_5_value_fu_482         |   32|   0|   32|          0|
    |Vtemp0_7_6_key_1_fu_262         |   32|   0|   32|          0|
    |Vtemp0_7_6_key_2_fu_294         |   32|   0|   32|          0|
    |Vtemp0_7_6_key_3_fu_326         |   32|   0|   32|          0|
    |Vtemp0_7_6_key_4_fu_358         |   32|   0|   32|          0|
    |Vtemp0_7_6_key_5_fu_390         |   32|   0|   32|          0|
    |Vtemp0_7_6_key_6_fu_422         |   32|   0|   32|          0|
    |Vtemp0_7_6_key_7_fu_454         |   32|   0|   32|          0|
    |Vtemp0_7_6_key_fu_230           |   32|   0|   32|          0|
    |Vtemp0_7_6_value_1_fu_518       |   32|   0|   32|          0|
    |Vtemp0_7_6_value_2_fu_550       |   32|   0|   32|          0|
    |Vtemp0_7_6_value_3_fu_582       |   32|   0|   32|          0|
    |Vtemp0_7_6_value_4_fu_614       |   32|   0|   32|          0|
    |Vtemp0_7_6_value_5_fu_646       |   32|   0|   32|          0|
    |Vtemp0_7_6_value_6_fu_678       |   32|   0|   32|          0|
    |Vtemp0_7_6_value_7_fu_710       |   32|   0|   32|          0|
    |Vtemp0_7_6_value_fu_486         |   32|   0|   32|          0|
    |Vtemp0_7_7_key_1_fu_266         |   32|   0|   32|          0|
    |Vtemp0_7_7_key_2_fu_298         |   32|   0|   32|          0|
    |Vtemp0_7_7_key_3_fu_330         |   32|   0|   32|          0|
    |Vtemp0_7_7_key_4_fu_362         |   32|   0|   32|          0|
    |Vtemp0_7_7_key_5_fu_394         |   32|   0|   32|          0|
    |Vtemp0_7_7_key_6_fu_426         |   32|   0|   32|          0|
    |Vtemp0_7_7_key_7_fu_458         |   32|   0|   32|          0|
    |Vtemp0_7_7_key_fu_234           |   32|   0|   32|          0|
    |Vtemp0_7_7_value_1_fu_522       |   32|   0|   32|          0|
    |Vtemp0_7_7_value_2_fu_554       |   32|   0|   32|          0|
    |Vtemp0_7_7_value_3_fu_586       |   32|   0|   32|          0|
    |Vtemp0_7_7_value_4_fu_618       |   32|   0|   32|          0|
    |Vtemp0_7_7_value_5_fu_650       |   32|   0|   32|          0|
    |Vtemp0_7_7_value_6_fu_682       |   32|   0|   32|          0|
    |Vtemp0_7_7_value_7_fu_714       |   32|   0|   32|          0|
    |Vtemp0_7_7_value_fu_490         |   32|   0|   32|          0|
    |Vtemp1_7_0_key_1_fu_750         |   32|   0|   32|          0|
    |Vtemp1_7_0_key_2_fu_782         |   32|   0|   32|          0|
    |Vtemp1_7_0_key_3_fu_814         |   32|   0|   32|          0|
    |Vtemp1_7_0_key_4_fu_846         |   32|   0|   32|          0|
    |Vtemp1_7_0_key_5_fu_878         |   32|   0|   32|          0|
    |Vtemp1_7_0_key_6_fu_910         |   32|   0|   32|          0|
    |Vtemp1_7_0_key_7_fu_942         |   32|   0|   32|          0|
    |Vtemp1_7_0_key_fu_718           |   32|   0|   32|          0|
    |Vtemp1_7_0_value_1_fu_1006      |   32|   0|   32|          0|
    |Vtemp1_7_0_value_2_fu_1038      |   32|   0|   32|          0|
    |Vtemp1_7_0_value_3_fu_1070      |   32|   0|   32|          0|
    |Vtemp1_7_0_value_4_fu_1102      |   32|   0|   32|          0|
    |Vtemp1_7_0_value_5_fu_1134      |   32|   0|   32|          0|
    |Vtemp1_7_0_value_6_fu_1166      |   32|   0|   32|          0|
    |Vtemp1_7_0_value_7_fu_1198      |   32|   0|   32|          0|
    |Vtemp1_7_0_value_fu_974         |   32|   0|   32|          0|
    |Vtemp1_7_1_key_1_fu_754         |   32|   0|   32|          0|
    |Vtemp1_7_1_key_2_fu_786         |   32|   0|   32|          0|
    |Vtemp1_7_1_key_3_fu_818         |   32|   0|   32|          0|
    |Vtemp1_7_1_key_4_fu_850         |   32|   0|   32|          0|
    |Vtemp1_7_1_key_5_fu_882         |   32|   0|   32|          0|
    |Vtemp1_7_1_key_6_fu_914         |   32|   0|   32|          0|
    |Vtemp1_7_1_key_7_fu_946         |   32|   0|   32|          0|
    |Vtemp1_7_1_key_fu_722           |   32|   0|   32|          0|
    |Vtemp1_7_1_value_1_fu_1010      |   32|   0|   32|          0|
    |Vtemp1_7_1_value_2_fu_1042      |   32|   0|   32|          0|
    |Vtemp1_7_1_value_3_fu_1074      |   32|   0|   32|          0|
    |Vtemp1_7_1_value_4_fu_1106      |   32|   0|   32|          0|
    |Vtemp1_7_1_value_5_fu_1138      |   32|   0|   32|          0|
    |Vtemp1_7_1_value_6_fu_1170      |   32|   0|   32|          0|
    |Vtemp1_7_1_value_7_fu_1202      |   32|   0|   32|          0|
    |Vtemp1_7_1_value_fu_978         |   32|   0|   32|          0|
    |Vtemp1_7_2_key_1_fu_758         |   32|   0|   32|          0|
    |Vtemp1_7_2_key_2_fu_790         |   32|   0|   32|          0|
    |Vtemp1_7_2_key_3_fu_822         |   32|   0|   32|          0|
    |Vtemp1_7_2_key_4_fu_854         |   32|   0|   32|          0|
    |Vtemp1_7_2_key_5_fu_886         |   32|   0|   32|          0|
    |Vtemp1_7_2_key_6_fu_918         |   32|   0|   32|          0|
    |Vtemp1_7_2_key_7_fu_950         |   32|   0|   32|          0|
    |Vtemp1_7_2_key_fu_726           |   32|   0|   32|          0|
    |Vtemp1_7_2_value_1_fu_1014      |   32|   0|   32|          0|
    |Vtemp1_7_2_value_2_fu_1046      |   32|   0|   32|          0|
    |Vtemp1_7_2_value_3_fu_1078      |   32|   0|   32|          0|
    |Vtemp1_7_2_value_4_fu_1110      |   32|   0|   32|          0|
    |Vtemp1_7_2_value_5_fu_1142      |   32|   0|   32|          0|
    |Vtemp1_7_2_value_6_fu_1174      |   32|   0|   32|          0|
    |Vtemp1_7_2_value_7_fu_1206      |   32|   0|   32|          0|
    |Vtemp1_7_2_value_fu_982         |   32|   0|   32|          0|
    |Vtemp1_7_3_key_1_fu_762         |   32|   0|   32|          0|
    |Vtemp1_7_3_key_2_fu_794         |   32|   0|   32|          0|
    |Vtemp1_7_3_key_3_fu_826         |   32|   0|   32|          0|
    |Vtemp1_7_3_key_4_fu_858         |   32|   0|   32|          0|
    |Vtemp1_7_3_key_5_fu_890         |   32|   0|   32|          0|
    |Vtemp1_7_3_key_6_fu_922         |   32|   0|   32|          0|
    |Vtemp1_7_3_key_7_fu_954         |   32|   0|   32|          0|
    |Vtemp1_7_3_key_fu_730           |   32|   0|   32|          0|
    |Vtemp1_7_3_value_1_fu_1018      |   32|   0|   32|          0|
    |Vtemp1_7_3_value_2_fu_1050      |   32|   0|   32|          0|
    |Vtemp1_7_3_value_3_fu_1082      |   32|   0|   32|          0|
    |Vtemp1_7_3_value_4_fu_1114      |   32|   0|   32|          0|
    |Vtemp1_7_3_value_5_fu_1146      |   32|   0|   32|          0|
    |Vtemp1_7_3_value_6_fu_1178      |   32|   0|   32|          0|
    |Vtemp1_7_3_value_7_fu_1210      |   32|   0|   32|          0|
    |Vtemp1_7_3_value_fu_986         |   32|   0|   32|          0|
    |Vtemp1_7_4_key_1_fu_766         |   32|   0|   32|          0|
    |Vtemp1_7_4_key_2_fu_798         |   32|   0|   32|          0|
    |Vtemp1_7_4_key_3_fu_830         |   32|   0|   32|          0|
    |Vtemp1_7_4_key_4_fu_862         |   32|   0|   32|          0|
    |Vtemp1_7_4_key_5_fu_894         |   32|   0|   32|          0|
    |Vtemp1_7_4_key_6_fu_926         |   32|   0|   32|          0|
    |Vtemp1_7_4_key_7_fu_958         |   32|   0|   32|          0|
    |Vtemp1_7_4_key_fu_734           |   32|   0|   32|          0|
    |Vtemp1_7_4_value_1_fu_1022      |   32|   0|   32|          0|
    |Vtemp1_7_4_value_2_fu_1054      |   32|   0|   32|          0|
    |Vtemp1_7_4_value_3_fu_1086      |   32|   0|   32|          0|
    |Vtemp1_7_4_value_4_fu_1118      |   32|   0|   32|          0|
    |Vtemp1_7_4_value_5_fu_1150      |   32|   0|   32|          0|
    |Vtemp1_7_4_value_6_fu_1182      |   32|   0|   32|          0|
    |Vtemp1_7_4_value_7_fu_1214      |   32|   0|   32|          0|
    |Vtemp1_7_4_value_fu_990         |   32|   0|   32|          0|
    |Vtemp1_7_5_key_1_fu_770         |   32|   0|   32|          0|
    |Vtemp1_7_5_key_2_fu_802         |   32|   0|   32|          0|
    |Vtemp1_7_5_key_3_fu_834         |   32|   0|   32|          0|
    |Vtemp1_7_5_key_4_fu_866         |   32|   0|   32|          0|
    |Vtemp1_7_5_key_5_fu_898         |   32|   0|   32|          0|
    |Vtemp1_7_5_key_6_fu_930         |   32|   0|   32|          0|
    |Vtemp1_7_5_key_7_fu_962         |   32|   0|   32|          0|
    |Vtemp1_7_5_key_fu_738           |   32|   0|   32|          0|
    |Vtemp1_7_5_value_1_fu_1026      |   32|   0|   32|          0|
    |Vtemp1_7_5_value_2_fu_1058      |   32|   0|   32|          0|
    |Vtemp1_7_5_value_3_fu_1090      |   32|   0|   32|          0|
    |Vtemp1_7_5_value_4_fu_1122      |   32|   0|   32|          0|
    |Vtemp1_7_5_value_5_fu_1154      |   32|   0|   32|          0|
    |Vtemp1_7_5_value_6_fu_1186      |   32|   0|   32|          0|
    |Vtemp1_7_5_value_7_fu_1218      |   32|   0|   32|          0|
    |Vtemp1_7_5_value_fu_994         |   32|   0|   32|          0|
    |Vtemp1_7_6_key_1_fu_774         |   32|   0|   32|          0|
    |Vtemp1_7_6_key_2_fu_806         |   32|   0|   32|          0|
    |Vtemp1_7_6_key_3_fu_838         |   32|   0|   32|          0|
    |Vtemp1_7_6_key_4_fu_870         |   32|   0|   32|          0|
    |Vtemp1_7_6_key_5_fu_902         |   32|   0|   32|          0|
    |Vtemp1_7_6_key_6_fu_934         |   32|   0|   32|          0|
    |Vtemp1_7_6_key_7_fu_966         |   32|   0|   32|          0|
    |Vtemp1_7_6_key_fu_742           |   32|   0|   32|          0|
    |Vtemp1_7_6_value_1_fu_1030      |   32|   0|   32|          0|
    |Vtemp1_7_6_value_2_fu_1062      |   32|   0|   32|          0|
    |Vtemp1_7_6_value_3_fu_1094      |   32|   0|   32|          0|
    |Vtemp1_7_6_value_4_fu_1126      |   32|   0|   32|          0|
    |Vtemp1_7_6_value_5_fu_1158      |   32|   0|   32|          0|
    |Vtemp1_7_6_value_6_fu_1190      |   32|   0|   32|          0|
    |Vtemp1_7_6_value_7_fu_1222      |   32|   0|   32|          0|
    |Vtemp1_7_6_value_fu_998         |   32|   0|   32|          0|
    |Vtemp1_7_7_key_1_fu_778         |   32|   0|   32|          0|
    |Vtemp1_7_7_key_2_fu_810         |   32|   0|   32|          0|
    |Vtemp1_7_7_key_3_fu_842         |   32|   0|   32|          0|
    |Vtemp1_7_7_key_4_fu_874         |   32|   0|   32|          0|
    |Vtemp1_7_7_key_5_fu_906         |   32|   0|   32|          0|
    |Vtemp1_7_7_key_6_fu_938         |   32|   0|   32|          0|
    |Vtemp1_7_7_key_7_fu_970         |   32|   0|   32|          0|
    |Vtemp1_7_7_key_fu_746           |   32|   0|   32|          0|
    |Vtemp1_7_7_value_1_fu_1034      |   32|   0|   32|          0|
    |Vtemp1_7_7_value_2_fu_1066      |   32|   0|   32|          0|
    |Vtemp1_7_7_value_3_fu_1098      |   32|   0|   32|          0|
    |Vtemp1_7_7_value_4_fu_1130      |   32|   0|   32|          0|
    |Vtemp1_7_7_value_5_fu_1162      |   32|   0|   32|          0|
    |Vtemp1_7_7_value_6_fu_1194      |   32|   0|   32|          0|
    |Vtemp1_7_7_value_7_fu_1226      |   32|   0|   32|          0|
    |Vtemp1_7_7_value_fu_1002        |   32|   0|   32|          0|
    |Vtemp2_7_0_key_1_fu_1262        |   32|   0|   32|          0|
    |Vtemp2_7_0_key_2_fu_1294        |   32|   0|   32|          0|
    |Vtemp2_7_0_key_3_fu_1326        |   32|   0|   32|          0|
    |Vtemp2_7_0_key_4_fu_1358        |   32|   0|   32|          0|
    |Vtemp2_7_0_key_5_fu_1390        |   32|   0|   32|          0|
    |Vtemp2_7_0_key_6_fu_1422        |   32|   0|   32|          0|
    |Vtemp2_7_0_key_7_fu_1454        |   32|   0|   32|          0|
    |Vtemp2_7_0_key_fu_1230          |   32|   0|   32|          0|
    |Vtemp2_7_0_value_1_fu_1518      |   32|   0|   32|          0|
    |Vtemp2_7_0_value_2_fu_1550      |   32|   0|   32|          0|
    |Vtemp2_7_0_value_3_fu_1582      |   32|   0|   32|          0|
    |Vtemp2_7_0_value_4_fu_1614      |   32|   0|   32|          0|
    |Vtemp2_7_0_value_5_fu_1646      |   32|   0|   32|          0|
    |Vtemp2_7_0_value_6_fu_1678      |   32|   0|   32|          0|
    |Vtemp2_7_0_value_7_fu_1710      |   32|   0|   32|          0|
    |Vtemp2_7_0_value_fu_1486        |   32|   0|   32|          0|
    |Vtemp2_7_1_key_1_fu_1266        |   32|   0|   32|          0|
    |Vtemp2_7_1_key_2_fu_1298        |   32|   0|   32|          0|
    |Vtemp2_7_1_key_3_fu_1330        |   32|   0|   32|          0|
    |Vtemp2_7_1_key_4_fu_1362        |   32|   0|   32|          0|
    |Vtemp2_7_1_key_5_fu_1394        |   32|   0|   32|          0|
    |Vtemp2_7_1_key_6_fu_1426        |   32|   0|   32|          0|
    |Vtemp2_7_1_key_7_fu_1458        |   32|   0|   32|          0|
    |Vtemp2_7_1_key_fu_1234          |   32|   0|   32|          0|
    |Vtemp2_7_1_value_1_fu_1522      |   32|   0|   32|          0|
    |Vtemp2_7_1_value_2_fu_1554      |   32|   0|   32|          0|
    |Vtemp2_7_1_value_3_fu_1586      |   32|   0|   32|          0|
    |Vtemp2_7_1_value_4_fu_1618      |   32|   0|   32|          0|
    |Vtemp2_7_1_value_5_fu_1650      |   32|   0|   32|          0|
    |Vtemp2_7_1_value_6_fu_1682      |   32|   0|   32|          0|
    |Vtemp2_7_1_value_7_fu_1714      |   32|   0|   32|          0|
    |Vtemp2_7_1_value_fu_1490        |   32|   0|   32|          0|
    |Vtemp2_7_2_key_1_fu_1270        |   32|   0|   32|          0|
    |Vtemp2_7_2_key_2_fu_1302        |   32|   0|   32|          0|
    |Vtemp2_7_2_key_3_fu_1334        |   32|   0|   32|          0|
    |Vtemp2_7_2_key_4_fu_1366        |   32|   0|   32|          0|
    |Vtemp2_7_2_key_5_fu_1398        |   32|   0|   32|          0|
    |Vtemp2_7_2_key_6_fu_1430        |   32|   0|   32|          0|
    |Vtemp2_7_2_key_7_fu_1462        |   32|   0|   32|          0|
    |Vtemp2_7_2_key_fu_1238          |   32|   0|   32|          0|
    |Vtemp2_7_2_value_1_fu_1526      |   32|   0|   32|          0|
    |Vtemp2_7_2_value_2_fu_1558      |   32|   0|   32|          0|
    |Vtemp2_7_2_value_3_fu_1590      |   32|   0|   32|          0|
    |Vtemp2_7_2_value_4_fu_1622      |   32|   0|   32|          0|
    |Vtemp2_7_2_value_5_fu_1654      |   32|   0|   32|          0|
    |Vtemp2_7_2_value_6_fu_1686      |   32|   0|   32|          0|
    |Vtemp2_7_2_value_7_fu_1718      |   32|   0|   32|          0|
    |Vtemp2_7_2_value_fu_1494        |   32|   0|   32|          0|
    |Vtemp2_7_3_key_1_fu_1274        |   32|   0|   32|          0|
    |Vtemp2_7_3_key_2_fu_1306        |   32|   0|   32|          0|
    |Vtemp2_7_3_key_3_fu_1338        |   32|   0|   32|          0|
    |Vtemp2_7_3_key_4_fu_1370        |   32|   0|   32|          0|
    |Vtemp2_7_3_key_5_fu_1402        |   32|   0|   32|          0|
    |Vtemp2_7_3_key_6_fu_1434        |   32|   0|   32|          0|
    |Vtemp2_7_3_key_7_fu_1466        |   32|   0|   32|          0|
    |Vtemp2_7_3_key_fu_1242          |   32|   0|   32|          0|
    |Vtemp2_7_3_value_1_fu_1530      |   32|   0|   32|          0|
    |Vtemp2_7_3_value_2_fu_1562      |   32|   0|   32|          0|
    |Vtemp2_7_3_value_3_fu_1594      |   32|   0|   32|          0|
    |Vtemp2_7_3_value_4_fu_1626      |   32|   0|   32|          0|
    |Vtemp2_7_3_value_5_fu_1658      |   32|   0|   32|          0|
    |Vtemp2_7_3_value_6_fu_1690      |   32|   0|   32|          0|
    |Vtemp2_7_3_value_7_fu_1722      |   32|   0|   32|          0|
    |Vtemp2_7_3_value_fu_1498        |   32|   0|   32|          0|
    |Vtemp2_7_4_key_1_fu_1278        |   32|   0|   32|          0|
    |Vtemp2_7_4_key_2_fu_1310        |   32|   0|   32|          0|
    |Vtemp2_7_4_key_3_fu_1342        |   32|   0|   32|          0|
    |Vtemp2_7_4_key_4_fu_1374        |   32|   0|   32|          0|
    |Vtemp2_7_4_key_5_fu_1406        |   32|   0|   32|          0|
    |Vtemp2_7_4_key_6_fu_1438        |   32|   0|   32|          0|
    |Vtemp2_7_4_key_7_fu_1470        |   32|   0|   32|          0|
    |Vtemp2_7_4_key_fu_1246          |   32|   0|   32|          0|
    |Vtemp2_7_4_value_1_fu_1534      |   32|   0|   32|          0|
    |Vtemp2_7_4_value_2_fu_1566      |   32|   0|   32|          0|
    |Vtemp2_7_4_value_3_fu_1598      |   32|   0|   32|          0|
    |Vtemp2_7_4_value_4_fu_1630      |   32|   0|   32|          0|
    |Vtemp2_7_4_value_5_fu_1662      |   32|   0|   32|          0|
    |Vtemp2_7_4_value_6_fu_1694      |   32|   0|   32|          0|
    |Vtemp2_7_4_value_7_fu_1726      |   32|   0|   32|          0|
    |Vtemp2_7_4_value_fu_1502        |   32|   0|   32|          0|
    |Vtemp2_7_5_key_1_fu_1282        |   32|   0|   32|          0|
    |Vtemp2_7_5_key_2_fu_1314        |   32|   0|   32|          0|
    |Vtemp2_7_5_key_3_fu_1346        |   32|   0|   32|          0|
    |Vtemp2_7_5_key_4_fu_1378        |   32|   0|   32|          0|
    |Vtemp2_7_5_key_5_fu_1410        |   32|   0|   32|          0|
    |Vtemp2_7_5_key_6_fu_1442        |   32|   0|   32|          0|
    |Vtemp2_7_5_key_7_fu_1474        |   32|   0|   32|          0|
    |Vtemp2_7_5_key_fu_1250          |   32|   0|   32|          0|
    |Vtemp2_7_5_value_1_fu_1538      |   32|   0|   32|          0|
    |Vtemp2_7_5_value_2_fu_1570      |   32|   0|   32|          0|
    |Vtemp2_7_5_value_3_fu_1602      |   32|   0|   32|          0|
    |Vtemp2_7_5_value_4_fu_1634      |   32|   0|   32|          0|
    |Vtemp2_7_5_value_5_fu_1666      |   32|   0|   32|          0|
    |Vtemp2_7_5_value_6_fu_1698      |   32|   0|   32|          0|
    |Vtemp2_7_5_value_7_fu_1730      |   32|   0|   32|          0|
    |Vtemp2_7_5_value_fu_1506        |   32|   0|   32|          0|
    |Vtemp2_7_6_key_1_fu_1286        |   32|   0|   32|          0|
    |Vtemp2_7_6_key_2_fu_1318        |   32|   0|   32|          0|
    |Vtemp2_7_6_key_3_fu_1350        |   32|   0|   32|          0|
    |Vtemp2_7_6_key_4_fu_1382        |   32|   0|   32|          0|
    |Vtemp2_7_6_key_5_fu_1414        |   32|   0|   32|          0|
    |Vtemp2_7_6_key_6_fu_1446        |   32|   0|   32|          0|
    |Vtemp2_7_6_key_7_fu_1478        |   32|   0|   32|          0|
    |Vtemp2_7_6_key_fu_1254          |   32|   0|   32|          0|
    |Vtemp2_7_6_value_1_fu_1542      |   32|   0|   32|          0|
    |Vtemp2_7_6_value_2_fu_1574      |   32|   0|   32|          0|
    |Vtemp2_7_6_value_3_fu_1606      |   32|   0|   32|          0|
    |Vtemp2_7_6_value_4_fu_1638      |   32|   0|   32|          0|
    |Vtemp2_7_6_value_5_fu_1670      |   32|   0|   32|          0|
    |Vtemp2_7_6_value_6_fu_1702      |   32|   0|   32|          0|
    |Vtemp2_7_6_value_7_fu_1734      |   32|   0|   32|          0|
    |Vtemp2_7_6_value_fu_1510        |   32|   0|   32|          0|
    |Vtemp2_7_7_key_1_fu_1290        |   32|   0|   32|          0|
    |Vtemp2_7_7_key_2_fu_1322        |   32|   0|   32|          0|
    |Vtemp2_7_7_key_3_fu_1354        |   32|   0|   32|          0|
    |Vtemp2_7_7_key_4_fu_1386        |   32|   0|   32|          0|
    |Vtemp2_7_7_key_5_fu_1418        |   32|   0|   32|          0|
    |Vtemp2_7_7_key_6_fu_1450        |   32|   0|   32|          0|
    |Vtemp2_7_7_key_7_fu_1482        |   32|   0|   32|          0|
    |Vtemp2_7_7_key_fu_1258          |   32|   0|   32|          0|
    |Vtemp2_7_7_value_1_fu_1546      |   32|   0|   32|          0|
    |Vtemp2_7_7_value_2_fu_1578      |   32|   0|   32|          0|
    |Vtemp2_7_7_value_3_fu_1610      |   32|   0|   32|          0|
    |Vtemp2_7_7_value_4_fu_1642      |   32|   0|   32|          0|
    |Vtemp2_7_7_value_5_fu_1674      |   32|   0|   32|          0|
    |Vtemp2_7_7_value_6_fu_1706      |   32|   0|   32|          0|
    |Vtemp2_7_7_value_7_fu_1738      |   32|   0|   32|          0|
    |Vtemp2_7_7_value_fu_1514        |   32|   0|   32|          0|
    |Vtemp3_7_0_key_1_fu_1774        |   32|   0|   32|          0|
    |Vtemp3_7_0_key_2_fu_1806        |   32|   0|   32|          0|
    |Vtemp3_7_0_key_3_fu_1838        |   32|   0|   32|          0|
    |Vtemp3_7_0_key_4_fu_1870        |   32|   0|   32|          0|
    |Vtemp3_7_0_key_5_fu_1902        |   32|   0|   32|          0|
    |Vtemp3_7_0_key_6_fu_1934        |   32|   0|   32|          0|
    |Vtemp3_7_0_key_7_fu_1966        |   32|   0|   32|          0|
    |Vtemp3_7_0_key_fu_1742          |   32|   0|   32|          0|
    |Vtemp3_7_0_value_1_fu_2030      |   32|   0|   32|          0|
    |Vtemp3_7_0_value_2_fu_2062      |   32|   0|   32|          0|
    |Vtemp3_7_0_value_3_fu_2094      |   32|   0|   32|          0|
    |Vtemp3_7_0_value_4_fu_2126      |   32|   0|   32|          0|
    |Vtemp3_7_0_value_5_fu_2158      |   32|   0|   32|          0|
    |Vtemp3_7_0_value_6_fu_2190      |   32|   0|   32|          0|
    |Vtemp3_7_0_value_7_fu_2222      |   32|   0|   32|          0|
    |Vtemp3_7_0_value_fu_1998        |   32|   0|   32|          0|
    |Vtemp3_7_1_key_1_fu_1778        |   32|   0|   32|          0|
    |Vtemp3_7_1_key_2_fu_1810        |   32|   0|   32|          0|
    |Vtemp3_7_1_key_3_fu_1842        |   32|   0|   32|          0|
    |Vtemp3_7_1_key_4_fu_1874        |   32|   0|   32|          0|
    |Vtemp3_7_1_key_5_fu_1906        |   32|   0|   32|          0|
    |Vtemp3_7_1_key_6_fu_1938        |   32|   0|   32|          0|
    |Vtemp3_7_1_key_7_fu_1970        |   32|   0|   32|          0|
    |Vtemp3_7_1_key_fu_1746          |   32|   0|   32|          0|
    |Vtemp3_7_1_value_1_fu_2034      |   32|   0|   32|          0|
    |Vtemp3_7_1_value_2_fu_2066      |   32|   0|   32|          0|
    |Vtemp3_7_1_value_3_fu_2098      |   32|   0|   32|          0|
    |Vtemp3_7_1_value_4_fu_2130      |   32|   0|   32|          0|
    |Vtemp3_7_1_value_5_fu_2162      |   32|   0|   32|          0|
    |Vtemp3_7_1_value_6_fu_2194      |   32|   0|   32|          0|
    |Vtemp3_7_1_value_7_fu_2226      |   32|   0|   32|          0|
    |Vtemp3_7_1_value_fu_2002        |   32|   0|   32|          0|
    |Vtemp3_7_2_key_1_fu_1782        |   32|   0|   32|          0|
    |Vtemp3_7_2_key_2_fu_1814        |   32|   0|   32|          0|
    |Vtemp3_7_2_key_3_fu_1846        |   32|   0|   32|          0|
    |Vtemp3_7_2_key_4_fu_1878        |   32|   0|   32|          0|
    |Vtemp3_7_2_key_5_fu_1910        |   32|   0|   32|          0|
    |Vtemp3_7_2_key_6_fu_1942        |   32|   0|   32|          0|
    |Vtemp3_7_2_key_7_fu_1974        |   32|   0|   32|          0|
    |Vtemp3_7_2_key_fu_1750          |   32|   0|   32|          0|
    |Vtemp3_7_2_value_1_fu_2038      |   32|   0|   32|          0|
    |Vtemp3_7_2_value_2_fu_2070      |   32|   0|   32|          0|
    |Vtemp3_7_2_value_3_fu_2102      |   32|   0|   32|          0|
    |Vtemp3_7_2_value_4_fu_2134      |   32|   0|   32|          0|
    |Vtemp3_7_2_value_5_fu_2166      |   32|   0|   32|          0|
    |Vtemp3_7_2_value_6_fu_2198      |   32|   0|   32|          0|
    |Vtemp3_7_2_value_7_fu_2230      |   32|   0|   32|          0|
    |Vtemp3_7_2_value_fu_2006        |   32|   0|   32|          0|
    |Vtemp3_7_3_key_1_fu_1786        |   32|   0|   32|          0|
    |Vtemp3_7_3_key_2_fu_1818        |   32|   0|   32|          0|
    |Vtemp3_7_3_key_3_fu_1850        |   32|   0|   32|          0|
    |Vtemp3_7_3_key_4_fu_1882        |   32|   0|   32|          0|
    |Vtemp3_7_3_key_5_fu_1914        |   32|   0|   32|          0|
    |Vtemp3_7_3_key_6_fu_1946        |   32|   0|   32|          0|
    |Vtemp3_7_3_key_7_fu_1978        |   32|   0|   32|          0|
    |Vtemp3_7_3_key_fu_1754          |   32|   0|   32|          0|
    |Vtemp3_7_3_value_1_fu_2042      |   32|   0|   32|          0|
    |Vtemp3_7_3_value_2_fu_2074      |   32|   0|   32|          0|
    |Vtemp3_7_3_value_3_fu_2106      |   32|   0|   32|          0|
    |Vtemp3_7_3_value_4_fu_2138      |   32|   0|   32|          0|
    |Vtemp3_7_3_value_5_fu_2170      |   32|   0|   32|          0|
    |Vtemp3_7_3_value_6_fu_2202      |   32|   0|   32|          0|
    |Vtemp3_7_3_value_7_fu_2234      |   32|   0|   32|          0|
    |Vtemp3_7_3_value_fu_2010        |   32|   0|   32|          0|
    |Vtemp3_7_4_key_1_fu_1790        |   32|   0|   32|          0|
    |Vtemp3_7_4_key_2_fu_1822        |   32|   0|   32|          0|
    |Vtemp3_7_4_key_3_fu_1854        |   32|   0|   32|          0|
    |Vtemp3_7_4_key_4_fu_1886        |   32|   0|   32|          0|
    |Vtemp3_7_4_key_5_fu_1918        |   32|   0|   32|          0|
    |Vtemp3_7_4_key_6_fu_1950        |   32|   0|   32|          0|
    |Vtemp3_7_4_key_7_fu_1982        |   32|   0|   32|          0|
    |Vtemp3_7_4_key_fu_1758          |   32|   0|   32|          0|
    |Vtemp3_7_4_value_1_fu_2046      |   32|   0|   32|          0|
    |Vtemp3_7_4_value_2_fu_2078      |   32|   0|   32|          0|
    |Vtemp3_7_4_value_3_fu_2110      |   32|   0|   32|          0|
    |Vtemp3_7_4_value_4_fu_2142      |   32|   0|   32|          0|
    |Vtemp3_7_4_value_5_fu_2174      |   32|   0|   32|          0|
    |Vtemp3_7_4_value_6_fu_2206      |   32|   0|   32|          0|
    |Vtemp3_7_4_value_7_fu_2238      |   32|   0|   32|          0|
    |Vtemp3_7_4_value_fu_2014        |   32|   0|   32|          0|
    |Vtemp3_7_5_key_1_fu_1794        |   32|   0|   32|          0|
    |Vtemp3_7_5_key_2_fu_1826        |   32|   0|   32|          0|
    |Vtemp3_7_5_key_3_fu_1858        |   32|   0|   32|          0|
    |Vtemp3_7_5_key_4_fu_1890        |   32|   0|   32|          0|
    |Vtemp3_7_5_key_5_fu_1922        |   32|   0|   32|          0|
    |Vtemp3_7_5_key_6_fu_1954        |   32|   0|   32|          0|
    |Vtemp3_7_5_key_7_fu_1986        |   32|   0|   32|          0|
    |Vtemp3_7_5_key_fu_1762          |   32|   0|   32|          0|
    |Vtemp3_7_5_value_1_fu_2050      |   32|   0|   32|          0|
    |Vtemp3_7_5_value_2_fu_2082      |   32|   0|   32|          0|
    |Vtemp3_7_5_value_3_fu_2114      |   32|   0|   32|          0|
    |Vtemp3_7_5_value_4_fu_2146      |   32|   0|   32|          0|
    |Vtemp3_7_5_value_5_fu_2178      |   32|   0|   32|          0|
    |Vtemp3_7_5_value_6_fu_2210      |   32|   0|   32|          0|
    |Vtemp3_7_5_value_7_fu_2242      |   32|   0|   32|          0|
    |Vtemp3_7_5_value_fu_2018        |   32|   0|   32|          0|
    |Vtemp3_7_6_key_1_fu_1798        |   32|   0|   32|          0|
    |Vtemp3_7_6_key_2_fu_1830        |   32|   0|   32|          0|
    |Vtemp3_7_6_key_3_fu_1862        |   32|   0|   32|          0|
    |Vtemp3_7_6_key_4_fu_1894        |   32|   0|   32|          0|
    |Vtemp3_7_6_key_5_fu_1926        |   32|   0|   32|          0|
    |Vtemp3_7_6_key_6_fu_1958        |   32|   0|   32|          0|
    |Vtemp3_7_6_key_7_fu_1990        |   32|   0|   32|          0|
    |Vtemp3_7_6_key_fu_1766          |   32|   0|   32|          0|
    |Vtemp3_7_6_value_1_fu_2054      |   32|   0|   32|          0|
    |Vtemp3_7_6_value_2_fu_2086      |   32|   0|   32|          0|
    |Vtemp3_7_6_value_3_fu_2118      |   32|   0|   32|          0|
    |Vtemp3_7_6_value_4_fu_2150      |   32|   0|   32|          0|
    |Vtemp3_7_6_value_5_fu_2182      |   32|   0|   32|          0|
    |Vtemp3_7_6_value_6_fu_2214      |   32|   0|   32|          0|
    |Vtemp3_7_6_value_7_fu_2246      |   32|   0|   32|          0|
    |Vtemp3_7_6_value_fu_2022        |   32|   0|   32|          0|
    |Vtemp3_7_7_key_1_fu_1802        |   32|   0|   32|          0|
    |Vtemp3_7_7_key_2_fu_1834        |   32|   0|   32|          0|
    |Vtemp3_7_7_key_3_fu_1866        |   32|   0|   32|          0|
    |Vtemp3_7_7_key_4_fu_1898        |   32|   0|   32|          0|
    |Vtemp3_7_7_key_5_fu_1930        |   32|   0|   32|          0|
    |Vtemp3_7_7_key_6_fu_1962        |   32|   0|   32|          0|
    |Vtemp3_7_7_key_7_fu_1994        |   32|   0|   32|          0|
    |Vtemp3_7_7_key_fu_1770          |   32|   0|   32|          0|
    |Vtemp3_7_7_value_1_fu_2058      |   32|   0|   32|          0|
    |Vtemp3_7_7_value_2_fu_2090      |   32|   0|   32|          0|
    |Vtemp3_7_7_value_3_fu_2122      |   32|   0|   32|          0|
    |Vtemp3_7_7_value_4_fu_2154      |   32|   0|   32|          0|
    |Vtemp3_7_7_value_5_fu_2186      |   32|   0|   32|          0|
    |Vtemp3_7_7_value_6_fu_2218      |   32|   0|   32|          0|
    |Vtemp3_7_7_value_7_fu_2250      |   32|   0|   32|          0|
    |Vtemp3_7_7_value_fu_2026        |   32|   0|   32|          0|
    |ap_CS_fsm                       |    7|   0|    7|          0|
    |ap_enable_reg_pp0_iter0         |    1|   0|    1|          0|
    |ap_enable_reg_pp0_iter1         |    1|   0|    1|          0|
    |c_0_reg_2746                    |    4|   0|    4|          0|
    |col_i_0_reg_2757                |    4|   0|    4|          0|
    |col_i_reg_13193                 |    4|   0|    4|          0|
    |destbuffer00_value_a_reg_13234  |   12|   0|   12|          0|
    |destbuffer01_value_a_reg_13254  |   12|   0|   12|          0|
    |destbuffer02_value_a_reg_13274  |   12|   0|   12|          0|
    |destbuffer03_value_a_reg_13294  |   12|   0|   12|          0|
    |destbuffer04_value_a_reg_13314  |   12|   0|   12|          0|
    |destbuffer05_value_a_reg_13334  |   12|   0|   12|          0|
    |destbuffer06_value_a_reg_13354  |   12|   0|   12|          0|
    |destbuffer07_value_a_reg_13374  |   12|   0|   12|          0|
    |destbuffer10_value_a_reg_13239  |   12|   0|   12|          0|
    |destbuffer11_value_a_reg_13259  |   12|   0|   12|          0|
    |destbuffer12_value_a_reg_13279  |   12|   0|   12|          0|
    |destbuffer13_value_a_reg_13299  |   12|   0|   12|          0|
    |destbuffer14_value_a_reg_13319  |   12|   0|   12|          0|
    |destbuffer15_value_a_reg_13339  |   12|   0|   12|          0|
    |destbuffer16_value_a_reg_13359  |   12|   0|   12|          0|
    |destbuffer17_value_a_reg_13379  |   12|   0|   12|          0|
    |destbuffer20_value_a_reg_13244  |   12|   0|   12|          0|
    |destbuffer21_value_a_reg_13264  |   12|   0|   12|          0|
    |destbuffer22_value_a_reg_13284  |   12|   0|   12|          0|
    |destbuffer23_value_a_reg_13304  |   12|   0|   12|          0|
    |destbuffer24_value_a_reg_13324  |   12|   0|   12|          0|
    |destbuffer25_value_a_reg_13344  |   12|   0|   12|          0|
    |destbuffer26_value_a_reg_13364  |   12|   0|   12|          0|
    |destbuffer27_value_a_reg_13384  |   12|   0|   12|          0|
    |destbuffer30_value_a_reg_13249  |   12|   0|   12|          0|
    |destbuffer31_value_a_reg_13269  |   12|   0|   12|          0|
    |destbuffer32_value_a_reg_13289  |   12|   0|   12|          0|
    |destbuffer33_value_a_reg_13309  |   12|   0|   12|          0|
    |destbuffer34_value_a_reg_13329  |   12|   0|   12|          0|
    |destbuffer35_value_a_reg_13349  |   12|   0|   12|          0|
    |destbuffer36_value_a_reg_13369  |   12|   0|   12|          0|
    |destbuffer37_value_a_reg_13389  |   12|   0|   12|          0|
    |i_0_reg_2734                    |    6|   0|    6|          0|
    |i_reg_13152                     |    6|   0|    6|          0|
    |trunc_ln2270_reg_13166          |    3|   0|    3|          0|
    |trunc_ln2384_reg_13198          |    3|   0|    3|          0|
    +--------------------------------+-----+----+-----+-----------+
    |Total                           |16807|   0|16807|          0|
    +--------------------------------+-----+----+-----+-----------+



================================================================
== Interface
================================================================
* Summary: 
+-----------------------------+-----+-----+------------+---------------------+--------------+
|          RTL Ports          | Dir | Bits|  Protocol  |    Source Object    |    C Type    |
+-----------------------------+-----+-----+------------+---------------------+--------------+
|ap_clk                       |  in |    1| ap_ctrl_hs |  reducepartitions0  | return value |
|ap_rst                       |  in |    1| ap_ctrl_hs |  reducepartitions0  | return value |
|ap_start                     |  in |    1| ap_ctrl_hs |  reducepartitions0  | return value |
|ap_done                      | out |    1| ap_ctrl_hs |  reducepartitions0  | return value |
|ap_idle                      | out |    1| ap_ctrl_hs |  reducepartitions0  | return value |
|ap_ready                     | out |    1| ap_ctrl_hs |  reducepartitions0  | return value |
|enable                       |  in |    1|   ap_none  |        enable       |    scalar    |
|sourcebuffer0_V_address0     | out |    9|  ap_memory |   sourcebuffer0_V   |     array    |
|sourcebuffer0_V_ce0          | out |    1|  ap_memory |   sourcebuffer0_V   |     array    |
|sourcebuffer0_V_q0           |  in |  512|  ap_memory |   sourcebuffer0_V   |     array    |
|sourcebuffer1_V_address0     | out |    9|  ap_memory |   sourcebuffer1_V   |     array    |
|sourcebuffer1_V_ce0          | out |    1|  ap_memory |   sourcebuffer1_V   |     array    |
|sourcebuffer1_V_q0           |  in |  512|  ap_memory |   sourcebuffer1_V   |     array    |
|sourcebuffer2_V_address0     | out |    9|  ap_memory |   sourcebuffer2_V   |     array    |
|sourcebuffer2_V_ce0          | out |    1|  ap_memory |   sourcebuffer2_V   |     array    |
|sourcebuffer2_V_q0           |  in |  512|  ap_memory |   sourcebuffer2_V   |     array    |
|sourcebuffer3_V_address0     | out |    9|  ap_memory |   sourcebuffer3_V   |     array    |
|sourcebuffer3_V_ce0          | out |    1|  ap_memory |   sourcebuffer3_V   |     array    |
|sourcebuffer3_V_q0           |  in |  512|  ap_memory |   sourcebuffer3_V   |     array    |
|destbuffer00_value_address0  | out |   12|  ap_memory |  destbuffer00_value |     array    |
|destbuffer00_value_ce0       | out |    1|  ap_memory |  destbuffer00_value |     array    |
|destbuffer00_value_we0       | out |    1|  ap_memory |  destbuffer00_value |     array    |
|destbuffer00_value_d0        | out |   32|  ap_memory |  destbuffer00_value |     array    |
|destbuffer00_value_q0        |  in |   32|  ap_memory |  destbuffer00_value |     array    |
|destbuffer01_value_address0  | out |   12|  ap_memory |  destbuffer01_value |     array    |
|destbuffer01_value_ce0       | out |    1|  ap_memory |  destbuffer01_value |     array    |
|destbuffer01_value_we0       | out |    1|  ap_memory |  destbuffer01_value |     array    |
|destbuffer01_value_d0        | out |   32|  ap_memory |  destbuffer01_value |     array    |
|destbuffer01_value_q0        |  in |   32|  ap_memory |  destbuffer01_value |     array    |
|destbuffer02_value_address0  | out |   12|  ap_memory |  destbuffer02_value |     array    |
|destbuffer02_value_ce0       | out |    1|  ap_memory |  destbuffer02_value |     array    |
|destbuffer02_value_we0       | out |    1|  ap_memory |  destbuffer02_value |     array    |
|destbuffer02_value_d0        | out |   32|  ap_memory |  destbuffer02_value |     array    |
|destbuffer02_value_q0        |  in |   32|  ap_memory |  destbuffer02_value |     array    |
|destbuffer03_value_address0  | out |   12|  ap_memory |  destbuffer03_value |     array    |
|destbuffer03_value_ce0       | out |    1|  ap_memory |  destbuffer03_value |     array    |
|destbuffer03_value_we0       | out |    1|  ap_memory |  destbuffer03_value |     array    |
|destbuffer03_value_d0        | out |   32|  ap_memory |  destbuffer03_value |     array    |
|destbuffer03_value_q0        |  in |   32|  ap_memory |  destbuffer03_value |     array    |
|destbuffer04_value_address0  | out |   12|  ap_memory |  destbuffer04_value |     array    |
|destbuffer04_value_ce0       | out |    1|  ap_memory |  destbuffer04_value |     array    |
|destbuffer04_value_we0       | out |    1|  ap_memory |  destbuffer04_value |     array    |
|destbuffer04_value_d0        | out |   32|  ap_memory |  destbuffer04_value |     array    |
|destbuffer04_value_q0        |  in |   32|  ap_memory |  destbuffer04_value |     array    |
|destbuffer05_value_address0  | out |   12|  ap_memory |  destbuffer05_value |     array    |
|destbuffer05_value_ce0       | out |    1|  ap_memory |  destbuffer05_value |     array    |
|destbuffer05_value_we0       | out |    1|  ap_memory |  destbuffer05_value |     array    |
|destbuffer05_value_d0        | out |   32|  ap_memory |  destbuffer05_value |     array    |
|destbuffer05_value_q0        |  in |   32|  ap_memory |  destbuffer05_value |     array    |
|destbuffer06_value_address0  | out |   12|  ap_memory |  destbuffer06_value |     array    |
|destbuffer06_value_ce0       | out |    1|  ap_memory |  destbuffer06_value |     array    |
|destbuffer06_value_we0       | out |    1|  ap_memory |  destbuffer06_value |     array    |
|destbuffer06_value_d0        | out |   32|  ap_memory |  destbuffer06_value |     array    |
|destbuffer06_value_q0        |  in |   32|  ap_memory |  destbuffer06_value |     array    |
|destbuffer07_value_address0  | out |   12|  ap_memory |  destbuffer07_value |     array    |
|destbuffer07_value_ce0       | out |    1|  ap_memory |  destbuffer07_value |     array    |
|destbuffer07_value_we0       | out |    1|  ap_memory |  destbuffer07_value |     array    |
|destbuffer07_value_d0        | out |   32|  ap_memory |  destbuffer07_value |     array    |
|destbuffer07_value_q0        |  in |   32|  ap_memory |  destbuffer07_value |     array    |
|destbuffer10_value_address0  | out |   12|  ap_memory |  destbuffer10_value |     array    |
|destbuffer10_value_ce0       | out |    1|  ap_memory |  destbuffer10_value |     array    |
|destbuffer10_value_we0       | out |    1|  ap_memory |  destbuffer10_value |     array    |
|destbuffer10_value_d0        | out |   32|  ap_memory |  destbuffer10_value |     array    |
|destbuffer10_value_q0        |  in |   32|  ap_memory |  destbuffer10_value |     array    |
|destbuffer11_value_address0  | out |   12|  ap_memory |  destbuffer11_value |     array    |
|destbuffer11_value_ce0       | out |    1|  ap_memory |  destbuffer11_value |     array    |
|destbuffer11_value_we0       | out |    1|  ap_memory |  destbuffer11_value |     array    |
|destbuffer11_value_d0        | out |   32|  ap_memory |  destbuffer11_value |     array    |
|destbuffer11_value_q0        |  in |   32|  ap_memory |  destbuffer11_value |     array    |
|destbuffer12_value_address0  | out |   12|  ap_memory |  destbuffer12_value |     array    |
|destbuffer12_value_ce0       | out |    1|  ap_memory |  destbuffer12_value |     array    |
|destbuffer12_value_we0       | out |    1|  ap_memory |  destbuffer12_value |     array    |
|destbuffer12_value_d0        | out |   32|  ap_memory |  destbuffer12_value |     array    |
|destbuffer12_value_q0        |  in |   32|  ap_memory |  destbuffer12_value |     array    |
|destbuffer13_value_address0  | out |   12|  ap_memory |  destbuffer13_value |     array    |
|destbuffer13_value_ce0       | out |    1|  ap_memory |  destbuffer13_value |     array    |
|destbuffer13_value_we0       | out |    1|  ap_memory |  destbuffer13_value |     array    |
|destbuffer13_value_d0        | out |   32|  ap_memory |  destbuffer13_value |     array    |
|destbuffer13_value_q0        |  in |   32|  ap_memory |  destbuffer13_value |     array    |
|destbuffer14_value_address0  | out |   12|  ap_memory |  destbuffer14_value |     array    |
|destbuffer14_value_ce0       | out |    1|  ap_memory |  destbuffer14_value |     array    |
|destbuffer14_value_we0       | out |    1|  ap_memory |  destbuffer14_value |     array    |
|destbuffer14_value_d0        | out |   32|  ap_memory |  destbuffer14_value |     array    |
|destbuffer14_value_q0        |  in |   32|  ap_memory |  destbuffer14_value |     array    |
|destbuffer15_value_address0  | out |   12|  ap_memory |  destbuffer15_value |     array    |
|destbuffer15_value_ce0       | out |    1|  ap_memory |  destbuffer15_value |     array    |
|destbuffer15_value_we0       | out |    1|  ap_memory |  destbuffer15_value |     array    |
|destbuffer15_value_d0        | out |   32|  ap_memory |  destbuffer15_value |     array    |
|destbuffer15_value_q0        |  in |   32|  ap_memory |  destbuffer15_value |     array    |
|destbuffer16_value_address0  | out |   12|  ap_memory |  destbuffer16_value |     array    |
|destbuffer16_value_ce0       | out |    1|  ap_memory |  destbuffer16_value |     array    |
|destbuffer16_value_we0       | out |    1|  ap_memory |  destbuffer16_value |     array    |
|destbuffer16_value_d0        | out |   32|  ap_memory |  destbuffer16_value |     array    |
|destbuffer16_value_q0        |  in |   32|  ap_memory |  destbuffer16_value |     array    |
|destbuffer17_value_address0  | out |   12|  ap_memory |  destbuffer17_value |     array    |
|destbuffer17_value_ce0       | out |    1|  ap_memory |  destbuffer17_value |     array    |
|destbuffer17_value_we0       | out |    1|  ap_memory |  destbuffer17_value |     array    |
|destbuffer17_value_d0        | out |   32|  ap_memory |  destbuffer17_value |     array    |
|destbuffer17_value_q0        |  in |   32|  ap_memory |  destbuffer17_value |     array    |
|destbuffer20_value_address0  | out |   12|  ap_memory |  destbuffer20_value |     array    |
|destbuffer20_value_ce0       | out |    1|  ap_memory |  destbuffer20_value |     array    |
|destbuffer20_value_we0       | out |    1|  ap_memory |  destbuffer20_value |     array    |
|destbuffer20_value_d0        | out |   32|  ap_memory |  destbuffer20_value |     array    |
|destbuffer20_value_q0        |  in |   32|  ap_memory |  destbuffer20_value |     array    |
|destbuffer21_value_address0  | out |   12|  ap_memory |  destbuffer21_value |     array    |
|destbuffer21_value_ce0       | out |    1|  ap_memory |  destbuffer21_value |     array    |
|destbuffer21_value_we0       | out |    1|  ap_memory |  destbuffer21_value |     array    |
|destbuffer21_value_d0        | out |   32|  ap_memory |  destbuffer21_value |     array    |
|destbuffer21_value_q0        |  in |   32|  ap_memory |  destbuffer21_value |     array    |
|destbuffer22_value_address0  | out |   12|  ap_memory |  destbuffer22_value |     array    |
|destbuffer22_value_ce0       | out |    1|  ap_memory |  destbuffer22_value |     array    |
|destbuffer22_value_we0       | out |    1|  ap_memory |  destbuffer22_value |     array    |
|destbuffer22_value_d0        | out |   32|  ap_memory |  destbuffer22_value |     array    |
|destbuffer22_value_q0        |  in |   32|  ap_memory |  destbuffer22_value |     array    |
|destbuffer23_value_address0  | out |   12|  ap_memory |  destbuffer23_value |     array    |
|destbuffer23_value_ce0       | out |    1|  ap_memory |  destbuffer23_value |     array    |
|destbuffer23_value_we0       | out |    1|  ap_memory |  destbuffer23_value |     array    |
|destbuffer23_value_d0        | out |   32|  ap_memory |  destbuffer23_value |     array    |
|destbuffer23_value_q0        |  in |   32|  ap_memory |  destbuffer23_value |     array    |
|destbuffer24_value_address0  | out |   12|  ap_memory |  destbuffer24_value |     array    |
|destbuffer24_value_ce0       | out |    1|  ap_memory |  destbuffer24_value |     array    |
|destbuffer24_value_we0       | out |    1|  ap_memory |  destbuffer24_value |     array    |
|destbuffer24_value_d0        | out |   32|  ap_memory |  destbuffer24_value |     array    |
|destbuffer24_value_q0        |  in |   32|  ap_memory |  destbuffer24_value |     array    |
|destbuffer25_value_address0  | out |   12|  ap_memory |  destbuffer25_value |     array    |
|destbuffer25_value_ce0       | out |    1|  ap_memory |  destbuffer25_value |     array    |
|destbuffer25_value_we0       | out |    1|  ap_memory |  destbuffer25_value |     array    |
|destbuffer25_value_d0        | out |   32|  ap_memory |  destbuffer25_value |     array    |
|destbuffer25_value_q0        |  in |   32|  ap_memory |  destbuffer25_value |     array    |
|destbuffer26_value_address0  | out |   12|  ap_memory |  destbuffer26_value |     array    |
|destbuffer26_value_ce0       | out |    1|  ap_memory |  destbuffer26_value |     array    |
|destbuffer26_value_we0       | out |    1|  ap_memory |  destbuffer26_value |     array    |
|destbuffer26_value_d0        | out |   32|  ap_memory |  destbuffer26_value |     array    |
|destbuffer26_value_q0        |  in |   32|  ap_memory |  destbuffer26_value |     array    |
|destbuffer27_value_address0  | out |   12|  ap_memory |  destbuffer27_value |     array    |
|destbuffer27_value_ce0       | out |    1|  ap_memory |  destbuffer27_value |     array    |
|destbuffer27_value_we0       | out |    1|  ap_memory |  destbuffer27_value |     array    |
|destbuffer27_value_d0        | out |   32|  ap_memory |  destbuffer27_value |     array    |
|destbuffer27_value_q0        |  in |   32|  ap_memory |  destbuffer27_value |     array    |
|destbuffer30_value_address0  | out |   12|  ap_memory |  destbuffer30_value |     array    |
|destbuffer30_value_ce0       | out |    1|  ap_memory |  destbuffer30_value |     array    |
|destbuffer30_value_we0       | out |    1|  ap_memory |  destbuffer30_value |     array    |
|destbuffer30_value_d0        | out |   32|  ap_memory |  destbuffer30_value |     array    |
|destbuffer30_value_q0        |  in |   32|  ap_memory |  destbuffer30_value |     array    |
|destbuffer31_value_address0  | out |   12|  ap_memory |  destbuffer31_value |     array    |
|destbuffer31_value_ce0       | out |    1|  ap_memory |  destbuffer31_value |     array    |
|destbuffer31_value_we0       | out |    1|  ap_memory |  destbuffer31_value |     array    |
|destbuffer31_value_d0        | out |   32|  ap_memory |  destbuffer31_value |     array    |
|destbuffer31_value_q0        |  in |   32|  ap_memory |  destbuffer31_value |     array    |
|destbuffer32_value_address0  | out |   12|  ap_memory |  destbuffer32_value |     array    |
|destbuffer32_value_ce0       | out |    1|  ap_memory |  destbuffer32_value |     array    |
|destbuffer32_value_we0       | out |    1|  ap_memory |  destbuffer32_value |     array    |
|destbuffer32_value_d0        | out |   32|  ap_memory |  destbuffer32_value |     array    |
|destbuffer32_value_q0        |  in |   32|  ap_memory |  destbuffer32_value |     array    |
|destbuffer33_value_address0  | out |   12|  ap_memory |  destbuffer33_value |     array    |
|destbuffer33_value_ce0       | out |    1|  ap_memory |  destbuffer33_value |     array    |
|destbuffer33_value_we0       | out |    1|  ap_memory |  destbuffer33_value |     array    |
|destbuffer33_value_d0        | out |   32|  ap_memory |  destbuffer33_value |     array    |
|destbuffer33_value_q0        |  in |   32|  ap_memory |  destbuffer33_value |     array    |
|destbuffer34_value_address0  | out |   12|  ap_memory |  destbuffer34_value |     array    |
|destbuffer34_value_ce0       | out |    1|  ap_memory |  destbuffer34_value |     array    |
|destbuffer34_value_we0       | out |    1|  ap_memory |  destbuffer34_value |     array    |
|destbuffer34_value_d0        | out |   32|  ap_memory |  destbuffer34_value |     array    |
|destbuffer34_value_q0        |  in |   32|  ap_memory |  destbuffer34_value |     array    |
|destbuffer35_value_address0  | out |   12|  ap_memory |  destbuffer35_value |     array    |
|destbuffer35_value_ce0       | out |    1|  ap_memory |  destbuffer35_value |     array    |
|destbuffer35_value_we0       | out |    1|  ap_memory |  destbuffer35_value |     array    |
|destbuffer35_value_d0        | out |   32|  ap_memory |  destbuffer35_value |     array    |
|destbuffer35_value_q0        |  in |   32|  ap_memory |  destbuffer35_value |     array    |
|destbuffer36_value_address0  | out |   12|  ap_memory |  destbuffer36_value |     array    |
|destbuffer36_value_ce0       | out |    1|  ap_memory |  destbuffer36_value |     array    |
|destbuffer36_value_we0       | out |    1|  ap_memory |  destbuffer36_value |     array    |
|destbuffer36_value_d0        | out |   32|  ap_memory |  destbuffer36_value |     array    |
|destbuffer36_value_q0        |  in |   32|  ap_memory |  destbuffer36_value |     array    |
|destbuffer37_value_address0  | out |   12|  ap_memory |  destbuffer37_value |     array    |
|destbuffer37_value_ce0       | out |    1|  ap_memory |  destbuffer37_value |     array    |
|destbuffer37_value_we0       | out |    1|  ap_memory |  destbuffer37_value |     array    |
|destbuffer37_value_d0        | out |   32|  ap_memory |  destbuffer37_value |     array    |
|destbuffer37_value_q0        |  in |   32|  ap_memory |  destbuffer37_value |     array    |
|globalparams_vbegin          |  in |   32|   ap_none  | globalparams_vbegin |    scalar    |
+-----------------------------+-----+-----+------------+---------------------+--------------+

