

================================================================
== Vivado HLS Report for 'savekeyvalues0_251'
================================================================
* Date:           Mon Jul 27 23:31:44 2020

* Version:        2019.1.3 (Build 2642998 on Wed Sep 04 10:25:22 MDT 2019)
* Project:        actsofagraph
* Solution:       solution1
* Product family: virtexuplus
* Target device:  xcvu9p-fsgd2104-2-i


================================================================
== Performance Estimates
================================================================
+ Timing (ns): 
    * Summary: 
    +--------+-------+----------+------------+
    |  Clock | Target| Estimated| Uncertainty|
    +--------+-------+----------+------------+
    |ap_clk  |  10.00|     8.750|        1.25|
    +--------+-------+----------+------------+

+ Latency (clock cycles): 
    * Summary: 
    +-----+-----+-----+-----+---------+
    |  Latency  |  Interval | Pipeline|
    | min | max | min | max |   Type  |
    +-----+-----+-----+-----+---------+
    |   40|   40|   40|   40|   none  |
    +-----+-----+-----+-----+---------+

    + Detail: 
        * Instance: 
        N/A

        * Loop: 
        +----------------------+-----+-----+----------+-----------+-----------+------+----------+
        |                      |  Latency  | Iteration|  Initiation Interval  | Trip |          |
        |       Loop Name      | min | max |  Latency |  achieved |   target  | Count| Pipelined|
        +----------------------+-----+-----+----------+-----------+-----------+------+----------+
        |- SAVEKEYVALUES_LOOP  |   33|   33|         3|          1|          1|    32|    yes   |
        +----------------------+-----+-----+----------+-----------+-----------+------+----------+



================================================================
== Utilization Estimates
================================================================
* Summary: 
+---------------------+---------+-------+---------+---------+-----+
|         Name        | BRAM_18K| DSP48E|    FF   |   LUT   | URAM|
+---------------------+---------+-------+---------+---------+-----+
|DSP                  |        -|      -|        -|        -|    -|
|Expression           |        -|      -|        0|       90|    -|
|FIFO                 |        -|      -|        -|        -|    -|
|Instance             |        -|      -|        -|        -|    -|
|Memory               |        -|      -|        -|        -|    -|
|Multiplexer          |        -|      -|        -|       98|    -|
|Register             |        -|      -|      116|        -|    -|
+---------------------+---------+-------+---------+---------+-----+
|Total                |        0|      0|      116|      188|    0|
+---------------------+---------+-------+---------+---------+-----+
|Available SLR        |     1440|   2280|   788160|   394080|  320|
+---------------------+---------+-------+---------+---------+-----+
|Utilization SLR (%)  |        0|      0|    ~0   |    ~0   |    0|
+---------------------+---------+-------+---------+---------+-----+
|Available            |     4320|   6840|  2364480|  1182240|  960|
+---------------------+---------+-------+---------+---------+-----+
|Utilization (%)      |        0|      0|    ~0   |    ~0   |    0|
+---------------------+---------+-------+---------+---------+-----+

+ Detail: 
    * Instance: 
    N/A

    * DSP48E: 
    N/A

    * Memory: 
    N/A

    * FIFO: 
    N/A

    * Expression: 
    +---------------------------+----------+-------+---+----+------------+------------+
    |       Variable Name       | Operation| DSP48E| FF| LUT| Bitwidth P0| Bitwidth P1|
    +---------------------------+----------+-------+---+----+------------+------------+
    |add_ln2517_1_fu_145_p2     |     +    |      0|  0|  33|          33|          33|
    |add_ln2517_fu_131_p2       |     +    |      0|  0|  32|          32|          11|
    |i_fu_167_p2                |     +    |      0|  0|   6|           6|           1|
    |ap_block_pp0_stage0_11001  |    and   |      0|  0|   2|           1|           1|
    |ap_block_state5_io         |    and   |      0|  0|   2|           1|           1|
    |icmp_ln2514_fu_161_p2      |   icmp   |      0|  0|  11|           6|           7|
    |ap_enable_pp0              |    xor   |      0|  0|   2|           1|           2|
    |ap_enable_reg_pp0_iter1    |    xor   |      0|  0|   2|           2|           1|
    +---------------------------+----------+-------+---+----+------------+------------+
    |Total                      |          |      0|  0|  90|          82|          57|
    +---------------------------+----------+-------+---+----+------------+------------+

    * Multiplexer: 
    +-------------------------+----+-----------+-----+-----------+
    |           Name          | LUT| Input Size| Bits| Total Bits|
    +-------------------------+----+-----------+-----+-----------+
    |ap_NS_fsm                |  44|          9|    1|          9|
    |ap_enable_reg_pp0_iter1  |   9|          2|    1|          2|
    |ap_enable_reg_pp0_iter2  |   9|          2|    1|          2|
    |dram_blk_n_AW            |   9|          2|    1|          2|
    |dram_blk_n_B             |   9|          2|    1|          2|
    |dram_blk_n_W             |   9|          2|    1|          2|
    |i_0_reg_120              |   9|          2|    6|         12|
    +-------------------------+----+-----------+-----+-----------+
    |Total                    |  98|         21|   12|         31|
    +-------------------------+----+-----------+-----+-----------+

    * Register: 
    +-----------------------------------+----+----+-----+-----------+
    |                Name               | FF | LUT| Bits| Const Bits|
    +-----------------------------------+----+----+-----+-----------+
    |add_ln2517_1_reg_186               |  33|   0|   33|          0|
    |ap_CS_fsm                          |   8|   0|    8|          0|
    |ap_enable_reg_pp0_iter0            |   1|   0|    1|          0|
    |ap_enable_reg_pp0_iter1            |   1|   0|    1|          0|
    |ap_enable_reg_pp0_iter2            |   1|   0|    1|          0|
    |buffer_key_load_reg_216            |  32|   0|   32|          0|
    |buffer_value_load_reg_221          |  32|   0|   32|          0|
    |i_0_reg_120                        |   6|   0|    6|          0|
    |icmp_ln2514_reg_197                |   1|   0|    1|          0|
    |icmp_ln2514_reg_197_pp0_iter1_reg  |   1|   0|    1|          0|
    +-----------------------------------+----+----+-----+-----------+
    |Total                              | 116|   0|  116|          0|
    +-----------------------------------+----+----+-----+-----------+



================================================================
== Interface
================================================================
* Summary: 
+-----------------------+-----+-----+------------+--------------------+--------------+
|       RTL Ports       | Dir | Bits|  Protocol  |    Source Object   |    C Type    |
+-----------------------+-----+-----+------------+--------------------+--------------+
|ap_clk                 |  in |    1| ap_ctrl_hs | savekeyvalues0.251 | return value |
|ap_rst                 |  in |    1| ap_ctrl_hs | savekeyvalues0.251 | return value |
|ap_start               |  in |    1| ap_ctrl_hs | savekeyvalues0.251 | return value |
|ap_done                | out |    1| ap_ctrl_hs | savekeyvalues0.251 | return value |
|ap_idle                | out |    1| ap_ctrl_hs | savekeyvalues0.251 | return value |
|ap_ready               | out |    1| ap_ctrl_hs | savekeyvalues0.251 | return value |
|m_axi_dram_AWVALID     | out |    1|    m_axi   |        dram        |    pointer   |
|m_axi_dram_AWREADY     |  in |    1|    m_axi   |        dram        |    pointer   |
|m_axi_dram_AWADDR      | out |   32|    m_axi   |        dram        |    pointer   |
|m_axi_dram_AWID        | out |    1|    m_axi   |        dram        |    pointer   |
|m_axi_dram_AWLEN       | out |   32|    m_axi   |        dram        |    pointer   |
|m_axi_dram_AWSIZE      | out |    3|    m_axi   |        dram        |    pointer   |
|m_axi_dram_AWBURST     | out |    2|    m_axi   |        dram        |    pointer   |
|m_axi_dram_AWLOCK      | out |    2|    m_axi   |        dram        |    pointer   |
|m_axi_dram_AWCACHE     | out |    4|    m_axi   |        dram        |    pointer   |
|m_axi_dram_AWPROT      | out |    3|    m_axi   |        dram        |    pointer   |
|m_axi_dram_AWQOS       | out |    4|    m_axi   |        dram        |    pointer   |
|m_axi_dram_AWREGION    | out |    4|    m_axi   |        dram        |    pointer   |
|m_axi_dram_AWUSER      | out |    1|    m_axi   |        dram        |    pointer   |
|m_axi_dram_WVALID      | out |    1|    m_axi   |        dram        |    pointer   |
|m_axi_dram_WREADY      |  in |    1|    m_axi   |        dram        |    pointer   |
|m_axi_dram_WDATA       | out |   64|    m_axi   |        dram        |    pointer   |
|m_axi_dram_WSTRB       | out |    8|    m_axi   |        dram        |    pointer   |
|m_axi_dram_WLAST       | out |    1|    m_axi   |        dram        |    pointer   |
|m_axi_dram_WID         | out |    1|    m_axi   |        dram        |    pointer   |
|m_axi_dram_WUSER       | out |    1|    m_axi   |        dram        |    pointer   |
|m_axi_dram_ARVALID     | out |    1|    m_axi   |        dram        |    pointer   |
|m_axi_dram_ARREADY     |  in |    1|    m_axi   |        dram        |    pointer   |
|m_axi_dram_ARADDR      | out |   32|    m_axi   |        dram        |    pointer   |
|m_axi_dram_ARID        | out |    1|    m_axi   |        dram        |    pointer   |
|m_axi_dram_ARLEN       | out |   32|    m_axi   |        dram        |    pointer   |
|m_axi_dram_ARSIZE      | out |    3|    m_axi   |        dram        |    pointer   |
|m_axi_dram_ARBURST     | out |    2|    m_axi   |        dram        |    pointer   |
|m_axi_dram_ARLOCK      | out |    2|    m_axi   |        dram        |    pointer   |
|m_axi_dram_ARCACHE     | out |    4|    m_axi   |        dram        |    pointer   |
|m_axi_dram_ARPROT      | out |    3|    m_axi   |        dram        |    pointer   |
|m_axi_dram_ARQOS       | out |    4|    m_axi   |        dram        |    pointer   |
|m_axi_dram_ARREGION    | out |    4|    m_axi   |        dram        |    pointer   |
|m_axi_dram_ARUSER      | out |    1|    m_axi   |        dram        |    pointer   |
|m_axi_dram_RVALID      |  in |    1|    m_axi   |        dram        |    pointer   |
|m_axi_dram_RREADY      | out |    1|    m_axi   |        dram        |    pointer   |
|m_axi_dram_RDATA       |  in |   64|    m_axi   |        dram        |    pointer   |
|m_axi_dram_RLAST       |  in |    1|    m_axi   |        dram        |    pointer   |
|m_axi_dram_RID         |  in |    1|    m_axi   |        dram        |    pointer   |
|m_axi_dram_RUSER       |  in |    1|    m_axi   |        dram        |    pointer   |
|m_axi_dram_RRESP       |  in |    2|    m_axi   |        dram        |    pointer   |
|m_axi_dram_BVALID      |  in |    1|    m_axi   |        dram        |    pointer   |
|m_axi_dram_BREADY      | out |    1|    m_axi   |        dram        |    pointer   |
|m_axi_dram_BRESP       |  in |    2|    m_axi   |        dram        |    pointer   |
|m_axi_dram_BID         |  in |    1|    m_axi   |        dram        |    pointer   |
|m_axi_dram_BUSER       |  in |    1|    m_axi   |        dram        |    pointer   |
|dram_offset            |  in |   29|   ap_none  |     dram_offset    |    scalar    |
|buffer_key_address0    | out |    5|  ap_memory |     buffer_key     |     array    |
|buffer_key_ce0         | out |    1|  ap_memory |     buffer_key     |     array    |
|buffer_key_q0          |  in |   32|  ap_memory |     buffer_key     |     array    |
|buffer_value_address0  | out |    5|  ap_memory |    buffer_value    |     array    |
|buffer_value_ce0       | out |    1|  ap_memory |    buffer_value    |     array    |
|buffer_value_q0        |  in |   32|  ap_memory |    buffer_value    |     array    |
|offset_kvs             |  in |   32|   ap_none  |     offset_kvs     |    scalar    |
+-----------------------+-----+-----+------------+--------------------+--------------+

