

================================================================
== Vivado HLS Report for 'savekeyvalues0_2'
================================================================
* Date:           Mon Jul 27 23:31:43 2020

* Version:        2019.1.3 (Build 2642998 on Wed Sep 04 10:25:22 MDT 2019)
* Project:        actsofagraph
* Solution:       solution1
* Product family: virtexuplus
* Target device:  xcvu9p-fsgd2104-2-i


================================================================
== Performance Estimates
================================================================
+ Timing (ns): 
    * Summary: 
    +--------+-------+----------+------------+
    |  Clock | Target| Estimated| Uncertainty|
    +--------+-------+----------+------------+
    |ap_clk  |  10.00|     8.750|        1.25|
    +--------+-------+----------+------------+

+ Latency (clock cycles): 
    * Summary: 
    +-----+-----+-----+-----+---------+
    |  Latency  |  Interval | Pipeline|
    | min | max | min | max |   Type  |
    +-----+-----+-----+-----+---------+
    |  264|  264|  264|  264|   none  |
    +-----+-----+-----+-----+---------+

    + Detail: 
        * Instance: 
        N/A

        * Loop: 
        +----------------------+-----+-----+----------+-----------+-----------+------+----------+
        |                      |  Latency  | Iteration|  Initiation Interval  | Trip |          |
        |       Loop Name      | min | max |  Latency |  achieved |   target  | Count| Pipelined|
        +----------------------+-----+-----+----------+-----------+-----------+------+----------+
        |- SAVEKEYVALUES_LOOP  |  257|  257|         3|          1|          1|   256|    yes   |
        +----------------------+-----+-----+----------+-----------+-----------+------+----------+



================================================================
== Utilization Estimates
================================================================
* Summary: 
+---------------------+---------+-------+---------+---------+-----+
|         Name        | BRAM_18K| DSP48E|    FF   |   LUT   | URAM|
+---------------------+---------+-------+---------+---------+-----+
|DSP                  |        -|      -|        -|        -|    -|
|Expression           |        -|      -|        0|       61|    -|
|FIFO                 |        -|      -|        -|        -|    -|
|Instance             |        -|      -|        -|        -|    -|
|Memory               |        -|      -|        -|        -|    -|
|Multiplexer          |        -|      -|        -|       98|    -|
|Register             |        -|      -|      565|        -|    -|
+---------------------+---------+-------+---------+---------+-----+
|Total                |        0|      0|      565|      159|    0|
+---------------------+---------+-------+---------+---------+-----+
|Available SLR        |     1440|   2280|   788160|   394080|  320|
+---------------------+---------+-------+---------+---------+-----+
|Utilization SLR (%)  |        0|      0|    ~0   |    ~0   |    0|
+---------------------+---------+-------+---------+---------+-----+
|Available            |     4320|   6840|  2364480|  1182240|  960|
+---------------------+---------+-------+---------+---------+-----+
|Utilization (%)      |        0|      0|    ~0   |    ~0   |    0|
+---------------------+---------+-------+---------+---------+-----+

+ Detail: 
    * Instance: 
    N/A

    * DSP48E: 
    N/A

    * Memory: 
    N/A

    * FIFO: 
    N/A

    * Expression: 
    +---------------------------+----------+-------+---+----+------------+------------+
    |       Variable Name       | Operation| DSP48E| FF| LUT| Bitwidth P0| Bitwidth P1|
    +---------------------------+----------+-------+---+----+------------+------------+
    |add_ln392_fu_349_p2        |     +    |      0|  0|  31|          31|          31|
    |i_fu_371_p2                |     +    |      0|  0|   9|           9|           1|
    |ap_block_pp0_stage0_11001  |    and   |      0|  0|   2|           1|           1|
    |ap_block_state5_io         |    and   |      0|  0|   2|           1|           1|
    |icmp_ln2530_fu_365_p2      |   icmp   |      0|  0|  13|           9|          10|
    |ap_enable_pp0              |    xor   |      0|  0|   2|           1|           2|
    |ap_enable_reg_pp0_iter1    |    xor   |      0|  0|   2|           2|           1|
    +---------------------------+----------+-------+---+----+------------+------------+
    |Total                      |          |      0|  0|  61|          54|          47|
    +---------------------------+----------+-------+---+----+------------+------------+

    * Multiplexer: 
    +-------------------------+----+-----------+-----+-----------+
    |           Name          | LUT| Input Size| Bits| Total Bits|
    +-------------------------+----+-----------+-----+-----------+
    |ap_NS_fsm                |  44|          9|    1|          9|
    |ap_enable_reg_pp0_iter1  |   9|          2|    1|          2|
    |ap_enable_reg_pp0_iter2  |   9|          2|    1|          2|
    |i_0_reg_330              |   9|          2|    9|         18|
    |kvdram_V_blk_n_AW        |   9|          2|    1|          2|
    |kvdram_V_blk_n_B         |   9|          2|    1|          2|
    |kvdram_V_blk_n_W         |   9|          2|    1|          2|
    +-------------------------+----+-----------+-----+-----------+
    |Total                    |  98|         21|   15|         37|
    +-------------------------+----+-----------+-----+-----------+

    * Register: 
    +-----------------------------------+----+----+-----+-----------+
    |                Name               | FF | LUT| Bits| Const Bits|
    +-----------------------------------+----+----+-----+-----------+
    |add_ln392_reg_418                  |  31|   0|   31|          0|
    |ap_CS_fsm                          |   8|   0|    8|          0|
    |ap_enable_reg_pp0_iter0            |   1|   0|    1|          0|
    |ap_enable_reg_pp0_iter1            |   1|   0|    1|          0|
    |ap_enable_reg_pp0_iter2            |   1|   0|    1|          0|
    |buffer30_key_load_reg_518          |  32|   0|   32|          0|
    |buffer30_value_load_reg_523        |  32|   0|   32|          0|
    |buffer31_key_load_reg_528          |  32|   0|   32|          0|
    |buffer31_value_load_reg_533        |  32|   0|   32|          0|
    |buffer32_key_load_reg_538          |  32|   0|   32|          0|
    |buffer32_value_load_reg_543        |  32|   0|   32|          0|
    |buffer33_key_load_reg_548          |  32|   0|   32|          0|
    |buffer33_value_load_reg_553        |  32|   0|   32|          0|
    |buffer34_key_load_reg_558          |  32|   0|   32|          0|
    |buffer34_value_load_reg_563        |  32|   0|   32|          0|
    |buffer35_key_load_reg_568          |  32|   0|   32|          0|
    |buffer35_value_load_reg_573        |  32|   0|   32|          0|
    |buffer36_key_load_reg_578          |  32|   0|   32|          0|
    |buffer36_value_load_reg_583        |  32|   0|   32|          0|
    |buffer37_key_load_reg_588          |  32|   0|   32|          0|
    |buffer37_value_load_reg_593        |  32|   0|   32|          0|
    |i_0_reg_330                        |   9|   0|    9|          0|
    |icmp_ln2530_reg_429                |   1|   0|    1|          0|
    |icmp_ln2530_reg_429_pp0_iter1_reg  |   1|   0|    1|          0|
    +-----------------------------------+----+----+-----+-----------+
    |Total                              | 565|   0|  565|          0|
    +-----------------------------------+----+----+-----+-----------+



================================================================
== Interface
================================================================
* Summary: 
+-------------------------+-----+-----+------------+------------------+--------------+
|        RTL Ports        | Dir | Bits|  Protocol  |   Source Object  |    C Type    |
+-------------------------+-----+-----+------------+------------------+--------------+
|ap_clk                   |  in |    1| ap_ctrl_hs | savekeyvalues0.2 | return value |
|ap_rst                   |  in |    1| ap_ctrl_hs | savekeyvalues0.2 | return value |
|ap_start                 |  in |    1| ap_ctrl_hs | savekeyvalues0.2 | return value |
|ap_done                  | out |    1| ap_ctrl_hs | savekeyvalues0.2 | return value |
|ap_idle                  | out |    1| ap_ctrl_hs | savekeyvalues0.2 | return value |
|ap_ready                 | out |    1| ap_ctrl_hs | savekeyvalues0.2 | return value |
|m_axi_kvdram_V_AWVALID   | out |    1|    m_axi   |     kvdram_V     |    pointer   |
|m_axi_kvdram_V_AWREADY   |  in |    1|    m_axi   |     kvdram_V     |    pointer   |
|m_axi_kvdram_V_AWADDR    | out |   32|    m_axi   |     kvdram_V     |    pointer   |
|m_axi_kvdram_V_AWID      | out |    1|    m_axi   |     kvdram_V     |    pointer   |
|m_axi_kvdram_V_AWLEN     | out |   32|    m_axi   |     kvdram_V     |    pointer   |
|m_axi_kvdram_V_AWSIZE    | out |    3|    m_axi   |     kvdram_V     |    pointer   |
|m_axi_kvdram_V_AWBURST   | out |    2|    m_axi   |     kvdram_V     |    pointer   |
|m_axi_kvdram_V_AWLOCK    | out |    2|    m_axi   |     kvdram_V     |    pointer   |
|m_axi_kvdram_V_AWCACHE   | out |    4|    m_axi   |     kvdram_V     |    pointer   |
|m_axi_kvdram_V_AWPROT    | out |    3|    m_axi   |     kvdram_V     |    pointer   |
|m_axi_kvdram_V_AWQOS     | out |    4|    m_axi   |     kvdram_V     |    pointer   |
|m_axi_kvdram_V_AWREGION  | out |    4|    m_axi   |     kvdram_V     |    pointer   |
|m_axi_kvdram_V_AWUSER    | out |    1|    m_axi   |     kvdram_V     |    pointer   |
|m_axi_kvdram_V_WVALID    | out |    1|    m_axi   |     kvdram_V     |    pointer   |
|m_axi_kvdram_V_WREADY    |  in |    1|    m_axi   |     kvdram_V     |    pointer   |
|m_axi_kvdram_V_WDATA     | out |  512|    m_axi   |     kvdram_V     |    pointer   |
|m_axi_kvdram_V_WSTRB     | out |   64|    m_axi   |     kvdram_V     |    pointer   |
|m_axi_kvdram_V_WLAST     | out |    1|    m_axi   |     kvdram_V     |    pointer   |
|m_axi_kvdram_V_WID       | out |    1|    m_axi   |     kvdram_V     |    pointer   |
|m_axi_kvdram_V_WUSER     | out |    1|    m_axi   |     kvdram_V     |    pointer   |
|m_axi_kvdram_V_ARVALID   | out |    1|    m_axi   |     kvdram_V     |    pointer   |
|m_axi_kvdram_V_ARREADY   |  in |    1|    m_axi   |     kvdram_V     |    pointer   |
|m_axi_kvdram_V_ARADDR    | out |   32|    m_axi   |     kvdram_V     |    pointer   |
|m_axi_kvdram_V_ARID      | out |    1|    m_axi   |     kvdram_V     |    pointer   |
|m_axi_kvdram_V_ARLEN     | out |   32|    m_axi   |     kvdram_V     |    pointer   |
|m_axi_kvdram_V_ARSIZE    | out |    3|    m_axi   |     kvdram_V     |    pointer   |
|m_axi_kvdram_V_ARBURST   | out |    2|    m_axi   |     kvdram_V     |    pointer   |
|m_axi_kvdram_V_ARLOCK    | out |    2|    m_axi   |     kvdram_V     |    pointer   |
|m_axi_kvdram_V_ARCACHE   | out |    4|    m_axi   |     kvdram_V     |    pointer   |
|m_axi_kvdram_V_ARPROT    | out |    3|    m_axi   |     kvdram_V     |    pointer   |
|m_axi_kvdram_V_ARQOS     | out |    4|    m_axi   |     kvdram_V     |    pointer   |
|m_axi_kvdram_V_ARREGION  | out |    4|    m_axi   |     kvdram_V     |    pointer   |
|m_axi_kvdram_V_ARUSER    | out |    1|    m_axi   |     kvdram_V     |    pointer   |
|m_axi_kvdram_V_RVALID    |  in |    1|    m_axi   |     kvdram_V     |    pointer   |
|m_axi_kvdram_V_RREADY    | out |    1|    m_axi   |     kvdram_V     |    pointer   |
|m_axi_kvdram_V_RDATA     |  in |  512|    m_axi   |     kvdram_V     |    pointer   |
|m_axi_kvdram_V_RLAST     |  in |    1|    m_axi   |     kvdram_V     |    pointer   |
|m_axi_kvdram_V_RID       |  in |    1|    m_axi   |     kvdram_V     |    pointer   |
|m_axi_kvdram_V_RUSER     |  in |    1|    m_axi   |     kvdram_V     |    pointer   |
|m_axi_kvdram_V_RRESP     |  in |    2|    m_axi   |     kvdram_V     |    pointer   |
|m_axi_kvdram_V_BVALID    |  in |    1|    m_axi   |     kvdram_V     |    pointer   |
|m_axi_kvdram_V_BREADY    | out |    1|    m_axi   |     kvdram_V     |    pointer   |
|m_axi_kvdram_V_BRESP     |  in |    2|    m_axi   |     kvdram_V     |    pointer   |
|m_axi_kvdram_V_BID       |  in |    1|    m_axi   |     kvdram_V     |    pointer   |
|m_axi_kvdram_V_BUSER     |  in |    1|    m_axi   |     kvdram_V     |    pointer   |
|kvdram_V_offset          |  in |   26|   ap_none  |  kvdram_V_offset |    scalar    |
|buffer30_key_address0    | out |   12|  ap_memory |   buffer30_key   |     array    |
|buffer30_key_ce0         | out |    1|  ap_memory |   buffer30_key   |     array    |
|buffer30_key_q0          |  in |   32|  ap_memory |   buffer30_key   |     array    |
|buffer30_value_address0  | out |   12|  ap_memory |  buffer30_value  |     array    |
|buffer30_value_ce0       | out |    1|  ap_memory |  buffer30_value  |     array    |
|buffer30_value_q0        |  in |   32|  ap_memory |  buffer30_value  |     array    |
|buffer31_key_address0    | out |   12|  ap_memory |   buffer31_key   |     array    |
|buffer31_key_ce0         | out |    1|  ap_memory |   buffer31_key   |     array    |
|buffer31_key_q0          |  in |   32|  ap_memory |   buffer31_key   |     array    |
|buffer31_value_address0  | out |   12|  ap_memory |  buffer31_value  |     array    |
|buffer31_value_ce0       | out |    1|  ap_memory |  buffer31_value  |     array    |
|buffer31_value_q0        |  in |   32|  ap_memory |  buffer31_value  |     array    |
|buffer32_key_address0    | out |   12|  ap_memory |   buffer32_key   |     array    |
|buffer32_key_ce0         | out |    1|  ap_memory |   buffer32_key   |     array    |
|buffer32_key_q0          |  in |   32|  ap_memory |   buffer32_key   |     array    |
|buffer32_value_address0  | out |   12|  ap_memory |  buffer32_value  |     array    |
|buffer32_value_ce0       | out |    1|  ap_memory |  buffer32_value  |     array    |
|buffer32_value_q0        |  in |   32|  ap_memory |  buffer32_value  |     array    |
|buffer33_key_address0    | out |   12|  ap_memory |   buffer33_key   |     array    |
|buffer33_key_ce0         | out |    1|  ap_memory |   buffer33_key   |     array    |
|buffer33_key_q0          |  in |   32|  ap_memory |   buffer33_key   |     array    |
|buffer33_value_address0  | out |   12|  ap_memory |  buffer33_value  |     array    |
|buffer33_value_ce0       | out |    1|  ap_memory |  buffer33_value  |     array    |
|buffer33_value_q0        |  in |   32|  ap_memory |  buffer33_value  |     array    |
|buffer34_key_address0    | out |   12|  ap_memory |   buffer34_key   |     array    |
|buffer34_key_ce0         | out |    1|  ap_memory |   buffer34_key   |     array    |
|buffer34_key_q0          |  in |   32|  ap_memory |   buffer34_key   |     array    |
|buffer34_value_address0  | out |   12|  ap_memory |  buffer34_value  |     array    |
|buffer34_value_ce0       | out |    1|  ap_memory |  buffer34_value  |     array    |
|buffer34_value_q0        |  in |   32|  ap_memory |  buffer34_value  |     array    |
|buffer35_key_address0    | out |   12|  ap_memory |   buffer35_key   |     array    |
|buffer35_key_ce0         | out |    1|  ap_memory |   buffer35_key   |     array    |
|buffer35_key_q0          |  in |   32|  ap_memory |   buffer35_key   |     array    |
|buffer35_value_address0  | out |   12|  ap_memory |  buffer35_value  |     array    |
|buffer35_value_ce0       | out |    1|  ap_memory |  buffer35_value  |     array    |
|buffer35_value_q0        |  in |   32|  ap_memory |  buffer35_value  |     array    |
|buffer36_key_address0    | out |   12|  ap_memory |   buffer36_key   |     array    |
|buffer36_key_ce0         | out |    1|  ap_memory |   buffer36_key   |     array    |
|buffer36_key_q0          |  in |   32|  ap_memory |   buffer36_key   |     array    |
|buffer36_value_address0  | out |   12|  ap_memory |  buffer36_value  |     array    |
|buffer36_value_ce0       | out |    1|  ap_memory |  buffer36_value  |     array    |
|buffer36_value_q0        |  in |   32|  ap_memory |  buffer36_value  |     array    |
|buffer37_key_address0    | out |   12|  ap_memory |   buffer37_key   |     array    |
|buffer37_key_ce0         | out |    1|  ap_memory |   buffer37_key   |     array    |
|buffer37_key_q0          |  in |   32|  ap_memory |   buffer37_key   |     array    |
|buffer37_value_address0  | out |   12|  ap_memory |  buffer37_value  |     array    |
|buffer37_value_ce0       | out |    1|  ap_memory |  buffer37_value  |     array    |
|buffer37_value_q0        |  in |   32|  ap_memory |  buffer37_value  |     array    |
|offset_kvs               |  in |   30|   ap_none  |    offset_kvs    |    scalar    |
+-------------------------+-----+-----+------------+------------------+--------------+

