

================================================================
== Vivado HLS Report for 'savepartitions0'
================================================================
* Date:           Mon Jul 27 23:31:38 2020

* Version:        2019.1.3 (Build 2642998 on Wed Sep 04 10:25:22 MDT 2019)
* Project:        actsofagraph
* Solution:       solution1
* Product family: virtexuplus
* Target device:  xcvu9p-fsgd2104-2-i


================================================================
== Performance Estimates
================================================================
+ Timing (ns): 
    * Summary: 
    +--------+-------+----------+------------+
    |  Clock | Target| Estimated| Uncertainty|
    +--------+-------+----------+------------+
    |ap_clk  |  10.00|     8.750|        1.25|
    +--------+-------+----------+------------+

+ Latency (clock cycles): 
    * Summary: 
    +------+------+------+------+---------+
    |   Latency   |   Interval  | Pipeline|
    |  min |  max |  min |  max |   Type  |
    +------+------+------+------+---------+
    |  8800|  8800|  8800|  8800|   none  |
    +------+------+------+------+---------+

    + Detail: 
        * Instance: 
        N/A

        * Loop: 
        +---------------------------------------------------------+------+------+----------+-----------+-----------+------+----------+
        |                                                         |   Latency   | Iteration|  Initiation Interval  | Trip |          |
        |                        Loop Name                        |  min |  max |  Latency |  achieved |   target  | Count| Pipelined|
        +---------------------------------------------------------+------+------+----------+-----------+-----------+------+----------+
        |- SAVEPARTITIONS0_MAINLOOP1A_SAVEPARTITIONS0_MAINLOOP1B  |  2133|  2133|        23|          1|          1|  2112|    yes   |
        |- UPDATEGLOBALSTATS0_LOOP1                               |    64|    64|         2|          -|          -|    32|    no    |
        |- SAVEPARTITIONS1_MAINLOOP1A_SAVEPARTITIONS1_MAINLOOP1B  |  2133|  2133|        23|          1|          1|  2112|    yes   |
        |- UPDATEGLOBALSTATS1_LOOP1                               |    64|    64|         2|          -|          -|    32|    no    |
        |- SAVEPARTITIONS2_MAINLOOP1A_SAVEPARTITIONS2_MAINLOOP1B  |  2133|  2133|        23|          1|          1|  2112|    yes   |
        |- UPDATEGLOBALSTATS2_LOOP1                               |    64|    64|         2|          -|          -|    32|    no    |
        |- SAVEPARTITIONS3_MAINLOOP1A_SAVEPARTITIONS3_MAINLOOP1B  |  2133|  2133|        23|          1|          1|  2112|    yes   |
        |- UPDATEGLOBALSTATS3_LOOP1                               |    64|    64|         2|          -|          -|    32|    no    |
        +---------------------------------------------------------+------+------+----------+-----------+-----------+------+----------+



================================================================
== Utilization Estimates
================================================================
* Summary: 
+---------------------+---------+-------+---------+---------+-----+
|         Name        | BRAM_18K| DSP48E|    FF   |   LUT   | URAM|
+---------------------+---------+-------+---------+---------+-----+
|DSP                  |        -|      -|        -|        -|    -|
|Expression           |        -|      -|        0|     1396|    -|
|FIFO                 |        -|      -|        -|        -|    -|
|Instance             |        -|      -|     3224|     2280|    -|
|Memory               |        -|      -|        -|        -|    -|
|Multiplexer          |        -|      -|        -|      591|    -|
|Register             |        0|      -|     3100|      256|    -|
+---------------------+---------+-------+---------+---------+-----+
|Total                |        0|      0|     6324|     4523|    0|
+---------------------+---------+-------+---------+---------+-----+
|Available SLR        |     1440|   2280|   788160|   394080|  320|
+---------------------+---------+-------+---------+---------+-----+
|Utilization SLR (%)  |        0|      0|    ~0   |        1|    0|
+---------------------+---------+-------+---------+---------+-----+
|Available            |     4320|   6840|  2364480|  1182240|  960|
+---------------------+---------+-------+---------+---------+-----+
|Utilization (%)      |        0|      0|    ~0   |    ~0   |    0|
+---------------------+---------+-------+---------+---------+-----+

+ Detail: 
    * Instance: 
    +--------------------------------------+---------------------------------+---------+-------+-----+-----+-----+
    |               Instance               |              Module             | BRAM_18K| DSP48E|  FF | LUT | URAM|
    +--------------------------------------+---------------------------------+---------+-------+-----+-----+-----+
    |topkernel_urem_12ns_8ns_12_16_1_U119  |topkernel_urem_12ns_8ns_12_16_1  |        0|      0|  403|  285|    0|
    |topkernel_urem_12ns_8ns_12_16_1_U120  |topkernel_urem_12ns_8ns_12_16_1  |        0|      0|  403|  285|    0|
    |topkernel_urem_12ns_8ns_12_16_1_U121  |topkernel_urem_12ns_8ns_12_16_1  |        0|      0|  403|  285|    0|
    |topkernel_urem_12ns_8ns_12_16_1_U122  |topkernel_urem_12ns_8ns_12_16_1  |        0|      0|  403|  285|    0|
    |topkernel_urem_12ns_8ns_12_16_1_U123  |topkernel_urem_12ns_8ns_12_16_1  |        0|      0|  403|  285|    0|
    |topkernel_urem_12ns_8ns_12_16_1_U124  |topkernel_urem_12ns_8ns_12_16_1  |        0|      0|  403|  285|    0|
    |topkernel_urem_12ns_8ns_12_16_1_U125  |topkernel_urem_12ns_8ns_12_16_1  |        0|      0|  403|  285|    0|
    |topkernel_urem_12ns_8ns_12_16_1_U126  |topkernel_urem_12ns_8ns_12_16_1  |        0|      0|  403|  285|    0|
    +--------------------------------------+---------------------------------+---------+-------+-----+-----+-----+
    |Total                                 |                                 |        0|      0| 3224| 2280|    0|
    +--------------------------------------+---------------------------------+---------+-------+-----+-----+-----+

    * DSP48E: 
    N/A

    * Memory: 
    N/A

    * FIFO: 
    N/A

    * Expression: 
    +-------------------------------------+----------+-------+---+----+------------+------------+
    |            Variable Name            | Operation| DSP48E| FF| LUT| Bitwidth P0| Bitwidth P1|
    +-------------------------------------+----------+-------+---+----+------------+------------+
    |add_ln264_1_fu_1203_p2               |     +    |      0|  0|  32|          32|           3|
    |add_ln264_2_fu_1411_p2               |     +    |      0|  0|  32|          32|           3|
    |add_ln264_3_fu_1619_p2               |     +    |      0|  0|  32|          32|           3|
    |add_ln264_fu_995_p2                  |     +    |      0|  0|  32|          32|           3|
    |add_ln2766_1_fu_862_p2               |     +    |      0|  0|   6|           6|           1|
    |add_ln2766_fu_824_p2                 |     +    |      0|  0|  12|          12|           1|
    |add_ln2767_2_fu_931_p2               |     +    |      0|  0|  32|          30|          30|
    |add_ln2786_fu_939_p2                 |     +    |      0|  0|  30|          30|          30|
    |add_ln2793_fu_1019_p2                |     +    |      0|  0|  32|          32|          32|
    |add_ln2797_1_fu_1070_p2              |     +    |      0|  0|   6|           6|           1|
    |add_ln2797_fu_1032_p2                |     +    |      0|  0|  12|          12|           1|
    |add_ln2798_2_fu_1139_p2              |     +    |      0|  0|  32|          30|          30|
    |add_ln2817_fu_1147_p2                |     +    |      0|  0|  30|          30|          30|
    |add_ln2824_fu_1227_p2                |     +    |      0|  0|  32|          32|          32|
    |add_ln2828_1_fu_1278_p2              |     +    |      0|  0|   6|           6|           1|
    |add_ln2828_fu_1240_p2                |     +    |      0|  0|  12|          12|           1|
    |add_ln2829_2_fu_1347_p2              |     +    |      0|  0|  32|          30|          30|
    |add_ln2848_fu_1355_p2                |     +    |      0|  0|  30|          30|          30|
    |add_ln2855_fu_1435_p2                |     +    |      0|  0|  32|          32|          32|
    |add_ln2859_1_fu_1486_p2              |     +    |      0|  0|   6|           6|           1|
    |add_ln2859_fu_1448_p2                |     +    |      0|  0|  12|          12|           1|
    |add_ln2860_2_fu_1555_p2              |     +    |      0|  0|  32|          30|          30|
    |add_ln2879_fu_1563_p2                |     +    |      0|  0|  30|          30|          30|
    |add_ln2886_fu_1643_p2                |     +    |      0|  0|  32|          32|          32|
    |add_ln321_1_fu_1158_p2               |     +    |      0|  0|  32|          30|          30|
    |add_ln321_2_fu_1366_p2               |     +    |      0|  0|  32|          30|          30|
    |add_ln321_3_fu_1574_p2               |     +    |      0|  0|  32|          30|          30|
    |add_ln321_fu_950_p2                  |     +    |      0|  0|  32|          30|          30|
    |grp_fu_778_p2                        |     +    |      0|  0|  32|          32|          32|
    |grp_fu_784_p2                        |     +    |      0|  0|  32|          32|          32|
    |i_1_fu_1091_p2                       |     +    |      0|  0|   7|           7|           1|
    |i_2_fu_1299_p2                       |     +    |      0|  0|   7|           7|           1|
    |i_3_fu_1507_p2                       |     +    |      0|  0|   7|           7|           1|
    |i_fu_883_p2                          |     +    |      0|  0|   7|           7|           1|
    |p_1_fu_1191_p2                       |     +    |      0|  0|   6|           6|           1|
    |p_2_fu_1399_p2                       |     +    |      0|  0|   6|           6|           1|
    |p_3_fu_1607_p2                       |     +    |      0|  0|   6|           6|           1|
    |p_fu_983_p2                          |     +    |      0|  0|   6|           6|           1|
    |ap_block_pp0_stage0_01001            |    and   |      0|  0|   2|           1|           1|
    |ap_block_pp1_stage0_01001            |    and   |      0|  0|   2|           1|           1|
    |ap_block_pp2_stage0_01001            |    and   |      0|  0|   2|           1|           1|
    |ap_block_pp3_stage0_01001            |    and   |      0|  0|   2|           1|           1|
    |ap_block_state102_pp3_stage0_iter22  |    and   |      0|  0|   2|           1|           1|
    |ap_block_state18_io                  |    and   |      0|  0|   2|           1|           1|
    |ap_block_state19_io                  |    and   |      0|  0|   2|           1|           1|
    |ap_block_state24_pp0_stage0_iter22   |    and   |      0|  0|   2|           1|           1|
    |ap_block_state44_io                  |    and   |      0|  0|   2|           1|           1|
    |ap_block_state45_io                  |    and   |      0|  0|   2|           1|           1|
    |ap_block_state50_pp1_stage0_iter22   |    and   |      0|  0|   2|           1|           1|
    |ap_block_state70_io                  |    and   |      0|  0|   2|           1|           1|
    |ap_block_state71_io                  |    and   |      0|  0|   2|           1|           1|
    |ap_block_state76_pp2_stage0_iter22   |    and   |      0|  0|   2|           1|           1|
    |ap_block_state96_io                  |    and   |      0|  0|   2|           1|           1|
    |ap_block_state97_io                  |    and   |      0|  0|   2|           1|           1|
    |empty_22_fu_955_p2                   |   icmp   |      0|  0|  13|          12|           1|
    |empty_25_fu_971_p2                   |   icmp   |      0|  0|  13|          12|           1|
    |empty_27_fu_1163_p2                  |   icmp   |      0|  0|  13|          12|           1|
    |empty_30_fu_1179_p2                  |   icmp   |      0|  0|  13|          12|           1|
    |empty_32_fu_1371_p2                  |   icmp   |      0|  0|  13|          12|           1|
    |empty_35_fu_1387_p2                  |   icmp   |      0|  0|  13|          12|           1|
    |empty_37_fu_1579_p2                  |   icmp   |      0|  0|  13|          12|           1|
    |empty_40_fu_1595_p2                  |   icmp   |      0|  0|  13|          12|           1|
    |icmp_ln2766_fu_818_p2                |   icmp   |      0|  0|  13|          12|          12|
    |icmp_ln2783_fu_848_p2                |   icmp   |      0|  0|  11|           7|           7|
    |icmp_ln2793_fu_977_p2                |   icmp   |      0|  0|  11|           6|           7|
    |icmp_ln2797_fu_1026_p2               |   icmp   |      0|  0|  13|          12|          12|
    |icmp_ln2814_fu_1056_p2               |   icmp   |      0|  0|  11|           7|           7|
    |icmp_ln2824_fu_1185_p2               |   icmp   |      0|  0|  11|           6|           7|
    |icmp_ln2828_fu_1234_p2               |   icmp   |      0|  0|  13|          12|          12|
    |icmp_ln2845_fu_1264_p2               |   icmp   |      0|  0|  11|           7|           7|
    |icmp_ln2855_fu_1393_p2               |   icmp   |      0|  0|  11|           6|           7|
    |icmp_ln2859_fu_1442_p2               |   icmp   |      0|  0|  13|          12|          12|
    |icmp_ln2876_fu_1472_p2               |   icmp   |      0|  0|  11|           7|           7|
    |icmp_ln2886_fu_1601_p2               |   icmp   |      0|  0|  11|           6|           7|
    |ap_block_pp0_stage0_11001            |    or    |      0|  0|   2|           1|           1|
    |ap_block_pp1_stage0_11001            |    or    |      0|  0|   2|           1|           1|
    |ap_block_pp2_stage0_11001            |    or    |      0|  0|   2|           1|           1|
    |ap_block_pp3_stage0_11001            |    or    |      0|  0|   2|           1|           1|
    |select_ln2766_fu_875_p3              |  select  |      0|  0|   6|           1|           6|
    |select_ln2767_1_fu_889_p3            |  select  |      0|  0|  29|           1|          29|
    |select_ln2767_2_fu_920_p3            |  select  |      0|  0|  29|           1|          29|
    |select_ln2767_fu_854_p3              |  select  |      0|  0|   7|           1|           1|
    |select_ln2797_fu_1083_p3             |  select  |      0|  0|   6|           1|           6|
    |select_ln2798_1_fu_1097_p3           |  select  |      0|  0|  29|           1|          29|
    |select_ln2798_2_fu_1128_p3           |  select  |      0|  0|  29|           1|          29|
    |select_ln2798_fu_1062_p3             |  select  |      0|  0|   7|           1|           1|
    |select_ln2828_fu_1291_p3             |  select  |      0|  0|   6|           1|           6|
    |select_ln2829_1_fu_1305_p3           |  select  |      0|  0|  29|           1|          29|
    |select_ln2829_2_fu_1336_p3           |  select  |      0|  0|  29|           1|          29|
    |select_ln2829_fu_1270_p3             |  select  |      0|  0|   7|           1|           1|
    |select_ln2859_fu_1499_p3             |  select  |      0|  0|   6|           1|           6|
    |select_ln2860_1_fu_1513_p3           |  select  |      0|  0|  29|           1|          29|
    |select_ln2860_2_fu_1544_p3           |  select  |      0|  0|  29|           1|          29|
    |select_ln2860_fu_1478_p3             |  select  |      0|  0|   7|           1|           1|
    |ap_enable_pp0                        |    xor   |      0|  0|   2|           1|           2|
    |ap_enable_pp1                        |    xor   |      0|  0|   2|           1|           2|
    |ap_enable_pp2                        |    xor   |      0|  0|   2|           1|           2|
    |ap_enable_pp3                        |    xor   |      0|  0|   2|           1|           2|
    +-------------------------------------+----------+-------+---+----+------------+------------+
    |Total                                |          |      0|  0|1396|        1040|         980|
    +-------------------------------------+----------+-------+---+----+------------+------------+

    * Multiplexer: 
    +-------------------------------------------+----+-----------+-----+-----------+
    |                    Name                   | LUT| Input Size| Bits| Total Bits|
    +-------------------------------------------+----+-----------+-----+-----------+
    |ap_NS_fsm                                  |  89|         18|    1|         18|
    |ap_enable_reg_pp0_iter16                   |   9|          2|    1|          2|
    |ap_enable_reg_pp0_iter22                   |   9|          2|    1|          2|
    |ap_enable_reg_pp1_iter16                   |   9|          2|    1|          2|
    |ap_enable_reg_pp1_iter22                   |   9|          2|    1|          2|
    |ap_enable_reg_pp2_iter16                   |   9|          2|    1|          2|
    |ap_enable_reg_pp2_iter22                   |   9|          2|    1|          2|
    |ap_enable_reg_pp3_iter16                   |   9|          2|    1|          2|
    |ap_enable_reg_pp3_iter22                   |   9|          2|    1|          2|
    |ap_phi_mux_indvar_flatten19_phi_fu_647_p4  |   9|          2|   12|         24|
    |ap_phi_mux_indvar_flatten35_phi_fu_692_p4  |   9|          2|   12|         24|
    |ap_phi_mux_indvar_flatten51_phi_fu_737_p4  |   9|          2|   12|         24|
    |ap_phi_mux_indvar_flatten_phi_fu_602_p4    |   9|          2|   12|         24|
    |i12_0_reg_711                              |   9|          2|    7|         14|
    |i18_0_reg_756                              |   9|          2|    7|         14|
    |i6_0_reg_666                               |   9|          2|    7|         14|
    |i_0_reg_621                                |   9|          2|    7|         14|
    |indvar_flatten19_reg_643                   |   9|          2|   12|         24|
    |indvar_flatten35_reg_688                   |   9|          2|   12|         24|
    |indvar_flatten51_reg_733                   |   9|          2|   12|         24|
    |indvar_flatten_reg_598                     |   9|          2|   12|         24|
    |kvdeststats_tmp_key_address0               |  27|          5|    5|         25|
    |kvdeststats_tmp_key_address1               |  27|          5|    5|         25|
    |kvdeststats_tmp_valu_address0              |  44|          9|    5|         45|
    |kvdeststats_tmp_valu_address1              |  44|          9|    5|         45|
    |kvdeststats_tmp_valu_d1                    |  27|          5|   32|        160|
    |kvdram_V_blk_n_AW                          |   9|          2|    1|          2|
    |kvdram_V_blk_n_B                           |   9|          2|    1|          2|
    |kvdram_V_blk_n_W                           |   9|          2|    1|          2|
    |m_axi_kvdram_V_AWADDR                      |  27|          5|   32|        160|
    |m_axi_kvdram_V_WDATA                       |  27|          5|  512|       2560|
    |p13_0_reg_722                              |   9|          2|    6|         12|
    |p14_0_reg_745                              |   9|          2|    6|         12|
    |p19_0_reg_767                              |   9|          2|    6|         12|
    |p1_0_reg_632                               |   9|          2|    6|         12|
    |p2_0_reg_655                               |   9|          2|    6|         12|
    |p7_0_reg_677                               |   9|          2|    6|         12|
    |p8_0_reg_700                               |   9|          2|    6|         12|
    |p_0_reg_610                                |   9|          2|    6|         12|
    +-------------------------------------------+----+-----------+-----+-----------+
    |Total                                      | 591|        123|  780|       3404|
    +-------------------------------------------+----+-----------+-----+-----------+

    * Register: 
    +----------------------------------+-----+----+-----+-----------+
    |               Name               |  FF | LUT| Bits| Const Bits|
    +----------------------------------+-----+----+-----+-----------+
    |add_ln2766_reg_1670               |   12|   0|   12|          0|
    |add_ln2797_reg_1780               |   12|   0|   12|          0|
    |add_ln2828_reg_1890               |   12|   0|   12|          0|
    |add_ln2859_reg_2000               |   12|   0|   12|          0|
    |add_ln321_1_reg_1842              |   30|   0|   30|          0|
    |add_ln321_2_reg_1952              |   30|   0|   30|          0|
    |add_ln321_3_reg_2062              |   30|   0|   30|          0|
    |add_ln321_reg_1732                |   30|   0|   30|          0|
    |ap_CS_fsm                         |   17|   0|   17|          0|
    |ap_enable_reg_pp0_iter0           |    1|   0|    1|          0|
    |ap_enable_reg_pp0_iter1           |    1|   0|    1|          0|
    |ap_enable_reg_pp0_iter10          |    1|   0|    1|          0|
    |ap_enable_reg_pp0_iter11          |    1|   0|    1|          0|
    |ap_enable_reg_pp0_iter12          |    1|   0|    1|          0|
    |ap_enable_reg_pp0_iter13          |    1|   0|    1|          0|
    |ap_enable_reg_pp0_iter14          |    1|   0|    1|          0|
    |ap_enable_reg_pp0_iter15          |    1|   0|    1|          0|
    |ap_enable_reg_pp0_iter16          |    1|   0|    1|          0|
    |ap_enable_reg_pp0_iter17          |    1|   0|    1|          0|
    |ap_enable_reg_pp0_iter18          |    1|   0|    1|          0|
    |ap_enable_reg_pp0_iter19          |    1|   0|    1|          0|
    |ap_enable_reg_pp0_iter2           |    1|   0|    1|          0|
    |ap_enable_reg_pp0_iter20          |    1|   0|    1|          0|
    |ap_enable_reg_pp0_iter21          |    1|   0|    1|          0|
    |ap_enable_reg_pp0_iter22          |    1|   0|    1|          0|
    |ap_enable_reg_pp0_iter3           |    1|   0|    1|          0|
    |ap_enable_reg_pp0_iter4           |    1|   0|    1|          0|
    |ap_enable_reg_pp0_iter5           |    1|   0|    1|          0|
    |ap_enable_reg_pp0_iter6           |    1|   0|    1|          0|
    |ap_enable_reg_pp0_iter7           |    1|   0|    1|          0|
    |ap_enable_reg_pp0_iter8           |    1|   0|    1|          0|
    |ap_enable_reg_pp0_iter9           |    1|   0|    1|          0|
    |ap_enable_reg_pp1_iter0           |    1|   0|    1|          0|
    |ap_enable_reg_pp1_iter1           |    1|   0|    1|          0|
    |ap_enable_reg_pp1_iter10          |    1|   0|    1|          0|
    |ap_enable_reg_pp1_iter11          |    1|   0|    1|          0|
    |ap_enable_reg_pp1_iter12          |    1|   0|    1|          0|
    |ap_enable_reg_pp1_iter13          |    1|   0|    1|          0|
    |ap_enable_reg_pp1_iter14          |    1|   0|    1|          0|
    |ap_enable_reg_pp1_iter15          |    1|   0|    1|          0|
    |ap_enable_reg_pp1_iter16          |    1|   0|    1|          0|
    |ap_enable_reg_pp1_iter17          |    1|   0|    1|          0|
    |ap_enable_reg_pp1_iter18          |    1|   0|    1|          0|
    |ap_enable_reg_pp1_iter19          |    1|   0|    1|          0|
    |ap_enable_reg_pp1_iter2           |    1|   0|    1|          0|
    |ap_enable_reg_pp1_iter20          |    1|   0|    1|          0|
    |ap_enable_reg_pp1_iter21          |    1|   0|    1|          0|
    |ap_enable_reg_pp1_iter22          |    1|   0|    1|          0|
    |ap_enable_reg_pp1_iter3           |    1|   0|    1|          0|
    |ap_enable_reg_pp1_iter4           |    1|   0|    1|          0|
    |ap_enable_reg_pp1_iter5           |    1|   0|    1|          0|
    |ap_enable_reg_pp1_iter6           |    1|   0|    1|          0|
    |ap_enable_reg_pp1_iter7           |    1|   0|    1|          0|
    |ap_enable_reg_pp1_iter8           |    1|   0|    1|          0|
    |ap_enable_reg_pp1_iter9           |    1|   0|    1|          0|
    |ap_enable_reg_pp2_iter0           |    1|   0|    1|          0|
    |ap_enable_reg_pp2_iter1           |    1|   0|    1|          0|
    |ap_enable_reg_pp2_iter10          |    1|   0|    1|          0|
    |ap_enable_reg_pp2_iter11          |    1|   0|    1|          0|
    |ap_enable_reg_pp2_iter12          |    1|   0|    1|          0|
    |ap_enable_reg_pp2_iter13          |    1|   0|    1|          0|
    |ap_enable_reg_pp2_iter14          |    1|   0|    1|          0|
    |ap_enable_reg_pp2_iter15          |    1|   0|    1|          0|
    |ap_enable_reg_pp2_iter16          |    1|   0|    1|          0|
    |ap_enable_reg_pp2_iter17          |    1|   0|    1|          0|
    |ap_enable_reg_pp2_iter18          |    1|   0|    1|          0|
    |ap_enable_reg_pp2_iter19          |    1|   0|    1|          0|
    |ap_enable_reg_pp2_iter2           |    1|   0|    1|          0|
    |ap_enable_reg_pp2_iter20          |    1|   0|    1|          0|
    |ap_enable_reg_pp2_iter21          |    1|   0|    1|          0|
    |ap_enable_reg_pp2_iter22          |    1|   0|    1|          0|
    |ap_enable_reg_pp2_iter3           |    1|   0|    1|          0|
    |ap_enable_reg_pp2_iter4           |    1|   0|    1|          0|
    |ap_enable_reg_pp2_iter5           |    1|   0|    1|          0|
    |ap_enable_reg_pp2_iter6           |    1|   0|    1|          0|
    |ap_enable_reg_pp2_iter7           |    1|   0|    1|          0|
    |ap_enable_reg_pp2_iter8           |    1|   0|    1|          0|
    |ap_enable_reg_pp2_iter9           |    1|   0|    1|          0|
    |ap_enable_reg_pp3_iter0           |    1|   0|    1|          0|
    |ap_enable_reg_pp3_iter1           |    1|   0|    1|          0|
    |ap_enable_reg_pp3_iter10          |    1|   0|    1|          0|
    |ap_enable_reg_pp3_iter11          |    1|   0|    1|          0|
    |ap_enable_reg_pp3_iter12          |    1|   0|    1|          0|
    |ap_enable_reg_pp3_iter13          |    1|   0|    1|          0|
    |ap_enable_reg_pp3_iter14          |    1|   0|    1|          0|
    |ap_enable_reg_pp3_iter15          |    1|   0|    1|          0|
    |ap_enable_reg_pp3_iter16          |    1|   0|    1|          0|
    |ap_enable_reg_pp3_iter17          |    1|   0|    1|          0|
    |ap_enable_reg_pp3_iter18          |    1|   0|    1|          0|
    |ap_enable_reg_pp3_iter19          |    1|   0|    1|          0|
    |ap_enable_reg_pp3_iter2           |    1|   0|    1|          0|
    |ap_enable_reg_pp3_iter20          |    1|   0|    1|          0|
    |ap_enable_reg_pp3_iter21          |    1|   0|    1|          0|
    |ap_enable_reg_pp3_iter22          |    1|   0|    1|          0|
    |ap_enable_reg_pp3_iter3           |    1|   0|    1|          0|
    |ap_enable_reg_pp3_iter4           |    1|   0|    1|          0|
    |ap_enable_reg_pp3_iter5           |    1|   0|    1|          0|
    |ap_enable_reg_pp3_iter6           |    1|   0|    1|          0|
    |ap_enable_reg_pp3_iter7           |    1|   0|    1|          0|
    |ap_enable_reg_pp3_iter8           |    1|   0|    1|          0|
    |ap_enable_reg_pp3_iter9           |    1|   0|    1|          0|
    |destbuffer0_V_load_reg_1741       |  512|   0|  512|          0|
    |destbuffer1_V_load_reg_1851       |  512|   0|  512|          0|
    |destbuffer2_V_load_reg_1961       |  512|   0|  512|          0|
    |destbuffer3_V_load_reg_2071       |  512|   0|  512|          0|
    |empty_22_reg_1737                 |    1|   0|    1|          0|
    |empty_25_reg_1752                 |    1|   0|    1|          0|
    |empty_27_reg_1847                 |    1|   0|    1|          0|
    |empty_30_reg_1862                 |    1|   0|    1|          0|
    |empty_32_reg_1957                 |    1|   0|    1|          0|
    |empty_35_reg_1972                 |    1|   0|    1|          0|
    |empty_37_reg_2067                 |    1|   0|    1|          0|
    |empty_40_reg_2082                 |    1|   0|    1|          0|
    |i12_0_reg_711                     |    7|   0|    7|          0|
    |i18_0_reg_756                     |    7|   0|    7|          0|
    |i6_0_reg_666                      |    7|   0|    7|          0|
    |i_0_reg_621                       |    7|   0|    7|          0|
    |icmp_ln2766_reg_1666              |    1|   0|    1|          0|
    |icmp_ln2783_reg_1691              |    1|   0|    1|          0|
    |icmp_ln2797_reg_1776              |    1|   0|    1|          0|
    |icmp_ln2814_reg_1801              |    1|   0|    1|          0|
    |icmp_ln2828_reg_1886              |    1|   0|    1|          0|
    |icmp_ln2845_reg_1911              |    1|   0|    1|          0|
    |icmp_ln2859_reg_1996              |    1|   0|    1|          0|
    |icmp_ln2876_reg_2021              |    1|   0|    1|          0|
    |indvar_flatten19_reg_643          |   12|   0|   12|          0|
    |indvar_flatten35_reg_688          |   12|   0|   12|          0|
    |indvar_flatten51_reg_733          |   12|   0|   12|          0|
    |indvar_flatten_reg_598            |   12|   0|   12|          0|
    |kvdeststats_tmp_valu_11_reg_1880  |    5|   0|    5|          0|
    |kvdeststats_tmp_valu_17_reg_1990  |    5|   0|    5|          0|
    |kvdeststats_tmp_valu_23_reg_2099  |    5|   0|    5|          0|
    |kvdeststats_tmp_valu_5_reg_1770   |    5|   0|    5|          0|
    |p13_0_reg_722                     |    6|   0|    6|          0|
    |p14_0_reg_745                     |    6|   0|    6|          0|
    |p19_0_reg_767                     |    6|   0|    6|          0|
    |p1_0_reg_632                      |    6|   0|    6|          0|
    |p2_0_reg_655                      |    6|   0|    6|          0|
    |p7_0_reg_677                      |    6|   0|    6|          0|
    |p8_0_reg_700                      |    6|   0|    6|          0|
    |p_0_reg_610                       |    6|   0|    6|          0|
    |p_1_reg_1870                      |    6|   0|    6|          0|
    |p_2_reg_1980                      |    6|   0|    6|          0|
    |p_3_reg_2089                      |    6|   0|    6|          0|
    |p_reg_1760                        |    6|   0|    6|          0|
    |select_ln2767_reg_1697            |    7|   0|    7|          0|
    |select_ln2798_reg_1807            |    7|   0|    7|          0|
    |select_ln2829_reg_1917            |    7|   0|    7|          0|
    |select_ln2860_reg_2027            |    7|   0|    7|          0|
    |zext_ln2766_reg_1658              |   26|   0|   30|          4|
    |zext_ln2786_reg_1650              |   25|   0|   30|          5|
    |empty_25_reg_1752                 |   64|  32|    1|          0|
    |empty_30_reg_1862                 |   64|  32|    1|          0|
    |empty_35_reg_1972                 |   64|  32|    1|          0|
    |empty_40_reg_2082                 |   64|  32|    1|          0|
    |icmp_ln2766_reg_1666              |   64|  32|    1|          0|
    |icmp_ln2797_reg_1776              |   64|  32|    1|          0|
    |icmp_ln2828_reg_1886              |   64|  32|    1|          0|
    |icmp_ln2859_reg_1996              |   64|  32|    1|          0|
    +----------------------------------+-----+----+-----+-----------+
    |Total                             | 3100| 256| 2605|          9|
    +----------------------------------+-----+----+-----+-----------+



================================================================
== Interface
================================================================
* Summary: 
+-------------------------------+-----+-----+------------+----------------------+--------------+
|           RTL Ports           | Dir | Bits|  Protocol  |     Source Object    |    C Type    |
+-------------------------------+-----+-----+------------+----------------------+--------------+
|ap_clk                         |  in |    1| ap_ctrl_hs |    savepartitions0   | return value |
|ap_rst                         |  in |    1| ap_ctrl_hs |    savepartitions0   | return value |
|ap_start                       |  in |    1| ap_ctrl_hs |    savepartitions0   | return value |
|ap_done                        | out |    1| ap_ctrl_hs |    savepartitions0   | return value |
|ap_idle                        | out |    1| ap_ctrl_hs |    savepartitions0   | return value |
|ap_ready                       | out |    1| ap_ctrl_hs |    savepartitions0   | return value |
|m_axi_kvdram_V_AWVALID         | out |    1|    m_axi   |       kvdram_V       |    pointer   |
|m_axi_kvdram_V_AWREADY         |  in |    1|    m_axi   |       kvdram_V       |    pointer   |
|m_axi_kvdram_V_AWADDR          | out |   32|    m_axi   |       kvdram_V       |    pointer   |
|m_axi_kvdram_V_AWID            | out |    1|    m_axi   |       kvdram_V       |    pointer   |
|m_axi_kvdram_V_AWLEN           | out |   32|    m_axi   |       kvdram_V       |    pointer   |
|m_axi_kvdram_V_AWSIZE          | out |    3|    m_axi   |       kvdram_V       |    pointer   |
|m_axi_kvdram_V_AWBURST         | out |    2|    m_axi   |       kvdram_V       |    pointer   |
|m_axi_kvdram_V_AWLOCK          | out |    2|    m_axi   |       kvdram_V       |    pointer   |
|m_axi_kvdram_V_AWCACHE         | out |    4|    m_axi   |       kvdram_V       |    pointer   |
|m_axi_kvdram_V_AWPROT          | out |    3|    m_axi   |       kvdram_V       |    pointer   |
|m_axi_kvdram_V_AWQOS           | out |    4|    m_axi   |       kvdram_V       |    pointer   |
|m_axi_kvdram_V_AWREGION        | out |    4|    m_axi   |       kvdram_V       |    pointer   |
|m_axi_kvdram_V_AWUSER          | out |    1|    m_axi   |       kvdram_V       |    pointer   |
|m_axi_kvdram_V_WVALID          | out |    1|    m_axi   |       kvdram_V       |    pointer   |
|m_axi_kvdram_V_WREADY          |  in |    1|    m_axi   |       kvdram_V       |    pointer   |
|m_axi_kvdram_V_WDATA           | out |  512|    m_axi   |       kvdram_V       |    pointer   |
|m_axi_kvdram_V_WSTRB           | out |   64|    m_axi   |       kvdram_V       |    pointer   |
|m_axi_kvdram_V_WLAST           | out |    1|    m_axi   |       kvdram_V       |    pointer   |
|m_axi_kvdram_V_WID             | out |    1|    m_axi   |       kvdram_V       |    pointer   |
|m_axi_kvdram_V_WUSER           | out |    1|    m_axi   |       kvdram_V       |    pointer   |
|m_axi_kvdram_V_ARVALID         | out |    1|    m_axi   |       kvdram_V       |    pointer   |
|m_axi_kvdram_V_ARREADY         |  in |    1|    m_axi   |       kvdram_V       |    pointer   |
|m_axi_kvdram_V_ARADDR          | out |   32|    m_axi   |       kvdram_V       |    pointer   |
|m_axi_kvdram_V_ARID            | out |    1|    m_axi   |       kvdram_V       |    pointer   |
|m_axi_kvdram_V_ARLEN           | out |   32|    m_axi   |       kvdram_V       |    pointer   |
|m_axi_kvdram_V_ARSIZE          | out |    3|    m_axi   |       kvdram_V       |    pointer   |
|m_axi_kvdram_V_ARBURST         | out |    2|    m_axi   |       kvdram_V       |    pointer   |
|m_axi_kvdram_V_ARLOCK          | out |    2|    m_axi   |       kvdram_V       |    pointer   |
|m_axi_kvdram_V_ARCACHE         | out |    4|    m_axi   |       kvdram_V       |    pointer   |
|m_axi_kvdram_V_ARPROT          | out |    3|    m_axi   |       kvdram_V       |    pointer   |
|m_axi_kvdram_V_ARQOS           | out |    4|    m_axi   |       kvdram_V       |    pointer   |
|m_axi_kvdram_V_ARREGION        | out |    4|    m_axi   |       kvdram_V       |    pointer   |
|m_axi_kvdram_V_ARUSER          | out |    1|    m_axi   |       kvdram_V       |    pointer   |
|m_axi_kvdram_V_RVALID          |  in |    1|    m_axi   |       kvdram_V       |    pointer   |
|m_axi_kvdram_V_RREADY          | out |    1|    m_axi   |       kvdram_V       |    pointer   |
|m_axi_kvdram_V_RDATA           |  in |  512|    m_axi   |       kvdram_V       |    pointer   |
|m_axi_kvdram_V_RLAST           |  in |    1|    m_axi   |       kvdram_V       |    pointer   |
|m_axi_kvdram_V_RID             |  in |    1|    m_axi   |       kvdram_V       |    pointer   |
|m_axi_kvdram_V_RUSER           |  in |    1|    m_axi   |       kvdram_V       |    pointer   |
|m_axi_kvdram_V_RRESP           |  in |    2|    m_axi   |       kvdram_V       |    pointer   |
|m_axi_kvdram_V_BVALID          |  in |    1|    m_axi   |       kvdram_V       |    pointer   |
|m_axi_kvdram_V_BREADY          | out |    1|    m_axi   |       kvdram_V       |    pointer   |
|m_axi_kvdram_V_BRESP           |  in |    2|    m_axi   |       kvdram_V       |    pointer   |
|m_axi_kvdram_V_BID             |  in |    1|    m_axi   |       kvdram_V       |    pointer   |
|m_axi_kvdram_V_BUSER           |  in |    1|    m_axi   |       kvdram_V       |    pointer   |
|kvdram_V_offset                |  in |   26|   ap_none  |    kvdram_V_offset   |    scalar    |
|destbuffer0_V_address0         | out |   12|  ap_memory |     destbuffer0_V    |     array    |
|destbuffer0_V_ce0              | out |    1|  ap_memory |     destbuffer0_V    |     array    |
|destbuffer0_V_q0               |  in |  512|  ap_memory |     destbuffer0_V    |     array    |
|destbuffer1_V_address0         | out |   12|  ap_memory |     destbuffer1_V    |     array    |
|destbuffer1_V_ce0              | out |    1|  ap_memory |     destbuffer1_V    |     array    |
|destbuffer1_V_q0               |  in |  512|  ap_memory |     destbuffer1_V    |     array    |
|destbuffer2_V_address0         | out |   12|  ap_memory |     destbuffer2_V    |     array    |
|destbuffer2_V_ce0              | out |    1|  ap_memory |     destbuffer2_V    |     array    |
|destbuffer2_V_q0               |  in |  512|  ap_memory |     destbuffer2_V    |     array    |
|destbuffer3_V_address0         | out |   12|  ap_memory |     destbuffer3_V    |     array    |
|destbuffer3_V_ce0              | out |    1|  ap_memory |     destbuffer3_V    |     array    |
|destbuffer3_V_q0               |  in |  512|  ap_memory |     destbuffer3_V    |     array    |
|capsule0_key_address0          | out |    5|  ap_memory |     capsule0_key     |     array    |
|capsule0_key_ce0               | out |    1|  ap_memory |     capsule0_key     |     array    |
|capsule0_key_q0                |  in |   32|  ap_memory |     capsule0_key     |     array    |
|capsule0_key_address1          | out |    5|  ap_memory |     capsule0_key     |     array    |
|capsule0_key_ce1               | out |    1|  ap_memory |     capsule0_key     |     array    |
|capsule0_key_q1                |  in |   32|  ap_memory |     capsule0_key     |     array    |
|capsule0_value_address0        | out |    5|  ap_memory |    capsule0_value    |     array    |
|capsule0_value_ce0             | out |    1|  ap_memory |    capsule0_value    |     array    |
|capsule0_value_q0              |  in |   32|  ap_memory |    capsule0_value    |     array    |
|capsule1_key_address0          | out |    5|  ap_memory |     capsule1_key     |     array    |
|capsule1_key_ce0               | out |    1|  ap_memory |     capsule1_key     |     array    |
|capsule1_key_q0                |  in |   32|  ap_memory |     capsule1_key     |     array    |
|capsule1_key_address1          | out |    5|  ap_memory |     capsule1_key     |     array    |
|capsule1_key_ce1               | out |    1|  ap_memory |     capsule1_key     |     array    |
|capsule1_key_q1                |  in |   32|  ap_memory |     capsule1_key     |     array    |
|capsule1_value_address0        | out |    5|  ap_memory |    capsule1_value    |     array    |
|capsule1_value_ce0             | out |    1|  ap_memory |    capsule1_value    |     array    |
|capsule1_value_q0              |  in |   32|  ap_memory |    capsule1_value    |     array    |
|capsule2_key_address0          | out |    5|  ap_memory |     capsule2_key     |     array    |
|capsule2_key_ce0               | out |    1|  ap_memory |     capsule2_key     |     array    |
|capsule2_key_q0                |  in |   32|  ap_memory |     capsule2_key     |     array    |
|capsule2_key_address1          | out |    5|  ap_memory |     capsule2_key     |     array    |
|capsule2_key_ce1               | out |    1|  ap_memory |     capsule2_key     |     array    |
|capsule2_key_q1                |  in |   32|  ap_memory |     capsule2_key     |     array    |
|capsule2_value_address0        | out |    5|  ap_memory |    capsule2_value    |     array    |
|capsule2_value_ce0             | out |    1|  ap_memory |    capsule2_value    |     array    |
|capsule2_value_q0              |  in |   32|  ap_memory |    capsule2_value    |     array    |
|capsule3_key_address0          | out |    5|  ap_memory |     capsule3_key     |     array    |
|capsule3_key_ce0               | out |    1|  ap_memory |     capsule3_key     |     array    |
|capsule3_key_q0                |  in |   32|  ap_memory |     capsule3_key     |     array    |
|capsule3_key_address1          | out |    5|  ap_memory |     capsule3_key     |     array    |
|capsule3_key_ce1               | out |    1|  ap_memory |     capsule3_key     |     array    |
|capsule3_key_q1                |  in |   32|  ap_memory |     capsule3_key     |     array    |
|capsule3_value_address0        | out |    5|  ap_memory |    capsule3_value    |     array    |
|capsule3_value_ce0             | out |    1|  ap_memory |    capsule3_value    |     array    |
|capsule3_value_q0              |  in |   32|  ap_memory |    capsule3_value    |     array    |
|kvdeststats_tmp_key_address0   | out |    5|  ap_memory |  kvdeststats_tmp_key |     array    |
|kvdeststats_tmp_key_ce0        | out |    1|  ap_memory |  kvdeststats_tmp_key |     array    |
|kvdeststats_tmp_key_q0         |  in |   32|  ap_memory |  kvdeststats_tmp_key |     array    |
|kvdeststats_tmp_key_address1   | out |    5|  ap_memory |  kvdeststats_tmp_key |     array    |
|kvdeststats_tmp_key_ce1        | out |    1|  ap_memory |  kvdeststats_tmp_key |     array    |
|kvdeststats_tmp_key_q1         |  in |   32|  ap_memory |  kvdeststats_tmp_key |     array    |
|kvdeststats_tmp_valu_address0  | out |    5|  ap_memory | kvdeststats_tmp_valu |     array    |
|kvdeststats_tmp_valu_ce0       | out |    1|  ap_memory | kvdeststats_tmp_valu |     array    |
|kvdeststats_tmp_valu_q0        |  in |   32|  ap_memory | kvdeststats_tmp_valu |     array    |
|kvdeststats_tmp_valu_address1  | out |    5|  ap_memory | kvdeststats_tmp_valu |     array    |
|kvdeststats_tmp_valu_ce1       | out |    1|  ap_memory | kvdeststats_tmp_valu |     array    |
|kvdeststats_tmp_valu_we1       | out |    1|  ap_memory | kvdeststats_tmp_valu |     array    |
|kvdeststats_tmp_valu_d1        | out |   32|  ap_memory | kvdeststats_tmp_valu |     array    |
|kvdeststats_tmp_valu_q1        |  in |   32|  ap_memory | kvdeststats_tmp_valu |     array    |
|kvdrambaseaddress              |  in |   25|   ap_none  |   kvdrambaseaddress  |    scalar    |
+-------------------------------+-----+-----+------------+----------------------+--------------+

