

================================================================
== Vivado HLS Report for 'topkernel'
================================================================
* Date:           Wed Jun 24 14:47:11 2020

* Version:        2019.1.3 (Build 2642998 on Wed Sep 04 10:25:22 MDT 2019)
* Project:        actsofagraph
* Solution:       solution1
* Product family: virtexuplus
* Target device:  xcvu9p-fsgd2104-2-i


================================================================
== Performance Estimates
================================================================
+ Timing (ns): 
    * Summary: 
    +--------+-------+----------+------------+
    |  Clock | Target| Estimated| Uncertainty|
    +--------+-------+----------+------------+
    |ap_clk  |  10.00|     8.750|        1.25|
    +--------+-------+----------+------------+

+ Latency (clock cycles): 
    * Summary: 
    +-----+-----------+-----+-----------+---------+
    |     Latency     |     Interval    | Pipeline|
    | min |    max    | min |    max    |   Type  |
    +-----+-----------+-----+-----------+---------+
    |   15|  302088273|   15|  302088273|   none  |
    +-----+-----------+-----+-----------+---------+

    + Detail: 
        * Instance: 
        +--------------------------------+---------------------+-----+-----------+-----+-----------+---------+
        |                                |                     |     Latency     |     Interval    | Pipeline|
        |            Instance            |        Module       | min |    max    | min |    max    |   Type  |
        +--------------------------------+---------------------+-----+-----------+-----+-----------+---------+
        |grp_generatepartitions0_fu_124  |generatepartitions0  |    2|  302088260|    2|  302088260|   none  |
        +--------------------------------+---------------------+-----+-----------+-----+-----------+---------+

        * Loop: 
        N/A



================================================================
== Utilization Estimates
================================================================
* Summary: 
+---------------------+---------+-------+---------+---------+-----+
|         Name        | BRAM_18K| DSP48E|    FF   |   LUT   | URAM|
+---------------------+---------+-------+---------+---------+-----+
|DSP                  |        -|      -|        -|        -|    -|
|Expression           |        -|      -|        0|      120|    -|
|FIFO                 |        -|      -|        -|        -|    -|
|Instance             |      736|      -|    29427|    40053|    0|
|Memory               |        -|      -|        -|        -|    -|
|Multiplexer          |        -|      -|        -|      311|    -|
|Register             |        -|      -|      347|        -|    -|
+---------------------+---------+-------+---------+---------+-----+
|Total                |      736|      0|    29774|    40484|    0|
+---------------------+---------+-------+---------+---------+-----+
|Available SLR        |     1440|   2280|   788160|   394080|  320|
+---------------------+---------+-------+---------+---------+-----+
|Utilization SLR (%)  |       51|      0|        3|       10|    0|
+---------------------+---------+-------+---------+---------+-----+
|Available            |     4320|   6840|  2364480|  1182240|  960|
+---------------------+---------+-------+---------+---------+-----+
|Utilization (%)      |       17|      0|        1|        3|    0|
+---------------------+---------+-------+---------+---------+-----+

+ Detail: 
    * Instance: 
    +--------------------------------+-------------------------+---------+-------+-------+-------+-----+
    |            Instance            |          Module         | BRAM_18K| DSP48E|   FF  |  LUT  | URAM|
    +--------------------------------+-------------------------+---------+-------+-------+-------+-----+
    |grp_generatepartitions0_fu_124  |generatepartitions0      |      724|      0|  28183|  38353|    0|
    |topkernel_control_s_axi_U       |topkernel_control_s_axi  |        0|      0|    112|    168|    0|
    |topkernel_gmem0_m_axi_U         |topkernel_gmem0_m_axi    |        8|      0|    566|    766|    0|
    |topkernel_gmem1_m_axi_U         |topkernel_gmem1_m_axi    |        4|      0|    566|    766|    0|
    +--------------------------------+-------------------------+---------+-------+-------+-------+-----+
    |Total                           |                         |      736|      0|  29427|  40053|    0|
    +--------------------------------+-------------------------+---------+-------+-------+-------+-----+

    * DSP48E: 
    N/A

    * Memory: 
    N/A

    * FIFO: 
    N/A

    * Expression: 
    +----------------------+----------+-------+---+----+------------+------------+
    |     Variable Name    | Operation| DSP48E| FF| LUT| Bitwidth P0| Bitwidth P1|
    +----------------------+----------+-------+---+----+------------+------------+
    |add_ln1547_fu_162_p2  |     +    |      0|  0|  30|          16|          30|
    |add_ln1548_fu_178_p2  |     +    |      0|  0|  30|          16|          30|
    |add_ln1550_fu_193_p2  |     +    |      0|  0|  30|          16|          30|
    |add_ln1551_fu_208_p2  |     +    |      0|  0|  30|          16|          30|
    +----------------------+----------+-------+---+----+------------+------------+
    |Total                 |          |      0|  0| 120|          64|         120|
    +----------------------+----------+-------+---+----+------------+------------+

    * Multiplexer: 
    +----------------+----+-----------+-----+-----------+
    |      Name      | LUT| Input Size| Bits| Total Bits|
    +----------------+----+-----------+-----+-----------+
    |ap_NS_fsm       |  62|         15|    1|         15|
    |gmem0_ARVALID   |   9|          2|    1|          2|
    |gmem0_AWVALID   |   9|          2|    1|          2|
    |gmem0_BREADY    |   9|          2|    1|          2|
    |gmem0_RREADY    |   9|          2|    1|          2|
    |gmem0_WVALID    |   9|          2|    1|          2|
    |gmem1_ARADDR    |  33|          6|   32|        192|
    |gmem1_ARBURST   |   9|          2|    2|          4|
    |gmem1_ARCACHE   |   9|          2|    4|          8|
    |gmem1_ARID      |   9|          2|    1|          2|
    |gmem1_ARLEN     |  15|          3|   32|         96|
    |gmem1_ARLOCK    |   9|          2|    2|          4|
    |gmem1_ARPROT    |   9|          2|    3|          6|
    |gmem1_ARQOS     |   9|          2|    4|          8|
    |gmem1_ARREGION  |   9|          2|    4|          8|
    |gmem1_ARSIZE    |   9|          2|    3|          6|
    |gmem1_ARUSER    |   9|          2|    1|          2|
    |gmem1_ARVALID   |  15|          3|    1|          3|
    |gmem1_AWVALID   |   9|          2|    1|          2|
    |gmem1_BREADY    |   9|          2|    1|          2|
    |gmem1_RREADY    |  15|          3|    1|          3|
    |gmem1_WVALID    |   9|          2|    1|          2|
    |gmem1_blk_n_AR  |   9|          2|    1|          2|
    |gmem1_blk_n_R   |   9|          2|    1|          2|
    +----------------+----+-----------+-----+-----------+
    |Total           | 311|         68|  101|        377|
    +----------------+----+-----------+-----+-----------+

    * Register: 
    +---------------------------------------------+----+----+-----+-----------+
    |                     Name                    | FF | LUT| Bits| Const Bits|
    +---------------------------------------------+----+----+-----+-----------+
    |add_ln1547_reg_256                           |  30|   0|   30|          0|
    |add_ln1548_reg_267                           |  30|   0|   30|          0|
    |add_ln1550_reg_278                           |  30|   0|   30|          0|
    |add_ln1551_reg_289                           |  30|   0|   30|          0|
    |ap_CS_fsm                                    |  14|   0|   14|          0|
    |globalparams_LLOPnum_reg_315                 |  32|   0|   32|          0|
    |globalparams_reducec_reg_300                 |  32|   0|   32|          0|
    |globalparams_treedep_reg_310                 |  32|   0|   32|          0|
    |globalparams_vbegin_reg_305                  |  32|   0|   32|          0|
    |grp_generatepartitions0_fu_124_ap_start_reg  |   1|   0|    1|          0|
    |kvdramA3_reg_239                             |  29|   0|   29|          0|
    |kvsetdramA_V1_reg_251                        |  26|   0|   26|          0|
    |p_cast_reg_244                               |  29|   0|   30|          1|
    +---------------------------------------------+----+----+-----+-----------+
    |Total                                        | 347|   0|  348|          1|
    +---------------------------------------------+----+----+-----+-----------+



================================================================
== Interface
================================================================
* Summary: 
+-----------------------+-----+-----+------------+--------------+--------------+
|       RTL Ports       | Dir | Bits|  Protocol  | Source Object|    C Type    |
+-----------------------+-----+-----+------------+--------------+--------------+
|s_axi_control_AWVALID  |  in |    1|    s_axi   |    control   |    scalar    |
|s_axi_control_AWREADY  | out |    1|    s_axi   |    control   |    scalar    |
|s_axi_control_AWADDR   |  in |    5|    s_axi   |    control   |    scalar    |
|s_axi_control_WVALID   |  in |    1|    s_axi   |    control   |    scalar    |
|s_axi_control_WREADY   | out |    1|    s_axi   |    control   |    scalar    |
|s_axi_control_WDATA    |  in |   32|    s_axi   |    control   |    scalar    |
|s_axi_control_WSTRB    |  in |    4|    s_axi   |    control   |    scalar    |
|s_axi_control_ARVALID  |  in |    1|    s_axi   |    control   |    scalar    |
|s_axi_control_ARREADY  | out |    1|    s_axi   |    control   |    scalar    |
|s_axi_control_ARADDR   |  in |    5|    s_axi   |    control   |    scalar    |
|s_axi_control_RVALID   | out |    1|    s_axi   |    control   |    scalar    |
|s_axi_control_RREADY   |  in |    1|    s_axi   |    control   |    scalar    |
|s_axi_control_RDATA    | out |   32|    s_axi   |    control   |    scalar    |
|s_axi_control_RRESP    | out |    2|    s_axi   |    control   |    scalar    |
|s_axi_control_BVALID   | out |    1|    s_axi   |    control   |    scalar    |
|s_axi_control_BREADY   |  in |    1|    s_axi   |    control   |    scalar    |
|s_axi_control_BRESP    | out |    2|    s_axi   |    control   |    scalar    |
|ap_clk                 |  in |    1| ap_ctrl_hs |   topkernel  | return value |
|ap_rst_n               |  in |    1| ap_ctrl_hs |   topkernel  | return value |
|interrupt              | out |    1| ap_ctrl_hs |   topkernel  | return value |
|m_axi_gmem0_AWVALID    | out |    1|    m_axi   |     gmem0    |    pointer   |
|m_axi_gmem0_AWREADY    |  in |    1|    m_axi   |     gmem0    |    pointer   |
|m_axi_gmem0_AWADDR     | out |   32|    m_axi   |     gmem0    |    pointer   |
|m_axi_gmem0_AWID       | out |    1|    m_axi   |     gmem0    |    pointer   |
|m_axi_gmem0_AWLEN      | out |    8|    m_axi   |     gmem0    |    pointer   |
|m_axi_gmem0_AWSIZE     | out |    3|    m_axi   |     gmem0    |    pointer   |
|m_axi_gmem0_AWBURST    | out |    2|    m_axi   |     gmem0    |    pointer   |
|m_axi_gmem0_AWLOCK     | out |    2|    m_axi   |     gmem0    |    pointer   |
|m_axi_gmem0_AWCACHE    | out |    4|    m_axi   |     gmem0    |    pointer   |
|m_axi_gmem0_AWPROT     | out |    3|    m_axi   |     gmem0    |    pointer   |
|m_axi_gmem0_AWQOS      | out |    4|    m_axi   |     gmem0    |    pointer   |
|m_axi_gmem0_AWREGION   | out |    4|    m_axi   |     gmem0    |    pointer   |
|m_axi_gmem0_AWUSER     | out |    1|    m_axi   |     gmem0    |    pointer   |
|m_axi_gmem0_WVALID     | out |    1|    m_axi   |     gmem0    |    pointer   |
|m_axi_gmem0_WREADY     |  in |    1|    m_axi   |     gmem0    |    pointer   |
|m_axi_gmem0_WDATA      | out |  512|    m_axi   |     gmem0    |    pointer   |
|m_axi_gmem0_WSTRB      | out |   64|    m_axi   |     gmem0    |    pointer   |
|m_axi_gmem0_WLAST      | out |    1|    m_axi   |     gmem0    |    pointer   |
|m_axi_gmem0_WID        | out |    1|    m_axi   |     gmem0    |    pointer   |
|m_axi_gmem0_WUSER      | out |    1|    m_axi   |     gmem0    |    pointer   |
|m_axi_gmem0_ARVALID    | out |    1|    m_axi   |     gmem0    |    pointer   |
|m_axi_gmem0_ARREADY    |  in |    1|    m_axi   |     gmem0    |    pointer   |
|m_axi_gmem0_ARADDR     | out |   32|    m_axi   |     gmem0    |    pointer   |
|m_axi_gmem0_ARID       | out |    1|    m_axi   |     gmem0    |    pointer   |
|m_axi_gmem0_ARLEN      | out |    8|    m_axi   |     gmem0    |    pointer   |
|m_axi_gmem0_ARSIZE     | out |    3|    m_axi   |     gmem0    |    pointer   |
|m_axi_gmem0_ARBURST    | out |    2|    m_axi   |     gmem0    |    pointer   |
|m_axi_gmem0_ARLOCK     | out |    2|    m_axi   |     gmem0    |    pointer   |
|m_axi_gmem0_ARCACHE    | out |    4|    m_axi   |     gmem0    |    pointer   |
|m_axi_gmem0_ARPROT     | out |    3|    m_axi   |     gmem0    |    pointer   |
|m_axi_gmem0_ARQOS      | out |    4|    m_axi   |     gmem0    |    pointer   |
|m_axi_gmem0_ARREGION   | out |    4|    m_axi   |     gmem0    |    pointer   |
|m_axi_gmem0_ARUSER     | out |    1|    m_axi   |     gmem0    |    pointer   |
|m_axi_gmem0_RVALID     |  in |    1|    m_axi   |     gmem0    |    pointer   |
|m_axi_gmem0_RREADY     | out |    1|    m_axi   |     gmem0    |    pointer   |
|m_axi_gmem0_RDATA      |  in |  512|    m_axi   |     gmem0    |    pointer   |
|m_axi_gmem0_RLAST      |  in |    1|    m_axi   |     gmem0    |    pointer   |
|m_axi_gmem0_RID        |  in |    1|    m_axi   |     gmem0    |    pointer   |
|m_axi_gmem0_RUSER      |  in |    1|    m_axi   |     gmem0    |    pointer   |
|m_axi_gmem0_RRESP      |  in |    2|    m_axi   |     gmem0    |    pointer   |
|m_axi_gmem0_BVALID     |  in |    1|    m_axi   |     gmem0    |    pointer   |
|m_axi_gmem0_BREADY     | out |    1|    m_axi   |     gmem0    |    pointer   |
|m_axi_gmem0_BRESP      |  in |    2|    m_axi   |     gmem0    |    pointer   |
|m_axi_gmem0_BID        |  in |    1|    m_axi   |     gmem0    |    pointer   |
|m_axi_gmem0_BUSER      |  in |    1|    m_axi   |     gmem0    |    pointer   |
|m_axi_gmem1_AWVALID    | out |    1|    m_axi   |     gmem1    |    pointer   |
|m_axi_gmem1_AWREADY    |  in |    1|    m_axi   |     gmem1    |    pointer   |
|m_axi_gmem1_AWADDR     | out |   32|    m_axi   |     gmem1    |    pointer   |
|m_axi_gmem1_AWID       | out |    1|    m_axi   |     gmem1    |    pointer   |
|m_axi_gmem1_AWLEN      | out |    8|    m_axi   |     gmem1    |    pointer   |
|m_axi_gmem1_AWSIZE     | out |    3|    m_axi   |     gmem1    |    pointer   |
|m_axi_gmem1_AWBURST    | out |    2|    m_axi   |     gmem1    |    pointer   |
|m_axi_gmem1_AWLOCK     | out |    2|    m_axi   |     gmem1    |    pointer   |
|m_axi_gmem1_AWCACHE    | out |    4|    m_axi   |     gmem1    |    pointer   |
|m_axi_gmem1_AWPROT     | out |    3|    m_axi   |     gmem1    |    pointer   |
|m_axi_gmem1_AWQOS      | out |    4|    m_axi   |     gmem1    |    pointer   |
|m_axi_gmem1_AWREGION   | out |    4|    m_axi   |     gmem1    |    pointer   |
|m_axi_gmem1_AWUSER     | out |    1|    m_axi   |     gmem1    |    pointer   |
|m_axi_gmem1_WVALID     | out |    1|    m_axi   |     gmem1    |    pointer   |
|m_axi_gmem1_WREADY     |  in |    1|    m_axi   |     gmem1    |    pointer   |
|m_axi_gmem1_WDATA      | out |   64|    m_axi   |     gmem1    |    pointer   |
|m_axi_gmem1_WSTRB      | out |    8|    m_axi   |     gmem1    |    pointer   |
|m_axi_gmem1_WLAST      | out |    1|    m_axi   |     gmem1    |    pointer   |
|m_axi_gmem1_WID        | out |    1|    m_axi   |     gmem1    |    pointer   |
|m_axi_gmem1_WUSER      | out |    1|    m_axi   |     gmem1    |    pointer   |
|m_axi_gmem1_ARVALID    | out |    1|    m_axi   |     gmem1    |    pointer   |
|m_axi_gmem1_ARREADY    |  in |    1|    m_axi   |     gmem1    |    pointer   |
|m_axi_gmem1_ARADDR     | out |   32|    m_axi   |     gmem1    |    pointer   |
|m_axi_gmem1_ARID       | out |    1|    m_axi   |     gmem1    |    pointer   |
|m_axi_gmem1_ARLEN      | out |    8|    m_axi   |     gmem1    |    pointer   |
|m_axi_gmem1_ARSIZE     | out |    3|    m_axi   |     gmem1    |    pointer   |
|m_axi_gmem1_ARBURST    | out |    2|    m_axi   |     gmem1    |    pointer   |
|m_axi_gmem1_ARLOCK     | out |    2|    m_axi   |     gmem1    |    pointer   |
|m_axi_gmem1_ARCACHE    | out |    4|    m_axi   |     gmem1    |    pointer   |
|m_axi_gmem1_ARPROT     | out |    3|    m_axi   |     gmem1    |    pointer   |
|m_axi_gmem1_ARQOS      | out |    4|    m_axi   |     gmem1    |    pointer   |
|m_axi_gmem1_ARREGION   | out |    4|    m_axi   |     gmem1    |    pointer   |
|m_axi_gmem1_ARUSER     | out |    1|    m_axi   |     gmem1    |    pointer   |
|m_axi_gmem1_RVALID     |  in |    1|    m_axi   |     gmem1    |    pointer   |
|m_axi_gmem1_RREADY     | out |    1|    m_axi   |     gmem1    |    pointer   |
|m_axi_gmem1_RDATA      |  in |   64|    m_axi   |     gmem1    |    pointer   |
|m_axi_gmem1_RLAST      |  in |    1|    m_axi   |     gmem1    |    pointer   |
|m_axi_gmem1_RID        |  in |    1|    m_axi   |     gmem1    |    pointer   |
|m_axi_gmem1_RUSER      |  in |    1|    m_axi   |     gmem1    |    pointer   |
|m_axi_gmem1_RRESP      |  in |    2|    m_axi   |     gmem1    |    pointer   |
|m_axi_gmem1_BVALID     |  in |    1|    m_axi   |     gmem1    |    pointer   |
|m_axi_gmem1_BREADY     | out |    1|    m_axi   |     gmem1    |    pointer   |
|m_axi_gmem1_BRESP      |  in |    2|    m_axi   |     gmem1    |    pointer   |
|m_axi_gmem1_BID        |  in |    1|    m_axi   |     gmem1    |    pointer   |
|m_axi_gmem1_BUSER      |  in |    1|    m_axi   |     gmem1    |    pointer   |
+-----------------------+-----+-----+------------+--------------+--------------+

