python gen.py HW ACTGRAPH_SETUP PR_ALGORITHM _TWITTERDATASET_67M 1 1 4 LOCKE EV_PERFORMANCEOFALGORITHM 0
ACTGraph (Courtesy: Jinja 2.0)...
False
Generating sources... 
XWARE: HW
SETUP: ACTGRAPH_SETUP
ALGORITHM: PR_ALGORITHM
DATASET: _TWITTERDATASET_67M
NUMSUPERCPUTHREADS: 1
NUMCPUTHREADS: 1
NUMSUBCPUTHREADS_POW: 4
LOCKE: LOCKE
EVALUATION_TYPE: EV_PERFORMANCEOFALGORITHM
EVALUATION_PARAM0: 0
NUMDRAMBANKS: 4
NUMINSTANCES: 1
NUM_PARTITIONS: 16
NUMWORKERS: 1
NUMSUBWORKERS: 1
VECTOR_SIZE: 8
BUNDLEFACTOR: 1
NUMWORKERS_APPLYPH: 1
NUMSUBWORKERS_APPLYPH: 4
BUNDLEFACTOR_APPLYPH: 1
successful!
...
rm -rf host ./xclbin/{*sw_emu*,*hw_emu*} 
rm -rf profile_* TempConfig system_estimate.xtxt *.rpt *.csv 
rm -rf src/*.ll _xocc_* .Xil emconfig.json dltmp* xmltmp* *.log *.jou *.wcfg *.wdb
rm -rf sr acts_nthreads sr_nthreads
# -rm -rf ./xclbin
rm -rf _x.*
In file included from examples/../examples/test/../../examples/helperfunctions/../../kernels/goclkernel.h:4:0,
                 from examples/../examples/test/../../examples/helperfunctions/../../kernels/kernel.h:5,
                 from examples/../examples/test/../../examples/helperfunctions/helperfunctions.h:9,
                 from examples/../examples/test/test.h:8,
                 from examples/hostprocess.cpp:12:
/usr/include/CL/cl2.hpp:442:109: note: #pragma message: cl2.hpp: CL_HPP_TARGET_OPENCL_VERSION is not defined. It will default to 200 (OpenCL 2.0)
 # pragma message("cl2.hpp: CL_HPP_TARGET_OPENCL_VERSION is not defined. It will default to 200 (OpenCL 2.0)")
                                                                                                             ^
In file included from examples/helperfunctions/../../kernels/goclkernel.h:4:0,
                 from examples/helperfunctions/../../kernels/kernel.h:5,
                 from examples/helperfunctions/helperfunctions.cpp:15:
/usr/include/CL/cl2.hpp:442:109: note: #pragma message: cl2.hpp: CL_HPP_TARGET_OPENCL_VERSION is not defined. It will default to 200 (OpenCL 2.0)
 # pragma message("cl2.hpp: CL_HPP_TARGET_OPENCL_VERSION is not defined. It will default to 200 (OpenCL 2.0)")
                                                                                                             ^
examples/helperfunctions/helperfunctions.cpp: In member function 'void helperfunctions::workerthread_applyvertices(int, unsigned int, unsigned int, value_t* (*)[16], vertex_t, vertex_t, unsigned int, hostglobalparams_t)':
examples/helperfunctions/helperfunctions.cpp:176:17: warning: unused variable 'vertexisactivebuffer' [-Wunused-variable]
  unsigned int * vertexisactivebuffer = graphobj->getvertexisactivebuffer(bank);
                 ^~~~~~~~~~~~~~~~~~~~
In file included from examples/pagerank/../../examples/helperfunctions/../../kernels/goclkernel.h:4:0,
                 from examples/pagerank/../../examples/helperfunctions/../../kernels/kernel.h:5,
                 from examples/pagerank/../../examples/helperfunctions/helperfunctions.h:9,
                 from examples/pagerank/pagerank.cpp:15:
/usr/include/CL/cl2.hpp:442:109: note: #pragma message: cl2.hpp: CL_HPP_TARGET_OPENCL_VERSION is not defined. It will default to 200 (OpenCL 2.0)
 # pragma message("cl2.hpp: CL_HPP_TARGET_OPENCL_VERSION is not defined. It will default to 200 (OpenCL 2.0)")
                                                                                                             ^
examples/pagerank/pagerank.cpp: In member function 'runsummary_t pagerank::run()':
examples/pagerank/pagerank.cpp:73:11: warning: unused variable 'basevoffset' [-Wunused-variable]
  vertex_t basevoffset = 0;
           ^~~~~~~~~~~
In file included from examples/bfs/../../examples/helperfunctions/../../kernels/goclkernel.h:4:0,
                 from examples/bfs/../../examples/helperfunctions/../../kernels/kernel.h:5,
                 from examples/bfs/../../examples/helperfunctions/helperfunctions.h:9,
                 from examples/bfs/bfs.cpp:14:
/usr/include/CL/cl2.hpp:442:109: note: #pragma message: cl2.hpp: CL_HPP_TARGET_OPENCL_VERSION is not defined. It will default to 200 (OpenCL 2.0)
 # pragma message("cl2.hpp: CL_HPP_TARGET_OPENCL_VERSION is not defined. It will default to 200 (OpenCL 2.0)")
                                                                                                             ^
examples/bfs/bfs.cpp: In member function 'void bfs::workerthread_retrieveupdates(int, unsigned int, unsigned int, unsigned int, keyvalue_t**, unsigned int*, unsigned int*, unsigned int, unsigned int)':
examples/bfs/bfs.cpp:235:15: warning: variable 'partition' set but not used [-Wunused-but-set-variable]
  unsigned int partition;
               ^~~~~~~~~
In file included from examples/test/../../examples/helperfunctions/../../kernels/goclkernel.h:4:0,
                 from examples/test/../../examples/helperfunctions/../../kernels/kernel.h:5,
                 from examples/test/../../examples/helperfunctions/helperfunctions.h:9,
                 from examples/test/test.cpp:15:
/usr/include/CL/cl2.hpp:442:109: note: #pragma message: cl2.hpp: CL_HPP_TARGET_OPENCL_VERSION is not defined. It will default to 200 (OpenCL 2.0)
 # pragma message("cl2.hpp: CL_HPP_TARGET_OPENCL_VERSION is not defined. It will default to 200 (OpenCL 2.0)")
                                                                                                             ^
examples/test/test.cpp: In destructor 'test::~test()':
examples/test/test.cpp:50:78: warning: deleting array '((test*)this)->test::kvsourcedram[i][j]'
   for(unsigned int j=0; j<NUMSUBCPUTHREADS; j++){ delete [] kvsourcedram[i][j]; }
                                                                              ^
examples/test/test.cpp:51:76: warning: deleting array '((test*)this)->test::kvdestdram[i][j]'
   for(unsigned int j=0; j<NUMSUBCPUTHREADS; j++){ delete [] kvdestdram[i][j]; }
                                                                            ^
examples/test/test.cpp:52:73: warning: deleting array '((test*)this)->test::kvstats[i][j]'
   for(unsigned int j=0; j<NUMSUBCPUTHREADS; j++){ delete [] kvstats[i][j]; }
                                                                         ^
examples/test/test.cpp: In member function 'void test::run()':
examples/test/test.cpp:69:15: warning: variable 'fdoffset' set but not used [-Wunused-but-set-variable]
  unsigned int fdoffset[NUMCPUTHREADS];
               ^~~~~~~~
examples/test/test.cpp:70:15: warning: variable 'loadsize' set but not used [-Wunused-but-set-variable]
  unsigned int loadsize[NUMCPUTHREADS];
               ^~~~~~~~
src/graphs/graph.cpp: In member function 'void graph::loadvertexpropertiesfromfile()':
src/graphs/graph.cpp:536:19: warning: comparison between signed and unsigned integer expressions [-Wsign-compare]
  for(int i = 0; i < numvertexbanks; i++){ workerthread_loadvertexpropertiesfromfile(i, nvmeFd_vertexproperties_r2[i], 0, vertexpropertybuffer[i], 0, KVDATA_RANGE); }
                 ~~^~~~~~~~~~~~~~~~
src/graphs/graph.cpp: In member function 'void graph::loadvertexdatafromfile()':
src/graphs/graph.cpp:551:19: warning: comparison between signed and unsigned integer expressions [-Wsign-compare]
  for(int i = 0; i < numvertexbanks; i++){ workerthread_loadvertexdatafromfile(i, nvmeFd_verticesdata_r2[i], 0, vertexdatabuffer[i], 0, KVDATA_RANGE); }
                 ~~^~~~~~~~~~~~~~~~
src/graphs/graph.cpp: In member function 'void graph::loadalldatasets()':
src/graphs/graph.cpp:772:28: warning: large integer implicitly truncated to unsigned type [-Woverflow]
  _datasets[7].max_vertex = 4294967296;
                            ^~~~~~~~~~
src/graphs/graph.cpp:773:30: warning: large integer implicitly truncated to unsigned type [-Woverflow]
  _datasets[7].num_vertices = 4294967296;
                              ^~~~~~~~~~
src/stats/stats.cpp: In member function 'long unsigned int stats::gettotalkeyvaluesread()':
src/stats/stats.cpp:25:20: warning: comparison between signed and unsigned integer expressions [-Wsign-compare]
  for (int i = 0; i < graphobj->getnumvertexbanks(); i++){ for (int j = 0; j < MAXNUMSSDPARTITIONS; j++){ totalsize += graphobj->gettotalkeyvaluesread(i, j); }}
                  ~~^~~~~~~~~~~~~~~~~~~~~~~~~~~~~~~
src/utility/utility.cpp: In member function 'void utility::setarray(unsigned int (*)[16], unsigned int, unsigned int, unsigned int)':
src/utility/utility.cpp:287:20: warning: comparison between signed and unsigned integer expressions [-Wsign-compare]
  for (int i = 0; i < _1dimsize; i++){ for(unsigned int j = 0; j < _2dimsize; j++){ array[i][j] = value; }}
                  ~~^~~~~~~~~~~
In file included from kernels/goclkernel.h:4:0,
                 from kernels/kernel.cpp:12:
/usr/include/CL/cl2.hpp:442:109: note: #pragma message: cl2.hpp: CL_HPP_TARGET_OPENCL_VERSION is not defined. It will default to 200 (OpenCL 2.0)
 # pragma message("cl2.hpp: CL_HPP_TARGET_OPENCL_VERSION is not defined. It will default to 200 (OpenCL 2.0)")
                                                                                                             ^
In file included from kernels/goclkernel.cpp:16:0:
kernels/goclkernel.cpp: In member function 'void goclkernel::launchkernel(uint512_dt* (*)[16], uint512_dt* (*)[16], keyvalue_t* (*)[16], unsigned int)':
kernels/goclkernel.cpp:76:46: warning: 'cl_int cl::CommandQueue::enqueueTask(const cl::Kernel&, cl::vector<cl::Event>*, cl::Event*) const' is deprecated [-Wdeprecated-declarations]
   OCL_CHECK(err, err = q.enqueueTask(krnls[i]));
                                              ^
/home/oj2zf/Documents/SDAccel_Examples//libs/xcl2/xcl2.hpp:41:5: note: in definition of macro 'OCL_CHECK'
     call;                                                           \
     ^~~~
In file included from /home/oj2zf/Documents/SDAccel_Examples//libs/xcl2/xcl2.hpp:48:0,
                 from kernels/goclkernel.cpp:16:
/usr/include/CL/cl2.hpp:7995:50: note: declared here
     CL_EXT_PREFIX__VERSION_1_2_DEPRECATED cl_int enqueueTask(
                                                  ^~~~~~~~~~~
kernels/goclkernel.cpp:50:36: warning: unused variable 'result' [-Wunused-variable]
     double kernel_time_in_sec = 0, result = 0;
                                    ^~~~~~
kernels/goclkernel.cpp: In member function 'void goclkernel::loadOCLstructures(std::__cxx11::string, uint512_dt* (*)[1][16], uint512_dt* (*)[1][16], keyvalue_t* (*)[1][16])':
kernels/goclkernel.cpp:199:15: warning: unused variable 'flag' [-Wunused-variable]
  unsigned int flag=0;
               ^~~~
sleeping for 2 minuites before continuing ....
host, kernel.xo, kernel.xclbin, nohupsyn.out saved
sleeping for 2 minuites before continuing ....
finished: variables:
XWARE: HW
SETUP: ACTGRAPH_SETUP
ALGORITHM: PR_ALGORITHM
DATASET: _TWITTERDATASET_67M
NUMCPUTHREADS:
RESULTDIR_RESULT: /home/oj2zf/Documents/ActsOfAGraph_Results/result_actgraphlw_pr_hw_1threads_4subthreadspow_LOCKE_EV_PERFORMANCEOFALGORITHM_evaluation_param0_twitter26.out
BACKUPDIR_KERNELXCLBIN: /home/oj2zf/Documents/ActsOfAGraph_Kernels/kernel_actgraphlw_pr_hw_1threads_LOCKE_EV_PERFORMANCEOFALGORITHM_evaluation_param0_twitter26.xclbin
finished: successfully finished all processing
