
****** Vivado(TM) HLS - High-Level Synthesis from C, C++ and SystemC v2019.1.3 (64-bit)
  **** SW Build 2644227 on Wed Sep  4 09:44:18 MDT 2019
  **** IP Build 2633630 on Wed Sep  4 12:30:14 MDT 2019
    ** Copyright 1986-2019 Xilinx, Inc. All Rights Reserved.

source /tools/Xilinx/Vivado/2019.1/scripts/vivado_hls/hls.tcl -notrace
INFO: [HLS 200-10] Running '/tools/Xilinx/Vivado/2019.1/bin/unwrapped/lnx64.o/vivado_hls'
INFO: [HLS 200-10] For user 'oj2zf' on host 'crabtree.cs.virginia.edu' (Linux_x86_64 version 4.15.0-112-generic) on Mon Jul 27 23:30:15 EDT 2020
INFO: [HLS 200-10] On os Ubuntu 18.04.4 LTS
INFO: [HLS 200-10] In directory '/home/oj2zf/Documents/ActsOfAGraph/vhls_proj'
Sourcing Tcl script 'script.tcl'
INFO: [HLS 200-10] Opening project '/home/oj2zf/Documents/ActsOfAGraph/vhls_proj/actsofagraph'.
INFO: [HLS 200-10] Adding design file '../kernels/acts.cpp' to the project
INFO: [HLS 200-10] Opening solution '/home/oj2zf/Documents/ActsOfAGraph/vhls_proj/actsofagraph/solution1'.
INFO: [SYN 201-201] Setting up clock 'default' with a period of 10ns.
INFO: [HLS 200-10] Setting target device to 'xcvu9p-fsgd2104-2-i'
INFO: [SCHED 204-61] Option 'relax_ii_for_timing' is enabled, will increase II to preserve clock frequency constraints.
INFO: [HLS 200-10] Analyzing design file '../kernels/acts.cpp' ... 
INFO: [HLS 200-111] Finished Linking Time (s): cpu = 00:00:14 ; elapsed = 00:00:15 . Memory (MB): peak = 893.711 ; gain = 194.969 ; free physical = 224126 ; free virtual = 242239
INFO: [HLS 200-111] Finished Checking Pragmas Time (s): cpu = 00:00:14 ; elapsed = 00:00:15 . Memory (MB): peak = 893.711 ; gain = 194.969 ; free physical = 224126 ; free virtual = 242239
INFO: [HLS 200-10] Starting code transformations ...
INFO: [XFORM 203-603] Inlining function 'getmessagesAddr' into 'topkernel' (../kernels/acts.cpp:3257).
INFO: [XFORM 203-603] Inlining function 'getmessagesAddr' into 'topkernel' (../kernels/acts.cpp:3256).
INFO: [XFORM 203-603] Inlining function 'getmessagesAddr' into 'topkernel' (../kernels/acts.cpp:3255).
INFO: [XFORM 203-603] Inlining function 'getmessagesAddr' into 'topkernel' (../kernels/acts.cpp:3254).
INFO: [XFORM 203-603] Inlining function 'getmessagesAddr' into 'topkernel' (../kernels/acts.cpp:3253).
INFO: [XFORM 203-603] Inlining function 'getmessagesAddr' into 'topkernel' (../kernels/acts.cpp:3252).
INFO: [XFORM 203-603] Inlining function 'getmessagesAddr' into 'topkernel' (../kernels/acts.cpp:3251).
INFO: [XFORM 203-603] Inlining function 'getmessagesAddr' into 'topkernel' (../kernels/acts.cpp:3250).
INFO: [XFORM 203-603] Inlining function 'getmessagesAddr' into 'topkernel' (../kernels/acts.cpp:3249).
INFO: [XFORM 203-603] Inlining function 'getmessagesAddr' into 'topkernel' (../kernels/acts.cpp:3248).
INFO: [XFORM 203-603] Inlining function 'getmessagesAddr' into 'topkernel' (../kernels/acts.cpp:3247).
INFO: [XFORM 203-603] Inlining function 'getmessagesAddr' into 'topkernel' (../kernels/acts.cpp:3246).
INFO: [XFORM 203-603] Inlining function 'getmessagesAddr' into 'topkernel' (../kernels/acts.cpp:3245).
INFO: [XFORM 203-603] Inlining function 'getmessagesAddr' into 'topkernel' (../kernels/acts.cpp:3244).
INFO: [XFORM 203-603] Inlining function 'resetcapsules' into 'partitionandreduce0' (../kernels/acts.cpp:2981).
INFO: [XFORM 203-603] Inlining function 'resetcapsules' into 'partitionandreduce0' (../kernels/acts.cpp:3095).
INFO: [XFORM 203-603] Inlining function 'resetcapsules' into 'partitionandreduce0' (../kernels/acts.cpp:3097).
INFO: [XFORM 203-603] Inlining function 'resetcapsules' into 'partitionandreduce0' (../kernels/acts.cpp:3132).
INFO: [XFORM 203-603] Inlining function 'get_num_source_partitions' into 'loadclopparams' (../kernels/acts.cpp:1184).
INFO: [XFORM 203-603] Inlining function 'getsourceskipsize' into 'loadclopparams' (../kernels/acts.cpp:1191).
INFO: [XFORM 203-603] Inlining function 'getsourceskipsize' into 'loadclopparams' (../kernels/acts.cpp:1189).
INFO: [XFORM 203-603] Inlining function 'getdestskipsize' into 'loadclopparams' (../kernels/acts.cpp:1192).
INFO: [XFORM 203-603] Inlining function 'getdestskipsize' into 'loadclopparams' (../kernels/acts.cpp:1190).
INFO: [XFORM 203-603] Inlining function 'loadclopparams' into 'partitionandreduce0' (../kernels/acts.cpp:3015).
INFO: [XFORM 203-603] Inlining function 'resetkeyandvalues' into 'partitionandreduce0' (../kernels/acts.cpp:3048).
INFO: [XFORM 203-603] Inlining function 'resetkeyandvalues' into 'partitionandreduce0' (../kernels/acts.cpp:3049).
INFO: [XFORM 203-603] Inlining function 'shutdownpartitionparams' into 'partitionandreduce0' (../kernels/acts.cpp:3057).
INFO: [XFORM 203-603] Inlining function 'checkandforce' into 'getchunksize' (../kernels/acts.cpp:1236).
INFO: [XFORM 203-603] Inlining function 'checkandforce' into 'getchunksize' (../kernels/acts.cpp:1237).
INFO: [XFORM 203-603] Inlining function 'checkandforce' into 'getchunksize' (../kernels/acts.cpp:1238).
INFO: [XFORM 203-603] Inlining function 'checkandforce' into 'readkeyvalues0' (../kernels/acts.cpp:1270).
INFO: [XFORM 203-603] Inlining function 'checkandforce' into 'readkeyvalues0' (../kernels/acts.cpp:1271).
INFO: [XFORM 203-603] Inlining function 'checkandforce' into 'readkeyvalues0.1' (../kernels/acts.cpp:1299).
INFO: [XFORM 203-603] Inlining function 'checkandforce' into 'readkeyvalues0.1' (../kernels/acts.cpp:1300).
INFO: [XFORM 203-603] Inlining function 'checkandforce' into 'savekeyvalues0' (../kernels/acts.cpp:2496).
INFO: [XFORM 203-603] Inlining function 'checkandforce' into 'savekeyvalues0' (../kernels/acts.cpp:2497).
INFO: [XFORM 203-603] Inlining function 'checkandforce' into 'savekeyvalues0.2' (../kernels/acts.cpp:2524).
INFO: [XFORM 203-603] Inlining function 'checkandforce' into 'savekeyvalues0.2' (../kernels/acts.cpp:2525).
INFO: [XFORM 203-603] Inlining function 'checkandforce' into 'savecapsules0' (../kernels/acts.cpp:2678).
INFO: [XFORM 203-603] Inlining function 'checkandforce' into 'savecapsules0' (../kernels/acts.cpp:2688).
INFO: [XFORM 203-603] Inlining function 'checkandforce' into 'savecapsules0' (../kernels/acts.cpp:2698).
INFO: [XFORM 203-603] Inlining function 'checkandforce' into 'savecapsules0' (../kernels/acts.cpp:2708).
INFO: [XFORM 203-603] Inlining function 'checkandforce' into 'savepartitions0' (../kernels/acts.cpp:2774).
INFO: [XFORM 203-603] Inlining function 'checkandforce' into 'savepartitions0' (../kernels/acts.cpp:2775).
INFO: [XFORM 203-603] Inlining function 'checkandforce' into 'savepartitions0' (../kernels/acts.cpp:2776).
INFO: [XFORM 203-603] Inlining function 'checkandforce' into 'savepartitions0' (../kernels/acts.cpp:2777).
INFO: [XFORM 203-603] Inlining function 'checkandforce' into 'savepartitions0' (../kernels/acts.cpp:2805).
INFO: [XFORM 203-603] Inlining function 'checkandforce' into 'savepartitions0' (../kernels/acts.cpp:2806).
INFO: [XFORM 203-603] Inlining function 'checkandforce' into 'savepartitions0' (../kernels/acts.cpp:2807).
INFO: [XFORM 203-603] Inlining function 'checkandforce' into 'savepartitions0' (../kernels/acts.cpp:2808).
INFO: [XFORM 203-603] Inlining function 'checkandforce' into 'savepartitions0' (../kernels/acts.cpp:2836).
INFO: [XFORM 203-603] Inlining function 'checkandforce' into 'savepartitions0' (../kernels/acts.cpp:2837).
INFO: [XFORM 203-603] Inlining function 'checkandforce' into 'savepartitions0' (../kernels/acts.cpp:2838).
INFO: [XFORM 203-603] Inlining function 'checkandforce' into 'savepartitions0' (../kernels/acts.cpp:2839).
INFO: [XFORM 203-603] Inlining function 'checkandforce' into 'savepartitions0' (../kernels/acts.cpp:2867).
INFO: [XFORM 203-603] Inlining function 'checkandforce' into 'savepartitions0' (../kernels/acts.cpp:2868).
INFO: [XFORM 203-603] Inlining function 'checkandforce' into 'savepartitions0' (../kernels/acts.cpp:2869).
INFO: [XFORM 203-603] Inlining function 'checkandforce' into 'savepartitions0' (../kernels/acts.cpp:2870).
INFO: [XFORM 203-603] Inlining function 'getchunksize' into 'readkeyvalues0.2' (../kernels/acts.cpp:1428).
INFO: [XFORM 203-603] Inlining function 'getchunksize' into 'readkeyvalues0.2' (../kernels/acts.cpp:1430).
INFO: [XFORM 203-603] Inlining function 'getchunksize' into 'readkeyvalues0.2' (../kernels/acts.cpp:1432).
INFO: [XFORM 203-603] Inlining function 'getchunksize' into 'readkeyvalues0.2' (../kernels/acts.cpp:1434).
INFO: [XFORM 203-603] Inlining function 'getchunksize' into 'readkeyvalues0.3' (../kernels/acts.cpp:1466).
INFO: [XFORM 203-603] Inlining function 'getchunksize' into 'readkeyvalues0.3' (../kernels/acts.cpp:1468).
INFO: [XFORM 203-603] Inlining function 'getchunksize' into 'readkeyvalues0.3' (../kernels/acts.cpp:1470).
INFO: [XFORM 203-603] Inlining function 'getchunksize' into 'readkeyvalues0.3' (../kernels/acts.cpp:1472).
INFO: [XFORM 203-603] Inlining function 'getchunksize' into 'collectstats00' (../kernels/acts.cpp:1614).
INFO: [XFORM 203-603] Inlining function 'getchunksize' into 'collectstats00' (../kernels/acts.cpp:1617).
INFO: [XFORM 203-603] Inlining function 'getchunksize' into 'collectstats00' (../kernels/acts.cpp:1620).
INFO: [XFORM 203-603] Inlining function 'getchunksize' into 'collectstats00' (../kernels/acts.cpp:1623).
INFO: [XFORM 203-603] Inlining function 'getchunksize' into 'partitionkeyvalues00' (../kernels/acts.cpp:2015).
INFO: [XFORM 203-603] Inlining function 'getchunksize' into 'partitionkeyvalues00' (../kernels/acts.cpp:2018).
INFO: [XFORM 203-603] Inlining function 'getchunksize' into 'partitionkeyvalues00' (../kernels/acts.cpp:2021).
INFO: [XFORM 203-603] Inlining function 'getchunksize' into 'partitionkeyvalues00' (../kernels/acts.cpp:2024).
INFO: [XFORM 203-603] Inlining function 'getchunksize' into 'reducepartitions0' (../kernels/acts.cpp:2208).
INFO: [XFORM 203-603] Inlining function 'getchunksize' into 'reducepartitions0' (../kernels/acts.cpp:2211).
INFO: [XFORM 203-603] Inlining function 'getchunksize' into 'reducepartitions0' (../kernels/acts.cpp:2214).
INFO: [XFORM 203-603] Inlining function 'getchunksize' into 'reducepartitions0' (../kernels/acts.cpp:2217).
INFO: [XFORM 203-603] Inlining function 'WithinValidRange' into 'partitionkeyvalues00' (../kernels/acts.cpp:2071).
INFO: [XFORM 203-603] Inlining function 'WithinValidRange' into 'partitionkeyvalues00' (../kernels/acts.cpp:2070).
INFO: [XFORM 203-603] Inlining function 'WithinValidRange' into 'partitionkeyvalues00' (../kernels/acts.cpp:2069).
INFO: [XFORM 203-603] Inlining function 'WithinValidRange' into 'partitionkeyvalues00' (../kernels/acts.cpp:2068).
INFO: [XFORM 203-603] Inlining function 'WithinValidRange' into 'partitionkeyvalues00' (../kernels/acts.cpp:2051).
INFO: [XFORM 203-603] Inlining function 'WithinValidRange' into 'partitionkeyvalues00' (../kernels/acts.cpp:2049).
INFO: [XFORM 203-603] Inlining function 'WithinValidRange' into 'partitionkeyvalues00' (../kernels/acts.cpp:2047).
INFO: [XFORM 203-603] Inlining function 'WithinValidRange' into 'partitionkeyvalues00' (../kernels/acts.cpp:2045).
INFO: [XFORM 203-603] Inlining function 'WithinValidRange' into 'collectstats00' (../kernels/acts.cpp:1956).
INFO: [XFORM 203-603] Inlining function 'WithinValidRange' into 'collectstats00' (../kernels/acts.cpp:1955).
INFO: [XFORM 203-603] Inlining function 'WithinValidRange' into 'collectstats00' (../kernels/acts.cpp:1954).
INFO: [XFORM 203-603] Inlining function 'WithinValidRange' into 'collectstats00' (../kernels/acts.cpp:1953).
INFO: [XFORM 203-603] Inlining function 'WithinValidRange' into 'collectstats00' (../kernels/acts.cpp:1952).
INFO: [XFORM 203-603] Inlining function 'WithinValidRange' into 'collectstats00' (../kernels/acts.cpp:1951).
INFO: [XFORM 203-603] Inlining function 'WithinValidRange' into 'collectstats00' (../kernels/acts.cpp:1950).
INFO: [XFORM 203-603] Inlining function 'WithinValidRange' into 'collectstats00' (../kernels/acts.cpp:1949).
INFO: [XFORM 203-603] Inlining function 'WithinValidRange' into 'collectstats00' (../kernels/acts.cpp:1948).
INFO: [XFORM 203-603] Inlining function 'WithinValidRange' into 'collectstats00' (../kernels/acts.cpp:1947).
INFO: [XFORM 203-603] Inlining function 'WithinValidRange' into 'collectstats00' (../kernels/acts.cpp:1946).
INFO: [XFORM 203-603] Inlining function 'WithinValidRange' into 'collectstats00' (../kernels/acts.cpp:1945).
INFO: [XFORM 203-603] Inlining function 'WithinValidRange' into 'collectstats00' (../kernels/acts.cpp:1944).
INFO: [XFORM 203-603] Inlining function 'WithinValidRange' into 'collectstats00' (../kernels/acts.cpp:1943).
INFO: [XFORM 203-603] Inlining function 'WithinValidRange' into 'collectstats00' (../kernels/acts.cpp:1942).
INFO: [XFORM 203-603] Inlining function 'WithinValidRange' into 'collectstats00' (../kernels/acts.cpp:1941).
INFO: [XFORM 203-603] Inlining function 'WithinValidRange' into 'collectstats00' (../kernels/acts.cpp:1940).
INFO: [XFORM 203-603] Inlining function 'WithinValidRange' into 'collectstats00' (../kernels/acts.cpp:1939).
INFO: [XFORM 203-603] Inlining function 'WithinValidRange' into 'collectstats00' (../kernels/acts.cpp:1938).
INFO: [XFORM 203-603] Inlining function 'WithinValidRange' into 'collectstats00' (../kernels/acts.cpp:1937).
INFO: [XFORM 203-603] Inlining function 'WithinValidRange' into 'collectstats00' (../kernels/acts.cpp:1936).
INFO: [XFORM 203-603] Inlining function 'WithinValidRange' into 'collectstats00' (../kernels/acts.cpp:1935).
INFO: [XFORM 203-603] Inlining function 'WithinValidRange' into 'collectstats00' (../kernels/acts.cpp:1934).
INFO: [XFORM 203-603] Inlining function 'WithinValidRange' into 'collectstats00' (../kernels/acts.cpp:1933).
INFO: [XFORM 203-603] Inlining function 'WithinValidRange' into 'collectstats00' (../kernels/acts.cpp:1932).
INFO: [XFORM 203-603] Inlining function 'WithinValidRange' into 'collectstats00' (../kernels/acts.cpp:1931).
INFO: [XFORM 203-603] Inlining function 'WithinValidRange' into 'collectstats00' (../kernels/acts.cpp:1930).
INFO: [XFORM 203-603] Inlining function 'WithinValidRange' into 'collectstats00' (../kernels/acts.cpp:1929).
INFO: [XFORM 203-603] Inlining function 'WithinValidRange' into 'collectstats00' (../kernels/acts.cpp:1928).
INFO: [XFORM 203-603] Inlining function 'WithinValidRange' into 'collectstats00' (../kernels/acts.cpp:1927).
INFO: [XFORM 203-603] Inlining function 'WithinValidRange' into 'collectstats00' (../kernels/acts.cpp:1926).
INFO: [XFORM 203-603] Inlining function 'WithinValidRange' into 'collectstats00' (../kernels/acts.cpp:1925).
INFO: [XFORM 203-603] Inlining function 'WithinValidRange' into 'collectstats00' (../kernels/acts.cpp:1923).
INFO: [XFORM 203-603] Inlining function 'WithinValidRange' into 'collectstats00' (../kernels/acts.cpp:1921).
INFO: [XFORM 203-603] Inlining function 'WithinValidRange' into 'collectstats00' (../kernels/acts.cpp:1919).
INFO: [XFORM 203-603] Inlining function 'WithinValidRange' into 'collectstats00' (../kernels/acts.cpp:1917).
INFO: [XFORM 203-603] Inlining function 'WithinValidRange' into 'collectstats00' (../kernels/acts.cpp:1915).
INFO: [XFORM 203-603] Inlining function 'WithinValidRange' into 'collectstats00' (../kernels/acts.cpp:1913).
INFO: [XFORM 203-603] Inlining function 'WithinValidRange' into 'collectstats00' (../kernels/acts.cpp:1911).
INFO: [XFORM 203-603] Inlining function 'WithinValidRange' into 'collectstats00' (../kernels/acts.cpp:1909).
INFO: [XFORM 203-603] Inlining function 'WithinValidRange' into 'collectstats00' (../kernels/acts.cpp:1907).
INFO: [XFORM 203-603] Inlining function 'WithinValidRange' into 'collectstats00' (../kernels/acts.cpp:1905).
INFO: [XFORM 203-603] Inlining function 'WithinValidRange' into 'collectstats00' (../kernels/acts.cpp:1903).
INFO: [XFORM 203-603] Inlining function 'WithinValidRange' into 'collectstats00' (../kernels/acts.cpp:1901).
INFO: [XFORM 203-603] Inlining function 'WithinValidRange' into 'collectstats00' (../kernels/acts.cpp:1899).
INFO: [XFORM 203-603] Inlining function 'WithinValidRange' into 'collectstats00' (../kernels/acts.cpp:1897).
INFO: [XFORM 203-603] Inlining function 'WithinValidRange' into 'collectstats00' (../kernels/acts.cpp:1895).
INFO: [XFORM 203-603] Inlining function 'WithinValidRange' into 'collectstats00' (../kernels/acts.cpp:1893).
INFO: [XFORM 203-603] Inlining function 'WithinValidRange' into 'collectstats00' (../kernels/acts.cpp:1891).
INFO: [XFORM 203-603] Inlining function 'WithinValidRange' into 'collectstats00' (../kernels/acts.cpp:1889).
INFO: [XFORM 203-603] Inlining function 'WithinValidRange' into 'collectstats00' (../kernels/acts.cpp:1887).
INFO: [XFORM 203-603] Inlining function 'WithinValidRange' into 'collectstats00' (../kernels/acts.cpp:1885).
INFO: [XFORM 203-603] Inlining function 'WithinValidRange' into 'collectstats00' (../kernels/acts.cpp:1883).
INFO: [XFORM 203-603] Inlining function 'WithinValidRange' into 'collectstats00' (../kernels/acts.cpp:1881).
INFO: [XFORM 203-603] Inlining function 'WithinValidRange' into 'collectstats00' (../kernels/acts.cpp:1879).
INFO: [XFORM 203-603] Inlining function 'WithinValidRange' into 'collectstats00' (../kernels/acts.cpp:1877).
INFO: [XFORM 203-603] Inlining function 'WithinValidRange' into 'collectstats00' (../kernels/acts.cpp:1875).
INFO: [XFORM 203-603] Inlining function 'WithinValidRange' into 'collectstats00' (../kernels/acts.cpp:1873).
INFO: [XFORM 203-603] Inlining function 'WithinValidRange' into 'collectstats00' (../kernels/acts.cpp:1871).
INFO: [XFORM 203-603] Inlining function 'WithinValidRange' into 'collectstats00' (../kernels/acts.cpp:1869).
INFO: [XFORM 203-603] Inlining function 'WithinValidRange' into 'collectstats00' (../kernels/acts.cpp:1867).
INFO: [XFORM 203-603] Inlining function 'WithinValidRange' into 'collectstats00' (../kernels/acts.cpp:1865).
INFO: [XFORM 203-603] Inlining function 'WithinValidRange' into 'collectstats00' (../kernels/acts.cpp:1863).
INFO: [XFORM 203-603] Inlining function 'WithinValidRange' into 'collectstats00' (../kernels/acts.cpp:1861).
INFO: [XFORM 203-603] Inlining function 'calculateoffsets' into 'savecapsules0' (../kernels/acts.cpp:2662).
INFO: [XFORM 203-603] Inlining function 'setkeyvalue' into 'savecapsules0' (../kernels/acts.cpp:2672).
INFO: [XFORM 203-603] Inlining function 'setkeyvalue' into 'savecapsules0' (../kernels/acts.cpp:2670).
INFO: [XFORM 203-603] Inlining function 'setkeyvalue' into 'savecapsules0' (../kernels/acts.cpp:2668).
INFO: [XFORM 203-603] Inlining function 'setkeyvalue' into 'savecapsules0' (../kernels/acts.cpp:2666).
INFO: [XFORM 203-603] Inlining function 'setkeyvalue' into 'partitionkeyvalues00' (../kernels/acts.cpp:2066).
INFO: [XFORM 203-603] Inlining function 'setkeyvalue' into 'partitionkeyvalues00' (../kernels/acts.cpp:2064).
INFO: [XFORM 203-603] Inlining function 'setkeyvalue' into 'partitionkeyvalues00' (../kernels/acts.cpp:2062).
INFO: [XFORM 203-603] Inlining function 'setkeyvalue' into 'partitionkeyvalues00' (../kernels/acts.cpp:2060).
INFO: [XFORM 203-603] Inlining function 'calculateoffsets.1' into 'partitionandreduce0' (../kernels/acts.cpp:3099).
INFO: [XFORM 203-603] Inlining function 'copy' into 'partitionandreduce0' (../kernels/acts.cpp:3100).
INFO: [XFORM 203-603] Inlining function 'resetvalues' into 'partitionandreduce0' (../kernels/acts.cpp:3101).
INFO: [XFORM 203-603] Inlining function 'getkeyvalue' into 'readcapsules0' (../kernels/acts.cpp:1526).
INFO: [XFORM 203-603] Inlining function 'getkeyvalue' into 'readcapsules0' (../kernels/acts.cpp:1527).
INFO: [XFORM 203-603] Inlining function 'getkeyvalue' into 'readcapsules0' (../kernels/acts.cpp:1528).
INFO: [XFORM 203-603] Inlining function 'getkeyvalue' into 'readcapsules0' (../kernels/acts.cpp:1529).
INFO: [XFORM 203-603] Inlining function 'getkeyvalue' into 'partitionkeyvalues00' (../kernels/acts.cpp:2039).
INFO: [XFORM 203-603] Inlining function 'getkeyvalue' into 'partitionkeyvalues00' (../kernels/acts.cpp:2040).
INFO: [XFORM 203-603] Inlining function 'getkeyvalue' into 'partitionkeyvalues00' (../kernels/acts.cpp:2041).
INFO: [XFORM 203-603] Inlining function 'getkeyvalue' into 'partitionkeyvalues00' (../kernels/acts.cpp:2042).
INFO: [XFORM 203-603] Inlining function 'reducefunc' into 'reducepartitions0' (../kernels/acts.cpp:2439).
INFO: [XFORM 203-603] Inlining function 'reducefunc' into 'reducepartitions0' (../kernels/acts.cpp:2440).
INFO: [XFORM 203-603] Inlining function 'reducefunc' into 'reducepartitions0' (../kernels/acts.cpp:2441).
INFO: [XFORM 203-603] Inlining function 'reducefunc' into 'reducepartitions0' (../kernels/acts.cpp:2442).
INFO: [HLS 200-111] Finished Standard Transforms Time (s): cpu = 00:00:16 ; elapsed = 00:00:18 . Memory (MB): peak = 893.711 ; gain = 194.969 ; free physical = 224116 ; free virtual = 242228
INFO: [HLS 200-10] Checking synthesizability ...
INFO: [XFORM 203-602] Inlining function 'allignhigher_KV' into 'savecapsules0' (../kernels/acts.cpp:1157->../kernels/acts.cpp:2662) automatically.
INFO: [XFORM 203-602] Inlining function 'getpartition' into 'partitionkeyvalues00' (../kernels/acts.cpp:2045) automatically.
INFO: [XFORM 203-602] Inlining function 'allignhigher_KV' into 'savepartitions0' (../kernels/acts.cpp:2793) automatically.
INFO: [XFORM 203-602] Inlining function 'allignhigher_KV' into 'partitionandreduce0' (../kernels/acts.cpp:1173->../kernels/acts.cpp:3099) automatically.
INFO: [XFORM 203-602] Inlining function 'max' into 'partitionandreduce0' (../kernels/acts.cpp:3150) automatically.
INFO: [XFORM 203-602] Inlining function 'getvaluecount' into 'partitionandreduce0' (../kernels/acts.cpp:3209) automatically.
INFO: [HLS 200-111] Finished Checking Synthesizability Time (s): cpu = 00:00:19 ; elapsed = 00:00:20 . Memory (MB): peak = 893.711 ; gain = 194.969 ; free physical = 224111 ; free virtual = 242223
INFO: [XFORM 203-1101] Packing variable 'kvstatsA' (../kernels/acts.cpp:3229) into a 64-bit variable.
INFO: [XFORM 203-502] Unrolling all sub-loops inside loop 'REDUCE_MAINLOOP1C' (../kernels/acts.cpp:2379) in function 'reducepartitions0' for pipelining.
WARNING: [XFORM 203-561] Updating loop upper bound from 512 to 256 for loop 'SAVEKEYVALUES_LOOP' (../kernels/acts.cpp:2532:1) in function 'savekeyvalues0.2'.
WARNING: [XFORM 203-561] Updating loop lower bound from 0 to 256 for loop 'SAVEKEYVALUES_LOOP' (../kernels/acts.cpp:2532:1) in function 'savekeyvalues0.2'.
WARNING: [XFORM 203-561] Updating loop upper bound from 512 to 256 for loop 'READKEYVALUES_LOOP' (../kernels/acts.cpp:1307:1) in function 'readkeyvalues0.1'.
WARNING: [XFORM 203-561] Updating loop lower bound from 0 to 256 for loop 'READKEYVALUES_LOOP' (../kernels/acts.cpp:1307:1) in function 'readkeyvalues0.1'.
WARNING: [XFORM 203-561] Updating loop lower bound from 0 to 66 for loop 'SAVEPARTITIONS0_MAINLOOP1B' (../kernels/acts.cpp:2784:1) in function 'savepartitions0'.
WARNING: [XFORM 203-561] Updating loop lower bound from 0 to 66 for loop 'SAVEPARTITIONS1_MAINLOOP1B' (../kernels/acts.cpp:2815:1) in function 'savepartitions0'.
WARNING: [XFORM 203-561] Updating loop lower bound from 0 to 66 for loop 'SAVEPARTITIONS2_MAINLOOP1B' (../kernels/acts.cpp:2846:1) in function 'savepartitions0'.
WARNING: [XFORM 203-561] Updating loop lower bound from 0 to 66 for loop 'SAVEPARTITIONS3_MAINLOOP1B' (../kernels/acts.cpp:2877:1) in function 'savepartitions0'.
WARNING: [XFORM 203-561] Updating loop upper bound from 2112 to 512 for loop 'SAVEKEYVALUES_LOOP' (../kernels/acts.cpp:2503:1) in function 'savekeyvalues0'.
WARNING: [XFORM 203-561] Updating loop lower bound from 0 to 512 for loop 'SAVEKEYVALUES_LOOP' (../kernels/acts.cpp:2503:1) in function 'savekeyvalues0'.
WARNING: [XFORM 203-561] Updating loop upper bound from 512 to 4096 for loop 'PARTITIONKEYVALUES_MAINLOOP' (../kernels/acts.cpp:2037:1) in function 'partitionkeyvalues00'.
WARNING: [XFORM 203-561] Updating loop lower bound from 0 to 4096 for loop 'PARTITIONKEYVALUES_MAINLOOP' (../kernels/acts.cpp:2037:1) in function 'partitionkeyvalues00'.
INFO: [HLS 200-489] Unrolling loop 'Loop-1.2.1' (../kernels/acts.cpp:2382) in function 'reducepartitions0' completely with a factor of 8.
INFO: [XFORM 203-102] Partitioning array 'kvcapsulemetadata.key' (../kernels/acts.cpp:3201) automatically.
INFO: [XFORM 203-102] Partitioning array 'kvcapsulemetadata.value' (../kernels/acts.cpp:3201) automatically.
INFO: [XFORM 203-102] Automatically partitioning small array 'sourcestats.key' (../kernels/acts.cpp:2968) completely based on array size.
INFO: [XFORM 203-102] Automatically partitioning small array 'sourcestats.value' (../kernels/acts.cpp:2968) completely based on array size.
INFO: [XFORM 203-102] Automatically partitioning small array 'sourcestats2.value' (../kernels/acts.cpp:2969) completely based on array size.
INFO: [XFORM 203-101] Partitioning array 'Vtemp0.key' (../kernels/acts.cpp:2219) in dimension 1 completely.
INFO: [XFORM 203-101] Partitioning array 'Vtemp0.value' (../kernels/acts.cpp:2219) in dimension 1 completely.
INFO: [XFORM 203-101] Partitioning array 'Vtemp1.key' (../kernels/acts.cpp:2221) in dimension 1 completely.
INFO: [XFORM 203-101] Partitioning array 'Vtemp1.value' (../kernels/acts.cpp:2221) in dimension 1 completely.
INFO: [XFORM 203-101] Partitioning array 'Vtemp2.key' (../kernels/acts.cpp:2223) in dimension 1 completely.
INFO: [XFORM 203-101] Partitioning array 'Vtemp2.value' (../kernels/acts.cpp:2223) in dimension 1 completely.
INFO: [XFORM 203-101] Partitioning array 'Vtemp3.key' (../kernels/acts.cpp:2225) in dimension 1 completely.
INFO: [XFORM 203-101] Partitioning array 'Vtemp3.value' (../kernels/acts.cpp:2225) in dimension 1 completely.
INFO: [XFORM 203-101] Partitioning array 'keyvalue0.key' (../kernels/acts.cpp:2228) in dimension 1 completely.
INFO: [XFORM 203-101] Partitioning array 'keyvalue0.value' (../kernels/acts.cpp:2228) in dimension 1 completely.
INFO: [XFORM 203-101] Partitioning array 'loc0' (../kernels/acts.cpp:2229) in dimension 1 completely.
INFO: [XFORM 203-101] Partitioning array 'vprop0.key' (../kernels/acts.cpp:2230) in dimension 1 completely.
INFO: [XFORM 203-101] Partitioning array 'vprop0.value' (../kernels/acts.cpp:2230) in dimension 1 completely.
INFO: [XFORM 203-101] Partitioning array 'temp0' (../kernels/acts.cpp:2231) in dimension 1 completely.
INFO: [XFORM 203-101] Partitioning array 'keyvalue1.key' (../kernels/acts.cpp:2236) in dimension 1 completely.
INFO: [XFORM 203-101] Partitioning array 'keyvalue1.value' (../kernels/acts.cpp:2236) in dimension 1 completely.
INFO: [XFORM 203-101] Partitioning array 'loc1' (../kernels/acts.cpp:2237) in dimension 1 completely.
INFO: [XFORM 203-101] Partitioning array 'vprop1.key' (../kernels/acts.cpp:2238) in dimension 1 completely.
INFO: [XFORM 203-101] Partitioning array 'vprop1.value' (../kernels/acts.cpp:2238) in dimension 1 completely.
INFO: [XFORM 203-101] Partitioning array 'temp1' (../kernels/acts.cpp:2239) in dimension 1 completely.
INFO: [XFORM 203-101] Partitioning array 'keyvalue2.key' (../kernels/acts.cpp:2244) in dimension 1 completely.
INFO: [XFORM 203-101] Partitioning array 'keyvalue2.value' (../kernels/acts.cpp:2244) in dimension 1 completely.
INFO: [XFORM 203-101] Partitioning array 'loc2' (../kernels/acts.cpp:2245) in dimension 1 completely.
INFO: [XFORM 203-101] Partitioning array 'vprop2.key' (../kernels/acts.cpp:2246) in dimension 1 completely.
INFO: [XFORM 203-101] Partitioning array 'vprop2.value' (../kernels/acts.cpp:2246) in dimension 1 completely.
INFO: [XFORM 203-101] Partitioning array 'temp2' (../kernels/acts.cpp:2247) in dimension 1 completely.
INFO: [XFORM 203-101] Partitioning array 'keyvalue3.key' (../kernels/acts.cpp:2252) in dimension 1 completely.
INFO: [XFORM 203-101] Partitioning array 'keyvalue3.value' (../kernels/acts.cpp:2252) in dimension 1 completely.
INFO: [XFORM 203-101] Partitioning array 'loc3' (../kernels/acts.cpp:2253) in dimension 1 completely.
INFO: [XFORM 203-101] Partitioning array 'vprop3.key' (../kernels/acts.cpp:2254) in dimension 1 completely.
INFO: [XFORM 203-101] Partitioning array 'vprop3.value' (../kernels/acts.cpp:2254) in dimension 1 completely.
INFO: [XFORM 203-101] Partitioning array 'temp3' (../kernels/acts.cpp:2255) in dimension 1 completely.
INFO: [XFORM 203-101] Partitioning array 'sizes0.key' (../kernels/acts.cpp:2026) in dimension 1 completely.
INFO: [XFORM 203-101] Partitioning array 'sizes0.value' (../kernels/acts.cpp:2026) in dimension 1 completely.
INFO: [XFORM 203-101] Partitioning array 'sizes1.key' (../kernels/acts.cpp:2028) in dimension 1 completely.
INFO: [XFORM 203-101] Partitioning array 'sizes1.value' (../kernels/acts.cpp:2028) in dimension 1 completely.
INFO: [XFORM 203-101] Partitioning array 'sizes2.key' (../kernels/acts.cpp:2030) in dimension 1 completely.
INFO: [XFORM 203-101] Partitioning array 'sizes2.value' (../kernels/acts.cpp:2030) in dimension 1 completely.
INFO: [XFORM 203-101] Partitioning array 'sizes3.key' (../kernels/acts.cpp:2032) in dimension 1 completely.
INFO: [XFORM 203-101] Partitioning array 'sizes3.value' (../kernels/acts.cpp:2032) in dimension 1 completely.
INFO: [XFORM 203-101] Partitioning array 'sourcebuffer00.V' (../kernels/acts.cpp:2901) in dimension 1 completely.
INFO: [XFORM 203-101] Partitioning array 'sourcebuffer01.V' (../kernels/acts.cpp:2906) in dimension 1 completely.
INFO: [XFORM 203-101] Partitioning array 'sourcebuffer02.V' (../kernels/acts.cpp:2911) in dimension 1 completely.
INFO: [XFORM 203-101] Partitioning array 'sourcebuffer03.V' (../kernels/acts.cpp:2916) in dimension 1 completely.
INFO: [XFORM 203-101] Partitioning array 'sourcestats.key' (../kernels/acts.cpp:2968) in dimension 1 completely.
INFO: [XFORM 203-101] Partitioning array 'sourcestats.value' (../kernels/acts.cpp:2968) in dimension 1 completely.
INFO: [XFORM 203-101] Partitioning array 'sourcestats2.value' (../kernels/acts.cpp:2969) in dimension 1 completely.
INFO: [XFORM 203-101] Partitioning array 'Vtemp0.key' (../kernels/acts.cpp:2219) in dimension 2 completely.
INFO: [XFORM 203-101] Partitioning array 'Vtemp0.value' (../kernels/acts.cpp:2219) in dimension 2 completely.
INFO: [XFORM 203-101] Partitioning array 'Vtemp1.key' (../kernels/acts.cpp:2221) in dimension 2 completely.
INFO: [XFORM 203-101] Partitioning array 'Vtemp1.value' (../kernels/acts.cpp:2221) in dimension 2 completely.
INFO: [XFORM 203-101] Partitioning array 'Vtemp2.key' (../kernels/acts.cpp:2223) in dimension 2 completely.
INFO: [XFORM 203-101] Partitioning array 'Vtemp2.value' (../kernels/acts.cpp:2223) in dimension 2 completely.
INFO: [XFORM 203-101] Partitioning array 'Vtemp3.key' (../kernels/acts.cpp:2225) in dimension 2 completely.
INFO: [XFORM 203-101] Partitioning array 'Vtemp3.value' (../kernels/acts.cpp:2225) in dimension 2 completely.
INFO: [XFORM 203-602] Inlining function 'allignhigher_KV' into 'savecapsules0' (../kernels/acts.cpp:1157->../kernels/acts.cpp:2662) automatically.
INFO: [XFORM 203-602] Inlining function 'getpartition' into 'partitionkeyvalues00' (../kernels/acts.cpp:2045) automatically.
INFO: [XFORM 203-602] Inlining function 'allignhigher_KV' into 'savepartitions0' (../kernels/acts.cpp:2793) automatically.
INFO: [XFORM 203-602] Inlining function 'IsReducePhase' into 'partitionandreduce0' (../kernels/acts.cpp:3017) automatically.
INFO: [XFORM 203-602] Inlining function 'allignhigher_KV' into 'partitionandreduce0' (../kernels/acts.cpp:1173->../kernels/acts.cpp:3099) automatically.
INFO: [XFORM 203-602] Inlining function 'max' into 'partitionandreduce0' (../kernels/acts.cpp:3150) automatically.
INFO: [XFORM 203-602] Inlining function 'getvaluecount' into 'partitionandreduce0' (../kernels/acts.cpp:3209) automatically.
WARNING: [XFORM 203-561] Updating loop lower bound from 0 to 32 for loop 'SAVEKEYVALUES_LOOP' (../kernels/acts.cpp:2516:1) in function 'savekeyvalues0.251'.
WARNING: [XFORM 203-561] Updating loop upper bound from 32 to 1 for loop 'SAVEKEYVALUES_LOOP' (../kernels/acts.cpp:2516:1) in function 'savekeyvalues0.1'.
WARNING: [XFORM 203-561] Updating loop lower bound from 0 to 1 for loop 'SAVEKEYVALUES_LOOP' (../kernels/acts.cpp:2516:1) in function 'savekeyvalues0.1'.
WARNING: [XFORM 203-561] Updating loop lower bound from 0 to 512 for loop 'READKEYVALUES_LOOP' (../kernels/acts.cpp:1278:1) in function 'readkeyvalues0'.
INFO: [XFORM 203-401] Performing if-conversion on hyperblock to (../kernels/acts.cpp:1478:2) in function 'readkeyvalues0.3'... converting 9 basic blocks.
INFO: [XFORM 203-401] Performing if-conversion on hyperblock from (../kernels/acts.cpp:1232:46) to (../kernels/acts.cpp:1440:2) in function 'readkeyvalues0.2'... converting 9 basic blocks.
INFO: [XFORM 203-401] Performing if-conversion on hyperblock from (../kernels/acts.cpp:1524:60) to (../kernels/acts.cpp:1524:55) in function 'readcapsules0'... converting 65 basic blocks.
INFO: [XFORM 203-401] Performing if-conversion on hyperblock from (../kernels/acts.cpp:2036:68) to (../kernels/acts.cpp:415:1) in function 'partitionkeyvalues00'... converting 73 basic blocks.
INFO: [XFORM 203-401] Performing if-conversion on hyperblock from (../kernels/acts.cpp:1232:46) to (../kernels/acts.cpp:2035:24) in function 'partitionkeyvalues00'... converting 13 basic blocks.
INFO: [XFORM 203-401] Performing if-conversion on hyperblock from (../kernels/acts.cpp:3098:4) to (../kernels/acts.cpp:3099:4) in function 'partitionandreduce0'... converting 3 basic blocks.
INFO: [XFORM 203-401] Performing if-conversion on hyperblock to (../kernels/acts.cpp:1258:24) in function 'partitionandreduce0'... converting 3 basic blocks.
INFO: [XFORM 203-401] Performing if-conversion on hyperblock from (../kernels/acts.cpp:1232:46) to (../kernels/acts.cpp:1658:45) in function 'collectstats00'... converting 9 basic blocks.
INFO: [XFORM 203-11] Balancing expressions in function 'partitionandreduce0' (../kernels/acts.cpp:2893)...3 expression(s) balanced.
INFO: [XFORM 203-11] Balancing expressions in function 'collectstats00' (../kernels/acts.cpp:1608)...32 expression(s) balanced.
INFO: [HLS 200-111] Finished Pre-synthesis Time (s): cpu = 00:00:32 ; elapsed = 00:00:34 . Memory (MB): peak = 893.711 ; gain = 194.969 ; free physical = 224077 ; free virtual = 242190
INFO: [XFORM 203-541] Flattening a loop nest 'SAVEPARTITIONS0_MAINLOOP1A' (../kernels/acts.cpp:2766:72) in function 'savepartitions0'.
INFO: [XFORM 203-541] Flattening a loop nest 'SAVEPARTITIONS1_MAINLOOP1A' (../kernels/acts.cpp:2797:72) in function 'savepartitions0'.
INFO: [XFORM 203-541] Flattening a loop nest 'SAVEPARTITIONS2_MAINLOOP1A' (../kernels/acts.cpp:2828:72) in function 'savepartitions0'.
INFO: [XFORM 203-541] Flattening a loop nest 'SAVEPARTITIONS3_MAINLOOP1A' (../kernels/acts.cpp:2859:72) in function 'savepartitions0'.
WARNING: [XFORM 203-542] Cannot flatten a loop nest 'REDUCE_MAINLOOP1A' (../kernels/acts.cpp:2262:64) in function 'reducepartitions0' : 

more than one sub loop.
INFO: [HLS 200-444] Inferring multiple bus burst read of a total cumulative length 32 on port 'kvstats' (../kernels/acts.cpp:3058:65). These data requests might be further partitioned to multiple requests during RTL generation, based on max_read_burst_length or max_write_burst_length settings.
INFO: [HLS 200-444] Inferring multiple bus burst read of a total cumulative length 4 on port 'kvstats' (../kernels/acts.cpp:3148:38). These data requests might be further partitioned to multiple requests during RTL generation, based on max_read_burst_length or max_write_burst_length settings.
INFO: [HLS 200-444] Inferring multiple bus burst write of a total cumulative length 32 on port 'dram' (../kernels/acts.cpp:2517:2). These data requests might be further partitioned to multiple requests during RTL generation, based on max_read_burst_length or max_write_burst_length settings.
INFO: [HLS 200-444] Inferring multiple bus burst write of a total cumulative length 256 on port 'kvdram.V' (../kernels/acts.cpp:2601:3). These data requests might be further partitioned to multiple requests during RTL generation, based on max_read_burst_length or max_write_burst_length settings.
INFO: [HLS 200-444] Inferring multiple bus burst read of a total cumulative length 256 on port 'kvdram.V' (../kernels/acts.cpp:1310:20). These data requests might be further partitioned to multiple requests during RTL generation, based on max_read_burst_length or max_write_burst_length settings.
INFO: [HLS 200-444] Inferring multiple bus burst write of a total cumulative length 66 on port 'kvdram.V' (../kernels/acts.cpp:2786:2). These data requests might be further partitioned to multiple requests during RTL generation, based on max_read_burst_length or max_write_burst_length settings.
INFO: [HLS 200-444] Inferring multiple bus burst write of a total cumulative length 66 on port 'kvdram.V' (../kernels/acts.cpp:2817:2). These data requests might be further partitioned to multiple requests during RTL generation, based on max_read_burst_length or max_write_burst_length settings.
INFO: [HLS 200-444] Inferring multiple bus burst write of a total cumulative length 66 on port 'kvdram.V' (../kernels/acts.cpp:2848:2). These data requests might be further partitioned to multiple requests during RTL generation, based on max_read_burst_length or max_write_burst_length settings.
INFO: [HLS 200-444] Inferring multiple bus burst write of a total cumulative length 66 on port 'kvdram.V' (../kernels/acts.cpp:2879:2). These data requests might be further partitioned to multiple requests during RTL generation, based on max_read_burst_length or max_write_burst_length settings.
INFO: [HLS 200-444] Inferring multiple bus burst read of a total cumulative length 512 on port 'kvdram.V' (../kernels/acts.cpp:1279:2). These data requests might be further partitioned to multiple requests during RTL generation, based on max_read_burst_length or max_write_burst_length settings.
INFO: [HLS 200-444] Inferring multiple bus burst write of a total cumulative length 512 on port 'kvdram.V' (../kernels/acts.cpp:2504:2). These data requests might be further partitioned to multiple requests during RTL generation, based on max_read_burst_length or max_write_burst_length settings.
INFO: [HLS 200-444] Inferring multiple bus burst read of variable length on port 'kvdram.V' (../kernels/acts.cpp:1279:2). These data requests might be further partitioned to multiple requests during RTL generation, based on max_read_burst_length or max_write_burst_length settings.
INFO: [HLS 200-472] Inferring partial write operation for 'destbuffer0.V' (../kernels/acts.cpp:417:3)
INFO: [HLS 200-472] Inferring partial write operation for 'destbuffer0.V' (../kernels/acts.cpp:421:3)
INFO: [HLS 200-472] Inferring partial write operation for 'destbuffer0.V' (../kernels/acts.cpp:425:3)
INFO: [HLS 200-472] Inferring partial write operation for 'destbuffer0.V' (../kernels/acts.cpp:429:3)
INFO: [HLS 200-472] Inferring partial write operation for 'destbuffer0.V' (../kernels/acts.cpp:433:3)
INFO: [HLS 200-472] Inferring partial write operation for 'destbuffer0.V' (../kernels/acts.cpp:437:3)
INFO: [HLS 200-472] Inferring partial write operation for 'destbuffer0.V' (../kernels/acts.cpp:441:3)
INFO: [HLS 200-472] Inferring partial write operation for 'destbuffer0.V' (../kernels/acts.cpp:445:3)
INFO: [HLS 200-472] Inferring partial write operation for 'destbuffer1.V' (../kernels/acts.cpp:417:3)
INFO: [HLS 200-472] Inferring partial write operation for 'destbuffer1.V' (../kernels/acts.cpp:421:3)
INFO: [HLS 200-472] Inferring partial write operation for 'destbuffer1.V' (../kernels/acts.cpp:425:3)
INFO: [HLS 200-472] Inferring partial write operation for 'destbuffer1.V' (../kernels/acts.cpp:429:3)
INFO: [HLS 200-472] Inferring partial write operation for 'destbuffer1.V' (../kernels/acts.cpp:433:3)
INFO: [HLS 200-472] Inferring partial write operation for 'destbuffer1.V' (../kernels/acts.cpp:437:3)
INFO: [HLS 200-472] Inferring partial write operation for 'destbuffer1.V' (../kernels/acts.cpp:441:3)
INFO: [HLS 200-472] Inferring partial write operation for 'destbuffer1.V' (../kernels/acts.cpp:445:3)
INFO: [HLS 200-472] Inferring partial write operation for 'destbuffer2.V' (../kernels/acts.cpp:417:3)
INFO: [HLS 200-472] Inferring partial write operation for 'destbuffer2.V' (../kernels/acts.cpp:421:3)
INFO: [HLS 200-472] Inferring partial write operation for 'destbuffer2.V' (../kernels/acts.cpp:425:3)
INFO: [HLS 200-472] Inferring partial write operation for 'destbuffer2.V' (../kernels/acts.cpp:429:3)
INFO: [HLS 200-472] Inferring partial write operation for 'destbuffer2.V' (../kernels/acts.cpp:433:3)
INFO: [HLS 200-472] Inferring partial write operation for 'destbuffer2.V' (../kernels/acts.cpp:437:3)
INFO: [HLS 200-472] Inferring partial write operation for 'destbuffer2.V' (../kernels/acts.cpp:441:3)
INFO: [HLS 200-472] Inferring partial write operation for 'destbuffer2.V' (../kernels/acts.cpp:445:3)
INFO: [HLS 200-472] Inferring partial write operation for 'destbuffer3.V' (../kernels/acts.cpp:417:3)
INFO: [HLS 200-472] Inferring partial write operation for 'destbuffer3.V' (../kernels/acts.cpp:421:3)
INFO: [HLS 200-472] Inferring partial write operation for 'destbuffer3.V' (../kernels/acts.cpp:425:3)
INFO: [HLS 200-472] Inferring partial write operation for 'destbuffer3.V' (../kernels/acts.cpp:429:3)
INFO: [HLS 200-472] Inferring partial write operation for 'destbuffer3.V' (../kernels/acts.cpp:433:3)
INFO: [HLS 200-472] Inferring partial write operation for 'destbuffer3.V' (../kernels/acts.cpp:437:3)
INFO: [HLS 200-472] Inferring partial write operation for 'destbuffer3.V' (../kernels/acts.cpp:441:3)
INFO: [HLS 200-472] Inferring partial write operation for 'destbuffer3.V' (../kernels/acts.cpp:445:3)
INFO: [HLS 200-472] Inferring partial write operation for 'BIGcapsule0.V' (../kernels/acts.cpp:417:3)
INFO: [HLS 200-472] Inferring partial write operation for 'BIGcapsule0.V' (../kernels/acts.cpp:421:3)
INFO: [HLS 200-472] Inferring partial write operation for 'BIGcapsule0.V' (../kernels/acts.cpp:425:3)
INFO: [HLS 200-472] Inferring partial write operation for 'BIGcapsule0.V' (../kernels/acts.cpp:429:3)
INFO: [HLS 200-472] Inferring partial write operation for 'BIGcapsule0.V' (../kernels/acts.cpp:433:3)
INFO: [HLS 200-472] Inferring partial write operation for 'BIGcapsule0.V' (../kernels/acts.cpp:437:3)
INFO: [HLS 200-472] Inferring partial write operation for 'BIGcapsule0.V' (../kernels/acts.cpp:441:3)
INFO: [HLS 200-472] Inferring partial write operation for 'BIGcapsule0.V' (../kernels/acts.cpp:445:3)
INFO: [HLS 200-472] Inferring partial write operation for 'BIGcapsule1.V' (../kernels/acts.cpp:417:3)
INFO: [HLS 200-472] Inferring partial write operation for 'BIGcapsule1.V' (../kernels/acts.cpp:421:3)
INFO: [HLS 200-472] Inferring partial write operation for 'BIGcapsule1.V' (../kernels/acts.cpp:425:3)
INFO: [HLS 200-472] Inferring partial write operation for 'BIGcapsule1.V' (../kernels/acts.cpp:429:3)
INFO: [HLS 200-472] Inferring partial write operation for 'BIGcapsule1.V' (../kernels/acts.cpp:433:3)
INFO: [HLS 200-472] Inferring partial write operation for 'BIGcapsule1.V' (../kernels/acts.cpp:437:3)
INFO: [HLS 200-472] Inferring partial write operation for 'BIGcapsule1.V' (../kernels/acts.cpp:441:3)
INFO: [HLS 200-472] Inferring partial write operation for 'BIGcapsule1.V' (../kernels/acts.cpp:445:3)
INFO: [HLS 200-472] Inferring partial write operation for 'BIGcapsule2.V' (../kernels/acts.cpp:417:3)
INFO: [HLS 200-472] Inferring partial write operation for 'BIGcapsule2.V' (../kernels/acts.cpp:421:3)
INFO: [HLS 200-472] Inferring partial write operation for 'BIGcapsule2.V' (../kernels/acts.cpp:425:3)
INFO: [HLS 200-472] Inferring partial write operation for 'BIGcapsule2.V' (../kernels/acts.cpp:429:3)
INFO: [HLS 200-472] Inferring partial write operation for 'BIGcapsule2.V' (../kernels/acts.cpp:433:3)
INFO: [HLS 200-472] Inferring partial write operation for 'BIGcapsule2.V' (../kernels/acts.cpp:437:3)
INFO: [HLS 200-472] Inferring partial write operation for 'BIGcapsule2.V' (../kernels/acts.cpp:441:3)
INFO: [HLS 200-472] Inferring partial write operation for 'BIGcapsule2.V' (../kernels/acts.cpp:445:3)
INFO: [HLS 200-472] Inferring partial write operation for 'BIGcapsule3.V' (../kernels/acts.cpp:417:3)
INFO: [HLS 200-472] Inferring partial write operation for 'BIGcapsule3.V' (../kernels/acts.cpp:421:3)
INFO: [HLS 200-472] Inferring partial write operation for 'BIGcapsule3.V' (../kernels/acts.cpp:425:3)
INFO: [HLS 200-472] Inferring partial write operation for 'BIGcapsule3.V' (../kernels/acts.cpp:429:3)
INFO: [HLS 200-472] Inferring partial write operation for 'BIGcapsule3.V' (../kernels/acts.cpp:433:3)
INFO: [HLS 200-472] Inferring partial write operation for 'BIGcapsule3.V' (../kernels/acts.cpp:437:3)
INFO: [HLS 200-472] Inferring partial write operation for 'BIGcapsule3.V' (../kernels/acts.cpp:441:3)
INFO: [HLS 200-472] Inferring partial write operation for 'BIGcapsule3.V' (../kernels/acts.cpp:445:3)
INFO: [HLS 200-111] Finished Architecture Synthesis Time (s): cpu = 00:00:44 ; elapsed = 00:00:45 . Memory (MB): peak = 1021.711 ; gain = 322.969 ; free physical = 223901 ; free virtual = 242014
INFO: [HLS 200-10] Starting hardware synthesis ...
INFO: [HLS 200-10] Synthesizing 'topkernel' ...
WARNING: [SYN 201-103] Legalizing function name 'readkeyvalues0.166' to 'readkeyvalues0_166'.
WARNING: [SYN 201-103] Legalizing function name 'readkeyvalues0.2' to 'readkeyvalues0_2'.
WARNING: [SYN 201-103] Legalizing function name 'readkeyvalues0.1' to 'readkeyvalues0_1'.
WARNING: [SYN 201-103] Legalizing function name 'readkeyvalues0.3' to 'readkeyvalues0_3'.
WARNING: [SYN 201-103] Legalizing function name 'savekeyvalues0.2' to 'savekeyvalues0_2'.
WARNING: [SYN 201-103] Legalizing function name 'savekeyvalues0.1' to 'savekeyvalues0_1'.
WARNING: [SYN 201-103] Legalizing function name 'savekeyvalues0.251' to 'savekeyvalues0_251'.
INFO: [HLS 200-10] ----------------------------------------------------------------
INFO: [HLS 200-42] -- Implementing module 'readkeyvalues0_166' 
INFO: [HLS 200-10] ----------------------------------------------------------------
INFO: [SCHED 204-11] Starting scheduling ...
INFO: [SCHED 204-61] Pipelining loop 'READKEYVALUES_LOOP'.
INFO: [SCHED 204-61] Pipelining result : Target II = 1, Final II = 1, Depth = 3.
INFO: [SCHED 204-11] Finished scheduling.
INFO: [HLS 200-111]  Elapsed time: 45.76 seconds; current allocated memory: 344.234 MB.
INFO: [BIND 205-100] Starting micro-architecture generation ...
INFO: [BIND 205-101] Performing variable lifetime analysis.
INFO: [BIND 205-101] Exploring resource sharing.
INFO: [BIND 205-101] Binding ...
INFO: [BIND 205-100] Finished micro-architecture generation.
INFO: [HLS 200-111]  Elapsed time: 0.07 seconds; current allocated memory: 344.389 MB.
INFO: [HLS 200-10] ----------------------------------------------------------------
INFO: [HLS 200-42] -- Implementing module 'readkeyvalues0_2' 
INFO: [HLS 200-10] ----------------------------------------------------------------
INFO: [SCHED 204-11] Starting scheduling ...
INFO: [SCHED 204-11] Finished scheduling.
INFO: [HLS 200-111]  Elapsed time: 0.08 seconds; current allocated memory: 344.537 MB.
INFO: [BIND 205-100] Starting micro-architecture generation ...
INFO: [BIND 205-101] Performing variable lifetime analysis.
INFO: [BIND 205-101] Exploring resource sharing.
INFO: [BIND 205-101] Binding ...
INFO: [BIND 205-100] Finished micro-architecture generation.
INFO: [HLS 200-111]  Elapsed time: 0.07 seconds; current allocated memory: 344.760 MB.
INFO: [HLS 200-10] ----------------------------------------------------------------
INFO: [HLS 200-42] -- Implementing module 'getpartition' 
INFO: [HLS 200-10] ----------------------------------------------------------------
INFO: [SCHED 204-11] Starting scheduling ...
INFO: [SCHED 204-61] Pipelining function 'getpartition'.
INFO: [SCHED 204-61] Pipelining result : Target II = 1, Final II = 1, Depth = 1.
INFO: [SCHED 204-11] Finished scheduling.
INFO: [HLS 200-111]  Elapsed time: 0.46 seconds; current allocated memory: 344.919 MB.
INFO: [BIND 205-100] Starting micro-architecture generation ...
INFO: [BIND 205-101] Performing variable lifetime analysis.
INFO: [BIND 205-101] Exploring resource sharing.
INFO: [BIND 205-101] Binding ...
INFO: [BIND 205-100] Finished micro-architecture generation.
INFO: [HLS 200-111]  Elapsed time: 0.04 seconds; current allocated memory: 345.002 MB.
INFO: [HLS 200-10] ----------------------------------------------------------------
INFO: [HLS 200-42] -- Implementing module 'collectstats00' 
INFO: [HLS 200-10] ----------------------------------------------------------------
INFO: [SCHED 204-11] Starting scheduling ...
INFO: [SCHED 204-61] Pipelining loop 'COLLECTSTATS0_LOOP2'.
INFO: [SCHED 204-61] Pipelining result : Target II = 2, Final II = 2, Depth = 5.
INFO: [SCHED 204-11] Finished scheduling.
INFO: [HLS 200-111]  Elapsed time: 0.44 seconds; current allocated memory: 347.509 MB.
INFO: [HLS 200-434] Only 1 loops out of a total 3 loops have been pipelined in this design.
INFO: [BIND 205-100] Starting micro-architecture generation ...
INFO: [BIND 205-101] Performing variable lifetime analysis.
INFO: [BIND 205-101] Exploring resource sharing.
INFO: [BIND 205-101] Binding ...
INFO: [BIND 205-100] Finished micro-architecture generation.
INFO: [HLS 200-111]  Elapsed time: 1.12 seconds; current allocated memory: 350.110 MB.
INFO: [HLS 200-10] ----------------------------------------------------------------
INFO: [HLS 200-42] -- Implementing module 'savekeyvalues0' 
INFO: [HLS 200-10] ----------------------------------------------------------------
INFO: [SCHED 204-11] Starting scheduling ...
INFO: [SCHED 204-61] Pipelining loop 'SAVEKEYVALUES_LOOP'.
INFO: [SCHED 204-61] Pipelining result : Target II = 1, Final II = 1, Depth = 3.
INFO: [SCHED 204-11] Finished scheduling.
INFO: [HLS 200-111]  Elapsed time: 1.24 seconds; current allocated memory: 350.558 MB.
INFO: [BIND 205-100] Starting micro-architecture generation ...
INFO: [BIND 205-101] Performing variable lifetime analysis.
INFO: [BIND 205-101] Exploring resource sharing.
INFO: [BIND 205-101] Binding ...
INFO: [BIND 205-100] Finished micro-architecture generation.
INFO: [HLS 200-111]  Elapsed time: 0.06 seconds; current allocated memory: 350.698 MB.
INFO: [HLS 200-10] ----------------------------------------------------------------
INFO: [HLS 200-42] -- Implementing module 'savecapsules0' 
INFO: [HLS 200-10] ----------------------------------------------------------------
INFO: [SCHED 204-11] Starting scheduling ...
INFO: [SCHED 204-61] Pipelining loop 'SAVECAPSULE0_LOOP2'.
INFO: [SCHED 204-61] Pipelining result : Target II = 1, Final II = 1, Depth = 2.
INFO: [SCHED 204-11] Finished scheduling.
INFO: [HLS 200-111]  Elapsed time: 0.25 seconds; current allocated memory: 351.961 MB.
INFO: [BIND 205-100] Starting micro-architecture generation ...
INFO: [BIND 205-101] Performing variable lifetime analysis.
INFO: [BIND 205-101] Exploring resource sharing.
INFO: [BIND 205-101] Binding ...
INFO: [BIND 205-100] Finished micro-architecture generation.
INFO: [HLS 200-111]  Elapsed time: 0.55 seconds; current allocated memory: 353.370 MB.
INFO: [HLS 200-10] ----------------------------------------------------------------
INFO: [HLS 200-42] -- Implementing module 'readkeyvalues0' 
INFO: [HLS 200-10] ----------------------------------------------------------------
INFO: [SCHED 204-11] Starting scheduling ...
INFO: [SCHED 204-61] Pipelining loop 'READKEYVALUES_LOOP'.
INFO: [SCHED 204-61] Pipelining result : Target II = 1, Final II = 1, Depth = 3.
INFO: [SCHED 204-11] Finished scheduling.
INFO: [HLS 200-111]  Elapsed time: 0.54 seconds; current allocated memory: 353.535 MB.
INFO: [BIND 205-100] Starting micro-architecture generation ...
INFO: [BIND 205-101] Performing variable lifetime analysis.
INFO: [BIND 205-101] Exploring resource sharing.
INFO: [BIND 205-101] Binding ...
INFO: [BIND 205-100] Finished micro-architecture generation.
INFO: [HLS 200-111]  Elapsed time: 0.06 seconds; current allocated memory: 353.672 MB.
INFO: [HLS 200-10] ----------------------------------------------------------------
INFO: [HLS 200-42] -- Implementing module 'readcapsules0' 
INFO: [HLS 200-10] ----------------------------------------------------------------
INFO: [SCHED 204-11] Starting scheduling ...
INFO: [SCHED 204-61] Pipelining loop 'READCAPSULE0_LOOP1'.
INFO: [SCHED 204-61] Pipelining result : Target II = 1, Final II = 1, Depth = 2.
INFO: [SCHED 204-11] Finished scheduling.
INFO: [HLS 200-111]  Elapsed time: 0.17 seconds; current allocated memory: 354.448 MB.
INFO: [BIND 205-100] Starting micro-architecture generation ...
INFO: [BIND 205-101] Performing variable lifetime analysis.
INFO: [BIND 205-101] Exploring resource sharing.
INFO: [BIND 205-101] Binding ...
INFO: [BIND 205-100] Finished micro-architecture generation.
INFO: [HLS 200-111]  Elapsed time: 0.32 seconds; current allocated memory: 355.570 MB.
INFO: [HLS 200-10] ----------------------------------------------------------------
INFO: [HLS 200-42] -- Implementing module 'partitionkeyvalues00' 
INFO: [HLS 200-10] ----------------------------------------------------------------
INFO: [SCHED 204-11] Starting scheduling ...
INFO: [SCHED 204-61] Pipelining loop 'PARTITIONKEYVALUES_MAINLOOP'.
INFO: [SCHED 204-61] Pipelining result : Target II = 1, Final II = 1, Depth = 2.
INFO: [SCHED 204-11] Finished scheduling.
INFO: [HLS 200-111]  Elapsed time: 1.59 seconds; current allocated memory: 362.102 MB.
INFO: [BIND 205-100] Starting micro-architecture generation ...
INFO: [BIND 205-101] Performing variable lifetime analysis.
INFO: [BIND 205-101] Exploring resource sharing.
INFO: [BIND 205-101] Binding ...
INFO: [BIND 205-100] Finished micro-architecture generation.
INFO: [HLS 200-111]  Elapsed time: 2.83 seconds; current allocated memory: 369.498 MB.
INFO: [HLS 200-10] ----------------------------------------------------------------
INFO: [HLS 200-42] -- Implementing module 'savepartitions0' 
INFO: [HLS 200-10] ----------------------------------------------------------------
INFO: [SCHED 204-11] Starting scheduling ...
INFO: [SCHED 204-61] Pipelining loop 'SAVEPARTITIONS0_MAINLOOP1A_SAVEPARTITIONS0_MAINLOOP1B'.
INFO: [SCHED 204-61] Pipelining result : Target II = 1, Final II = 1, Depth = 23.
INFO: [SCHED 204-61] Pipelining loop 'SAVEPARTITIONS1_MAINLOOP1A_SAVEPARTITIONS1_MAINLOOP1B'.
INFO: [SCHED 204-61] Pipelining result : Target II = 1, Final II = 1, Depth = 23.
INFO: [SCHED 204-61] Pipelining loop 'SAVEPARTITIONS2_MAINLOOP1A_SAVEPARTITIONS2_MAINLOOP1B'.
INFO: [SCHED 204-61] Pipelining result : Target II = 1, Final II = 1, Depth = 23.
INFO: [SCHED 204-61] Pipelining loop 'SAVEPARTITIONS3_MAINLOOP1A_SAVEPARTITIONS3_MAINLOOP1B'.
INFO: [SCHED 204-61] Pipelining result : Target II = 1, Final II = 1, Depth = 23.
INFO: [SCHED 204-11] Finished scheduling.
INFO: [HLS 200-111]  Elapsed time: 2.48 seconds; current allocated memory: 371.092 MB.
INFO: [BIND 205-100] Starting micro-architecture generation ...
INFO: [BIND 205-101] Performing variable lifetime analysis.
INFO: [BIND 205-101] Exploring resource sharing.
INFO: [BIND 205-101] Binding ...
INFO: [BIND 205-100] Finished micro-architecture generation.
INFO: [HLS 200-111]  Elapsed time: 0.75 seconds; current allocated memory: 372.899 MB.
INFO: [HLS 200-10] ----------------------------------------------------------------
INFO: [HLS 200-42] -- Implementing module 'readkeyvalues0_1' 
INFO: [HLS 200-10] ----------------------------------------------------------------
INFO: [SCHED 204-11] Starting scheduling ...
INFO: [SCHED 204-61] Pipelining loop 'READKEYVALUES_LOOP'.
INFO: [SCHED 204-61] Pipelining result : Target II = 1, Final II = 1, Depth = 3.
INFO: [SCHED 204-11] Finished scheduling.
INFO: [HLS 200-111]  Elapsed time: 0.75 seconds; current allocated memory: 373.613 MB.
INFO: [BIND 205-100] Starting micro-architecture generation ...
INFO: [BIND 205-101] Performing variable lifetime analysis.
INFO: [BIND 205-101] Exploring resource sharing.
INFO: [BIND 205-101] Binding ...
INFO: [BIND 205-100] Finished micro-architecture generation.
INFO: [HLS 200-111]  Elapsed time: 0.24 seconds; current allocated memory: 374.429 MB.
INFO: [HLS 200-10] ----------------------------------------------------------------
INFO: [HLS 200-42] -- Implementing module 'readkeyvalues0_3' 
INFO: [HLS 200-10] ----------------------------------------------------------------
INFO: [SCHED 204-11] Starting scheduling ...
INFO: [SCHED 204-11] Finished scheduling.
INFO: [HLS 200-111]  Elapsed time: 0.24 seconds; current allocated memory: 374.652 MB.
INFO: [BIND 205-100] Starting micro-architecture generation ...
INFO: [BIND 205-101] Performing variable lifetime analysis.
INFO: [BIND 205-101] Exploring resource sharing.
INFO: [BIND 205-101] Binding ...
INFO: [BIND 205-100] Finished micro-architecture generation.
INFO: [HLS 200-111]  Elapsed time: 0.09 seconds; current allocated memory: 374.949 MB.
INFO: [HLS 200-10] ----------------------------------------------------------------
INFO: [HLS 200-42] -- Implementing module 'reducepartitions0' 
INFO: [HLS 200-10] ----------------------------------------------------------------
INFO: [SCHED 204-11] Starting scheduling ...
INFO: [SCHED 204-61] Pipelining loop 'REDUCE_MAINLOOP1B'.
INFO: [SCHED 204-61] Pipelining result : Target II = 1, Final II = 1, Depth = 2.
INFO: [SCHED 204-61] Pipelining loop 'REDUCE_MAINLOOP1C'.
INFO: [SCHED 204-61] Pipelining result : Target II = 3, Final II = 2, Depth = 2.
INFO: [SCHED 204-11] Finished scheduling.
INFO: [HLS 200-111]  Elapsed time: 0.67 seconds; current allocated memory: 379.475 MB.
INFO: [BIND 205-100] Starting micro-architecture generation ...
INFO: [BIND 205-101] Performing variable lifetime analysis.
INFO: [BIND 205-101] Exploring resource sharing.
INFO: [BIND 205-101] Binding ...
INFO: [BIND 205-100] Finished micro-architecture generation.
INFO: [HLS 200-111]  Elapsed time: 2.24 seconds; current allocated memory: 386.014 MB.
INFO: [HLS 200-10] ----------------------------------------------------------------
INFO: [HLS 200-42] -- Implementing module 'savekeyvalues0_2' 
INFO: [HLS 200-10] ----------------------------------------------------------------
INFO: [SCHED 204-11] Starting scheduling ...
INFO: [SCHED 204-61] Pipelining loop 'SAVEKEYVALUES_LOOP'.
INFO: [SCHED 204-61] Pipelining result : Target II = 1, Final II = 1, Depth = 3.
INFO: [SCHED 204-11] Finished scheduling.
INFO: [HLS 200-111]  Elapsed time: 2.8 seconds; current allocated memory: 386.383 MB.
INFO: [BIND 205-100] Starting micro-architecture generation ...
INFO: [BIND 205-101] Performing variable lifetime analysis.
INFO: [BIND 205-101] Exploring resource sharing.
INFO: [BIND 205-101] Binding ...
INFO: [BIND 205-100] Finished micro-architecture generation.
INFO: [HLS 200-111]  Elapsed time: 0.14 seconds; current allocated memory: 386.744 MB.
INFO: [HLS 200-10] ----------------------------------------------------------------
INFO: [HLS 200-42] -- Implementing module 'savekeyvalues0_1' 
INFO: [HLS 200-10] ----------------------------------------------------------------
INFO: [SCHED 204-11] Starting scheduling ...
INFO: [SCHED 204-61] Pipelining function 'savekeyvalues0.1'.
INFO: [SCHED 204-61] Pipelining result : Target II = 1, Final II = 1, Depth = 8.
INFO: [SCHED 204-11] Finished scheduling.
INFO: [HLS 200-111]  Elapsed time: 0.14 seconds; current allocated memory: 386.888 MB.
INFO: [BIND 205-100] Starting micro-architecture generation ...
INFO: [BIND 205-101] Performing variable lifetime analysis.
INFO: [BIND 205-101] Exploring resource sharing.
INFO: [BIND 205-101] Binding ...
INFO: [BIND 205-100] Finished micro-architecture generation.
INFO: [HLS 200-111]  Elapsed time: 0.06 seconds; current allocated memory: 386.999 MB.
INFO: [HLS 200-10] ----------------------------------------------------------------
INFO: [HLS 200-42] -- Implementing module 'savekeyvalues0_251' 
INFO: [HLS 200-10] ----------------------------------------------------------------
INFO: [SCHED 204-11] Starting scheduling ...
INFO: [SCHED 204-61] Pipelining loop 'SAVEKEYVALUES_LOOP'.
INFO: [SCHED 204-61] Pipelining result : Target II = 1, Final II = 1, Depth = 3.
INFO: [SCHED 204-11] Finished scheduling.
INFO: [HLS 200-111]  Elapsed time: 0.07 seconds; current allocated memory: 387.123 MB.
INFO: [BIND 205-100] Starting micro-architecture generation ...
INFO: [BIND 205-101] Performing variable lifetime analysis.
INFO: [BIND 205-101] Exploring resource sharing.
INFO: [BIND 205-101] Binding ...
INFO: [BIND 205-100] Finished micro-architecture generation.
INFO: [HLS 200-111]  Elapsed time: 0.07 seconds; current allocated memory: 387.278 MB.
INFO: [HLS 200-10] ----------------------------------------------------------------
INFO: [HLS 200-42] -- Implementing module 'partitionandreduce0' 
INFO: [HLS 200-10] ----------------------------------------------------------------
INFO: [SCHED 204-11] Starting scheduling ...
INFO: [SCHED 204-11] Finished scheduling.
INFO: [HLS 200-111]  Elapsed time: 0.46 seconds; current allocated memory: 389.039 MB.
INFO: [BIND 205-100] Starting micro-architecture generation ...
INFO: [BIND 205-101] Performing variable lifetime analysis.
INFO: [BIND 205-101] Exploring resource sharing.
INFO: [BIND 205-101] Binding ...
INFO: [BIND 205-100] Finished micro-architecture generation.
INFO: [HLS 200-111]  Elapsed time: 4.1 seconds; current allocated memory: 394.097 MB.
INFO: [HLS 200-10] ----------------------------------------------------------------
INFO: [HLS 200-42] -- Implementing module 'topkernel' 
INFO: [HLS 200-10] ----------------------------------------------------------------
INFO: [SCHED 204-11] Starting scheduling ...
INFO: [SCHED 204-11] Finished scheduling.
INFO: [HLS 200-111]  Elapsed time: 1.92 seconds; current allocated memory: 395.326 MB.
INFO: [BIND 205-100] Starting micro-architecture generation ...
INFO: [BIND 205-101] Performing variable lifetime analysis.
INFO: [BIND 205-101] Exploring resource sharing.
INFO: [BIND 205-101] Binding ...
INFO: [BIND 205-100] Finished micro-architecture generation.
INFO: [HLS 200-111]  Elapsed time: 0.59 seconds; current allocated memory: 395.998 MB.
INFO: [HLS 200-10] ----------------------------------------------------------------
INFO: [HLS 200-10] -- Generating RTL for module 'readkeyvalues0_166' 
INFO: [HLS 200-10] ----------------------------------------------------------------
INFO: [RTGEN 206-100] Finished creating RTL model for 'readkeyvalues0_166'.
INFO: [HLS 200-111]  Elapsed time: 1.58 seconds; current allocated memory: 397.486 MB.
INFO: [HLS 200-10] ----------------------------------------------------------------
INFO: [HLS 200-10] -- Generating RTL for module 'readkeyvalues0_2' 
INFO: [HLS 200-10] ----------------------------------------------------------------
INFO: [RTGEN 206-100] Finished creating RTL model for 'readkeyvalues0_2'.
INFO: [HLS 200-111]  Elapsed time: 0.1 seconds; current allocated memory: 398.747 MB.
INFO: [HLS 200-10] ----------------------------------------------------------------
INFO: [HLS 200-10] -- Generating RTL for module 'getpartition' 
INFO: [HLS 200-10] ----------------------------------------------------------------
INFO: [RTGEN 206-100] Finished creating RTL model for 'getpartition'.
INFO: [HLS 200-111]  Elapsed time: 0.14 seconds; current allocated memory: 399.826 MB.
INFO: [HLS 200-10] ----------------------------------------------------------------
INFO: [HLS 200-10] -- Generating RTL for module 'collectstats00' 
INFO: [HLS 200-10] ----------------------------------------------------------------
INFO: [RTGEN 206-100] Finished creating RTL model for 'collectstats00'.
INFO: [HLS 200-111]  Elapsed time: 0.2 seconds; current allocated memory: 404.053 MB.
INFO: [HLS 200-10] ----------------------------------------------------------------
INFO: [HLS 200-10] -- Generating RTL for module 'savekeyvalues0' 
INFO: [HLS 200-10] ----------------------------------------------------------------
INFO: [RTGEN 206-100] Finished creating RTL model for 'savekeyvalues0'.
INFO: [HLS 200-111]  Elapsed time: 2.07 seconds; current allocated memory: 416.616 MB.
INFO: [HLS 200-10] ----------------------------------------------------------------
INFO: [HLS 200-10] -- Generating RTL for module 'savecapsules0' 
INFO: [HLS 200-10] ----------------------------------------------------------------
INFO: [RTGEN 206-100] Finished creating RTL model for 'savecapsules0'.
INFO: [HLS 200-111]  Elapsed time: 0.2 seconds; current allocated memory: 419.200 MB.
INFO: [HLS 200-10] ----------------------------------------------------------------
INFO: [HLS 200-10] -- Generating RTL for module 'readkeyvalues0' 
INFO: [HLS 200-10] ----------------------------------------------------------------
INFO: [RTGEN 206-100] Finished creating RTL model for 'readkeyvalues0'.
INFO: [HLS 200-111]  Elapsed time: 0.81 seconds; current allocated memory: 425.689 MB.
INFO: [HLS 200-10] ----------------------------------------------------------------
INFO: [HLS 200-10] -- Generating RTL for module 'readcapsules0' 
INFO: [HLS 200-10] ----------------------------------------------------------------
INFO: [RTGEN 206-100] Finished creating RTL model for 'readcapsules0'.
INFO: [HLS 200-111]  Elapsed time: 0.21 seconds; current allocated memory: 428.250 MB.
INFO: [HLS 200-10] ----------------------------------------------------------------
INFO: [HLS 200-10] -- Generating RTL for module 'partitionkeyvalues00' 
INFO: [HLS 200-10] ----------------------------------------------------------------
INFO: [RTGEN 206-100] Generating core module 'topkernel_mux_325_32_1_1': 12 instance(s).
INFO: [RTGEN 206-100] Finished creating RTL model for 'partitionkeyvalues00'.
INFO: [HLS 200-111]  Elapsed time: 0.9 seconds; current allocated memory: 441.249 MB.
INFO: [HLS 200-10] ----------------------------------------------------------------
INFO: [HLS 200-10] -- Generating RTL for module 'savepartitions0' 
INFO: [HLS 200-10] ----------------------------------------------------------------
INFO: [RTGEN 206-100] Generating core module 'topkernel_urem_12ns_8ns_12_16_1': 8 instance(s).
INFO: [RTGEN 206-100] Finished creating RTL model for 'savepartitions0'.
INFO: [HLS 200-111]  Elapsed time: 3.37 seconds; current allocated memory: 474.493 MB.
INFO: [HLS 200-10] ----------------------------------------------------------------
INFO: [HLS 200-10] -- Generating RTL for module 'readkeyvalues0_1' 
INFO: [HLS 200-10] ----------------------------------------------------------------
INFO: [RTGEN 206-100] Finished creating RTL model for 'readkeyvalues0_1'.
INFO: [HLS 200-111]  Elapsed time: 1.16 seconds; current allocated memory: 481.133 MB.
INFO: [HLS 200-10] ----------------------------------------------------------------
INFO: [HLS 200-10] -- Generating RTL for module 'readkeyvalues0_3' 
INFO: [HLS 200-10] ----------------------------------------------------------------
INFO: [RTGEN 206-100] Finished creating RTL model for 'readkeyvalues0_3'.
INFO: [HLS 200-111]  Elapsed time: 0.49 seconds; current allocated memory: 484.776 MB.
INFO: [HLS 200-10] ----------------------------------------------------------------
INFO: [HLS 200-10] -- Generating RTL for module 'reducepartitions0' 
INFO: [HLS 200-10] ----------------------------------------------------------------
INFO: [RTGEN 206-100] Generating core module 'topkernel_mux_83_32_1_1': 64 instance(s).
INFO: [RTGEN 206-100] Finished creating RTL model for 'reducepartitions0'.
INFO: [HLS 200-111]  Elapsed time: 0.56 seconds; current allocated memory: 494.825 MB.
INFO: [HLS 200-10] ----------------------------------------------------------------
INFO: [HLS 200-10] -- Generating RTL for module 'savekeyvalues0_2' 
INFO: [HLS 200-10] ----------------------------------------------------------------
INFO: [RTGEN 206-100] Finished creating RTL model for 'savekeyvalues0_2'.
INFO: [HLS 200-111]  Elapsed time: 2.92 seconds; current allocated memory: 520.765 MB.
INFO: [HLS 200-10] ----------------------------------------------------------------
INFO: [HLS 200-10] -- Generating RTL for module 'savekeyvalues0_1' 
INFO: [HLS 200-10] ----------------------------------------------------------------
INFO: [RTGEN 206-100] Finished creating RTL model for 'savekeyvalues0_1'.
INFO: [HLS 200-111]  Elapsed time: 0.41 seconds; current allocated memory: 522.162 MB.
INFO: [HLS 200-10] ----------------------------------------------------------------
INFO: [HLS 200-10] -- Generating RTL for module 'savekeyvalues0_251' 
INFO: [HLS 200-10] ----------------------------------------------------------------
INFO: [RTGEN 206-100] Finished creating RTL model for 'savekeyvalues0_251'.
INFO: [HLS 200-111]  Elapsed time: 0.33 seconds; current allocated memory: 522.915 MB.
INFO: [HLS 200-10] ----------------------------------------------------------------
INFO: [HLS 200-10] -- Generating RTL for module 'partitionandreduce0' 
INFO: [HLS 200-10] ----------------------------------------------------------------
INFO: [RTGEN 206-100] Generating core module 'topkernel_mux_42_32_1_1': 1 instance(s).
INFO: [RTGEN 206-100] Finished creating RTL model for 'partitionandreduce0'.
INFO: [HLS 200-111]  Elapsed time: 1.34 seconds; current allocated memory: 532.920 MB.
INFO: [HLS 200-10] ----------------------------------------------------------------
INFO: [HLS 200-10] -- Generating RTL for module 'topkernel' 
INFO: [HLS 200-10] ----------------------------------------------------------------
INFO: [RTGEN 206-500] Setting interface mode on port 'topkernel/gmem0' to 'm_axi'.
INFO: [RTGEN 206-500] Setting interface mode on port 'topkernel/gmem1' to 'm_axi'.
INFO: [RTGEN 206-500] Setting interface mode on port 'topkernel/gmem2' to 'm_axi'.
INFO: [RTGEN 206-500] Setting interface mode on port 'topkernel/kvsourcedramA_V' to 's_axilite & ap_none'.
INFO: [RTGEN 206-500] Setting interface mode on port 'topkernel/kvdestdramA_V' to 's_axilite & ap_none'.
INFO: [RTGEN 206-500] Setting interface mode on port 'topkernel/kvstatsA' to 's_axilite & ap_none'.
INFO: [RTGEN 206-500] Setting interface mode on function 'topkernel' to 's_axilite & ap_ctrl_hs'.
INFO: [RTGEN 206-100] Bundling port 'return', 'kvsourcedramA_V', 'kvdestdramA_V' and 'kvstatsA' to AXI-Lite port control.
INFO: [RTGEN 206-100] Finished creating RTL model for 'topkernel'.
INFO: [HLS 200-111]  Elapsed time: 3.44 seconds; current allocated memory: 547.812 MB.
INFO: [RTMG 210-278] Implementing memory 'collectstats00_sizes00_ram (RAM)' using block RAMs.
INFO: [RTMG 210-282] Generating pipelined core: 'topkernel_urem_12ns_8ns_12_16_1_div'
INFO: [RTMG 210-278] Implementing memory 'partitionandreduce0_sourcebuffer00_0_V_ram (RAM)' using block RAMs.
INFO: [RTMG 210-278] Implementing memory 'partitionandreduce0_destbuffer00_V_ram (RAM)' using block RAMs.
INFO: [RTMG 210-278] Implementing memory 'partitionandreduce0_capsule00_key_ram (RAM)' using block RAMs.
INFO: [RTMG 210-278] Implementing memory 'partitionandreduce0_BIGcapsule00_V_ram (RAM)' using block RAMs.
INFO: [RTMG 210-278] Implementing memory 'partitionandreduce0_destbuffer000_key_ram (RAM)' using block RAMs.
INFO: [RTMG 210-278] Implementing memory 'partitionandreduce0_destbuffer000_value_ram (RAM)' using block RAMs.
INFO: [RTMG 210-278] Implementing memory 'partitionandreduce0_kvdeststats_tmp_valu_ram (RAM)' using block RAMs.
INFO: [HLS 200-111] Finished generating all RTL models Time (s): cpu = 00:01:30 ; elapsed = 00:01:39 . Memory (MB): peak = 1302.762 ; gain = 604.020 ; free physical = 223653 ; free virtual = 241773
INFO: [VHDL 208-304] Generating VHDL RTL for topkernel.
INFO: [VLOG 209-307] Generating Verilog RTL for topkernel.
INFO: [IMPL 213-8] Exporting RTL as a Vivado IP.

****** Vivado v2019.1.3 (64-bit)
  **** SW Build 2644227 on Wed Sep  4 09:44:18 MDT 2019
  **** IP Build 2633630 on Wed Sep  4 12:30:14 MDT 2019
    ** Copyright 1986-2019 Xilinx, Inc. All Rights Reserved.

Sourcing tcl script '/tools/Xilinx/Vivado/2019.1/scripts/Vivado_init.tcl'
6 Beta devices matching pattern found, 0 enabled.
source run_ippack.tcl -notrace
INFO: [IP_Flow 19-234] Refreshing IP repositories
INFO: [IP_Flow 19-1704] No user IP repositories specified
INFO: [IP_Flow 19-2313] Loaded Vivado IP repository '/tools/Xilinx/Vivado/2019.1/data/ip'.
INFO: [Common 17-206] Exiting Vivado at Mon Jul 27 23:32:04 2020...
[2Kvivado_hls> [12C[2Kvivado_hls> q[13C[2Kvivado_hls> qu[14C[2Kvivado_hls> qui[15C[2Kvivado_hls> quit[16C
INFO: [HLS 200-112] Total elapsed time: 386.87 seconds; peak allocated memory: 547.812 MB.
INFO: [Common 17-206] Exiting vivado_hls at Mon Jul 27 23:36:41 2020...
