

================================================================
== Vivado HLS Report for 'getpartition'
================================================================
* Date:           Mon Jul 27 23:31:01 2020

* Version:        2019.1.3 (Build 2642998 on Wed Sep 04 10:25:22 MDT 2019)
* Project:        actsofagraph
* Solution:       solution1
* Product family: virtexuplus
* Target device:  xcvu9p-fsgd2104-2-i


================================================================
== Performance Estimates
================================================================
+ Timing (ns): 
    * Summary: 
    +--------+-------+----------+------------+
    |  Clock | Target| Estimated| Uncertainty|
    +--------+-------+----------+------------+
    |ap_clk  |  10.00|     3.760|        1.25|
    +--------+-------+----------+------------+

+ Latency (clock cycles): 
    * Summary: 
    +-----+-----+-----+-----+----------+
    |  Latency  |  Interval | Pipeline |
    | min | max | min | max |   Type   |
    +-----+-----+-----+-----+----------+
    |    0|    0|    1|    1| function |
    +-----+-----+-----+-----+----------+

    + Detail: 
        * Instance: 
        N/A

        * Loop: 
        N/A

============================================================
+ Verbose Summary: Synthesis Manager
============================================================
InlineROM: 1
ExposeGlobal: 0
============================================================
+ Verbose Summary: CDFG Model
============================================================
IsTopModel: 0
ResetActiveHigh: 1
IsCombinational: 0
IsDatapathOnly: 0
HasWiredReturn: 1
HasMFsm: 2
HasVarLatency: 0
IsPipeline: 1
IsRtlPipelined: 0
IsInstanceOverlapped: 0
IsDontTouch: 0
HasImplIP: 0
IsGatedGlobalClock: 0

+ Individual pipeline summary: 
  * Pipeline-0: initiation interval (II) = 1, depth = 1


============================================================
+ Verbose Summary: Schedule
============================================================
* Number of FSM states : 1
* Pipeline : 1
  Pipeline-0 : II = 1, D = 1, States = { 1 }
* Dataflow Pipeline: 0

* FSM state transitions: 
1 --> 

* FSM state operations: 

State 1 <SV = 0> <Delay = 3.75>
ST_1 : Operation 2 [1/1] (0.00ns)   --->   "%upperlimit_read = call i32 @_ssdm_op_Read.ap_auto.i32(i32 %upperlimit)" [../kernels/acts.cpp:303]   --->   Operation 2 'read' 'upperlimit_read' <Predicate = true> <Delay = 0.00>
ST_1 : Operation 3 [1/1] (0.00ns)   --->   "%currentLOP_read = call i32 @_ssdm_op_Read.ap_auto.i32(i32 %currentLOP)" [../kernels/acts.cpp:303]   --->   Operation 3 'read' 'currentLOP_read' <Predicate = true> <Delay = 0.00>
ST_1 : Operation 4 [1/1] (0.00ns)   --->   "%keyvalue_key_read = call i32 @_ssdm_op_Read.ap_auto.i32(i32 %keyvalue_key)" [../kernels/acts.cpp:303]   --->   Operation 4 'read' 'keyvalue_key_read' <Predicate = true> <Delay = 0.00>
ST_1 : Operation 5 [1/1] (0.66ns)   --->   "%sub_ln304 = sub i32 %keyvalue_key_read, %upperlimit_read" [../kernels/acts.cpp:304]   --->   Operation 5 'sub' 'sub_ln304' <Predicate = true> <Delay = 0.66> <Core = "AddSub">   --->   Core 14 'AddSub' <Latency = 0> <II = 1> <Delay = 0.66> <FuncUnit> <Opcode : 'add' 'sub'> <InPorts = 2> <OutPorts = 1>
ST_1 : Operation 6 [1/1] (0.00ns) (grouped into LUT with out node sub_ln304_1)   --->   "%shl_ln304 = shl i32 %currentLOP_read, 2" [../kernels/acts.cpp:304]   --->   Operation 6 'shl' 'shl_ln304' <Predicate = true> <Delay = 0.00>
ST_1 : Operation 7 [1/1] (0.66ns) (out node of the LUT)   --->   "%sub_ln304_1 = sub i32 0, %shl_ln304" [../kernels/acts.cpp:304]   --->   Operation 7 'sub' 'sub_ln304_1' <Predicate = true> <Delay = 0.66> <Core = "AddSub">   --->   Core 14 'AddSub' <Latency = 0> <II = 1> <Delay = 0.66> <FuncUnit> <Opcode : 'add' 'sub'> <InPorts = 2> <OutPorts = 1>
ST_1 : Operation 8 [1/1] (0.00ns) (grouped into TernaryAdder)   --->   "%sub_ln304_2 = sub i32 %sub_ln304_1, %currentLOP_read" [../kernels/acts.cpp:304]   --->   Operation 8 'sub' 'sub_ln304_2' <Predicate = true> <Delay = 0.00> <Core = "TAddSub">   --->   Core 83 'TAddSub' <Latency = 0> <II = 1> <Delay = 0.36> <IPBlock> <Opcode : 'add' 'sub'> <InPorts = 3> <OutPorts = 1> <Sync> <CReg>
ST_1 : Operation 9 [1/1] (0.73ns) (root node of TernaryAdder)   --->   "%add_ln304 = add i32 26, %sub_ln304_2" [../kernels/acts.cpp:304]   --->   Operation 9 'add' 'add_ln304' <Predicate = true> <Delay = 0.73> <Core = "TAddSub">   --->   Core 83 'TAddSub' <Latency = 0> <II = 1> <Delay = 0.36> <IPBlock> <Opcode : 'add' 'sub'> <InPorts = 3> <OutPorts = 1> <Sync> <CReg>
ST_1 : Operation 10 [1/1] (1.05ns)   --->   "%val = lshr i32 %sub_ln304, %add_ln304" [../kernels/acts.cpp:304]   --->   Operation 10 'lshr' 'val' <Predicate = true> <Delay = 1.05> <Core = "Shift">   --->   Core 28 'Shift' <Latency = 0> <II = 1> <Delay = 1.05> <FuncUnit> <Opcode : 'shl' 'lshr' 'ashr'> <InPorts = 2> <OutPorts = 1>
ST_1 : Operation 11 [1/1] (0.85ns)   --->   "%icmp_ln306 = icmp eq i32 %keyvalue_key_read, 123456789" [../kernels/acts.cpp:306]   --->   Operation 11 'icmp' 'icmp_ln306' <Predicate = true> <Delay = 0.85> <Core = "Cmp">   --->   Core 25 'Cmp' <Latency = 0> <II = 1> <Delay = 0.80> <FuncUnit> <Opcode : 'icmp'> <InPorts = 2> <OutPorts = 1>
ST_1 : Operation 12 [1/1] (0.22ns)   --->   "%select_ln306 = select i1 %icmp_ln306, i32 0, i32 %val" [../kernels/acts.cpp:306]   --->   Operation 12 'select' 'select_ln306' <Predicate = true> <Delay = 0.22> <Core = "Sel">   --->   Core 26 'Sel' <Latency = 0> <II = 1> <Delay = 0.27> <FuncUnit> <Opcode : 'select'> <InPorts = 3> <OutPorts = 1>
ST_1 : Operation 13 [1/1] (0.00ns)   --->   "%tmp = call i27 @_ssdm_op_PartSelect.i27.i32.i32.i32(i32 %select_ln306, i32 5, i32 31)" [../kernels/acts.cpp:307]   --->   Operation 13 'partselect' 'tmp' <Predicate = true> <Delay = 0.00>
ST_1 : Operation 14 [1/1] (0.80ns)   --->   "%icmp_ln307 = icmp ne i27 %tmp, 0" [../kernels/acts.cpp:307]   --->   Operation 14 'icmp' 'icmp_ln307' <Predicate = true> <Delay = 0.80> <Core = "Cmp">   --->   Core 25 'Cmp' <Latency = 0> <II = 1> <Delay = 0.80> <FuncUnit> <Opcode : 'icmp'> <InPorts = 2> <OutPorts = 1>
ST_1 : Operation 15 [1/1] (0.00ns)   --->   "%trunc_ln307 = trunc i32 %val to i5" [../kernels/acts.cpp:307]   --->   Operation 15 'trunc' 'trunc_ln307' <Predicate = (icmp_ln307)> <Delay = 0.00>
ST_1 : Operation 16 [1/1] (0.00ns)   --->   "%trunc_ln307_1 = trunc i32 %select_ln306 to i5" [../kernels/acts.cpp:307]   --->   Operation 16 'trunc' 'trunc_ln307_1' <Predicate = (!icmp_ln307)> <Delay = 0.00>
ST_1 : Operation 17 [1/1] (0.27ns)   --->   "%hashedval_11 = select i1 %icmp_ln307, i5 %trunc_ln307, i5 %trunc_ln307_1" [../kernels/acts.cpp:307]   --->   Operation 17 'select' 'hashedval_11' <Predicate = true> <Delay = 0.27> <Core = "Sel">   --->   Core 26 'Sel' <Latency = 0> <II = 1> <Delay = 0.27> <FuncUnit> <Opcode : 'select'> <InPorts = 3> <OutPorts = 1>
ST_1 : Operation 18 [1/1] (0.00ns)   --->   "ret i5 %hashedval_11" [../kernels/acts.cpp:312]   --->   Operation 18 'ret' <Predicate = true> <Delay = 0.00>


============================================================
+ Verbose Summary: Timing violations
============================================================
Target clock period: 10ns, clock uncertainty: 1.25ns.

 <State 1>: 3.76ns
The critical path consists of the following:
	wire read on port 'currentLOP' (../kernels/acts.cpp:303) [5]  (0 ns)
	'shl' operation ('shl_ln304', ../kernels/acts.cpp:304) [8]  (0 ns)
	'sub' operation ('sub_ln304_1', ../kernels/acts.cpp:304) [9]  (0.669 ns)
	'sub' operation ('sub_ln304_2', ../kernels/acts.cpp:304) [10]  (0 ns)
	'add' operation ('add_ln304', ../kernels/acts.cpp:304) [11]  (0.731 ns)
	'lshr' operation ('val', ../kernels/acts.cpp:304) [12]  (1.05 ns)
	'select' operation ('select_ln306', ../kernels/acts.cpp:306) [14]  (0.227 ns)
	'icmp' operation ('icmp_ln307', ../kernels/acts.cpp:307) [16]  (0.802 ns)
	'select' operation ('hashedval', ../kernels/acts.cpp:307) [19]  (0.278 ns)


============================================================
+ Verbose Summary: Binding
============================================================
N/A
* FSMD analyzer results:
  - Output states:
 - Input state : 
  - Chain level:
	State 1


============================================================
+ Verbose Summary: Datapath Resource usage 
============================================================
N/A
