

================================================================
== Vivado HLS Report for 'readcapsules0'
================================================================
* Date:           Mon Jul 27 23:31:05 2020

* Version:        2019.1.3 (Build 2642998 on Wed Sep 04 10:25:22 MDT 2019)
* Project:        actsofagraph
* Solution:       solution1
* Product family: virtexuplus
* Target device:  xcvu9p-fsgd2104-2-i


================================================================
== Performance Estimates
================================================================
+ Timing (ns): 
    * Summary: 
    +--------+-------+----------+------------+
    |  Clock | Target| Estimated| Uncertainty|
    +--------+-------+----------+------------+
    |ap_clk  |  10.00|     8.750|        1.25|
    +--------+-------+----------+------------+

+ Latency (clock cycles): 
    * Summary: 
    +-----+------+-----+------+---------+
    |   Latency  |  Interval  | Pipeline|
    | min |  max | min |  max |   Type  |
    +-----+------+-----+------+---------+
    |   35|  2129|   35|  2129|   none  |
    +-----+------+-----+------+---------+

    + Detail: 
        * Instance: 
        N/A

        * Loop: 
        +----------------------+-----+-----+----------+-----------+-----------+------+----------+
        |                      |  Latency  | Iteration|  Initiation Interval  | Trip |          |
        |       Loop Name      | min | max |  Latency |  achieved |   target  | Count| Pipelined|
        +----------------------+-----+-----+----------+-----------+-----------+------+----------+
        |- READCAPSULE0_LOOP1  |   32|   32|         2|          1|          1|    32|    yes   |
        +----------------------+-----+-----+----------+-----------+-----------+------+----------+

============================================================
+ Verbose Summary: Synthesis Manager
============================================================
InlineROM: 1
ExposeGlobal: 0
============================================================
+ Verbose Summary: CDFG Model
============================================================
IsTopModel: 0
ResetActiveHigh: 1
IsCombinational: 0
IsDatapathOnly: 0
HasWiredReturn: 1
HasMFsm: 0
HasVarLatency: 1
IsPipeline: 0
IsRtlPipelined: 0
IsInstanceOverlapped: 0
IsDontTouch: 0
HasImplIP: 0
IsGatedGlobalClock: 0

+ Individual pipeline summary: 
  * Pipeline-0: initiation interval (II) = 1, depth = 2


============================================================
+ Verbose Summary: Schedule
============================================================
* Number of FSM states : 11
* Pipeline : 1
  Pipeline-0 : II = 1, D = 2, States = { 9 10 }
* Dataflow Pipeline: 0

* FSM state transitions: 
1 --> 2 8 
2 --> 3 
3 --> 4 
4 --> 5 
5 --> 6 
6 --> 7 
7 --> 8 
8 --> 9 
9 --> 11 10 
10 --> 9 
11 --> 

* FSM state operations: 

State 1 <SV = 0> <Delay = 2.63>
ST_1 : Operation 12 [1/1] (0.00ns)   --->   "call void (...)* @_ssdm_op_SpecBRAMWithByteEnable([512 x i512]* %BIGcapsule0_V)"   --->   Operation 12 'specbramwithbyteenable' <Predicate = true> <Delay = 0.00>
ST_1 : Operation 13 [1/1] (0.00ns)   --->   "call void (...)* @_ssdm_op_SpecBRAMWithByteEnable([512 x i512]* %BIGcapsule1_V)"   --->   Operation 13 'specbramwithbyteenable' <Predicate = true> <Delay = 0.00>
ST_1 : Operation 14 [1/1] (0.00ns)   --->   "call void (...)* @_ssdm_op_SpecBRAMWithByteEnable([512 x i512]* %BIGcapsule2_V)"   --->   Operation 14 'specbramwithbyteenable' <Predicate = true> <Delay = 0.00>
ST_1 : Operation 15 [1/1] (0.00ns)   --->   "call void (...)* @_ssdm_op_SpecBRAMWithByteEnable([512 x i512]* %BIGcapsule3_V)"   --->   Operation 15 'specbramwithbyteenable' <Predicate = true> <Delay = 0.00>
ST_1 : Operation 16 [1/1] (0.00ns)   --->   "%capsulemetadata_loca_2 = call i32 @_ssdm_op_Read.ap_auto.i32(i32 %capsulemetadata_localoffset)"   --->   Operation 16 'read' 'capsulemetadata_loca_2' <Predicate = true> <Delay = 0.00>
ST_1 : Operation 17 [1/1] (0.00ns)   --->   "%capsulemetadata_glob = call i32 @_ssdm_op_Read.ap_auto.i32(i32 %capsulemetadata_globaloffset)"   --->   Operation 17 'read' 'capsulemetadata_glob' <Predicate = true> <Delay = 0.00>
ST_1 : Operation 18 [1/1] (0.00ns)   --->   "%offset_read = call i24 @_ssdm_op_Read.ap_auto.i24(i24 %offset)"   --->   Operation 18 'read' 'offset_read' <Predicate = true> <Delay = 0.00>
ST_1 : Operation 19 [1/1] (0.00ns)   --->   "%kvdram_V_offset_read = call i26 @_ssdm_op_Read.ap_auto.i26(i26 %kvdram_V_offset)"   --->   Operation 19 'read' 'kvdram_V_offset_read' <Predicate = true> <Delay = 0.00>
ST_1 : Operation 20 [1/1] (0.00ns)   --->   "call void (...)* @_ssdm_op_SpecInterface(i512* %kvdram_V, [6 x i8]* @p_str47, i32 0, i32 0, [1 x i8]* @p_str, i32 0, i32 0, [6 x i8]* @p_str48, [6 x i8]* @p_str49, [1 x i8]* @p_str, i32 16, i32 16, i32 64, i32 64, [1 x i8]* @p_str, [1 x i8]* @p_str)"   --->   Operation 20 'specinterface' <Predicate = true> <Delay = 0.00>
ST_1 : Operation 21 [1/1] (0.00ns)   --->   "%loffset = trunc i24 %offset_read to i12" [../kernels/acts.cpp:1486]   --->   Operation 21 'trunc' 'loffset' <Predicate = true> <Delay = 0.00>
ST_1 : Operation 22 [1/1] (0.00ns)   --->   "%zext_ln1486 = zext i12 %loffset to i13" [../kernels/acts.cpp:1486]   --->   Operation 22 'zext' 'zext_ln1486' <Predicate = true> <Delay = 0.00>
ST_1 : Operation 23 [1/1] (0.62ns)   --->   "%icmp_ln1488 = icmp eq i12 %loffset, 0" [../kernels/acts.cpp:1488]   --->   Operation 23 'icmp' 'icmp_ln1488' <Predicate = true> <Delay = 0.62> <Core = "Cmp">   --->   Core 25 'Cmp' <Latency = 0> <II = 1> <Delay = 0.62> <FuncUnit> <Opcode : 'icmp'> <InPorts = 2> <OutPorts = 1>
ST_1 : Operation 24 [1/1] (0.60ns)   --->   "br i1 %icmp_ln1488, label %1, label %._crit_edge" [../kernels/acts.cpp:1488]   --->   Operation 24 'br' <Predicate = true> <Delay = 0.60>
ST_1 : Operation 25 [1/1] (0.66ns)   --->   "%loadoffset0_kvs = add i32 %capsulemetadata_glob, %capsulemetadata_loca_2" [../kernels/acts.cpp:1489]   --->   Operation 25 'add' 'loadoffset0_kvs' <Predicate = (icmp_ln1488)> <Delay = 0.66> <Core = "AddSub">   --->   Core 14 'AddSub' <Latency = 0> <II = 1> <Delay = 0.66> <FuncUnit> <Opcode : 'add' 'sub'> <InPorts = 2> <OutPorts = 1>
ST_1 : Operation 26 [2/2] (1.96ns)   --->   "call fastcc void @readkeyvalues0(i512* %kvdram_V, i26 %kvdram_V_offset_read, [512 x i512]* nocapture %BIGcapsule0_V, i32 %loadoffset0_kvs)" [../kernels/acts.cpp:1493]   --->   Operation 26 'call' <Predicate = (icmp_ln1488)> <Delay = 1.96> <CoreType = "Generic">   --->   Core 0 '' <Latency = 0> <II = 1> <Delay = 1.00> <Generic> <Opcode : >

State 2 <SV = 1> <Delay = 0.00>
ST_2 : Operation 27 [1/2] (0.00ns)   --->   "call fastcc void @readkeyvalues0(i512* %kvdram_V, i26 %kvdram_V_offset_read, [512 x i512]* nocapture %BIGcapsule0_V, i32 %loadoffset0_kvs)" [../kernels/acts.cpp:1493]   --->   Operation 27 'call' <Predicate = true> <Delay = 0.00> <CoreType = "Generic">   --->   Core 0 '' <Latency = 0> <II = 1> <Delay = 1.00> <Generic> <Opcode : >

State 3 <SV = 2> <Delay = 2.70>
ST_3 : Operation 28 [1/1] (0.00ns) (grouped into TernaryAdder)   --->   "%add_ln1497 = add i32 %capsulemetadata_loca_2, 512" [../kernels/acts.cpp:1497]   --->   Operation 28 'add' 'add_ln1497' <Predicate = true> <Delay = 0.00> <Core = "TAddSub">   --->   Core 83 'TAddSub' <Latency = 0> <II = 1> <Delay = 0.36> <IPBlock> <Opcode : 'add' 'sub'> <InPorts = 3> <OutPorts = 1> <Sync> <CReg>
ST_3 : Operation 29 [1/1] (0.73ns) (root node of TernaryAdder)   --->   "%loadoffset1_kvs = add i32 %capsulemetadata_glob, %add_ln1497" [../kernels/acts.cpp:1497]   --->   Operation 29 'add' 'loadoffset1_kvs' <Predicate = true> <Delay = 0.73> <Core = "TAddSub">   --->   Core 83 'TAddSub' <Latency = 0> <II = 1> <Delay = 0.36> <IPBlock> <Opcode : 'add' 'sub'> <InPorts = 3> <OutPorts = 1> <Sync> <CReg>
ST_3 : Operation 30 [2/2] (1.96ns)   --->   "call fastcc void @readkeyvalues0(i512* %kvdram_V, i26 %kvdram_V_offset_read, [512 x i512]* nocapture %BIGcapsule1_V, i32 %loadoffset1_kvs)" [../kernels/acts.cpp:1501]   --->   Operation 30 'call' <Predicate = true> <Delay = 1.96> <CoreType = "Generic">   --->   Core 0 '' <Latency = 0> <II = 1> <Delay = 1.00> <Generic> <Opcode : >

State 4 <SV = 3> <Delay = 0.00>
ST_4 : Operation 31 [1/2] (0.00ns)   --->   "call fastcc void @readkeyvalues0(i512* %kvdram_V, i26 %kvdram_V_offset_read, [512 x i512]* nocapture %BIGcapsule1_V, i32 %loadoffset1_kvs)" [../kernels/acts.cpp:1501]   --->   Operation 31 'call' <Predicate = true> <Delay = 0.00> <CoreType = "Generic">   --->   Core 0 '' <Latency = 0> <II = 1> <Delay = 1.00> <Generic> <Opcode : >

State 5 <SV = 4> <Delay = 2.70>
ST_5 : Operation 32 [1/1] (0.00ns) (grouped into TernaryAdder)   --->   "%add_ln1505 = add i32 %capsulemetadata_loca_2, 1024" [../kernels/acts.cpp:1505]   --->   Operation 32 'add' 'add_ln1505' <Predicate = true> <Delay = 0.00> <Core = "TAddSub">   --->   Core 83 'TAddSub' <Latency = 0> <II = 1> <Delay = 0.36> <IPBlock> <Opcode : 'add' 'sub'> <InPorts = 3> <OutPorts = 1> <Sync> <CReg>
ST_5 : Operation 33 [1/1] (0.73ns) (root node of TernaryAdder)   --->   "%loadoffset2_kvs = add i32 %capsulemetadata_glob, %add_ln1505" [../kernels/acts.cpp:1505]   --->   Operation 33 'add' 'loadoffset2_kvs' <Predicate = true> <Delay = 0.73> <Core = "TAddSub">   --->   Core 83 'TAddSub' <Latency = 0> <II = 1> <Delay = 0.36> <IPBlock> <Opcode : 'add' 'sub'> <InPorts = 3> <OutPorts = 1> <Sync> <CReg>
ST_5 : Operation 34 [2/2] (1.96ns)   --->   "call fastcc void @readkeyvalues0(i512* %kvdram_V, i26 %kvdram_V_offset_read, [512 x i512]* nocapture %BIGcapsule2_V, i32 %loadoffset2_kvs)" [../kernels/acts.cpp:1509]   --->   Operation 34 'call' <Predicate = true> <Delay = 1.96> <CoreType = "Generic">   --->   Core 0 '' <Latency = 0> <II = 1> <Delay = 1.00> <Generic> <Opcode : >

State 6 <SV = 5> <Delay = 0.00>
ST_6 : Operation 35 [1/2] (0.00ns)   --->   "call fastcc void @readkeyvalues0(i512* %kvdram_V, i26 %kvdram_V_offset_read, [512 x i512]* nocapture %BIGcapsule2_V, i32 %loadoffset2_kvs)" [../kernels/acts.cpp:1509]   --->   Operation 35 'call' <Predicate = true> <Delay = 0.00> <CoreType = "Generic">   --->   Core 0 '' <Latency = 0> <II = 1> <Delay = 1.00> <Generic> <Opcode : >

State 7 <SV = 6> <Delay = 2.70>
ST_7 : Operation 36 [1/1] (0.00ns) (grouped into TernaryAdder)   --->   "%add_ln1513 = add i32 %capsulemetadata_loca_2, 1536" [../kernels/acts.cpp:1513]   --->   Operation 36 'add' 'add_ln1513' <Predicate = true> <Delay = 0.00> <Core = "TAddSub">   --->   Core 83 'TAddSub' <Latency = 0> <II = 1> <Delay = 0.36> <IPBlock> <Opcode : 'add' 'sub'> <InPorts = 3> <OutPorts = 1> <Sync> <CReg>
ST_7 : Operation 37 [1/1] (0.73ns) (root node of TernaryAdder)   --->   "%loadoffset3_kvs = add i32 %capsulemetadata_glob, %add_ln1513" [../kernels/acts.cpp:1513]   --->   Operation 37 'add' 'loadoffset3_kvs' <Predicate = true> <Delay = 0.73> <Core = "TAddSub">   --->   Core 83 'TAddSub' <Latency = 0> <II = 1> <Delay = 0.36> <IPBlock> <Opcode : 'add' 'sub'> <InPorts = 3> <OutPorts = 1> <Sync> <CReg>
ST_7 : Operation 38 [2/2] (1.96ns)   --->   "call fastcc void @readkeyvalues0(i512* %kvdram_V, i26 %kvdram_V_offset_read, [512 x i512]* nocapture %BIGcapsule3_V, i32 %loadoffset3_kvs)" [../kernels/acts.cpp:1517]   --->   Operation 38 'call' <Predicate = true> <Delay = 1.96> <CoreType = "Generic">   --->   Core 0 '' <Latency = 0> <II = 1> <Delay = 1.00> <Generic> <Opcode : >

State 8 <SV = 7> <Delay = 1.27>
ST_8 : Operation 39 [1/2] (0.00ns)   --->   "call fastcc void @readkeyvalues0(i512* %kvdram_V, i26 %kvdram_V_offset_read, [512 x i512]* nocapture %BIGcapsule3_V, i32 %loadoffset3_kvs)" [../kernels/acts.cpp:1517]   --->   Operation 39 'call' <Predicate = (icmp_ln1488)> <Delay = 0.00> <CoreType = "Generic">   --->   Core 0 '' <Latency = 0> <II = 1> <Delay = 1.00> <Generic> <Opcode : >
ST_8 : Operation 40 [1/1] (0.66ns)   --->   "%add_ln1521 = add i32 %capsulemetadata_loca_2, 2048" [../kernels/acts.cpp:1521]   --->   Operation 40 'add' 'add_ln1521' <Predicate = (icmp_ln1488)> <Delay = 0.66> <Core = "AddSub">   --->   Core 14 'AddSub' <Latency = 0> <II = 1> <Delay = 0.66> <FuncUnit> <Opcode : 'add' 'sub'> <InPorts = 2> <OutPorts = 1>
ST_8 : Operation 41 [1/1] (0.60ns)   --->   "br label %._crit_edge" [../kernels/acts.cpp:1522]   --->   Operation 41 'br' <Predicate = (icmp_ln1488)> <Delay = 0.60>
ST_8 : Operation 42 [1/1] (0.00ns)   --->   "%capsulemetadata_loca = phi i32 [ %add_ln1521, %1 ], [ %capsulemetadata_loca_2, %0 ]" [../kernels/acts.cpp:1521]   --->   Operation 42 'phi' 'capsulemetadata_loca' <Predicate = true> <Delay = 0.00>
ST_8 : Operation 43 [1/1] (0.00ns)   --->   "%keyvalue_key = alloca i32"   --->   Operation 43 'alloca' 'keyvalue_key' <Predicate = true> <Delay = 0.00>
ST_8 : Operation 44 [1/1] (0.00ns)   --->   "%keyvalue_value_64 = alloca i32"   --->   Operation 44 'alloca' 'keyvalue_value_64' <Predicate = true> <Delay = 0.00>
ST_8 : Operation 45 [1/1] (0.00ns)   --->   "%keyvalue_key_8 = alloca i32"   --->   Operation 45 'alloca' 'keyvalue_key_8' <Predicate = true> <Delay = 0.00>
ST_8 : Operation 46 [1/1] (0.00ns)   --->   "%keyvalue_value_65 = alloca i32"   --->   Operation 46 'alloca' 'keyvalue_value_65' <Predicate = true> <Delay = 0.00>
ST_8 : Operation 47 [1/1] (0.00ns)   --->   "%keyvalue_key_32 = alloca i32"   --->   Operation 47 'alloca' 'keyvalue_key_32' <Predicate = true> <Delay = 0.00>
ST_8 : Operation 48 [1/1] (0.00ns)   --->   "%keyvalue_value_66 = alloca i32"   --->   Operation 48 'alloca' 'keyvalue_value_66' <Predicate = true> <Delay = 0.00>
ST_8 : Operation 49 [1/1] (0.00ns)   --->   "%keyvalue_key_48 = alloca i32"   --->   Operation 49 'alloca' 'keyvalue_key_48' <Predicate = true> <Delay = 0.00>
ST_8 : Operation 50 [1/1] (0.00ns)   --->   "%keyvalue_value_67 = alloca i32"   --->   Operation 50 'alloca' 'keyvalue_value_67' <Predicate = true> <Delay = 0.00>
ST_8 : Operation 51 [1/1] (0.60ns)   --->   "br label %2" [../kernels/acts.cpp:1524]   --->   Operation 51 'br' <Predicate = true> <Delay = 0.60>

State 9 <SV = 8> <Delay = 1.98>
ST_9 : Operation 52 [1/1] (0.00ns)   --->   "%i_0 = phi i6 [ 0, %._crit_edge ], [ %i, %READCAPSULE0_LOOP1 ]"   --->   Operation 52 'phi' 'i_0' <Predicate = true> <Delay = 0.00>
ST_9 : Operation 53 [1/1] (0.61ns)   --->   "%icmp_ln1524 = icmp eq i6 %i_0, -32" [../kernels/acts.cpp:1524]   --->   Operation 53 'icmp' 'icmp_ln1524' <Predicate = true> <Delay = 0.61> <Core = "Cmp">   --->   Core 25 'Cmp' <Latency = 0> <II = 1> <Delay = 0.62> <FuncUnit> <Opcode : 'icmp'> <InPorts = 2> <OutPorts = 1>
ST_9 : Operation 54 [1/1] (0.00ns)   --->   "call void (...)* @_ssdm_op_SpecLoopTripCount(i64 32, i64 32, i64 32)"   --->   Operation 54 'speclooptripcount' <Predicate = true> <Delay = 0.00>
ST_9 : Operation 55 [1/1] (0.43ns)   --->   "%i = add i6 %i_0, 1" [../kernels/acts.cpp:1524]   --->   Operation 55 'add' 'i' <Predicate = true> <Delay = 0.43> <Core = "AddSub">   --->   Core 14 'AddSub' <Latency = 0> <II = 1> <Delay = 0.66> <FuncUnit> <Opcode : 'add' 'sub'> <InPorts = 2> <OutPorts = 1>
ST_9 : Operation 56 [1/1] (0.00ns)   --->   "br i1 %icmp_ln1524, label %3, label %READCAPSULE0_LOOP1" [../kernels/acts.cpp:1524]   --->   Operation 56 'br' <Predicate = true> <Delay = 0.00>
ST_9 : Operation 57 [1/1] (0.00ns)   --->   "%zext_ln1524 = zext i6 %i_0 to i13" [../kernels/acts.cpp:1524]   --->   Operation 57 'zext' 'zext_ln1524' <Predicate = (!icmp_ln1524)> <Delay = 0.00>
ST_9 : Operation 58 [1/1] (0.00ns)   --->   "%zext_ln1526_1 = zext i6 %i_0 to i12" [../kernels/acts.cpp:1526]   --->   Operation 58 'zext' 'zext_ln1526_1' <Predicate = (!icmp_ln1524)> <Delay = 0.00>
ST_9 : Operation 59 [1/1] (0.52ns)   --->   "%add_ln1526 = add i13 %zext_ln1524, %zext_ln1486" [../kernels/acts.cpp:1526]   --->   Operation 59 'add' 'add_ln1526' <Predicate = (!icmp_ln1524)> <Delay = 0.52> <Core = "AddSub">   --->   Core 14 'AddSub' <Latency = 0> <II = 1> <Delay = 0.66> <FuncUnit> <Opcode : 'add' 'sub'> <InPorts = 2> <OutPorts = 1>
ST_9 : Operation 60 [1/1] (0.52ns)   --->   "%add_ln1526_1 = add i12 %loffset, %zext_ln1526_1" [../kernels/acts.cpp:1526]   --->   Operation 60 'add' 'add_ln1526_1' <Predicate = (!icmp_ln1524)> <Delay = 0.52> <Core = "AddSub">   --->   Core 14 'AddSub' <Latency = 0> <II = 1> <Delay = 0.66> <FuncUnit> <Opcode : 'add' 'sub'> <InPorts = 2> <OutPorts = 1>
ST_9 : Operation 61 [1/1] (0.00ns)   --->   "%tmp_37 = call i1 @_ssdm_op_BitSelect.i1.i13.i32(i13 %add_ln1526, i32 12)" [../kernels/acts.cpp:316->../kernels/acts.cpp:1526]   --->   Operation 61 'bitselect' 'tmp_37' <Predicate = (!icmp_ln1524)> <Delay = 0.00>
ST_9 : Operation 62 [1/1] (0.29ns)   --->   "%select_ln316 = select i1 %tmp_37, i12 0, i12 %add_ln1526_1" [../kernels/acts.cpp:316->../kernels/acts.cpp:1526]   --->   Operation 62 'select' 'select_ln316' <Predicate = (!icmp_ln1524)> <Delay = 0.29> <Core = "Sel">   --->   Core 26 'Sel' <Latency = 0> <II = 1> <Delay = 0.22> <FuncUnit> <Opcode : 'select'> <InPorts = 3> <OutPorts = 1>
ST_9 : Operation 63 [1/1] (0.00ns)   --->   "%idx = trunc i12 %select_ln316 to i3" [../kernels/acts.cpp:316->../kernels/acts.cpp:1526]   --->   Operation 63 'trunc' 'idx' <Predicate = (!icmp_ln1524)> <Delay = 0.00>
ST_9 : Operation 64 [1/1] (0.00ns)   --->   "%idy = call i9 @_ssdm_op_PartSelect.i9.i12.i32.i32(i12 %select_ln316, i32 3, i32 11)" [../kernels/acts.cpp:318->../kernels/acts.cpp:1526]   --->   Operation 64 'partselect' 'idy' <Predicate = (!icmp_ln1524)> <Delay = 0.00>
ST_9 : Operation 65 [1/1] (0.00ns)   --->   "%zext_ln327 = zext i9 %idy to i64" [../kernels/acts.cpp:327->../kernels/acts.cpp:1526]   --->   Operation 65 'zext' 'zext_ln327' <Predicate = (!icmp_ln1524)> <Delay = 0.00>
ST_9 : Operation 66 [1/1] (0.00ns)   --->   "%BIGcapsule0_V_addr = getelementptr [512 x i512]* %BIGcapsule0_V, i64 0, i64 %zext_ln327" [../kernels/acts.cpp:327->../kernels/acts.cpp:1526]   --->   Operation 66 'getelementptr' 'BIGcapsule0_V_addr' <Predicate = (!icmp_ln1524)> <Delay = 0.00>
ST_9 : Operation 67 [2/2] (1.15ns)   --->   "%p_Val2_s = load i512* %BIGcapsule0_V_addr, align 64" [../kernels/acts.cpp:327->../kernels/acts.cpp:1526]   --->   Operation 67 'load' 'p_Val2_s' <Predicate = (!icmp_ln1524)> <Delay = 1.15> <Core = "RAM">   --->   Core 37 'RAM' <Latency = 1> <II = 1> <Delay = 1.15> <Storage> <Opcode : 'load' 'store'> <Ports = 2> <Width = 32> <Depth = 32> <RAM>
ST_9 : Operation 68 [1/1] (0.00ns)   --->   "%BIGcapsule1_V_addr = getelementptr [512 x i512]* %BIGcapsule1_V, i64 0, i64 %zext_ln327" [../kernels/acts.cpp:327->../kernels/acts.cpp:1527]   --->   Operation 68 'getelementptr' 'BIGcapsule1_V_addr' <Predicate = (!icmp_ln1524)> <Delay = 0.00>
ST_9 : Operation 69 [2/2] (1.15ns)   --->   "%p_Val2_4 = load i512* %BIGcapsule1_V_addr, align 64" [../kernels/acts.cpp:327->../kernels/acts.cpp:1527]   --->   Operation 69 'load' 'p_Val2_4' <Predicate = (!icmp_ln1524)> <Delay = 1.15> <Core = "RAM">   --->   Core 37 'RAM' <Latency = 1> <II = 1> <Delay = 1.15> <Storage> <Opcode : 'load' 'store'> <Ports = 2> <Width = 32> <Depth = 32> <RAM>
ST_9 : Operation 70 [1/1] (0.00ns)   --->   "%BIGcapsule2_V_addr35 = getelementptr [512 x i512]* %BIGcapsule2_V, i64 0, i64 %zext_ln327" [../kernels/acts.cpp:327->../kernels/acts.cpp:1528]   --->   Operation 70 'getelementptr' 'BIGcapsule2_V_addr35' <Predicate = (!icmp_ln1524)> <Delay = 0.00>
ST_9 : Operation 71 [2/2] (1.15ns)   --->   "%p_Val2_5 = load i512* %BIGcapsule2_V_addr35, align 64" [../kernels/acts.cpp:327->../kernels/acts.cpp:1528]   --->   Operation 71 'load' 'p_Val2_5' <Predicate = (!icmp_ln1524)> <Delay = 1.15> <Core = "RAM">   --->   Core 37 'RAM' <Latency = 1> <II = 1> <Delay = 1.15> <Storage> <Opcode : 'load' 'store'> <Ports = 2> <Width = 32> <Depth = 32> <RAM>
ST_9 : Operation 72 [1/1] (0.00ns)   --->   "%BIGcapsule3_V_addr52 = getelementptr [512 x i512]* %BIGcapsule3_V, i64 0, i64 %zext_ln327" [../kernels/acts.cpp:327->../kernels/acts.cpp:1529]   --->   Operation 72 'getelementptr' 'BIGcapsule3_V_addr52' <Predicate = (!icmp_ln1524)> <Delay = 0.00>
ST_9 : Operation 73 [2/2] (1.15ns)   --->   "%p_Val2_6 = load i512* %BIGcapsule3_V_addr52, align 64" [../kernels/acts.cpp:327->../kernels/acts.cpp:1529]   --->   Operation 73 'load' 'p_Val2_6' <Predicate = (!icmp_ln1524)> <Delay = 1.15> <Core = "RAM">   --->   Core 37 'RAM' <Latency = 1> <II = 1> <Delay = 1.15> <Storage> <Opcode : 'load' 'store'> <Ports = 2> <Width = 32> <Depth = 32> <RAM>

State 10 <SV = 9> <Delay = 3.22>
ST_10 : Operation 74 [1/1] (0.00ns)   --->   "%keyvalue_key_load = load i32* %keyvalue_key" [../kernels/acts.cpp:326->../kernels/acts.cpp:1526]   --->   Operation 74 'load' 'keyvalue_key_load' <Predicate = (!icmp_ln1524)> <Delay = 0.00>
ST_10 : Operation 75 [1/1] (0.00ns)   --->   "%keyvalue_value_64_lo = load i32* %keyvalue_value_64" [../kernels/acts.cpp:326->../kernels/acts.cpp:1526]   --->   Operation 75 'load' 'keyvalue_value_64_lo' <Predicate = (!icmp_ln1524)> <Delay = 0.00>
ST_10 : Operation 76 [1/1] (0.00ns)   --->   "%keyvalue_key_8_load = load i32* %keyvalue_key_8" [../kernels/acts.cpp:326->../kernels/acts.cpp:1526]   --->   Operation 76 'load' 'keyvalue_key_8_load' <Predicate = (!icmp_ln1524)> <Delay = 0.00>
ST_10 : Operation 77 [1/1] (0.00ns)   --->   "%keyvalue_value_65_lo = load i32* %keyvalue_value_65" [../kernels/acts.cpp:326->../kernels/acts.cpp:1526]   --->   Operation 77 'load' 'keyvalue_value_65_lo' <Predicate = (!icmp_ln1524)> <Delay = 0.00>
ST_10 : Operation 78 [1/1] (0.00ns)   --->   "%keyvalue_key_32_load = load i32* %keyvalue_key_32" [../kernels/acts.cpp:326->../kernels/acts.cpp:1526]   --->   Operation 78 'load' 'keyvalue_key_32_load' <Predicate = (!icmp_ln1524)> <Delay = 0.00>
ST_10 : Operation 79 [1/1] (0.00ns)   --->   "%keyvalue_value_66_lo = load i32* %keyvalue_value_66" [../kernels/acts.cpp:326->../kernels/acts.cpp:1526]   --->   Operation 79 'load' 'keyvalue_value_66_lo' <Predicate = (!icmp_ln1524)> <Delay = 0.00>
ST_10 : Operation 80 [1/1] (0.00ns)   --->   "%keyvalue_key_48_load = load i32* %keyvalue_key_48" [../kernels/acts.cpp:326->../kernels/acts.cpp:1526]   --->   Operation 80 'load' 'keyvalue_key_48_load' <Predicate = (!icmp_ln1524)> <Delay = 0.00>
ST_10 : Operation 81 [1/1] (0.00ns)   --->   "%keyvalue_value_67_lo = load i32* %keyvalue_value_67" [../kernels/acts.cpp:326->../kernels/acts.cpp:1526]   --->   Operation 81 'load' 'keyvalue_value_67_lo' <Predicate = (!icmp_ln1524)> <Delay = 0.00>
ST_10 : Operation 82 [1/1] (0.00ns)   --->   "call void (...)* @_ssdm_op_SpecLoopName([19 x i8]* @p_str10) nounwind" [../kernels/acts.cpp:1524]   --->   Operation 82 'specloopname' <Predicate = (!icmp_ln1524)> <Delay = 0.00>
ST_10 : Operation 83 [1/1] (0.00ns)   --->   "%tmp = call i32 (...)* @_ssdm_op_SpecRegionBegin([19 x i8]* @p_str10)" [../kernels/acts.cpp:1524]   --->   Operation 83 'specregionbegin' 'tmp' <Predicate = (!icmp_ln1524)> <Delay = 0.00>
ST_10 : Operation 84 [1/1] (0.00ns)   --->   "call void (...)* @_ssdm_op_SpecPipeline(i32 1, i32 1, i32 1, i32 0, [1 x i8]* @p_str) nounwind" [../kernels/acts.cpp:1525]   --->   Operation 84 'specpipeline' <Predicate = (!icmp_ln1524)> <Delay = 0.00>
ST_10 : Operation 85 [1/1] (0.00ns)   --->   "%zext_ln1526 = zext i6 %i_0 to i64" [../kernels/acts.cpp:1526]   --->   Operation 85 'zext' 'zext_ln1526' <Predicate = (!icmp_ln1524)> <Delay = 0.00>
ST_10 : Operation 86 [1/1] (0.49ns)   --->   "%icmp_ln326 = icmp eq i3 %idx, 0" [../kernels/acts.cpp:326->../kernels/acts.cpp:1526]   --->   Operation 86 'icmp' 'icmp_ln326' <Predicate = (!icmp_ln1524)> <Delay = 0.49> <Core = "Cmp">   --->   Core 25 'Cmp' <Latency = 0> <II = 1> <Delay = 0.62> <FuncUnit> <Opcode : 'icmp'> <InPorts = 2> <OutPorts = 1>
ST_10 : Operation 87 [1/2] (1.15ns)   --->   "%p_Val2_s = load i512* %BIGcapsule0_V_addr, align 64" [../kernels/acts.cpp:327->../kernels/acts.cpp:1526]   --->   Operation 87 'load' 'p_Val2_s' <Predicate = (!icmp_ln1524)> <Delay = 1.15> <Core = "RAM">   --->   Core 37 'RAM' <Latency = 1> <II = 1> <Delay = 1.15> <Storage> <Opcode : 'load' 'store'> <Ports = 2> <Width = 32> <Depth = 32> <RAM>
ST_10 : Operation 88 [1/1] (0.00ns) (grouped into LUT with out node keyvalue_key_66)   --->   "%keyvalue_key_64 = trunc i512 %p_Val2_s to i32" [../kernels/acts.cpp:327->../kernels/acts.cpp:1526]   --->   Operation 88 'trunc' 'keyvalue_key_64' <Predicate = (!icmp_ln1524)> <Delay = 0.00>
ST_10 : Operation 89 [1/1] (0.00ns) (grouped into LUT with out node keyvalue_value_69)   --->   "%keyvalue_value = call i32 @_ssdm_op_PartSelect.i32.i512.i32.i32(i512 %p_Val2_s, i32 32, i32 63)" [../kernels/acts.cpp:328->../kernels/acts.cpp:1526]   --->   Operation 89 'partselect' 'keyvalue_value' <Predicate = (!icmp_ln1524)> <Delay = 0.00>
ST_10 : Operation 90 [1/1] (0.49ns)   --->   "%icmp_ln330 = icmp eq i3 %idx, 1" [../kernels/acts.cpp:330->../kernels/acts.cpp:1526]   --->   Operation 90 'icmp' 'icmp_ln330' <Predicate = (!icmp_ln1524)> <Delay = 0.49> <Core = "Cmp">   --->   Core 25 'Cmp' <Latency = 0> <II = 1> <Delay = 0.62> <FuncUnit> <Opcode : 'icmp'> <InPorts = 2> <OutPorts = 1>
ST_10 : Operation 91 [1/1] (0.00ns) (grouped into LUT with out node keyvalue_key_66)   --->   "%keyvalue_key_1 = call i32 @_ssdm_op_PartSelect.i32.i512.i32.i32(i512 %p_Val2_s, i32 64, i32 95)" [../kernels/acts.cpp:331->../kernels/acts.cpp:1526]   --->   Operation 91 'partselect' 'keyvalue_key_1' <Predicate = (!icmp_ln1524)> <Delay = 0.00>
ST_10 : Operation 92 [1/1] (0.00ns) (grouped into LUT with out node keyvalue_value_69)   --->   "%keyvalue_value_1 = call i32 @_ssdm_op_PartSelect.i32.i512.i32.i32(i512 %p_Val2_s, i32 96, i32 127)" [../kernels/acts.cpp:332->../kernels/acts.cpp:1526]   --->   Operation 92 'partselect' 'keyvalue_value_1' <Predicate = (!icmp_ln1524)> <Delay = 0.00>
ST_10 : Operation 93 [1/1] (0.49ns)   --->   "%icmp_ln334 = icmp eq i3 %idx, 2" [../kernels/acts.cpp:334->../kernels/acts.cpp:1526]   --->   Operation 93 'icmp' 'icmp_ln334' <Predicate = (!icmp_ln1524)> <Delay = 0.49> <Core = "Cmp">   --->   Core 25 'Cmp' <Latency = 0> <II = 1> <Delay = 0.62> <FuncUnit> <Opcode : 'icmp'> <InPorts = 2> <OutPorts = 1>
ST_10 : Operation 94 [1/1] (0.00ns) (grouped into LUT with out node keyvalue_key_68)   --->   "%keyvalue_key_2 = call i32 @_ssdm_op_PartSelect.i32.i512.i32.i32(i512 %p_Val2_s, i32 128, i32 159)" [../kernels/acts.cpp:335->../kernels/acts.cpp:1526]   --->   Operation 94 'partselect' 'keyvalue_key_2' <Predicate = (!icmp_ln1524)> <Delay = 0.00>
ST_10 : Operation 95 [1/1] (0.00ns) (grouped into LUT with out node keyvalue_value_71)   --->   "%keyvalue_value_2 = call i32 @_ssdm_op_PartSelect.i32.i512.i32.i32(i512 %p_Val2_s, i32 160, i32 191)" [../kernels/acts.cpp:336->../kernels/acts.cpp:1526]   --->   Operation 95 'partselect' 'keyvalue_value_2' <Predicate = (!icmp_ln1524)> <Delay = 0.00>
ST_10 : Operation 96 [1/1] (0.49ns)   --->   "%icmp_ln338 = icmp eq i3 %idx, 3" [../kernels/acts.cpp:338->../kernels/acts.cpp:1526]   --->   Operation 96 'icmp' 'icmp_ln338' <Predicate = (!icmp_ln1524)> <Delay = 0.49> <Core = "Cmp">   --->   Core 25 'Cmp' <Latency = 0> <II = 1> <Delay = 0.62> <FuncUnit> <Opcode : 'icmp'> <InPorts = 2> <OutPorts = 1>
ST_10 : Operation 97 [1/1] (0.00ns) (grouped into LUT with out node keyvalue_key_68)   --->   "%keyvalue_key_3 = call i32 @_ssdm_op_PartSelect.i32.i512.i32.i32(i512 %p_Val2_s, i32 192, i32 223)" [../kernels/acts.cpp:339->../kernels/acts.cpp:1526]   --->   Operation 97 'partselect' 'keyvalue_key_3' <Predicate = (!icmp_ln1524)> <Delay = 0.00>
ST_10 : Operation 98 [1/1] (0.00ns) (grouped into LUT with out node keyvalue_value_71)   --->   "%keyvalue_value_3 = call i32 @_ssdm_op_PartSelect.i32.i512.i32.i32(i512 %p_Val2_s, i32 224, i32 255)" [../kernels/acts.cpp:340->../kernels/acts.cpp:1526]   --->   Operation 98 'partselect' 'keyvalue_value_3' <Predicate = (!icmp_ln1524)> <Delay = 0.00>
ST_10 : Operation 99 [1/1] (0.49ns)   --->   "%icmp_ln342 = icmp eq i3 %idx, -4" [../kernels/acts.cpp:342->../kernels/acts.cpp:1526]   --->   Operation 99 'icmp' 'icmp_ln342' <Predicate = (!icmp_ln1524)> <Delay = 0.49> <Core = "Cmp">   --->   Core 25 'Cmp' <Latency = 0> <II = 1> <Delay = 0.62> <FuncUnit> <Opcode : 'icmp'> <InPorts = 2> <OutPorts = 1>
ST_10 : Operation 100 [1/1] (0.00ns) (grouped into LUT with out node keyvalue_key_70)   --->   "%keyvalue_key_4 = call i32 @_ssdm_op_PartSelect.i32.i512.i32.i32(i512 %p_Val2_s, i32 256, i32 287)" [../kernels/acts.cpp:343->../kernels/acts.cpp:1526]   --->   Operation 100 'partselect' 'keyvalue_key_4' <Predicate = (!icmp_ln1524)> <Delay = 0.00>
ST_10 : Operation 101 [1/1] (0.00ns) (grouped into LUT with out node keyvalue_value_73)   --->   "%keyvalue_value_4 = call i32 @_ssdm_op_PartSelect.i32.i512.i32.i32(i512 %p_Val2_s, i32 288, i32 319)" [../kernels/acts.cpp:344->../kernels/acts.cpp:1526]   --->   Operation 101 'partselect' 'keyvalue_value_4' <Predicate = (!icmp_ln1524)> <Delay = 0.00>
ST_10 : Operation 102 [1/1] (0.49ns)   --->   "%icmp_ln346 = icmp eq i3 %idx, -3" [../kernels/acts.cpp:346->../kernels/acts.cpp:1526]   --->   Operation 102 'icmp' 'icmp_ln346' <Predicate = (!icmp_ln1524)> <Delay = 0.49> <Core = "Cmp">   --->   Core 25 'Cmp' <Latency = 0> <II = 1> <Delay = 0.62> <FuncUnit> <Opcode : 'icmp'> <InPorts = 2> <OutPorts = 1>
ST_10 : Operation 103 [1/1] (0.00ns) (grouped into LUT with out node keyvalue_key_70)   --->   "%keyvalue_key_5 = call i32 @_ssdm_op_PartSelect.i32.i512.i32.i32(i512 %p_Val2_s, i32 320, i32 351)" [../kernels/acts.cpp:347->../kernels/acts.cpp:1526]   --->   Operation 103 'partselect' 'keyvalue_key_5' <Predicate = (!icmp_ln1524)> <Delay = 0.00>
ST_10 : Operation 104 [1/1] (0.00ns) (grouped into LUT with out node keyvalue_value_73)   --->   "%keyvalue_value_5 = call i32 @_ssdm_op_PartSelect.i32.i512.i32.i32(i512 %p_Val2_s, i32 352, i32 383)" [../kernels/acts.cpp:348->../kernels/acts.cpp:1526]   --->   Operation 104 'partselect' 'keyvalue_value_5' <Predicate = (!icmp_ln1524)> <Delay = 0.00>
ST_10 : Operation 105 [1/1] (0.49ns)   --->   "%icmp_ln350 = icmp eq i3 %idx, -2" [../kernels/acts.cpp:350->../kernels/acts.cpp:1526]   --->   Operation 105 'icmp' 'icmp_ln350' <Predicate = (!icmp_ln1524)> <Delay = 0.49> <Core = "Cmp">   --->   Core 25 'Cmp' <Latency = 0> <II = 1> <Delay = 0.62> <FuncUnit> <Opcode : 'icmp'> <InPorts = 2> <OutPorts = 1>
ST_10 : Operation 106 [1/1] (0.00ns) (grouped into LUT with out node keyvalue_key_72)   --->   "%keyvalue_key_6 = call i32 @_ssdm_op_PartSelect.i32.i512.i32.i32(i512 %p_Val2_s, i32 384, i32 415)" [../kernels/acts.cpp:351->../kernels/acts.cpp:1526]   --->   Operation 106 'partselect' 'keyvalue_key_6' <Predicate = (!icmp_ln1524)> <Delay = 0.00>
ST_10 : Operation 107 [1/1] (0.00ns) (grouped into LUT with out node keyvalue_value_75)   --->   "%keyvalue_value_6 = call i32 @_ssdm_op_PartSelect.i32.i512.i32.i32(i512 %p_Val2_s, i32 416, i32 447)" [../kernels/acts.cpp:352->../kernels/acts.cpp:1526]   --->   Operation 107 'partselect' 'keyvalue_value_6' <Predicate = (!icmp_ln1524)> <Delay = 0.00>
ST_10 : Operation 108 [1/1] (0.49ns)   --->   "%icmp_ln354 = icmp eq i3 %idx, -1" [../kernels/acts.cpp:354->../kernels/acts.cpp:1526]   --->   Operation 108 'icmp' 'icmp_ln354' <Predicate = (!icmp_ln1524)> <Delay = 0.49> <Core = "Cmp">   --->   Core 25 'Cmp' <Latency = 0> <II = 1> <Delay = 0.62> <FuncUnit> <Opcode : 'icmp'> <InPorts = 2> <OutPorts = 1>
ST_10 : Operation 109 [1/1] (0.00ns) (grouped into LUT with out node keyvalue_key_72)   --->   "%keyvalue_key_7 = call i32 @_ssdm_op_PartSelect.i32.i512.i32.i32(i512 %p_Val2_s, i32 448, i32 479)" [../kernels/acts.cpp:355->../kernels/acts.cpp:1526]   --->   Operation 109 'partselect' 'keyvalue_key_7' <Predicate = (!icmp_ln1524)> <Delay = 0.00>
ST_10 : Operation 110 [1/1] (0.00ns) (grouped into LUT with out node keyvalue_value_75)   --->   "%keyvalue_value_7 = call i32 @_ssdm_op_PartSelect.i32.i512.i32.i32(i512 %p_Val2_s, i32 480, i32 511)" [../kernels/acts.cpp:356->../kernels/acts.cpp:1526]   --->   Operation 110 'partselect' 'keyvalue_value_7' <Predicate = (!icmp_ln1524)> <Delay = 0.00>
ST_10 : Operation 111 [1/1] (0.00ns) (grouped into LUT with out node keyvalue_value_69)   --->   "%keyvalue_value_68 = select i1 %icmp_ln326, i32 %keyvalue_value, i32 %keyvalue_value_64_lo" [../kernels/acts.cpp:326->../kernels/acts.cpp:1526]   --->   Operation 111 'select' 'keyvalue_value_68' <Predicate = (!icmp_ln1524)> <Delay = 0.00> <Core = "Sel">   --->   Core 26 'Sel' <Latency = 0> <II = 1> <Delay = 0.22> <FuncUnit> <Opcode : 'select'> <InPorts = 3> <OutPorts = 1>
ST_10 : Operation 112 [1/1] (0.00ns) (grouped into LUT with out node and_ln330)   --->   "%xor_ln326 = xor i1 %icmp_ln326, true" [../kernels/acts.cpp:326->../kernels/acts.cpp:1526]   --->   Operation 112 'xor' 'xor_ln326' <Predicate = (!icmp_ln1524)> <Delay = 0.00> <Core = "LogicGate">   --->   Core 27 'LogicGate' <Latency = 0> <II = 1> <Delay = 0.12> <FuncUnit> <Opcode : 'and' 'or' 'xor'> <InPorts = 2> <OutPorts = 1>
ST_10 : Operation 113 [1/1] (0.12ns) (out node of the LUT)   --->   "%and_ln330 = and i1 %icmp_ln330, %xor_ln326" [../kernels/acts.cpp:330->../kernels/acts.cpp:1526]   --->   Operation 113 'and' 'and_ln330' <Predicate = (!icmp_ln1524)> <Delay = 0.12> <Core = "LogicGate">   --->   Core 27 'LogicGate' <Latency = 0> <II = 1> <Delay = 0.12> <FuncUnit> <Opcode : 'and' 'or' 'xor'> <InPorts = 2> <OutPorts = 1>
ST_10 : Operation 114 [1/1] (0.22ns) (out node of the LUT)   --->   "%keyvalue_value_69 = select i1 %and_ln330, i32 %keyvalue_value_1, i32 %keyvalue_value_68" [../kernels/acts.cpp:330->../kernels/acts.cpp:1526]   --->   Operation 114 'select' 'keyvalue_value_69' <Predicate = (!icmp_ln1524)> <Delay = 0.22> <Core = "Sel">   --->   Core 26 'Sel' <Latency = 0> <II = 1> <Delay = 0.22> <FuncUnit> <Opcode : 'select'> <InPorts = 3> <OutPorts = 1>
ST_10 : Operation 115 [1/1] (0.12ns)   --->   "%or_ln330 = or i1 %icmp_ln326, %icmp_ln330" [../kernels/acts.cpp:330->../kernels/acts.cpp:1526]   --->   Operation 115 'or' 'or_ln330' <Predicate = (!icmp_ln1524)> <Delay = 0.12> <Core = "LogicGate">   --->   Core 27 'LogicGate' <Latency = 0> <II = 1> <Delay = 0.12> <FuncUnit> <Opcode : 'and' 'or' 'xor'> <InPorts = 2> <OutPorts = 1>
ST_10 : Operation 116 [1/1] (0.00ns) (grouped into LUT with out node and_ln334)   --->   "%xor_ln330 = xor i1 %or_ln330, true" [../kernels/acts.cpp:330->../kernels/acts.cpp:1526]   --->   Operation 116 'xor' 'xor_ln330' <Predicate = (!icmp_ln1524)> <Delay = 0.00> <Core = "LogicGate">   --->   Core 27 'LogicGate' <Latency = 0> <II = 1> <Delay = 0.12> <FuncUnit> <Opcode : 'and' 'or' 'xor'> <InPorts = 2> <OutPorts = 1>
ST_10 : Operation 117 [1/1] (0.12ns) (out node of the LUT)   --->   "%and_ln334 = and i1 %icmp_ln334, %xor_ln330" [../kernels/acts.cpp:334->../kernels/acts.cpp:1526]   --->   Operation 117 'and' 'and_ln334' <Predicate = (!icmp_ln1524)> <Delay = 0.12> <Core = "LogicGate">   --->   Core 27 'LogicGate' <Latency = 0> <II = 1> <Delay = 0.12> <FuncUnit> <Opcode : 'and' 'or' 'xor'> <InPorts = 2> <OutPorts = 1>
ST_10 : Operation 118 [1/1] (0.00ns) (grouped into LUT with out node keyvalue_value_71)   --->   "%keyvalue_value_70 = select i1 %and_ln334, i32 %keyvalue_value_2, i32 %keyvalue_value_69" [../kernels/acts.cpp:334->../kernels/acts.cpp:1526]   --->   Operation 118 'select' 'keyvalue_value_70' <Predicate = (!icmp_ln1524)> <Delay = 0.00> <Core = "Sel">   --->   Core 26 'Sel' <Latency = 0> <II = 1> <Delay = 0.22> <FuncUnit> <Opcode : 'select'> <InPorts = 3> <OutPorts = 1>
ST_10 : Operation 119 [1/1] (0.12ns)   --->   "%or_ln334 = or i1 %or_ln330, %icmp_ln334" [../kernels/acts.cpp:334->../kernels/acts.cpp:1526]   --->   Operation 119 'or' 'or_ln334' <Predicate = (!icmp_ln1524)> <Delay = 0.12> <Core = "LogicGate">   --->   Core 27 'LogicGate' <Latency = 0> <II = 1> <Delay = 0.12> <FuncUnit> <Opcode : 'and' 'or' 'xor'> <InPorts = 2> <OutPorts = 1>
ST_10 : Operation 120 [1/1] (0.00ns) (grouped into LUT with out node and_ln338)   --->   "%xor_ln334 = xor i1 %or_ln334, true" [../kernels/acts.cpp:334->../kernels/acts.cpp:1526]   --->   Operation 120 'xor' 'xor_ln334' <Predicate = (!icmp_ln1524)> <Delay = 0.00> <Core = "LogicGate">   --->   Core 27 'LogicGate' <Latency = 0> <II = 1> <Delay = 0.12> <FuncUnit> <Opcode : 'and' 'or' 'xor'> <InPorts = 2> <OutPorts = 1>
ST_10 : Operation 121 [1/1] (0.12ns) (out node of the LUT)   --->   "%and_ln338 = and i1 %icmp_ln338, %xor_ln334" [../kernels/acts.cpp:338->../kernels/acts.cpp:1526]   --->   Operation 121 'and' 'and_ln338' <Predicate = (!icmp_ln1524)> <Delay = 0.12> <Core = "LogicGate">   --->   Core 27 'LogicGate' <Latency = 0> <II = 1> <Delay = 0.12> <FuncUnit> <Opcode : 'and' 'or' 'xor'> <InPorts = 2> <OutPorts = 1>
ST_10 : Operation 122 [1/1] (0.22ns) (out node of the LUT)   --->   "%keyvalue_value_71 = select i1 %and_ln338, i32 %keyvalue_value_3, i32 %keyvalue_value_70" [../kernels/acts.cpp:338->../kernels/acts.cpp:1526]   --->   Operation 122 'select' 'keyvalue_value_71' <Predicate = (!icmp_ln1524)> <Delay = 0.22> <Core = "Sel">   --->   Core 26 'Sel' <Latency = 0> <II = 1> <Delay = 0.22> <FuncUnit> <Opcode : 'select'> <InPorts = 3> <OutPorts = 1>
ST_10 : Operation 123 [1/1] (0.12ns)   --->   "%or_ln338 = or i1 %or_ln334, %icmp_ln338" [../kernels/acts.cpp:338->../kernels/acts.cpp:1526]   --->   Operation 123 'or' 'or_ln338' <Predicate = (!icmp_ln1524)> <Delay = 0.12> <Core = "LogicGate">   --->   Core 27 'LogicGate' <Latency = 0> <II = 1> <Delay = 0.12> <FuncUnit> <Opcode : 'and' 'or' 'xor'> <InPorts = 2> <OutPorts = 1>
ST_10 : Operation 124 [1/1] (0.00ns) (grouped into LUT with out node and_ln342)   --->   "%xor_ln338 = xor i1 %or_ln338, true" [../kernels/acts.cpp:338->../kernels/acts.cpp:1526]   --->   Operation 124 'xor' 'xor_ln338' <Predicate = (!icmp_ln1524)> <Delay = 0.00> <Core = "LogicGate">   --->   Core 27 'LogicGate' <Latency = 0> <II = 1> <Delay = 0.12> <FuncUnit> <Opcode : 'and' 'or' 'xor'> <InPorts = 2> <OutPorts = 1>
ST_10 : Operation 125 [1/1] (0.12ns) (out node of the LUT)   --->   "%and_ln342 = and i1 %icmp_ln342, %xor_ln338" [../kernels/acts.cpp:342->../kernels/acts.cpp:1526]   --->   Operation 125 'and' 'and_ln342' <Predicate = (!icmp_ln1524)> <Delay = 0.12> <Core = "LogicGate">   --->   Core 27 'LogicGate' <Latency = 0> <II = 1> <Delay = 0.12> <FuncUnit> <Opcode : 'and' 'or' 'xor'> <InPorts = 2> <OutPorts = 1>
ST_10 : Operation 126 [1/1] (0.00ns) (grouped into LUT with out node keyvalue_value_73)   --->   "%keyvalue_value_72 = select i1 %and_ln342, i32 %keyvalue_value_4, i32 %keyvalue_value_71" [../kernels/acts.cpp:342->../kernels/acts.cpp:1526]   --->   Operation 126 'select' 'keyvalue_value_72' <Predicate = (!icmp_ln1524)> <Delay = 0.00> <Core = "Sel">   --->   Core 26 'Sel' <Latency = 0> <II = 1> <Delay = 0.22> <FuncUnit> <Opcode : 'select'> <InPorts = 3> <OutPorts = 1>
ST_10 : Operation 127 [1/1] (0.12ns)   --->   "%or_ln342 = or i1 %or_ln338, %icmp_ln342" [../kernels/acts.cpp:342->../kernels/acts.cpp:1526]   --->   Operation 127 'or' 'or_ln342' <Predicate = (!icmp_ln1524)> <Delay = 0.12> <Core = "LogicGate">   --->   Core 27 'LogicGate' <Latency = 0> <II = 1> <Delay = 0.12> <FuncUnit> <Opcode : 'and' 'or' 'xor'> <InPorts = 2> <OutPorts = 1>
ST_10 : Operation 128 [1/1] (0.00ns) (grouped into LUT with out node and_ln346)   --->   "%xor_ln342 = xor i1 %or_ln342, true" [../kernels/acts.cpp:342->../kernels/acts.cpp:1526]   --->   Operation 128 'xor' 'xor_ln342' <Predicate = (!icmp_ln1524)> <Delay = 0.00> <Core = "LogicGate">   --->   Core 27 'LogicGate' <Latency = 0> <II = 1> <Delay = 0.12> <FuncUnit> <Opcode : 'and' 'or' 'xor'> <InPorts = 2> <OutPorts = 1>
ST_10 : Operation 129 [1/1] (0.12ns) (out node of the LUT)   --->   "%and_ln346 = and i1 %icmp_ln346, %xor_ln342" [../kernels/acts.cpp:346->../kernels/acts.cpp:1526]   --->   Operation 129 'and' 'and_ln346' <Predicate = (!icmp_ln1524)> <Delay = 0.12> <Core = "LogicGate">   --->   Core 27 'LogicGate' <Latency = 0> <II = 1> <Delay = 0.12> <FuncUnit> <Opcode : 'and' 'or' 'xor'> <InPorts = 2> <OutPorts = 1>
ST_10 : Operation 130 [1/1] (0.22ns) (out node of the LUT)   --->   "%keyvalue_value_73 = select i1 %and_ln346, i32 %keyvalue_value_5, i32 %keyvalue_value_72" [../kernels/acts.cpp:346->../kernels/acts.cpp:1526]   --->   Operation 130 'select' 'keyvalue_value_73' <Predicate = (!icmp_ln1524)> <Delay = 0.22> <Core = "Sel">   --->   Core 26 'Sel' <Latency = 0> <II = 1> <Delay = 0.22> <FuncUnit> <Opcode : 'select'> <InPorts = 3> <OutPorts = 1>
ST_10 : Operation 131 [1/1] (0.12ns)   --->   "%or_ln346 = or i1 %or_ln342, %icmp_ln346" [../kernels/acts.cpp:346->../kernels/acts.cpp:1526]   --->   Operation 131 'or' 'or_ln346' <Predicate = (!icmp_ln1524)> <Delay = 0.12> <Core = "LogicGate">   --->   Core 27 'LogicGate' <Latency = 0> <II = 1> <Delay = 0.12> <FuncUnit> <Opcode : 'and' 'or' 'xor'> <InPorts = 2> <OutPorts = 1>
ST_10 : Operation 132 [1/1] (0.00ns) (grouped into LUT with out node and_ln350)   --->   "%xor_ln346 = xor i1 %or_ln346, true" [../kernels/acts.cpp:346->../kernels/acts.cpp:1526]   --->   Operation 132 'xor' 'xor_ln346' <Predicate = (!icmp_ln1524)> <Delay = 0.00> <Core = "LogicGate">   --->   Core 27 'LogicGate' <Latency = 0> <II = 1> <Delay = 0.12> <FuncUnit> <Opcode : 'and' 'or' 'xor'> <InPorts = 2> <OutPorts = 1>
ST_10 : Operation 133 [1/1] (0.12ns) (out node of the LUT)   --->   "%and_ln350 = and i1 %icmp_ln350, %xor_ln346" [../kernels/acts.cpp:350->../kernels/acts.cpp:1526]   --->   Operation 133 'and' 'and_ln350' <Predicate = (!icmp_ln1524)> <Delay = 0.12> <Core = "LogicGate">   --->   Core 27 'LogicGate' <Latency = 0> <II = 1> <Delay = 0.12> <FuncUnit> <Opcode : 'and' 'or' 'xor'> <InPorts = 2> <OutPorts = 1>
ST_10 : Operation 134 [1/1] (0.00ns) (grouped into LUT with out node keyvalue_value_75)   --->   "%keyvalue_value_74 = select i1 %and_ln350, i32 %keyvalue_value_6, i32 %keyvalue_value_73" [../kernels/acts.cpp:350->../kernels/acts.cpp:1526]   --->   Operation 134 'select' 'keyvalue_value_74' <Predicate = (!icmp_ln1524)> <Delay = 0.00> <Core = "Sel">   --->   Core 26 'Sel' <Latency = 0> <II = 1> <Delay = 0.22> <FuncUnit> <Opcode : 'select'> <InPorts = 3> <OutPorts = 1>
ST_10 : Operation 135 [1/1] (0.00ns) (grouped into LUT with out node and_ln354)   --->   "%or_ln350 = or i1 %or_ln346, %icmp_ln350" [../kernels/acts.cpp:350->../kernels/acts.cpp:1526]   --->   Operation 135 'or' 'or_ln350' <Predicate = (!icmp_ln1524)> <Delay = 0.00> <Core = "LogicGate">   --->   Core 27 'LogicGate' <Latency = 0> <II = 1> <Delay = 0.12> <FuncUnit> <Opcode : 'and' 'or' 'xor'> <InPorts = 2> <OutPorts = 1>
ST_10 : Operation 136 [1/1] (0.00ns) (grouped into LUT with out node and_ln354)   --->   "%xor_ln350 = xor i1 %or_ln350, true" [../kernels/acts.cpp:350->../kernels/acts.cpp:1526]   --->   Operation 136 'xor' 'xor_ln350' <Predicate = (!icmp_ln1524)> <Delay = 0.00> <Core = "LogicGate">   --->   Core 27 'LogicGate' <Latency = 0> <II = 1> <Delay = 0.12> <FuncUnit> <Opcode : 'and' 'or' 'xor'> <InPorts = 2> <OutPorts = 1>
ST_10 : Operation 137 [1/1] (0.12ns) (out node of the LUT)   --->   "%and_ln354 = and i1 %icmp_ln354, %xor_ln350" [../kernels/acts.cpp:354->../kernels/acts.cpp:1526]   --->   Operation 137 'and' 'and_ln354' <Predicate = (!icmp_ln1524)> <Delay = 0.12> <Core = "LogicGate">   --->   Core 27 'LogicGate' <Latency = 0> <II = 1> <Delay = 0.12> <FuncUnit> <Opcode : 'and' 'or' 'xor'> <InPorts = 2> <OutPorts = 1>
ST_10 : Operation 138 [1/1] (0.22ns) (out node of the LUT)   --->   "%keyvalue_value_75 = select i1 %and_ln354, i32 %keyvalue_value_7, i32 %keyvalue_value_74" [../kernels/acts.cpp:354->../kernels/acts.cpp:1526]   --->   Operation 138 'select' 'keyvalue_value_75' <Predicate = (!icmp_ln1524)> <Delay = 0.22> <Core = "Sel">   --->   Core 26 'Sel' <Latency = 0> <II = 1> <Delay = 0.22> <FuncUnit> <Opcode : 'select'> <InPorts = 3> <OutPorts = 1>
ST_10 : Operation 139 [1/1] (0.00ns) (grouped into LUT with out node keyvalue_key_66)   --->   "%keyvalue_key_65 = select i1 %icmp_ln326, i32 %keyvalue_key_64, i32 %keyvalue_key_load" [../kernels/acts.cpp:326->../kernels/acts.cpp:1526]   --->   Operation 139 'select' 'keyvalue_key_65' <Predicate = (!icmp_ln1524)> <Delay = 0.00> <Core = "Sel">   --->   Core 26 'Sel' <Latency = 0> <II = 1> <Delay = 0.22> <FuncUnit> <Opcode : 'select'> <InPorts = 3> <OutPorts = 1>
ST_10 : Operation 140 [1/1] (0.22ns) (out node of the LUT)   --->   "%keyvalue_key_66 = select i1 %and_ln330, i32 %keyvalue_key_1, i32 %keyvalue_key_65" [../kernels/acts.cpp:330->../kernels/acts.cpp:1526]   --->   Operation 140 'select' 'keyvalue_key_66' <Predicate = (!icmp_ln1524)> <Delay = 0.22> <Core = "Sel">   --->   Core 26 'Sel' <Latency = 0> <II = 1> <Delay = 0.22> <FuncUnit> <Opcode : 'select'> <InPorts = 3> <OutPorts = 1>
ST_10 : Operation 141 [1/1] (0.00ns) (grouped into LUT with out node keyvalue_key_68)   --->   "%keyvalue_key_67 = select i1 %and_ln334, i32 %keyvalue_key_2, i32 %keyvalue_key_66" [../kernels/acts.cpp:334->../kernels/acts.cpp:1526]   --->   Operation 141 'select' 'keyvalue_key_67' <Predicate = (!icmp_ln1524)> <Delay = 0.00> <Core = "Sel">   --->   Core 26 'Sel' <Latency = 0> <II = 1> <Delay = 0.22> <FuncUnit> <Opcode : 'select'> <InPorts = 3> <OutPorts = 1>
ST_10 : Operation 142 [1/1] (0.22ns) (out node of the LUT)   --->   "%keyvalue_key_68 = select i1 %and_ln338, i32 %keyvalue_key_3, i32 %keyvalue_key_67" [../kernels/acts.cpp:338->../kernels/acts.cpp:1526]   --->   Operation 142 'select' 'keyvalue_key_68' <Predicate = (!icmp_ln1524)> <Delay = 0.22> <Core = "Sel">   --->   Core 26 'Sel' <Latency = 0> <II = 1> <Delay = 0.22> <FuncUnit> <Opcode : 'select'> <InPorts = 3> <OutPorts = 1>
ST_10 : Operation 143 [1/1] (0.00ns) (grouped into LUT with out node keyvalue_key_70)   --->   "%keyvalue_key_69 = select i1 %and_ln342, i32 %keyvalue_key_4, i32 %keyvalue_key_68" [../kernels/acts.cpp:342->../kernels/acts.cpp:1526]   --->   Operation 143 'select' 'keyvalue_key_69' <Predicate = (!icmp_ln1524)> <Delay = 0.00> <Core = "Sel">   --->   Core 26 'Sel' <Latency = 0> <II = 1> <Delay = 0.22> <FuncUnit> <Opcode : 'select'> <InPorts = 3> <OutPorts = 1>
ST_10 : Operation 144 [1/1] (0.22ns) (out node of the LUT)   --->   "%keyvalue_key_70 = select i1 %and_ln346, i32 %keyvalue_key_5, i32 %keyvalue_key_69" [../kernels/acts.cpp:346->../kernels/acts.cpp:1526]   --->   Operation 144 'select' 'keyvalue_key_70' <Predicate = (!icmp_ln1524)> <Delay = 0.22> <Core = "Sel">   --->   Core 26 'Sel' <Latency = 0> <II = 1> <Delay = 0.22> <FuncUnit> <Opcode : 'select'> <InPorts = 3> <OutPorts = 1>
ST_10 : Operation 145 [1/1] (0.00ns) (grouped into LUT with out node keyvalue_key_72)   --->   "%keyvalue_key_71 = select i1 %and_ln350, i32 %keyvalue_key_6, i32 %keyvalue_key_70" [../kernels/acts.cpp:350->../kernels/acts.cpp:1526]   --->   Operation 145 'select' 'keyvalue_key_71' <Predicate = (!icmp_ln1524)> <Delay = 0.00> <Core = "Sel">   --->   Core 26 'Sel' <Latency = 0> <II = 1> <Delay = 0.22> <FuncUnit> <Opcode : 'select'> <InPorts = 3> <OutPorts = 1>
ST_10 : Operation 146 [1/1] (0.22ns) (out node of the LUT)   --->   "%keyvalue_key_72 = select i1 %and_ln354, i32 %keyvalue_key_7, i32 %keyvalue_key_71" [../kernels/acts.cpp:354->../kernels/acts.cpp:1526]   --->   Operation 146 'select' 'keyvalue_key_72' <Predicate = (!icmp_ln1524)> <Delay = 0.22> <Core = "Sel">   --->   Core 26 'Sel' <Latency = 0> <II = 1> <Delay = 0.22> <FuncUnit> <Opcode : 'select'> <InPorts = 3> <OutPorts = 1>
ST_10 : Operation 147 [1/1] (0.00ns)   --->   "%capsule0_key_addr = getelementptr [32 x i32]* %capsule0_key, i64 0, i64 %zext_ln1526" [../kernels/acts.cpp:1526]   --->   Operation 147 'getelementptr' 'capsule0_key_addr' <Predicate = (!icmp_ln1524)> <Delay = 0.00>
ST_10 : Operation 148 [1/1] (1.15ns)   --->   "store i32 %keyvalue_key_72, i32* %capsule0_key_addr, align 4" [../kernels/acts.cpp:1526]   --->   Operation 148 'store' <Predicate = (!icmp_ln1524)> <Delay = 1.15> <Core = "RAM">   --->   Core 37 'RAM' <Latency = 1> <II = 1> <Delay = 1.15> <Storage> <Opcode : 'load' 'store'> <Ports = 2> <Width = 32> <Depth = 32> <RAM>
ST_10 : Operation 149 [1/1] (0.00ns)   --->   "%capsule0_value_addr = getelementptr [32 x i32]* %capsule0_value, i64 0, i64 %zext_ln1526" [../kernels/acts.cpp:1526]   --->   Operation 149 'getelementptr' 'capsule0_value_addr' <Predicate = (!icmp_ln1524)> <Delay = 0.00>
ST_10 : Operation 150 [1/1] (1.15ns)   --->   "store i32 %keyvalue_value_75, i32* %capsule0_value_addr, align 4" [../kernels/acts.cpp:1526]   --->   Operation 150 'store' <Predicate = (!icmp_ln1524)> <Delay = 1.15> <Core = "RAM">   --->   Core 37 'RAM' <Latency = 1> <II = 1> <Delay = 1.15> <Storage> <Opcode : 'load' 'store'> <Ports = 2> <Width = 32> <Depth = 32> <RAM>
ST_10 : Operation 151 [1/2] (1.15ns)   --->   "%p_Val2_4 = load i512* %BIGcapsule1_V_addr, align 64" [../kernels/acts.cpp:327->../kernels/acts.cpp:1527]   --->   Operation 151 'load' 'p_Val2_4' <Predicate = (!icmp_ln1524)> <Delay = 1.15> <Core = "RAM">   --->   Core 37 'RAM' <Latency = 1> <II = 1> <Delay = 1.15> <Storage> <Opcode : 'load' 'store'> <Ports = 2> <Width = 32> <Depth = 32> <RAM>
ST_10 : Operation 152 [1/1] (0.00ns) (grouped into LUT with out node keyvalue_key_81)   --->   "%keyvalue_key_73 = trunc i512 %p_Val2_4 to i32" [../kernels/acts.cpp:327->../kernels/acts.cpp:1527]   --->   Operation 152 'trunc' 'keyvalue_key_73' <Predicate = (!icmp_ln1524)> <Delay = 0.00>
ST_10 : Operation 153 [1/1] (0.00ns) (grouped into LUT with out node keyvalue_value_83)   --->   "%keyvalue_value_8 = call i32 @_ssdm_op_PartSelect.i32.i512.i32.i32(i512 %p_Val2_4, i32 32, i32 63)" [../kernels/acts.cpp:328->../kernels/acts.cpp:1527]   --->   Operation 153 'partselect' 'keyvalue_value_8' <Predicate = (!icmp_ln1524)> <Delay = 0.00>
ST_10 : Operation 154 [1/1] (0.00ns) (grouped into LUT with out node keyvalue_key_81)   --->   "%keyvalue_key_9 = call i32 @_ssdm_op_PartSelect.i32.i512.i32.i32(i512 %p_Val2_4, i32 64, i32 95)" [../kernels/acts.cpp:331->../kernels/acts.cpp:1527]   --->   Operation 154 'partselect' 'keyvalue_key_9' <Predicate = (!icmp_ln1524)> <Delay = 0.00>
ST_10 : Operation 155 [1/1] (0.00ns) (grouped into LUT with out node keyvalue_value_83)   --->   "%keyvalue_value_9 = call i32 @_ssdm_op_PartSelect.i32.i512.i32.i32(i512 %p_Val2_4, i32 96, i32 127)" [../kernels/acts.cpp:332->../kernels/acts.cpp:1527]   --->   Operation 155 'partselect' 'keyvalue_value_9' <Predicate = (!icmp_ln1524)> <Delay = 0.00>
ST_10 : Operation 156 [1/1] (0.00ns) (grouped into LUT with out node keyvalue_key_83)   --->   "%keyvalue_key_74 = call i32 @_ssdm_op_PartSelect.i32.i512.i32.i32(i512 %p_Val2_4, i32 128, i32 159)" [../kernels/acts.cpp:335->../kernels/acts.cpp:1527]   --->   Operation 156 'partselect' 'keyvalue_key_74' <Predicate = (!icmp_ln1524)> <Delay = 0.00>
ST_10 : Operation 157 [1/1] (0.00ns) (grouped into LUT with out node keyvalue_value_85)   --->   "%keyvalue_value_76 = call i32 @_ssdm_op_PartSelect.i32.i512.i32.i32(i512 %p_Val2_4, i32 160, i32 191)" [../kernels/acts.cpp:336->../kernels/acts.cpp:1527]   --->   Operation 157 'partselect' 'keyvalue_value_76' <Predicate = (!icmp_ln1524)> <Delay = 0.00>
ST_10 : Operation 158 [1/1] (0.00ns) (grouped into LUT with out node keyvalue_key_83)   --->   "%keyvalue_key_75 = call i32 @_ssdm_op_PartSelect.i32.i512.i32.i32(i512 %p_Val2_4, i32 192, i32 223)" [../kernels/acts.cpp:339->../kernels/acts.cpp:1527]   --->   Operation 158 'partselect' 'keyvalue_key_75' <Predicate = (!icmp_ln1524)> <Delay = 0.00>
ST_10 : Operation 159 [1/1] (0.00ns) (grouped into LUT with out node keyvalue_value_85)   --->   "%keyvalue_value_77 = call i32 @_ssdm_op_PartSelect.i32.i512.i32.i32(i512 %p_Val2_4, i32 224, i32 255)" [../kernels/acts.cpp:340->../kernels/acts.cpp:1527]   --->   Operation 159 'partselect' 'keyvalue_value_77' <Predicate = (!icmp_ln1524)> <Delay = 0.00>
ST_10 : Operation 160 [1/1] (0.00ns) (grouped into LUT with out node keyvalue_key_85)   --->   "%keyvalue_key_76 = call i32 @_ssdm_op_PartSelect.i32.i512.i32.i32(i512 %p_Val2_4, i32 256, i32 287)" [../kernels/acts.cpp:343->../kernels/acts.cpp:1527]   --->   Operation 160 'partselect' 'keyvalue_key_76' <Predicate = (!icmp_ln1524)> <Delay = 0.00>
ST_10 : Operation 161 [1/1] (0.00ns) (grouped into LUT with out node keyvalue_value_87)   --->   "%keyvalue_value_78 = call i32 @_ssdm_op_PartSelect.i32.i512.i32.i32(i512 %p_Val2_4, i32 288, i32 319)" [../kernels/acts.cpp:344->../kernels/acts.cpp:1527]   --->   Operation 161 'partselect' 'keyvalue_value_78' <Predicate = (!icmp_ln1524)> <Delay = 0.00>
ST_10 : Operation 162 [1/1] (0.00ns) (grouped into LUT with out node keyvalue_key_85)   --->   "%keyvalue_key_77 = call i32 @_ssdm_op_PartSelect.i32.i512.i32.i32(i512 %p_Val2_4, i32 320, i32 351)" [../kernels/acts.cpp:347->../kernels/acts.cpp:1527]   --->   Operation 162 'partselect' 'keyvalue_key_77' <Predicate = (!icmp_ln1524)> <Delay = 0.00>
ST_10 : Operation 163 [1/1] (0.00ns) (grouped into LUT with out node keyvalue_value_87)   --->   "%keyvalue_value_79 = call i32 @_ssdm_op_PartSelect.i32.i512.i32.i32(i512 %p_Val2_4, i32 352, i32 383)" [../kernels/acts.cpp:348->../kernels/acts.cpp:1527]   --->   Operation 163 'partselect' 'keyvalue_value_79' <Predicate = (!icmp_ln1524)> <Delay = 0.00>
ST_10 : Operation 164 [1/1] (0.00ns) (grouped into LUT with out node keyvalue_key_87)   --->   "%keyvalue_key_78 = call i32 @_ssdm_op_PartSelect.i32.i512.i32.i32(i512 %p_Val2_4, i32 384, i32 415)" [../kernels/acts.cpp:351->../kernels/acts.cpp:1527]   --->   Operation 164 'partselect' 'keyvalue_key_78' <Predicate = (!icmp_ln1524)> <Delay = 0.00>
ST_10 : Operation 165 [1/1] (0.00ns) (grouped into LUT with out node keyvalue_value_89)   --->   "%keyvalue_value_80 = call i32 @_ssdm_op_PartSelect.i32.i512.i32.i32(i512 %p_Val2_4, i32 416, i32 447)" [../kernels/acts.cpp:352->../kernels/acts.cpp:1527]   --->   Operation 165 'partselect' 'keyvalue_value_80' <Predicate = (!icmp_ln1524)> <Delay = 0.00>
ST_10 : Operation 166 [1/1] (0.00ns) (grouped into LUT with out node keyvalue_key_87)   --->   "%keyvalue_key_79 = call i32 @_ssdm_op_PartSelect.i32.i512.i32.i32(i512 %p_Val2_4, i32 448, i32 479)" [../kernels/acts.cpp:355->../kernels/acts.cpp:1527]   --->   Operation 166 'partselect' 'keyvalue_key_79' <Predicate = (!icmp_ln1524)> <Delay = 0.00>
ST_10 : Operation 167 [1/1] (0.00ns) (grouped into LUT with out node keyvalue_value_89)   --->   "%keyvalue_value_81 = call i32 @_ssdm_op_PartSelect.i32.i512.i32.i32(i512 %p_Val2_4, i32 480, i32 511)" [../kernels/acts.cpp:356->../kernels/acts.cpp:1527]   --->   Operation 167 'partselect' 'keyvalue_value_81' <Predicate = (!icmp_ln1524)> <Delay = 0.00>
ST_10 : Operation 168 [1/1] (0.00ns) (grouped into LUT with out node keyvalue_value_83)   --->   "%keyvalue_value_82 = select i1 %icmp_ln326, i32 %keyvalue_value_8, i32 %keyvalue_value_65_lo" [../kernels/acts.cpp:326->../kernels/acts.cpp:1526]   --->   Operation 168 'select' 'keyvalue_value_82' <Predicate = (!icmp_ln1524)> <Delay = 0.00> <Core = "Sel">   --->   Core 26 'Sel' <Latency = 0> <II = 1> <Delay = 0.22> <FuncUnit> <Opcode : 'select'> <InPorts = 3> <OutPorts = 1>
ST_10 : Operation 169 [1/1] (0.22ns) (out node of the LUT)   --->   "%keyvalue_value_83 = select i1 %and_ln330, i32 %keyvalue_value_9, i32 %keyvalue_value_82" [../kernels/acts.cpp:330->../kernels/acts.cpp:1527]   --->   Operation 169 'select' 'keyvalue_value_83' <Predicate = (!icmp_ln1524)> <Delay = 0.22> <Core = "Sel">   --->   Core 26 'Sel' <Latency = 0> <II = 1> <Delay = 0.22> <FuncUnit> <Opcode : 'select'> <InPorts = 3> <OutPorts = 1>
ST_10 : Operation 170 [1/1] (0.00ns) (grouped into LUT with out node keyvalue_value_85)   --->   "%keyvalue_value_84 = select i1 %and_ln334, i32 %keyvalue_value_76, i32 %keyvalue_value_83" [../kernels/acts.cpp:334->../kernels/acts.cpp:1527]   --->   Operation 170 'select' 'keyvalue_value_84' <Predicate = (!icmp_ln1524)> <Delay = 0.00> <Core = "Sel">   --->   Core 26 'Sel' <Latency = 0> <II = 1> <Delay = 0.22> <FuncUnit> <Opcode : 'select'> <InPorts = 3> <OutPorts = 1>
ST_10 : Operation 171 [1/1] (0.22ns) (out node of the LUT)   --->   "%keyvalue_value_85 = select i1 %and_ln338, i32 %keyvalue_value_77, i32 %keyvalue_value_84" [../kernels/acts.cpp:338->../kernels/acts.cpp:1527]   --->   Operation 171 'select' 'keyvalue_value_85' <Predicate = (!icmp_ln1524)> <Delay = 0.22> <Core = "Sel">   --->   Core 26 'Sel' <Latency = 0> <II = 1> <Delay = 0.22> <FuncUnit> <Opcode : 'select'> <InPorts = 3> <OutPorts = 1>
ST_10 : Operation 172 [1/1] (0.00ns) (grouped into LUT with out node keyvalue_value_87)   --->   "%keyvalue_value_86 = select i1 %and_ln342, i32 %keyvalue_value_78, i32 %keyvalue_value_85" [../kernels/acts.cpp:342->../kernels/acts.cpp:1527]   --->   Operation 172 'select' 'keyvalue_value_86' <Predicate = (!icmp_ln1524)> <Delay = 0.00> <Core = "Sel">   --->   Core 26 'Sel' <Latency = 0> <II = 1> <Delay = 0.22> <FuncUnit> <Opcode : 'select'> <InPorts = 3> <OutPorts = 1>
ST_10 : Operation 173 [1/1] (0.22ns) (out node of the LUT)   --->   "%keyvalue_value_87 = select i1 %and_ln346, i32 %keyvalue_value_79, i32 %keyvalue_value_86" [../kernels/acts.cpp:346->../kernels/acts.cpp:1527]   --->   Operation 173 'select' 'keyvalue_value_87' <Predicate = (!icmp_ln1524)> <Delay = 0.22> <Core = "Sel">   --->   Core 26 'Sel' <Latency = 0> <II = 1> <Delay = 0.22> <FuncUnit> <Opcode : 'select'> <InPorts = 3> <OutPorts = 1>
ST_10 : Operation 174 [1/1] (0.00ns) (grouped into LUT with out node keyvalue_value_89)   --->   "%keyvalue_value_88 = select i1 %and_ln350, i32 %keyvalue_value_80, i32 %keyvalue_value_87" [../kernels/acts.cpp:350->../kernels/acts.cpp:1527]   --->   Operation 174 'select' 'keyvalue_value_88' <Predicate = (!icmp_ln1524)> <Delay = 0.00> <Core = "Sel">   --->   Core 26 'Sel' <Latency = 0> <II = 1> <Delay = 0.22> <FuncUnit> <Opcode : 'select'> <InPorts = 3> <OutPorts = 1>
ST_10 : Operation 175 [1/1] (0.22ns) (out node of the LUT)   --->   "%keyvalue_value_89 = select i1 %and_ln354, i32 %keyvalue_value_81, i32 %keyvalue_value_88" [../kernels/acts.cpp:354->../kernels/acts.cpp:1527]   --->   Operation 175 'select' 'keyvalue_value_89' <Predicate = (!icmp_ln1524)> <Delay = 0.22> <Core = "Sel">   --->   Core 26 'Sel' <Latency = 0> <II = 1> <Delay = 0.22> <FuncUnit> <Opcode : 'select'> <InPorts = 3> <OutPorts = 1>
ST_10 : Operation 176 [1/1] (0.00ns) (grouped into LUT with out node keyvalue_key_81)   --->   "%keyvalue_key_80 = select i1 %icmp_ln326, i32 %keyvalue_key_73, i32 %keyvalue_key_8_load" [../kernels/acts.cpp:326->../kernels/acts.cpp:1526]   --->   Operation 176 'select' 'keyvalue_key_80' <Predicate = (!icmp_ln1524)> <Delay = 0.00> <Core = "Sel">   --->   Core 26 'Sel' <Latency = 0> <II = 1> <Delay = 0.22> <FuncUnit> <Opcode : 'select'> <InPorts = 3> <OutPorts = 1>
ST_10 : Operation 177 [1/1] (0.22ns) (out node of the LUT)   --->   "%keyvalue_key_81 = select i1 %and_ln330, i32 %keyvalue_key_9, i32 %keyvalue_key_80" [../kernels/acts.cpp:330->../kernels/acts.cpp:1527]   --->   Operation 177 'select' 'keyvalue_key_81' <Predicate = (!icmp_ln1524)> <Delay = 0.22> <Core = "Sel">   --->   Core 26 'Sel' <Latency = 0> <II = 1> <Delay = 0.22> <FuncUnit> <Opcode : 'select'> <InPorts = 3> <OutPorts = 1>
ST_10 : Operation 178 [1/1] (0.00ns) (grouped into LUT with out node keyvalue_key_83)   --->   "%keyvalue_key_82 = select i1 %and_ln334, i32 %keyvalue_key_74, i32 %keyvalue_key_81" [../kernels/acts.cpp:334->../kernels/acts.cpp:1527]   --->   Operation 178 'select' 'keyvalue_key_82' <Predicate = (!icmp_ln1524)> <Delay = 0.00> <Core = "Sel">   --->   Core 26 'Sel' <Latency = 0> <II = 1> <Delay = 0.22> <FuncUnit> <Opcode : 'select'> <InPorts = 3> <OutPorts = 1>
ST_10 : Operation 179 [1/1] (0.22ns) (out node of the LUT)   --->   "%keyvalue_key_83 = select i1 %and_ln338, i32 %keyvalue_key_75, i32 %keyvalue_key_82" [../kernels/acts.cpp:338->../kernels/acts.cpp:1527]   --->   Operation 179 'select' 'keyvalue_key_83' <Predicate = (!icmp_ln1524)> <Delay = 0.22> <Core = "Sel">   --->   Core 26 'Sel' <Latency = 0> <II = 1> <Delay = 0.22> <FuncUnit> <Opcode : 'select'> <InPorts = 3> <OutPorts = 1>
ST_10 : Operation 180 [1/1] (0.00ns) (grouped into LUT with out node keyvalue_key_85)   --->   "%keyvalue_key_84 = select i1 %and_ln342, i32 %keyvalue_key_76, i32 %keyvalue_key_83" [../kernels/acts.cpp:342->../kernels/acts.cpp:1527]   --->   Operation 180 'select' 'keyvalue_key_84' <Predicate = (!icmp_ln1524)> <Delay = 0.00> <Core = "Sel">   --->   Core 26 'Sel' <Latency = 0> <II = 1> <Delay = 0.22> <FuncUnit> <Opcode : 'select'> <InPorts = 3> <OutPorts = 1>
ST_10 : Operation 181 [1/1] (0.22ns) (out node of the LUT)   --->   "%keyvalue_key_85 = select i1 %and_ln346, i32 %keyvalue_key_77, i32 %keyvalue_key_84" [../kernels/acts.cpp:346->../kernels/acts.cpp:1527]   --->   Operation 181 'select' 'keyvalue_key_85' <Predicate = (!icmp_ln1524)> <Delay = 0.22> <Core = "Sel">   --->   Core 26 'Sel' <Latency = 0> <II = 1> <Delay = 0.22> <FuncUnit> <Opcode : 'select'> <InPorts = 3> <OutPorts = 1>
ST_10 : Operation 182 [1/1] (0.00ns) (grouped into LUT with out node keyvalue_key_87)   --->   "%keyvalue_key_86 = select i1 %and_ln350, i32 %keyvalue_key_78, i32 %keyvalue_key_85" [../kernels/acts.cpp:350->../kernels/acts.cpp:1527]   --->   Operation 182 'select' 'keyvalue_key_86' <Predicate = (!icmp_ln1524)> <Delay = 0.00> <Core = "Sel">   --->   Core 26 'Sel' <Latency = 0> <II = 1> <Delay = 0.22> <FuncUnit> <Opcode : 'select'> <InPorts = 3> <OutPorts = 1>
ST_10 : Operation 183 [1/1] (0.22ns) (out node of the LUT)   --->   "%keyvalue_key_87 = select i1 %and_ln354, i32 %keyvalue_key_79, i32 %keyvalue_key_86" [../kernels/acts.cpp:354->../kernels/acts.cpp:1527]   --->   Operation 183 'select' 'keyvalue_key_87' <Predicate = (!icmp_ln1524)> <Delay = 0.22> <Core = "Sel">   --->   Core 26 'Sel' <Latency = 0> <II = 1> <Delay = 0.22> <FuncUnit> <Opcode : 'select'> <InPorts = 3> <OutPorts = 1>
ST_10 : Operation 184 [1/1] (0.00ns)   --->   "%capsule1_key_addr = getelementptr [32 x i32]* %capsule1_key, i64 0, i64 %zext_ln1526" [../kernels/acts.cpp:1527]   --->   Operation 184 'getelementptr' 'capsule1_key_addr' <Predicate = (!icmp_ln1524)> <Delay = 0.00>
ST_10 : Operation 185 [1/1] (1.15ns)   --->   "store i32 %keyvalue_key_87, i32* %capsule1_key_addr, align 4" [../kernels/acts.cpp:1527]   --->   Operation 185 'store' <Predicate = (!icmp_ln1524)> <Delay = 1.15> <Core = "RAM">   --->   Core 37 'RAM' <Latency = 1> <II = 1> <Delay = 1.15> <Storage> <Opcode : 'load' 'store'> <Ports = 2> <Width = 32> <Depth = 32> <RAM>
ST_10 : Operation 186 [1/1] (0.00ns)   --->   "%capsule1_value_addr = getelementptr [32 x i32]* %capsule1_value, i64 0, i64 %zext_ln1526" [../kernels/acts.cpp:1527]   --->   Operation 186 'getelementptr' 'capsule1_value_addr' <Predicate = (!icmp_ln1524)> <Delay = 0.00>
ST_10 : Operation 187 [1/1] (1.15ns)   --->   "store i32 %keyvalue_value_89, i32* %capsule1_value_addr, align 4" [../kernels/acts.cpp:1527]   --->   Operation 187 'store' <Predicate = (!icmp_ln1524)> <Delay = 1.15> <Core = "RAM">   --->   Core 37 'RAM' <Latency = 1> <II = 1> <Delay = 1.15> <Storage> <Opcode : 'load' 'store'> <Ports = 2> <Width = 32> <Depth = 32> <RAM>
ST_10 : Operation 188 [1/2] (1.15ns)   --->   "%p_Val2_5 = load i512* %BIGcapsule2_V_addr35, align 64" [../kernels/acts.cpp:327->../kernels/acts.cpp:1528]   --->   Operation 188 'load' 'p_Val2_5' <Predicate = (!icmp_ln1524)> <Delay = 1.15> <Core = "RAM">   --->   Core 37 'RAM' <Latency = 1> <II = 1> <Delay = 1.15> <Storage> <Opcode : 'load' 'store'> <Ports = 2> <Width = 32> <Depth = 32> <RAM>
ST_10 : Operation 189 [1/1] (0.00ns) (grouped into LUT with out node keyvalue_key_97)   --->   "%keyvalue_key_88 = trunc i512 %p_Val2_5 to i32" [../kernels/acts.cpp:327->../kernels/acts.cpp:1528]   --->   Operation 189 'trunc' 'keyvalue_key_88' <Predicate = (!icmp_ln1524)> <Delay = 0.00>
ST_10 : Operation 190 [1/1] (0.00ns) (grouped into LUT with out node keyvalue_value_99)   --->   "%keyvalue_value_90 = call i32 @_ssdm_op_PartSelect.i32.i512.i32.i32(i512 %p_Val2_5, i32 32, i32 63)" [../kernels/acts.cpp:328->../kernels/acts.cpp:1528]   --->   Operation 190 'partselect' 'keyvalue_value_90' <Predicate = (!icmp_ln1524)> <Delay = 0.00>
ST_10 : Operation 191 [1/1] (0.00ns) (grouped into LUT with out node keyvalue_key_97)   --->   "%keyvalue_key_89 = call i32 @_ssdm_op_PartSelect.i32.i512.i32.i32(i512 %p_Val2_5, i32 64, i32 95)" [../kernels/acts.cpp:331->../kernels/acts.cpp:1528]   --->   Operation 191 'partselect' 'keyvalue_key_89' <Predicate = (!icmp_ln1524)> <Delay = 0.00>
ST_10 : Operation 192 [1/1] (0.00ns) (grouped into LUT with out node keyvalue_value_99)   --->   "%keyvalue_value_91 = call i32 @_ssdm_op_PartSelect.i32.i512.i32.i32(i512 %p_Val2_5, i32 96, i32 127)" [../kernels/acts.cpp:332->../kernels/acts.cpp:1528]   --->   Operation 192 'partselect' 'keyvalue_value_91' <Predicate = (!icmp_ln1524)> <Delay = 0.00>
ST_10 : Operation 193 [1/1] (0.00ns) (grouped into LUT with out node keyvalue_key_99)   --->   "%keyvalue_key_90 = call i32 @_ssdm_op_PartSelect.i32.i512.i32.i32(i512 %p_Val2_5, i32 128, i32 159)" [../kernels/acts.cpp:335->../kernels/acts.cpp:1528]   --->   Operation 193 'partselect' 'keyvalue_key_90' <Predicate = (!icmp_ln1524)> <Delay = 0.00>
ST_10 : Operation 194 [1/1] (0.00ns) (grouped into LUT with out node keyvalue_value_101)   --->   "%keyvalue_value_92 = call i32 @_ssdm_op_PartSelect.i32.i512.i32.i32(i512 %p_Val2_5, i32 160, i32 191)" [../kernels/acts.cpp:336->../kernels/acts.cpp:1528]   --->   Operation 194 'partselect' 'keyvalue_value_92' <Predicate = (!icmp_ln1524)> <Delay = 0.00>
ST_10 : Operation 195 [1/1] (0.00ns) (grouped into LUT with out node keyvalue_key_99)   --->   "%keyvalue_key_91 = call i32 @_ssdm_op_PartSelect.i32.i512.i32.i32(i512 %p_Val2_5, i32 192, i32 223)" [../kernels/acts.cpp:339->../kernels/acts.cpp:1528]   --->   Operation 195 'partselect' 'keyvalue_key_91' <Predicate = (!icmp_ln1524)> <Delay = 0.00>
ST_10 : Operation 196 [1/1] (0.00ns) (grouped into LUT with out node keyvalue_value_101)   --->   "%keyvalue_value_93 = call i32 @_ssdm_op_PartSelect.i32.i512.i32.i32(i512 %p_Val2_5, i32 224, i32 255)" [../kernels/acts.cpp:340->../kernels/acts.cpp:1528]   --->   Operation 196 'partselect' 'keyvalue_value_93' <Predicate = (!icmp_ln1524)> <Delay = 0.00>
ST_10 : Operation 197 [1/1] (0.00ns) (grouped into LUT with out node keyvalue_key_101)   --->   "%keyvalue_key_92 = call i32 @_ssdm_op_PartSelect.i32.i512.i32.i32(i512 %p_Val2_5, i32 256, i32 287)" [../kernels/acts.cpp:343->../kernels/acts.cpp:1528]   --->   Operation 197 'partselect' 'keyvalue_key_92' <Predicate = (!icmp_ln1524)> <Delay = 0.00>
ST_10 : Operation 198 [1/1] (0.00ns) (grouped into LUT with out node keyvalue_value_103)   --->   "%keyvalue_value_94 = call i32 @_ssdm_op_PartSelect.i32.i512.i32.i32(i512 %p_Val2_5, i32 288, i32 319)" [../kernels/acts.cpp:344->../kernels/acts.cpp:1528]   --->   Operation 198 'partselect' 'keyvalue_value_94' <Predicate = (!icmp_ln1524)> <Delay = 0.00>
ST_10 : Operation 199 [1/1] (0.00ns) (grouped into LUT with out node keyvalue_key_101)   --->   "%keyvalue_key_93 = call i32 @_ssdm_op_PartSelect.i32.i512.i32.i32(i512 %p_Val2_5, i32 320, i32 351)" [../kernels/acts.cpp:347->../kernels/acts.cpp:1528]   --->   Operation 199 'partselect' 'keyvalue_key_93' <Predicate = (!icmp_ln1524)> <Delay = 0.00>
ST_10 : Operation 200 [1/1] (0.00ns) (grouped into LUT with out node keyvalue_value_103)   --->   "%keyvalue_value_95 = call i32 @_ssdm_op_PartSelect.i32.i512.i32.i32(i512 %p_Val2_5, i32 352, i32 383)" [../kernels/acts.cpp:348->../kernels/acts.cpp:1528]   --->   Operation 200 'partselect' 'keyvalue_value_95' <Predicate = (!icmp_ln1524)> <Delay = 0.00>
ST_10 : Operation 201 [1/1] (0.00ns) (grouped into LUT with out node keyvalue_key_103)   --->   "%keyvalue_key_94 = call i32 @_ssdm_op_PartSelect.i32.i512.i32.i32(i512 %p_Val2_5, i32 384, i32 415)" [../kernels/acts.cpp:351->../kernels/acts.cpp:1528]   --->   Operation 201 'partselect' 'keyvalue_key_94' <Predicate = (!icmp_ln1524)> <Delay = 0.00>
ST_10 : Operation 202 [1/1] (0.00ns) (grouped into LUT with out node keyvalue_value_105)   --->   "%keyvalue_value_96 = call i32 @_ssdm_op_PartSelect.i32.i512.i32.i32(i512 %p_Val2_5, i32 416, i32 447)" [../kernels/acts.cpp:352->../kernels/acts.cpp:1528]   --->   Operation 202 'partselect' 'keyvalue_value_96' <Predicate = (!icmp_ln1524)> <Delay = 0.00>
ST_10 : Operation 203 [1/1] (0.00ns) (grouped into LUT with out node keyvalue_key_103)   --->   "%keyvalue_key_95 = call i32 @_ssdm_op_PartSelect.i32.i512.i32.i32(i512 %p_Val2_5, i32 448, i32 479)" [../kernels/acts.cpp:355->../kernels/acts.cpp:1528]   --->   Operation 203 'partselect' 'keyvalue_key_95' <Predicate = (!icmp_ln1524)> <Delay = 0.00>
ST_10 : Operation 204 [1/1] (0.00ns) (grouped into LUT with out node keyvalue_value_105)   --->   "%keyvalue_value_97 = call i32 @_ssdm_op_PartSelect.i32.i512.i32.i32(i512 %p_Val2_5, i32 480, i32 511)" [../kernels/acts.cpp:356->../kernels/acts.cpp:1528]   --->   Operation 204 'partselect' 'keyvalue_value_97' <Predicate = (!icmp_ln1524)> <Delay = 0.00>
ST_10 : Operation 205 [1/1] (0.00ns) (grouped into LUT with out node keyvalue_value_99)   --->   "%keyvalue_value_98 = select i1 %icmp_ln326, i32 %keyvalue_value_90, i32 %keyvalue_value_66_lo" [../kernels/acts.cpp:326->../kernels/acts.cpp:1526]   --->   Operation 205 'select' 'keyvalue_value_98' <Predicate = (!icmp_ln1524)> <Delay = 0.00> <Core = "Sel">   --->   Core 26 'Sel' <Latency = 0> <II = 1> <Delay = 0.22> <FuncUnit> <Opcode : 'select'> <InPorts = 3> <OutPorts = 1>
ST_10 : Operation 206 [1/1] (0.22ns) (out node of the LUT)   --->   "%keyvalue_value_99 = select i1 %and_ln330, i32 %keyvalue_value_91, i32 %keyvalue_value_98" [../kernels/acts.cpp:330->../kernels/acts.cpp:1528]   --->   Operation 206 'select' 'keyvalue_value_99' <Predicate = (!icmp_ln1524)> <Delay = 0.22> <Core = "Sel">   --->   Core 26 'Sel' <Latency = 0> <II = 1> <Delay = 0.22> <FuncUnit> <Opcode : 'select'> <InPorts = 3> <OutPorts = 1>
ST_10 : Operation 207 [1/1] (0.00ns) (grouped into LUT with out node keyvalue_value_101)   --->   "%keyvalue_value_100 = select i1 %and_ln334, i32 %keyvalue_value_92, i32 %keyvalue_value_99" [../kernels/acts.cpp:334->../kernels/acts.cpp:1528]   --->   Operation 207 'select' 'keyvalue_value_100' <Predicate = (!icmp_ln1524)> <Delay = 0.00> <Core = "Sel">   --->   Core 26 'Sel' <Latency = 0> <II = 1> <Delay = 0.22> <FuncUnit> <Opcode : 'select'> <InPorts = 3> <OutPorts = 1>
ST_10 : Operation 208 [1/1] (0.22ns) (out node of the LUT)   --->   "%keyvalue_value_101 = select i1 %and_ln338, i32 %keyvalue_value_93, i32 %keyvalue_value_100" [../kernels/acts.cpp:338->../kernels/acts.cpp:1528]   --->   Operation 208 'select' 'keyvalue_value_101' <Predicate = (!icmp_ln1524)> <Delay = 0.22> <Core = "Sel">   --->   Core 26 'Sel' <Latency = 0> <II = 1> <Delay = 0.22> <FuncUnit> <Opcode : 'select'> <InPorts = 3> <OutPorts = 1>
ST_10 : Operation 209 [1/1] (0.00ns) (grouped into LUT with out node keyvalue_value_103)   --->   "%keyvalue_value_102 = select i1 %and_ln342, i32 %keyvalue_value_94, i32 %keyvalue_value_101" [../kernels/acts.cpp:342->../kernels/acts.cpp:1528]   --->   Operation 209 'select' 'keyvalue_value_102' <Predicate = (!icmp_ln1524)> <Delay = 0.00> <Core = "Sel">   --->   Core 26 'Sel' <Latency = 0> <II = 1> <Delay = 0.22> <FuncUnit> <Opcode : 'select'> <InPorts = 3> <OutPorts = 1>
ST_10 : Operation 210 [1/1] (0.22ns) (out node of the LUT)   --->   "%keyvalue_value_103 = select i1 %and_ln346, i32 %keyvalue_value_95, i32 %keyvalue_value_102" [../kernels/acts.cpp:346->../kernels/acts.cpp:1528]   --->   Operation 210 'select' 'keyvalue_value_103' <Predicate = (!icmp_ln1524)> <Delay = 0.22> <Core = "Sel">   --->   Core 26 'Sel' <Latency = 0> <II = 1> <Delay = 0.22> <FuncUnit> <Opcode : 'select'> <InPorts = 3> <OutPorts = 1>
ST_10 : Operation 211 [1/1] (0.00ns) (grouped into LUT with out node keyvalue_value_105)   --->   "%keyvalue_value_104 = select i1 %and_ln350, i32 %keyvalue_value_96, i32 %keyvalue_value_103" [../kernels/acts.cpp:350->../kernels/acts.cpp:1528]   --->   Operation 211 'select' 'keyvalue_value_104' <Predicate = (!icmp_ln1524)> <Delay = 0.00> <Core = "Sel">   --->   Core 26 'Sel' <Latency = 0> <II = 1> <Delay = 0.22> <FuncUnit> <Opcode : 'select'> <InPorts = 3> <OutPorts = 1>
ST_10 : Operation 212 [1/1] (0.22ns) (out node of the LUT)   --->   "%keyvalue_value_105 = select i1 %and_ln354, i32 %keyvalue_value_97, i32 %keyvalue_value_104" [../kernels/acts.cpp:354->../kernels/acts.cpp:1528]   --->   Operation 212 'select' 'keyvalue_value_105' <Predicate = (!icmp_ln1524)> <Delay = 0.22> <Core = "Sel">   --->   Core 26 'Sel' <Latency = 0> <II = 1> <Delay = 0.22> <FuncUnit> <Opcode : 'select'> <InPorts = 3> <OutPorts = 1>
ST_10 : Operation 213 [1/1] (0.00ns) (grouped into LUT with out node keyvalue_key_97)   --->   "%keyvalue_key_96 = select i1 %icmp_ln326, i32 %keyvalue_key_88, i32 %keyvalue_key_32_load" [../kernels/acts.cpp:326->../kernels/acts.cpp:1526]   --->   Operation 213 'select' 'keyvalue_key_96' <Predicate = (!icmp_ln1524)> <Delay = 0.00> <Core = "Sel">   --->   Core 26 'Sel' <Latency = 0> <II = 1> <Delay = 0.22> <FuncUnit> <Opcode : 'select'> <InPorts = 3> <OutPorts = 1>
ST_10 : Operation 214 [1/1] (0.22ns) (out node of the LUT)   --->   "%keyvalue_key_97 = select i1 %and_ln330, i32 %keyvalue_key_89, i32 %keyvalue_key_96" [../kernels/acts.cpp:330->../kernels/acts.cpp:1528]   --->   Operation 214 'select' 'keyvalue_key_97' <Predicate = (!icmp_ln1524)> <Delay = 0.22> <Core = "Sel">   --->   Core 26 'Sel' <Latency = 0> <II = 1> <Delay = 0.22> <FuncUnit> <Opcode : 'select'> <InPorts = 3> <OutPorts = 1>
ST_10 : Operation 215 [1/1] (0.00ns) (grouped into LUT with out node keyvalue_key_99)   --->   "%keyvalue_key_98 = select i1 %and_ln334, i32 %keyvalue_key_90, i32 %keyvalue_key_97" [../kernels/acts.cpp:334->../kernels/acts.cpp:1528]   --->   Operation 215 'select' 'keyvalue_key_98' <Predicate = (!icmp_ln1524)> <Delay = 0.00> <Core = "Sel">   --->   Core 26 'Sel' <Latency = 0> <II = 1> <Delay = 0.22> <FuncUnit> <Opcode : 'select'> <InPorts = 3> <OutPorts = 1>
ST_10 : Operation 216 [1/1] (0.22ns) (out node of the LUT)   --->   "%keyvalue_key_99 = select i1 %and_ln338, i32 %keyvalue_key_91, i32 %keyvalue_key_98" [../kernels/acts.cpp:338->../kernels/acts.cpp:1528]   --->   Operation 216 'select' 'keyvalue_key_99' <Predicate = (!icmp_ln1524)> <Delay = 0.22> <Core = "Sel">   --->   Core 26 'Sel' <Latency = 0> <II = 1> <Delay = 0.22> <FuncUnit> <Opcode : 'select'> <InPorts = 3> <OutPorts = 1>
ST_10 : Operation 217 [1/1] (0.00ns) (grouped into LUT with out node keyvalue_key_101)   --->   "%keyvalue_key_100 = select i1 %and_ln342, i32 %keyvalue_key_92, i32 %keyvalue_key_99" [../kernels/acts.cpp:342->../kernels/acts.cpp:1528]   --->   Operation 217 'select' 'keyvalue_key_100' <Predicate = (!icmp_ln1524)> <Delay = 0.00> <Core = "Sel">   --->   Core 26 'Sel' <Latency = 0> <II = 1> <Delay = 0.22> <FuncUnit> <Opcode : 'select'> <InPorts = 3> <OutPorts = 1>
ST_10 : Operation 218 [1/1] (0.22ns) (out node of the LUT)   --->   "%keyvalue_key_101 = select i1 %and_ln346, i32 %keyvalue_key_93, i32 %keyvalue_key_100" [../kernels/acts.cpp:346->../kernels/acts.cpp:1528]   --->   Operation 218 'select' 'keyvalue_key_101' <Predicate = (!icmp_ln1524)> <Delay = 0.22> <Core = "Sel">   --->   Core 26 'Sel' <Latency = 0> <II = 1> <Delay = 0.22> <FuncUnit> <Opcode : 'select'> <InPorts = 3> <OutPorts = 1>
ST_10 : Operation 219 [1/1] (0.00ns) (grouped into LUT with out node keyvalue_key_103)   --->   "%keyvalue_key_102 = select i1 %and_ln350, i32 %keyvalue_key_94, i32 %keyvalue_key_101" [../kernels/acts.cpp:350->../kernels/acts.cpp:1528]   --->   Operation 219 'select' 'keyvalue_key_102' <Predicate = (!icmp_ln1524)> <Delay = 0.00> <Core = "Sel">   --->   Core 26 'Sel' <Latency = 0> <II = 1> <Delay = 0.22> <FuncUnit> <Opcode : 'select'> <InPorts = 3> <OutPorts = 1>
ST_10 : Operation 220 [1/1] (0.22ns) (out node of the LUT)   --->   "%keyvalue_key_103 = select i1 %and_ln354, i32 %keyvalue_key_95, i32 %keyvalue_key_102" [../kernels/acts.cpp:354->../kernels/acts.cpp:1528]   --->   Operation 220 'select' 'keyvalue_key_103' <Predicate = (!icmp_ln1524)> <Delay = 0.22> <Core = "Sel">   --->   Core 26 'Sel' <Latency = 0> <II = 1> <Delay = 0.22> <FuncUnit> <Opcode : 'select'> <InPorts = 3> <OutPorts = 1>
ST_10 : Operation 221 [1/1] (0.00ns)   --->   "%capsule2_key_addr81 = getelementptr [32 x i32]* %capsule2_key, i64 0, i64 %zext_ln1526" [../kernels/acts.cpp:1528]   --->   Operation 221 'getelementptr' 'capsule2_key_addr81' <Predicate = (!icmp_ln1524)> <Delay = 0.00>
ST_10 : Operation 222 [1/1] (1.15ns)   --->   "store i32 %keyvalue_key_103, i32* %capsule2_key_addr81, align 4" [../kernels/acts.cpp:1528]   --->   Operation 222 'store' <Predicate = (!icmp_ln1524)> <Delay = 1.15> <Core = "RAM">   --->   Core 37 'RAM' <Latency = 1> <II = 1> <Delay = 1.15> <Storage> <Opcode : 'load' 'store'> <Ports = 2> <Width = 32> <Depth = 32> <RAM>
ST_10 : Operation 223 [1/1] (0.00ns)   --->   "%capsule2_value_addr = getelementptr [32 x i32]* %capsule2_value, i64 0, i64 %zext_ln1526" [../kernels/acts.cpp:1528]   --->   Operation 223 'getelementptr' 'capsule2_value_addr' <Predicate = (!icmp_ln1524)> <Delay = 0.00>
ST_10 : Operation 224 [1/1] (1.15ns)   --->   "store i32 %keyvalue_value_105, i32* %capsule2_value_addr, align 4" [../kernels/acts.cpp:1528]   --->   Operation 224 'store' <Predicate = (!icmp_ln1524)> <Delay = 1.15> <Core = "RAM">   --->   Core 37 'RAM' <Latency = 1> <II = 1> <Delay = 1.15> <Storage> <Opcode : 'load' 'store'> <Ports = 2> <Width = 32> <Depth = 32> <RAM>
ST_10 : Operation 225 [1/2] (1.15ns)   --->   "%p_Val2_6 = load i512* %BIGcapsule3_V_addr52, align 64" [../kernels/acts.cpp:327->../kernels/acts.cpp:1529]   --->   Operation 225 'load' 'p_Val2_6' <Predicate = (!icmp_ln1524)> <Delay = 1.15> <Core = "RAM">   --->   Core 37 'RAM' <Latency = 1> <II = 1> <Delay = 1.15> <Storage> <Opcode : 'load' 'store'> <Ports = 2> <Width = 32> <Depth = 32> <RAM>
ST_10 : Operation 226 [1/1] (0.00ns) (grouped into LUT with out node keyvalue_key_113)   --->   "%keyvalue_key_104 = trunc i512 %p_Val2_6 to i32" [../kernels/acts.cpp:327->../kernels/acts.cpp:1529]   --->   Operation 226 'trunc' 'keyvalue_key_104' <Predicate = (!icmp_ln1524)> <Delay = 0.00>
ST_10 : Operation 227 [1/1] (0.00ns) (grouped into LUT with out node keyvalue_value_115)   --->   "%keyvalue_value_106 = call i32 @_ssdm_op_PartSelect.i32.i512.i32.i32(i512 %p_Val2_6, i32 32, i32 63)" [../kernels/acts.cpp:328->../kernels/acts.cpp:1529]   --->   Operation 227 'partselect' 'keyvalue_value_106' <Predicate = (!icmp_ln1524)> <Delay = 0.00>
ST_10 : Operation 228 [1/1] (0.00ns) (grouped into LUT with out node keyvalue_key_113)   --->   "%keyvalue_key_105 = call i32 @_ssdm_op_PartSelect.i32.i512.i32.i32(i512 %p_Val2_6, i32 64, i32 95)" [../kernels/acts.cpp:331->../kernels/acts.cpp:1529]   --->   Operation 228 'partselect' 'keyvalue_key_105' <Predicate = (!icmp_ln1524)> <Delay = 0.00>
ST_10 : Operation 229 [1/1] (0.00ns) (grouped into LUT with out node keyvalue_value_115)   --->   "%keyvalue_value_107 = call i32 @_ssdm_op_PartSelect.i32.i512.i32.i32(i512 %p_Val2_6, i32 96, i32 127)" [../kernels/acts.cpp:332->../kernels/acts.cpp:1529]   --->   Operation 229 'partselect' 'keyvalue_value_107' <Predicate = (!icmp_ln1524)> <Delay = 0.00>
ST_10 : Operation 230 [1/1] (0.00ns) (grouped into LUT with out node keyvalue_key_115)   --->   "%keyvalue_key_106 = call i32 @_ssdm_op_PartSelect.i32.i512.i32.i32(i512 %p_Val2_6, i32 128, i32 159)" [../kernels/acts.cpp:335->../kernels/acts.cpp:1529]   --->   Operation 230 'partselect' 'keyvalue_key_106' <Predicate = (!icmp_ln1524)> <Delay = 0.00>
ST_10 : Operation 231 [1/1] (0.00ns) (grouped into LUT with out node keyvalue_value_117)   --->   "%keyvalue_value_108 = call i32 @_ssdm_op_PartSelect.i32.i512.i32.i32(i512 %p_Val2_6, i32 160, i32 191)" [../kernels/acts.cpp:336->../kernels/acts.cpp:1529]   --->   Operation 231 'partselect' 'keyvalue_value_108' <Predicate = (!icmp_ln1524)> <Delay = 0.00>
ST_10 : Operation 232 [1/1] (0.00ns) (grouped into LUT with out node keyvalue_key_115)   --->   "%keyvalue_key_107 = call i32 @_ssdm_op_PartSelect.i32.i512.i32.i32(i512 %p_Val2_6, i32 192, i32 223)" [../kernels/acts.cpp:339->../kernels/acts.cpp:1529]   --->   Operation 232 'partselect' 'keyvalue_key_107' <Predicate = (!icmp_ln1524)> <Delay = 0.00>
ST_10 : Operation 233 [1/1] (0.00ns) (grouped into LUT with out node keyvalue_value_117)   --->   "%keyvalue_value_109 = call i32 @_ssdm_op_PartSelect.i32.i512.i32.i32(i512 %p_Val2_6, i32 224, i32 255)" [../kernels/acts.cpp:340->../kernels/acts.cpp:1529]   --->   Operation 233 'partselect' 'keyvalue_value_109' <Predicate = (!icmp_ln1524)> <Delay = 0.00>
ST_10 : Operation 234 [1/1] (0.00ns) (grouped into LUT with out node keyvalue_key_117)   --->   "%keyvalue_key_108 = call i32 @_ssdm_op_PartSelect.i32.i512.i32.i32(i512 %p_Val2_6, i32 256, i32 287)" [../kernels/acts.cpp:343->../kernels/acts.cpp:1529]   --->   Operation 234 'partselect' 'keyvalue_key_108' <Predicate = (!icmp_ln1524)> <Delay = 0.00>
ST_10 : Operation 235 [1/1] (0.00ns) (grouped into LUT with out node keyvalue_value_119)   --->   "%keyvalue_value_110 = call i32 @_ssdm_op_PartSelect.i32.i512.i32.i32(i512 %p_Val2_6, i32 288, i32 319)" [../kernels/acts.cpp:344->../kernels/acts.cpp:1529]   --->   Operation 235 'partselect' 'keyvalue_value_110' <Predicate = (!icmp_ln1524)> <Delay = 0.00>
ST_10 : Operation 236 [1/1] (0.00ns) (grouped into LUT with out node keyvalue_key_117)   --->   "%keyvalue_key_109 = call i32 @_ssdm_op_PartSelect.i32.i512.i32.i32(i512 %p_Val2_6, i32 320, i32 351)" [../kernels/acts.cpp:347->../kernels/acts.cpp:1529]   --->   Operation 236 'partselect' 'keyvalue_key_109' <Predicate = (!icmp_ln1524)> <Delay = 0.00>
ST_10 : Operation 237 [1/1] (0.00ns) (grouped into LUT with out node keyvalue_value_119)   --->   "%keyvalue_value_111 = call i32 @_ssdm_op_PartSelect.i32.i512.i32.i32(i512 %p_Val2_6, i32 352, i32 383)" [../kernels/acts.cpp:348->../kernels/acts.cpp:1529]   --->   Operation 237 'partselect' 'keyvalue_value_111' <Predicate = (!icmp_ln1524)> <Delay = 0.00>
ST_10 : Operation 238 [1/1] (0.00ns) (grouped into LUT with out node keyvalue_key_119)   --->   "%keyvalue_key_110 = call i32 @_ssdm_op_PartSelect.i32.i512.i32.i32(i512 %p_Val2_6, i32 384, i32 415)" [../kernels/acts.cpp:351->../kernels/acts.cpp:1529]   --->   Operation 238 'partselect' 'keyvalue_key_110' <Predicate = (!icmp_ln1524)> <Delay = 0.00>
ST_10 : Operation 239 [1/1] (0.00ns) (grouped into LUT with out node keyvalue_value_121)   --->   "%keyvalue_value_112 = call i32 @_ssdm_op_PartSelect.i32.i512.i32.i32(i512 %p_Val2_6, i32 416, i32 447)" [../kernels/acts.cpp:352->../kernels/acts.cpp:1529]   --->   Operation 239 'partselect' 'keyvalue_value_112' <Predicate = (!icmp_ln1524)> <Delay = 0.00>
ST_10 : Operation 240 [1/1] (0.00ns) (grouped into LUT with out node keyvalue_key_119)   --->   "%keyvalue_key_111 = call i32 @_ssdm_op_PartSelect.i32.i512.i32.i32(i512 %p_Val2_6, i32 448, i32 479)" [../kernels/acts.cpp:355->../kernels/acts.cpp:1529]   --->   Operation 240 'partselect' 'keyvalue_key_111' <Predicate = (!icmp_ln1524)> <Delay = 0.00>
ST_10 : Operation 241 [1/1] (0.00ns) (grouped into LUT with out node keyvalue_value_121)   --->   "%keyvalue_value_113 = call i32 @_ssdm_op_PartSelect.i32.i512.i32.i32(i512 %p_Val2_6, i32 480, i32 511)" [../kernels/acts.cpp:356->../kernels/acts.cpp:1529]   --->   Operation 241 'partselect' 'keyvalue_value_113' <Predicate = (!icmp_ln1524)> <Delay = 0.00>
ST_10 : Operation 242 [1/1] (0.00ns) (grouped into LUT with out node keyvalue_value_115)   --->   "%keyvalue_value_114 = select i1 %icmp_ln326, i32 %keyvalue_value_106, i32 %keyvalue_value_67_lo" [../kernels/acts.cpp:326->../kernels/acts.cpp:1526]   --->   Operation 242 'select' 'keyvalue_value_114' <Predicate = (!icmp_ln1524)> <Delay = 0.00> <Core = "Sel">   --->   Core 26 'Sel' <Latency = 0> <II = 1> <Delay = 0.22> <FuncUnit> <Opcode : 'select'> <InPorts = 3> <OutPorts = 1>
ST_10 : Operation 243 [1/1] (0.22ns) (out node of the LUT)   --->   "%keyvalue_value_115 = select i1 %and_ln330, i32 %keyvalue_value_107, i32 %keyvalue_value_114" [../kernels/acts.cpp:330->../kernels/acts.cpp:1529]   --->   Operation 243 'select' 'keyvalue_value_115' <Predicate = (!icmp_ln1524)> <Delay = 0.22> <Core = "Sel">   --->   Core 26 'Sel' <Latency = 0> <II = 1> <Delay = 0.22> <FuncUnit> <Opcode : 'select'> <InPorts = 3> <OutPorts = 1>
ST_10 : Operation 244 [1/1] (0.00ns) (grouped into LUT with out node keyvalue_value_117)   --->   "%keyvalue_value_116 = select i1 %and_ln334, i32 %keyvalue_value_108, i32 %keyvalue_value_115" [../kernels/acts.cpp:334->../kernels/acts.cpp:1529]   --->   Operation 244 'select' 'keyvalue_value_116' <Predicate = (!icmp_ln1524)> <Delay = 0.00> <Core = "Sel">   --->   Core 26 'Sel' <Latency = 0> <II = 1> <Delay = 0.22> <FuncUnit> <Opcode : 'select'> <InPorts = 3> <OutPorts = 1>
ST_10 : Operation 245 [1/1] (0.22ns) (out node of the LUT)   --->   "%keyvalue_value_117 = select i1 %and_ln338, i32 %keyvalue_value_109, i32 %keyvalue_value_116" [../kernels/acts.cpp:338->../kernels/acts.cpp:1529]   --->   Operation 245 'select' 'keyvalue_value_117' <Predicate = (!icmp_ln1524)> <Delay = 0.22> <Core = "Sel">   --->   Core 26 'Sel' <Latency = 0> <II = 1> <Delay = 0.22> <FuncUnit> <Opcode : 'select'> <InPorts = 3> <OutPorts = 1>
ST_10 : Operation 246 [1/1] (0.00ns) (grouped into LUT with out node keyvalue_value_119)   --->   "%keyvalue_value_118 = select i1 %and_ln342, i32 %keyvalue_value_110, i32 %keyvalue_value_117" [../kernels/acts.cpp:342->../kernels/acts.cpp:1529]   --->   Operation 246 'select' 'keyvalue_value_118' <Predicate = (!icmp_ln1524)> <Delay = 0.00> <Core = "Sel">   --->   Core 26 'Sel' <Latency = 0> <II = 1> <Delay = 0.22> <FuncUnit> <Opcode : 'select'> <InPorts = 3> <OutPorts = 1>
ST_10 : Operation 247 [1/1] (0.22ns) (out node of the LUT)   --->   "%keyvalue_value_119 = select i1 %and_ln346, i32 %keyvalue_value_111, i32 %keyvalue_value_118" [../kernels/acts.cpp:346->../kernels/acts.cpp:1529]   --->   Operation 247 'select' 'keyvalue_value_119' <Predicate = (!icmp_ln1524)> <Delay = 0.22> <Core = "Sel">   --->   Core 26 'Sel' <Latency = 0> <II = 1> <Delay = 0.22> <FuncUnit> <Opcode : 'select'> <InPorts = 3> <OutPorts = 1>
ST_10 : Operation 248 [1/1] (0.00ns) (grouped into LUT with out node keyvalue_value_121)   --->   "%keyvalue_value_120 = select i1 %and_ln350, i32 %keyvalue_value_112, i32 %keyvalue_value_119" [../kernels/acts.cpp:350->../kernels/acts.cpp:1529]   --->   Operation 248 'select' 'keyvalue_value_120' <Predicate = (!icmp_ln1524)> <Delay = 0.00> <Core = "Sel">   --->   Core 26 'Sel' <Latency = 0> <II = 1> <Delay = 0.22> <FuncUnit> <Opcode : 'select'> <InPorts = 3> <OutPorts = 1>
ST_10 : Operation 249 [1/1] (0.22ns) (out node of the LUT)   --->   "%keyvalue_value_121 = select i1 %and_ln354, i32 %keyvalue_value_113, i32 %keyvalue_value_120" [../kernels/acts.cpp:354->../kernels/acts.cpp:1529]   --->   Operation 249 'select' 'keyvalue_value_121' <Predicate = (!icmp_ln1524)> <Delay = 0.22> <Core = "Sel">   --->   Core 26 'Sel' <Latency = 0> <II = 1> <Delay = 0.22> <FuncUnit> <Opcode : 'select'> <InPorts = 3> <OutPorts = 1>
ST_10 : Operation 250 [1/1] (0.00ns) (grouped into LUT with out node keyvalue_key_113)   --->   "%keyvalue_key_112 = select i1 %icmp_ln326, i32 %keyvalue_key_104, i32 %keyvalue_key_48_load" [../kernels/acts.cpp:326->../kernels/acts.cpp:1526]   --->   Operation 250 'select' 'keyvalue_key_112' <Predicate = (!icmp_ln1524)> <Delay = 0.00> <Core = "Sel">   --->   Core 26 'Sel' <Latency = 0> <II = 1> <Delay = 0.22> <FuncUnit> <Opcode : 'select'> <InPorts = 3> <OutPorts = 1>
ST_10 : Operation 251 [1/1] (0.22ns) (out node of the LUT)   --->   "%keyvalue_key_113 = select i1 %and_ln330, i32 %keyvalue_key_105, i32 %keyvalue_key_112" [../kernels/acts.cpp:330->../kernels/acts.cpp:1529]   --->   Operation 251 'select' 'keyvalue_key_113' <Predicate = (!icmp_ln1524)> <Delay = 0.22> <Core = "Sel">   --->   Core 26 'Sel' <Latency = 0> <II = 1> <Delay = 0.22> <FuncUnit> <Opcode : 'select'> <InPorts = 3> <OutPorts = 1>
ST_10 : Operation 252 [1/1] (0.00ns) (grouped into LUT with out node keyvalue_key_115)   --->   "%keyvalue_key_114 = select i1 %and_ln334, i32 %keyvalue_key_106, i32 %keyvalue_key_113" [../kernels/acts.cpp:334->../kernels/acts.cpp:1529]   --->   Operation 252 'select' 'keyvalue_key_114' <Predicate = (!icmp_ln1524)> <Delay = 0.00> <Core = "Sel">   --->   Core 26 'Sel' <Latency = 0> <II = 1> <Delay = 0.22> <FuncUnit> <Opcode : 'select'> <InPorts = 3> <OutPorts = 1>
ST_10 : Operation 253 [1/1] (0.22ns) (out node of the LUT)   --->   "%keyvalue_key_115 = select i1 %and_ln338, i32 %keyvalue_key_107, i32 %keyvalue_key_114" [../kernels/acts.cpp:338->../kernels/acts.cpp:1529]   --->   Operation 253 'select' 'keyvalue_key_115' <Predicate = (!icmp_ln1524)> <Delay = 0.22> <Core = "Sel">   --->   Core 26 'Sel' <Latency = 0> <II = 1> <Delay = 0.22> <FuncUnit> <Opcode : 'select'> <InPorts = 3> <OutPorts = 1>
ST_10 : Operation 254 [1/1] (0.00ns) (grouped into LUT with out node keyvalue_key_117)   --->   "%keyvalue_key_116 = select i1 %and_ln342, i32 %keyvalue_key_108, i32 %keyvalue_key_115" [../kernels/acts.cpp:342->../kernels/acts.cpp:1529]   --->   Operation 254 'select' 'keyvalue_key_116' <Predicate = (!icmp_ln1524)> <Delay = 0.00> <Core = "Sel">   --->   Core 26 'Sel' <Latency = 0> <II = 1> <Delay = 0.22> <FuncUnit> <Opcode : 'select'> <InPorts = 3> <OutPorts = 1>
ST_10 : Operation 255 [1/1] (0.22ns) (out node of the LUT)   --->   "%keyvalue_key_117 = select i1 %and_ln346, i32 %keyvalue_key_109, i32 %keyvalue_key_116" [../kernels/acts.cpp:346->../kernels/acts.cpp:1529]   --->   Operation 255 'select' 'keyvalue_key_117' <Predicate = (!icmp_ln1524)> <Delay = 0.22> <Core = "Sel">   --->   Core 26 'Sel' <Latency = 0> <II = 1> <Delay = 0.22> <FuncUnit> <Opcode : 'select'> <InPorts = 3> <OutPorts = 1>
ST_10 : Operation 256 [1/1] (0.00ns) (grouped into LUT with out node keyvalue_key_119)   --->   "%keyvalue_key_118 = select i1 %and_ln350, i32 %keyvalue_key_110, i32 %keyvalue_key_117" [../kernels/acts.cpp:350->../kernels/acts.cpp:1529]   --->   Operation 256 'select' 'keyvalue_key_118' <Predicate = (!icmp_ln1524)> <Delay = 0.00> <Core = "Sel">   --->   Core 26 'Sel' <Latency = 0> <II = 1> <Delay = 0.22> <FuncUnit> <Opcode : 'select'> <InPorts = 3> <OutPorts = 1>
ST_10 : Operation 257 [1/1] (0.22ns) (out node of the LUT)   --->   "%keyvalue_key_119 = select i1 %and_ln354, i32 %keyvalue_key_111, i32 %keyvalue_key_118" [../kernels/acts.cpp:354->../kernels/acts.cpp:1529]   --->   Operation 257 'select' 'keyvalue_key_119' <Predicate = (!icmp_ln1524)> <Delay = 0.22> <Core = "Sel">   --->   Core 26 'Sel' <Latency = 0> <II = 1> <Delay = 0.22> <FuncUnit> <Opcode : 'select'> <InPorts = 3> <OutPorts = 1>
ST_10 : Operation 258 [1/1] (0.00ns)   --->   "%capsule3_key_addr = getelementptr [32 x i32]* %capsule3_key, i64 0, i64 %zext_ln1526" [../kernels/acts.cpp:1529]   --->   Operation 258 'getelementptr' 'capsule3_key_addr' <Predicate = (!icmp_ln1524)> <Delay = 0.00>
ST_10 : Operation 259 [1/1] (1.15ns)   --->   "store i32 %keyvalue_key_119, i32* %capsule3_key_addr, align 4" [../kernels/acts.cpp:1529]   --->   Operation 259 'store' <Predicate = (!icmp_ln1524)> <Delay = 1.15> <Core = "RAM">   --->   Core 37 'RAM' <Latency = 1> <II = 1> <Delay = 1.15> <Storage> <Opcode : 'load' 'store'> <Ports = 2> <Width = 32> <Depth = 32> <RAM>
ST_10 : Operation 260 [1/1] (0.00ns)   --->   "%capsule3_value_addr = getelementptr [32 x i32]* %capsule3_value, i64 0, i64 %zext_ln1526" [../kernels/acts.cpp:1529]   --->   Operation 260 'getelementptr' 'capsule3_value_addr' <Predicate = (!icmp_ln1524)> <Delay = 0.00>
ST_10 : Operation 261 [1/1] (1.15ns)   --->   "store i32 %keyvalue_value_121, i32* %capsule3_value_addr, align 4" [../kernels/acts.cpp:1529]   --->   Operation 261 'store' <Predicate = (!icmp_ln1524)> <Delay = 1.15> <Core = "RAM">   --->   Core 37 'RAM' <Latency = 1> <II = 1> <Delay = 1.15> <Storage> <Opcode : 'load' 'store'> <Ports = 2> <Width = 32> <Depth = 32> <RAM>
ST_10 : Operation 262 [1/1] (0.00ns)   --->   "%empty = call i32 (...)* @_ssdm_op_SpecRegionEnd([19 x i8]* @p_str10, i32 %tmp)" [../kernels/acts.cpp:1530]   --->   Operation 262 'specregionend' 'empty' <Predicate = (!icmp_ln1524)> <Delay = 0.00>
ST_10 : Operation 263 [1/1] (0.00ns)   --->   "store i32 %keyvalue_value_121, i32* %keyvalue_value_67" [../kernels/acts.cpp:1524]   --->   Operation 263 'store' <Predicate = (!icmp_ln1524)> <Delay = 0.00>
ST_10 : Operation 264 [1/1] (0.00ns)   --->   "store i32 %keyvalue_key_119, i32* %keyvalue_key_48" [../kernels/acts.cpp:1524]   --->   Operation 264 'store' <Predicate = (!icmp_ln1524)> <Delay = 0.00>
ST_10 : Operation 265 [1/1] (0.00ns)   --->   "store i32 %keyvalue_value_105, i32* %keyvalue_value_66" [../kernels/acts.cpp:1524]   --->   Operation 265 'store' <Predicate = (!icmp_ln1524)> <Delay = 0.00>
ST_10 : Operation 266 [1/1] (0.00ns)   --->   "store i32 %keyvalue_key_103, i32* %keyvalue_key_32" [../kernels/acts.cpp:1524]   --->   Operation 266 'store' <Predicate = (!icmp_ln1524)> <Delay = 0.00>
ST_10 : Operation 267 [1/1] (0.00ns)   --->   "store i32 %keyvalue_value_89, i32* %keyvalue_value_65" [../kernels/acts.cpp:1524]   --->   Operation 267 'store' <Predicate = (!icmp_ln1524)> <Delay = 0.00>
ST_10 : Operation 268 [1/1] (0.00ns)   --->   "store i32 %keyvalue_key_87, i32* %keyvalue_key_8" [../kernels/acts.cpp:1524]   --->   Operation 268 'store' <Predicate = (!icmp_ln1524)> <Delay = 0.00>
ST_10 : Operation 269 [1/1] (0.00ns)   --->   "store i32 %keyvalue_value_75, i32* %keyvalue_value_64" [../kernels/acts.cpp:1524]   --->   Operation 269 'store' <Predicate = (!icmp_ln1524)> <Delay = 0.00>
ST_10 : Operation 270 [1/1] (0.00ns)   --->   "store i32 %keyvalue_key_72, i32* %keyvalue_key" [../kernels/acts.cpp:1524]   --->   Operation 270 'store' <Predicate = (!icmp_ln1524)> <Delay = 0.00>
ST_10 : Operation 271 [1/1] (0.00ns)   --->   "br label %2" [../kernels/acts.cpp:1524]   --->   Operation 271 'br' <Predicate = (!icmp_ln1524)> <Delay = 0.00>

State 11 <SV = 9> <Delay = 0.00>
ST_11 : Operation 272 [1/1] (0.00ns)   --->   "%mrv = insertvalue { i32, i32 } undef, i32 %capsulemetadata_glob, 0" [../kernels/acts.cpp:1532]   --->   Operation 272 'insertvalue' 'mrv' <Predicate = true> <Delay = 0.00>
ST_11 : Operation 273 [1/1] (0.00ns)   --->   "%mrv_1 = insertvalue { i32, i32 } %mrv, i32 %capsulemetadata_loca, 1" [../kernels/acts.cpp:1532]   --->   Operation 273 'insertvalue' 'mrv_1' <Predicate = true> <Delay = 0.00>
ST_11 : Operation 274 [1/1] (0.00ns)   --->   "ret { i32, i32 } %mrv_1" [../kernels/acts.cpp:1532]   --->   Operation 274 'ret' <Predicate = true> <Delay = 0.00>


============================================================
+ Verbose Summary: Timing violations
============================================================
Target clock period: 10ns, clock uncertainty: 1.25ns.

 <State 1>: 2.64ns
The critical path consists of the following:
	wire read on port 'capsulemetadata_localoffset' [22]  (0 ns)
	'add' operation ('loadoffset0_kvs', ../kernels/acts.cpp:1489) [32]  (0.669 ns)
	'call' operation ('call_ln1493', ../kernels/acts.cpp:1493) to 'readkeyvalues0' [33]  (1.97 ns)

 <State 2>: 0ns
The critical path consists of the following:

 <State 3>: 2.7ns
The critical path consists of the following:
	'add' operation ('add_ln1497', ../kernels/acts.cpp:1497) [34]  (0 ns)
	'add' operation ('loadoffset1_kvs', ../kernels/acts.cpp:1497) [35]  (0.731 ns)
	'call' operation ('call_ln1501', ../kernels/acts.cpp:1501) to 'readkeyvalues0' [36]  (1.97 ns)

 <State 4>: 0ns
The critical path consists of the following:

 <State 5>: 2.7ns
The critical path consists of the following:
	'add' operation ('add_ln1505', ../kernels/acts.cpp:1505) [37]  (0 ns)
	'add' operation ('loadoffset2_kvs', ../kernels/acts.cpp:1505) [38]  (0.731 ns)
	'call' operation ('call_ln1509', ../kernels/acts.cpp:1509) to 'readkeyvalues0' [39]  (1.97 ns)

 <State 6>: 0ns
The critical path consists of the following:

 <State 7>: 2.7ns
The critical path consists of the following:
	'add' operation ('add_ln1513', ../kernels/acts.cpp:1513) [40]  (0 ns)
	'add' operation ('loadoffset3_kvs', ../kernels/acts.cpp:1513) [41]  (0.731 ns)
	'call' operation ('call_ln1517', ../kernels/acts.cpp:1517) to 'readkeyvalues0' [42]  (1.97 ns)

 <State 8>: 1.27ns
The critical path consists of the following:
	'add' operation ('add_ln1521', ../kernels/acts.cpp:1521) [43]  (0.669 ns)
	multiplexor before 'phi' operation ('capsulemetadata_loca', ../kernels/acts.cpp:1521) with incoming values : ('capsulemetadata_loca_2') ('add_ln1521', ../kernels/acts.cpp:1521) [46]  (0.603 ns)
	'phi' operation ('capsulemetadata_loca', ../kernels/acts.cpp:1521) with incoming values : ('capsulemetadata_loca_2') ('add_ln1521', ../kernels/acts.cpp:1521) [46]  (0 ns)

 <State 9>: 1.98ns
The critical path consists of the following:
	'phi' operation ('i') with incoming values : ('i', ../kernels/acts.cpp:1524) [57]  (0 ns)
	'add' operation ('add_ln1526_1', ../kernels/acts.cpp:1526) [78]  (0.526 ns)
	'select' operation ('select_ln316', ../kernels/acts.cpp:316->../kernels/acts.cpp:1526) [80]  (0.299 ns)
	'getelementptr' operation ('BIGcapsule0_V_addr', ../kernels/acts.cpp:327->../kernels/acts.cpp:1526) [85]  (0 ns)
	'load' operation ('__Val2__', ../kernels/acts.cpp:327->../kernels/acts.cpp:1526) on array 'BIGcapsule0_V' [86]  (1.16 ns)

 <State 10>: 3.22ns
The critical path consists of the following:
	'load' operation ('__Val2__', ../kernels/acts.cpp:327->../kernels/acts.cpp:1526) on array 'BIGcapsule0_V' [86]  (1.16 ns)
	'select' operation ('keyvalue.key', ../kernels/acts.cpp:330->../kernels/acts.cpp:1526) [139]  (0.227 ns)
	'select' operation ('keyvalue.key', ../kernels/acts.cpp:334->../kernels/acts.cpp:1526) [140]  (0 ns)
	'select' operation ('keyvalue.key', ../kernels/acts.cpp:338->../kernels/acts.cpp:1526) [141]  (0.227 ns)
	'select' operation ('keyvalue.key', ../kernels/acts.cpp:342->../kernels/acts.cpp:1526) [142]  (0 ns)
	'select' operation ('keyvalue.key', ../kernels/acts.cpp:346->../kernels/acts.cpp:1526) [143]  (0.227 ns)
	'select' operation ('keyvalue.key', ../kernels/acts.cpp:350->../kernels/acts.cpp:1526) [144]  (0 ns)
	'select' operation ('keyvalue.key', ../kernels/acts.cpp:354->../kernels/acts.cpp:1526) [145]  (0.227 ns)
	'store' operation ('store_ln1526', ../kernels/acts.cpp:1526) of variable 'keyvalue.key', ../kernels/acts.cpp:354->../kernels/acts.cpp:1526 on array 'capsule0_key' [147]  (1.16 ns)

 <State 11>: 0ns
The critical path consists of the following:


============================================================
+ Verbose Summary: Binding
============================================================
N/A
* FSMD analyzer results:
  - Output states:
 - Input state : 
  - Chain level:
	State 1
	State 2
	State 3
	State 4
	State 5
	State 6
	State 7
	State 8
	State 9
	State 10
	State 11


============================================================
+ Verbose Summary: Datapath Resource usage 
============================================================
N/A
