

================================================================
== Vivado HLS Report for 'readkeyvalues0_158'
================================================================
* Date:           Mon Jul 27 22:43:09 2020

* Version:        2019.1.3 (Build 2642998 on Wed Sep 04 10:25:22 MDT 2019)
* Project:        actsofagraph
* Solution:       solution1
* Product family: virtexuplus
* Target device:  xcvu9p-fsgd2104-2-i


================================================================
== Performance Estimates
================================================================
+ Timing (ns): 
    * Summary: 
    +--------+-------+----------+------------+
    |  Clock | Target| Estimated| Uncertainty|
    +--------+-------+----------+------------+
    |ap_clk  |  10.00|     8.750|        1.25|
    +--------+-------+----------+------------+

+ Latency (clock cycles): 
    * Summary: 
    +-----+-----+-----+-----+---------+
    |  Latency  |  Interval | Pipeline|
    | min | max | min | max |   Type  |
    +-----+-----+-----+-----+---------+
    |    9|  522|    9|  522|   none  |
    +-----+-----+-----+-----+---------+

    + Detail: 
        * Instance: 
        N/A

        * Loop: 
        +-----------------------+-----+-----+----------+-----------+-----------+---------+----------+
        |                       |  Latency  | Iteration|  Initiation Interval  |   Trip  |          |
        |       Loop Name       | min | max |  Latency |  achieved |   target  |  Count  | Pipelined|
        +-----------------------+-----+-----+----------+-----------+-----------+---------+----------+
        |- READKEYVALUES_LOOP1  |    0|  513|         3|          1|          1| 0 ~ 512 |    yes   |
        +-----------------------+-----+-----+----------+-----------+-----------+---------+----------+



================================================================
== Utilization Estimates
================================================================
* Summary: 
+---------------------+---------+-------+---------+---------+-----+
|         Name        | BRAM_18K| DSP48E|    FF   |   LUT   | URAM|
+---------------------+---------+-------+---------+---------+-----+
|DSP                  |        -|      -|        -|        -|    -|
|Expression           |        -|      -|        0|      125|    -|
|FIFO                 |        -|      -|        -|        -|    -|
|Instance             |        -|      -|        -|        -|    -|
|Memory               |        -|      -|        -|        -|    -|
|Multiplexer          |        -|      -|        -|      104|    -|
|Register             |        -|      -|      656|        -|    -|
+---------------------+---------+-------+---------+---------+-----+
|Total                |        0|      0|      656|      229|    0|
+---------------------+---------+-------+---------+---------+-----+
|Available SLR        |     1440|   2280|   788160|   394080|  320|
+---------------------+---------+-------+---------+---------+-----+
|Utilization SLR (%)  |        0|      0|    ~0   |    ~0   |    0|
+---------------------+---------+-------+---------+---------+-----+
|Available            |     4320|   6840|  2364480|  1182240|  960|
+---------------------+---------+-------+---------+---------+-----+
|Utilization (%)      |        0|      0|    ~0   |    ~0   |    0|
+---------------------+---------+-------+---------+---------+-----+

+ Detail: 
    * Instance: 
    N/A

    * DSP48E: 
    N/A

    * Memory: 
    N/A

    * FIFO: 
    N/A

    * Expression: 
    +-----------------------------------+----------+-------+---+----+------------+------------+
    |           Variable Name           | Operation| DSP48E| FF| LUT| Bitwidth P0| Bitwidth P1|
    +-----------------------------------+----------+-------+---+----+------------+------------+
    |add_ln1278_fu_121_p2               |     +    |      0|  0|  32|          32|          32|
    |add_ln321_fu_135_p2                |     +    |      0|  0|  33|          33|          33|
    |i_fu_156_p2                        |     +    |      0|  0|  32|          32|           1|
    |ap_block_pp0_stage0_11001          |    and   |      0|  0|   2|           1|           1|
    |ap_block_state10_pp0_stage0_iter1  |    and   |      0|  0|   2|           1|           1|
    |icmp_ln1275_fu_151_p2              |   icmp   |      0|  0|  20|          32|          32|
    |ap_enable_pp0                      |    xor   |      0|  0|   2|           1|           2|
    |ap_enable_reg_pp0_iter1            |    xor   |      0|  0|   2|           2|           1|
    +-----------------------------------+----------+-------+---+----+------------+------------+
    |Total                              |          |      0|  0| 125|         134|         103|
    +-----------------------------------+----------+-------+---+----+------------+------------+

    * Multiplexer: 
    +------------------------------+----+-----------+-----+-----------+
    |             Name             | LUT| Input Size| Bits| Total Bits|
    +------------------------------+----+-----------+-----+-----------+
    |ap_NS_fsm                     |  50|         11|    1|         11|
    |ap_enable_reg_pp0_iter1       |   9|          2|    1|          2|
    |ap_enable_reg_pp0_iter2       |   9|          2|    1|          2|
    |ap_phi_mux_i_0_phi_fu_109_p4  |   9|          2|   32|         64|
    |i_0_reg_105                   |   9|          2|   32|         64|
    |kvdram_V_blk_n_AR             |   9|          2|    1|          2|
    |kvdram_V_blk_n_R              |   9|          2|    1|          2|
    +------------------------------+----+-----------+-----+-----------+
    |Total                         | 104|         23|   69|        147|
    +------------------------------+----+-----------+-----+-----------+

    * Register: 
    +-----------------------------------+-----+----+-----+-----------+
    |                Name               |  FF | LUT| Bits| Const Bits|
    +-----------------------------------+-----+----+-----+-----------+
    |add_ln321_reg_167                  |   33|   0|   33|          0|
    |ap_CS_fsm                          |   10|   0|   10|          0|
    |ap_enable_reg_pp0_iter0            |    1|   0|    1|          0|
    |ap_enable_reg_pp0_iter1            |    1|   0|    1|          0|
    |ap_enable_reg_pp0_iter2            |    1|   0|    1|          0|
    |i_0_reg_105                        |   32|   0|   32|          0|
    |i_0_reg_105_pp0_iter1_reg          |   32|   0|   32|          0|
    |i_reg_188                          |   32|   0|   32|          0|
    |icmp_ln1275_reg_184                |    1|   0|    1|          0|
    |icmp_ln1275_reg_184_pp0_iter1_reg  |    1|   0|    1|          0|
    |kvdram_V_addr_read_reg_193         |  512|   0|  512|          0|
    +-----------------------------------+-----+----+-----+-----------+
    |Total                              |  656|   0|  656|          0|
    +-----------------------------------+-----+----+-----+-----------+



================================================================
== Interface
================================================================
* Summary: 
+-------------------------+-----+-----+------------+--------------------+--------------+
|        RTL Ports        | Dir | Bits|  Protocol  |    Source Object   |    C Type    |
+-------------------------+-----+-----+------------+--------------------+--------------+
|ap_clk                   |  in |    1| ap_ctrl_hs | readkeyvalues0.158 | return value |
|ap_rst                   |  in |    1| ap_ctrl_hs | readkeyvalues0.158 | return value |
|ap_start                 |  in |    1| ap_ctrl_hs | readkeyvalues0.158 | return value |
|ap_done                  | out |    1| ap_ctrl_hs | readkeyvalues0.158 | return value |
|ap_idle                  | out |    1| ap_ctrl_hs | readkeyvalues0.158 | return value |
|ap_ready                 | out |    1| ap_ctrl_hs | readkeyvalues0.158 | return value |
|m_axi_kvdram_V_AWVALID   | out |    1|    m_axi   |      kvdram_V      |    pointer   |
|m_axi_kvdram_V_AWREADY   |  in |    1|    m_axi   |      kvdram_V      |    pointer   |
|m_axi_kvdram_V_AWADDR    | out |   32|    m_axi   |      kvdram_V      |    pointer   |
|m_axi_kvdram_V_AWID      | out |    1|    m_axi   |      kvdram_V      |    pointer   |
|m_axi_kvdram_V_AWLEN     | out |   32|    m_axi   |      kvdram_V      |    pointer   |
|m_axi_kvdram_V_AWSIZE    | out |    3|    m_axi   |      kvdram_V      |    pointer   |
|m_axi_kvdram_V_AWBURST   | out |    2|    m_axi   |      kvdram_V      |    pointer   |
|m_axi_kvdram_V_AWLOCK    | out |    2|    m_axi   |      kvdram_V      |    pointer   |
|m_axi_kvdram_V_AWCACHE   | out |    4|    m_axi   |      kvdram_V      |    pointer   |
|m_axi_kvdram_V_AWPROT    | out |    3|    m_axi   |      kvdram_V      |    pointer   |
|m_axi_kvdram_V_AWQOS     | out |    4|    m_axi   |      kvdram_V      |    pointer   |
|m_axi_kvdram_V_AWREGION  | out |    4|    m_axi   |      kvdram_V      |    pointer   |
|m_axi_kvdram_V_AWUSER    | out |    1|    m_axi   |      kvdram_V      |    pointer   |
|m_axi_kvdram_V_WVALID    | out |    1|    m_axi   |      kvdram_V      |    pointer   |
|m_axi_kvdram_V_WREADY    |  in |    1|    m_axi   |      kvdram_V      |    pointer   |
|m_axi_kvdram_V_WDATA     | out |  512|    m_axi   |      kvdram_V      |    pointer   |
|m_axi_kvdram_V_WSTRB     | out |   64|    m_axi   |      kvdram_V      |    pointer   |
|m_axi_kvdram_V_WLAST     | out |    1|    m_axi   |      kvdram_V      |    pointer   |
|m_axi_kvdram_V_WID       | out |    1|    m_axi   |      kvdram_V      |    pointer   |
|m_axi_kvdram_V_WUSER     | out |    1|    m_axi   |      kvdram_V      |    pointer   |
|m_axi_kvdram_V_ARVALID   | out |    1|    m_axi   |      kvdram_V      |    pointer   |
|m_axi_kvdram_V_ARREADY   |  in |    1|    m_axi   |      kvdram_V      |    pointer   |
|m_axi_kvdram_V_ARADDR    | out |   32|    m_axi   |      kvdram_V      |    pointer   |
|m_axi_kvdram_V_ARID      | out |    1|    m_axi   |      kvdram_V      |    pointer   |
|m_axi_kvdram_V_ARLEN     | out |   32|    m_axi   |      kvdram_V      |    pointer   |
|m_axi_kvdram_V_ARSIZE    | out |    3|    m_axi   |      kvdram_V      |    pointer   |
|m_axi_kvdram_V_ARBURST   | out |    2|    m_axi   |      kvdram_V      |    pointer   |
|m_axi_kvdram_V_ARLOCK    | out |    2|    m_axi   |      kvdram_V      |    pointer   |
|m_axi_kvdram_V_ARCACHE   | out |    4|    m_axi   |      kvdram_V      |    pointer   |
|m_axi_kvdram_V_ARPROT    | out |    3|    m_axi   |      kvdram_V      |    pointer   |
|m_axi_kvdram_V_ARQOS     | out |    4|    m_axi   |      kvdram_V      |    pointer   |
|m_axi_kvdram_V_ARREGION  | out |    4|    m_axi   |      kvdram_V      |    pointer   |
|m_axi_kvdram_V_ARUSER    | out |    1|    m_axi   |      kvdram_V      |    pointer   |
|m_axi_kvdram_V_RVALID    |  in |    1|    m_axi   |      kvdram_V      |    pointer   |
|m_axi_kvdram_V_RREADY    | out |    1|    m_axi   |      kvdram_V      |    pointer   |
|m_axi_kvdram_V_RDATA     |  in |  512|    m_axi   |      kvdram_V      |    pointer   |
|m_axi_kvdram_V_RLAST     |  in |    1|    m_axi   |      kvdram_V      |    pointer   |
|m_axi_kvdram_V_RID       |  in |    1|    m_axi   |      kvdram_V      |    pointer   |
|m_axi_kvdram_V_RUSER     |  in |    1|    m_axi   |      kvdram_V      |    pointer   |
|m_axi_kvdram_V_RRESP     |  in |    2|    m_axi   |      kvdram_V      |    pointer   |
|m_axi_kvdram_V_BVALID    |  in |    1|    m_axi   |      kvdram_V      |    pointer   |
|m_axi_kvdram_V_BREADY    | out |    1|    m_axi   |      kvdram_V      |    pointer   |
|m_axi_kvdram_V_BRESP     |  in |    2|    m_axi   |      kvdram_V      |    pointer   |
|m_axi_kvdram_V_BID       |  in |    1|    m_axi   |      kvdram_V      |    pointer   |
|m_axi_kvdram_V_BUSER     |  in |    1|    m_axi   |      kvdram_V      |    pointer   |
|kvdram_V_offset          |  in |   26|   ap_none  |   kvdram_V_offset  |    scalar    |
|buffer_V_address0        | out |    9|  ap_memory |      buffer_V      |     array    |
|buffer_V_ce0             | out |    1|  ap_memory |      buffer_V      |     array    |
|buffer_V_we0             | out |    1|  ap_memory |      buffer_V      |     array    |
|buffer_V_d0              | out |  512|  ap_memory |      buffer_V      |     array    |
|baseaddress              |  in |   25|   ap_none  |     baseaddress    |    scalar    |
|offset_kvs               |  in |   32|   ap_none  |     offset_kvs     |    scalar    |
|size_kvs                 |  in |   32|   ap_none  |      size_kvs      |    scalar    |
+-------------------------+-----+-----+------------+--------------------+--------------+

============================================================
+ Verbose Summary: Synthesis Manager
============================================================
InlineROM: 1
ExposeGlobal: 0
============================================================
+ Verbose Summary: CDFG Model
============================================================
IsTopModel: 0
ResetActiveHigh: 1
IsCombinational: 2
IsDatapathOnly: 2
HasWiredReturn: 1
HasMFsm: 0
HasVarLatency: 1
IsPipeline: 0
IsRtlPipelined: 0
IsInstanceOverlapped: 0
IsDontTouch: 0
HasImplIP: 0
IsGatedGlobalClock: 0

+ Individual pipeline summary: 
  * Pipeline-0: initiation interval (II) = 1, depth = 3


============================================================
+ Verbose Summary: Schedule
============================================================
* Number of FSM states : 12
* Pipeline : 1
  Pipeline-0 : II = 1, D = 3, States = { 9 10 11 }
* Dataflow Pipeline: 0

* FSM state transitions: 
1 --> 2 
2 --> 3 
3 --> 4 
4 --> 5 
5 --> 6 
6 --> 7 
7 --> 8 
8 --> 9 
9 --> 12 10 
10 --> 11 
11 --> 9 
12 --> 

* FSM state operations: 

State 1 <SV = 0> <Delay = 1.33>
ST_1 : Operation 13 [1/1] (0.00ns)   --->   "%offset_kvs_read = call i32 @_ssdm_op_Read.ap_auto.i32(i32 %offset_kvs)"   --->   Operation 13 'read' 'offset_kvs_read' <Predicate = true> <Delay = 0.00>
ST_1 : Operation 14 [1/1] (0.00ns)   --->   "%baseaddress_read = call i25 @_ssdm_op_Read.ap_auto.i25(i25 %baseaddress)"   --->   Operation 14 'read' 'baseaddress_read' <Predicate = true> <Delay = 0.00>
ST_1 : Operation 15 [1/1] (0.00ns)   --->   "%kvdram_V_offset_read = call i26 @_ssdm_op_Read.ap_auto.i26(i26 %kvdram_V_offset)"   --->   Operation 15 'read' 'kvdram_V_offset_read' <Predicate = true> <Delay = 0.00>
ST_1 : Operation 16 [1/1] (0.00ns)   --->   "%baseaddress_cast = zext i25 %baseaddress_read to i32"   --->   Operation 16 'zext' 'baseaddress_cast' <Predicate = true> <Delay = 0.00>
ST_1 : Operation 17 [1/1] (0.66ns)   --->   "%add_ln1278 = add i32 %offset_kvs_read, %baseaddress_cast" [../kernels/acts.cpp:1278]   --->   Operation 17 'add' 'add_ln1278' <Predicate = true> <Delay = 0.66> <Core = "AddSub">   --->   Core 14 'AddSub' <Latency = 0> <II = 1> <Delay = 0.66> <FuncUnit> <Opcode : 'add' 'sub'> <InPorts = 2> <OutPorts = 1>
ST_1 : Operation 18 [1/1] (0.00ns)   --->   "%zext_ln321 = zext i32 %add_ln1278 to i33" [../kernels/acts.cpp:1278]   --->   Operation 18 'zext' 'zext_ln321' <Predicate = true> <Delay = 0.00>
ST_1 : Operation 19 [1/1] (0.00ns)   --->   "%zext_ln321_8 = zext i26 %kvdram_V_offset_read to i33" [../kernels/acts.cpp:1278]   --->   Operation 19 'zext' 'zext_ln321_8' <Predicate = true> <Delay = 0.00>
ST_1 : Operation 20 [1/1] (0.66ns)   --->   "%add_ln321 = add i33 %zext_ln321, %zext_ln321_8" [../kernels/acts.cpp:1278]   --->   Operation 20 'add' 'add_ln321' <Predicate = true> <Delay = 0.66> <Core = "AddSub">   --->   Core 14 'AddSub' <Latency = 0> <II = 1> <Delay = 0.66> <FuncUnit> <Opcode : 'add' 'sub'> <InPorts = 2> <OutPorts = 1>

State 2 <SV = 1> <Delay = 8.75>
ST_2 : Operation 21 [1/1] (0.00ns)   --->   "%size_kvs_read = call i32 @_ssdm_op_Read.ap_auto.i32(i32 %size_kvs)"   --->   Operation 21 'read' 'size_kvs_read' <Predicate = true> <Delay = 0.00>
ST_2 : Operation 22 [1/1] (0.00ns)   --->   "%zext_ln321_9 = zext i33 %add_ln321 to i64" [../kernels/acts.cpp:1278]   --->   Operation 22 'zext' 'zext_ln321_9' <Predicate = true> <Delay = 0.00>
ST_2 : Operation 23 [1/1] (0.00ns)   --->   "%kvdram_V_addr = getelementptr i512* %kvdram_V, i64 %zext_ln321_9" [../kernels/acts.cpp:1278]   --->   Operation 23 'getelementptr' 'kvdram_V_addr' <Predicate = true> <Delay = 0.00>
ST_2 : Operation 24 [7/7] (8.75ns)   --->   "%kvdram_V_addr_rd_req = call i1 @_ssdm_op_ReadReq.m_axi.i512P(i512* %kvdram_V_addr, i32 %size_kvs_read)" [../kernels/acts.cpp:1278]   --->   Operation 24 'readreq' 'kvdram_V_addr_rd_req' <Predicate = true> <Delay = 8.75> <Core = "m_axi">   --->   Core 9 'm_axi' <Latency = 6> <II = 1> <Delay = 1.00> <Adapter> <Opcode : 'read' 'write' 'readreq' 'writereq' 'writeresp'>

State 3 <SV = 2> <Delay = 8.75>
ST_3 : Operation 25 [6/7] (8.75ns)   --->   "%kvdram_V_addr_rd_req = call i1 @_ssdm_op_ReadReq.m_axi.i512P(i512* %kvdram_V_addr, i32 %size_kvs_read)" [../kernels/acts.cpp:1278]   --->   Operation 25 'readreq' 'kvdram_V_addr_rd_req' <Predicate = true> <Delay = 8.75> <Core = "m_axi">   --->   Core 9 'm_axi' <Latency = 6> <II = 1> <Delay = 1.00> <Adapter> <Opcode : 'read' 'write' 'readreq' 'writereq' 'writeresp'>

State 4 <SV = 3> <Delay = 8.75>
ST_4 : Operation 26 [5/7] (8.75ns)   --->   "%kvdram_V_addr_rd_req = call i1 @_ssdm_op_ReadReq.m_axi.i512P(i512* %kvdram_V_addr, i32 %size_kvs_read)" [../kernels/acts.cpp:1278]   --->   Operation 26 'readreq' 'kvdram_V_addr_rd_req' <Predicate = true> <Delay = 8.75> <Core = "m_axi">   --->   Core 9 'm_axi' <Latency = 6> <II = 1> <Delay = 1.00> <Adapter> <Opcode : 'read' 'write' 'readreq' 'writereq' 'writeresp'>

State 5 <SV = 4> <Delay = 8.75>
ST_5 : Operation 27 [4/7] (8.75ns)   --->   "%kvdram_V_addr_rd_req = call i1 @_ssdm_op_ReadReq.m_axi.i512P(i512* %kvdram_V_addr, i32 %size_kvs_read)" [../kernels/acts.cpp:1278]   --->   Operation 27 'readreq' 'kvdram_V_addr_rd_req' <Predicate = true> <Delay = 8.75> <Core = "m_axi">   --->   Core 9 'm_axi' <Latency = 6> <II = 1> <Delay = 1.00> <Adapter> <Opcode : 'read' 'write' 'readreq' 'writereq' 'writeresp'>

State 6 <SV = 5> <Delay = 8.75>
ST_6 : Operation 28 [3/7] (8.75ns)   --->   "%kvdram_V_addr_rd_req = call i1 @_ssdm_op_ReadReq.m_axi.i512P(i512* %kvdram_V_addr, i32 %size_kvs_read)" [../kernels/acts.cpp:1278]   --->   Operation 28 'readreq' 'kvdram_V_addr_rd_req' <Predicate = true> <Delay = 8.75> <Core = "m_axi">   --->   Core 9 'm_axi' <Latency = 6> <II = 1> <Delay = 1.00> <Adapter> <Opcode : 'read' 'write' 'readreq' 'writereq' 'writeresp'>

State 7 <SV = 6> <Delay = 8.75>
ST_7 : Operation 29 [2/7] (8.75ns)   --->   "%kvdram_V_addr_rd_req = call i1 @_ssdm_op_ReadReq.m_axi.i512P(i512* %kvdram_V_addr, i32 %size_kvs_read)" [../kernels/acts.cpp:1278]   --->   Operation 29 'readreq' 'kvdram_V_addr_rd_req' <Predicate = true> <Delay = 8.75> <Core = "m_axi">   --->   Core 9 'm_axi' <Latency = 6> <II = 1> <Delay = 1.00> <Adapter> <Opcode : 'read' 'write' 'readreq' 'writereq' 'writeresp'>

State 8 <SV = 7> <Delay = 8.75>
ST_8 : Operation 30 [1/1] (0.00ns)   --->   "call void (...)* @_ssdm_op_SpecInterface(i512* %kvdram_V, [6 x i8]* @p_str48, i32 0, i32 0, [1 x i8]* @p_str, i32 0, i32 0, [6 x i8]* @p_str51, [6 x i8]* @p_str50, [1 x i8]* @p_str, i32 16, i32 16, i32 64, i32 64, [1 x i8]* @p_str, [1 x i8]* @p_str)"   --->   Operation 30 'specinterface' <Predicate = true> <Delay = 0.00>
ST_8 : Operation 31 [1/7] (8.75ns)   --->   "%kvdram_V_addr_rd_req = call i1 @_ssdm_op_ReadReq.m_axi.i512P(i512* %kvdram_V_addr, i32 %size_kvs_read)" [../kernels/acts.cpp:1278]   --->   Operation 31 'readreq' 'kvdram_V_addr_rd_req' <Predicate = true> <Delay = 8.75> <Core = "m_axi">   --->   Core 9 'm_axi' <Latency = 6> <II = 1> <Delay = 1.00> <Adapter> <Opcode : 'read' 'write' 'readreq' 'writereq' 'writeresp'>
ST_8 : Operation 32 [1/1] (0.60ns)   --->   "br label %1" [../kernels/acts.cpp:1275]   --->   Operation 32 'br' <Predicate = true> <Delay = 0.60>

State 9 <SV = 8> <Delay = 0.85>
ST_9 : Operation 33 [1/1] (0.00ns)   --->   "%i_0 = phi i32 [ 0, %0 ], [ %i, %READKEYVALUES_LOOP1 ]"   --->   Operation 33 'phi' 'i_0' <Predicate = true> <Delay = 0.00>
ST_9 : Operation 34 [1/1] (0.85ns)   --->   "%icmp_ln1275 = icmp eq i32 %i_0, %size_kvs_read" [../kernels/acts.cpp:1275]   --->   Operation 34 'icmp' 'icmp_ln1275' <Predicate = true> <Delay = 0.85> <Core = "Cmp">   --->   Core 25 'Cmp' <Latency = 0> <II = 1> <Delay = 0.85> <FuncUnit> <Opcode : 'icmp'> <InPorts = 2> <OutPorts = 1>
ST_9 : Operation 35 [1/1] (0.66ns)   --->   "%i = add i32 %i_0, 1" [../kernels/acts.cpp:1275]   --->   Operation 35 'add' 'i' <Predicate = true> <Delay = 0.66> <Core = "AddSub">   --->   Core 14 'AddSub' <Latency = 0> <II = 1> <Delay = 0.66> <FuncUnit> <Opcode : 'add' 'sub'> <InPorts = 2> <OutPorts = 1>
ST_9 : Operation 36 [1/1] (0.00ns)   --->   "br i1 %icmp_ln1275, label %2, label %READKEYVALUES_LOOP1" [../kernels/acts.cpp:1275]   --->   Operation 36 'br' <Predicate = true> <Delay = 0.00>

State 10 <SV = 9> <Delay = 8.75>
ST_10 : Operation 37 [1/1] (8.75ns)   --->   "%kvdram_V_addr_read = call i512 @_ssdm_op_Read.m_axi.i512P(i512* %kvdram_V_addr)" [../kernels/acts.cpp:1278]   --->   Operation 37 'read' 'kvdram_V_addr_read' <Predicate = (!icmp_ln1275)> <Delay = 8.75> <Core = "m_axi">   --->   Core 9 'm_axi' <Latency = 6> <II = 1> <Delay = 1.00> <Adapter> <Opcode : 'read' 'write' 'readreq' 'writereq' 'writeresp'>

State 11 <SV = 10> <Delay = 1.15>
ST_11 : Operation 38 [1/1] (0.00ns)   --->   "call void (...)* @_ssdm_op_SpecLoopName([20 x i8]* @p_str9) nounwind" [../kernels/acts.cpp:1275]   --->   Operation 38 'specloopname' <Predicate = (!icmp_ln1275)> <Delay = 0.00>
ST_11 : Operation 39 [1/1] (0.00ns)   --->   "%tmp = call i32 (...)* @_ssdm_op_SpecRegionBegin([20 x i8]* @p_str9)" [../kernels/acts.cpp:1275]   --->   Operation 39 'specregionbegin' 'tmp' <Predicate = (!icmp_ln1275)> <Delay = 0.00>
ST_11 : Operation 40 [1/1] (0.00ns)   --->   "call void (...)* @_ssdm_op_SpecPipeline(i32 1, i32 1, i32 1, i32 0, [1 x i8]* @p_str) nounwind" [../kernels/acts.cpp:1276]   --->   Operation 40 'specpipeline' <Predicate = (!icmp_ln1275)> <Delay = 0.00>
ST_11 : Operation 41 [1/1] (0.00ns)   --->   "call void (...)* @_ssdm_op_SpecLoopTripCount(i32 0, i32 512, i32 512, [1 x i8]* @p_str) nounwind" [../kernels/acts.cpp:1277]   --->   Operation 41 'speclooptripcount' <Predicate = (!icmp_ln1275)> <Delay = 0.00>
ST_11 : Operation 42 [1/1] (0.00ns)   --->   "%zext_ln1278 = zext i32 %i_0 to i64" [../kernels/acts.cpp:1278]   --->   Operation 42 'zext' 'zext_ln1278' <Predicate = (!icmp_ln1275)> <Delay = 0.00>
ST_11 : Operation 43 [1/1] (0.00ns)   --->   "%buffer_V_addr = getelementptr [512 x i512]* %buffer_V, i64 0, i64 %zext_ln1278" [../kernels/acts.cpp:1278]   --->   Operation 43 'getelementptr' 'buffer_V_addr' <Predicate = (!icmp_ln1275)> <Delay = 0.00>
ST_11 : Operation 44 [1/1] (1.15ns)   --->   "store i512 %kvdram_V_addr_read, i512* %buffer_V_addr, align 64" [../kernels/acts.cpp:1278]   --->   Operation 44 'store' <Predicate = (!icmp_ln1275)> <Delay = 1.15> <Core = "RAM">   --->   Core 37 'RAM' <Latency = 1> <II = 1> <Delay = 1.15> <Storage> <Opcode : 'load' 'store'> <Ports = 2> <Width = 32> <Depth = 32> <RAM>
ST_11 : Operation 45 [1/1] (0.00ns)   --->   "%empty = call i32 (...)* @_ssdm_op_SpecRegionEnd([20 x i8]* @p_str9, i32 %tmp)" [../kernels/acts.cpp:1282]   --->   Operation 45 'specregionend' 'empty' <Predicate = (!icmp_ln1275)> <Delay = 0.00>
ST_11 : Operation 46 [1/1] (0.00ns)   --->   "br label %1" [../kernels/acts.cpp:1275]   --->   Operation 46 'br' <Predicate = (!icmp_ln1275)> <Delay = 0.00>

State 12 <SV = 9> <Delay = 0.00>
ST_12 : Operation 47 [1/1] (0.00ns)   --->   "ret void" [../kernels/acts.cpp:1283]   --->   Operation 47 'ret' <Predicate = true> <Delay = 0.00>


============================================================
+ Verbose Summary: Binding
============================================================
STG Binding: 
---------------- STG Properties BEGIN ----------------
- Is combinational: 0
- Is one-state seq: 0
- Is datapath-only: 0
- Is pipelined: 0
- Is top level: 0
Port [ Return ] is wired: 1; IO mode=ap_ctrl_hs:ce=0
Port [ kvdram_V]:  wired=1; compound=1; hidden=0; nouse=0; global=0; static=0; extern=0; dir=0; type=4; pingpong=0; private_global=0; IO mode=m_axi:ce=0
Port [ kvdram_V_offset]:  wired=1; compound=0; hidden=0; nouse=0; global=0; static=0; extern=0; dir=0; type=0; pingpong=0; private_global=0; IO mode=ap_none:ce=0
Port [ buffer_V]:  wired=1; compound=1; hidden=0; nouse=0; global=0; static=0; extern=0; dir=1; type=1; pingpong=0; private_global=0; MemPort=[03]; IO mode=ap_memory:ce=0
Port [ baseaddress]:  wired=1; compound=0; hidden=0; nouse=0; global=0; static=0; extern=0; dir=0; type=0; pingpong=0; private_global=0; IO mode=ap_none:ce=0
Port [ offset_kvs]:  wired=1; compound=0; hidden=0; nouse=0; global=0; static=0; extern=0; dir=0; type=0; pingpong=0; private_global=0; IO mode=ap_none:ce=0
Port [ size_kvs]:  wired=1; compound=0; hidden=0; nouse=0; global=0; static=0; extern=0; dir=0; type=0; pingpong=0; private_global=0; IO mode=ap_none:ce=0
---------------- STG Properties END ------------------

---------------- Datapath Model BEGIN ----------------

<LifeTime>
<method=bitvector/>
offset_kvs_read          (read             ) [ 0000000000000]
baseaddress_read         (read             ) [ 0000000000000]
kvdram_V_offset_read     (read             ) [ 0000000000000]
baseaddress_cast         (zext             ) [ 0000000000000]
add_ln1278               (add              ) [ 0000000000000]
zext_ln321               (zext             ) [ 0000000000000]
zext_ln321_8             (zext             ) [ 0000000000000]
add_ln321                (add              ) [ 0010000000000]
size_kvs_read            (read             ) [ 0001111111110]
zext_ln321_9             (zext             ) [ 0000000000000]
kvdram_V_addr            (getelementptr    ) [ 0001111111110]
specinterface_ln0        (specinterface    ) [ 0000000000000]
kvdram_V_addr_rd_req     (readreq          ) [ 0000000000000]
br_ln1275                (br               ) [ 0000000011110]
i_0                      (phi              ) [ 0000000001110]
icmp_ln1275              (icmp             ) [ 0000000001110]
i                        (add              ) [ 0000000011110]
br_ln1275                (br               ) [ 0000000000000]
kvdram_V_addr_read       (read             ) [ 0000000001010]
specloopname_ln1275      (specloopname     ) [ 0000000000000]
tmp                      (specregionbegin  ) [ 0000000000000]
specpipeline_ln1276      (specpipeline     ) [ 0000000000000]
speclooptripcount_ln1277 (speclooptripcount) [ 0000000000000]
zext_ln1278              (zext             ) [ 0000000000000]
buffer_V_addr            (getelementptr    ) [ 0000000000000]
store_ln1278             (store            ) [ 0000000000000]
empty                    (specregionend    ) [ 0000000000000]
br_ln1275                (br               ) [ 0000000011110]
ret_ln1283               (ret              ) [ 0000000000000]
</LifeTime>

<model>

<comp_list>
<comp id="0" class="1000" name="kvdram_V">
<pin_list>
<pin id="1" dir="1" index="0" bw="1" slack="0"/>
</pin_list>
<bind>
<StgValue><ssdm name="kvdram_V"/></StgValue>
</bind>
</comp>

<comp id="2" class="1000" name="kvdram_V_offset">
<pin_list>
<pin id="3" dir="1" index="0" bw="1" slack="0"/>
</pin_list>
<bind>
<StgValue><ssdm name="kvdram_V_offset"/></StgValue>
</bind>
</comp>

<comp id="4" class="1000" name="buffer_V">
<pin_list>
<pin id="5" dir="1" index="0" bw="1" slack="0"/>
</pin_list>
<bind>
<StgValue><ssdm name="buffer_V"/><MemPortTyVec>0 3 </MemPortTyVec>
</StgValue>
</bind>
</comp>

<comp id="6" class="1000" name="baseaddress">
<pin_list>
<pin id="7" dir="1" index="0" bw="1" slack="0"/>
</pin_list>
<bind>
<StgValue><ssdm name="baseaddress"/></StgValue>
</bind>
</comp>

<comp id="8" class="1000" name="offset_kvs">
<pin_list>
<pin id="9" dir="1" index="0" bw="1" slack="0"/>
</pin_list>
<bind>
<StgValue><ssdm name="offset_kvs"/></StgValue>
</bind>
</comp>

<comp id="10" class="1000" name="size_kvs">
<pin_list>
<pin id="11" dir="1" index="0" bw="1" slack="0"/>
</pin_list>
<bind>
<StgValue><ssdm name="size_kvs"/></StgValue>
</bind>
</comp>

<comp id="12" class="1001" name="const_12">
<pin_list>
<pin id="13" dir="1" index="0" bw="1" slack="0"/>
</pin_list>
<bind>
<StgValue><ssdm name="_ssdm_op_Read.ap_auto.i32"/></StgValue>
</bind>
</comp>

<comp id="14" class="1001" name="const_14">
<pin_list>
<pin id="15" dir="1" index="0" bw="1" slack="0"/>
</pin_list>
<bind>
<StgValue><ssdm name="_ssdm_op_Read.ap_auto.i25"/></StgValue>
</bind>
</comp>

<comp id="16" class="1001" name="const_16">
<pin_list>
<pin id="17" dir="1" index="0" bw="1" slack="0"/>
</pin_list>
<bind>
<StgValue><ssdm name="_ssdm_op_Read.ap_auto.i26"/></StgValue>
</bind>
</comp>

<comp id="18" class="1001" name="const_18">
<pin_list>
<pin id="19" dir="1" index="0" bw="1" slack="0"/>
</pin_list>
<bind>
<StgValue><ssdm name="_ssdm_op_ReadReq.m_axi.i512P"/></StgValue>
</bind>
</comp>

<comp id="20" class="1001" name="const_20">
<pin_list>
<pin id="21" dir="1" index="0" bw="1" slack="2147483647"/>
</pin_list>
<bind>
<StgValue><ssdm name="_ssdm_op_SpecInterface"/></StgValue>
</bind>
</comp>

<comp id="22" class="1001" name="const_22">
<pin_list>
<pin id="23" dir="1" index="0" bw="1" slack="2147483647"/>
</pin_list>
<bind>
<StgValue><ssdm name="p_str48"/></StgValue>
</bind>
</comp>

<comp id="24" class="1001" name="const_24">
<pin_list>
<pin id="25" dir="1" index="0" bw="1" slack="1"/>
</pin_list>
<bind>
<StgValue><ssdm name=""/></StgValue>
</bind>
</comp>

<comp id="26" class="1001" name="const_26">
<pin_list>
<pin id="27" dir="1" index="0" bw="1" slack="2147483647"/>
</pin_list>
<bind>
<StgValue><ssdm name="p_str"/></StgValue>
</bind>
</comp>

<comp id="28" class="1001" name="const_28">
<pin_list>
<pin id="29" dir="1" index="0" bw="1" slack="2147483647"/>
</pin_list>
<bind>
<StgValue><ssdm name="p_str51"/></StgValue>
</bind>
</comp>

<comp id="30" class="1001" name="const_30">
<pin_list>
<pin id="31" dir="1" index="0" bw="1" slack="2147483647"/>
</pin_list>
<bind>
<StgValue><ssdm name="p_str50"/></StgValue>
</bind>
</comp>

<comp id="32" class="1001" name="const_32">
<pin_list>
<pin id="33" dir="1" index="0" bw="1" slack="2147483647"/>
</pin_list>
<bind>
<StgValue><ssdm name=""/></StgValue>
</bind>
</comp>

<comp id="34" class="1001" name="const_34">
<pin_list>
<pin id="35" dir="1" index="0" bw="1" slack="2147483647"/>
</pin_list>
<bind>
<StgValue><ssdm name=""/></StgValue>
</bind>
</comp>

<comp id="36" class="1001" name="const_36">
<pin_list>
<pin id="37" dir="1" index="0" bw="1" slack="0"/>
</pin_list>
<bind>
<StgValue><ssdm name=""/></StgValue>
</bind>
</comp>

<comp id="38" class="1001" name="const_38">
<pin_list>
<pin id="39" dir="1" index="0" bw="1" slack="0"/>
</pin_list>
<bind>
<StgValue><ssdm name="_ssdm_op_Read.m_axi.i512P"/></StgValue>
</bind>
</comp>

<comp id="40" class="1001" name="const_40">
<pin_list>
<pin id="41" dir="1" index="0" bw="1" slack="2147483647"/>
</pin_list>
<bind>
<StgValue><ssdm name="_ssdm_op_SpecLoopName"/></StgValue>
</bind>
</comp>

<comp id="42" class="1001" name="const_42">
<pin_list>
<pin id="43" dir="1" index="0" bw="1" slack="2147483647"/>
</pin_list>
<bind>
<StgValue><ssdm name="p_str9"/></StgValue>
</bind>
</comp>

<comp id="44" class="1001" name="const_44">
<pin_list>
<pin id="45" dir="1" index="0" bw="1" slack="2147483647"/>
</pin_list>
<bind>
<StgValue><ssdm name="_ssdm_op_SpecRegionBegin"/></StgValue>
</bind>
</comp>

<comp id="46" class="1001" name="const_46">
<pin_list>
<pin id="47" dir="1" index="0" bw="1" slack="2147483647"/>
</pin_list>
<bind>
<StgValue><ssdm name="_ssdm_op_SpecPipeline"/></StgValue>
</bind>
</comp>

<comp id="48" class="1001" name="const_48">
<pin_list>
<pin id="49" dir="1" index="0" bw="1" slack="2147483647"/>
</pin_list>
<bind>
<StgValue><ssdm name="_ssdm_op_SpecLoopTripCount"/></StgValue>
</bind>
</comp>

<comp id="50" class="1001" name="const_50">
<pin_list>
<pin id="51" dir="1" index="0" bw="1" slack="2147483647"/>
</pin_list>
<bind>
<StgValue><ssdm name=""/></StgValue>
</bind>
</comp>

<comp id="52" class="1001" name="const_52">
<pin_list>
<pin id="53" dir="1" index="0" bw="1" slack="0"/>
</pin_list>
<bind>
<StgValue><ssdm name=""/></StgValue>
</bind>
</comp>

<comp id="54" class="1001" name="const_54">
<pin_list>
<pin id="55" dir="1" index="0" bw="1" slack="2147483647"/>
</pin_list>
<bind>
<StgValue><ssdm name="_ssdm_op_SpecRegionEnd"/></StgValue>
</bind>
</comp>

<comp id="56" class="1004" name="offset_kvs_read_read_fu_56">
<pin_list>
<pin id="57" dir="0" index="0" bw="32" slack="0"/>
<pin id="58" dir="0" index="1" bw="32" slack="0"/>
<pin id="59" dir="1" index="2" bw="32" slack="0"/>
</pin_list>
<bind>
<opcode="read(1150) " fcode="read"/>
<opset="offset_kvs_read/1 "/>
</bind>
</comp>

<comp id="62" class="1004" name="baseaddress_read_read_fu_62">
<pin_list>
<pin id="63" dir="0" index="0" bw="25" slack="0"/>
<pin id="64" dir="0" index="1" bw="25" slack="0"/>
<pin id="65" dir="1" index="2" bw="25" slack="0"/>
</pin_list>
<bind>
<opcode="read(1150) " fcode="read"/>
<opset="baseaddress_read/1 "/>
</bind>
</comp>

<comp id="68" class="1004" name="kvdram_V_offset_read_read_fu_68">
<pin_list>
<pin id="69" dir="0" index="0" bw="26" slack="0"/>
<pin id="70" dir="0" index="1" bw="26" slack="0"/>
<pin id="71" dir="1" index="2" bw="26" slack="0"/>
</pin_list>
<bind>
<opcode="read(1150) " fcode="read"/>
<opset="kvdram_V_offset_read/1 "/>
</bind>
</comp>

<comp id="74" class="1004" name="size_kvs_read_read_fu_74">
<pin_list>
<pin id="75" dir="0" index="0" bw="32" slack="0"/>
<pin id="76" dir="0" index="1" bw="32" slack="0"/>
<pin id="77" dir="1" index="2" bw="32" slack="0"/>
</pin_list>
<bind>
<opcode="read(1150) " fcode="read"/>
<opset="size_kvs_read/2 "/>
</bind>
</comp>

<comp id="80" class="1004" name="grp_readreq_fu_80">
<pin_list>
<pin id="81" dir="0" index="0" bw="1" slack="0"/>
<pin id="82" dir="0" index="1" bw="512" slack="0"/>
<pin id="83" dir="0" index="2" bw="32" slack="0"/>
<pin id="84" dir="1" index="3" bw="1" slack="2147483647"/>
</pin_list>
<bind>
<opcode="readreq(1154) " fcode="readreq"/>
<opset="kvdram_V_addr_rd_req/2 "/>
</bind>
</comp>

<comp id="87" class="1004" name="kvdram_V_addr_read_read_fu_87">
<pin_list>
<pin id="88" dir="0" index="0" bw="512" slack="0"/>
<pin id="89" dir="0" index="1" bw="512" slack="8"/>
<pin id="90" dir="1" index="2" bw="512" slack="1"/>
</pin_list>
<bind>
<opcode="read(1150) " fcode="read"/>
<opset="kvdram_V_addr_read/10 "/>
</bind>
</comp>

<comp id="92" class="1004" name="buffer_V_addr_gep_fu_92">
<pin_list>
<pin id="93" dir="0" index="0" bw="512" slack="0"/>
<pin id="94" dir="0" index="1" bw="1" slack="0"/>
<pin id="95" dir="0" index="2" bw="32" slack="0"/>
<pin id="96" dir="1" index="3" bw="9" slack="0"/>
</pin_list>
<bind>
<opcode="getelementptr(29) " fcode="getelementptr"/>
<opset="buffer_V_addr/11 "/>
</bind>
</comp>

<comp id="99" class="1004" name="store_ln1278_access_fu_99">
<pin_list>
<pin id="100" dir="0" index="0" bw="9" slack="0"/>
<pin id="101" dir="0" index="1" bw="512" slack="1"/>
<pin id="102" dir="0" index="2" bw="0" slack="2147483647"/>
<pin id="103" dir="1" index="3" bw="512" slack="2147483647"/>
</pin_list>
<bind>
<opcode="store(28) " fcode="store"/>
<opset="store_ln1278/11 "/>
</bind>
</comp>

<comp id="105" class="1005" name="i_0_reg_105">
<pin_list>
<pin id="106" dir="0" index="0" bw="32" slack="1"/>
<pin id="107" dir="1" index="1" bw="32" slack="1"/>
</pin_list>
<bind>
<opset="i_0 (phireg) "/>
</bind>
</comp>

<comp id="109" class="1004" name="i_0_phi_fu_109">
<pin_list>
<pin id="110" dir="0" index="0" bw="1" slack="1"/>
<pin id="111" dir="0" index="1" bw="0" slack="2147483647"/>
<pin id="112" dir="0" index="2" bw="32" slack="0"/>
<pin id="113" dir="0" index="3" bw="0" slack="2147483647"/>
<pin id="114" dir="1" index="4" bw="32" slack="0"/>
</pin_list>
<bind>
<opcode="phi(47) " fcode="phi"/>
<opset="i_0/9 "/>
</bind>
</comp>

<comp id="117" class="1004" name="baseaddress_cast_fu_117">
<pin_list>
<pin id="118" dir="0" index="0" bw="25" slack="0"/>
<pin id="119" dir="1" index="1" bw="32" slack="0"/>
</pin_list>
<bind>
<opcode="zext(34) " fcode="zext"/>
<opset="baseaddress_cast/1 "/>
</bind>
</comp>

<comp id="121" class="1004" name="add_ln1278_fu_121">
<pin_list>
<pin id="122" dir="0" index="0" bw="32" slack="0"/>
<pin id="123" dir="0" index="1" bw="25" slack="0"/>
<pin id="124" dir="1" index="2" bw="32" slack="0"/>
</pin_list>
<bind>
<opcode="add(8) " fcode="add"/>
<opset="add_ln1278/1 "/>
</bind>
</comp>

<comp id="127" class="1004" name="zext_ln321_fu_127">
<pin_list>
<pin id="128" dir="0" index="0" bw="32" slack="0"/>
<pin id="129" dir="1" index="1" bw="33" slack="0"/>
</pin_list>
<bind>
<opcode="zext(34) " fcode="zext"/>
<opset="zext_ln321/1 "/>
</bind>
</comp>

<comp id="131" class="1004" name="zext_ln321_8_fu_131">
<pin_list>
<pin id="132" dir="0" index="0" bw="26" slack="0"/>
<pin id="133" dir="1" index="1" bw="33" slack="0"/>
</pin_list>
<bind>
<opcode="zext(34) " fcode="zext"/>
<opset="zext_ln321_8/1 "/>
</bind>
</comp>

<comp id="135" class="1004" name="add_ln321_fu_135">
<pin_list>
<pin id="136" dir="0" index="0" bw="32" slack="0"/>
<pin id="137" dir="0" index="1" bw="26" slack="0"/>
<pin id="138" dir="1" index="2" bw="33" slack="1"/>
</pin_list>
<bind>
<opcode="add(8) " fcode="add"/>
<opset="add_ln321/1 "/>
</bind>
</comp>

<comp id="141" class="1004" name="zext_ln321_9_fu_141">
<pin_list>
<pin id="142" dir="0" index="0" bw="33" slack="1"/>
<pin id="143" dir="1" index="1" bw="64" slack="0"/>
</pin_list>
<bind>
<opcode="zext(34) " fcode="zext"/>
<opset="zext_ln321_9/2 "/>
</bind>
</comp>

<comp id="144" class="1004" name="kvdram_V_addr_fu_144">
<pin_list>
<pin id="145" dir="0" index="0" bw="32" slack="0"/>
<pin id="146" dir="0" index="1" bw="32" slack="0"/>
<pin id="147" dir="1" index="2" bw="32" slack="0"/>
</pin_list>
<bind>
<opcode="getelementptr(29) " fcode="getelementptr"/>
<opset="kvdram_V_addr/2 "/>
</bind>
</comp>

<comp id="151" class="1004" name="icmp_ln1275_fu_151">
<pin_list>
<pin id="152" dir="0" index="0" bw="32" slack="0"/>
<pin id="153" dir="0" index="1" bw="32" slack="7"/>
<pin id="154" dir="1" index="2" bw="1" slack="1"/>
</pin_list>
<bind>
<opcode="icmp(45) " fcode="icmp"/>
<opset="icmp_ln1275/9 "/>
</bind>
</comp>

<comp id="156" class="1004" name="i_fu_156">
<pin_list>
<pin id="157" dir="0" index="0" bw="32" slack="0"/>
<pin id="158" dir="0" index="1" bw="1" slack="0"/>
<pin id="159" dir="1" index="2" bw="32" slack="0"/>
</pin_list>
<bind>
<opcode="add(8) " fcode="add"/>
<opset="i/9 "/>
</bind>
</comp>

<comp id="162" class="1004" name="zext_ln1278_fu_162">
<pin_list>
<pin id="163" dir="0" index="0" bw="32" slack="2"/>
<pin id="164" dir="1" index="1" bw="64" slack="0"/>
</pin_list>
<bind>
<opcode="zext(34) " fcode="zext"/>
<opset="zext_ln1278/11 "/>
</bind>
</comp>

<comp id="167" class="1005" name="add_ln321_reg_167">
<pin_list>
<pin id="168" dir="0" index="0" bw="33" slack="1"/>
<pin id="169" dir="1" index="1" bw="33" slack="1"/>
</pin_list>
<bind>
<opset="add_ln321 "/>
</bind>
</comp>

<comp id="172" class="1005" name="size_kvs_read_reg_172">
<pin_list>
<pin id="173" dir="0" index="0" bw="32" slack="1"/>
<pin id="174" dir="1" index="1" bw="32" slack="1"/>
</pin_list>
<bind>
<opset="size_kvs_read "/>
</bind>
</comp>

<comp id="178" class="1005" name="kvdram_V_addr_reg_178">
<pin_list>
<pin id="179" dir="0" index="0" bw="512" slack="1"/>
<pin id="180" dir="1" index="1" bw="512" slack="1"/>
</pin_list>
<bind>
<opset="kvdram_V_addr "/>
</bind>
</comp>

<comp id="184" class="1005" name="icmp_ln1275_reg_184">
<pin_list>
<pin id="185" dir="0" index="0" bw="1" slack="1"/>
<pin id="186" dir="1" index="1" bw="1" slack="2147483647"/>
</pin_list>
<bind>
<opset="icmp_ln1275 "/>
</bind>
</comp>

<comp id="188" class="1005" name="i_reg_188">
<pin_list>
<pin id="189" dir="0" index="0" bw="32" slack="0"/>
<pin id="190" dir="1" index="1" bw="32" slack="0"/>
</pin_list>
<bind>
<opset="i "/>
</bind>
</comp>

<comp id="193" class="1005" name="kvdram_V_addr_read_reg_193">
<pin_list>
<pin id="194" dir="0" index="0" bw="512" slack="1"/>
<pin id="195" dir="1" index="1" bw="512" slack="1"/>
</pin_list>
<bind>
<opset="kvdram_V_addr_read "/>
</bind>
</comp>

</comp_list>

<net_list>
<net id="60"><net_src comp="12" pin="0"/><net_sink comp="56" pin=0"/></net>

<net id="61"><net_src comp="8" pin="0"/><net_sink comp="56" pin=1"/></net>

<net id="66"><net_src comp="14" pin="0"/><net_sink comp="62" pin=0"/></net>

<net id="67"><net_src comp="6" pin="0"/><net_sink comp="62" pin=1"/></net>

<net id="72"><net_src comp="16" pin="0"/><net_sink comp="68" pin=0"/></net>

<net id="73"><net_src comp="2" pin="0"/><net_sink comp="68" pin=1"/></net>

<net id="78"><net_src comp="12" pin="0"/><net_sink comp="74" pin=0"/></net>

<net id="79"><net_src comp="10" pin="0"/><net_sink comp="74" pin=1"/></net>

<net id="85"><net_src comp="18" pin="0"/><net_sink comp="80" pin=0"/></net>

<net id="86"><net_src comp="74" pin="2"/><net_sink comp="80" pin=2"/></net>

<net id="91"><net_src comp="38" pin="0"/><net_sink comp="87" pin=0"/></net>

<net id="97"><net_src comp="4" pin="0"/><net_sink comp="92" pin=0"/></net>

<net id="98"><net_src comp="52" pin="0"/><net_sink comp="92" pin=1"/></net>

<net id="104"><net_src comp="92" pin="3"/><net_sink comp="99" pin=0"/></net>

<net id="108"><net_src comp="24" pin="0"/><net_sink comp="105" pin=0"/></net>

<net id="115"><net_src comp="105" pin="1"/><net_sink comp="109" pin=0"/></net>

<net id="116"><net_src comp="109" pin="4"/><net_sink comp="105" pin=0"/></net>

<net id="120"><net_src comp="62" pin="2"/><net_sink comp="117" pin=0"/></net>

<net id="125"><net_src comp="56" pin="2"/><net_sink comp="121" pin=0"/></net>

<net id="126"><net_src comp="117" pin="1"/><net_sink comp="121" pin=1"/></net>

<net id="130"><net_src comp="121" pin="2"/><net_sink comp="127" pin=0"/></net>

<net id="134"><net_src comp="68" pin="2"/><net_sink comp="131" pin=0"/></net>

<net id="139"><net_src comp="127" pin="1"/><net_sink comp="135" pin=0"/></net>

<net id="140"><net_src comp="131" pin="1"/><net_sink comp="135" pin=1"/></net>

<net id="148"><net_src comp="0" pin="0"/><net_sink comp="144" pin=0"/></net>

<net id="149"><net_src comp="141" pin="1"/><net_sink comp="144" pin=1"/></net>

<net id="150"><net_src comp="144" pin="2"/><net_sink comp="80" pin=1"/></net>

<net id="155"><net_src comp="109" pin="4"/><net_sink comp="151" pin=0"/></net>

<net id="160"><net_src comp="109" pin="4"/><net_sink comp="156" pin=0"/></net>

<net id="161"><net_src comp="36" pin="0"/><net_sink comp="156" pin=1"/></net>

<net id="165"><net_src comp="105" pin="1"/><net_sink comp="162" pin=0"/></net>

<net id="166"><net_src comp="162" pin="1"/><net_sink comp="92" pin=2"/></net>

<net id="170"><net_src comp="135" pin="2"/><net_sink comp="167" pin=0"/></net>

<net id="171"><net_src comp="167" pin="1"/><net_sink comp="141" pin=0"/></net>

<net id="175"><net_src comp="74" pin="2"/><net_sink comp="172" pin=0"/></net>

<net id="176"><net_src comp="172" pin="1"/><net_sink comp="80" pin=2"/></net>

<net id="177"><net_src comp="172" pin="1"/><net_sink comp="151" pin=1"/></net>

<net id="181"><net_src comp="144" pin="2"/><net_sink comp="178" pin=0"/></net>

<net id="182"><net_src comp="178" pin="1"/><net_sink comp="80" pin=1"/></net>

<net id="183"><net_src comp="178" pin="1"/><net_sink comp="87" pin=1"/></net>

<net id="187"><net_src comp="151" pin="2"/><net_sink comp="184" pin=0"/></net>

<net id="191"><net_src comp="156" pin="2"/><net_sink comp="188" pin=0"/></net>

<net id="192"><net_src comp="188" pin="1"/><net_sink comp="109" pin=2"/></net>

<net id="196"><net_src comp="87" pin="2"/><net_sink comp="193" pin=0"/></net>

<net id="197"><net_src comp="193" pin="1"/><net_sink comp="99" pin=1"/></net>

</net_list>

</model> 
---------------- Datapath Model END ------------------

* FSMD analyzer results:
  - Output states:
	Port: kvdram_V | {}
	Port: buffer_V | {11 }
 - Input state : 
	Port: readkeyvalues0.158 : kvdram_V | {2 3 4 5 6 7 8 10 }
	Port: readkeyvalues0.158 : kvdram_V_offset | {1 }
	Port: readkeyvalues0.158 : buffer_V | {}
	Port: readkeyvalues0.158 : baseaddress | {1 }
	Port: readkeyvalues0.158 : offset_kvs | {1 }
	Port: readkeyvalues0.158 : size_kvs | {2 }
  - Chain level:
	State 1
		add_ln1278 : 1
		zext_ln321 : 2
		add_ln321 : 3
	State 2
		kvdram_V_addr : 1
		kvdram_V_addr_rd_req : 2
	State 3
	State 4
	State 5
	State 6
	State 7
	State 8
	State 9
		icmp_ln1275 : 1
		i : 1
		br_ln1275 : 2
	State 10
	State 11
		buffer_V_addr : 1
		store_ln1278 : 2
		empty : 1
	State 12


============================================================
+ Verbose Summary: Datapath Resource usage 
============================================================

* Functional unit list:
|----------|---------------------------------|---------|---------|
| Operation|         Functional Unit         |    FF   |   LUT   |
|----------|---------------------------------|---------|---------|
|          |        add_ln1278_fu_121        |    0    |    32   |
|    add   |         add_ln321_fu_135        |    0    |    32   |
|          |             i_fu_156            |    0    |    32   |
|----------|---------------------------------|---------|---------|
|   icmp   |        icmp_ln1275_fu_151       |    0    |    20   |
|----------|---------------------------------|---------|---------|
|          |    offset_kvs_read_read_fu_56   |    0    |    0    |
|          |   baseaddress_read_read_fu_62   |    0    |    0    |
|   read   | kvdram_V_offset_read_read_fu_68 |    0    |    0    |
|          |     size_kvs_read_read_fu_74    |    0    |    0    |
|          |  kvdram_V_addr_read_read_fu_87  |    0    |    0    |
|----------|---------------------------------|---------|---------|
|  readreq |        grp_readreq_fu_80        |    0    |    0    |
|----------|---------------------------------|---------|---------|
|          |     baseaddress_cast_fu_117     |    0    |    0    |
|          |        zext_ln321_fu_127        |    0    |    0    |
|   zext   |       zext_ln321_8_fu_131       |    0    |    0    |
|          |       zext_ln321_9_fu_141       |    0    |    0    |
|          |        zext_ln1278_fu_162       |    0    |    0    |
|----------|---------------------------------|---------|---------|
|   Total  |                                 |    0    |   116   |
|----------|---------------------------------|---------|---------|

Memories:
N/A

* Register list:
+--------------------------+--------+
|                          |   FF   |
+--------------------------+--------+
|     add_ln321_reg_167    |   33   |
|        i_0_reg_105       |   32   |
|         i_reg_188        |   32   |
|    icmp_ln1275_reg_184   |    1   |
|kvdram_V_addr_read_reg_193|   512  |
|   kvdram_V_addr_reg_178  |   512  |
|   size_kvs_read_reg_172  |   32   |
+--------------------------+--------+
|           Total          |  1154  |
+--------------------------+--------+

* Multiplexer (MUX) list: 
|-------------------|------|------|------|--------||---------||---------|
|        Comp       |  Pin | Size |  BW  | S x BW ||  Delay  ||   LUT   |
|-------------------|------|------|------|--------||---------||---------|
| grp_readreq_fu_80 |  p1  |   2  |  512 |  1024  ||    9    |
| grp_readreq_fu_80 |  p2  |   2  |  32  |   64   ||    9    |
|    i_0_reg_105    |  p0  |   2  |  32  |   64   ||    9    |
|-------------------|------|------|------|--------||---------||---------|
|       Total       |      |      |      |  1152  ||  1.809  ||    27   |
|-------------------|------|------|------|--------||---------||---------|



* Summary:
+-----------+--------+--------+--------+
|           |  Delay |   FF   |   LUT  |
+-----------+--------+--------+--------+
|  Function |    -   |    0   |   116  |
|   Memory  |    -   |    -   |    -   |
|Multiplexer|    1   |    -   |   27   |
|  Register |    -   |  1154  |    -   |
+-----------+--------+--------+--------+
|   Total   |    1   |  1154  |   143  |
+-----------+--------+--------+--------+
