

================================================================
== Vivado HLS Report for 'savekeyvalues0'
================================================================
* Date:           Mon Jul 27 23:31:32 2020

* Version:        2019.1.3 (Build 2642998 on Wed Sep 04 10:25:22 MDT 2019)
* Project:        actsofagraph
* Solution:       solution1
* Product family: virtexuplus
* Target device:  xcvu9p-fsgd2104-2-i


================================================================
== Performance Estimates
================================================================
+ Timing (ns): 
    * Summary: 
    +--------+-------+----------+------------+
    |  Clock | Target| Estimated| Uncertainty|
    +--------+-------+----------+------------+
    |ap_clk  |  10.00|     8.750|        1.25|
    +--------+-------+----------+------------+

+ Latency (clock cycles): 
    * Summary: 
    +-----+-----+-----+-----+---------+
    |  Latency  |  Interval | Pipeline|
    | min | max | min | max |   Type  |
    +-----+-----+-----+-----+---------+
    |  520|  520|  520|  520|   none  |
    +-----+-----+-----+-----+---------+

    + Detail: 
        * Instance: 
        N/A

        * Loop: 
        +----------------------+-----+-----+----------+-----------+-----------+------+----------+
        |                      |  Latency  | Iteration|  Initiation Interval  | Trip |          |
        |       Loop Name      | min | max |  Latency |  achieved |   target  | Count| Pipelined|
        +----------------------+-----+-----+----------+-----------+-----------+------+----------+
        |- SAVEKEYVALUES_LOOP  |  513|  513|         3|          1|          1|   512|    yes   |
        +----------------------+-----+-----+----------+-----------+-----------+------+----------+



================================================================
== Utilization Estimates
================================================================
* Summary: 
+---------------------+---------+-------+---------+---------+-----+
|         Name        | BRAM_18K| DSP48E|    FF   |   LUT   | URAM|
+---------------------+---------+-------+---------+---------+-----+
|DSP                  |        -|      -|        -|        -|    -|
|Expression           |        -|      -|        0|       96|    -|
|FIFO                 |        -|      -|        -|        -|    -|
|Instance             |        -|      -|        -|        -|    -|
|Memory               |        -|      -|        -|        -|    -|
|Multiplexer          |        -|      -|        -|       98|    -|
|Register             |        -|      -|      568|        -|    -|
+---------------------+---------+-------+---------+---------+-----+
|Total                |        0|      0|      568|      194|    0|
+---------------------+---------+-------+---------+---------+-----+
|Available SLR        |     1440|   2280|   788160|   394080|  320|
+---------------------+---------+-------+---------+---------+-----+
|Utilization SLR (%)  |        0|      0|    ~0   |    ~0   |    0|
+---------------------+---------+-------+---------+---------+-----+
|Available            |     4320|   6840|  2364480|  1182240|  960|
+---------------------+---------+-------+---------+---------+-----+
|Utilization (%)      |        0|      0|    ~0   |    ~0   |    0|
+---------------------+---------+-------+---------+---------+-----+

+ Detail: 
    * Instance: 
    N/A

    * DSP48E: 
    N/A

    * Memory: 
    N/A

    * FIFO: 
    N/A

    * Expression: 
    +---------------------------+----------+-------+---+----+------------+------------+
    |       Variable Name       | Operation| DSP48E| FF| LUT| Bitwidth P0| Bitwidth P1|
    +---------------------------+----------+-------+---+----+------------+------------+
    |add_ln2504_fu_118_p2       |     +    |      0|  0|  32|          32|          26|
    |add_ln321_fu_132_p2        |     +    |      0|  0|  33|          33|          33|
    |i_fu_154_p2                |     +    |      0|  0|  10|          10|           1|
    |ap_block_pp0_stage0_11001  |    and   |      0|  0|   2|           1|           1|
    |ap_block_state5_io         |    and   |      0|  0|   2|           1|           1|
    |icmp_ln2501_fu_148_p2      |   icmp   |      0|  0|  13|          10|          11|
    |ap_enable_pp0              |    xor   |      0|  0|   2|           1|           2|
    |ap_enable_reg_pp0_iter1    |    xor   |      0|  0|   2|           2|           1|
    +---------------------------+----------+-------+---+----+------------+------------+
    |Total                      |          |      0|  0|  96|          90|          76|
    +---------------------------+----------+-------+---+----+------------+------------+

    * Multiplexer: 
    +-------------------------+----+-----------+-----+-----------+
    |           Name          | LUT| Input Size| Bits| Total Bits|
    +-------------------------+----+-----------+-----+-----------+
    |ap_NS_fsm                |  44|          9|    1|          9|
    |ap_enable_reg_pp0_iter1  |   9|          2|    1|          2|
    |ap_enable_reg_pp0_iter2  |   9|          2|    1|          2|
    |i_0_reg_107              |   9|          2|   10|         20|
    |kvdram_V_blk_n_AW        |   9|          2|    1|          2|
    |kvdram_V_blk_n_B         |   9|          2|    1|          2|
    |kvdram_V_blk_n_W         |   9|          2|    1|          2|
    +-------------------------+----+-----------+-----+-----------+
    |Total                    |  98|         21|   16|         39|
    +-------------------------+----+-----------+-----+-----------+

    * Register: 
    +-----------------------------------+-----+----+-----+-----------+
    |                Name               |  FF | LUT| Bits| Const Bits|
    +-----------------------------------+-----+----+-----+-----------+
    |add_ln321_reg_165                  |   33|   0|   33|          0|
    |ap_CS_fsm                          |    8|   0|    8|          0|
    |ap_enable_reg_pp0_iter0            |    1|   0|    1|          0|
    |ap_enable_reg_pp0_iter1            |    1|   0|    1|          0|
    |ap_enable_reg_pp0_iter2            |    1|   0|    1|          0|
    |buffer_V_load_reg_190              |  512|   0|  512|          0|
    |i_0_reg_107                        |   10|   0|   10|          0|
    |icmp_ln2501_reg_176                |    1|   0|    1|          0|
    |icmp_ln2501_reg_176_pp0_iter1_reg  |    1|   0|    1|          0|
    +-----------------------------------+-----+----+-----+-----------+
    |Total                              |  568|   0|  568|          0|
    +-----------------------------------+-----+----+-----+-----------+



================================================================
== Interface
================================================================
* Summary: 
+-------------------------+-----+-----+------------+-----------------+--------------+
|        RTL Ports        | Dir | Bits|  Protocol  |  Source Object  |    C Type    |
+-------------------------+-----+-----+------------+-----------------+--------------+
|ap_clk                   |  in |    1| ap_ctrl_hs |  savekeyvalues0 | return value |
|ap_rst                   |  in |    1| ap_ctrl_hs |  savekeyvalues0 | return value |
|ap_start                 |  in |    1| ap_ctrl_hs |  savekeyvalues0 | return value |
|ap_done                  | out |    1| ap_ctrl_hs |  savekeyvalues0 | return value |
|ap_idle                  | out |    1| ap_ctrl_hs |  savekeyvalues0 | return value |
|ap_ready                 | out |    1| ap_ctrl_hs |  savekeyvalues0 | return value |
|m_axi_kvdram_V_AWVALID   | out |    1|    m_axi   |     kvdram_V    |    pointer   |
|m_axi_kvdram_V_AWREADY   |  in |    1|    m_axi   |     kvdram_V    |    pointer   |
|m_axi_kvdram_V_AWADDR    | out |   32|    m_axi   |     kvdram_V    |    pointer   |
|m_axi_kvdram_V_AWID      | out |    1|    m_axi   |     kvdram_V    |    pointer   |
|m_axi_kvdram_V_AWLEN     | out |   32|    m_axi   |     kvdram_V    |    pointer   |
|m_axi_kvdram_V_AWSIZE    | out |    3|    m_axi   |     kvdram_V    |    pointer   |
|m_axi_kvdram_V_AWBURST   | out |    2|    m_axi   |     kvdram_V    |    pointer   |
|m_axi_kvdram_V_AWLOCK    | out |    2|    m_axi   |     kvdram_V    |    pointer   |
|m_axi_kvdram_V_AWCACHE   | out |    4|    m_axi   |     kvdram_V    |    pointer   |
|m_axi_kvdram_V_AWPROT    | out |    3|    m_axi   |     kvdram_V    |    pointer   |
|m_axi_kvdram_V_AWQOS     | out |    4|    m_axi   |     kvdram_V    |    pointer   |
|m_axi_kvdram_V_AWREGION  | out |    4|    m_axi   |     kvdram_V    |    pointer   |
|m_axi_kvdram_V_AWUSER    | out |    1|    m_axi   |     kvdram_V    |    pointer   |
|m_axi_kvdram_V_WVALID    | out |    1|    m_axi   |     kvdram_V    |    pointer   |
|m_axi_kvdram_V_WREADY    |  in |    1|    m_axi   |     kvdram_V    |    pointer   |
|m_axi_kvdram_V_WDATA     | out |  512|    m_axi   |     kvdram_V    |    pointer   |
|m_axi_kvdram_V_WSTRB     | out |   64|    m_axi   |     kvdram_V    |    pointer   |
|m_axi_kvdram_V_WLAST     | out |    1|    m_axi   |     kvdram_V    |    pointer   |
|m_axi_kvdram_V_WID       | out |    1|    m_axi   |     kvdram_V    |    pointer   |
|m_axi_kvdram_V_WUSER     | out |    1|    m_axi   |     kvdram_V    |    pointer   |
|m_axi_kvdram_V_ARVALID   | out |    1|    m_axi   |     kvdram_V    |    pointer   |
|m_axi_kvdram_V_ARREADY   |  in |    1|    m_axi   |     kvdram_V    |    pointer   |
|m_axi_kvdram_V_ARADDR    | out |   32|    m_axi   |     kvdram_V    |    pointer   |
|m_axi_kvdram_V_ARID      | out |    1|    m_axi   |     kvdram_V    |    pointer   |
|m_axi_kvdram_V_ARLEN     | out |   32|    m_axi   |     kvdram_V    |    pointer   |
|m_axi_kvdram_V_ARSIZE    | out |    3|    m_axi   |     kvdram_V    |    pointer   |
|m_axi_kvdram_V_ARBURST   | out |    2|    m_axi   |     kvdram_V    |    pointer   |
|m_axi_kvdram_V_ARLOCK    | out |    2|    m_axi   |     kvdram_V    |    pointer   |
|m_axi_kvdram_V_ARCACHE   | out |    4|    m_axi   |     kvdram_V    |    pointer   |
|m_axi_kvdram_V_ARPROT    | out |    3|    m_axi   |     kvdram_V    |    pointer   |
|m_axi_kvdram_V_ARQOS     | out |    4|    m_axi   |     kvdram_V    |    pointer   |
|m_axi_kvdram_V_ARREGION  | out |    4|    m_axi   |     kvdram_V    |    pointer   |
|m_axi_kvdram_V_ARUSER    | out |    1|    m_axi   |     kvdram_V    |    pointer   |
|m_axi_kvdram_V_RVALID    |  in |    1|    m_axi   |     kvdram_V    |    pointer   |
|m_axi_kvdram_V_RREADY    | out |    1|    m_axi   |     kvdram_V    |    pointer   |
|m_axi_kvdram_V_RDATA     |  in |  512|    m_axi   |     kvdram_V    |    pointer   |
|m_axi_kvdram_V_RLAST     |  in |    1|    m_axi   |     kvdram_V    |    pointer   |
|m_axi_kvdram_V_RID       |  in |    1|    m_axi   |     kvdram_V    |    pointer   |
|m_axi_kvdram_V_RUSER     |  in |    1|    m_axi   |     kvdram_V    |    pointer   |
|m_axi_kvdram_V_RRESP     |  in |    2|    m_axi   |     kvdram_V    |    pointer   |
|m_axi_kvdram_V_BVALID    |  in |    1|    m_axi   |     kvdram_V    |    pointer   |
|m_axi_kvdram_V_BREADY    | out |    1|    m_axi   |     kvdram_V    |    pointer   |
|m_axi_kvdram_V_BRESP     |  in |    2|    m_axi   |     kvdram_V    |    pointer   |
|m_axi_kvdram_V_BID       |  in |    1|    m_axi   |     kvdram_V    |    pointer   |
|m_axi_kvdram_V_BUSER     |  in |    1|    m_axi   |     kvdram_V    |    pointer   |
|kvdram_V_offset          |  in |   26|   ap_none  | kvdram_V_offset |    scalar    |
|buffer_V_address0        | out |    9|  ap_memory |     buffer_V    |     array    |
|buffer_V_ce0             | out |    1|  ap_memory |     buffer_V    |     array    |
|buffer_V_q0              |  in |  512|  ap_memory |     buffer_V    |     array    |
|offset_kvs               |  in |   32|   ap_none  |    offset_kvs   |    scalar    |
+-------------------------+-----+-----+------------+-----------------+--------------+

============================================================
+ Verbose Summary: Synthesis Manager
============================================================
InlineROM: 1
ExposeGlobal: 0
============================================================
+ Verbose Summary: CDFG Model
============================================================
IsTopModel: 0
ResetActiveHigh: 1
IsCombinational: 2
IsDatapathOnly: 2
HasWiredReturn: 1
HasMFsm: 0
HasVarLatency: 1
IsPipeline: 0
IsRtlPipelined: 0
IsInstanceOverlapped: 0
IsDontTouch: 0
HasImplIP: 0
IsGatedGlobalClock: 0

+ Individual pipeline summary: 
  * Pipeline-0: initiation interval (II) = 1, depth = 3


============================================================
+ Verbose Summary: Schedule
============================================================
* Number of FSM states : 10
* Pipeline : 1
  Pipeline-0 : II = 1, D = 3, States = { 3 4 5 }
* Dataflow Pipeline: 0

* FSM state transitions: 
1 --> 2 
2 --> 3 
3 --> 6 4 
4 --> 5 
5 --> 3 
6 --> 7 
7 --> 8 
8 --> 9 
9 --> 10 
10 --> 

* FSM state operations: 

State 1 <SV = 0> <Delay = 1.33>
ST_1 : Operation 11 [1/1] (0.00ns)   --->   "%offset_kvs_read = call i32 @_ssdm_op_Read.ap_auto.i32(i32 %offset_kvs)"   --->   Operation 11 'read' 'offset_kvs_read' <Predicate = true> <Delay = 0.00>
ST_1 : Operation 12 [1/1] (0.00ns)   --->   "%kvdram_V_offset_read = call i26 @_ssdm_op_Read.ap_auto.i26(i26 %kvdram_V_offset)"   --->   Operation 12 'read' 'kvdram_V_offset_read' <Predicate = true> <Delay = 0.00>
ST_1 : Operation 13 [1/1] (0.66ns)   --->   "%add_ln2504 = add i32 %offset_kvs_read, 35950592" [../kernels/acts.cpp:2504]   --->   Operation 13 'add' 'add_ln2504' <Predicate = true> <Delay = 0.66> <Core = "AddSub">   --->   Core 14 'AddSub' <Latency = 0> <II = 1> <Delay = 0.54> <FuncUnit> <Opcode : 'add' 'sub'> <InPorts = 2> <OutPorts = 1>
ST_1 : Operation 14 [1/1] (0.00ns)   --->   "%zext_ln321 = zext i32 %add_ln2504 to i33" [../kernels/acts.cpp:2504]   --->   Operation 14 'zext' 'zext_ln321' <Predicate = true> <Delay = 0.00>
ST_1 : Operation 15 [1/1] (0.00ns)   --->   "%zext_ln321_4 = zext i26 %kvdram_V_offset_read to i33" [../kernels/acts.cpp:2504]   --->   Operation 15 'zext' 'zext_ln321_4' <Predicate = true> <Delay = 0.00>
ST_1 : Operation 16 [1/1] (0.66ns)   --->   "%add_ln321 = add i33 %zext_ln321, %zext_ln321_4" [../kernels/acts.cpp:2504]   --->   Operation 16 'add' 'add_ln321' <Predicate = true> <Delay = 0.66> <Core = "AddSub">   --->   Core 14 'AddSub' <Latency = 0> <II = 1> <Delay = 0.54> <FuncUnit> <Opcode : 'add' 'sub'> <InPorts = 2> <OutPorts = 1>

State 2 <SV = 1> <Delay = 8.75>
ST_2 : Operation 17 [1/1] (0.00ns)   --->   "call void (...)* @_ssdm_op_SpecBRAMWithByteEnable([512 x i512]* %buffer_V)"   --->   Operation 17 'specbramwithbyteenable' <Predicate = true> <Delay = 0.00>
ST_2 : Operation 18 [1/1] (0.00ns)   --->   "call void (...)* @_ssdm_op_SpecInterface(i512* %kvdram_V, [6 x i8]* @p_str47, i32 0, i32 0, [1 x i8]* @p_str, i32 0, i32 0, [6 x i8]* @p_str48, [6 x i8]* @p_str49, [1 x i8]* @p_str, i32 16, i32 16, i32 64, i32 64, [1 x i8]* @p_str, [1 x i8]* @p_str)"   --->   Operation 18 'specinterface' <Predicate = true> <Delay = 0.00>
ST_2 : Operation 19 [1/1] (0.00ns)   --->   "%zext_ln321_5 = zext i33 %add_ln321 to i64" [../kernels/acts.cpp:2504]   --->   Operation 19 'zext' 'zext_ln321_5' <Predicate = true> <Delay = 0.00>
ST_2 : Operation 20 [1/1] (0.00ns)   --->   "%kvdram_V_addr = getelementptr i512* %kvdram_V, i64 %zext_ln321_5" [../kernels/acts.cpp:2504]   --->   Operation 20 'getelementptr' 'kvdram_V_addr' <Predicate = true> <Delay = 0.00>
ST_2 : Operation 21 [1/1] (8.75ns)   --->   "%kvdram_V_addr_wr_req = call i1 @_ssdm_op_WriteReq.m_axi.i512P(i512* %kvdram_V_addr, i32 512)" [../kernels/acts.cpp:2504]   --->   Operation 21 'writereq' 'kvdram_V_addr_wr_req' <Predicate = true> <Delay = 8.75> <Core = "m_axi">   --->   Core 9 'm_axi' <Latency = 6> <II = 1> <Delay = 1.00> <Adapter> <Opcode : 'read' 'write' 'readreq' 'writereq' 'writeresp'>
ST_2 : Operation 22 [1/1] (0.60ns)   --->   "br label %1" [../kernels/acts.cpp:2501]   --->   Operation 22 'br' <Predicate = true> <Delay = 0.60>

State 3 <SV = 2> <Delay = 1.15>
ST_3 : Operation 23 [1/1] (0.00ns)   --->   "%i_0 = phi i10 [ 0, %0 ], [ %i, %SAVEKEYVALUES_LOOP ]"   --->   Operation 23 'phi' 'i_0' <Predicate = true> <Delay = 0.00>
ST_3 : Operation 24 [1/1] (0.60ns)   --->   "%icmp_ln2501 = icmp eq i10 %i_0, -512" [../kernels/acts.cpp:2501]   --->   Operation 24 'icmp' 'icmp_ln2501' <Predicate = true> <Delay = 0.60> <Core = "Cmp">   --->   Core 25 'Cmp' <Latency = 0> <II = 1> <Delay = 0.61> <FuncUnit> <Opcode : 'icmp'> <InPorts = 2> <OutPorts = 1>
ST_3 : Operation 25 [1/1] (0.00ns)   --->   "call void (...)* @_ssdm_op_SpecLoopTripCount(i64 512, i64 512, i64 512)"   --->   Operation 25 'speclooptripcount' <Predicate = true> <Delay = 0.00>
ST_3 : Operation 26 [1/1] (0.54ns)   --->   "%i = add i10 %i_0, 1" [../kernels/acts.cpp:2501]   --->   Operation 26 'add' 'i' <Predicate = true> <Delay = 0.54> <Core = "AddSub">   --->   Core 14 'AddSub' <Latency = 0> <II = 1> <Delay = 0.54> <FuncUnit> <Opcode : 'add' 'sub'> <InPorts = 2> <OutPorts = 1>
ST_3 : Operation 27 [1/1] (0.00ns)   --->   "br i1 %icmp_ln2501, label %2, label %SAVEKEYVALUES_LOOP" [../kernels/acts.cpp:2501]   --->   Operation 27 'br' <Predicate = true> <Delay = 0.00>
ST_3 : Operation 28 [1/1] (0.00ns)   --->   "%zext_ln2504 = zext i10 %i_0 to i64" [../kernels/acts.cpp:2504]   --->   Operation 28 'zext' 'zext_ln2504' <Predicate = (!icmp_ln2501)> <Delay = 0.00>
ST_3 : Operation 29 [1/1] (0.00ns)   --->   "%buffer_V_addr = getelementptr [512 x i512]* %buffer_V, i64 0, i64 %zext_ln2504" [../kernels/acts.cpp:2504]   --->   Operation 29 'getelementptr' 'buffer_V_addr' <Predicate = (!icmp_ln2501)> <Delay = 0.00>
ST_3 : Operation 30 [2/2] (1.15ns)   --->   "%buffer_V_load = load i512* %buffer_V_addr, align 64" [../kernels/acts.cpp:2504]   --->   Operation 30 'load' 'buffer_V_load' <Predicate = (!icmp_ln2501)> <Delay = 1.15> <Core = "RAM">   --->   Core 37 'RAM' <Latency = 1> <II = 1> <Delay = 1.15> <Storage> <Opcode : 'load' 'store'> <Ports = 2> <Width = 32> <Depth = 32> <RAM>

State 4 <SV = 3> <Delay = 1.15>
ST_4 : Operation 31 [1/2] (1.15ns)   --->   "%buffer_V_load = load i512* %buffer_V_addr, align 64" [../kernels/acts.cpp:2504]   --->   Operation 31 'load' 'buffer_V_load' <Predicate = (!icmp_ln2501)> <Delay = 1.15> <Core = "RAM">   --->   Core 37 'RAM' <Latency = 1> <II = 1> <Delay = 1.15> <Storage> <Opcode : 'load' 'store'> <Ports = 2> <Width = 32> <Depth = 32> <RAM>

State 5 <SV = 4> <Delay = 8.75>
ST_5 : Operation 32 [1/1] (0.00ns)   --->   "call void (...)* @_ssdm_op_SpecLoopName([19 x i8]* @p_str20) nounwind" [../kernels/acts.cpp:2501]   --->   Operation 32 'specloopname' <Predicate = (!icmp_ln2501)> <Delay = 0.00>
ST_5 : Operation 33 [1/1] (0.00ns)   --->   "%tmp = call i32 (...)* @_ssdm_op_SpecRegionBegin([19 x i8]* @p_str20)" [../kernels/acts.cpp:2501]   --->   Operation 33 'specregionbegin' 'tmp' <Predicate = (!icmp_ln2501)> <Delay = 0.00>
ST_5 : Operation 34 [1/1] (0.00ns)   --->   "call void (...)* @_ssdm_op_SpecPipeline(i32 1, i32 1, i32 1, i32 0, [1 x i8]* @p_str) nounwind" [../kernels/acts.cpp:2502]   --->   Operation 34 'specpipeline' <Predicate = (!icmp_ln2501)> <Delay = 0.00>
ST_5 : Operation 35 [1/1] (8.75ns)   --->   "call void @_ssdm_op_Write.m_axi.i512P(i512* %kvdram_V_addr, i512 %buffer_V_load, i64 -1)" [../kernels/acts.cpp:2504]   --->   Operation 35 'write' <Predicate = (!icmp_ln2501)> <Delay = 8.75> <Core = "m_axi">   --->   Core 9 'm_axi' <Latency = 6> <II = 1> <Delay = 1.00> <Adapter> <Opcode : 'read' 'write' 'readreq' 'writereq' 'writeresp'>
ST_5 : Operation 36 [1/1] (0.00ns)   --->   "%empty = call i32 (...)* @_ssdm_op_SpecRegionEnd([19 x i8]* @p_str20, i32 %tmp)" [../kernels/acts.cpp:2508]   --->   Operation 36 'specregionend' 'empty' <Predicate = (!icmp_ln2501)> <Delay = 0.00>
ST_5 : Operation 37 [1/1] (0.00ns)   --->   "br label %1" [../kernels/acts.cpp:2501]   --->   Operation 37 'br' <Predicate = (!icmp_ln2501)> <Delay = 0.00>

State 6 <SV = 3> <Delay = 8.75>
ST_6 : Operation 38 [5/5] (8.75ns)   --->   "%kvdram_V_addr_wr_res = call i1 @_ssdm_op_WriteResp.m_axi.i512P(i512* %kvdram_V_addr)" [../kernels/acts.cpp:2504]   --->   Operation 38 'writeresp' 'kvdram_V_addr_wr_res' <Predicate = true> <Delay = 8.75> <Core = "m_axi">   --->   Core 9 'm_axi' <Latency = 6> <II = 1> <Delay = 1.00> <Adapter> <Opcode : 'read' 'write' 'readreq' 'writereq' 'writeresp'>

State 7 <SV = 4> <Delay = 8.75>
ST_7 : Operation 39 [4/5] (8.75ns)   --->   "%kvdram_V_addr_wr_res = call i1 @_ssdm_op_WriteResp.m_axi.i512P(i512* %kvdram_V_addr)" [../kernels/acts.cpp:2504]   --->   Operation 39 'writeresp' 'kvdram_V_addr_wr_res' <Predicate = true> <Delay = 8.75> <Core = "m_axi">   --->   Core 9 'm_axi' <Latency = 6> <II = 1> <Delay = 1.00> <Adapter> <Opcode : 'read' 'write' 'readreq' 'writereq' 'writeresp'>

State 8 <SV = 5> <Delay = 8.75>
ST_8 : Operation 40 [3/5] (8.75ns)   --->   "%kvdram_V_addr_wr_res = call i1 @_ssdm_op_WriteResp.m_axi.i512P(i512* %kvdram_V_addr)" [../kernels/acts.cpp:2504]   --->   Operation 40 'writeresp' 'kvdram_V_addr_wr_res' <Predicate = true> <Delay = 8.75> <Core = "m_axi">   --->   Core 9 'm_axi' <Latency = 6> <II = 1> <Delay = 1.00> <Adapter> <Opcode : 'read' 'write' 'readreq' 'writereq' 'writeresp'>

State 9 <SV = 6> <Delay = 8.75>
ST_9 : Operation 41 [2/5] (8.75ns)   --->   "%kvdram_V_addr_wr_res = call i1 @_ssdm_op_WriteResp.m_axi.i512P(i512* %kvdram_V_addr)" [../kernels/acts.cpp:2504]   --->   Operation 41 'writeresp' 'kvdram_V_addr_wr_res' <Predicate = true> <Delay = 8.75> <Core = "m_axi">   --->   Core 9 'm_axi' <Latency = 6> <II = 1> <Delay = 1.00> <Adapter> <Opcode : 'read' 'write' 'readreq' 'writereq' 'writeresp'>

State 10 <SV = 7> <Delay = 8.75>
ST_10 : Operation 42 [1/5] (8.75ns)   --->   "%kvdram_V_addr_wr_res = call i1 @_ssdm_op_WriteResp.m_axi.i512P(i512* %kvdram_V_addr)" [../kernels/acts.cpp:2504]   --->   Operation 42 'writeresp' 'kvdram_V_addr_wr_res' <Predicate = true> <Delay = 8.75> <Core = "m_axi">   --->   Core 9 'm_axi' <Latency = 6> <II = 1> <Delay = 1.00> <Adapter> <Opcode : 'read' 'write' 'readreq' 'writereq' 'writeresp'>
ST_10 : Operation 43 [1/1] (0.00ns)   --->   "ret void" [../kernels/acts.cpp:2509]   --->   Operation 43 'ret' <Predicate = true> <Delay = 0.00>


============================================================
+ Verbose Summary: Binding
============================================================
STG Binding: 
---------------- STG Properties BEGIN ----------------
- Is combinational: 0
- Is one-state seq: 0
- Is datapath-only: 0
- Is pipelined: 0
- Is top level: 0
Port [ Return ] is wired: 1; IO mode=ap_ctrl_hs:ce=0
Port [ kvdram_V]:  wired=1; compound=1; hidden=0; nouse=0; global=0; static=0; extern=0; dir=1; type=4; pingpong=0; private_global=0; IO mode=m_axi:ce=0
Port [ kvdram_V_offset]:  wired=1; compound=0; hidden=0; nouse=0; global=0; static=0; extern=0; dir=0; type=0; pingpong=0; private_global=0; IO mode=ap_none:ce=0
Port [ buffer_V]:  wired=1; compound=1; hidden=0; nouse=0; global=0; static=0; extern=0; dir=0; type=1; pingpong=0; private_global=0; MemPort=[13]; IO mode=ap_memory:ce=0
Port [ offset_kvs]:  wired=1; compound=0; hidden=0; nouse=0; global=0; static=0; extern=0; dir=0; type=0; pingpong=0; private_global=0; IO mode=ap_none:ce=0
---------------- STG Properties END ------------------

---------------- Datapath Model BEGIN ----------------

<LifeTime>
<method=bitvector/>
offset_kvs_read            (read                  ) [ 00000000000]
kvdram_V_offset_read       (read                  ) [ 00000000000]
add_ln2504                 (add                   ) [ 00000000000]
zext_ln321                 (zext                  ) [ 00000000000]
zext_ln321_4               (zext                  ) [ 00000000000]
add_ln321                  (add                   ) [ 00100000000]
specbramwithbyteenable_ln0 (specbramwithbyteenable) [ 00000000000]
specinterface_ln0          (specinterface         ) [ 00000000000]
zext_ln321_5               (zext                  ) [ 00000000000]
kvdram_V_addr              (getelementptr         ) [ 00011111111]
kvdram_V_addr_wr_req       (writereq              ) [ 00000000000]
br_ln2501                  (br                    ) [ 00111100000]
i_0                        (phi                   ) [ 00010000000]
icmp_ln2501                (icmp                  ) [ 00011100000]
speclooptripcount_ln0      (speclooptripcount     ) [ 00000000000]
i                          (add                   ) [ 00111100000]
br_ln2501                  (br                    ) [ 00000000000]
zext_ln2504                (zext                  ) [ 00000000000]
buffer_V_addr              (getelementptr         ) [ 00011000000]
buffer_V_load              (load                  ) [ 00010100000]
specloopname_ln2501        (specloopname          ) [ 00000000000]
tmp                        (specregionbegin       ) [ 00000000000]
specpipeline_ln2502        (specpipeline          ) [ 00000000000]
write_ln2504               (write                 ) [ 00000000000]
empty                      (specregionend         ) [ 00000000000]
br_ln2501                  (br                    ) [ 00111100000]
kvdram_V_addr_wr_res       (writeresp             ) [ 00000000000]
ret_ln2509                 (ret                   ) [ 00000000000]
</LifeTime>

<model>

<comp_list>
<comp id="0" class="1000" name="kvdram_V">
<pin_list>
<pin id="1" dir="1" index="0" bw="1" slack="0"/>
</pin_list>
<bind>
<StgValue><ssdm name="kvdram_V"/></StgValue>
</bind>
</comp>

<comp id="2" class="1000" name="kvdram_V_offset">
<pin_list>
<pin id="3" dir="1" index="0" bw="1" slack="0"/>
</pin_list>
<bind>
<StgValue><ssdm name="kvdram_V_offset"/></StgValue>
</bind>
</comp>

<comp id="4" class="1000" name="buffer_V">
<pin_list>
<pin id="5" dir="1" index="0" bw="1" slack="0"/>
</pin_list>
<bind>
<StgValue><ssdm name="buffer_V"/><MemPortTyVec>1 3 </MemPortTyVec>
</StgValue>
</bind>
</comp>

<comp id="6" class="1000" name="offset_kvs">
<pin_list>
<pin id="7" dir="1" index="0" bw="1" slack="0"/>
</pin_list>
<bind>
<StgValue><ssdm name="offset_kvs"/></StgValue>
</bind>
</comp>

<comp id="8" class="1001" name="const_8">
<pin_list>
<pin id="9" dir="1" index="0" bw="1" slack="0"/>
</pin_list>
<bind>
<StgValue><ssdm name="_ssdm_op_Read.ap_auto.i32"/></StgValue>
</bind>
</comp>

<comp id="10" class="1001" name="const_10">
<pin_list>
<pin id="11" dir="1" index="0" bw="1" slack="0"/>
</pin_list>
<bind>
<StgValue><ssdm name="_ssdm_op_Read.ap_auto.i26"/></StgValue>
</bind>
</comp>

<comp id="12" class="1001" name="const_12">
<pin_list>
<pin id="13" dir="1" index="0" bw="1" slack="0"/>
</pin_list>
<bind>
<StgValue><ssdm name=""/></StgValue>
</bind>
</comp>

<comp id="14" class="1001" name="const_14">
<pin_list>
<pin id="15" dir="1" index="0" bw="1" slack="2147483647"/>
</pin_list>
<bind>
<StgValue><ssdm name="_ssdm_op_SpecBRAMWithByteEnable"/></StgValue>
</bind>
</comp>

<comp id="16" class="1001" name="const_16">
<pin_list>
<pin id="17" dir="1" index="0" bw="1" slack="2147483647"/>
</pin_list>
<bind>
<StgValue><ssdm name="_ssdm_op_SpecInterface"/></StgValue>
</bind>
</comp>

<comp id="18" class="1001" name="const_18">
<pin_list>
<pin id="19" dir="1" index="0" bw="1" slack="2147483647"/>
</pin_list>
<bind>
<StgValue><ssdm name="p_str47"/></StgValue>
</bind>
</comp>

<comp id="20" class="1001" name="const_20">
<pin_list>
<pin id="21" dir="1" index="0" bw="1" slack="2147483647"/>
</pin_list>
<bind>
<StgValue><ssdm name=""/></StgValue>
</bind>
</comp>

<comp id="22" class="1001" name="const_22">
<pin_list>
<pin id="23" dir="1" index="0" bw="1" slack="2147483647"/>
</pin_list>
<bind>
<StgValue><ssdm name="p_str"/></StgValue>
</bind>
</comp>

<comp id="24" class="1001" name="const_24">
<pin_list>
<pin id="25" dir="1" index="0" bw="1" slack="2147483647"/>
</pin_list>
<bind>
<StgValue><ssdm name="p_str48"/></StgValue>
</bind>
</comp>

<comp id="26" class="1001" name="const_26">
<pin_list>
<pin id="27" dir="1" index="0" bw="1" slack="2147483647"/>
</pin_list>
<bind>
<StgValue><ssdm name="p_str49"/></StgValue>
</bind>
</comp>

<comp id="28" class="1001" name="const_28">
<pin_list>
<pin id="29" dir="1" index="0" bw="1" slack="2147483647"/>
</pin_list>
<bind>
<StgValue><ssdm name=""/></StgValue>
</bind>
</comp>

<comp id="30" class="1001" name="const_30">
<pin_list>
<pin id="31" dir="1" index="0" bw="1" slack="2147483647"/>
</pin_list>
<bind>
<StgValue><ssdm name=""/></StgValue>
</bind>
</comp>

<comp id="32" class="1001" name="const_32">
<pin_list>
<pin id="33" dir="1" index="0" bw="1" slack="0"/>
</pin_list>
<bind>
<StgValue><ssdm name="_ssdm_op_WriteReq.m_axi.i512P"/></StgValue>
</bind>
</comp>

<comp id="34" class="1001" name="const_34">
<pin_list>
<pin id="35" dir="1" index="0" bw="1" slack="0"/>
</pin_list>
<bind>
<StgValue><ssdm name=""/></StgValue>
</bind>
</comp>

<comp id="36" class="1001" name="const_36">
<pin_list>
<pin id="37" dir="1" index="0" bw="1" slack="1"/>
</pin_list>
<bind>
<StgValue><ssdm name=""/></StgValue>
</bind>
</comp>

<comp id="38" class="1001" name="const_38">
<pin_list>
<pin id="39" dir="1" index="0" bw="1" slack="0"/>
</pin_list>
<bind>
<StgValue><ssdm name=""/></StgValue>
</bind>
</comp>

<comp id="40" class="1001" name="const_40">
<pin_list>
<pin id="41" dir="1" index="0" bw="1" slack="2147483647"/>
</pin_list>
<bind>
<StgValue><ssdm name="_ssdm_op_SpecLoopTripCount"/></StgValue>
</bind>
</comp>

<comp id="42" class="1001" name="const_42">
<pin_list>
<pin id="43" dir="1" index="0" bw="1" slack="2147483647"/>
</pin_list>
<bind>
<StgValue><ssdm name=""/></StgValue>
</bind>
</comp>

<comp id="44" class="1001" name="const_44">
<pin_list>
<pin id="45" dir="1" index="0" bw="1" slack="0"/>
</pin_list>
<bind>
<StgValue><ssdm name=""/></StgValue>
</bind>
</comp>

<comp id="46" class="1001" name="const_46">
<pin_list>
<pin id="47" dir="1" index="0" bw="1" slack="0"/>
</pin_list>
<bind>
<StgValue><ssdm name=""/></StgValue>
</bind>
</comp>

<comp id="48" class="1001" name="const_48">
<pin_list>
<pin id="49" dir="1" index="0" bw="1" slack="2147483647"/>
</pin_list>
<bind>
<StgValue><ssdm name="_ssdm_op_SpecLoopName"/></StgValue>
</bind>
</comp>

<comp id="50" class="1001" name="const_50">
<pin_list>
<pin id="51" dir="1" index="0" bw="1" slack="2147483647"/>
</pin_list>
<bind>
<StgValue><ssdm name="p_str20"/></StgValue>
</bind>
</comp>

<comp id="52" class="1001" name="const_52">
<pin_list>
<pin id="53" dir="1" index="0" bw="1" slack="2147483647"/>
</pin_list>
<bind>
<StgValue><ssdm name="_ssdm_op_SpecRegionBegin"/></StgValue>
</bind>
</comp>

<comp id="54" class="1001" name="const_54">
<pin_list>
<pin id="55" dir="1" index="0" bw="1" slack="2147483647"/>
</pin_list>
<bind>
<StgValue><ssdm name="_ssdm_op_SpecPipeline"/></StgValue>
</bind>
</comp>

<comp id="56" class="1001" name="const_56">
<pin_list>
<pin id="57" dir="1" index="0" bw="1" slack="2147483647"/>
</pin_list>
<bind>
<StgValue><ssdm name=""/></StgValue>
</bind>
</comp>

<comp id="58" class="1001" name="const_58">
<pin_list>
<pin id="59" dir="1" index="0" bw="1" slack="0"/>
</pin_list>
<bind>
<StgValue><ssdm name="_ssdm_op_Write.m_axi.i512P"/></StgValue>
</bind>
</comp>

<comp id="60" class="1001" name="const_60">
<pin_list>
<pin id="61" dir="1" index="0" bw="1" slack="0"/>
</pin_list>
<bind>
<StgValue><ssdm name=""/></StgValue>
</bind>
</comp>

<comp id="62" class="1001" name="const_62">
<pin_list>
<pin id="63" dir="1" index="0" bw="1" slack="2147483647"/>
</pin_list>
<bind>
<StgValue><ssdm name="_ssdm_op_SpecRegionEnd"/></StgValue>
</bind>
</comp>

<comp id="64" class="1001" name="const_64">
<pin_list>
<pin id="65" dir="1" index="0" bw="1" slack="0"/>
</pin_list>
<bind>
<StgValue><ssdm name="_ssdm_op_WriteResp.m_axi.i512P"/></StgValue>
</bind>
</comp>

<comp id="66" class="1004" name="offset_kvs_read_read_fu_66">
<pin_list>
<pin id="67" dir="0" index="0" bw="32" slack="0"/>
<pin id="68" dir="0" index="1" bw="32" slack="0"/>
<pin id="69" dir="1" index="2" bw="32" slack="0"/>
</pin_list>
<bind>
<opcode="read(1150) " fcode="read"/>
<opset="offset_kvs_read/1 "/>
</bind>
</comp>

<comp id="72" class="1004" name="kvdram_V_offset_read_read_fu_72">
<pin_list>
<pin id="73" dir="0" index="0" bw="26" slack="0"/>
<pin id="74" dir="0" index="1" bw="26" slack="0"/>
<pin id="75" dir="1" index="2" bw="26" slack="0"/>
</pin_list>
<bind>
<opcode="read(1150) " fcode="read"/>
<opset="kvdram_V_offset_read/1 "/>
</bind>
</comp>

<comp id="78" class="1004" name="grp_writeresp_fu_78">
<pin_list>
<pin id="79" dir="0" index="0" bw="1" slack="0"/>
<pin id="80" dir="0" index="1" bw="512" slack="0"/>
<pin id="81" dir="0" index="2" bw="11" slack="0"/>
<pin id="82" dir="1" index="3" bw="1" slack="2147483647"/>
</pin_list>
<bind>
<opcode="writereq(1155) writeresp(1158) " fcode="writeresp"/>
<opset="kvdram_V_addr_wr_req/2 kvdram_V_addr_wr_res/6 "/>
</bind>
</comp>

<comp id="85" class="1004" name="write_ln2504_write_fu_85">
<pin_list>
<pin id="86" dir="0" index="0" bw="0" slack="0"/>
<pin id="87" dir="0" index="1" bw="512" slack="3"/>
<pin id="88" dir="0" index="2" bw="512" slack="1"/>
<pin id="89" dir="0" index="3" bw="1" slack="0"/>
<pin id="90" dir="1" index="4" bw="0" slack="2147483647"/>
</pin_list>
<bind>
<opcode="write(1151) " fcode="write"/>
<opset="write_ln2504/5 "/>
</bind>
</comp>

<comp id="94" class="1004" name="buffer_V_addr_gep_fu_94">
<pin_list>
<pin id="95" dir="0" index="0" bw="512" slack="0"/>
<pin id="96" dir="0" index="1" bw="1" slack="0"/>
<pin id="97" dir="0" index="2" bw="10" slack="0"/>
<pin id="98" dir="1" index="3" bw="9" slack="0"/>
</pin_list>
<bind>
<opcode="getelementptr(29) " fcode="getelementptr"/>
<opset="buffer_V_addr/3 "/>
</bind>
</comp>

<comp id="101" class="1004" name="grp_access_fu_101">
<pin_list>
<pin id="102" dir="0" index="0" bw="9" slack="0"/>
<pin id="103" dir="0" index="1" bw="512" slack="2147483647"/>
<pin id="104" dir="0" index="2" bw="0" slack="2147483647"/>
<pin id="105" dir="1" index="3" bw="512" slack="1"/>
</pin_list>
<bind>
<opcode="load(27) " fcode="load"/>
<opset="buffer_V_load/3 "/>
</bind>
</comp>

<comp id="107" class="1005" name="i_0_reg_107">
<pin_list>
<pin id="108" dir="0" index="0" bw="10" slack="1"/>
<pin id="109" dir="1" index="1" bw="10" slack="1"/>
</pin_list>
<bind>
<opset="i_0 (phireg) "/>
</bind>
</comp>

<comp id="111" class="1004" name="i_0_phi_fu_111">
<pin_list>
<pin id="112" dir="0" index="0" bw="1" slack="1"/>
<pin id="113" dir="0" index="1" bw="0" slack="2147483647"/>
<pin id="114" dir="0" index="2" bw="10" slack="0"/>
<pin id="115" dir="0" index="3" bw="0" slack="2147483647"/>
<pin id="116" dir="1" index="4" bw="10" slack="0"/>
</pin_list>
<bind>
<opcode="phi(47) " fcode="phi"/>
<opset="i_0/3 "/>
</bind>
</comp>

<comp id="118" class="1004" name="add_ln2504_fu_118">
<pin_list>
<pin id="119" dir="0" index="0" bw="32" slack="0"/>
<pin id="120" dir="0" index="1" bw="27" slack="0"/>
<pin id="121" dir="1" index="2" bw="32" slack="0"/>
</pin_list>
<bind>
<opcode="add(8) " fcode="add"/>
<opset="add_ln2504/1 "/>
</bind>
</comp>

<comp id="124" class="1004" name="zext_ln321_fu_124">
<pin_list>
<pin id="125" dir="0" index="0" bw="32" slack="0"/>
<pin id="126" dir="1" index="1" bw="33" slack="0"/>
</pin_list>
<bind>
<opcode="zext(34) " fcode="zext"/>
<opset="zext_ln321/1 "/>
</bind>
</comp>

<comp id="128" class="1004" name="zext_ln321_4_fu_128">
<pin_list>
<pin id="129" dir="0" index="0" bw="26" slack="0"/>
<pin id="130" dir="1" index="1" bw="33" slack="0"/>
</pin_list>
<bind>
<opcode="zext(34) " fcode="zext"/>
<opset="zext_ln321_4/1 "/>
</bind>
</comp>

<comp id="132" class="1004" name="add_ln321_fu_132">
<pin_list>
<pin id="133" dir="0" index="0" bw="32" slack="0"/>
<pin id="134" dir="0" index="1" bw="26" slack="0"/>
<pin id="135" dir="1" index="2" bw="33" slack="1"/>
</pin_list>
<bind>
<opcode="add(8) " fcode="add"/>
<opset="add_ln321/1 "/>
</bind>
</comp>

<comp id="138" class="1004" name="zext_ln321_5_fu_138">
<pin_list>
<pin id="139" dir="0" index="0" bw="33" slack="1"/>
<pin id="140" dir="1" index="1" bw="64" slack="0"/>
</pin_list>
<bind>
<opcode="zext(34) " fcode="zext"/>
<opset="zext_ln321_5/2 "/>
</bind>
</comp>

<comp id="141" class="1004" name="kvdram_V_addr_fu_141">
<pin_list>
<pin id="142" dir="0" index="0" bw="32" slack="0"/>
<pin id="143" dir="0" index="1" bw="32" slack="0"/>
<pin id="144" dir="1" index="2" bw="32" slack="0"/>
</pin_list>
<bind>
<opcode="getelementptr(29) " fcode="getelementptr"/>
<opset="kvdram_V_addr/2 "/>
</bind>
</comp>

<comp id="148" class="1004" name="icmp_ln2501_fu_148">
<pin_list>
<pin id="149" dir="0" index="0" bw="10" slack="0"/>
<pin id="150" dir="0" index="1" bw="10" slack="0"/>
<pin id="151" dir="1" index="2" bw="1" slack="1"/>
</pin_list>
<bind>
<opcode="icmp(45) " fcode="icmp"/>
<opset="icmp_ln2501/3 "/>
</bind>
</comp>

<comp id="154" class="1004" name="i_fu_154">
<pin_list>
<pin id="155" dir="0" index="0" bw="10" slack="0"/>
<pin id="156" dir="0" index="1" bw="1" slack="0"/>
<pin id="157" dir="1" index="2" bw="10" slack="0"/>
</pin_list>
<bind>
<opcode="add(8) " fcode="add"/>
<opset="i/3 "/>
</bind>
</comp>

<comp id="160" class="1004" name="zext_ln2504_fu_160">
<pin_list>
<pin id="161" dir="0" index="0" bw="10" slack="0"/>
<pin id="162" dir="1" index="1" bw="64" slack="0"/>
</pin_list>
<bind>
<opcode="zext(34) " fcode="zext"/>
<opset="zext_ln2504/3 "/>
</bind>
</comp>

<comp id="165" class="1005" name="add_ln321_reg_165">
<pin_list>
<pin id="166" dir="0" index="0" bw="33" slack="1"/>
<pin id="167" dir="1" index="1" bw="33" slack="1"/>
</pin_list>
<bind>
<opset="add_ln321 "/>
</bind>
</comp>

<comp id="170" class="1005" name="kvdram_V_addr_reg_170">
<pin_list>
<pin id="171" dir="0" index="0" bw="512" slack="2"/>
<pin id="172" dir="1" index="1" bw="512" slack="2"/>
</pin_list>
<bind>
<opset="kvdram_V_addr "/>
</bind>
</comp>

<comp id="176" class="1005" name="icmp_ln2501_reg_176">
<pin_list>
<pin id="177" dir="0" index="0" bw="1" slack="1"/>
<pin id="178" dir="1" index="1" bw="1" slack="2147483647"/>
</pin_list>
<bind>
<opset="icmp_ln2501 "/>
</bind>
</comp>

<comp id="180" class="1005" name="i_reg_180">
<pin_list>
<pin id="181" dir="0" index="0" bw="10" slack="0"/>
<pin id="182" dir="1" index="1" bw="10" slack="0"/>
</pin_list>
<bind>
<opset="i "/>
</bind>
</comp>

<comp id="185" class="1005" name="buffer_V_addr_reg_185">
<pin_list>
<pin id="186" dir="0" index="0" bw="9" slack="1"/>
<pin id="187" dir="1" index="1" bw="9" slack="1"/>
</pin_list>
<bind>
<opset="buffer_V_addr "/>
</bind>
</comp>

<comp id="190" class="1005" name="buffer_V_load_reg_190">
<pin_list>
<pin id="191" dir="0" index="0" bw="512" slack="1"/>
<pin id="192" dir="1" index="1" bw="512" slack="1"/>
</pin_list>
<bind>
<opset="buffer_V_load "/>
</bind>
</comp>

</comp_list>

<net_list>
<net id="70"><net_src comp="8" pin="0"/><net_sink comp="66" pin=0"/></net>

<net id="71"><net_src comp="6" pin="0"/><net_sink comp="66" pin=1"/></net>

<net id="76"><net_src comp="10" pin="0"/><net_sink comp="72" pin=0"/></net>

<net id="77"><net_src comp="2" pin="0"/><net_sink comp="72" pin=1"/></net>

<net id="83"><net_src comp="32" pin="0"/><net_sink comp="78" pin=0"/></net>

<net id="84"><net_src comp="34" pin="0"/><net_sink comp="78" pin=2"/></net>

<net id="91"><net_src comp="58" pin="0"/><net_sink comp="85" pin=0"/></net>

<net id="92"><net_src comp="60" pin="0"/><net_sink comp="85" pin=3"/></net>

<net id="93"><net_src comp="64" pin="0"/><net_sink comp="78" pin=0"/></net>

<net id="99"><net_src comp="4" pin="0"/><net_sink comp="94" pin=0"/></net>

<net id="100"><net_src comp="46" pin="0"/><net_sink comp="94" pin=1"/></net>

<net id="106"><net_src comp="94" pin="3"/><net_sink comp="101" pin=0"/></net>

<net id="110"><net_src comp="36" pin="0"/><net_sink comp="107" pin=0"/></net>

<net id="117"><net_src comp="107" pin="1"/><net_sink comp="111" pin=0"/></net>

<net id="122"><net_src comp="66" pin="2"/><net_sink comp="118" pin=0"/></net>

<net id="123"><net_src comp="12" pin="0"/><net_sink comp="118" pin=1"/></net>

<net id="127"><net_src comp="118" pin="2"/><net_sink comp="124" pin=0"/></net>

<net id="131"><net_src comp="72" pin="2"/><net_sink comp="128" pin=0"/></net>

<net id="136"><net_src comp="124" pin="1"/><net_sink comp="132" pin=0"/></net>

<net id="137"><net_src comp="128" pin="1"/><net_sink comp="132" pin=1"/></net>

<net id="145"><net_src comp="0" pin="0"/><net_sink comp="141" pin=0"/></net>

<net id="146"><net_src comp="138" pin="1"/><net_sink comp="141" pin=1"/></net>

<net id="147"><net_src comp="141" pin="2"/><net_sink comp="78" pin=1"/></net>

<net id="152"><net_src comp="111" pin="4"/><net_sink comp="148" pin=0"/></net>

<net id="153"><net_src comp="38" pin="0"/><net_sink comp="148" pin=1"/></net>

<net id="158"><net_src comp="111" pin="4"/><net_sink comp="154" pin=0"/></net>

<net id="159"><net_src comp="44" pin="0"/><net_sink comp="154" pin=1"/></net>

<net id="163"><net_src comp="111" pin="4"/><net_sink comp="160" pin=0"/></net>

<net id="164"><net_src comp="160" pin="1"/><net_sink comp="94" pin=2"/></net>

<net id="168"><net_src comp="132" pin="2"/><net_sink comp="165" pin=0"/></net>

<net id="169"><net_src comp="165" pin="1"/><net_sink comp="138" pin=0"/></net>

<net id="173"><net_src comp="141" pin="2"/><net_sink comp="170" pin=0"/></net>

<net id="174"><net_src comp="170" pin="1"/><net_sink comp="85" pin=1"/></net>

<net id="175"><net_src comp="170" pin="1"/><net_sink comp="78" pin=1"/></net>

<net id="179"><net_src comp="148" pin="2"/><net_sink comp="176" pin=0"/></net>

<net id="183"><net_src comp="154" pin="2"/><net_sink comp="180" pin=0"/></net>

<net id="184"><net_src comp="180" pin="1"/><net_sink comp="111" pin=2"/></net>

<net id="188"><net_src comp="94" pin="3"/><net_sink comp="185" pin=0"/></net>

<net id="189"><net_src comp="185" pin="1"/><net_sink comp="101" pin=0"/></net>

<net id="193"><net_src comp="101" pin="3"/><net_sink comp="190" pin=0"/></net>

<net id="194"><net_src comp="190" pin="1"/><net_sink comp="85" pin=2"/></net>

</net_list>

</model> 
---------------- Datapath Model END ------------------

* FSMD analyzer results:
  - Output states:
	Port: kvdram_V | {2 5 6 7 8 9 10 }
	Port: buffer_V | {}
 - Input state : 
	Port: savekeyvalues0 : kvdram_V | {}
	Port: savekeyvalues0 : kvdram_V_offset | {1 }
	Port: savekeyvalues0 : buffer_V | {3 4 }
	Port: savekeyvalues0 : offset_kvs | {1 }
  - Chain level:
	State 1
		zext_ln321 : 1
		add_ln321 : 2
	State 2
		kvdram_V_addr : 1
		kvdram_V_addr_wr_req : 2
	State 3
		icmp_ln2501 : 1
		i : 1
		br_ln2501 : 2
		zext_ln2504 : 1
		buffer_V_addr : 2
		buffer_V_load : 3
	State 4
	State 5
		empty : 1
	State 6
	State 7
	State 8
	State 9
	State 10


============================================================
+ Verbose Summary: Datapath Resource usage 
============================================================

* Functional unit list:
|----------|---------------------------------|---------|---------|
| Operation|         Functional Unit         |    FF   |   LUT   |
|----------|---------------------------------|---------|---------|
|          |        add_ln2504_fu_118        |    0    |    32   |
|    add   |         add_ln321_fu_132        |    0    |    32   |
|          |             i_fu_154            |    0    |    10   |
|----------|---------------------------------|---------|---------|
|   icmp   |        icmp_ln2501_fu_148       |    0    |    13   |
|----------|---------------------------------|---------|---------|
|   read   |    offset_kvs_read_read_fu_66   |    0    |    0    |
|          | kvdram_V_offset_read_read_fu_72 |    0    |    0    |
|----------|---------------------------------|---------|---------|
| writeresp|       grp_writeresp_fu_78       |    0    |    0    |
|----------|---------------------------------|---------|---------|
|   write  |     write_ln2504_write_fu_85    |    0    |    0    |
|----------|---------------------------------|---------|---------|
|          |        zext_ln321_fu_124        |    0    |    0    |
|   zext   |       zext_ln321_4_fu_128       |    0    |    0    |
|          |       zext_ln321_5_fu_138       |    0    |    0    |
|          |        zext_ln2504_fu_160       |    0    |    0    |
|----------|---------------------------------|---------|---------|
|   Total  |                                 |    0    |    87   |
|----------|---------------------------------|---------|---------|

Memories:
N/A

* Register list:
+---------------------+--------+
|                     |   FF   |
+---------------------+--------+
|  add_ln321_reg_165  |   33   |
|buffer_V_addr_reg_185|    9   |
|buffer_V_load_reg_190|   512  |
|     i_0_reg_107     |   10   |
|      i_reg_180      |   10   |
| icmp_ln2501_reg_176 |    1   |
|kvdram_V_addr_reg_170|   512  |
+---------------------+--------+
|        Total        |  1087  |
+---------------------+--------+

* Multiplexer (MUX) list: 
|---------------------|------|------|------|--------||---------||---------|
|         Comp        |  Pin | Size |  BW  | S x BW ||  Delay  ||   LUT   |
|---------------------|------|------|------|--------||---------||---------|
| grp_writeresp_fu_78 |  p0  |   2  |   1  |    2   |
| grp_writeresp_fu_78 |  p1  |   2  |  512 |  1024  ||    9    |
|  grp_access_fu_101  |  p0  |   2  |   9  |   18   ||    9    |
|---------------------|------|------|------|--------||---------||---------|
|        Total        |      |      |      |  1044  ||  1.809  ||    18   |
|---------------------|------|------|------|--------||---------||---------|



* Summary:
+-----------+--------+--------+--------+
|           |  Delay |   FF   |   LUT  |
+-----------+--------+--------+--------+
|  Function |    -   |    0   |   87   |
|   Memory  |    -   |    -   |    -   |
|Multiplexer|    1   |    -   |   18   |
|  Register |    -   |  1087  |    -   |
+-----------+--------+--------+--------+
|   Total   |    1   |  1087  |   105  |
+-----------+--------+--------+--------+
