Loading Matrix-market coordinate-formatted graph ...
  Reading meta data from /net/bigtemp/oj2zf/gunrock_wole/dataset/large/soc-orkut/soc-orkut.mtx.meta
  Reading edge lists from /net/bigtemp/oj2zf/gunrock_wole/dataset/large/soc-orkut/soc-orkut.mtx.coo_edge_pairs
Reading from /net/bigtemp/oj2zf/gunrock_wole/dataset/large/soc-orkut/soc-orkut.mtx.coo_edge_pairs, typeId = 262, targetId = 262, length = 106349209
  Substracting 1 from node Ids...
  Edge doubleing: 106349209 -> 212698418 edges
  graph loaded as COO in 18.897560s.
Converting 2997166 vertices, 212698418 directed edges (unordered tuples) to CSC format...Done (19s).
Degree Histogram (2997166 vertices, 212698418 edges):
    Degree 0: 0 (0.000000 %)
    Degree 2^0: 63854 (2.130479 %)
    Degree 2^1: 84970 (2.835011 %)
    Degree 2^2: 161332 (5.382818 %)
    Degree 2^3: 322996 (10.776714 %)
    Degree 2^4: 567614 (18.938357 %)
    Degree 2^5: 750256 (25.032180 %)
    Degree 2^6: 638015 (21.287276 %)
    Degree 2^7: 297993 (9.942492 %)
    Degree 2^8: 83002 (2.769349 %)
    Degree 2^9: 23853 (0.795852 %)
    Degree 2^10: 2349 (0.078374 %)
    Degree 2^11: 617 (0.020586 %)
    Degree 2^12: 209 (0.006973 %)
    Degree 2^13: 82 (0.002736 %)
    Degree 2^14: 24 (0.000801 %)

==============================================
64bit-VertexT=false 64bit-SizeT=false 64bit-ValueT=true undirected=true normalize=1 delta=0.85 threshold=0.01 max-iter=20 pull=0
Computing reference value ...
__________________________
--------------------------
Run 0 elapsed: 21739.003906 ms, src = 4294967295
==============================================
64bit-VertexT=false 64bit-SizeT=false 64bit-ValueT=true undirected=true scale=0 advance-mode=LB
nodes = 2997166
Using advance mode LB
Using filter mode CULL
__________________________

Run 0 num_runs: 1, num_runs = 1, num_runs = 1
Launch Enactor. (/net/bigtemp/oj2zf/gunrock_wole/gunrock/app/pr/pr_app.cu/RunTests)


Run Enactor. (/net/bigtemp/oj2zf/gunrock_wole/gunrock/app/enactor_base.cuh/Run_Threads)


Iteration_Loop started. (/net/bigtemp/oj2zf/gunrock_wole/gunrock/app/enactor_loop.cuh/Iteration_Loop)
>>> Iteration #0

Core started. (/net/bigtemp/oj2zf/gunrock_wole/gunrock/app/pr/pr_enactor/Core)

>>> AdvanceOp time elapsed (/net/bigtemp/oj2zf/gunrock_wole/gunrock/app/pr/pr_enactor.cuh/Core): 71.240187 milliseconds

>>> Core time elapsed (t8) (/net/bigtemp/oj2zf/gunrock_wole/gunrock/app/enactor_loop.cuh/Iteration_Loop): 71.259022 milliseconds
>>> Graph properties: 212698418 edges, 2997166 nodes
>>> Throughput (Million edges/s):: 2975.061891 Million edges per sec

>>> Iteration #1

Core started. (/net/bigtemp/oj2zf/gunrock_wole/gunrock/app/pr/pr_enactor/Core)

>>> FilterOp time elapsed (/net/bigtemp/oj2zf/gunrock_wole/gunrock/app/pr/pr_enactor.cuh/Core): 0.344992 milliseconds


>>> AdvanceOp time elapsed (/net/bigtemp/oj2zf/gunrock_wole/gunrock/app/pr/pr_enactor.cuh/Core): 71.636915 milliseconds

>>> Core time elapsed (t8) (/net/bigtemp/oj2zf/gunrock_wole/gunrock/app/enactor_loop.cuh/Iteration_Loop): 72.094202 milliseconds
>>> Graph properties: 212698418 edges, 2997166 nodes
>>> Throughput (Million edges/s):: 2940.597080 Million edges per sec

>>> Iteration #2

Core started. (/net/bigtemp/oj2zf/gunrock_wole/gunrock/app/pr/pr_enactor/Core)

>>> FilterOp time elapsed (/net/bigtemp/oj2zf/gunrock_wole/gunrock/app/pr/pr_enactor.cuh/Core): 0.325918 milliseconds


>>> AdvanceOp time elapsed (/net/bigtemp/oj2zf/gunrock_wole/gunrock/app/pr/pr_enactor.cuh/Core): 70.070028 milliseconds

>>> Core time elapsed (t8) (/net/bigtemp/oj2zf/gunrock_wole/gunrock/app/enactor_loop.cuh/Iteration_Loop): 70.502043 milliseconds
>>> Graph properties: 212698418 edges, 2997166 nodes
>>> Throughput (Million edges/s):: 3007.005069 Million edges per sec

>>> Iteration #3

Core started. (/net/bigtemp/oj2zf/gunrock_wole/gunrock/app/pr/pr_enactor/Core)

>>> FilterOp time elapsed (/net/bigtemp/oj2zf/gunrock_wole/gunrock/app/pr/pr_enactor.cuh/Core): 0.331879 milliseconds


>>> AdvanceOp time elapsed (/net/bigtemp/oj2zf/gunrock_wole/gunrock/app/pr/pr_enactor.cuh/Core): 71.049929 milliseconds

>>> Core time elapsed (t8) (/net/bigtemp/oj2zf/gunrock_wole/gunrock/app/enactor_loop.cuh/Iteration_Loop): 71.486950 milliseconds
>>> Graph properties: 212698418 edges, 2997166 nodes
>>> Throughput (Million edges/s):: 2965.576238 Million edges per sec

>>> Iteration #4

Core started. (/net/bigtemp/oj2zf/gunrock_wole/gunrock/app/pr/pr_enactor/Core)

>>> FilterOp time elapsed (/net/bigtemp/oj2zf/gunrock_wole/gunrock/app/pr/pr_enactor.cuh/Core): 0.329018 milliseconds


>>> AdvanceOp time elapsed (/net/bigtemp/oj2zf/gunrock_wole/gunrock/app/pr/pr_enactor.cuh/Core): 70.250034 milliseconds

>>> Core time elapsed (t8) (/net/bigtemp/oj2zf/gunrock_wole/gunrock/app/enactor_loop.cuh/Iteration_Loop): 70.677996 milliseconds
>>> Graph properties: 212698418 edges, 2997166 nodes
>>> Throughput (Million edges/s):: 2999.519128 Million edges per sec

>>> Iteration #5

Core started. (/net/bigtemp/oj2zf/gunrock_wole/gunrock/app/pr/pr_enactor/Core)

>>> FilterOp time elapsed (/net/bigtemp/oj2zf/gunrock_wole/gunrock/app/pr/pr_enactor.cuh/Core): 0.319004 milliseconds


>>> AdvanceOp time elapsed (/net/bigtemp/oj2zf/gunrock_wole/gunrock/app/pr/pr_enactor.cuh/Core): 70.146084 milliseconds

>>> Core time elapsed (t8) (/net/bigtemp/oj2zf/gunrock_wole/gunrock/app/enactor_loop.cuh/Iteration_Loop): 70.566893 milliseconds
>>> Graph properties: 212698418 edges, 2997166 nodes
>>> Throughput (Million edges/s):: 3004.241679 Million edges per sec

>>> Iteration #6

Core started. (/net/bigtemp/oj2zf/gunrock_wole/gunrock/app/pr/pr_enactor/Core)

>>> FilterOp time elapsed (/net/bigtemp/oj2zf/gunrock_wole/gunrock/app/pr/pr_enactor.cuh/Core): 0.324011 milliseconds


>>> AdvanceOp time elapsed (/net/bigtemp/oj2zf/gunrock_wole/gunrock/app/pr/pr_enactor.cuh/Core): 71.111917 milliseconds

>>> Core time elapsed (t8) (/net/bigtemp/oj2zf/gunrock_wole/gunrock/app/enactor_loop.cuh/Iteration_Loop): 71.533918 milliseconds
>>> Graph properties: 212698418 edges, 2997166 nodes
>>> Throughput (Million edges/s):: 2963.629070 Million edges per sec

>>> Iteration #7

Core started. (/net/bigtemp/oj2zf/gunrock_wole/gunrock/app/pr/pr_enactor/Core)

>>> FilterOp time elapsed (/net/bigtemp/oj2zf/gunrock_wole/gunrock/app/pr/pr_enactor.cuh/Core): 0.324965 milliseconds


>>> AdvanceOp time elapsed (/net/bigtemp/oj2zf/gunrock_wole/gunrock/app/pr/pr_enactor.cuh/Core): 70.682049 milliseconds

>>> Core time elapsed (t8) (/net/bigtemp/oj2zf/gunrock_wole/gunrock/app/enactor_loop.cuh/Iteration_Loop): 71.108103 milliseconds
>>> Graph properties: 212698418 edges, 2997166 nodes
>>> Throughput (Million edges/s):: 2981.376125 Million edges per sec

>>> Iteration #8

Core started. (/net/bigtemp/oj2zf/gunrock_wole/gunrock/app/pr/pr_enactor/Core)

>>> FilterOp time elapsed (/net/bigtemp/oj2zf/gunrock_wole/gunrock/app/pr/pr_enactor.cuh/Core): 0.334978 milliseconds


>>> AdvanceOp time elapsed (/net/bigtemp/oj2zf/gunrock_wole/gunrock/app/pr/pr_enactor.cuh/Core): 70.971966 milliseconds

>>> Core time elapsed (t8) (/net/bigtemp/oj2zf/gunrock_wole/gunrock/app/enactor_loop.cuh/Iteration_Loop): 71.407080 milliseconds
>>> Graph properties: 212698418 edges, 2997166 nodes
>>> Throughput (Million edges/s):: 2968.893293 Million edges per sec

>>> Iteration #9

Core started. (/net/bigtemp/oj2zf/gunrock_wole/gunrock/app/pr/pr_enactor/Core)

>>> FilterOp time elapsed (/net/bigtemp/oj2zf/gunrock_wole/gunrock/app/pr/pr_enactor.cuh/Core): 0.325203 milliseconds


>>> AdvanceOp time elapsed (/net/bigtemp/oj2zf/gunrock_wole/gunrock/app/pr/pr_enactor.cuh/Core): 70.397139 milliseconds

>>> Core time elapsed (t8) (/net/bigtemp/oj2zf/gunrock_wole/gunrock/app/enactor_loop.cuh/Iteration_Loop): 70.818901 milliseconds
>>> Graph properties: 212698418 edges, 2997166 nodes
>>> Throughput (Million edges/s):: 2993.551112 Million edges per sec

>>> Iteration #10

Core started. (/net/bigtemp/oj2zf/gunrock_wole/gunrock/app/pr/pr_enactor/Core)

>>> FilterOp time elapsed (/net/bigtemp/oj2zf/gunrock_wole/gunrock/app/pr/pr_enactor.cuh/Core): 0.331879 milliseconds


>>> AdvanceOp time elapsed (/net/bigtemp/oj2zf/gunrock_wole/gunrock/app/pr/pr_enactor.cuh/Core): 70.984840 milliseconds

>>> Core time elapsed (t8) (/net/bigtemp/oj2zf/gunrock_wole/gunrock/app/enactor_loop.cuh/Iteration_Loop): 71.423054 milliseconds
>>> Graph properties: 212698418 edges, 2997166 nodes
>>> Throughput (Million edges/s):: 2968.229289 Million edges per sec

>>> Iteration #11

Core started. (/net/bigtemp/oj2zf/gunrock_wole/gunrock/app/pr/pr_enactor/Core)

>>> FilterOp time elapsed (/net/bigtemp/oj2zf/gunrock_wole/gunrock/app/pr/pr_enactor.cuh/Core): 0.319958 milliseconds


>>> AdvanceOp time elapsed (/net/bigtemp/oj2zf/gunrock_wole/gunrock/app/pr/pr_enactor.cuh/Core): 71.550131 milliseconds

>>> Core time elapsed (t8) (/net/bigtemp/oj2zf/gunrock_wole/gunrock/app/enactor_loop.cuh/Iteration_Loop): 71.969986 milliseconds
>>> Graph properties: 212698418 edges, 2997166 nodes
>>> Throughput (Million edges/s):: 2945.672382 Million edges per sec

>>> Iteration #12

Core started. (/net/bigtemp/oj2zf/gunrock_wole/gunrock/app/pr/pr_enactor/Core)

>>> FilterOp time elapsed (/net/bigtemp/oj2zf/gunrock_wole/gunrock/app/pr/pr_enactor.cuh/Core): 0.331879 milliseconds


>>> AdvanceOp time elapsed (/net/bigtemp/oj2zf/gunrock_wole/gunrock/app/pr/pr_enactor.cuh/Core): 70.698023 milliseconds

>>> Core time elapsed (t8) (/net/bigtemp/oj2zf/gunrock_wole/gunrock/app/enactor_loop.cuh/Iteration_Loop): 71.129084 milliseconds
>>> Graph properties: 212698418 edges, 2997166 nodes
>>> Throughput (Million edges/s):: 2980.496713 Million edges per sec

>>> Iteration #13

Core started. (/net/bigtemp/oj2zf/gunrock_wole/gunrock/app/pr/pr_enactor/Core)

>>> FilterOp time elapsed (/net/bigtemp/oj2zf/gunrock_wole/gunrock/app/pr/pr_enactor.cuh/Core): 0.319004 milliseconds


>>> AdvanceOp time elapsed (/net/bigtemp/oj2zf/gunrock_wole/gunrock/app/pr/pr_enactor.cuh/Core): 71.315050 milliseconds

>>> Core time elapsed (t8) (/net/bigtemp/oj2zf/gunrock_wole/gunrock/app/enactor_loop.cuh/Iteration_Loop): 71.731091 milliseconds
>>> Graph properties: 212698418 edges, 2997166 nodes
>>> Throughput (Million edges/s):: 2955.482740 Million edges per sec

>>> Iteration #14

Core started. (/net/bigtemp/oj2zf/gunrock_wole/gunrock/app/pr/pr_enactor/Core)

>>> FilterOp time elapsed (/net/bigtemp/oj2zf/gunrock_wole/gunrock/app/pr/pr_enactor.cuh/Core): 0.316858 milliseconds


>>> AdvanceOp time elapsed (/net/bigtemp/oj2zf/gunrock_wole/gunrock/app/pr/pr_enactor.cuh/Core): 70.505857 milliseconds

>>> Core time elapsed (t8) (/net/bigtemp/oj2zf/gunrock_wole/gunrock/app/enactor_loop.cuh/Iteration_Loop): 70.925951 milliseconds
>>> Graph properties: 212698418 edges, 2997166 nodes
>>> Throughput (Million edges/s):: 2989.032886 Million edges per sec

>>> Iteration #15

Core started. (/net/bigtemp/oj2zf/gunrock_wole/gunrock/app/pr/pr_enactor/Core)

>>> FilterOp time elapsed (/net/bigtemp/oj2zf/gunrock_wole/gunrock/app/pr/pr_enactor.cuh/Core): 0.318050 milliseconds


>>> AdvanceOp time elapsed (/net/bigtemp/oj2zf/gunrock_wole/gunrock/app/pr/pr_enactor.cuh/Core): 70.210218 milliseconds

>>> Core time elapsed (t8) (/net/bigtemp/oj2zf/gunrock_wole/gunrock/app/enactor_loop.cuh/Iteration_Loop): 70.631981 milliseconds
>>> Graph properties: 212698418 edges, 2997166 nodes
>>> Throughput (Million edges/s):: 3001.473232 Million edges per sec

>>> Iteration #16

Core started. (/net/bigtemp/oj2zf/gunrock_wole/gunrock/app/pr/pr_enactor/Core)

>>> FilterOp time elapsed (/net/bigtemp/oj2zf/gunrock_wole/gunrock/app/pr/pr_enactor.cuh/Core): 0.320911 milliseconds


>>> AdvanceOp time elapsed (/net/bigtemp/oj2zf/gunrock_wole/gunrock/app/pr/pr_enactor.cuh/Core): 70.899963 milliseconds

>>> Core time elapsed (t8) (/net/bigtemp/oj2zf/gunrock_wole/gunrock/app/enactor_loop.cuh/Iteration_Loop): 71.318150 milliseconds
>>> Graph properties: 212698418 edges, 2997166 nodes
>>> Throughput (Million edges/s):: 2972.595353 Million edges per sec

>>> Iteration #17

Core started. (/net/bigtemp/oj2zf/gunrock_wole/gunrock/app/pr/pr_enactor/Core)

>>> FilterOp time elapsed (/net/bigtemp/oj2zf/gunrock_wole/gunrock/app/pr/pr_enactor.cuh/Core): 0.319958 milliseconds


>>> AdvanceOp time elapsed (/net/bigtemp/oj2zf/gunrock_wole/gunrock/app/pr/pr_enactor.cuh/Core): 71.397066 milliseconds

>>> Core time elapsed (t8) (/net/bigtemp/oj2zf/gunrock_wole/gunrock/app/enactor_loop.cuh/Iteration_Loop): 71.823120 milliseconds
>>> Graph properties: 212698418 edges, 2997166 nodes
>>> Throughput (Million edges/s):: 2951.695772 Million edges per sec

>>> Iteration #18

Core started. (/net/bigtemp/oj2zf/gunrock_wole/gunrock/app/pr/pr_enactor/Core)

>>> FilterOp time elapsed (/net/bigtemp/oj2zf/gunrock_wole/gunrock/app/pr/pr_enactor.cuh/Core): 0.322819 milliseconds


>>> AdvanceOp time elapsed (/net/bigtemp/oj2zf/gunrock_wole/gunrock/app/pr/pr_enactor.cuh/Core): 70.648909 milliseconds

>>> Core time elapsed (t8) (/net/bigtemp/oj2zf/gunrock_wole/gunrock/app/enactor_loop.cuh/Iteration_Loop): 71.073055 milliseconds
>>> Graph properties: 212698418 edges, 2997166 nodes
>>> Throughput (Million edges/s):: 2982.846301 Million edges per sec

>>> Iteration #19

Core started. (/net/bigtemp/oj2zf/gunrock_wole/gunrock/app/pr/pr_enactor/Core)

>>> FilterOp time elapsed (/net/bigtemp/oj2zf/gunrock_wole/gunrock/app/pr/pr_enactor.cuh/Core): 0.320911 milliseconds


>>> AdvanceOp time elapsed (/net/bigtemp/oj2zf/gunrock_wole/gunrock/app/pr/pr_enactor.cuh/Core): 70.430994 milliseconds

>>> Core time elapsed (t8) (/net/bigtemp/oj2zf/gunrock_wole/gunrock/app/enactor_loop.cuh/Iteration_Loop): 70.852041 milliseconds
>>> Graph properties: 212698418 edges, 2997166 nodes
>>> Throughput (Million edges/s):: 2992.150914 Million edges per sec

>>> Iteration_Loop time elapsed (/net/bigtemp/oj2zf/gunrock_wole/gunrock/app/pr/pr_enactor.cuh/Run): 1425.398827 milliseconds


GPU PageRank Done. (/net/bigtemp/oj2zf/gunrock_wole/gunrock/app/pr/pr_enactor.cuh): 1425.416946 milliseconds


>>> Enactor time elapsed. (/net/bigtemp/oj2zf/gunrock_wole/gunrock/app/pr/pr_app.cu/RunTests): 1425.426006 milliseconds
>>> Graph properties: 212698418 edges, 2997166 nodes
>>> Throughput (Million edges/s):: 2983.669430 Million edges per sec
>>> Throughput (Billion edges/s):: 2.983669 Billion edges per sec

Run 0 elapsed: 1425.426006 ms, src = 4294967295, #iterations = 20
Total_rank = 1.000000
Top 10 Ranked vertices and PageRanks:
Vertex ID: 42351, PageRank: 0.000114
Vertex ID: 42983, PageRank: 0.000088
Vertex ID: 43247, PageRank: 0.000087
Vertex ID: 118937, PageRank: 0.000087
Vertex ID: 8104, PageRank: 0.000085
Vertex ID: 46264, PageRank: 0.000085
Vertex ID: 46226, PageRank: 0.000084
Vertex ID: 90390, PageRank: 0.000077
Vertex ID: 30596, PageRank: 0.000073
Vertex ID: 42392, PageRank: 0.000072
Rank Validity: FAIL: rank[106808] (0.000025) != 0.000025
number of errors : 203
Reference total rank : 1.000000
Maximum difference : rank[106808] 0.000025 vs. 0.000025, 0.000000
Maximum relative difference :rank[106808] 0.000025 vs. 0.000025, 1.477487
Order Validity: PASS
[pr] finished.
 avg. elapsed: 1425.426006 ms
 iterations: 20
 min. elapsed: 1425.426006 ms
 max. elapsed: 1425.426006 ms
 nodes queued: 56946154
 edges queued: 4253968360
 nodes redundance: inf
 edges redundance: inf
 load time: 38484 ms
 preprocess time: 495.246000 ms
 postprocess time: 194.294930 ms
 total time: 2115.247011 ms
