Loading Matrix-market coordinate-formatted graph ...
  Reading from /net/bigtemp/oj2zf/gunrock_wole/dataset/large/rgg_n_2_24_s0/rgg_n_2_24_s0.mtx:
  Parsing MARKET COO format (16777216 nodes, 132557200 directed edges)...   Done (202 s).
  Writing meta data into /net/bigtemp/oj2zf/gunrock_wole/dataset/large/rgg_n_2_24_s0/rgg_n_2_24_s0.mtx.meta
  Writting edge pairs in binary into /net/bigtemp/oj2zf/gunrock_wole/dataset/large/rgg_n_2_24_s0/rgg_n_2_24_s0.mtx.coo_edge_pairs
  Substracting 1 from node Ids...
  Edge doubleing: 132557200 -> 265114400 edges
  graph loaded as COO in 253.370937s.
Converting 16777216 vertices, 265114400 directed edges (unordered tuples) to CSC format...Done (24s).
Degree Histogram (16777216 vertices, 265114400 edges):
    Degree 0: 1 (0.000006 %)
    Degree 2^0: 54 (0.000322 %)
    Degree 2^1: 2064 (0.012302 %)
    Degree 2^2: 190846 (1.137531 %)
    Degree 2^3: 7967474 (47.489846 %)
    Degree 2^4: 8612951 (51.337188 %)
    Degree 2^5: 3826 (0.022805 %)

Adding 1 vertex and 16777217 edges to compensate 0 degree vertices
Converting 16777217 vertices, 281891617 directed edges (unordered tuples) to CSC format...Done (1s).
==============================================
64bit-VertexT=false 64bit-SizeT=false 64bit-ValueT=true undirected=true normalize=1 delta=0.85 threshold=0.01 max-iter=20 pull=0
Computing reference value ...
__________________________
--------------------------
Run 0 elapsed: 52095.777344 ms, src = 4294967295
==============================================
64bit-VertexT=false 64bit-SizeT=false 64bit-ValueT=true undirected=true scale=0 advance-mode=LB
nodes = 16777217
Using advance mode LB
Using filter mode CULL
__________________________

Run 0 num_runs: 1, num_runs = 1, num_runs = 1
Launch Enactor. (/net/bigtemp/oj2zf/gunrock_wole/gunrock/app/pr/pr_app.cu/RunTests)


Run Enactor. (/net/bigtemp/oj2zf/gunrock_wole/gunrock/app/enactor_base.cuh/Run_Threads)


Iteration_Loop started. (/net/bigtemp/oj2zf/gunrock_wole/gunrock/app/enactor_loop.cuh/Iteration_Loop)
>>> Iteration #0

Core started. (/net/bigtemp/oj2zf/gunrock_wole/gunrock/app/pr/pr_enactor/Core)

>>> AdvanceOp time elapsed (/net/bigtemp/oj2zf/gunrock_wole/gunrock/app/pr/pr_enactor.cuh/Core): 481.041908 milliseconds

>>> Core time elapsed (t8) (/net/bigtemp/oj2zf/gunrock_wole/gunrock/app/enactor_loop.cuh/Iteration_Loop): 481.062174 milliseconds
>>> Graph properties: 281891617 edges, 16777217 nodes
>>> Throughput (Million edges/s):: 584.124081 Million edges per sec

>>> Iteration #1

Core started. (/net/bigtemp/oj2zf/gunrock_wole/gunrock/app/pr/pr_enactor/Core)

>>> FilterOp time elapsed (/net/bigtemp/oj2zf/gunrock_wole/gunrock/app/pr/pr_enactor.cuh/Core): 1.534939 milliseconds


>>> AdvanceOp time elapsed (/net/bigtemp/oj2zf/gunrock_wole/gunrock/app/pr/pr_enactor.cuh/Core): 467.870951 milliseconds

>>> Core time elapsed (t8) (/net/bigtemp/oj2zf/gunrock_wole/gunrock/app/enactor_loop.cuh/Iteration_Loop): 469.810963 milliseconds
>>> Graph properties: 281891617 edges, 16777217 nodes
>>> Throughput (Million edges/s):: 598.112906 Million edges per sec

>>> Iteration #2

Core started. (/net/bigtemp/oj2zf/gunrock_wole/gunrock/app/pr/pr_enactor/Core)

>>> FilterOp time elapsed (/net/bigtemp/oj2zf/gunrock_wole/gunrock/app/pr/pr_enactor.cuh/Core): 1.533985 milliseconds


>>> AdvanceOp time elapsed (/net/bigtemp/oj2zf/gunrock_wole/gunrock/app/pr/pr_enactor.cuh/Core): 467.946053 milliseconds

>>> Core time elapsed (t8) (/net/bigtemp/oj2zf/gunrock_wole/gunrock/app/enactor_loop.cuh/Iteration_Loop): 469.890833 milliseconds
>>> Graph properties: 281891617 edges, 16777217 nodes
>>> Throughput (Million edges/s):: 598.011241 Million edges per sec

>>> Iteration_Loop time elapsed (/net/bigtemp/oj2zf/gunrock_wole/gunrock/app/pr/pr_enactor.cuh/Run): 1426.383018 milliseconds


GPU PageRank Done. (/net/bigtemp/oj2zf/gunrock_wole/gunrock/app/pr/pr_enactor.cuh): 1426.402092 milliseconds


>>> Enactor time elapsed. (/net/bigtemp/oj2zf/gunrock_wole/gunrock/app/pr/pr_app.cu/RunTests): 1426.410913 milliseconds
>>> Graph properties: 281891617 edges, 16777217 nodes
>>> Throughput (Million edges/s):: 592.395916 Million edges per sec
>>> Throughput (Billion edges/s):: 0.592396 Billion edges per sec

Run 0 elapsed: 1426.410913 ms, src = 4294967295, #iterations = 3
Total_rank = 0.150000
Top 10 Ranked vertices and PageRanks:
Vertex ID: 0, PageRank: 0.000000
Vertex ID: 1, PageRank: 0.000000
Vertex ID: 2, PageRank: 0.000000
Vertex ID: 3, PageRank: 0.000000
Vertex ID: 4, PageRank: 0.000000
Vertex ID: 5, PageRank: 0.000000
Vertex ID: 6, PageRank: 0.000000
Vertex ID: 7, PageRank: 0.000000
Vertex ID: 8, PageRank: 0.000000
Vertex ID: 9, PageRank: 0.000000
Rank Validity: PASS
Reference total rank : 0.150000
Maximum difference : rank[0] 0.000000 vs. 0.000000, 0.000000
Maximum relative difference :rank[0] 0.000000 vs. 0.000000, 0.000000
Order Validity: PASS
[pr] finished.
 avg. elapsed: 1426.410913 ms
 iterations: 3
 min. elapsed: 1426.410913 ms
 max. elapsed: 1426.410913 ms
 nodes queued: 33554434
 edges queued: 845674851
 nodes redundance: inf
 edges redundance: inf
 load time: 277759 ms
 preprocess time: 1163.600000 ms
 postprocess time: 416.697979 ms
 total time: 3007.793903 ms
