Loading Matrix-market coordinate-formatted graph ...
  Reading meta data from /net/bigtemp/oj2zf/gunrock_wole/dataset/large/kron_g500-logn21/kron_g500-logn21.mtx.meta
  Reading edge lists from /net/bigtemp/oj2zf/gunrock_wole/dataset/large/kron_g500-logn21/kron_g500-logn21.mtx.coo_edge_pairs
Reading from /net/bigtemp/oj2zf/gunrock_wole/dataset/large/kron_g500-logn21/kron_g500-logn21.mtx.coo_edge_pairs, typeId = 262, targetId = 262, length = 91042010
  Substracting 1 from node Ids...
  Edge doubleing: 91042010 -> 182084020 edges
  Removed 2156 duplicate edges and self circles.
  graph loaded as COO in 18.523767s.
Converting 2097152 vertices, 182081864 directed edges (unordered tuples) to CSC format...Done (16s).
Degree Histogram (2097152 vertices, 182081864 edges):
    Degree 0: 553065 (26.372194 %)
    Degree 2^0: 238482 (11.371708 %)
    Degree 2^1: 241389 (11.510324 %)
    Degree 2^2: 253643 (12.094641 %)
    Degree 2^3: 156277 (7.451868 %)
    Degree 2^4: 249285 (11.886835 %)
    Degree 2^5: 104845 (4.999399 %)
    Degree 2^6: 101726 (4.850674 %)
    Degree 2^7: 116250 (5.543232 %)
    Degree 2^8: 39 (0.001860 %)
    Degree 2^9: 54255 (2.587080 %)
    Degree 2^10: 20273 (0.966692 %)
    Degree 2^11: 76 (0.003624 %)
    Degree 2^12: 5985 (0.285387 %)
    Degree 2^13: 1330 (0.063419 %)
    Degree 2^14: 0 (0.000000 %)
    Degree 2^15: 210 (0.010014 %)
    Degree 2^16: 21 (0.001001 %)
    Degree 2^17: 1 (0.000048 %)

Adding 1 vertex and 2650217 edges to compensate 0 degree vertices
Converting 2097153 vertices, 184732081 directed edges (unordered tuples) to CSC format...Done (1s).
==============================================
64bit-VertexT=false 64bit-SizeT=false 64bit-ValueT=true undirected=true normalize=1 delta=0.85 threshold=0.01 max-iter=20 pull=0
Computing reference value ...
__________________________
--------------------------
Run 0 elapsed: 34614.812500 ms, src = 4294967295
==============================================
64bit-VertexT=false 64bit-SizeT=false 64bit-ValueT=true undirected=true scale=0 advance-mode=LB
nodes = 2097153
Using advance mode LB
Using filter mode CULL
__________________________

Run 0 num_runs: 1, num_runs = 1, num_runs = 1
Launch Enactor. (/net/bigtemp/oj2zf/gunrock_wole/gunrock/app/pr/pr_app.cu/RunTests)


Run Enactor. (/net/bigtemp/oj2zf/gunrock_wole/gunrock/app/enactor_base.cuh/Run_Threads)


Iteration_Loop started. (/net/bigtemp/oj2zf/gunrock_wole/gunrock/app/enactor_loop.cuh/Iteration_Loop)
>>> Iteration #0

Core started. (/net/bigtemp/oj2zf/gunrock_wole/gunrock/app/pr/pr_enactor/Core)

>>> AdvanceOp time elapsed (/net/bigtemp/oj2zf/gunrock_wole/gunrock/app/pr/pr_enactor.cuh/Core): 331.388950 milliseconds

>>> Core time elapsed (t8) (/net/bigtemp/oj2zf/gunrock_wole/gunrock/app/enactor_loop.cuh/Iteration_Loop): 331.406116 milliseconds
>>> Graph properties: 184732081 edges, 2097153 nodes
>>> Throughput (Million edges/s):: 555.210030 Million edges per sec

>>> Iteration #1

Core started. (/net/bigtemp/oj2zf/gunrock_wole/gunrock/app/pr/pr_enactor/Core)

>>> FilterOp time elapsed (/net/bigtemp/oj2zf/gunrock_wole/gunrock/app/pr/pr_enactor.cuh/Core): 0.208855 milliseconds


>>> AdvanceOp time elapsed (/net/bigtemp/oj2zf/gunrock_wole/gunrock/app/pr/pr_enactor.cuh/Core): 310.607910 milliseconds

>>> Core time elapsed (t8) (/net/bigtemp/oj2zf/gunrock_wole/gunrock/app/enactor_loop.cuh/Iteration_Loop): 310.903072 milliseconds
>>> Graph properties: 184732081 edges, 2097153 nodes
>>> Throughput (Million edges/s):: 591.824322 Million edges per sec

>>> Iteration #2

Core started. (/net/bigtemp/oj2zf/gunrock_wole/gunrock/app/pr/pr_enactor/Core)

>>> FilterOp time elapsed (/net/bigtemp/oj2zf/gunrock_wole/gunrock/app/pr/pr_enactor.cuh/Core): 0.202894 milliseconds


>>> AdvanceOp time elapsed (/net/bigtemp/oj2zf/gunrock_wole/gunrock/app/pr/pr_enactor.cuh/Core): 310.598850 milliseconds

>>> Core time elapsed (t8) (/net/bigtemp/oj2zf/gunrock_wole/gunrock/app/enactor_loop.cuh/Iteration_Loop): 310.884953 milliseconds
>>> Graph properties: 184732081 edges, 2097153 nodes
>>> Throughput (Million edges/s):: 591.858816 Million edges per sec

>>> Iteration_Loop time elapsed (/net/bigtemp/oj2zf/gunrock_wole/gunrock/app/pr/pr_enactor.cuh/Run): 953.584194 milliseconds


GPU PageRank Done. (/net/bigtemp/oj2zf/gunrock_wole/gunrock/app/pr/pr_enactor.cuh): 953.603029 milliseconds


>>> Enactor time elapsed. (/net/bigtemp/oj2zf/gunrock_wole/gunrock/app/pr/pr_app.cu/RunTests): 953.613043 milliseconds
>>> Graph properties: 184732081 edges, 2097153 nodes
>>> Throughput (Million edges/s):: 580.948430 Million edges per sec
>>> Throughput (Billion edges/s):: 0.580948 Billion edges per sec

Run 0 elapsed: 953.613043 ms, src = 4294967295, #iterations = 3
Total_rank = 0.150000
Top 10 Ranked vertices and PageRanks:
Vertex ID: 0, PageRank: 0.000000
Vertex ID: 1, PageRank: 0.000000
Vertex ID: 2, PageRank: 0.000000
Vertex ID: 3, PageRank: 0.000000
Vertex ID: 4, PageRank: 0.000000
Vertex ID: 5, PageRank: 0.000000
Vertex ID: 6, PageRank: 0.000000
Vertex ID: 7, PageRank: 0.000000
Vertex ID: 8, PageRank: 0.000000
Vertex ID: 9, PageRank: 0.000000
Rank Validity: PASS
Reference total rank : 0.150000
Maximum difference : rank[2097152] 0.000000 vs. 0.000000, 0.000000
Maximum relative difference :rank[2097152] 0.000000 vs. 0.000000, 0.000000
Order Validity: PASS
[pr] finished.
 avg. elapsed: 953.613043 ms
 iterations: 3
 min. elapsed: 953.613043 ms
 max. elapsed: 953.613043 ms
 nodes queued: 4194306
 edges queued: 554196243
 nodes redundance: inf
 edges redundance: inf
 load time: 34335.8 ms
 preprocess time: 381.980000 ms
 postprocess time: 52.002907 ms
 total time: 1387.780905 ms
