Loading Matrix-market coordinate-formatted graph ...
  Reading meta data from /net/bigtemp/oj2zf/gunrock_wole/dataset/large/indochina-2004/indochina-2004.mtx.meta
  Reading edge lists from /net/bigtemp/oj2zf/gunrock_wole/dataset/large/indochina-2004/indochina-2004.mtx.coo_edge_pairs
Reading from /net/bigtemp/oj2zf/gunrock_wole/dataset/large/indochina-2004/indochina-2004.mtx.coo_edge_pairs, typeId = 262, targetId = 262, length = 194109311
  Substracting 1 from node Ids...
  Edge doubleing: 194109311 -> 388218622 edges
  Removed 86248984 duplicate edges and self circles.
  graph loaded as COO in 132.551720s.
Converting 7414866 vertices, 301969638 directed edges (unordered tuples) to CSC format...Done (26s).
Degree Histogram (7414866 vertices, 301969638 edges):
    Degree 0: 108 (0.001457 %)
    Degree 2^0: 1200583 (16.191567 %)
    Degree 2^1: 1068107 (14.404940 %)
    Degree 2^2: 919676 (12.403137 %)
    Degree 2^3: 1102470 (14.868374 %)
    Degree 2^4: 1262846 (17.031272 %)
    Degree 2^5: 1265971 (17.073417 %)
    Degree 2^6: 425493 (5.738377 %)
    Degree 2^7: 84023 (1.133170 %)
    Degree 2^8: 40073 (0.540441 %)
    Degree 2^9: 19242 (0.259506 %)
    Degree 2^10: 8513 (0.114810 %)
    Degree 2^11: 5252 (0.070831 %)
    Degree 2^12: 10729 (0.144696 %)
    Degree 2^13: 1649 (0.022239 %)
    Degree 2^14: 94 (0.001268 %)
    Degree 2^15: 11 (0.000148 %)
    Degree 2^16: 20 (0.000270 %)
    Degree 2^17: 6 (0.000081 %)

Adding 1 vertex and 7414974 edges to compensate 0 degree vertices
Converting 7414867 vertices, 309384612 directed edges (unordered tuples) to CSC format...Done (2s).
==============================================
64bit-VertexT=false 64bit-SizeT=false 64bit-ValueT=true undirected=true normalize=1 delta=0.85 threshold=0.01 max-iter=20 pull=0
Computing reference value ...
__________________________
--------------------------
Run 0 elapsed: 56875.226562 ms, src = 4294967295
==============================================
64bit-VertexT=false 64bit-SizeT=false 64bit-ValueT=true undirected=true scale=0 advance-mode=LB
nodes = 7414867
Using advance mode LB
Using filter mode CULL
__________________________

Run 0 num_runs: 1, num_runs = 1, num_runs = 1
Launch Enactor. (/net/bigtemp/oj2zf/gunrock_wole/gunrock/app/pr/pr_app.cu/RunTests)


Run Enactor. (/net/bigtemp/oj2zf/gunrock_wole/gunrock/app/enactor_base.cuh/Run_Threads)


Iteration_Loop started. (/net/bigtemp/oj2zf/gunrock_wole/gunrock/app/enactor_loop.cuh/Iteration_Loop)
>>> Iteration #0

Core started. (/net/bigtemp/oj2zf/gunrock_wole/gunrock/app/pr/pr_enactor/Core)

>>> AdvanceOp time elapsed (/net/bigtemp/oj2zf/gunrock_wole/gunrock/app/pr/pr_enactor.cuh/Core): 517.161846 milliseconds

>>> Core time elapsed (t8) (/net/bigtemp/oj2zf/gunrock_wole/gunrock/app/enactor_loop.cuh/Iteration_Loop): 517.179966 milliseconds
>>> Graph properties: 309384612 edges, 7414867 nodes
>>> Throughput (Million edges/s):: 597.470939 Million edges per sec

>>> Iteration #1

Core started. (/net/bigtemp/oj2zf/gunrock_wole/gunrock/app/pr/pr_enactor/Core)

>>> FilterOp time elapsed (/net/bigtemp/oj2zf/gunrock_wole/gunrock/app/pr/pr_enactor.cuh/Core): 0.691891 milliseconds


>>> AdvanceOp time elapsed (/net/bigtemp/oj2zf/gunrock_wole/gunrock/app/pr/pr_enactor.cuh/Core): 514.249086 milliseconds

>>> Core time elapsed (t8) (/net/bigtemp/oj2zf/gunrock_wole/gunrock/app/enactor_loop.cuh/Iteration_Loop): 515.137911 milliseconds
>>> Graph properties: 309384612 edges, 7414867 nodes
>>> Throughput (Million edges/s):: 599.839370 Million edges per sec

>>> Iteration #2

Core started. (/net/bigtemp/oj2zf/gunrock_wole/gunrock/app/pr/pr_enactor/Core)

>>> FilterOp time elapsed (/net/bigtemp/oj2zf/gunrock_wole/gunrock/app/pr/pr_enactor.cuh/Core): 0.681877 milliseconds


>>> AdvanceOp time elapsed (/net/bigtemp/oj2zf/gunrock_wole/gunrock/app/pr/pr_enactor.cuh/Core): 514.296055 milliseconds

>>> Core time elapsed (t8) (/net/bigtemp/oj2zf/gunrock_wole/gunrock/app/enactor_loop.cuh/Iteration_Loop): 515.169859 milliseconds
>>> Graph properties: 309384612 edges, 7414867 nodes
>>> Throughput (Million edges/s):: 599.802171 Million edges per sec

>>> Iteration_Loop time elapsed (/net/bigtemp/oj2zf/gunrock_wole/gunrock/app/pr/pr_enactor.cuh/Run): 1547.938108 milliseconds


GPU PageRank Done. (/net/bigtemp/oj2zf/gunrock_wole/gunrock/app/pr/pr_enactor.cuh): 1547.958136 milliseconds


>>> Enactor time elapsed. (/net/bigtemp/oj2zf/gunrock_wole/gunrock/app/pr/pr_app.cu/RunTests): 1547.966003 milliseconds
>>> Graph properties: 309384612 edges, 7414867 nodes
>>> Throughput (Million edges/s):: 599.496370 Million edges per sec
>>> Throughput (Billion edges/s):: 0.599496 Billion edges per sec

Run 0 elapsed: 1547.966003 ms, src = 4294967295, #iterations = 3
Total_rank = 0.150000
Top 10 Ranked vertices and PageRanks:
Vertex ID: 0, PageRank: 0.000000
Vertex ID: 1, PageRank: 0.000000
Vertex ID: 2, PageRank: 0.000000
Vertex ID: 3, PageRank: 0.000000
Vertex ID: 4, PageRank: 0.000000
Vertex ID: 5, PageRank: 0.000000
Vertex ID: 6, PageRank: 0.000000
Vertex ID: 7, PageRank: 0.000000
Vertex ID: 8, PageRank: 0.000000
Vertex ID: 9, PageRank: 0.000000
Rank Validity: PASS
Reference total rank : 0.150000
Maximum difference : rank[7414866] 0.000000 vs. 0.000000, 0.000000
Maximum relative difference :rank[7414866] 0.000000 vs. 0.000000, 0.000000
Order Validity: PASS
[pr] finished.
 avg. elapsed: 1547.966003 ms
 iterations: 3
 min. elapsed: 1547.966003 ms
 max. elapsed: 1547.966003 ms
 nodes queued: 14829734
 edges queued: 928153836
 nodes redundance: inf
 edges redundance: inf
 load time: 158107 ms
 preprocess time: 773.667000 ms
 postprocess time: 185.559988 ms
 total time: 2507.683992 ms
