
Bash Scripts:
 #cuda="cuda9"
 cuda="cuda10
if [ $cuda = "cuda9" ]
then
	module load cuda-toolkit-9.0
	module load cmake-3.10
	module load boost
	module load openmpi4.0.0
	export LD_LIBRARY_PATH="/sw/centos/cuda/9.2/lib64:$LD_LIBRARY_PATH"
	export PATH="/sw/centos/cuda/9.2/bin:$PATH"
else
	#for gunrock changed from 10 to 10.1
	module load cuda-toolkit-10.1
	module load cmake-3.10
	module load boost
	module load openmpi4.0.0
	export LD_LIBRARY_PATH="/sw/centos/cuda/10.1/lib64:$LD_LIBRARY_PATH"
	export LD_LIBRARY_PATH="/sw/centos/cuda/10.1/extras/CUPTI/lib64:$LD_LIBRARY_PATH"
	export PATH="/sw/centos/cuda/10.1/bin:/sw/centos/cuda/10.1/NsightCompute-1.0:$PATH"
fi

Running Gunrock:
/net/bigtemp/oj2zf/gunrock_wole/build/bin/pr market /net/bigtemp/oj2zf/gunrock_wole/dataset/small/bips98_606.mtx --normalized --compensate --undirected
/net/bigtemp/oj2zf/gunrock_wole/build/bin/pr market /net/bigtemp/oj2zf/gunrock_wole/dataset/large/soc-orkut/soc-orkut.mtx --normalized --compensate --undirected				
/net/bigtemp/oj2zf/gunrock_wole/build/bin/pr market /net/bigtemp/oj2zf/gunrock_wole/dataset/large/kron_g500-logn21/kron_g500-logn21.mtx --normalized --compensate --undirected				

Running Gunrock on Slurm:
srun --exclusive -w lynx05 -p gpu --gres=gpu:4 --pty bash -i -l 
srun --exclusive -w lynx06 -p gpu --gres=gpu:4 --pty bash -i -l -
srun --exclusive -w lynx05 -p gpu --gres=gpu:4 --pty bash -i -l /net/bigtemp/oj2zf/gunrock_wole/build/bin/pr market /net/bigtemp/oj2zf/gunrock_wole/dataset/small/bips98_606.mtx --normalized --compensate --undirected 					
srun --exclusive -w lynx06 -p gpu --gres=gpu:4 --pty bash -i -l /net/bigtemp/oj2zf/gunrock_wole/build/bin/pr market /net/bigtemp/oj2zf/gunrock_wole/dataset/small/bips98_606.mtx --normalized --compensate --undirected
srun -w lynx06 -p gpu --gres=gpu:4 /net/bigtemp/oj2zf/gunrock_wole/build/bin/pr market /net/bigtemp/oj2zf/gunrock_wole/dataset/small/bips98_606.mtx --normalized --compensate --undirected  
srun --exclusive -w lynx06 -p gpu --gres=gpu:4 --pty bash -i -l submit.sh

Testing Sbatch:
$ sbatch submit.sh
sbatch: Submitted batch job 99999999



