==============================================================
Vivado(TM) HLS - High-Level Synthesis from C, C++ and SystemC v2019.1.3 (64-bit)
Copyright 1986-2019 Xilinx, Inc. All Rights Reserved.
==============================================================
INFO: [HLS 200-10] Setting target device to 'xcvu9p-fsgd2104-2-i'
INFO: [SYN 201-201] Setting up clock 'default' with a period of 10ns.
INFO: [SCHED 204-61] Option 'relax_ii_for_timing' is enabled, will increase II to preserve clock frequency constraints.
INFO: [HLS 200-10] Analyzing design file '../kernels/enigma.cpp' ... 
INFO: [HLS 200-111] Finished Linking Time (s): cpu = 00:00:13 ; elapsed = 00:00:14 . Memory (MB): peak = 826.742 ; gain = 128.000 ; free physical = 172882 ; free virtual = 245687
INFO: [HLS 200-111] Finished Checking Pragmas Time (s): cpu = 00:00:13 ; elapsed = 00:00:14 . Memory (MB): peak = 826.742 ; gain = 128.000 ; free physical = 172882 ; free virtual = 245687
INFO: [HLS 200-10] Starting code transformations ...
INFO: [XFORM 203-603] Inlining function 'get_num_source_partitions' into 'loadclopparams' (../kernels/enigma.cpp:428).
INFO: [XFORM 203-603] Inlining function 'getsourceskipsize' into 'loadclopparams' (../kernels/enigma.cpp:435).
INFO: [XFORM 203-603] Inlining function 'getsourceskipsize' into 'loadclopparams' (../kernels/enigma.cpp:433).
INFO: [XFORM 203-603] Inlining function 'getdestskipsize' into 'loadclopparams' (../kernels/enigma.cpp:436).
INFO: [XFORM 203-603] Inlining function 'getdestskipsize' into 'loadclopparams' (../kernels/enigma.cpp:434).
INFO: [XFORM 203-603] Inlining function 'getdestskipsize' into 'storedeststats' (../kernels/enigma.cpp:360).
INFO: [XFORM 203-603] Inlining function 'getdestskipsize' into 'loaddeststats' (../kernels/enigma.cpp:344).
INFO: [XFORM 203-603] Inlining function 'loadclopparams' into 'generatepartitions0' (../kernels/enigma.cpp:1167).
INFO: [XFORM 203-603] Inlining function 'loadclopparams' into 'generatepartitions0' (../kernels/enigma.cpp:548).
INFO: [XFORM 203-603] Inlining function 'getstatsAddr' into 'generatepartitions0' (../kernels/enigma.cpp:1179).
INFO: [XFORM 203-603] Inlining function 'getstatsAddr' into 'generatepartitions0' (../kernels/enigma.cpp:566).
INFO: [XFORM 203-603] Inlining function 'getstatsAddr' into 'storedeststats' (../kernels/enigma.cpp:365).
INFO: [XFORM 203-603] Inlining function 'getstatsAddr' into 'loaddeststats' (../kernels/enigma.cpp:349).
INFO: [XFORM 203-603] Inlining function 'loaddeststats' into 'generatepartitions0' (../kernels/enigma.cpp:560).
INFO: [XFORM 203-603] Inlining function 'getkeyvalue' into 'generatepartitions0' (../kernels/enigma.cpp:789).
INFO: [XFORM 203-603] Inlining function 'getkeyvalue' into 'generatepartitions0' (../kernels/enigma.cpp:790).
INFO: [XFORM 203-603] Inlining function 'getkeyvalue' into 'generatepartitions0' (../kernels/enigma.cpp:791).
INFO: [XFORM 203-603] Inlining function 'getkeyvalue' into 'generatepartitions0' (../kernels/enigma.cpp:792).
INFO: [XFORM 203-603] Inlining function 'getkeyvalue' into 'generatepartitions0' (../kernels/enigma.cpp:793).
INFO: [XFORM 203-603] Inlining function 'getkeyvalue' into 'generatepartitions0' (../kernels/enigma.cpp:794).
INFO: [XFORM 203-603] Inlining function 'getkeyvalue' into 'generatepartitions0' (../kernels/enigma.cpp:795).
INFO: [XFORM 203-603] Inlining function 'getkeyvalue' into 'generatepartitions0' (../kernels/enigma.cpp:796).
INFO: [XFORM 203-603] Inlining function 'getkeyvalue' into 'generatepartitions0' (../kernels/enigma.cpp:860).
INFO: [XFORM 203-603] Inlining function 'getkeyvalue' into 'generatepartitions0' (../kernels/enigma.cpp:861).
INFO: [XFORM 203-603] Inlining function 'getkeyvalue' into 'generatepartitions0' (../kernels/enigma.cpp:862).
INFO: [XFORM 203-603] Inlining function 'getkeyvalue' into 'generatepartitions0' (../kernels/enigma.cpp:863).
INFO: [XFORM 203-603] Inlining function 'getkeyvalue' into 'generatepartitions0' (../kernels/enigma.cpp:864).
INFO: [XFORM 203-603] Inlining function 'getkeyvalue' into 'generatepartitions0' (../kernels/enigma.cpp:865).
INFO: [XFORM 203-603] Inlining function 'getkeyvalue' into 'generatepartitions0' (../kernels/enigma.cpp:866).
INFO: [XFORM 203-603] Inlining function 'getkeyvalue' into 'generatepartitions0' (../kernels/enigma.cpp:867).
INFO: [XFORM 203-603] Inlining function 'getkeyvalue' into 'generatepartitions0' (../kernels/enigma.cpp:1331).
INFO: [XFORM 203-603] Inlining function 'getkeyvalue' into 'generatepartitions0' (../kernels/enigma.cpp:1332).
INFO: [XFORM 203-603] Inlining function 'getkeyvalue' into 'generatepartitions0' (../kernels/enigma.cpp:1333).
INFO: [XFORM 203-603] Inlining function 'getkeyvalue' into 'generatepartitions0' (../kernels/enigma.cpp:1334).
INFO: [XFORM 203-603] Inlining function 'getkeyvalue' into 'generatepartitions0' (../kernels/enigma.cpp:1335).
INFO: [XFORM 203-603] Inlining function 'getkeyvalue' into 'generatepartitions0' (../kernels/enigma.cpp:1336).
INFO: [XFORM 203-603] Inlining function 'getkeyvalue' into 'generatepartitions0' (../kernels/enigma.cpp:1337).
INFO: [XFORM 203-603] Inlining function 'getkeyvalue' into 'generatepartitions0' (../kernels/enigma.cpp:1338).
INFO: [XFORM 203-603] Inlining function 'getkeyvalue' into 'generatepartitions0' (../kernels/enigma.cpp:1369).
INFO: [XFORM 203-603] Inlining function 'getkeyvalue' into 'generatepartitions0' (../kernels/enigma.cpp:1370).
INFO: [XFORM 203-603] Inlining function 'getkeyvalue' into 'generatepartitions0' (../kernels/enigma.cpp:1371).
INFO: [XFORM 203-603] Inlining function 'getkeyvalue' into 'generatepartitions0' (../kernels/enigma.cpp:1372).
INFO: [XFORM 203-603] Inlining function 'getkeyvalue' into 'generatepartitions0' (../kernels/enigma.cpp:1373).
INFO: [XFORM 203-603] Inlining function 'getkeyvalue' into 'generatepartitions0' (../kernels/enigma.cpp:1374).
INFO: [XFORM 203-603] Inlining function 'getkeyvalue' into 'generatepartitions0' (../kernels/enigma.cpp:1375).
INFO: [XFORM 203-603] Inlining function 'getkeyvalue' into 'generatepartitions0' (../kernels/enigma.cpp:1376).
INFO: [XFORM 203-603] Inlining function 'preparecapsules' into 'generatepartitions0' (../kernels/enigma.cpp:853).
INFO: [XFORM 203-603] Inlining function 'setkeyvalue' into 'generatepartitions0' (../kernels/enigma.cpp:888).
INFO: [XFORM 203-603] Inlining function 'setkeyvalue' into 'generatepartitions0' (../kernels/enigma.cpp:889).
INFO: [XFORM 203-603] Inlining function 'setkeyvalue' into 'generatepartitions0' (../kernels/enigma.cpp:890).
INFO: [XFORM 203-603] Inlining function 'setkeyvalue' into 'generatepartitions0' (../kernels/enigma.cpp:891).
INFO: [XFORM 203-603] Inlining function 'setkeyvalue' into 'generatepartitions0' (../kernels/enigma.cpp:892).
INFO: [XFORM 203-603] Inlining function 'setkeyvalue' into 'generatepartitions0' (../kernels/enigma.cpp:893).
INFO: [XFORM 203-603] Inlining function 'setkeyvalue' into 'generatepartitions0' (../kernels/enigma.cpp:894).
INFO: [XFORM 203-603] Inlining function 'setkeyvalue' into 'generatepartitions0' (../kernels/enigma.cpp:895).
INFO: [XFORM 203-603] Inlining function 'setkeyvalue' into 'generatepartitions0' (../kernels/enigma.cpp:1396).
INFO: [XFORM 203-603] Inlining function 'setkeyvalue' into 'generatepartitions0' (../kernels/enigma.cpp:1397).
INFO: [XFORM 203-603] Inlining function 'setkeyvalue' into 'generatepartitions0' (../kernels/enigma.cpp:1398).
INFO: [XFORM 203-603] Inlining function 'setkeyvalue' into 'generatepartitions0' (../kernels/enigma.cpp:1399).
INFO: [XFORM 203-603] Inlining function 'setkeyvalue' into 'generatepartitions0' (../kernels/enigma.cpp:1400).
INFO: [XFORM 203-603] Inlining function 'setkeyvalue' into 'generatepartitions0' (../kernels/enigma.cpp:1401).
INFO: [XFORM 203-603] Inlining function 'setkeyvalue' into 'generatepartitions0' (../kernels/enigma.cpp:1402).
INFO: [XFORM 203-603] Inlining function 'setkeyvalue' into 'generatepartitions0' (../kernels/enigma.cpp:1403).
INFO: [XFORM 203-603] Inlining function 'storedeststats' into 'generatepartitions0' (../kernels/enigma.cpp:1144).
INFO: [XFORM 203-603] Inlining function 'reducefunc' into 'generatepartitions0' (../kernels/enigma.cpp:1378).
INFO: [XFORM 203-603] Inlining function 'reducefunc' into 'generatepartitions0' (../kernels/enigma.cpp:1379).
INFO: [XFORM 203-603] Inlining function 'reducefunc' into 'generatepartitions0' (../kernels/enigma.cpp:1380).
INFO: [XFORM 203-603] Inlining function 'reducefunc' into 'generatepartitions0' (../kernels/enigma.cpp:1381).
INFO: [XFORM 203-603] Inlining function 'reducefunc' into 'generatepartitions0' (../kernels/enigma.cpp:1382).
INFO: [XFORM 203-603] Inlining function 'reducefunc' into 'generatepartitions0' (../kernels/enigma.cpp:1383).
INFO: [XFORM 203-603] Inlining function 'reducefunc' into 'generatepartitions0' (../kernels/enigma.cpp:1384).
INFO: [XFORM 203-603] Inlining function 'reducefunc' into 'generatepartitions0' (../kernels/enigma.cpp:1385).
INFO: [HLS 200-111] Finished Standard Transforms Time (s): cpu = 00:00:15 ; elapsed = 00:00:16 . Memory (MB): peak = 826.742 ; gain = 128.000 ; free physical = 172867 ; free virtual = 245673
INFO: [HLS 200-10] Checking synthesizability ...
INFO: [XFORM 203-602] Inlining function 'getpartition' into 'generatepartitions0' (../kernels/enigma.cpp:798) automatically.
INFO: [XFORM 203-602] Inlining function 'allignhigher_KV' into 'generatepartitions0' (../kernels/enigma.cpp:968) automatically.
INFO: [HLS 200-111] Finished Checking Synthesizability Time (s): cpu = 00:00:18 ; elapsed = 00:00:19 . Memory (MB): peak = 826.742 ; gain = 128.000 ; free physical = 172853 ; free virtual = 245659
INFO: [XFORM 203-1101] Packing variable 'kvdramA' (../kernels/enigma.cpp:1532) into a 64-bit variable.
WARNING: [XFORM 203-561] Updating loop lower bound from 0 to 8192 for loop 'EXTRACTCAPSULES_LOOP2' (../kernels/enigma.cpp:787:1) in function 'generatepartitions0'.
WARNING: [XFORM 203-561] Updating loop lower bound from 0 to 8192 for loop 'PARTITION_LOOP2' (../kernels/enigma.cpp:858:1) in function 'generatepartitions0'.
WARNING: [XFORM 203-561] Updating loop lower bound from 0 to 32 for loop 'Loop-0-5-4-13-0' (../kernels/enigma.cpp:958:1) in function 'generatepartitions0'.
WARNING: [XFORM 203-561] Updating loop lower bound from 0 to 32 for loop 'Loop-0-5-4-15-0' (../kernels/enigma.cpp:982:1) in function 'generatepartitions0'.
WARNING: [XFORM 203-561] Updating loop lower bound from 0 to 32 for loop 'Loop-0-5-4-17-0' (../kernels/enigma.cpp:1006:1) in function 'generatepartitions0'.
WARNING: [XFORM 203-561] Updating loop lower bound from 0 to 32 for loop 'Loop-0-5-4-19-0' (../kernels/enigma.cpp:1030:1) in function 'generatepartitions0'.
WARNING: [XFORM 203-561] Updating loop lower bound from 0 to 32 for loop 'Loop-0-5-4-21-0' (../kernels/enigma.cpp:1054:1) in function 'generatepartitions0'.
WARNING: [XFORM 203-561] Updating loop lower bound from 0 to 32 for loop 'Loop-0-5-4-23-0' (../kernels/enigma.cpp:1078:1) in function 'generatepartitions0'.
WARNING: [XFORM 203-561] Updating loop lower bound from 0 to 32 for loop 'Loop-0-5-4-25-0' (../kernels/enigma.cpp:1102:1) in function 'generatepartitions0'.
WARNING: [XFORM 203-561] Updating loop lower bound from 0 to 32 for loop 'Loop-0-5-4-27-0' (../kernels/enigma.cpp:1126:1) in function 'generatepartitions0'.
WARNING: [XFORM 203-561] Updating loop upper bound from 1024 to 8192 for loop 'REDUCEPHASE_REDUCE_LOOP2' (../kernels/enigma.cpp:1329:1) in function 'generatepartitions0'.
WARNING: [XFORM 203-561] Updating loop lower bound from 0 to 8192 for loop 'REDUCEPHASE_REDUCE_LOOP2' (../kernels/enigma.cpp:1329:1) in function 'generatepartitions0'.
WARNING: [XFORM 203-561] Updating loop lower bound from 0 to 1024 for loop 'REDUCEPHASE_SAVEBUFFER0_LOOP1' (../kernels/enigma.cpp:1418:1) in function 'generatepartitions0'.
WARNING: [XFORM 203-561] Updating loop lower bound from 0 to 1024 for loop 'REDUCEPHASE_SAVEBUFFER1_LOOP1' (../kernels/enigma.cpp:1431:1) in function 'generatepartitions0'.
WARNING: [XFORM 203-561] Updating loop lower bound from 0 to 1024 for loop 'REDUCEPHASE_SAVEBUFFER2_LOOP1' (../kernels/enigma.cpp:1444:1) in function 'generatepartitions0'.
WARNING: [XFORM 203-561] Updating loop lower bound from 0 to 1024 for loop 'REDUCEPHASE_SAVEBUFFER3_LOOP1' (../kernels/enigma.cpp:1457:1) in function 'generatepartitions0'.
WARNING: [XFORM 203-561] Updating loop lower bound from 0 to 1024 for loop 'REDUCEPHASE_SAVEBUFFER4_LOOP1' (../kernels/enigma.cpp:1470:1) in function 'generatepartitions0'.
WARNING: [XFORM 203-561] Updating loop lower bound from 0 to 1024 for loop 'REDUCEPHASE_SAVEBUFFER5_LOOP1' (../kernels/enigma.cpp:1483:1) in function 'generatepartitions0'.
WARNING: [XFORM 203-561] Updating loop lower bound from 0 to 1024 for loop 'REDUCEPHASE_SAVEBUFFER6_LOOP1' (../kernels/enigma.cpp:1496:1) in function 'generatepartitions0'.
WARNING: [XFORM 203-561] Updating loop lower bound from 0 to 1024 for loop 'REDUCEPHASE_SAVEBUFFER7_LOOP1' (../kernels/enigma.cpp:1509:1) in function 'generatepartitions0'.
INFO: [XFORM 203-602] Inlining function 'allignhigher_KV' into 'generatepartitions0' (../kernels/enigma.cpp:968) automatically.
INFO: [XFORM 203-401] Performing if-conversion on hyperblock from (../kernels/enigma.cpp:786:66) to (../kernels/enigma.cpp:808:6) in function 'generatepartitions0'... converting 129 basic blocks.
INFO: [XFORM 203-401] Performing if-conversion on hyperblock from (../kernels/enigma.cpp:857:60) to (../kernels/enigma.cpp:248:1) in function 'generatepartitions0'... converting 129 basic blocks.
INFO: [XFORM 203-401] Performing if-conversion on hyperblock from (../kernels/enigma.cpp:579:114) to (../kernels/enigma.cpp:668:45) in function 'generatepartitions0'... converting 17 basic blocks.
INFO: [XFORM 203-401] Performing if-conversion on hyperblock from (../kernels/enigma.cpp:1328:69) to (../kernels/enigma.cpp:248:1) in function 'generatepartitions0'... converting 257 basic blocks.
INFO: [XFORM 203-11] Balancing expressions in function 'generatepartitions0' (../kernels/enigma.cpp:475)...18 expression(s) balanced.
INFO: [HLS 200-111] Finished Pre-synthesis Time (s): cpu = 00:00:30 ; elapsed = 00:00:31 . Memory (MB): peak = 890.742 ; gain = 192.000 ; free physical = 172799 ; free virtual = 245606
INFO: [XFORM 203-541] Flattening a loop nest 'SAVEBUFFER0_LOOP1' (../kernels/enigma.cpp:945:66) in function 'generatepartitions0'.
INFO: [XFORM 203-541] Flattening a loop nest 'SAVEBUFFER1_LOOP1' (../kernels/enigma.cpp:969:66) in function 'generatepartitions0'.
INFO: [XFORM 203-541] Flattening a loop nest 'SAVEBUFFER2_LOOP1' (../kernels/enigma.cpp:993:66) in function 'generatepartitions0'.
INFO: [XFORM 203-541] Flattening a loop nest 'SAVEBUFFER3_LOOP1' (../kernels/enigma.cpp:1017:66) in function 'generatepartitions0'.
INFO: [XFORM 203-541] Flattening a loop nest 'SAVEBUFFER4_LOOP1' (../kernels/enigma.cpp:1041:66) in function 'generatepartitions0'.
INFO: [XFORM 203-541] Flattening a loop nest 'SAVEBUFFER5_LOOP1' (../kernels/enigma.cpp:1065:66) in function 'generatepartitions0'.
INFO: [XFORM 203-541] Flattening a loop nest 'SAVEBUFFER6_LOOP1' (../kernels/enigma.cpp:1089:66) in function 'generatepartitions0'.
INFO: [XFORM 203-541] Flattening a loop nest 'SAVEBUFFER7_LOOP1' (../kernels/enigma.cpp:1113:66) in function 'generatepartitions0'.
WARNING: [XFORM 203-542] Cannot flatten a loop nest 'PARTITIONPHASE_LOOP3' (../kernels/enigma.cpp:579:114) in function 'generatepartitions0' : 

more than one sub loop.
WARNING: [XFORM 203-542] Cannot flatten a loop nest 'PARTITIONPHASE_LOOP2' (../kernels/enigma.cpp:554:133) in function 'generatepartitions0' : 

more than one sub loop.
WARNING: [XFORM 203-542] Cannot flatten a loop nest 'PARTITIONPHASE_LOOP1' (../kernels/enigma.cpp:543:116) in function 'generatepartitions0' : 

more than one sub loop.
WARNING: [XFORM 203-542] Cannot flatten a loop nest 'REDUCEPHASE_REDUCEPARTITION_LOOP' (../kernels/enigma.cpp:1189:157) in function 'generatepartitions0' : 

more than one sub loop.
WARNING: [XFORM 203-542] Cannot flatten a loop nest 'REDUCEPHASE_LOOP1' (../kernels/enigma.cpp:1173:130) in function 'generatepartitions0' : 

more than one sub loop.
INFO: [HLS 200-444] Inferring multiple bus burst read of variable length on port 'kvsetdram.V' (../kernels/enigma.cpp:1215:2). These data requests might be further partitioned to multiple requests during RTL generation, based on max_read_burst_length or max_write_burst_length settings.
INFO: [HLS 200-444] Inferring multiple bus burst read of variable length on port 'kvsetdram.V' (../kernels/enigma.cpp:1230:2). These data requests might be further partitioned to multiple requests during RTL generation, based on max_read_burst_length or max_write_burst_length settings.
INFO: [HLS 200-444] Inferring multiple bus burst read of variable length on port 'kvsetdram.V' (../kernels/enigma.cpp:1245:2). These data requests might be further partitioned to multiple requests during RTL generation, based on max_read_burst_length or max_write_burst_length settings.
INFO: [HLS 200-444] Inferring multiple bus burst read of variable length on port 'kvsetdram.V' (../kernels/enigma.cpp:1260:2). These data requests might be further partitioned to multiple requests during RTL generation, based on max_read_burst_length or max_write_burst_length settings.
INFO: [HLS 200-444] Inferring multiple bus burst read of variable length on port 'kvsetdram.V' (../kernels/enigma.cpp:1275:2). These data requests might be further partitioned to multiple requests during RTL generation, based on max_read_burst_length or max_write_burst_length settings.
INFO: [HLS 200-444] Inferring multiple bus burst read of variable length on port 'kvsetdram.V' (../kernels/enigma.cpp:1290:2). These data requests might be further partitioned to multiple requests during RTL generation, based on max_read_burst_length or max_write_burst_length settings.
INFO: [HLS 200-444] Inferring multiple bus burst read of variable length on port 'kvsetdram.V' (../kernels/enigma.cpp:1305:2). These data requests might be further partitioned to multiple requests during RTL generation, based on max_read_burst_length or max_write_burst_length settings.
INFO: [HLS 200-444] Inferring multiple bus burst read of variable length on port 'kvsetdram.V' (../kernels/enigma.cpp:1320:2). These data requests might be further partitioned to multiple requests during RTL generation, based on max_read_burst_length or max_write_burst_length settings.
INFO: [HLS 200-444] Inferring multiple bus burst read of variable length on port 'kvsetdram.V' (../kernels/enigma.cpp:671:2). These data requests might be further partitioned to multiple requests during RTL generation, based on max_read_burst_length or max_write_burst_length settings.
INFO: [HLS 200-444] Inferring multiple bus burst read of variable length on port 'kvsetdram.V' (../kernels/enigma.cpp:686:2). These data requests might be further partitioned to multiple requests during RTL generation, based on max_read_burst_length or max_write_burst_length settings.
INFO: [HLS 200-444] Inferring multiple bus burst read of variable length on port 'kvsetdram.V' (../kernels/enigma.cpp:701:2). These data requests might be further partitioned to multiple requests during RTL generation, based on max_read_burst_length or max_write_burst_length settings.
INFO: [HLS 200-444] Inferring multiple bus burst read of variable length on port 'kvsetdram.V' (../kernels/enigma.cpp:716:2). These data requests might be further partitioned to multiple requests during RTL generation, based on max_read_burst_length or max_write_burst_length settings.
INFO: [HLS 200-444] Inferring multiple bus burst read of variable length on port 'kvsetdram.V' (../kernels/enigma.cpp:731:2). These data requests might be further partitioned to multiple requests during RTL generation, based on max_read_burst_length or max_write_burst_length settings.
INFO: [HLS 200-444] Inferring multiple bus burst read of variable length on port 'kvsetdram.V' (../kernels/enigma.cpp:746:2). These data requests might be further partitioned to multiple requests during RTL generation, based on max_read_burst_length or max_write_burst_length settings.
INFO: [HLS 200-444] Inferring multiple bus burst read of variable length on port 'kvsetdram.V' (../kernels/enigma.cpp:761:2). These data requests might be further partitioned to multiple requests during RTL generation, based on max_read_burst_length or max_write_burst_length settings.
INFO: [HLS 200-444] Inferring multiple bus burst read of variable length on port 'kvsetdram.V' (../kernels/enigma.cpp:776:2). These data requests might be further partitioned to multiple requests during RTL generation, based on max_read_burst_length or max_write_burst_length settings.
INFO: [HLS 200-444] Inferring multiple bus burst write of a total cumulative length 1024 on port 'kvsetdram.V' (../kernels/enigma.cpp:1419:2). These data requests might be further partitioned to multiple requests during RTL generation, based on max_read_burst_length or max_write_burst_length settings.
INFO: [HLS 200-444] Inferring multiple bus burst write of a total cumulative length 1024 on port 'kvsetdram.V' (../kernels/enigma.cpp:1432:2). These data requests might be further partitioned to multiple requests during RTL generation, based on max_read_burst_length or max_write_burst_length settings.
INFO: [HLS 200-444] Inferring multiple bus burst write of a total cumulative length 1024 on port 'kvsetdram.V' (../kernels/enigma.cpp:1445:2). These data requests might be further partitioned to multiple requests during RTL generation, based on max_read_burst_length or max_write_burst_length settings.
INFO: [HLS 200-444] Inferring multiple bus burst write of a total cumulative length 1024 on port 'kvsetdram.V' (../kernels/enigma.cpp:1458:2). These data requests might be further partitioned to multiple requests during RTL generation, based on max_read_burst_length or max_write_burst_length settings.
INFO: [HLS 200-444] Inferring multiple bus burst write of a total cumulative length 1024 on port 'kvsetdram.V' (../kernels/enigma.cpp:1471:2). These data requests might be further partitioned to multiple requests during RTL generation, based on max_read_burst_length or max_write_burst_length settings.
INFO: [HLS 200-444] Inferring multiple bus burst write of a total cumulative length 1024 on port 'kvsetdram.V' (../kernels/enigma.cpp:1484:2). These data requests might be further partitioned to multiple requests during RTL generation, based on max_read_burst_length or max_write_burst_length settings.
INFO: [HLS 200-444] Inferring multiple bus burst write of a total cumulative length 1024 on port 'kvsetdram.V' (../kernels/enigma.cpp:1497:2). These data requests might be further partitioned to multiple requests during RTL generation, based on max_read_burst_length or max_write_burst_length settings.
INFO: [HLS 200-444] Inferring multiple bus burst write of a total cumulative length 1024 on port 'kvsetdram.V' (../kernels/enigma.cpp:1510:2). These data requests might be further partitioned to multiple requests during RTL generation, based on max_read_burst_length or max_write_burst_length settings.
INFO: [HLS 200-444] Inferring multiple bus burst write of a total cumulative length 32 on port 'kvsetdram.V' (../kernels/enigma.cpp:1008:2). These data requests might be further partitioned to multiple requests during RTL generation, based on max_read_burst_length or max_write_burst_length settings.
INFO: [HLS 200-444] Inferring multiple bus burst write of a total cumulative length 32 on port 'kvsetdram.V' (../kernels/enigma.cpp:1032:2). These data requests might be further partitioned to multiple requests during RTL generation, based on max_read_burst_length or max_write_burst_length settings.
INFO: [HLS 200-444] Inferring multiple bus burst write of a total cumulative length 32 on port 'kvsetdram.V' (../kernels/enigma.cpp:1056:2). These data requests might be further partitioned to multiple requests during RTL generation, based on max_read_burst_length or max_write_burst_length settings.
INFO: [HLS 200-444] Inferring multiple bus burst write of a total cumulative length 32 on port 'kvsetdram.V' (../kernels/enigma.cpp:1080:2). These data requests might be further partitioned to multiple requests during RTL generation, based on max_read_burst_length or max_write_burst_length settings.
INFO: [HLS 200-444] Inferring multiple bus burst write of a total cumulative length 32 on port 'kvsetdram.V' (../kernels/enigma.cpp:1104:2). These data requests might be further partitioned to multiple requests during RTL generation, based on max_read_burst_length or max_write_burst_length settings.
INFO: [HLS 200-444] Inferring multiple bus burst write of a total cumulative length 32 on port 'kvsetdram.V' (../kernels/enigma.cpp:1128:2). These data requests might be further partitioned to multiple requests during RTL generation, based on max_read_burst_length or max_write_burst_length settings.
INFO: [HLS 200-444] Inferring multiple bus burst write of a total cumulative length 32 on port 'kvsetdram.V' (../kernels/enigma.cpp:960:2). These data requests might be further partitioned to multiple requests during RTL generation, based on max_read_burst_length or max_write_burst_length settings.
INFO: [HLS 200-444] Inferring multiple bus burst write of a total cumulative length 32 on port 'kvsetdram.V' (../kernels/enigma.cpp:984:2). These data requests might be further partitioned to multiple requests during RTL generation, based on max_read_burst_length or max_write_burst_length settings.
INFO: [HLS 200-472] Inferring partial write operation for 'result_local0.V' (../kernels/enigma.cpp:250:3)
INFO: [HLS 200-472] Inferring partial write operation for 'result_local0.V' (../kernels/enigma.cpp:254:3)
INFO: [HLS 200-472] Inferring partial write operation for 'result_local0.V' (../kernels/enigma.cpp:258:3)
INFO: [HLS 200-472] Inferring partial write operation for 'result_local0.V' (../kernels/enigma.cpp:262:3)
INFO: [HLS 200-472] Inferring partial write operation for 'result_local0.V' (../kernels/enigma.cpp:266:3)
INFO: [HLS 200-472] Inferring partial write operation for 'result_local0.V' (../kernels/enigma.cpp:270:3)
INFO: [HLS 200-472] Inferring partial write operation for 'result_local0.V' (../kernels/enigma.cpp:274:3)
INFO: [HLS 200-472] Inferring partial write operation for 'result_local0.V' (../kernels/enigma.cpp:278:3)
INFO: [HLS 200-472] Inferring partial write operation for 'result_local1.V' (../kernels/enigma.cpp:250:3)
INFO: [HLS 200-472] Inferring partial write operation for 'result_local1.V' (../kernels/enigma.cpp:254:3)
INFO: [HLS 200-472] Inferring partial write operation for 'result_local1.V' (../kernels/enigma.cpp:258:3)
INFO: [HLS 200-472] Inferring partial write operation for 'result_local1.V' (../kernels/enigma.cpp:262:3)
INFO: [HLS 200-472] Inferring partial write operation for 'result_local1.V' (../kernels/enigma.cpp:266:3)
INFO: [HLS 200-472] Inferring partial write operation for 'result_local1.V' (../kernels/enigma.cpp:270:3)
INFO: [HLS 200-472] Inferring partial write operation for 'result_local1.V' (../kernels/enigma.cpp:274:3)
INFO: [HLS 200-472] Inferring partial write operation for 'result_local1.V' (../kernels/enigma.cpp:278:3)
INFO: [HLS 200-472] Inferring partial write operation for 'result_local2.V' (../kernels/enigma.cpp:250:3)
INFO: [HLS 200-472] Inferring partial write operation for 'result_local2.V' (../kernels/enigma.cpp:254:3)
INFO: [HLS 200-472] Inferring partial write operation for 'result_local2.V' (../kernels/enigma.cpp:258:3)
INFO: [HLS 200-472] Inferring partial write operation for 'result_local2.V' (../kernels/enigma.cpp:262:3)
INFO: [HLS 200-472] Inferring partial write operation for 'result_local2.V' (../kernels/enigma.cpp:266:3)
INFO: [HLS 200-472] Inferring partial write operation for 'result_local2.V' (../kernels/enigma.cpp:270:3)
INFO: [HLS 200-472] Inferring partial write operation for 'result_local2.V' (../kernels/enigma.cpp:274:3)
INFO: [HLS 200-472] Inferring partial write operation for 'result_local2.V' (../kernels/enigma.cpp:278:3)
INFO: [HLS 200-472] Inferring partial write operation for 'result_local3.V' (../kernels/enigma.cpp:250:3)
INFO: [HLS 200-472] Inferring partial write operation for 'result_local3.V' (../kernels/enigma.cpp:254:3)
INFO: [HLS 200-472] Inferring partial write operation for 'result_local3.V' (../kernels/enigma.cpp:258:3)
INFO: [HLS 200-472] Inferring partial write operation for 'result_local3.V' (../kernels/enigma.cpp:262:3)
INFO: [HLS 200-472] Inferring partial write operation for 'result_local3.V' (../kernels/enigma.cpp:266:3)
INFO: [HLS 200-472] Inferring partial write operation for 'result_local3.V' (../kernels/enigma.cpp:270:3)
INFO: [HLS 200-472] Inferring partial write operation for 'result_local3.V' (../kernels/enigma.cpp:274:3)
INFO: [HLS 200-472] Inferring partial write operation for 'result_local3.V' (../kernels/enigma.cpp:278:3)
INFO: [HLS 200-472] Inferring partial write operation for 'result_local4.V' (../kernels/enigma.cpp:250:3)
INFO: [HLS 200-472] Inferring partial write operation for 'result_local4.V' (../kernels/enigma.cpp:254:3)
INFO: [HLS 200-472] Inferring partial write operation for 'result_local4.V' (../kernels/enigma.cpp:258:3)
INFO: [HLS 200-472] Inferring partial write operation for 'result_local4.V' (../kernels/enigma.cpp:262:3)
INFO: [HLS 200-472] Inferring partial write operation for 'result_local4.V' (../kernels/enigma.cpp:266:3)
INFO: [HLS 200-472] Inferring partial write operation for 'result_local4.V' (../kernels/enigma.cpp:270:3)
INFO: [HLS 200-472] Inferring partial write operation for 'result_local4.V' (../kernels/enigma.cpp:274:3)
INFO: [HLS 200-472] Inferring partial write operation for 'result_local4.V' (../kernels/enigma.cpp:278:3)
INFO: [HLS 200-472] Inferring partial write operation for 'result_local5.V' (../kernels/enigma.cpp:250:3)
INFO: [HLS 200-472] Inferring partial write operation for 'result_local5.V' (../kernels/enigma.cpp:254:3)
INFO: [HLS 200-472] Inferring partial write operation for 'result_local5.V' (../kernels/enigma.cpp:258:3)
INFO: [HLS 200-472] Inferring partial write operation for 'result_local5.V' (../kernels/enigma.cpp:262:3)
INFO: [HLS 200-472] Inferring partial write operation for 'result_local5.V' (../kernels/enigma.cpp:266:3)
INFO: [HLS 200-472] Inferring partial write operation for 'result_local5.V' (../kernels/enigma.cpp:270:3)
INFO: [HLS 200-472] Inferring partial write operation for 'result_local5.V' (../kernels/enigma.cpp:274:3)
INFO: [HLS 200-472] Inferring partial write operation for 'result_local5.V' (../kernels/enigma.cpp:278:3)
INFO: [HLS 200-472] Inferring partial write operation for 'result_local6.V' (../kernels/enigma.cpp:250:3)
INFO: [HLS 200-472] Inferring partial write operation for 'result_local6.V' (../kernels/enigma.cpp:254:3)
INFO: [HLS 200-472] Inferring partial write operation for 'result_local6.V' (../kernels/enigma.cpp:258:3)
INFO: [HLS 200-472] Inferring partial write operation for 'result_local6.V' (../kernels/enigma.cpp:262:3)
INFO: [HLS 200-472] Inferring partial write operation for 'result_local6.V' (../kernels/enigma.cpp:266:3)
INFO: [HLS 200-472] Inferring partial write operation for 'result_local6.V' (../kernels/enigma.cpp:270:3)
INFO: [HLS 200-472] Inferring partial write operation for 'result_local6.V' (../kernels/enigma.cpp:274:3)
INFO: [HLS 200-472] Inferring partial write operation for 'result_local6.V' (../kernels/enigma.cpp:278:3)
INFO: [HLS 200-472] Inferring partial write operation for 'result_local7.V' (../kernels/enigma.cpp:250:3)
INFO: [HLS 200-472] Inferring partial write operation for 'result_local7.V' (../kernels/enigma.cpp:254:3)
INFO: [HLS 200-472] Inferring partial write operation for 'result_local7.V' (../kernels/enigma.cpp:258:3)
INFO: [HLS 200-472] Inferring partial write operation for 'result_local7.V' (../kernels/enigma.cpp:262:3)
INFO: [HLS 200-472] Inferring partial write operation for 'result_local7.V' (../kernels/enigma.cpp:266:3)
INFO: [HLS 200-472] Inferring partial write operation for 'result_local7.V' (../kernels/enigma.cpp:270:3)
INFO: [HLS 200-472] Inferring partial write operation for 'result_local7.V' (../kernels/enigma.cpp:274:3)
INFO: [HLS 200-472] Inferring partial write operation for 'result_local7.V' (../kernels/enigma.cpp:278:3)
INFO: [HLS 200-472] Inferring partial write operation for 'result_local0.V' (../kernels/enigma.cpp:250:3)
INFO: [HLS 200-472] Inferring partial write operation for 'result_local0.V' (../kernels/enigma.cpp:254:3)
INFO: [HLS 200-472] Inferring partial write operation for 'result_local0.V' (../kernels/enigma.cpp:258:3)
INFO: [HLS 200-472] Inferring partial write operation for 'result_local0.V' (../kernels/enigma.cpp:262:3)
INFO: [HLS 200-472] Inferring partial write operation for 'result_local0.V' (../kernels/enigma.cpp:266:3)
INFO: [HLS 200-472] Inferring partial write operation for 'result_local0.V' (../kernels/enigma.cpp:270:3)
INFO: [HLS 200-472] Inferring partial write operation for 'result_local0.V' (../kernels/enigma.cpp:274:3)
INFO: [HLS 200-472] Inferring partial write operation for 'result_local0.V' (../kernels/enigma.cpp:278:3)
INFO: [HLS 200-472] Inferring partial write operation for 'result_local1.V' (../kernels/enigma.cpp:250:3)
INFO: [HLS 200-472] Inferring partial write operation for 'result_local1.V' (../kernels/enigma.cpp:254:3)
INFO: [HLS 200-472] Inferring partial write operation for 'result_local1.V' (../kernels/enigma.cpp:258:3)
INFO: [HLS 200-472] Inferring partial write operation for 'result_local1.V' (../kernels/enigma.cpp:262:3)
INFO: [HLS 200-472] Inferring partial write operation for 'result_local1.V' (../kernels/enigma.cpp:266:3)
INFO: [HLS 200-472] Inferring partial write operation for 'result_local1.V' (../kernels/enigma.cpp:270:3)
INFO: [HLS 200-472] Inferring partial write operation for 'result_local1.V' (../kernels/enigma.cpp:274:3)
INFO: [HLS 200-472] Inferring partial write operation for 'result_local1.V' (../kernels/enigma.cpp:278:3)
INFO: [HLS 200-472] Inferring partial write operation for 'result_local2.V' (../kernels/enigma.cpp:250:3)
INFO: [HLS 200-472] Inferring partial write operation for 'result_local2.V' (../kernels/enigma.cpp:254:3)
INFO: [HLS 200-472] Inferring partial write operation for 'result_local2.V' (../kernels/enigma.cpp:258:3)
INFO: [HLS 200-472] Inferring partial write operation for 'result_local2.V' (../kernels/enigma.cpp:262:3)
INFO: [HLS 200-472] Inferring partial write operation for 'result_local2.V' (../kernels/enigma.cpp:266:3)
INFO: [HLS 200-472] Inferring partial write operation for 'result_local2.V' (../kernels/enigma.cpp:270:3)
INFO: [HLS 200-472] Inferring partial write operation for 'result_local2.V' (../kernels/enigma.cpp:274:3)
INFO: [HLS 200-472] Inferring partial write operation for 'result_local2.V' (../kernels/enigma.cpp:278:3)
INFO: [HLS 200-472] Inferring partial write operation for 'result_local3.V' (../kernels/enigma.cpp:250:3)
INFO: [HLS 200-472] Inferring partial write operation for 'result_local3.V' (../kernels/enigma.cpp:254:3)
INFO: [HLS 200-472] Inferring partial write operation for 'result_local3.V' (../kernels/enigma.cpp:258:3)
INFO: [HLS 200-472] Inferring partial write operation for 'result_local3.V' (../kernels/enigma.cpp:262:3)
INFO: [HLS 200-472] Inferring partial write operation for 'result_local3.V' (../kernels/enigma.cpp:266:3)
INFO: [HLS 200-472] Inferring partial write operation for 'result_local3.V' (../kernels/enigma.cpp:270:3)
INFO: [HLS 200-472] Inferring partial write operation for 'result_local3.V' (../kernels/enigma.cpp:274:3)
INFO: [HLS 200-472] Inferring partial write operation for 'result_local3.V' (../kernels/enigma.cpp:278:3)
INFO: [HLS 200-472] Inferring partial write operation for 'result_local4.V' (../kernels/enigma.cpp:250:3)
INFO: [HLS 200-472] Inferring partial write operation for 'result_local4.V' (../kernels/enigma.cpp:254:3)
INFO: [HLS 200-472] Inferring partial write operation for 'result_local4.V' (../kernels/enigma.cpp:258:3)
INFO: [HLS 200-472] Inferring partial write operation for 'result_local4.V' (../kernels/enigma.cpp:262:3)
INFO: [HLS 200-472] Inferring partial write operation for 'result_local4.V' (../kernels/enigma.cpp:266:3)
INFO: [HLS 200-472] Inferring partial write operation for 'result_local4.V' (../kernels/enigma.cpp:270:3)
INFO: [HLS 200-472] Inferring partial write operation for 'result_local4.V' (../kernels/enigma.cpp:274:3)
INFO: [HLS 200-472] Inferring partial write operation for 'result_local4.V' (../kernels/enigma.cpp:278:3)
INFO: [HLS 200-472] Inferring partial write operation for 'result_local5.V' (../kernels/enigma.cpp:250:3)
INFO: [HLS 200-472] Inferring partial write operation for 'result_local5.V' (../kernels/enigma.cpp:254:3)
INFO: [HLS 200-472] Inferring partial write operation for 'result_local5.V' (../kernels/enigma.cpp:258:3)
INFO: [HLS 200-472] Inferring partial write operation for 'result_local5.V' (../kernels/enigma.cpp:262:3)
INFO: [HLS 200-472] Inferring partial write operation for 'result_local5.V' (../kernels/enigma.cpp:266:3)
INFO: [HLS 200-472] Inferring partial write operation for 'result_local5.V' (../kernels/enigma.cpp:270:3)
INFO: [HLS 200-472] Inferring partial write operation for 'result_local5.V' (../kernels/enigma.cpp:274:3)
INFO: [HLS 200-472] Inferring partial write operation for 'result_local5.V' (../kernels/enigma.cpp:278:3)
INFO: [HLS 200-472] Inferring partial write operation for 'result_local6.V' (../kernels/enigma.cpp:250:3)
INFO: [HLS 200-472] Inferring partial write operation for 'result_local6.V' (../kernels/enigma.cpp:254:3)
INFO: [HLS 200-472] Inferring partial write operation for 'result_local6.V' (../kernels/enigma.cpp:258:3)
INFO: [HLS 200-472] Inferring partial write operation for 'result_local6.V' (../kernels/enigma.cpp:262:3)
INFO: [HLS 200-472] Inferring partial write operation for 'result_local6.V' (../kernels/enigma.cpp:266:3)
INFO: [HLS 200-472] Inferring partial write operation for 'result_local6.V' (../kernels/enigma.cpp:270:3)
INFO: [HLS 200-472] Inferring partial write operation for 'result_local6.V' (../kernels/enigma.cpp:274:3)
INFO: [HLS 200-472] Inferring partial write operation for 'result_local6.V' (../kernels/enigma.cpp:278:3)
INFO: [HLS 200-472] Inferring partial write operation for 'result_local7.V' (../kernels/enigma.cpp:250:3)
INFO: [HLS 200-472] Inferring partial write operation for 'result_local7.V' (../kernels/enigma.cpp:254:3)
INFO: [HLS 200-472] Inferring partial write operation for 'result_local7.V' (../kernels/enigma.cpp:258:3)
INFO: [HLS 200-472] Inferring partial write operation for 'result_local7.V' (../kernels/enigma.cpp:262:3)
INFO: [HLS 200-472] Inferring partial write operation for 'result_local7.V' (../kernels/enigma.cpp:266:3)
INFO: [HLS 200-472] Inferring partial write operation for 'result_local7.V' (../kernels/enigma.cpp:270:3)
INFO: [HLS 200-472] Inferring partial write operation for 'result_local7.V' (../kernels/enigma.cpp:274:3)
INFO: [HLS 200-472] Inferring partial write operation for 'result_local7.V' (../kernels/enigma.cpp:278:3)
INFO: [HLS 200-111] Finished Architecture Synthesis Time (s): cpu = 00:01:22 ; elapsed = 00:01:24 . Memory (MB): peak = 890.742 ; gain = 192.000 ; free physical = 172783 ; free virtual = 245591
INFO: [HLS 200-10] Starting hardware synthesis ...
INFO: [HLS 200-10] Synthesizing 'topkernel' ...
INFO: [HLS 200-10] ----------------------------------------------------------------
INFO: [HLS 200-42] -- Implementing module 'getpartition' 
INFO: [HLS 200-10] ----------------------------------------------------------------
INFO: [SCHED 204-11] Starting scheduling ...
INFO: [SCHED 204-61] Pipelining function 'getpartition'.
INFO: [SCHED 204-61] Pipelining result : Target II = 1, Final II = 1, Depth = 1.
INFO: [SCHED 204-11] Finished scheduling.
INFO: [HLS 200-111]  Elapsed time: 83.95 seconds; current allocated memory: 194.410 MB.
INFO: [BIND 205-100] Starting micro-architecture generation ...
INFO: [BIND 205-101] Performing variable lifetime analysis.
INFO: [BIND 205-101] Exploring resource sharing.
INFO: [BIND 205-101] Binding ...
INFO: [BIND 205-100] Finished micro-architecture generation.
INFO: [HLS 200-111]  Elapsed time: 0.03 seconds; current allocated memory: 194.470 MB.
INFO: [HLS 200-10] ----------------------------------------------------------------
INFO: [HLS 200-42] -- Implementing module 'generatepartitions0' 
INFO: [HLS 200-10] ----------------------------------------------------------------
INFO: [SCHED 204-11] Starting scheduling ...
INFO: [SCHED 204-61] Pipelining loop 'LOADDESTSTATS_LOOP1'.
INFO: [SCHED 204-61] Pipelining result : Target II = 1, Final II = 1, Depth = 45.
INFO: [SCHED 204-61] Pipelining loop 'LOADDESTSTATS_LOOP2'.
INFO: [SCHED 204-61] Pipelining result : Target II = 1, Final II = 1, Depth = 1.
INFO: [SCHED 204-61] Pipelining loop 'GENERATEPARTITIONS_INITKVDRAMREACKER_LOOP2'.
INFO: [SCHED 204-61] Pipelining result : Target II = 1, Final II = 1, Depth = 1.
INFO: [SCHED 204-61] Pipelining loop 'READBUFFER0_LOOP1'.
INFO: [SCHED 204-61] Pipelining result : Target II = 1, Final II = 1, Depth = 3.
INFO: [SCHED 204-61] Pipelining loop 'READBUFFER1_LOOP1'.
INFO: [SCHED 204-61] Pipelining result : Target II = 1, Final II = 1, Depth = 3.
INFO: [SCHED 204-61] Pipelining loop 'READBUFFER2_LOOP1'.
INFO: [SCHED 204-61] Pipelining result : Target II = 1, Final II = 1, Depth = 3.
INFO: [SCHED 204-61] Pipelining loop 'READBUFFER3_LOOP1'.
INFO: [SCHED 204-61] Pipelining result : Target II = 1, Final II = 1, Depth = 3.
INFO: [SCHED 204-61] Pipelining loop 'READBUFFER4_LOOP1'.
INFO: [SCHED 204-61] Pipelining result : Target II = 1, Final II = 1, Depth = 3.
INFO: [SCHED 204-61] Pipelining loop 'READBUFFER5_LOOP1'.
INFO: [SCHED 204-61] Pipelining result : Target II = 1, Final II = 1, Depth = 3.
INFO: [SCHED 204-61] Pipelining loop 'READBUFFER6_LOOP1'.
INFO: [SCHED 204-61] Pipelining result : Target II = 1, Final II = 1, Depth = 3.
INFO: [SCHED 204-61] Pipelining loop 'READBUFFER7_LOOP1'.
INFO: [SCHED 204-61] Pipelining result : Target II = 1, Final II = 1, Depth = 3.
INFO: [SCHED 204-61] Pipelining loop 'EXTRACTCAPSULES_LOOP2'.
WARNING: [SCHED 204-68] The II Violation in module 'generatepartitions0' (Loop: EXTRACTCAPSULES_LOOP2): Unable to enforce a carried dependence constraint (II = 1, distance = 1, offset = 1)
   between 'store' operation ('capsule0_value_addr_4_write_ln808', ../kernels/enigma.cpp:808) of variable 'add_ln808', ../kernels/enigma.cpp:808 on array 'capsule0.value', ../kernels/enigma.cpp:491 and 'load' operation ('capsule0_value_load_1', ../kernels/enigma.cpp:808) on array 'capsule0.value', ../kernels/enigma.cpp:491.
INFO: [SCHED 204-61] Pipelining result : Target II = 1, Final II = 2, Depth = 4.
INFO: [SCHED 204-61] Pipelining loop 'PARTITION_LOOP2'.
WARNING: [SCHED 204-68] The II Violation in module 'generatepartitions0' (Loop: PARTITION_LOOP2): Unable to enforce a carried dependence constraint (II = 1, distance = 1, offset = 1)
   between 'store' operation ('capsule0_value_addr_5_write_ln898', ../kernels/enigma.cpp:898) of variable 'add_ln898', ../kernels/enigma.cpp:898 on array 'capsule0.value', ../kernels/enigma.cpp:491 and 'load' operation ('capsule0_value_load_2', ../kernels/enigma.cpp:888) on array 'capsule0.value', ../kernels/enigma.cpp:491.
INFO: [SCHED 204-61] Pipelining result : Target II = 1, Final II = 2, Depth = 4.
INFO: [SCHED 204-61] Pipelining loop 'SAVEBUFFER0_LOOP1_L'.
INFO: [SCHED 204-61] Pipelining result : Target II = 1, Final II = 1, Depth = 9.
INFO: [SCHED 204-61] Pipelining loop 'SAVEBUFFER1_LOOP1_L'.
INFO: [SCHED 204-61] Pipelining result : Target II = 1, Final II = 1, Depth = 9.
INFO: [SCHED 204-61] Pipelining loop 'SAVEBUFFER2_LOOP1_L'.
INFO: [SCHED 204-61] Pipelining result : Target II = 1, Final II = 1, Depth = 9.
INFO: [SCHED 204-61] Pipelining loop 'SAVEBUFFER3_LOOP1_L'.
INFO: [SCHED 204-61] Pipelining result : Target II = 1, Final II = 1, Depth = 9.
INFO: [SCHED 204-61] Pipelining loop 'SAVEBUFFER4_LOOP1_L'.
INFO: [SCHED 204-61] Pipelining result : Target II = 1, Final II = 1, Depth = 9.
INFO: [SCHED 204-61] Pipelining loop 'SAVEBUFFER5_LOOP1_L'.
INFO: [SCHED 204-61] Pipelining result : Target II = 1, Final II = 1, Depth = 9.
INFO: [SCHED 204-61] Pipelining loop 'SAVEBUFFER6_LOOP1_L'.
INFO: [SCHED 204-61] Pipelining result : Target II = 1, Final II = 1, Depth = 9.
INFO: [SCHED 204-61] Pipelining loop 'SAVEBUFFER7_LOOP1_L'.
INFO: [SCHED 204-61] Pipelining result : Target II = 1, Final II = 1, Depth = 9.
INFO: [SCHED 204-61] Pipelining loop 'STOREDESTSTATS_LOOP1'.
INFO: [SCHED 204-61] Pipelining result : Target II = 1, Final II = 1, Depth = 43.
INFO: [SCHED 204-61] Pipelining loop 'STOREDESTSTATS_LOOP2'.
INFO: [SCHED 204-61] Pipelining result : Target II = 1, Final II = 1, Depth = 1.
INFO: [SCHED 204-61] Pipelining loop 'REDUCEPHASE_READBUFFER0_LOOP1'.
INFO: [SCHED 204-61] Pipelining result : Target II = 1, Final II = 1, Depth = 3.
INFO: [SCHED 204-61] Pipelining loop 'REDUCEPHASE_READBUFFER1_LOOP1'.
INFO: [SCHED 204-61] Pipelining result : Target II = 1, Final II = 1, Depth = 3.
INFO: [SCHED 204-61] Pipelining loop 'REDUCEPHASE_READBUFFER2_LOOP1'.
INFO: [SCHED 204-61] Pipelining result : Target II = 1, Final II = 1, Depth = 3.
INFO: [SCHED 204-61] Pipelining loop 'REDUCEPHASE_READBUFFER3_LOOP1'.
INFO: [SCHED 204-61] Pipelining result : Target II = 1, Final II = 1, Depth = 3.
INFO: [SCHED 204-61] Pipelining loop 'REDUCEPHASE_READBUFFER4_LOOP1'.
INFO: [SCHED 204-61] Pipelining result : Target II = 1, Final II = 1, Depth = 3.
INFO: [SCHED 204-61] Pipelining loop 'REDUCEPHASE_READBUFFER5_LOOP1'.
INFO: [SCHED 204-61] Pipelining result : Target II = 1, Final II = 1, Depth = 3.
INFO: [SCHED 204-61] Pipelining loop 'REDUCEPHASE_READBUFFER6_LOOP1'.
INFO: [SCHED 204-61] Pipelining result : Target II = 1, Final II = 1, Depth = 3.
INFO: [SCHED 204-61] Pipelining loop 'REDUCEPHASE_READBUFFER7_LOOP1'.
INFO: [SCHED 204-61] Pipelining result : Target II = 1, Final II = 1, Depth = 3.
INFO: [SCHED 204-61] Pipelining loop 'REDUCEPHASE_REDUCE_LOOP2'.
WARNING: [SCHED 204-68] The II Violation in module 'generatepartitions0' (Loop: REDUCEPHASE_REDUCE_LOOP2): Unable to enforce a carried dependence constraint (II = 1, distance = 1, offset = 1)
   between 'store' operation ('result_local0_V_addr_2_write_ln278', ../kernels/enigma.cpp:278->../kernels/enigma.cpp:1396) of constant <constant:_ssdm_op_Write.bram.i512> on array 'result_local0.V', ../kernels/enigma.cpp:490 and 'load' operation ('__Val2__', ../kernels/enigma.cpp:197->../kernels/enigma.cpp:1369) on array 'result_local0.V', ../kernels/enigma.cpp:490.
INFO: [SCHED 204-61] Pipelining result : Target II = 1, Final II = 2, Depth = 3.
INFO: [SCHED 204-61] Pipelining loop 'REDUCEPHASE_SAVEBUFFER0_LOOP1'.
INFO: [SCHED 204-61] Pipelining result : Target II = 1, Final II = 1, Depth = 3.
INFO: [SCHED 204-61] Pipelining loop 'REDUCEPHASE_SAVEBUFFER1_LOOP1'.
INFO: [SCHED 204-61] Pipelining result : Target II = 1, Final II = 1, Depth = 3.
INFO: [SCHED 204-61] Pipelining loop 'REDUCEPHASE_SAVEBUFFER2_LOOP1'.
INFO: [SCHED 204-61] Pipelining result : Target II = 1, Final II = 1, Depth = 3.
INFO: [SCHED 204-61] Pipelining loop 'REDUCEPHASE_SAVEBUFFER3_LOOP1'.
INFO: [SCHED 204-61] Pipelining result : Target II = 1, Final II = 1, Depth = 3.
INFO: [SCHED 204-61] Pipelining loop 'REDUCEPHASE_SAVEBUFFER4_LOOP1'.
INFO: [SCHED 204-61] Pipelining result : Target II = 1, Final II = 1, Depth = 3.
INFO: [SCHED 204-61] Pipelining loop 'REDUCEPHASE_SAVEBUFFER5_LOOP1'.
INFO: [SCHED 204-61] Pipelining result : Target II = 1, Final II = 1, Depth = 3.
INFO: [SCHED 204-61] Pipelining loop 'REDUCEPHASE_SAVEBUFFER6_LOOP1'.
INFO: [SCHED 204-61] Pipelining result : Target II = 1, Final II = 1, Depth = 3.
INFO: [SCHED 204-61] Pipelining loop 'REDUCEPHASE_SAVEBUFFER7_LOOP1'.
INFO: [SCHED 204-61] Pipelining result : Target II = 1, Final II = 1, Depth = 3.
INFO: [SCHED 204-11] Finished scheduling.
INFO: [HLS 200-111]  Elapsed time: 10.89 seconds; current allocated memory: 207.926 MB.
INFO: [HLS 200-434] Only 40 loops out of a total 65 loops have been pipelined in this design.
INFO: [BIND 205-100] Starting micro-architecture generation ...
INFO: [BIND 205-101] Performing variable lifetime analysis.
INFO: [BIND 205-101] Exploring resource sharing.
INFO: [BIND 205-101] Binding ...
INFO: [BIND 205-100] Finished micro-architecture generation.
INFO: [HLS 200-111]  Elapsed time: 8.68 seconds; current allocated memory: 228.636 MB.
INFO: [HLS 200-10] ----------------------------------------------------------------
INFO: [HLS 200-42] -- Implementing module 'topkernel' 
INFO: [HLS 200-10] ----------------------------------------------------------------
INFO: [SCHED 204-11] Starting scheduling ...
INFO: [SCHED 204-11] Finished scheduling.
INFO: [HLS 200-111]  Elapsed time: 4.97 seconds; current allocated memory: 222.458 MB.
INFO: [BIND 205-100] Starting micro-architecture generation ...
INFO: [BIND 205-101] Performing variable lifetime analysis.
INFO: [BIND 205-101] Exploring resource sharing.
INFO: [BIND 205-101] Binding ...
INFO: [BIND 205-100] Finished micro-architecture generation.
INFO: [HLS 200-111]  Elapsed time: 0.45 seconds; current allocated memory: 223.148 MB.
INFO: [HLS 200-10] ----------------------------------------------------------------
INFO: [HLS 200-10] -- Generating RTL for module 'getpartition' 
INFO: [HLS 200-10] ----------------------------------------------------------------
INFO: [RTGEN 206-100] Finished creating RTL model for 'getpartition'.
