/tools/Xilinx/SDx/2019.1/bin/xcpp -Wall -O3 -g -std=c++11 -I/opt/xilinx/xrt/include/ -I/tools/Xilinx/SDx/2019.1/runtime/ -I/tools/Xilinx/Vivado/2019.1/include/ -std=c++0x -I/home/oj2zf/Documents/SDAccel_Examples//libs/xcl2 -I/opt/xilinx/xrt/include/ -I/tools/Xilinx/Vivado/2019.1/include/ -Wall -O0 -g -std=c++14 -fmessage-length=0 ../examples/hostprocess.cpp /home/oj2zf/Documents/SDAccel_Examples//libs/xcl2/xcl2.cpp ../src/algorithm/algorithm.cpp ../examples/helperfunctions/loadgraph.cpp ../examples/helperfunctions/loadgraph_sw.cpp ../examples/helperfunctions/setupkernel.cpp ../examples/helperfunctions/evalparams.cpp ../examples/app/app.cpp ../examples/test/test.cpp ../src/graphs/graph.cpp ../src/stats/stats.cpp ../src/utility/utility.cpp ../src/dataset/dataset.cpp ../kernels/swkernel.cpp ../kernels/goclkernel.cpp ../src/graphs/creategraphs.cpp ../src/graphs/createundirectedgraph.cpp ../src/graphs/mysort.cpp ../acts/sortreduce/sr.cpp ../acts/acts_sw/acts_sw.cpp ../acts/acts/actssync.cpp ../acts/actsutility/actsutility.cpp ../sortreduce-master/examples/graph/src//FileReaderAio.cpp ../sortreduce-master/examples/graph/src//EdgeProcess.cpp ../sortreduce-master/examples/graph/src//VertexValues.cpp ../sortreduce-master/examples/graph/src//BCMergeFlip.cpp -DKVTYPES1='uint64_t,uint32_t'  -DKVTYPES2='uint32_t,uint32_t' -I../sortreduce-master/include/ -I../sortreduce-master/examples/graph/src/ -L../sortreduce-master/obj/ -lsortreduce -pthread -laio -march=native -lrt ./xcl.c -o host -L/opt/Xilinx/SDx/2018.2/runtime/lib/x86_64 -lOpenCL -pthread -lrt				
# /opt/Xilinx/SDx/2019.1.op2552052/bin/xcpp -Wall -O3 -g -std=c++11 -I/opt/xilinx/xrt/include/ -I/tools/Xilinx/SDx/2019.1/runtime/ -I/tools/Xilinx/Vivado/2019.1/include/ -std=c++0x -I/home/oj2zf/Documents/SDAccel_Examples//libs/xcl2 -I/opt/xilinx/xrt/include/ -I/tools/Xilinx/Vivado/2019.1/include/ -Wall -O0 -g -std=c++14 -fmessage-length=0 ../examples/hostprocess.cpp /home/oj2zf/Documents/SDAccel_Examples//libs/xcl2/xcl2.cpp ../src/algorithm/algorithm.cpp ../examples/helperfunctions/loadgraph.cpp ../examples/helperfunctions/loadgraph_sw.cpp ../examples/helperfunctions/setupkernel.cpp ../examples/helperfunctions/evalparams.cpp ../examples/app/app.cpp ../examples/test/test.cpp ../src/graphs/graph.cpp ../src/stats/stats.cpp ../src/utility/utility.cpp ../src/dataset/dataset.cpp ../kernels/swkernel.cpp ../kernels/goclkernel.cpp ../src/graphs/creategraphs.cpp ../src/graphs/createundirectedgraph.cpp ../src/graphs/mysort.cpp ../acts/sortreduce/sr.cpp ../acts/acts_sw/acts_sw.cpp ../acts/acts/actssync.cpp ../acts/actsutility/actsutility.cpp ../sortreduce-master/examples/graph/src//FileReaderAio.cpp ../sortreduce-master/examples/graph/src//EdgeProcess.cpp ../sortreduce-master/examples/graph/src//VertexValues.cpp ../sortreduce-master/examples/graph/src//BCMergeFlip.cpp -DKVTYPES1='uint64_t,uint32_t'  -DKVTYPES2='uint32_t,uint32_t' -I../sortreduce-master/include/ -I../sortreduce-master/examples/graph/src/ -L../sortreduce-master/obj/ -lsortreduce -pthread -laio -march=native -lrt ./xcl.c -o host -L/opt/Xilinx/SDx/2018.2/runtime/lib/x86_64 -lOpenCL -pthread -lrt				
mkdir -p ./xclbin
/tools/Xilinx/SDx/2019.1/bin/xocc -t hw --platform /opt/xilinx/platforms/xilinx_u280_xdma_201910_1/xilinx_u280_xdma_201910_1.xpfm --save-temps --kernel_frequency 180 --temp_dir ./_x.hw.xilinx_u280_xdma_201910_1/topkernelsync -c -k topkernelsync -I'../acts/acts' -I'../acts/actsutility/' -o'xclbin/topkernelsync.hw.xilinx_u280_xdma_201910_1.xo' ../acts/acts/actssync.cpp ../acts/actsutility/actsutility.cpp
Option Map File Used: '/tools/Xilinx/SDx/2019.1/data/sdx/xocc/optMap.xml'

****** xocc v2019.1.3 (64-bit)
  **** SW Build 2644227 on Wed Sep  4 09:44:18 MDT 2019
    ** Copyright 1986-2019 Xilinx, Inc. All Rights Reserved.

Attempting to get a license: ap_opencl
INFO: [XOCC 17-1540] The version limit for your license is '2020.08' and has expired for new software. A version limit expiration means that, although you may be able to continue to use the current version of tools or IP with this license, you will not be eligible for any updates or new releases.
Feature available: ap_opencl
INFO: [XOCC 60-1306] Additional information associated with this xocc compile can be found at:
	Reports: /home/oj2zf/Documents/ActsOfAGraph/ztest_portal/_x.hw.xilinx_u280_xdma_201910_1/topkernelsync/reports/topkernelsync.hw.xilinx_u280_xdma_201910_1
	Log files: /home/oj2zf/Documents/ActsOfAGraph/ztest_portal/_x.hw.xilinx_u280_xdma_201910_1/topkernelsync/logs/topkernelsync.hw.xilinx_u280_xdma_201910_1
INFO: [XOCC 60-585] Compiling for hardware target
INFO: [XOCC 60-1316] Initiating connection to rulecheck server, at Thu Apr 15 17:11:02 2021
Running Rule Check Server on port:38587
INFO: [XOCC 60-1315] Creating rulecheck session with output '/home/oj2zf/Documents/ActsOfAGraph/ztest_portal/_x.hw.xilinx_u280_xdma_201910_1/topkernelsync/reports/topkernelsync.hw.xilinx_u280_xdma_201910_1/xocc_compile_topkernelsync.hw.xilinx_u280_xdma_201910_1_guidance.html', at Thu Apr 15 17:11:03 2021
INFO: [XOCC 60-895]   Target platform: /opt/xilinx/platforms/xilinx_u280_xdma_201910_1/xilinx_u280_xdma_201910_1.xpfm
INFO: [XOCC 60-423]   Target device: xilinx_u280_xdma_201910_1
INFO: [XOCC 60-242] Creating kernel: 'topkernelsync'

===>The following messages were generated while  performing high-level synthesis for kernel: topkernelsync Log file: /home/oj2zf/Documents/ActsOfAGraph/ztest_portal/_x.hw.xilinx_u280_xdma_201910_1/topkernelsync/topkernelsync.hw.xilinx_u280_xdma_201910_1/topkernelsync/vivado_hls.log :
INFO: [XOCC 204-61] Option 'relax_ii_for_timing' is enabled, will increase II to preserve clock frequency constraints.
INFO: [XOCC 204-61] Pipelining loop 'READKEYVALUES2_LOOP'.
INFO: [XOCC 204-61] Pipelining result : Target II = 1, Final II = 1, Depth = 3.
INFO: [XOCC 204-61] Pipelining function 'mergefunc'.
INFO: [XOCC 204-61] Pipelining result : Target II = 1, Final II = 1, Depth = 1.
INFO: [XOCC 204-61] Pipelining loop 'Loop 1'.
INFO: [XOCC 204-61] Pipelining result : Target II = 1, Final II = 1, Depth = 4.
INFO: [XOCC 204-61] Pipelining loop 'Loop 1'.
INFO: [XOCC 204-61] Pipelining result : Target II = 1, Final II = 1, Depth = 4.
INFO: [XOCC 204-61] Pipelining loop 'Loop 1'.
INFO: [XOCC 204-61] Pipelining result : Target II = 1, Final II = 1, Depth = 4.
INFO: [XOCC 204-61] Pipelining loop 'Loop 1'.
INFO: [XOCC 204-61] Pipelining result : Target II = 1, Final II = 1, Depth = 4.
INFO: [XOCC 204-61] Pipelining function 'applyfunc'.
INFO: [XOCC 204-61] Pipelining result : Target II = 1, Final II = 1, Depth = 1.
INFO: [XOCC 204-61] Pipelining loop 'Loop 1'.
INFO: [XOCC 204-61] Pipelining result : Target II = 1, Final II = 1, Depth = 4.
INFO: [XOCC 204-61] Pipelining loop 'Loop 1'.
INFO: [XOCC 204-61] Pipelining result : Target II = 1, Final II = 1, Depth = 2.
INFO: [XOCC 204-61] Pipelining loop 'Loop 1'.
INFO: [XOCC 204-61] Pipelining result : Target II = 1, Final II = 1, Depth = 2.
INFO: [XOCC 204-61] Pipelining loop 'SPREADANDSAVE_COMBINEDWITH_PREPAREVMASKS_LOOP'.
INFO: [XOCC 204-61] Pipelining result : Target II = 1, Final II = 1, Depth = 3.
INFO: [XOCC 204-61] Pipelining loop 'SAVEVMASKS_LOOP'.
INFO: [XOCC 204-61] Pipelining result : Target II = 1, Final II = 1, Depth = 3.
INFO: [XOCC 204-61] Pipelining loop 'SPREADANDSAVE_COMBINEDWITH_PREPAREVMASKS_LOOP'.
INFO: [XOCC 204-61] Pipelining result : Target II = 1, Final II = 1, Depth = 3.
INFO: [XOCC 204-61] Pipelining loop 'SAVEVMASKS_LOOP'.
INFO: [XOCC 204-61] Pipelining result : Target II = 1, Final II = 1, Depth = 3.
INFO: [XOCC 204-61] Pipelining loop 'SPREADANDSAVE_COMBINEDWITH_PREPAREVMASKS_LOOP'.
INFO: [XOCC 204-61] Pipelining result : Target II = 1, Final II = 1, Depth = 3.
INFO: [XOCC 204-61] Pipelining loop 'SAVEVMASKS_LOOP'.
INFO: [XOCC 204-61] Pipelining result : Target II = 1, Final II = 1, Depth = 3.
INFO: [XOCC 204-61] Pipelining loop 'SPREADANDSAVE_COMBINEDWITH_PREPAREVMASKS_LOOP'.
INFO: [XOCC 204-61] Pipelining result : Target II = 1, Final II = 1, Depth = 3.
INFO: [XOCC 204-61] Pipelining loop 'SAVEVMASKS_LOOP'.
INFO: [XOCC 204-61] Pipelining result : Target II = 1, Final II = 1, Depth = 3.
INFO: [XOCC 204-61] Pipelining loop 'Loop 1'.
INFO: [XOCC 204-61] Pipelining result : Target II = 1, Final II = 1, Depth = 1.
INFO: [XOCC 204-61] Pipelining loop 'Loop 2'.
INFO: [XOCC 204-61] Pipelining result : Target II = 1, Final II = 1, Depth = 1.
INFO: [XOCC 60-594] Finished kernel compilation
INFO: [XOCC 60-244] Generating system estimate report...
INFO: [XOCC 60-1092] Generated system estimate report: /home/oj2zf/Documents/ActsOfAGraph/ztest_portal/_x.hw.xilinx_u280_xdma_201910_1/topkernelsync/reports/topkernelsync.hw.xilinx_u280_xdma_201910_1/system_estimate_topkernelsync.hw.xilinx_u280_xdma_201910_1.xtxt
Add Instance synchronizeandapply grp_synchronizeandapply_fu_915 915
Add Instance mergefunc keyvalue0_vault2_key_mergefunc_fu_900 900
Add Instance mergefunc keyvalue0_vault2_value_mergefunc_fu_907 907
Add Instance mergefunc keyvalue1_vault2_key_mergefunc_fu_914 914
Add Instance mergefunc keyvalue1_vault2_value_mergefunc_fu_921 921
Add Instance mergefunc keyvalue2_vault2_key_mergefunc_fu_928 928
Add Instance mergefunc keyvalue2_vault2_value_mergefunc_fu_935 935
Add Instance mergefunc keyvalue3_vault2_key_mergefunc_fu_942 942
Add Instance mergefunc keyvalue3_vault2_value_mergefunc_fu_949 949
Add Instance mergefunc keyvalue4_vault2_key_mergefunc_fu_956 956
Add Instance mergefunc keyvalue4_vault2_value_mergefunc_fu_963 963
Add Instance mergefunc keyvalue5_vault2_key_mergefunc_fu_970 970
Add Instance mergefunc keyvalue5_vault2_value_mergefunc_fu_977 977
Add Instance mergefunc keyvalue6_vault2_key_mergefunc_fu_984 984
Add Instance mergefunc keyvalue6_vault2_value_mergefunc_fu_991 991
Add Instance mergefunc keyvalue7_vault2_key_mergefunc_fu_998 998
Add Instance mergefunc keyvalue7_vault2_value_mergefunc_fu_1005 1005
Add Instance mergefunc keyvalue0_vault3_key_mergefunc_fu_1012 1012
Add Instance mergefunc keyvalue0_vault3_value_mergefunc_fu_1019 1019
Add Instance mergefunc keyvalue1_vault3_key_mergefunc_fu_1026 1026
Add Instance mergefunc keyvalue1_vault3_value_mergefunc_fu_1033 1033
Add Instance mergefunc keyvalue2_vault3_key_mergefunc_fu_1040 1040
Add Instance mergefunc keyvalue2_vault3_value_mergefunc_fu_1047 1047
Add Instance mergefunc keyvalue3_vault3_key_mergefunc_fu_1054 1054
Add Instance mergefunc keyvalue3_vault3_value_mergefunc_fu_1061 1061
Add Instance mergefunc keyvalue4_vault3_key_mergefunc_fu_1068 1068
Add Instance mergefunc keyvalue4_vault3_value_mergefunc_fu_1075 1075
Add Instance mergefunc keyvalue5_vault3_key_mergefunc_fu_1082 1082
Add Instance mergefunc keyvalue5_vault3_value_mergefunc_fu_1089 1089
Add Instance mergefunc keyvalue6_vault3_key_mergefunc_fu_1096 1096
Add Instance mergefunc keyvalue6_vault3_value_mergefunc_fu_1103 1103
Add Instance mergefunc keyvalue7_vault3_key_mergefunc_fu_1110 1110
Add Instance mergefunc keyvalue7_vault3_value_mergefunc_fu_1117 1117
Add Instance mergefunc keyvalue0_vault4_key_mergefunc_fu_1124 1124
Add Instance mergefunc keyvalue0_vault4_value_mergefunc_fu_1132 1132
Add Instance mergefunc keyvalue1_vault4_key_mergefunc_fu_1140 1140
Add Instance mergefunc keyvalue1_vault4_value_mergefunc_fu_1148 1148
Add Instance mergefunc keyvalue2_vault4_key_mergefunc_fu_1156 1156
Add Instance mergefunc keyvalue2_vault4_value_mergefunc_fu_1164 1164
Add Instance mergefunc keyvalue3_vault4_key_mergefunc_fu_1172 1172
Add Instance mergefunc keyvalue3_vault4_value_mergefunc_fu_1180 1180
Add Instance mergefunc keyvalue4_vault4_key_mergefunc_fu_1188 1188
Add Instance mergefunc keyvalue4_vault4_value_mergefunc_fu_1196 1196
Add Instance mergefunc keyvalue5_vault4_key_mergefunc_fu_1204 1204
Add Instance mergefunc keyvalue5_vault4_value_mergefunc_fu_1212 1212
Add Instance mergefunc keyvalue6_vault4_key_mergefunc_fu_1220 1220
Add Instance mergefunc keyvalue6_vault4_value_mergefunc_fu_1228 1228
Add Instance mergefunc keyvalue7_vault4_key_mergefunc_fu_1236 1236
Add Instance mergefunc keyvalue7_vault4_value_mergefunc_fu_1244 1244
Add Instance mergefunc mykeyvalue0_key_mergefunc_fu_1252 1252
Add Instance mergefunc mykeyvalue0_value_mergefunc_fu_1259 1259
Add Instance mergefunc mykeyvalue1_key_mergefunc_fu_1266 1266
Add Instance mergefunc mykeyvalue1_value_mergefunc_fu_1273 1273
Add Instance mergefunc mykeyvalue2_key_mergefunc_fu_1280 1280
Add Instance mergefunc mykeyvalue2_value_mergefunc_fu_1287 1287
Add Instance mergefunc mykeyvalue3_key_mergefunc_fu_1294 1294
Add Instance mergefunc mykeyvalue3_value_mergefunc_fu_1301 1301
Add Instance mergefunc mykeyvalue4_key_mergefunc_fu_1308 1308
Add Instance mergefunc mykeyvalue4_value_mergefunc_fu_1315 1315
Add Instance mergefunc mykeyvalue5_key_mergefunc_fu_1322 1322
Add Instance mergefunc mykeyvalue5_value_mergefunc_fu_1329 1329
Add Instance mergefunc mykeyvalue6_key_mergefunc_fu_1336 1336
Add Instance mergefunc mykeyvalue6_value_mergefunc_fu_1343 1343
Add Instance mergefunc mykeyvalue7_key_mergefunc_fu_1350 1350
Add Instance mergefunc mykeyvalue7_value_mergefunc_fu_1357 1357
Add Instance applyfunc res0_key_applyfunc_fu_1364 1364
Add Instance applyfunc res1_key_applyfunc_fu_1371 1371
Add Instance applyfunc res2_key_applyfunc_fu_1378 1378
Add Instance applyfunc res3_key_applyfunc_fu_1385 1385
Add Instance applyfunc res4_key_applyfunc_fu_1392 1392
Add Instance applyfunc res5_key_applyfunc_fu_1399 1399
Add Instance applyfunc res6_key_applyfunc_fu_1406 1406
Add Instance applyfunc res7_key_applyfunc_fu_1413 1413
Add Instance applyfunc res0_value_applyfunc_fu_1420 1420
Add Instance applyfunc res1_value_applyfunc_fu_1427 1427
Add Instance applyfunc res2_value_applyfunc_fu_1434 1434
Add Instance applyfunc res3_value_applyfunc_fu_1441 1441
Add Instance applyfunc res4_value_applyfunc_fu_1448 1448
Add Instance applyfunc res5_value_applyfunc_fu_1455 1455
Add Instance applyfunc res6_value_applyfunc_fu_1462 1462
Add Instance applyfunc res7_value_applyfunc_fu_1469 1469
Add Instance readandsynchronize_3 grp_readandsynchronize_3_fu_972 972
Add Instance mergefunc keyvalue0_vault2_key_mergefunc_fu_370 370
Add Instance mergefunc keyvalue0_vault2_value_mergefunc_fu_377 377
Add Instance mergefunc keyvalue1_vault2_key_mergefunc_fu_384 384
Add Instance mergefunc keyvalue1_vault2_value_mergefunc_fu_391 391
Add Instance mergefunc keyvalue2_vault2_key_mergefunc_fu_398 398
Add Instance mergefunc keyvalue2_vault2_value_mergefunc_fu_405 405
Add Instance mergefunc keyvalue3_vault2_key_mergefunc_fu_412 412
Add Instance mergefunc keyvalue3_vault2_value_mergefunc_fu_419 419
Add Instance mergefunc keyvalue4_vault2_key_mergefunc_fu_426 426
Add Instance mergefunc keyvalue4_vault2_value_mergefunc_fu_433 433
Add Instance mergefunc keyvalue5_vault2_key_mergefunc_fu_440 440
Add Instance mergefunc keyvalue5_vault2_value_mergefunc_fu_447 447
Add Instance mergefunc keyvalue6_vault2_key_mergefunc_fu_454 454
Add Instance mergefunc keyvalue6_vault2_value_mergefunc_fu_461 461
Add Instance mergefunc keyvalue7_vault2_key_mergefunc_fu_468 468
Add Instance mergefunc keyvalue7_vault2_value_mergefunc_fu_475 475
Add Instance mergefunc keyvalue0_vault3_key_mergefunc_fu_482 482
Add Instance mergefunc keyvalue0_vault3_value_mergefunc_fu_490 490
Add Instance mergefunc keyvalue1_vault3_key_mergefunc_fu_498 498
Add Instance mergefunc keyvalue1_vault3_value_mergefunc_fu_506 506
Add Instance mergefunc keyvalue2_vault3_key_mergefunc_fu_514 514
Add Instance mergefunc keyvalue2_vault3_value_mergefunc_fu_522 522
Add Instance mergefunc keyvalue3_vault3_key_mergefunc_fu_530 530
Add Instance mergefunc keyvalue3_vault3_value_mergefunc_fu_538 538
Add Instance mergefunc keyvalue4_vault3_key_mergefunc_fu_546 546
Add Instance mergefunc keyvalue4_vault3_value_mergefunc_fu_554 554
Add Instance mergefunc keyvalue5_vault3_key_mergefunc_fu_562 562
Add Instance mergefunc keyvalue5_vault3_value_mergefunc_fu_570 570
Add Instance mergefunc keyvalue6_vault3_key_mergefunc_fu_578 578
Add Instance mergefunc keyvalue6_vault3_value_mergefunc_fu_586 586
Add Instance mergefunc keyvalue7_vault3_key_mergefunc_fu_594 594
Add Instance mergefunc keyvalue7_vault3_value_mergefunc_fu_602 602
Add Instance mergefunc keyvalue0_vault4_key_mergefunc_fu_610 610
Add Instance mergefunc keyvalue0_vault4_value_mergefunc_fu_617 617
Add Instance mergefunc keyvalue1_vault4_key_mergefunc_fu_624 624
Add Instance mergefunc keyvalue1_vault4_value_mergefunc_fu_631 631
Add Instance mergefunc keyvalue2_vault4_key_mergefunc_fu_638 638
Add Instance mergefunc keyvalue2_vault4_value_mergefunc_fu_645 645
Add Instance mergefunc keyvalue3_vault4_key_mergefunc_fu_652 652
Add Instance mergefunc keyvalue3_vault4_value_mergefunc_fu_659 659
Add Instance mergefunc keyvalue4_vault4_key_mergefunc_fu_666 666
Add Instance mergefunc keyvalue4_vault4_value_mergefunc_fu_673 673
Add Instance mergefunc keyvalue5_vault4_key_mergefunc_fu_680 680
Add Instance mergefunc keyvalue5_vault4_value_mergefunc_fu_687 687
Add Instance mergefunc keyvalue6_vault4_key_mergefunc_fu_694 694
Add Instance mergefunc keyvalue6_vault4_value_mergefunc_fu_701 701
Add Instance mergefunc keyvalue7_vault4_key_mergefunc_fu_708 708
Add Instance mergefunc keyvalue7_vault4_value_mergefunc_fu_715 715
Add Instance readandsynchronize_2 grp_readandsynchronize_2_fu_1000 1000
Add Instance mergefunc keyvalue0_vault2_key_mergefunc_fu_370 370
Add Instance mergefunc keyvalue0_vault2_value_mergefunc_fu_377 377
Add Instance mergefunc keyvalue1_vault2_key_mergefunc_fu_384 384
Add Instance mergefunc keyvalue1_vault2_value_mergefunc_fu_391 391
Add Instance mergefunc keyvalue2_vault2_key_mergefunc_fu_398 398
Add Instance mergefunc keyvalue2_vault2_value_mergefunc_fu_405 405
Add Instance mergefunc keyvalue3_vault2_key_mergefunc_fu_412 412
Add Instance mergefunc keyvalue3_vault2_value_mergefunc_fu_419 419
Add Instance mergefunc keyvalue4_vault2_key_mergefunc_fu_426 426
Add Instance mergefunc keyvalue4_vault2_value_mergefunc_fu_433 433
Add Instance mergefunc keyvalue5_vault2_key_mergefunc_fu_440 440
Add Instance mergefunc keyvalue5_vault2_value_mergefunc_fu_447 447
Add Instance mergefunc keyvalue6_vault2_key_mergefunc_fu_454 454
Add Instance mergefunc keyvalue6_vault2_value_mergefunc_fu_461 461
Add Instance mergefunc keyvalue7_vault2_key_mergefunc_fu_468 468
Add Instance mergefunc keyvalue7_vault2_value_mergefunc_fu_475 475
Add Instance mergefunc keyvalue0_vault3_key_mergefunc_fu_482 482
Add Instance mergefunc keyvalue0_vault3_value_mergefunc_fu_490 490
Add Instance mergefunc keyvalue1_vault3_key_mergefunc_fu_498 498
Add Instance mergefunc keyvalue1_vault3_value_mergefunc_fu_506 506
Add Instance mergefunc keyvalue2_vault3_key_mergefunc_fu_514 514
Add Instance mergefunc keyvalue2_vault3_value_mergefunc_fu_522 522
Add Instance mergefunc keyvalue3_vault3_key_mergefunc_fu_530 530
Add Instance mergefunc keyvalue3_vault3_value_mergefunc_fu_538 538
Add Instance mergefunc keyvalue4_vault3_key_mergefunc_fu_546 546
Add Instance mergefunc keyvalue4_vault3_value_mergefunc_fu_554 554
Add Instance mergefunc keyvalue5_vault3_key_mergefunc_fu_562 562
Add Instance mergefunc keyvalue5_vault3_value_mergefunc_fu_570 570
Add Instance mergefunc keyvalue6_vault3_key_mergefunc_fu_578 578
Add Instance mergefunc keyvalue6_vault3_value_mergefunc_fu_586 586
Add Instance mergefunc keyvalue7_vault3_key_mergefunc_fu_594 594
Add Instance mergefunc keyvalue7_vault3_value_mergefunc_fu_602 602
Add Instance mergefunc keyvalue0_vault4_key_mergefunc_fu_610 610
Add Instance mergefunc keyvalue0_vault4_value_mergefunc_fu_617 617
Add Instance mergefunc keyvalue1_vault4_key_mergefunc_fu_624 624
Add Instance mergefunc keyvalue1_vault4_value_mergefunc_fu_631 631
Add Instance mergefunc keyvalue2_vault4_key_mergefunc_fu_638 638
Add Instance mergefunc keyvalue2_vault4_value_mergefunc_fu_645 645
Add Instance mergefunc keyvalue3_vault4_key_mergefunc_fu_652 652
Add Instance mergefunc keyvalue3_vault4_value_mergefunc_fu_659 659
Add Instance mergefunc keyvalue4_vault4_key_mergefunc_fu_666 666
Add Instance mergefunc keyvalue4_vault4_value_mergefunc_fu_673 673
Add Instance mergefunc keyvalue5_vault4_key_mergefunc_fu_680 680
Add Instance mergefunc keyvalue5_vault4_value_mergefunc_fu_687 687
Add Instance mergefunc keyvalue6_vault4_key_mergefunc_fu_694 694
Add Instance mergefunc keyvalue6_vault4_value_mergefunc_fu_701 701
Add Instance mergefunc keyvalue7_vault4_key_mergefunc_fu_708 708
Add Instance mergefunc keyvalue7_vault4_value_mergefunc_fu_715 715
Add Instance readandsynchronize_1 grp_readandsynchronize_1_fu_1028 1028
Add Instance mergefunc keyvalue0_vault2_key_mergefunc_fu_370 370
Add Instance mergefunc keyvalue0_vault2_value_mergefunc_fu_377 377
Add Instance mergefunc keyvalue1_vault2_key_mergefunc_fu_384 384
Add Instance mergefunc keyvalue1_vault2_value_mergefunc_fu_391 391
Add Instance mergefunc keyvalue2_vault2_key_mergefunc_fu_398 398
Add Instance mergefunc keyvalue2_vault2_value_mergefunc_fu_405 405
Add Instance mergefunc keyvalue3_vault2_key_mergefunc_fu_412 412
Add Instance mergefunc keyvalue3_vault2_value_mergefunc_fu_419 419
Add Instance mergefunc keyvalue4_vault2_key_mergefunc_fu_426 426
Add Instance mergefunc keyvalue4_vault2_value_mergefunc_fu_433 433
Add Instance mergefunc keyvalue5_vault2_key_mergefunc_fu_440 440
Add Instance mergefunc keyvalue5_vault2_value_mergefunc_fu_447 447
Add Instance mergefunc keyvalue6_vault2_key_mergefunc_fu_454 454
Add Instance mergefunc keyvalue6_vault2_value_mergefunc_fu_461 461
Add Instance mergefunc keyvalue7_vault2_key_mergefunc_fu_468 468
Add Instance mergefunc keyvalue7_vault2_value_mergefunc_fu_475 475
Add Instance mergefunc keyvalue0_vault3_key_mergefunc_fu_482 482
Add Instance mergefunc keyvalue0_vault3_value_mergefunc_fu_490 490
Add Instance mergefunc keyvalue1_vault3_key_mergefunc_fu_498 498
Add Instance mergefunc keyvalue1_vault3_value_mergefunc_fu_506 506
Add Instance mergefunc keyvalue2_vault3_key_mergefunc_fu_514 514
Add Instance mergefunc keyvalue2_vault3_value_mergefunc_fu_522 522
Add Instance mergefunc keyvalue3_vault3_key_mergefunc_fu_530 530
Add Instance mergefunc keyvalue3_vault3_value_mergefunc_fu_538 538
Add Instance mergefunc keyvalue4_vault3_key_mergefunc_fu_546 546
Add Instance mergefunc keyvalue4_vault3_value_mergefunc_fu_554 554
Add Instance mergefunc keyvalue5_vault3_key_mergefunc_fu_562 562
Add Instance mergefunc keyvalue5_vault3_value_mergefunc_fu_570 570
Add Instance mergefunc keyvalue6_vault3_key_mergefunc_fu_578 578
Add Instance mergefunc keyvalue6_vault3_value_mergefunc_fu_586 586
Add Instance mergefunc keyvalue7_vault3_key_mergefunc_fu_594 594
Add Instance mergefunc keyvalue7_vault3_value_mergefunc_fu_602 602
Add Instance mergefunc keyvalue0_vault4_key_mergefunc_fu_610 610
Add Instance mergefunc keyvalue0_vault4_value_mergefunc_fu_617 617
Add Instance mergefunc keyvalue1_vault4_key_mergefunc_fu_624 624
Add Instance mergefunc keyvalue1_vault4_value_mergefunc_fu_631 631
Add Instance mergefunc keyvalue2_vault4_key_mergefunc_fu_638 638
Add Instance mergefunc keyvalue2_vault4_value_mergefunc_fu_645 645
Add Instance mergefunc keyvalue3_vault4_key_mergefunc_fu_652 652
Add Instance mergefunc keyvalue3_vault4_value_mergefunc_fu_659 659
Add Instance mergefunc keyvalue4_vault4_key_mergefunc_fu_666 666
Add Instance mergefunc keyvalue4_vault4_value_mergefunc_fu_673 673
Add Instance mergefunc keyvalue5_vault4_key_mergefunc_fu_680 680
Add Instance mergefunc keyvalue5_vault4_value_mergefunc_fu_687 687
Add Instance mergefunc keyvalue6_vault4_key_mergefunc_fu_694 694
Add Instance mergefunc keyvalue6_vault4_value_mergefunc_fu_701 701
Add Instance mergefunc keyvalue7_vault4_key_mergefunc_fu_708 708
Add Instance mergefunc keyvalue7_vault4_value_mergefunc_fu_715 715
Add Instance readandsynchronize_0 grp_readandsynchronize_0_fu_1056 1056
Add Instance mergefunc keyvalue0_vault2_key_mergefunc_fu_370 370
Add Instance mergefunc keyvalue0_vault2_value_mergefunc_fu_377 377
Add Instance mergefunc keyvalue1_vault2_key_mergefunc_fu_384 384
Add Instance mergefunc keyvalue1_vault2_value_mergefunc_fu_391 391
Add Instance mergefunc keyvalue2_vault2_key_mergefunc_fu_398 398
Add Instance mergefunc keyvalue2_vault2_value_mergefunc_fu_405 405
Add Instance mergefunc keyvalue3_vault2_key_mergefunc_fu_412 412
Add Instance mergefunc keyvalue3_vault2_value_mergefunc_fu_419 419
Add Instance mergefunc keyvalue4_vault2_key_mergefunc_fu_426 426
Add Instance mergefunc keyvalue4_vault2_value_mergefunc_fu_433 433
Add Instance mergefunc keyvalue5_vault2_key_mergefunc_fu_440 440
Add Instance mergefunc keyvalue5_vault2_value_mergefunc_fu_447 447
Add Instance mergefunc keyvalue6_vault2_key_mergefunc_fu_454 454
Add Instance mergefunc keyvalue6_vault2_value_mergefunc_fu_461 461
Add Instance mergefunc keyvalue7_vault2_key_mergefunc_fu_468 468
Add Instance mergefunc keyvalue7_vault2_value_mergefunc_fu_475 475
Add Instance mergefunc keyvalue0_vault3_key_mergefunc_fu_482 482
Add Instance mergefunc keyvalue0_vault3_value_mergefunc_fu_490 490
Add Instance mergefunc keyvalue1_vault3_key_mergefunc_fu_498 498
Add Instance mergefunc keyvalue1_vault3_value_mergefunc_fu_506 506
Add Instance mergefunc keyvalue2_vault3_key_mergefunc_fu_514 514
Add Instance mergefunc keyvalue2_vault3_value_mergefunc_fu_522 522
Add Instance mergefunc keyvalue3_vault3_key_mergefunc_fu_530 530
Add Instance mergefunc keyvalue3_vault3_value_mergefunc_fu_538 538
Add Instance mergefunc keyvalue4_vault3_key_mergefunc_fu_546 546
Add Instance mergefunc keyvalue4_vault3_value_mergefunc_fu_554 554
Add Instance mergefunc keyvalue5_vault3_key_mergefunc_fu_562 562
Add Instance mergefunc keyvalue5_vault3_value_mergefunc_fu_570 570
Add Instance mergefunc keyvalue6_vault3_key_mergefunc_fu_578 578
Add Instance mergefunc keyvalue6_vault3_value_mergefunc_fu_586 586
Add Instance mergefunc keyvalue7_vault3_key_mergefunc_fu_594 594
Add Instance mergefunc keyvalue7_vault3_value_mergefunc_fu_602 602
Add Instance mergefunc keyvalue0_vault4_key_mergefunc_fu_610 610
Add Instance mergefunc keyvalue0_vault4_value_mergefunc_fu_617 617
Add Instance mergefunc keyvalue1_vault4_key_mergefunc_fu_624 624
Add Instance mergefunc keyvalue1_vault4_value_mergefunc_fu_631 631
Add Instance mergefunc keyvalue2_vault4_key_mergefunc_fu_638 638
Add Instance mergefunc keyvalue2_vault4_value_mergefunc_fu_645 645
Add Instance mergefunc keyvalue3_vault4_key_mergefunc_fu_652 652
Add Instance mergefunc keyvalue3_vault4_value_mergefunc_fu_659 659
Add Instance mergefunc keyvalue4_vault4_key_mergefunc_fu_666 666
Add Instance mergefunc keyvalue4_vault4_value_mergefunc_fu_673 673
Add Instance mergefunc keyvalue5_vault4_key_mergefunc_fu_680 680
Add Instance mergefunc keyvalue5_vault4_value_mergefunc_fu_687 687
Add Instance mergefunc keyvalue6_vault4_key_mergefunc_fu_694 694
Add Instance mergefunc keyvalue6_vault4_value_mergefunc_fu_701 701
Add Instance mergefunc keyvalue7_vault4_key_mergefunc_fu_708 708
Add Instance mergefunc keyvalue7_vault4_value_mergefunc_fu_715 715
Add Instance spreadandwrite_1_0_0_0_0_0_0_0_0_0_0_0_0_0_0_0_0 grp_spreadandwrite_1_0_0_0_0_0_0_0_0_0_0_0_0_0_0_0_0_fu_1084 1084
Add Instance spreadandwrite_0 grp_spreadandwrite_0_fu_1122 1122
Add Instance spreadandwrite_2 grp_spreadandwrite_2_fu_1157 1157
Add Instance spreadandwrite_3 grp_spreadandwrite_3_fu_1192 1192
Add Instance getglobalparams grp_getglobalparams_fu_1227 1227
Add Instance readvdata_0 grp_readvdata_0_fu_1234 1234
Add Instance gettravstate grp_gettravstate_fu_1252 1252
Add Instance gettravstate grp_gettravstate_fu_1264 1264
Add Instance gettravstate grp_gettravstate_fu_1276 1276
Add Instance gettravstate grp_gettravstate_fu_1288 1288
Add Instance gettravstate grp_gettravstate_fu_1300 1300
Add Instance gettravstate grp_gettravstate_fu_1312 1312
Add Instance gettravstate grp_gettravstate_fu_1324 1324
Add Instance gettravstate grp_gettravstate_fu_1336 1336
Add Instance gettravstate grp_gettravstate_fu_1348 1348
Add Instance gettravstate grp_gettravstate_fu_1360 1360
Add Instance gettravstate grp_gettravstate_fu_1372 1372
Add Instance gettravstate grp_gettravstate_fu_1384 1384
Add Instance gettravstate grp_gettravstate_fu_1396 1396
Add Instance gettravstate grp_gettravstate_fu_1408 1408
Add Instance gettravstate grp_gettravstate_fu_1420 1420
Add Instance gettravstate grp_gettravstate_fu_1432 1432
Add Instance spreadvdata_0_0_0_0_0_0_0_0_0_0_0_0_0_0_0_0 grp_spreadvdata_0_0_0_0_0_0_0_0_0_0_0_0_0_0_0_0_fu_1444 1444
Add Instance spreadvmask grp_spreadvmask_fu_1490 1490
INFO: [XOCC 60-586] Created xclbin/topkernelsync.hw.xilinx_u280_xdma_201910_1.xo
INFO: [XOCC 60-791] Total elapsed time: 0h 2m 31s
mkdir -p ./xclbin
/tools/Xilinx/SDx/2019.1/bin/xocc -t hw --platform /opt/xilinx/platforms/xilinx_u280_xdma_201910_1/xilinx_u280_xdma_201910_1.xpfm --save-temps --kernel_frequency 180 --temp_dir ./_x.hw.xilinx_u280_xdma_201910_1/topkernelsync -l --sp topkernelsync_1.m_axi_gmem0:HBM[0]  --sp topkernelsync_1.m_axi_gmem1:HBM[1]  --sp topkernelsync_1.m_axi_gmem2:HBM[2]  --sp topkernelsync_1.m_axi_gmem3:HBM[3] --sp topkernelsync_1.m_axi_gmem4:HBM[4] --sp topkernelsync_1.m_axi_gmem5:HBM[5] --sp topkernelsync_1.m_axi_gmem6:HBM[6] --sp topkernelsync_1.m_axi_gmem7:HBM[7] --sp topkernelsync_1.m_axi_gmem8:HBM[8] --sp topkernelsync_1.m_axi_gmem9:HBM[9] --sp topkernelsync_1.m_axi_gmem10:HBM[10] --sp topkernelsync_1.m_axi_gmem11:HBM[11] --sp topkernelsync_1.m_axi_gmem12:HBM[12] --sp topkernelsync_1.m_axi_gmem13:HBM[13] --sp topkernelsync_1.m_axi_gmem14:HBM[14] --sp topkernelsync_1.m_axi_gmem15:HBM[15] --sp topkernelsync_1.m_axi_gmem16:HBM[16] --nk topkernelsync:1 -o'xclbin/topkernelsync.hw.xilinx_u280_xdma_201910_1.xclbin' xclbin/topkernelsync.hw.xilinx_u280_xdma_201910_1.xo	
Option Map File Used: '/tools/Xilinx/SDx/2019.1/data/sdx/xocc/optMap.xml'

****** xocc v2019.1.3 (64-bit)
  **** SW Build 2644227 on Wed Sep  4 09:44:18 MDT 2019
    ** Copyright 1986-2019 Xilinx, Inc. All Rights Reserved.

Attempting to get a license: ap_opencl
INFO: [XOCC 17-1540] The version limit for your license is '2020.08' and has expired for new software. A version limit expiration means that, although you may be able to continue to use the current version of tools or IP with this license, you will not be eligible for any updates or new releases.
Feature available: ap_opencl
INFO: [XOCC 60-1306] Additional information associated with this xocc link can be found at:
	Reports: /home/oj2zf/Documents/ActsOfAGraph/ztest_portal/_x.hw.xilinx_u280_xdma_201910_1/topkernelsync/reports/link
	Log files: /home/oj2zf/Documents/ActsOfAGraph/ztest_portal/_x.hw.xilinx_u280_xdma_201910_1/topkernelsync/logs/link
INFO: [XOCC 60-629] Linking for hardware target
INFO: [XOCC 60-1316] Initiating connection to rulecheck server, at Thu Apr 15 17:13:36 2021
Running Rule Check Server on port:46527
INFO: [XOCC 60-1315] Creating rulecheck session with output '/home/oj2zf/Documents/ActsOfAGraph/ztest_portal/_x.hw.xilinx_u280_xdma_201910_1/topkernelsync/reports/link/xocc_link_topkernelsync.hw.xilinx_u280_xdma_201910_1_guidance.html', at Thu Apr 15 17:13:37 2021
INFO: [XOCC 60-895]   Target platform: /opt/xilinx/platforms/xilinx_u280_xdma_201910_1/xilinx_u280_xdma_201910_1.xpfm
INFO: [XOCC 60-423]   Target device: xilinx_u280_xdma_201910_1
INFO: [XOCC 60-1332] Run 'xocc_link' status: Not started
INFO: [XOCC 60-1443] [17:13:45] Run xocc_link: Step sdx_link: Started
INFO: [XOCC 60-1453] Command Line: sdx_link --xo /home/oj2zf/Documents/ActsOfAGraph/ztest_portal/xclbin/topkernelsync.hw.xilinx_u280_xdma_201910_1.xo --nk topkernelsync:1 -keep -sp topkernelsync_1.m_axi_gmem0:HBM[0] -sp topkernelsync_1.m_axi_gmem1:HBM[1] -sp topkernelsync_1.m_axi_gmem2:HBM[2] -sp topkernelsync_1.m_axi_gmem3:HBM[3] -sp topkernelsync_1.m_axi_gmem4:HBM[4] -sp topkernelsync_1.m_axi_gmem5:HBM[5] -sp topkernelsync_1.m_axi_gmem6:HBM[6] -sp topkernelsync_1.m_axi_gmem7:HBM[7] -sp topkernelsync_1.m_axi_gmem8:HBM[8] -sp topkernelsync_1.m_axi_gmem9:HBM[9] -sp topkernelsync_1.m_axi_gmem10:HBM[10] -sp topkernelsync_1.m_axi_gmem11:HBM[11] -sp topkernelsync_1.m_axi_gmem12:HBM[12] -sp topkernelsync_1.m_axi_gmem13:HBM[13] -sp topkernelsync_1.m_axi_gmem14:HBM[14] -sp topkernelsync_1.m_axi_gmem15:HBM[15] -sp topkernelsync_1.m_axi_gmem16:HBM[16] --xpfm /opt/xilinx/platforms/xilinx_u280_xdma_201910_1/xilinx_u280_xdma_201910_1.xpfm --target hw --output_dir /home/oj2zf/Documents/ActsOfAGraph/ztest_portal/_x.hw.xilinx_u280_xdma_201910_1/topkernelsync/link/int --temp_dir /home/oj2zf/Documents/ActsOfAGraph/ztest_portal/_x.hw.xilinx_u280_xdma_201910_1/topkernelsync/link/sys_link
INFO: [XOCC 60-1454] Run Directory: /home/oj2zf/Documents/ActsOfAGraph/ztest_portal/_x.hw.xilinx_u280_xdma_201910_1/topkernelsync/link/xocc_link
using /opt/xilinx/platforms/xilinx_u280_xdma_201910_1/xilinx_u280_xdma_201910_1.xpfm
extracting xo v3 file /home/oj2zf/Documents/ActsOfAGraph/ztest_portal/xclbin/topkernelsync.hw.xilinx_u280_xdma_201910_1.xo
Creating IP database /home/oj2zf/Documents/ActsOfAGraph/ztest_portal/_x.hw.xilinx_u280_xdma_201910_1/topkernelsync/link/sys_link/_sds/.cdb/xd_ip_db.xml
processing accelerators: /home/oj2zf/Documents/ActsOfAGraph/ztest_portal/_x.hw.xilinx_u280_xdma_201910_1/topkernelsync/link/sys_link/iprepo/xilinx_com_hls_topkernelsync_1_0
ip_dir: /home/oj2zf/Documents/ActsOfAGraph/ztest_portal/_x.hw.xilinx_u280_xdma_201910_1/topkernelsync/link/sys_link/iprepo/xilinx_com_hls_topkernelsync_1_0
/tools/Xilinx/SDx/2019.1/bin/xsltproc --stringparam xpath "spirit:component/spirit:name/text()" /tools/Xilinx/SDx/2019.1/scripts/xdcc/xpathValueOf.xsl /home/oj2zf/Documents/ActsOfAGraph/ztest_portal/_x.hw.xilinx_u280_xdma_201910_1/topkernelsync/link/sys_link/iprepo/xilinx_com_hls_topkernelsync_1_0/component.xml
ip_name: topkernelsync
Creating apsys_0.xml
INFO: [CFGEN 83-0] Kernel Specs: 
INFO: [CFGEN 83-0]   kernel: topkernelsync, num: 1  {topkernelsync_1}
INFO: [CFGEN 83-0] Port Specs: 
INFO: [CFGEN 83-0]   kernel: topkernelsync_1, k_port: m_axi_gmem0, sptag: HBM[0]
INFO: [CFGEN 83-0]   kernel: topkernelsync_1, k_port: m_axi_gmem1, sptag: HBM[1]
INFO: [CFGEN 83-0]   kernel: topkernelsync_1, k_port: m_axi_gmem2, sptag: HBM[2]
INFO: [CFGEN 83-0]   kernel: topkernelsync_1, k_port: m_axi_gmem3, sptag: HBM[3]
INFO: [CFGEN 83-0]   kernel: topkernelsync_1, k_port: m_axi_gmem4, sptag: HBM[4]
INFO: [CFGEN 83-0]   kernel: topkernelsync_1, k_port: m_axi_gmem5, sptag: HBM[5]
INFO: [CFGEN 83-0]   kernel: topkernelsync_1, k_port: m_axi_gmem6, sptag: HBM[6]
INFO: [CFGEN 83-0]   kernel: topkernelsync_1, k_port: m_axi_gmem7, sptag: HBM[7]
INFO: [CFGEN 83-0]   kernel: topkernelsync_1, k_port: m_axi_gmem8, sptag: HBM[8]
INFO: [CFGEN 83-0]   kernel: topkernelsync_1, k_port: m_axi_gmem9, sptag: HBM[9]
INFO: [CFGEN 83-0]   kernel: topkernelsync_1, k_port: m_axi_gmem10, sptag: HBM[10]
INFO: [CFGEN 83-0]   kernel: topkernelsync_1, k_port: m_axi_gmem11, sptag: HBM[11]
INFO: [CFGEN 83-0]   kernel: topkernelsync_1, k_port: m_axi_gmem12, sptag: HBM[12]
INFO: [CFGEN 83-0]   kernel: topkernelsync_1, k_port: m_axi_gmem13, sptag: HBM[13]
INFO: [CFGEN 83-0]   kernel: topkernelsync_1, k_port: m_axi_gmem14, sptag: HBM[14]
INFO: [CFGEN 83-0]   kernel: topkernelsync_1, k_port: m_axi_gmem15, sptag: HBM[15]
INFO: [CFGEN 83-0]   kernel: topkernelsync_1, k_port: m_axi_gmem16, sptag: HBM[16]
INFO: [CFGEN 83-2228] Creating mapping for argument topkernelsync_1.kvdram0 to HBM[0] for directive topkernelsync_1.m_axi_gmem0:HBM[0]
INFO: [CFGEN 83-2228] Creating mapping for argument topkernelsync_1.kvdram1 to HBM[1] for directive topkernelsync_1.m_axi_gmem1:HBM[1]
INFO: [CFGEN 83-2228] Creating mapping for argument topkernelsync_1.kvdram2 to HBM[2] for directive topkernelsync_1.m_axi_gmem2:HBM[2]
INFO: [CFGEN 83-2228] Creating mapping for argument topkernelsync_1.kvdram3 to HBM[3] for directive topkernelsync_1.m_axi_gmem3:HBM[3]
INFO: [CFGEN 83-2228] Creating mapping for argument topkernelsync_1.kvdram4 to HBM[4] for directive topkernelsync_1.m_axi_gmem4:HBM[4]
INFO: [CFGEN 83-2228] Creating mapping for argument topkernelsync_1.kvdram5 to HBM[5] for directive topkernelsync_1.m_axi_gmem5:HBM[5]
INFO: [CFGEN 83-2228] Creating mapping for argument topkernelsync_1.kvdram6 to HBM[6] for directive topkernelsync_1.m_axi_gmem6:HBM[6]
INFO: [CFGEN 83-2228] Creating mapping for argument topkernelsync_1.kvdram7 to HBM[7] for directive topkernelsync_1.m_axi_gmem7:HBM[7]
INFO: [CFGEN 83-2228] Creating mapping for argument topkernelsync_1.kvdram8 to HBM[8] for directive topkernelsync_1.m_axi_gmem8:HBM[8]
INFO: [CFGEN 83-2228] Creating mapping for argument topkernelsync_1.kvdram9 to HBM[9] for directive topkernelsync_1.m_axi_gmem9:HBM[9]
INFO: [CFGEN 83-2228] Creating mapping for argument topkernelsync_1.kvdram10 to HBM[10] for directive topkernelsync_1.m_axi_gmem10:HBM[10]
INFO: [CFGEN 83-2228] Creating mapping for argument topkernelsync_1.kvdram11 to HBM[11] for directive topkernelsync_1.m_axi_gmem11:HBM[11]
INFO: [CFGEN 83-2228] Creating mapping for argument topkernelsync_1.kvdram12 to HBM[12] for directive topkernelsync_1.m_axi_gmem12:HBM[12]
INFO: [CFGEN 83-2228] Creating mapping for argument topkernelsync_1.kvdram13 to HBM[13] for directive topkernelsync_1.m_axi_gmem13:HBM[13]
INFO: [CFGEN 83-2228] Creating mapping for argument topkernelsync_1.kvdram14 to HBM[14] for directive topkernelsync_1.m_axi_gmem14:HBM[14]
INFO: [CFGEN 83-2228] Creating mapping for argument topkernelsync_1.kvdram15 to HBM[15] for directive topkernelsync_1.m_axi_gmem15:HBM[15]
INFO: [CFGEN 83-2228] Creating mapping for argument topkernelsync_1.vdram to HBM[16] for directive topkernelsync_1.m_axi_gmem16:HBM[16]

Creating dr.bd.tcl
INFO: [XOCC 60-1441] [17:14:02] Run xocc_link: Step sdx_link: Completed
Time (s): cpu = 00:00:17 ; elapsed = 00:00:18 . Memory (MB): peak = 651.648 ; gain = 0.000 ; free physical = 243420 ; free virtual = 255941
INFO: [XOCC 60-1443] [17:14:02] Run xocc_link: Step vpl: Started
INFO: [XOCC 60-1453] Command Line: vpl -t hw -f /opt/xilinx/platforms/xilinx_u280_xdma_201910_1/xilinx_u280_xdma_201910_1.xpfm --kernel_frequency 180 --nk topkernelsync:1 -s --xp param:compiler.enablePerformanceTrace=1 --xp vivado_prop:run.__KERNEL__.{STEPS.SYNTH_DESIGN.ARGS.MORE OPTIONS}={-directive sdx_optimization_effort_high} --xp misc:report=type report_timing_summary name impl_report_timing_summary_route_design_summary steps {route_design} runs {impl_1} options {-max_paths 10} --xp misc:report=type report_timing_summary name impl_report_timing_summary_post_route_phys_opt_design_summary steps {post_route_phys_opt_design} runs {impl_1} options {-max_paths 10} --xp misc:BinaryName=topkernelsync.hw.xilinx_u280_xdma_201910_1 --output_dir /home/oj2zf/Documents/ActsOfAGraph/ztest_portal/_x.hw.xilinx_u280_xdma_201910_1/topkernelsync/link/int --log_dir /home/oj2zf/Documents/ActsOfAGraph/ztest_portal/_x.hw.xilinx_u280_xdma_201910_1/topkernelsync/logs/link --report_dir /home/oj2zf/Documents/ActsOfAGraph/ztest_portal/_x.hw.xilinx_u280_xdma_201910_1/topkernelsync/reports/link -k /home/oj2zf/Documents/ActsOfAGraph/ztest_portal/_x.hw.xilinx_u280_xdma_201910_1/topkernelsync/link/int/kernel_info.dat --webtalk_flag SDAccel --temp_dir /home/oj2zf/Documents/ActsOfAGraph/ztest_portal/_x.hw.xilinx_u280_xdma_201910_1/topkernelsync/link --no-info --tlog_dir /home/oj2zf/Documents/ActsOfAGraph/ztest_portal/_x.hw.xilinx_u280_xdma_201910_1/topkernelsync/.tlog/xocc_link_topkernelsync.hw.xilinx_u280_xdma_201910_1 --iprepo /home/oj2zf/Documents/ActsOfAGraph/ztest_portal/_x.hw.xilinx_u280_xdma_201910_1/topkernelsync/link/int/xo/ip_repo/xilinx_com_hls_topkernelsync_1_0 --messageDb /home/oj2zf/Documents/ActsOfAGraph/ztest_portal/_x.hw.xilinx_u280_xdma_201910_1/topkernelsync/link/xocc_link/vpl.pb /home/oj2zf/Documents/ActsOfAGraph/ztest_portal/_x.hw.xilinx_u280_xdma_201910_1/topkernelsync/link/int/dr.bd.tcl
INFO: [XOCC 60-1454] Run Directory: /home/oj2zf/Documents/ActsOfAGraph/ztest_portal/_x.hw.xilinx_u280_xdma_201910_1/topkernelsync/link/xocc_link

****** vpl v2019.1.3 (64-bit)
  **** SW Build 2644227 on Wed Sep  4 09:44:18 MDT 2019
    ** Copyright 1986-2019 Xilinx, Inc. All Rights Reserved.

Attempting to get a license: ap_opencl
INFO: [VPL 17-1540] The version limit for your license is '2020.08' and has expired for new software. A version limit expiration means that, although you may be able to continue to use the current version of tools or IP with this license, you will not be eligible for any updates or new releases.
Feature available: ap_opencl
INFO: [VPL 60-839] Read in kernel information from file '/home/oj2zf/Documents/ActsOfAGraph/ztest_portal/_x.hw.xilinx_u280_xdma_201910_1/topkernelsync/link/int/kernel_info.dat'.
INFO: [VPL 60-423]   Target device: xilinx_u280_xdma_201910_1
INFO: [VPL 60-1032] Extracting DSA to /home/oj2zf/Documents/ActsOfAGraph/ztest_portal/_x.hw.xilinx_u280_xdma_201910_1/topkernelsync/link/vivado/vpl/.local/dsa
[17:14:28] Run vpl: Step create_project: Started
Creating Vivado project.
[17:14:29] Run vpl: Step create_project: Completed
[17:14:29] Run vpl: Step create_bd: Started
[17:15:45] Run vpl: Step create_bd: RUNNING...
[17:16:15] Run vpl: Step create_bd: Completed
[17:16:15] Run vpl: Step update_bd: Started
[17:16:15] Run vpl: Step update_bd: Completed
[17:16:15] Run vpl: Step generate_target: Started
[17:17:31] Run vpl: Step generate_target: RUNNING...
[17:18:46] Run vpl: Step generate_target: RUNNING...
[17:20:02] Run vpl: Step generate_target: RUNNING...
[17:20:08] Run vpl: Step generate_target: Completed
[17:20:08] Run vpl: Step config_hw_runs: Started
[17:20:21] Run vpl: Step config_hw_runs: Completed
[17:20:21] Run vpl: Step synth: Started
[17:20:52] Block-level synthesis in progress, 0 of 83 jobs complete, 8 jobs running.
[17:21:22] Block-level synthesis in progress, 0 of 83 jobs complete, 8 jobs running.
[17:21:53] Block-level synthesis in progress, 0 of 83 jobs complete, 8 jobs running.
[17:22:23] Block-level synthesis in progress, 0 of 83 jobs complete, 8 jobs running.
[17:22:53] Block-level synthesis in progress, 4 of 83 jobs complete, 4 jobs running.
[17:23:24] Block-level synthesis in progress, 12 of 83 jobs complete, 4 jobs running.
[17:23:54] Block-level synthesis in progress, 19 of 83 jobs complete, 4 jobs running.
[17:24:25] Block-level synthesis in progress, 26 of 83 jobs complete, 2 jobs running.
[17:24:55] Block-level synthesis in progress, 29 of 83 jobs complete, 7 jobs running.
[17:25:25] Block-level synthesis in progress, 30 of 83 jobs complete, 8 jobs running.
[17:25:56] Block-level synthesis in progress, 31 of 83 jobs complete, 7 jobs running.
[17:26:26] Block-level synthesis in progress, 33 of 83 jobs complete, 7 jobs running.
[17:26:57] Block-level synthesis in progress, 36 of 83 jobs complete, 7 jobs running.
[17:27:27] Block-level synthesis in progress, 36 of 83 jobs complete, 8 jobs running.
[17:27:58] Block-level synthesis in progress, 38 of 83 jobs complete, 6 jobs running.
[17:28:28] Block-level synthesis in progress, 42 of 83 jobs complete, 6 jobs running.
[17:28:59] Block-level synthesis in progress, 45 of 83 jobs complete, 6 jobs running.
[17:29:29] Block-level synthesis in progress, 46 of 83 jobs complete, 8 jobs running.
[17:30:00] Block-level synthesis in progress, 47 of 83 jobs complete, 7 jobs running.
[17:30:31] Block-level synthesis in progress, 50 of 83 jobs complete, 7 jobs running.
[17:31:01] Block-level synthesis in progress, 52 of 83 jobs complete, 7 jobs running.
[17:31:32] Block-level synthesis in progress, 52 of 83 jobs complete, 8 jobs running.
[17:32:03] Block-level synthesis in progress, 54 of 83 jobs complete, 7 jobs running.
[17:32:33] Block-level synthesis in progress, 55 of 83 jobs complete, 8 jobs running.
[17:33:04] Block-level synthesis in progress, 57 of 83 jobs complete, 7 jobs running.
[17:33:35] Block-level synthesis in progress, 57 of 83 jobs complete, 8 jobs running.
[17:34:05] Block-level synthesis in progress, 61 of 83 jobs complete, 6 jobs running.
[17:34:36] Block-level synthesis in progress, 63 of 83 jobs complete, 6 jobs running.
[17:35:07] Block-level synthesis in progress, 64 of 83 jobs complete, 7 jobs running.
[17:35:37] Block-level synthesis in progress, 65 of 83 jobs complete, 8 jobs running.
[17:36:08] Block-level synthesis in progress, 69 of 83 jobs complete, 6 jobs running.
[17:36:39] Block-level synthesis in progress, 70 of 83 jobs complete, 7 jobs running.
[17:37:10] Block-level synthesis in progress, 71 of 83 jobs complete, 7 jobs running.
[17:37:41] Block-level synthesis in progress, 71 of 83 jobs complete, 7 jobs running.
[17:38:11] Block-level synthesis in progress, 77 of 83 jobs complete, 3 jobs running.
[17:38:42] Block-level synthesis in progress, 82 of 83 jobs complete, 1 job running.
[17:39:13] Block-level synthesis in progress, 82 of 83 jobs complete, 1 job running.
[17:39:44] Block-level synthesis in progress, 82 of 83 jobs complete, 1 job running.
[17:40:14] Block-level synthesis in progress, 82 of 83 jobs complete, 1 job running.
[17:40:45] Block-level synthesis in progress, 82 of 83 jobs complete, 1 job running.
[17:41:16] Block-level synthesis in progress, 82 of 83 jobs complete, 1 job running.
[17:41:46] Block-level synthesis in progress, 82 of 83 jobs complete, 1 job running.
[17:42:17] Block-level synthesis in progress, 82 of 83 jobs complete, 1 job running.
[17:42:48] Block-level synthesis in progress, 82 of 83 jobs complete, 1 job running.
[17:43:18] Block-level synthesis in progress, 82 of 83 jobs complete, 1 job running.
[17:43:49] Block-level synthesis in progress, 82 of 83 jobs complete, 1 job running.
[17:44:20] Block-level synthesis in progress, 82 of 83 jobs complete, 1 job running.
[17:44:50] Block-level synthesis in progress, 82 of 83 jobs complete, 1 job running.
[17:45:21] Block-level synthesis in progress, 82 of 83 jobs complete, 1 job running.
[17:45:52] Block-level synthesis in progress, 82 of 83 jobs complete, 1 job running.
[17:46:23] Block-level synthesis in progress, 82 of 83 jobs complete, 1 job running.
[17:46:53] Block-level synthesis in progress, 82 of 83 jobs complete, 1 job running.
[17:47:24] Block-level synthesis in progress, 82 of 83 jobs complete, 1 job running.
[17:47:55] Block-level synthesis in progress, 82 of 83 jobs complete, 1 job running.
[17:48:25] Block-level synthesis in progress, 82 of 83 jobs complete, 1 job running.
[17:48:56] Block-level synthesis in progress, 82 of 83 jobs complete, 1 job running.
[17:49:27] Block-level synthesis in progress, 82 of 83 jobs complete, 1 job running.
[17:49:57] Block-level synthesis in progress, 82 of 83 jobs complete, 1 job running.
[17:50:28] Block-level synthesis in progress, 82 of 83 jobs complete, 1 job running.
[17:50:59] Block-level synthesis in progress, 82 of 83 jobs complete, 1 job running.
[17:51:30] Block-level synthesis in progress, 82 of 83 jobs complete, 1 job running.
[17:52:00] Block-level synthesis in progress, 82 of 83 jobs complete, 1 job running.
[17:52:31] Block-level synthesis in progress, 83 of 83 jobs complete, 0 jobs running.
[17:53:02] Top-level synthesis in progress.
[17:53:32] Top-level synthesis in progress.
[17:54:03] Top-level synthesis in progress.
[17:54:34] Top-level synthesis in progress.
[17:54:47] Run vpl: Step synth: Completed
[17:54:47] Run vpl: Step impl: Started
[18:06:32] Finished 2nd of 6 tasks (FPGA linking synthesized kernels to platform). Elapsed time: 00h 52m 28s 

[18:06:32] Starting logic optimization..
[18:06:32] Phase 1 Generate And Synthesize Debug Cores
[18:11:39] Phase 2 Retarget
[18:12:09] Phase 3 Constant propagation
[18:12:40] Phase 4 Sweep
[18:19:49] Phase 5 BUFG optimization
[18:20:19] Phase 6 Shift Register Optimization
[18:20:19] Phase 7 Post Processing Netlist
[18:21:51] Finished 3rd of 6 tasks (FPGA logic optimization). Elapsed time: 00h 15m 19s 

[18:21:51] Starting logic placement..
[18:22:53] Phase 1 Placer Initialization
[18:22:53] Phase 1.1 Placer Initialization Netlist Sorting
[18:25:56] Phase 1.2 IO Placement/ Clock Placement/ Build Placer Device
[18:28:30] Phase 1.3 Build Placer Netlist Model
[18:31:34] Phase 1.4 Constrain Clocks/Macros
[18:32:04] Phase 2 Global Placement
[18:32:04] Phase 2.1 Floorplanning
[18:44:51] Phase 2.2 Global Placement Core
[18:56:36] Phase 2.2.1 Physical Synthesis In Placer
[19:00:42] Phase 3 Detail Placement
[19:00:42] Phase 3.1 Commit Multi Column Macros
[19:01:13] Phase 3.2 Commit Most Macros & LUTRAMs
[19:01:44] Phase 3.3 Area Swap Optimization
[19:02:45] Phase 3.4 Pipeline Register Optimization
[19:02:45] Phase 3.5 IO Cut Optimizer
[19:02:45] Phase 3.6 Fast Optimization
[19:03:47] Phase 3.7 Small Shape Clustering
[19:05:19] Phase 3.8 Flow Legalize Slice Clusters
[19:05:19] Phase 3.9 Slice Area Swap
[19:06:51] Phase 3.10 Commit Slice Clusters
[19:07:21] Phase 3.11 Place Remaining
[19:07:21] Phase 3.12 Re-assign LUT pins
[19:08:23] Phase 3.13 Pipeline Register Optimization
[19:08:54] Phase 3.14 Fast Optimization
[19:10:26] Phase 4 Post Placement Optimization and Clean-Up
[19:10:26] Phase 4.1 Post Commit Optimization
[19:11:58] Phase 4.1.1 Post Placement Optimization
[19:11:58] Phase 4.1.1.1 BUFG Insertion
[19:13:30] Phase 4.1.1.2 BUFG Replication
[19:14:31] Phase 4.1.1.3 Replication
[19:14:31] Phase 4.2 Post Placement Cleanup
[19:16:34] Phase 4.3 Placer Reporting
[19:17:05] Phase 4.4 Final Placement Cleanup
[19:20:09] Finished 4th of 6 tasks (FPGA logic placement). Elapsed time: 00h 58m 17s 

[19:20:09] Starting logic routing..
[19:21:10] Phase 1 Build RT Design
[19:25:46] Phase 2 Router Initialization
[19:25:46] Phase 2.1 Fix Topology Constraints
[19:26:17] Phase 2.2 Pre Route Cleanup
[19:26:17] Phase 2.3 Global Clock Net Routing
[19:27:18] Phase 2.4 Update Timing
[19:30:53] Phase 2.5 Update Timing for Bus Skew
[19:30:53] Phase 2.5.1 Update Timing
[19:32:56] Phase 3 Initial Routing
[19:32:56] Phase 3.1 Global Routing
[19:34:59] Phase 4 Rip-up And Reroute
[19:34:59] Phase 4.1 Global Iteration 0
[20:02:38] Phase 4.2 Global Iteration 1
[20:07:14] Phase 4.3 Global Iteration 2
[20:08:46] Phase 5 Delay and Skew Optimization
[20:08:46] Phase 5.1 Delay CleanUp
[20:08:46] Phase 5.1.1 Update Timing
[20:10:18] Phase 5.2 Clock Skew Optimization
[20:10:49] Phase 6 Post Hold Fix
[20:10:49] Phase 6.1 Hold Fix Iter
[20:10:49] Phase 6.1.1 Update Timing
[20:12:52] Phase 6.1.2 Lut RouteThru Assignment for hold
[20:13:22] Phase 6.2 Additional Hold Fix
[20:16:27] Phase 7 Leaf Clock Prog Delay Opt
[20:17:59] Phase 8 Route finalize
[20:18:30] Phase 9 Verifying routed nets
[20:18:30] Phase 10 Depositing Routes
[20:20:02] Phase 11 Post Router Timing
[20:20:02] Finished 5th of 6 tasks (FPGA routing). Elapsed time: 00h 59m 53s 

[20:20:02] Starting bitstream generation..
[20:33:21] Creating bitmap...
[20:40:31] Writing bitstream ./pfm_top_i_dynamic_region_my_rm_partial.bit...
[20:40:31] Finished 6th of 6 tasks (FPGA bitstream generation). Elapsed time: 00h 20m 29s 
[20:41:15] Run vpl: Step impl: Completed
[20:41:16] Run vpl: FINISHED. Run Status: impl Complete!
INFO: [XOCC 60-1441] [20:41:16] Run xocc_link: Step vpl: Completed
Time (s): cpu = 00:04:00 ; elapsed = 03:27:14 . Memory (MB): peak = 651.648 ; gain = 0.000 ; free physical = 236813 ; free virtual = 252986
INFO: [XOCC 60-1443] [20:41:16] Run xocc_link: Step rtdgen: Started
INFO: [XOCC 60-1453] Command Line: rtdgen
INFO: [XOCC 60-1454] Run Directory: /home/oj2zf/Documents/ActsOfAGraph/ztest_portal/_x.hw.xilinx_u280_xdma_201910_1/topkernelsync/link/xocc_link
INFO: [XOCC 60-991] clock name 'clkwiz_kernel_clk_out1' (clock ID '0') is being mapped to clock name 'DATA_CLK' in the xclbin
INFO: [XOCC 60-991] clock name 'clkwiz_kernel2_clk_out1' (clock ID '1') is being mapped to clock name 'KERNEL_CLK' in the xclbin
INFO: [XOCC 60-991] clock name 'clk_out1_pfm_top_clkwiz_hbm_aclk_0' (clock ID '') is being mapped to clock name 'clk_out1_pfm_top_clkwiz_hbm_aclk_0' in the xclbin
INFO: [XOCC 60-1230] The compiler selected the following frequencies for the runtime controllable kernel clock(s) and scalable system clock(s): System (SYSTEM) clock: clk_out1_pfm_top_clkwiz_hbm_aclk_0 = 450, Kernel (DATA) clock: clkwiz_kernel_clk_out1 = 180, Kernel (KERNEL) clock: clkwiz_kernel2_clk_out1 = 500
INFO: [XOCC 60-1453] Command Line: cf2sw -a /home/oj2zf/Documents/ActsOfAGraph/ztest_portal/_x.hw.xilinx_u280_xdma_201910_1/topkernelsync/link/int/address_map.xml -sdsl /home/oj2zf/Documents/ActsOfAGraph/ztest_portal/_x.hw.xilinx_u280_xdma_201910_1/topkernelsync/link/int/sdsl.dat -xclbin /home/oj2zf/Documents/ActsOfAGraph/ztest_portal/_x.hw.xilinx_u280_xdma_201910_1/topkernelsync/link/int/xclbin_orig.xml -rtd /home/oj2zf/Documents/ActsOfAGraph/ztest_portal/_x.hw.xilinx_u280_xdma_201910_1/topkernelsync/link/int/topkernelsync.hw.xilinx_u280_xdma_201910_1.rtd -o /home/oj2zf/Documents/ActsOfAGraph/ztest_portal/_x.hw.xilinx_u280_xdma_201910_1/topkernelsync/link/int/topkernelsync.hw.xilinx_u280_xdma_201910_1.xml
INFO: [XOCC 60-1441] [20:41:19] Run xocc_link: Step rtdgen: Completed
Time (s): cpu = 00:00:02 ; elapsed = 00:00:03 . Memory (MB): peak = 651.648 ; gain = 0.000 ; free physical = 239669 ; free virtual = 255843
INFO: [XOCC 60-1443] [20:41:19] Run xocc_link: Step xclbinutil: Started
INFO: [XOCC 60-1453] Command Line: xclbinutil --add-section BITSTREAM:RAW:/home/oj2zf/Documents/ActsOfAGraph/ztest_portal/_x.hw.xilinx_u280_xdma_201910_1/topkernelsync/link/int/partial.bit --force --key-value SYS:mode:hw_pr --add-section :JSON:/home/oj2zf/Documents/ActsOfAGraph/ztest_portal/_x.hw.xilinx_u280_xdma_201910_1/topkernelsync/link/int/topkernelsync.hw.xilinx_u280_xdma_201910_1.rtd --append-section :JSON:/home/oj2zf/Documents/ActsOfAGraph/ztest_portal/_x.hw.xilinx_u280_xdma_201910_1/topkernelsync/link/int/appendSection.rtd --add-section CLOCK_FREQ_TOPOLOGY:JSON:/home/oj2zf/Documents/ActsOfAGraph/ztest_portal/_x.hw.xilinx_u280_xdma_201910_1/topkernelsync/link/int/topkernelsync.hw.xilinx_u280_xdma_201910_1_xml.rtd --add-section BUILD_METADATA:JSON:/home/oj2zf/Documents/ActsOfAGraph/ztest_portal/_x.hw.xilinx_u280_xdma_201910_1/topkernelsync/link/int/topkernelsync.hw.xilinx_u280_xdma_201910_1_build.rtd --add-section EMBEDDED_METADATA:RAW:/home/oj2zf/Documents/ActsOfAGraph/ztest_portal/_x.hw.xilinx_u280_xdma_201910_1/topkernelsync/link/int/topkernelsync.hw.xilinx_u280_xdma_201910_1.xml --output /home/oj2zf/Documents/ActsOfAGraph/ztest_portal/_x.hw.xilinx_u280_xdma_201910_1/topkernelsync/link/int/topkernelsync.hw.xilinx_u280_xdma_201910_1.xclbin
INFO: [XOCC 60-1454] Run Directory: /home/oj2zf/Documents/ActsOfAGraph/ztest_portal/_x.hw.xilinx_u280_xdma_201910_1/topkernelsync/link/xocc_link
XRT Build Version: 2.2.2249
       Build Date: 2019-08-15 22:22:52
          Hash ID: da87ac894a037d7e11c0496361458efed4bab438
Creating a default 'in-memory' xclbin image.

Section: 'BITSTREAM'(0) was successfully added.
Size   : 53859885 bytes
Format : RAW
File   : '/home/oj2zf/Documents/ActsOfAGraph/ztest_portal/_x.hw.xilinx_u280_xdma_201910_1/topkernelsync/link/int/partial.bit'

Section: 'MEM_TOPOLOGY'(6) was successfully added.
Format : JSON
File   : 'mem_topology'

Section: 'IP_LAYOUT'(8) was successfully added.
Format : JSON
File   : 'ip_layout'

Section: 'CONNECTIVITY'(7) was successfully added.
Format : JSON
File   : 'connectivity'

Section: 'CLOCK_FREQ_TOPOLOGY'(11) was successfully added.
Size   : 410 bytes
Format : JSON
File   : '/home/oj2zf/Documents/ActsOfAGraph/ztest_portal/_x.hw.xilinx_u280_xdma_201910_1/topkernelsync/link/int/topkernelsync.hw.xilinx_u280_xdma_201910_1_xml.rtd'

Section: 'BUILD_METADATA'(14) was successfully added.
Size   : 7721 bytes
Format : JSON
File   : '/home/oj2zf/Documents/ActsOfAGraph/ztest_portal/_x.hw.xilinx_u280_xdma_201910_1/topkernelsync/link/int/topkernelsync.hw.xilinx_u280_xdma_201910_1_build.rtd'

Section: 'EMBEDDED_METADATA'(2) was successfully added.
Size   : 145200 bytes
Format : RAW
File   : '/home/oj2zf/Documents/ActsOfAGraph/ztest_portal/_x.hw.xilinx_u280_xdma_201910_1/topkernelsync/link/int/topkernelsync.hw.xilinx_u280_xdma_201910_1.xml'

Section: 'IP_LAYOUT'(8) was successfully appended to.
Format : JSON
File   : 'ip_layout'
Successfully wrote (54038355 bytes) to the output file: /home/oj2zf/Documents/ActsOfAGraph/ztest_portal/_x.hw.xilinx_u280_xdma_201910_1/topkernelsync/link/int/topkernelsync.hw.xilinx_u280_xdma_201910_1.xclbin
Leaving xclbinutil.
INFO: [XOCC 60-1441] [20:41:19] Run xocc_link: Step xclbinutil: Completed
Time (s): cpu = 00:00:00.12 ; elapsed = 00:00:00.25 . Memory (MB): peak = 651.648 ; gain = 0.000 ; free physical = 239616 ; free virtual = 255842
INFO: [XOCC 60-1443] [20:41:19] Run xocc_link: Step xclbinutilinfo: Started
INFO: [XOCC 60-1453] Command Line: xclbinutil --quiet --info /home/oj2zf/Documents/ActsOfAGraph/ztest_portal/_x.hw.xilinx_u280_xdma_201910_1/topkernelsync/link/int/topkernelsync.hw.xilinx_u280_xdma_201910_1.xclbin.info --input /home/oj2zf/Documents/ActsOfAGraph/ztest_portal/_x.hw.xilinx_u280_xdma_201910_1/topkernelsync/link/int/topkernelsync.hw.xilinx_u280_xdma_201910_1.xclbin
INFO: [XOCC 60-1454] Run Directory: /home/oj2zf/Documents/ActsOfAGraph/ztest_portal/_x.hw.xilinx_u280_xdma_201910_1/topkernelsync/link/xocc_link
INFO: [XOCC 60-1441] [20:41:20] Run xocc_link: Step xclbinutilinfo: Completed
Time (s): cpu = 00:00:00.51 ; elapsed = 00:00:00.59 . Memory (MB): peak = 651.648 ; gain = 0.000 ; free physical = 239615 ; free virtual = 255840
INFO: [XOCC 60-244] Generating system estimate report...
INFO: [XOCC 60-1092] Generated system estimate report: /home/oj2zf/Documents/ActsOfAGraph/ztest_portal/_x.hw.xilinx_u280_xdma_201910_1/topkernelsync/reports/link/system_estimate_topkernelsync.hw.xilinx_u280_xdma_201910_1.xtxt
INFO: [XOCC 60-586] Created /home/oj2zf/Documents/ActsOfAGraph/ztest_portal/xclbin/topkernelsync.hw.xilinx_u280_xdma_201910_1.ltx
INFO: [XOCC 60-586] Created xclbin/topkernelsync.hw.xilinx_u280_xdma_201910_1.xclbin
INFO: [XOCC 60-1307] Run completed. Additional information can be found in:
	Guidance: /home/oj2zf/Documents/ActsOfAGraph/ztest_portal/_x.hw.xilinx_u280_xdma_201910_1/topkernelsync/reports/link/xocc_link_topkernelsync.hw.xilinx_u280_xdma_201910_1_guidance.html
	Timing Report: /home/oj2zf/Documents/ActsOfAGraph/ztest_portal/_x.hw.xilinx_u280_xdma_201910_1/topkernelsync/reports/link/imp/xilinx_u280_xdma_201910_1_bb_locked_timing_summary_routed.rpt
	Utilizations Report: /home/oj2zf/Documents/ActsOfAGraph/ztest_portal/_x.hw.xilinx_u280_xdma_201910_1/topkernelsync/reports/link/imp/kernel_util_routed.rpt
	Vivado Log: /home/oj2zf/Documents/ActsOfAGraph/ztest_portal/_x.hw.xilinx_u280_xdma_201910_1/topkernelsync/logs/link/vivado.log
	Steps Log File: /home/oj2zf/Documents/ActsOfAGraph/ztest_portal/_x.hw.xilinx_u280_xdma_201910_1/topkernelsync/logs/link/link.steps.log

INFO: [XOCC 60-791] Total elapsed time: 3h 27m 44s
emconfigutil --platform /opt/xilinx/platforms/xilinx_u280_xdma_201910_1/xilinx_u280_xdma_201910_1.xpfm --od ./xclbin/xilinx_u280_xdma_201910_1

****** configutil v2019.1.3 (64-bit)
  **** SW Build 2644227 on Wed Sep  4 09:44:18 MDT 2019
    ** Copyright 1986-2019 Xilinx, Inc. All Rights Reserved.

INFO: [ConfigUtil 60-895]   Target platform: /opt/xilinx/platforms/xilinx_u280_xdma_201910_1/xilinx_u280_xdma_201910_1.xpfm
emulation configuration file `emconfig.json` is created in ./xclbin/xilinx_u280_xdma_201910_1 directory 
