/tools/Xilinx/SDx/2019.1/bin/xcpp -Wall -O3 -g -std=c++11 -I/opt/xilinx/xrt/include/ -I/tools/Xilinx/SDx/2019.1/runtime/ -I/tools/Xilinx/Vivado/2019.1/include/ -std=c++0x -I/home/oj2zf/Documents/SDAccel_Examples//libs/xcl2 -I/opt/xilinx/xrt/include/ -I/tools/Xilinx/Vivado/2019.1/include/ -Wall -O0 -g -std=c++14 -fmessage-length=0 ../examples/hostprocess.cpp /home/oj2zf/Documents/SDAccel_Examples//libs/xcl2/xcl2.cpp ../src/algorithm/algorithm.cpp ../examples/helperfunctions/loadgraph.cpp ../examples/helperfunctions/loadgraph_sw.cpp ../examples/helperfunctions/setupkernel.cpp ../examples/helperfunctions/evalparams.cpp ../examples/app/app.cpp ../examples/test/test.cpp ../src/graphs/graph.cpp ../src/stats/stats.cpp ../src/utility/utility.cpp ../src/dataset/dataset.cpp ../kernels/swkernel.cpp ../kernels/goclkernel.cpp ../src/graphs/creategraphs.cpp ../src/graphs/createundirectedgraph.cpp ../src/graphs/mysort.cpp ../acts/sortreduce/sr.cpp ../acts/acts_sw/acts_sw.cpp ../acts/acts/actssync.cpp ../acts/actsutility/actsutility.cpp ../sortreduce-master/examples/graph/src//FileReaderAio.cpp ../sortreduce-master/examples/graph/src//EdgeProcess.cpp ../sortreduce-master/examples/graph/src//VertexValues.cpp ../sortreduce-master/examples/graph/src//BCMergeFlip.cpp -DKVTYPES1='uint64_t,uint32_t'  -DKVTYPES2='uint32_t,uint32_t' -I../sortreduce-master/include/ -I../sortreduce-master/examples/graph/src/ -L../sortreduce-master/obj/ -lsortreduce -pthread -laio -march=native -lrt ./xcl.c -o host -L/opt/Xilinx/SDx/2018.2/runtime/lib/x86_64 -lOpenCL -pthread -lrt				
# /opt/Xilinx/SDx/2019.1.op2552052/bin/xcpp -Wall -O3 -g -std=c++11 -I/opt/xilinx/xrt/include/ -I/tools/Xilinx/SDx/2019.1/runtime/ -I/tools/Xilinx/Vivado/2019.1/include/ -std=c++0x -I/home/oj2zf/Documents/SDAccel_Examples//libs/xcl2 -I/opt/xilinx/xrt/include/ -I/tools/Xilinx/Vivado/2019.1/include/ -Wall -O0 -g -std=c++14 -fmessage-length=0 ../examples/hostprocess.cpp /home/oj2zf/Documents/SDAccel_Examples//libs/xcl2/xcl2.cpp ../src/algorithm/algorithm.cpp ../examples/helperfunctions/loadgraph.cpp ../examples/helperfunctions/loadgraph_sw.cpp ../examples/helperfunctions/setupkernel.cpp ../examples/helperfunctions/evalparams.cpp ../examples/app/app.cpp ../examples/test/test.cpp ../src/graphs/graph.cpp ../src/stats/stats.cpp ../src/utility/utility.cpp ../src/dataset/dataset.cpp ../kernels/swkernel.cpp ../kernels/goclkernel.cpp ../src/graphs/creategraphs.cpp ../src/graphs/createundirectedgraph.cpp ../src/graphs/mysort.cpp ../acts/sortreduce/sr.cpp ../acts/acts_sw/acts_sw.cpp ../acts/acts/actssync.cpp ../acts/actsutility/actsutility.cpp ../sortreduce-master/examples/graph/src//FileReaderAio.cpp ../sortreduce-master/examples/graph/src//EdgeProcess.cpp ../sortreduce-master/examples/graph/src//VertexValues.cpp ../sortreduce-master/examples/graph/src//BCMergeFlip.cpp -DKVTYPES1='uint64_t,uint32_t'  -DKVTYPES2='uint32_t,uint32_t' -I../sortreduce-master/include/ -I../sortreduce-master/examples/graph/src/ -L../sortreduce-master/obj/ -lsortreduce -pthread -laio -march=native -lrt ./xcl.c -o host -L/opt/Xilinx/SDx/2018.2/runtime/lib/x86_64 -lOpenCL -pthread -lrt				
mkdir -p ./xclbin
/tools/Xilinx/SDx/2019.1/bin/xocc -t hw --platform /opt/xilinx/platforms/xilinx_u280_xdma_201910_1/xilinx_u280_xdma_201910_1.xpfm --save-temps --kernel_frequency 120 --temp_dir ./_x.hw.xilinx_u280_xdma_201910_1/topkernelproc -c -k topkernelproc -I'../acts/acts' -I'../acts/actsutility/' -o'xclbin/topkernelproc.hw.xilinx_u280_xdma_201910_1.xo' ../acts/acts/actsproc.cpp ../acts/actsutility/actsutility.cpp
Option Map File Used: '/tools/Xilinx/SDx/2019.1/data/sdx/xocc/optMap.xml'

****** xocc v2019.1.3 (64-bit)
  **** SW Build 2644227 on Wed Sep  4 09:44:18 MDT 2019
    ** Copyright 1986-2019 Xilinx, Inc. All Rights Reserved.

Attempting to get a license: ap_opencl
INFO: [XOCC 17-1540] The version limit for your license is '2020.08' and has expired for new software. A version limit expiration means that, although you may be able to continue to use the current version of tools or IP with this license, you will not be eligible for any updates or new releases.
Feature available: ap_opencl
INFO: [XOCC 60-1306] Additional information associated with this xocc compile can be found at:
	Reports: /home/oj2zf/Documents/ActsOfAGraph/ztest_portal/_x.hw.xilinx_u280_xdma_201910_1/topkernelproc/reports/topkernelproc.hw.xilinx_u280_xdma_201910_1
	Log files: /home/oj2zf/Documents/ActsOfAGraph/ztest_portal/_x.hw.xilinx_u280_xdma_201910_1/topkernelproc/logs/topkernelproc.hw.xilinx_u280_xdma_201910_1
INFO: [XOCC 60-585] Compiling for hardware target
INFO: [XOCC 60-1316] Initiating connection to rulecheck server, at Wed Apr 14 02:33:23 2021
Running Rule Check Server on port:34363
INFO: [XOCC 60-1315] Creating rulecheck session with output '/home/oj2zf/Documents/ActsOfAGraph/ztest_portal/_x.hw.xilinx_u280_xdma_201910_1/topkernelproc/reports/topkernelproc.hw.xilinx_u280_xdma_201910_1/xocc_compile_topkernelproc.hw.xilinx_u280_xdma_201910_1_guidance.html', at Wed Apr 14 02:33:24 2021
INFO: [XOCC 60-895]   Target platform: /opt/xilinx/platforms/xilinx_u280_xdma_201910_1/xilinx_u280_xdma_201910_1.xpfm
INFO: [XOCC 60-423]   Target device: xilinx_u280_xdma_201910_1
INFO: [XOCC 60-242] Creating kernel: 'topkernelproc'

===>The following messages were generated while  performing high-level synthesis for kernel: topkernelproc Log file: /home/oj2zf/Documents/ActsOfAGraph/ztest_portal/_x.hw.xilinx_u280_xdma_201910_1/topkernelproc/topkernelproc.hw.xilinx_u280_xdma_201910_1/topkernelproc/vivado_hls.log :
INFO: [XOCC 204-61] Option 'relax_ii_for_timing' is enabled, will increase II to preserve clock frequency constraints.
INFO: [XOCC 204-61] Pipelining loop 'Loop 1'.
INFO: [XOCC 204-61] Pipelining result : Target II = 1, Final II = 1, Depth = 1.
INFO: [XOCC 204-61] Pipelining loop 'Loop 2'.
INFO: [XOCC 204-61] Pipelining result : Target II = 1, Final II = 1, Depth = 1.
INFO: [XOCC 204-61] Pipelining loop 'Loop 1'.
INFO: [XOCC 204-61] Pipelining result : Target II = 1, Final II = 1, Depth = 1.
INFO: [XOCC 204-61] Pipelining loop 'Loop 1'.
INFO: [XOCC 204-61] Pipelining result : Target II = 1, Final II = 1, Depth = 1.
INFO: [XOCC 204-61] Pipelining loop 'READKEYVALUES2_LOOP'.
INFO: [XOCC 204-61] Pipelining result : Target II = 1, Final II = 1, Depth = 3.
INFO: [XOCC 204-61] Pipelining loop 'LOADVMASKS_LOOP1'.
INFO: [XOCC 204-61] Pipelining result : Target II = 8, Final II = 8, Depth = 9.
INFO: [XOCC 204-61] Pipelining loop 'LOADVMASKS_LOOP2'.
INFO: [XOCC 204-61] Pipelining result : Target II = 1, Final II = 1, Depth = 2.
INFO: [XOCC 204-61] Pipelining loop 'READKEYVALUES2_LOOP'.
INFO: [XOCC 204-61] Pipelining result : Target II = 1, Final II = 1, Depth = 3.
INFO: [XOCC 204-61] Pipelining loop 'READKEYVALUES1_LOOP'.
INFO: [XOCC 204-61] Pipelining result : Target II = 1, Final II = 1, Depth = 3.
INFO: [XOCC 204-61] Pipelining loop 'READANDPROCESS_LOOP1'.
INFO: [XOCC 204-61] Pipelining result : Target II = 1, Final II = 1, Depth = 4.
INFO: [XOCC 204-61] Pipelining loop 'Loop 1'.
INFO: [XOCC 204-61] Pipelining result : Target II = 1, Final II = 1, Depth = 2.
INFO: [XOCC 204-61] Pipelining loop 'Loop 2'.
INFO: [XOCC 204-61] Pipelining result : Target II = 2, Final II = 2, Depth = 2.
INFO: [XOCC 204-61] Pipelining loop 'Loop 3'.
INFO: [XOCC 204-61] Pipelining result : Target II = 1, Final II = 1, Depth = 1.
INFO: [XOCC 204-61] Pipelining loop 'Loop 4'.
INFO: [XOCC 204-61] Pipelining result : Target II = 1, Final II = 1, Depth = 2.
INFO: [XOCC 204-61] Pipelining loop 'Loop 5'.
INFO: [XOCC 204-61] Pipelining result : Target II = 1, Final II = 1, Depth = 2.
INFO: [XOCC 204-61] Pipelining loop 'Loop 6'.
INFO: [XOCC 204-61] Pipelining result : Target II = 1, Final II = 1, Depth = 2.
INFO: [XOCC 204-61] Pipelining loop 'RUNPIPELINE_LOOP1B'.
INFO: [XOCC 204-61] Pipelining result : Target II = 4, Final II = 4, Depth = 6.
INFO: [XOCC 204-61] Pipelining loop 'Loop 8'.
INFO: [XOCC 204-61] Pipelining result : Target II = 1, Final II = 1, Depth = 1.
INFO: [XOCC 204-61] Pipelining loop 'Loop 9'.
INFO: [XOCC 204-61] Pipelining result : Target II = 1, Final II = 1, Depth = 3.
INFO: [XOCC 204-61] Pipelining loop 'Loop 1'.
INFO: [XOCC 204-61] Pipelining result : Target II = 1, Final II = 1, Depth = 1.
INFO: [XOCC 204-61] Pipelining loop 'PREPAREKEYVALUES_LOOP1'.
INFO: [XOCC 204-61] Pipelining result : Target II = 2, Final II = 2, Depth = 6.
INFO: [XOCC 204-61] Pipelining loop 'Loop 3'.
INFO: [XOCC 204-61] Pipelining result : Target II = 2, Final II = 2, Depth = 3.
INFO: [XOCC 204-61] Pipelining loop 'Loop 4'.
INFO: [XOCC 204-61] Pipelining result : Target II = 1, Final II = 1, Depth = 1.
INFO: [XOCC 204-61] Pipelining loop 'Loop 5'.
INFO: [XOCC 204-61] Pipelining result : Target II = 1, Final II = 2, Depth = 2.
INFO: [XOCC 204-61] Pipelining loop 'SAVEPARTITIONS_LOOP1B'.
INFO: [XOCC 204-61] Pipelining result : Target II = 1, Final II = 1, Depth = 3.
INFO: [XOCC 204-61] Pipelining loop 'SAVEPARTITIONS_LOOP2'.
INFO: [XOCC 204-61] Pipelining result : Target II = 1, Final II = 1, Depth = 2.
INFO: [XOCC 204-61] Pipelining function 'reducevector.1'.
INFO: [XOCC 204-61] Pipelining result : Target II = 3, Final II = 2, Depth = 2.
INFO: [XOCC 204-61] Pipelining function 'reducevector.2'.
INFO: [XOCC 204-61] Pipelining result : Target II = 3, Final II = 2, Depth = 2.
INFO: [XOCC 204-61] Pipelining function 'reducevector.3'.
INFO: [XOCC 204-61] Pipelining result : Target II = 3, Final II = 2, Depth = 2.
INFO: [XOCC 204-61] Pipelining function 'reducevector.4'.
INFO: [XOCC 204-61] Pipelining result : Target II = 3, Final II = 2, Depth = 2.
INFO: [XOCC 204-61] Pipelining function 'reducevector.5'.
INFO: [XOCC 204-61] Pipelining result : Target II = 3, Final II = 2, Depth = 2.
INFO: [XOCC 204-61] Pipelining function 'reducevector.6'.
INFO: [XOCC 204-61] Pipelining result : Target II = 3, Final II = 2, Depth = 2.
INFO: [XOCC 204-61] Pipelining function 'reducevector.7'.
INFO: [XOCC 204-61] Pipelining result : Target II = 3, Final II = 2, Depth = 2.
INFO: [XOCC 204-61] Pipelining function 'reducevector'.
INFO: [XOCC 204-61] Pipelining result : Target II = 3, Final II = 2, Depth = 2.
INFO: [XOCC 204-61] Pipelining loop 'REDUCEBUFFERPARTITIONS_LOOP1B'.
INFO: [XOCC 204-61] Pipelining result : Target II = 1, Final II = 1, Depth = 2.
INFO: [XOCC 204-61] Pipelining loop 'REDUCEBUFFERPARTITIONS_LOOP1.2'.
INFO: [XOCC 204-61] Pipelining result : Target II = 1, Final II = 1, Depth = 1.
INFO: [XOCC 204-61] Pipelining loop 'REDUCEBUFFERPARTITIONS_LOOP1C'.
INFO: [XOCC 204-61] Pipelining result : Target II = 1, Final II = 1, Depth = 1.
INFO: [XOCC 204-61] Pipelining loop 'REDUCEBUFFERPARTITIONS_LOOP1D'.
INFO: [XOCC 204-61] Pipelining result : Target II = 16, Final II = 16, Depth = 20.
INFO: [XOCC 204-61] Pipelining loop 'Loop 1'.
INFO: [XOCC 204-61] Pipelining result : Target II = 1, Final II = 1, Depth = 1.
INFO: [XOCC 204-61] Pipelining loop 'Loop 1'.
INFO: [XOCC 204-61] Pipelining result : Target II = 1, Final II = 1, Depth = 1.
INFO: [XOCC 204-61] Pipelining loop 'PARTITIONIT_LOOP1B.1'.
INFO: [XOCC 204-61] Pipelining result : Target II = 1, Final II = 1, Depth = 1.
INFO: [XOCC 204-61] Pipelining loop 'SAVEVDATA_LOOP'.
INFO: [XOCC 204-61] Pipelining result : Target II = 1, Final II = 1, Depth = 3.
INFO: [XOCC 204-61] Pipelining loop 'Loop 1'.
INFO: [XOCC 204-61] Pipelining result : Target II = 1, Final II = 1, Depth = 1.
INFO: [XOCC 204-61] Pipelining loop 'Loop 2'.
INFO: [XOCC 204-61] Pipelining result : Target II = 1, Final II = 1, Depth = 1.
INFO: [XOCC 60-594] Finished kernel compilation
INFO: [XOCC 60-244] Generating system estimate report...
INFO: [XOCC 60-1092] Generated system estimate report: /home/oj2zf/Documents/ActsOfAGraph/ztest_portal/_x.hw.xilinx_u280_xdma_201910_1/topkernelproc/reports/topkernelproc.hw.xilinx_u280_xdma_201910_1/system_estimate_topkernelproc.hw.xilinx_u280_xdma_201910_1.xtxt
Add Instance dispatch grp_dispatch_fu_297 297
Add Instance actit grp_actit_fu_559 559
Add Instance commitkeyvalues grp_commitkeyvalues_fu_694 694
Add Instance reduceandbuffer grp_reduceandbuffer_fu_150 150
Add Instance reducevector_1 grp_reducevector_1_fu_1001 1001
Add Instance reducevector_2 grp_reducevector_2_fu_1015 1015
Add Instance reducevector_3 grp_reducevector_3_fu_1028 1028
Add Instance reducevector_4 grp_reducevector_4_fu_1041 1041
Add Instance reducevector_5 grp_reducevector_5_fu_1054 1054
Add Instance reducevector_6 grp_reducevector_6_fu_1067 1067
Add Instance reducevector_7 grp_reducevector_7_fu_1080 1080
Add Instance reducevector grp_reducevector_fu_1093 1093
Add Instance savekeyvalues grp_savekeyvalues_fu_215 215
Add Instance getpartitionwritesz grp_getpartitionwritesz_fu_360 360
Add Instance actspipeline grp_actspipeline_fu_755 755
Add Instance preparekeyvalues grp_preparekeyvalues_fu_791 791
Add Instance fetchkeyvalues grp_fetchkeyvalues_fu_840 840
Add Instance readandprocess grp_readandprocess_fu_174 174
Add Instance readkeyvalues grp_readkeyvalues_fu_245 245
Add Instance loadvmasks grp_loadvmasks_fu_639 639
Add Instance readvdata grp_readvdata_fu_682 682
Add Instance gettravstate grp_gettravstate_fu_728 728
Add Instance saveglobalstats grp_saveglobalstats_fu_739 739
Add Instance getsweepparams grp_getsweepparams_fu_751 751
Add Instance readglobalstats grp_readglobalstats_fu_765 765
Add Instance get_num_source_partitions grp_get_num_source_partitions_fu_775 775
Add Instance resetvalues grp_resetvalues_fu_780 780
Add Instance getglobalparams grp_getglobalparams_fu_362 362
Add Instance savevdata grp_savevdata_fu_369 369
Add Instance readvdata grp_readvdata_fu_398 398
Add Instance gettravstate grp_gettravstate_fu_427 427
INFO: [XOCC 60-586] Created xclbin/topkernelproc.hw.xilinx_u280_xdma_201910_1.xo
INFO: [XOCC 60-791] Total elapsed time: 0h 2m 20s
mkdir -p ./xclbin
/tools/Xilinx/SDx/2019.1/bin/xocc -t hw --platform /opt/xilinx/platforms/xilinx_u280_xdma_201910_1/xilinx_u280_xdma_201910_1.xpfm --save-temps --kernel_frequency 120 --temp_dir ./_x.hw.xilinx_u280_xdma_201910_1/topkernelproc -l --sp topkernelproc_1.m_axi_gmem0:HBM[0]  --nk topkernelproc:1 -o'xclbin/topkernelproc.hw.xilinx_u280_xdma_201910_1.xclbin' xclbin/topkernelproc.hw.xilinx_u280_xdma_201910_1.xo
Option Map File Used: '/tools/Xilinx/SDx/2019.1/data/sdx/xocc/optMap.xml'

****** xocc v2019.1.3 (64-bit)
  **** SW Build 2644227 on Wed Sep  4 09:44:18 MDT 2019
    ** Copyright 1986-2019 Xilinx, Inc. All Rights Reserved.

Attempting to get a license: ap_opencl
INFO: [XOCC 17-1540] The version limit for your license is '2020.08' and has expired for new software. A version limit expiration means that, although you may be able to continue to use the current version of tools or IP with this license, you will not be eligible for any updates or new releases.
Feature available: ap_opencl
INFO: [XOCC 60-1306] Additional information associated with this xocc link can be found at:
	Reports: /home/oj2zf/Documents/ActsOfAGraph/ztest_portal/_x.hw.xilinx_u280_xdma_201910_1/topkernelproc/reports/link
	Log files: /home/oj2zf/Documents/ActsOfAGraph/ztest_portal/_x.hw.xilinx_u280_xdma_201910_1/topkernelproc/logs/link
INFO: [XOCC 60-629] Linking for hardware target
INFO: [XOCC 60-1316] Initiating connection to rulecheck server, at Wed Apr 14 02:35:46 2021
Running Rule Check Server on port:38561
INFO: [XOCC 60-1315] Creating rulecheck session with output '/home/oj2zf/Documents/ActsOfAGraph/ztest_portal/_x.hw.xilinx_u280_xdma_201910_1/topkernelproc/reports/link/xocc_link_topkernelproc.hw.xilinx_u280_xdma_201910_1_guidance.html', at Wed Apr 14 02:35:47 2021
INFO: [XOCC 60-895]   Target platform: /opt/xilinx/platforms/xilinx_u280_xdma_201910_1/xilinx_u280_xdma_201910_1.xpfm
INFO: [XOCC 60-423]   Target device: xilinx_u280_xdma_201910_1
INFO: [XOCC 60-1332] Run 'xocc_link' status: Not started
INFO: [XOCC 60-1443] [02:35:55] Run xocc_link: Step sdx_link: Started
INFO: [XOCC 60-1453] Command Line: sdx_link --xo /home/oj2zf/Documents/ActsOfAGraph/ztest_portal/xclbin/topkernelproc.hw.xilinx_u280_xdma_201910_1.xo --nk topkernelproc:1 -keep -sp topkernelproc_1.m_axi_gmem0:HBM[0] --xpfm /opt/xilinx/platforms/xilinx_u280_xdma_201910_1/xilinx_u280_xdma_201910_1.xpfm --target hw --output_dir /home/oj2zf/Documents/ActsOfAGraph/ztest_portal/_x.hw.xilinx_u280_xdma_201910_1/topkernelproc/link/int --temp_dir /home/oj2zf/Documents/ActsOfAGraph/ztest_portal/_x.hw.xilinx_u280_xdma_201910_1/topkernelproc/link/sys_link
INFO: [XOCC 60-1454] Run Directory: /home/oj2zf/Documents/ActsOfAGraph/ztest_portal/_x.hw.xilinx_u280_xdma_201910_1/topkernelproc/link/xocc_link
using /opt/xilinx/platforms/xilinx_u280_xdma_201910_1/xilinx_u280_xdma_201910_1.xpfm
extracting xo v3 file /home/oj2zf/Documents/ActsOfAGraph/ztest_portal/xclbin/topkernelproc.hw.xilinx_u280_xdma_201910_1.xo
Creating IP database /home/oj2zf/Documents/ActsOfAGraph/ztest_portal/_x.hw.xilinx_u280_xdma_201910_1/topkernelproc/link/sys_link/_sds/.cdb/xd_ip_db.xml
processing accelerators: /home/oj2zf/Documents/ActsOfAGraph/ztest_portal/_x.hw.xilinx_u280_xdma_201910_1/topkernelproc/link/sys_link/iprepo/xilinx_com_hls_topkernelproc_1_0
ip_dir: /home/oj2zf/Documents/ActsOfAGraph/ztest_portal/_x.hw.xilinx_u280_xdma_201910_1/topkernelproc/link/sys_link/iprepo/xilinx_com_hls_topkernelproc_1_0
/tools/Xilinx/SDx/2019.1/bin/xsltproc --stringparam xpath "spirit:component/spirit:name/text()" /tools/Xilinx/SDx/2019.1/scripts/xdcc/xpathValueOf.xsl /home/oj2zf/Documents/ActsOfAGraph/ztest_portal/_x.hw.xilinx_u280_xdma_201910_1/topkernelproc/link/sys_link/iprepo/xilinx_com_hls_topkernelproc_1_0/component.xml
ip_name: topkernelproc
Creating apsys_0.xml
INFO: [CFGEN 83-0] Kernel Specs: 
INFO: [CFGEN 83-0]   kernel: topkernelproc, num: 1  {topkernelproc_1}
INFO: [CFGEN 83-0] Port Specs: 
INFO: [CFGEN 83-0]   kernel: topkernelproc_1, k_port: m_axi_gmem0, sptag: HBM[0]
INFO: [CFGEN 83-2228] Creating mapping for argument topkernelproc_1.kvdram to HBM[0] for directive topkernelproc_1.m_axi_gmem0:HBM[0]

Creating dr.bd.tcl
INFO: [XOCC 60-1441] [02:36:10] Run xocc_link: Step sdx_link: Completed
Time (s): cpu = 00:00:15 ; elapsed = 00:00:16 . Memory (MB): peak = 651.633 ; gain = 0.000 ; free physical = 243773 ; free virtual = 256444
INFO: [XOCC 60-1443] [02:36:10] Run xocc_link: Step vpl: Started
INFO: [XOCC 60-1453] Command Line: vpl -t hw -f /opt/xilinx/platforms/xilinx_u280_xdma_201910_1/xilinx_u280_xdma_201910_1.xpfm --kernel_frequency 120 --nk topkernelproc:1 -s --xp param:compiler.enablePerformanceTrace=1 --xp vivado_prop:run.__KERNEL__.{STEPS.SYNTH_DESIGN.ARGS.MORE OPTIONS}={-directive sdx_optimization_effort_high} --xp misc:report=type report_timing_summary name impl_report_timing_summary_route_design_summary steps {route_design} runs {impl_1} options {-max_paths 10} --xp misc:report=type report_timing_summary name impl_report_timing_summary_post_route_phys_opt_design_summary steps {post_route_phys_opt_design} runs {impl_1} options {-max_paths 10} --xp misc:BinaryName=topkernelproc.hw.xilinx_u280_xdma_201910_1 --output_dir /home/oj2zf/Documents/ActsOfAGraph/ztest_portal/_x.hw.xilinx_u280_xdma_201910_1/topkernelproc/link/int --log_dir /home/oj2zf/Documents/ActsOfAGraph/ztest_portal/_x.hw.xilinx_u280_xdma_201910_1/topkernelproc/logs/link --report_dir /home/oj2zf/Documents/ActsOfAGraph/ztest_portal/_x.hw.xilinx_u280_xdma_201910_1/topkernelproc/reports/link -k /home/oj2zf/Documents/ActsOfAGraph/ztest_portal/_x.hw.xilinx_u280_xdma_201910_1/topkernelproc/link/int/kernel_info.dat --webtalk_flag SDAccel --temp_dir /home/oj2zf/Documents/ActsOfAGraph/ztest_portal/_x.hw.xilinx_u280_xdma_201910_1/topkernelproc/link --no-info --tlog_dir /home/oj2zf/Documents/ActsOfAGraph/ztest_portal/_x.hw.xilinx_u280_xdma_201910_1/topkernelproc/.tlog/xocc_link_topkernelproc.hw.xilinx_u280_xdma_201910_1 --iprepo /home/oj2zf/Documents/ActsOfAGraph/ztest_portal/_x.hw.xilinx_u280_xdma_201910_1/topkernelproc/link/int/xo/ip_repo/xilinx_com_hls_topkernelproc_1_0 --messageDb /home/oj2zf/Documents/ActsOfAGraph/ztest_portal/_x.hw.xilinx_u280_xdma_201910_1/topkernelproc/link/xocc_link/vpl.pb /home/oj2zf/Documents/ActsOfAGraph/ztest_portal/_x.hw.xilinx_u280_xdma_201910_1/topkernelproc/link/int/dr.bd.tcl
INFO: [XOCC 60-1454] Run Directory: /home/oj2zf/Documents/ActsOfAGraph/ztest_portal/_x.hw.xilinx_u280_xdma_201910_1/topkernelproc/link/xocc_link

****** vpl v2019.1.3 (64-bit)
  **** SW Build 2644227 on Wed Sep  4 09:44:18 MDT 2019
    ** Copyright 1986-2019 Xilinx, Inc. All Rights Reserved.

Attempting to get a license: ap_opencl
INFO: [VPL 17-1540] The version limit for your license is '2020.08' and has expired for new software. A version limit expiration means that, although you may be able to continue to use the current version of tools or IP with this license, you will not be eligible for any updates or new releases.
Feature available: ap_opencl
INFO: [VPL 60-839] Read in kernel information from file '/home/oj2zf/Documents/ActsOfAGraph/ztest_portal/_x.hw.xilinx_u280_xdma_201910_1/topkernelproc/link/int/kernel_info.dat'.
INFO: [VPL 60-423]   Target device: xilinx_u280_xdma_201910_1
INFO: [VPL 60-1032] Extracting DSA to /home/oj2zf/Documents/ActsOfAGraph/ztest_portal/_x.hw.xilinx_u280_xdma_201910_1/topkernelproc/link/vivado/vpl/.local/dsa
[02:36:37] Run vpl: Step create_project: Started
Creating Vivado project.
[02:36:37] Run vpl: Step create_project: Completed
[02:36:37] Run vpl: Step create_bd: Started
[02:38:01] Run vpl: Step create_bd: Completed
[02:38:01] Run vpl: Step update_bd: Started
[02:38:01] Run vpl: Step update_bd: Completed
[02:38:01] Run vpl: Step generate_target: Started
[02:38:56] Run vpl: Step generate_target: Completed
[02:38:56] Run vpl: Step config_hw_runs: Started
[02:39:00] Run vpl: Step config_hw_runs: Completed
[02:39:00] Run vpl: Step synth: Started
[02:39:31] Block-level synthesis in progress, 0 of 35 jobs complete, 8 jobs running.
[02:40:01] Block-level synthesis in progress, 0 of 35 jobs complete, 8 jobs running.
[02:40:31] Block-level synthesis in progress, 0 of 35 jobs complete, 8 jobs running.
[02:41:01] Block-level synthesis in progress, 0 of 35 jobs complete, 8 jobs running.
[02:41:32] Block-level synthesis in progress, 7 of 35 jobs complete, 6 jobs running.
[02:42:02] Block-level synthesis in progress, 8 of 35 jobs complete, 8 jobs running.
[02:42:32] Block-level synthesis in progress, 9 of 35 jobs complete, 8 jobs running.
[02:43:03] Block-level synthesis in progress, 10 of 35 jobs complete, 8 jobs running.
[02:43:33] Block-level synthesis in progress, 14 of 35 jobs complete, 6 jobs running.
[02:44:03] Block-level synthesis in progress, 15 of 35 jobs complete, 7 jobs running.
[02:44:34] Block-level synthesis in progress, 16 of 35 jobs complete, 8 jobs running.
[02:45:04] Block-level synthesis in progress, 18 of 35 jobs complete, 7 jobs running.
[02:45:34] Block-level synthesis in progress, 20 of 35 jobs complete, 6 jobs running.
[02:46:05] Block-level synthesis in progress, 21 of 35 jobs complete, 7 jobs running.
[02:46:35] Block-level synthesis in progress, 21 of 35 jobs complete, 8 jobs running.
[02:47:06] Block-level synthesis in progress, 24 of 35 jobs complete, 6 jobs running.
[02:47:36] Block-level synthesis in progress, 28 of 35 jobs complete, 4 jobs running.
[02:48:06] Block-level synthesis in progress, 32 of 35 jobs complete, 3 jobs running.
[02:48:37] Block-level synthesis in progress, 32 of 35 jobs complete, 3 jobs running.
[02:49:07] Block-level synthesis in progress, 34 of 35 jobs complete, 1 job running.
[02:49:37] Block-level synthesis in progress, 34 of 35 jobs complete, 1 job running.
[02:50:08] Block-level synthesis in progress, 34 of 35 jobs complete, 1 job running.
[02:50:38] Block-level synthesis in progress, 34 of 35 jobs complete, 1 job running.
[02:51:09] Block-level synthesis in progress, 34 of 35 jobs complete, 1 job running.
[02:51:39] Block-level synthesis in progress, 34 of 35 jobs complete, 1 job running.
[02:52:09] Block-level synthesis in progress, 34 of 35 jobs complete, 1 job running.
[02:52:40] Block-level synthesis in progress, 34 of 35 jobs complete, 1 job running.
[02:53:10] Top-level synthesis in progress.
[02:53:40] Top-level synthesis in progress.
[02:54:11] Top-level synthesis in progress.
[02:54:41] Top-level synthesis in progress.
[02:54:45] Run vpl: Step synth: Completed
[02:54:45] Run vpl: Step impl: Started
[03:02:21] Finished 2nd of 6 tasks (FPGA linking synthesized kernels to platform). Elapsed time: 00h 26m 09s 

[03:02:21] Starting logic optimization..
[03:02:52] Phase 1 Generate And Synthesize Debug Cores
[03:06:24] Phase 2 Retarget
[03:06:24] Phase 3 Constant propagation
[03:06:54] Phase 4 Sweep
[03:07:55] Phase 5 BUFG optimization
[03:08:25] Phase 6 Shift Register Optimization
[03:08:25] Phase 7 Post Processing Netlist
[03:09:26] Finished 3rd of 6 tasks (FPGA logic optimization). Elapsed time: 00h 07m 04s 

[03:09:26] Starting logic placement..
[03:09:56] Phase 1 Placer Initialization
[03:09:56] Phase 1.1 Placer Initialization Netlist Sorting
[03:12:58] Phase 1.2 IO Placement/ Clock Placement/ Build Placer Device
[03:14:29] Phase 1.3 Build Placer Netlist Model
[03:16:31] Phase 1.4 Constrain Clocks/Macros
[03:17:01] Phase 2 Global Placement
[03:17:01] Phase 2.1 Floorplanning
[03:25:37] Phase 2.2 Global Placement Core
[03:33:12] Phase 2.2.1 Physical Synthesis In Placer
[03:34:43] Phase 3 Detail Placement
[03:34:43] Phase 3.1 Commit Multi Column Macros
[03:34:43] Phase 3.2 Commit Most Macros & LUTRAMs
[03:35:14] Phase 3.3 Area Swap Optimization
[03:35:14] Phase 3.4 Pipeline Register Optimization
[03:35:14] Phase 3.5 IO Cut Optimizer
[03:35:14] Phase 3.6 Fast Optimization
[03:36:14] Phase 3.7 Small Shape Clustering
[03:36:14] Phase 3.8 Flow Legalize Slice Clusters
[03:36:45] Phase 3.9 Slice Area Swap
[03:37:15] Phase 3.10 Commit Slice Clusters
[03:37:15] Phase 3.11 Place Remaining
[03:37:15] Phase 3.12 Re-assign LUT pins
[03:37:45] Phase 3.13 Pipeline Register Optimization
[03:37:45] Phase 3.14 Fast Optimization
[03:41:18] Phase 4 Post Placement Optimization and Clean-Up
[03:41:18] Phase 4.1 Post Commit Optimization
[03:42:19] Phase 4.1.1 Post Placement Optimization
[03:42:19] Phase 4.1.1.1 BUFG Insertion
[03:42:49] Phase 4.1.1.2 BUFG Replication
[03:43:19] Phase 4.1.1.3 Replication
[03:43:50] Phase 4.2 Post Placement Cleanup
[03:45:21] Phase 4.3 Placer Reporting
[03:45:21] Phase 4.4 Final Placement Cleanup
[03:46:52] Finished 4th of 6 tasks (FPGA logic placement). Elapsed time: 00h 37m 25s 

[03:46:52] Starting logic routing..
[03:47:52] Phase 1 Build RT Design
[03:50:24] Phase 2 Router Initialization
[03:50:24] Phase 2.1 Fix Topology Constraints
[03:50:24] Phase 2.2 Pre Route Cleanup
[03:50:54] Phase 2.3 Global Clock Net Routing
[03:51:25] Phase 2.4 Update Timing
[03:52:56] Phase 2.5 Update Timing for Bus Skew
[03:52:56] Phase 2.5.1 Update Timing
[03:53:56] Phase 3 Initial Routing
[03:54:27] Phase 4 Rip-up And Reroute
[03:54:27] Phase 4.1 Global Iteration 0
[03:59:00] Phase 4.2 Global Iteration 1
[03:59:30] Phase 4.3 Global Iteration 2
[04:00:01] Phase 5 Delay and Skew Optimization
[04:00:01] Phase 5.1 Delay CleanUp
[04:00:01] Phase 5.1.1 Update Timing
[04:01:01] Phase 5.2 Clock Skew Optimization
[04:01:01] Phase 6 Post Hold Fix
[04:01:01] Phase 6.1 Hold Fix Iter
[04:01:01] Phase 6.1.1 Update Timing
[04:02:02] Phase 6.1.2 Lut RouteThru Assignment for hold
[04:02:02] Phase 6.2 Additional Hold Fix
[04:03:33] Phase 7 Leaf Clock Prog Delay Opt
[04:04:34] Phase 8 Route finalize
[04:04:34] Phase 9 Verifying routed nets
[04:04:34] Phase 10 Depositing Routes
[04:05:34] Phase 11 Post Router Timing
[04:05:34] Finished 5th of 6 tasks (FPGA routing). Elapsed time: 00h 18m 42s 

[04:05:34] Starting bitstream generation..
[04:13:10] Creating bitmap...
[04:19:45] Writing bitstream ./pfm_top_i_dynamic_region_my_rm_partial.bit...
[04:19:45] Finished 6th of 6 tasks (FPGA bitstream generation). Elapsed time: 00h 14m 10s 
[04:19:54] Run vpl: Step impl: Completed
[04:19:54] Run vpl: FINISHED. Run Status: impl Complete!
INFO: [XOCC 60-1441] [04:19:54] Run xocc_link: Step vpl: Completed
Time (s): cpu = 00:01:08 ; elapsed = 01:43:44 . Memory (MB): peak = 651.633 ; gain = 0.000 ; free physical = 239318 ; free virtual = 254518
INFO: [XOCC 60-1443] [04:19:54] Run xocc_link: Step rtdgen: Started
INFO: [XOCC 60-1453] Command Line: rtdgen
INFO: [XOCC 60-1454] Run Directory: /home/oj2zf/Documents/ActsOfAGraph/ztest_portal/_x.hw.xilinx_u280_xdma_201910_1/topkernelproc/link/xocc_link
INFO: [XOCC 60-991] clock name 'clkwiz_kernel_clk_out1' (clock ID '0') is being mapped to clock name 'DATA_CLK' in the xclbin
INFO: [XOCC 60-991] clock name 'clkwiz_kernel2_clk_out1' (clock ID '1') is being mapped to clock name 'KERNEL_CLK' in the xclbin
INFO: [XOCC 60-991] clock name 'clk_out1_pfm_top_clkwiz_hbm_aclk_0' (clock ID '') is being mapped to clock name 'clk_out1_pfm_top_clkwiz_hbm_aclk_0' in the xclbin
INFO: [XOCC 60-1230] The compiler selected the following frequencies for the runtime controllable kernel clock(s) and scalable system clock(s): System (SYSTEM) clock: clk_out1_pfm_top_clkwiz_hbm_aclk_0 = 450, Kernel (DATA) clock: clkwiz_kernel_clk_out1 = 120, Kernel (KERNEL) clock: clkwiz_kernel2_clk_out1 = 500
INFO: [XOCC 60-1453] Command Line: cf2sw -a /home/oj2zf/Documents/ActsOfAGraph/ztest_portal/_x.hw.xilinx_u280_xdma_201910_1/topkernelproc/link/int/address_map.xml -sdsl /home/oj2zf/Documents/ActsOfAGraph/ztest_portal/_x.hw.xilinx_u280_xdma_201910_1/topkernelproc/link/int/sdsl.dat -xclbin /home/oj2zf/Documents/ActsOfAGraph/ztest_portal/_x.hw.xilinx_u280_xdma_201910_1/topkernelproc/link/int/xclbin_orig.xml -rtd /home/oj2zf/Documents/ActsOfAGraph/ztest_portal/_x.hw.xilinx_u280_xdma_201910_1/topkernelproc/link/int/topkernelproc.hw.xilinx_u280_xdma_201910_1.rtd -o /home/oj2zf/Documents/ActsOfAGraph/ztest_portal/_x.hw.xilinx_u280_xdma_201910_1/topkernelproc/link/int/topkernelproc.hw.xilinx_u280_xdma_201910_1.xml
INFO: [XOCC 60-1441] [04:19:56] Run xocc_link: Step rtdgen: Completed
Time (s): cpu = 00:00:01 ; elapsed = 00:00:02 . Memory (MB): peak = 651.633 ; gain = 0.000 ; free physical = 241151 ; free virtual = 256351
INFO: [XOCC 60-1443] [04:19:56] Run xocc_link: Step xclbinutil: Started
INFO: [XOCC 60-1453] Command Line: xclbinutil --add-section BITSTREAM:RAW:/home/oj2zf/Documents/ActsOfAGraph/ztest_portal/_x.hw.xilinx_u280_xdma_201910_1/topkernelproc/link/int/partial.bit --force --key-value SYS:mode:hw_pr --add-section :JSON:/home/oj2zf/Documents/ActsOfAGraph/ztest_portal/_x.hw.xilinx_u280_xdma_201910_1/topkernelproc/link/int/topkernelproc.hw.xilinx_u280_xdma_201910_1.rtd --append-section :JSON:/home/oj2zf/Documents/ActsOfAGraph/ztest_portal/_x.hw.xilinx_u280_xdma_201910_1/topkernelproc/link/int/appendSection.rtd --add-section CLOCK_FREQ_TOPOLOGY:JSON:/home/oj2zf/Documents/ActsOfAGraph/ztest_portal/_x.hw.xilinx_u280_xdma_201910_1/topkernelproc/link/int/topkernelproc.hw.xilinx_u280_xdma_201910_1_xml.rtd --add-section BUILD_METADATA:JSON:/home/oj2zf/Documents/ActsOfAGraph/ztest_portal/_x.hw.xilinx_u280_xdma_201910_1/topkernelproc/link/int/topkernelproc.hw.xilinx_u280_xdma_201910_1_build.rtd --add-section EMBEDDED_METADATA:RAW:/home/oj2zf/Documents/ActsOfAGraph/ztest_portal/_x.hw.xilinx_u280_xdma_201910_1/topkernelproc/link/int/topkernelproc.hw.xilinx_u280_xdma_201910_1.xml --output /home/oj2zf/Documents/ActsOfAGraph/ztest_portal/_x.hw.xilinx_u280_xdma_201910_1/topkernelproc/link/int/topkernelproc.hw.xilinx_u280_xdma_201910_1.xclbin
INFO: [XOCC 60-1454] Run Directory: /home/oj2zf/Documents/ActsOfAGraph/ztest_portal/_x.hw.xilinx_u280_xdma_201910_1/topkernelproc/link/xocc_link
XRT Build Version: 2.2.2249
       Build Date: 2019-08-15 22:22:52
          Hash ID: da87ac894a037d7e11c0496361458efed4bab438
Creating a default 'in-memory' xclbin image.

Section: 'BITSTREAM'(0) was successfully added.
Size   : 48422293 bytes
Format : RAW
File   : '/home/oj2zf/Documents/ActsOfAGraph/ztest_portal/_x.hw.xilinx_u280_xdma_201910_1/topkernelproc/link/int/partial.bit'

Section: 'MEM_TOPOLOGY'(6) was successfully added.
Format : JSON
File   : 'mem_topology'

Section: 'IP_LAYOUT'(8) was successfully added.
Format : JSON
File   : 'ip_layout'

Section: 'CONNECTIVITY'(7) was successfully added.
Format : JSON
File   : 'connectivity'

Section: 'CLOCK_FREQ_TOPOLOGY'(11) was successfully added.
Size   : 410 bytes
Format : JSON
File   : '/home/oj2zf/Documents/ActsOfAGraph/ztest_portal/_x.hw.xilinx_u280_xdma_201910_1/topkernelproc/link/int/topkernelproc.hw.xilinx_u280_xdma_201910_1_xml.rtd'

Section: 'BUILD_METADATA'(14) was successfully added.
Size   : 2545 bytes
Format : JSON
File   : '/home/oj2zf/Documents/ActsOfAGraph/ztest_portal/_x.hw.xilinx_u280_xdma_201910_1/topkernelproc/link/int/topkernelproc.hw.xilinx_u280_xdma_201910_1_build.rtd'

Section: 'EMBEDDED_METADATA'(2) was successfully added.
Size   : 76601 bytes
Format : RAW
File   : '/home/oj2zf/Documents/ActsOfAGraph/ztest_portal/_x.hw.xilinx_u280_xdma_201910_1/topkernelproc/link/int/topkernelproc.hw.xilinx_u280_xdma_201910_1.xml'

Section: 'IP_LAYOUT'(8) was successfully appended to.
Format : JSON
File   : 'ip_layout'
Successfully wrote (48520211 bytes) to the output file: /home/oj2zf/Documents/ActsOfAGraph/ztest_portal/_x.hw.xilinx_u280_xdma_201910_1/topkernelproc/link/int/topkernelproc.hw.xilinx_u280_xdma_201910_1.xclbin
Leaving xclbinutil.
INFO: [XOCC 60-1441] [04:19:56] Run xocc_link: Step xclbinutil: Completed
Time (s): cpu = 00:00:00.10 ; elapsed = 00:00:00.23 . Memory (MB): peak = 651.633 ; gain = 0.000 ; free physical = 241102 ; free virtual = 256349
INFO: [XOCC 60-1443] [04:19:56] Run xocc_link: Step xclbinutilinfo: Started
INFO: [XOCC 60-1453] Command Line: xclbinutil --quiet --info /home/oj2zf/Documents/ActsOfAGraph/ztest_portal/_x.hw.xilinx_u280_xdma_201910_1/topkernelproc/link/int/topkernelproc.hw.xilinx_u280_xdma_201910_1.xclbin.info --input /home/oj2zf/Documents/ActsOfAGraph/ztest_portal/_x.hw.xilinx_u280_xdma_201910_1/topkernelproc/link/int/topkernelproc.hw.xilinx_u280_xdma_201910_1.xclbin
INFO: [XOCC 60-1454] Run Directory: /home/oj2zf/Documents/ActsOfAGraph/ztest_portal/_x.hw.xilinx_u280_xdma_201910_1/topkernelproc/link/xocc_link
INFO: [XOCC 60-1441] [04:19:57] Run xocc_link: Step xclbinutilinfo: Completed
Time (s): cpu = 00:00:00.48 ; elapsed = 00:00:00.56 . Memory (MB): peak = 651.633 ; gain = 0.000 ; free physical = 241102 ; free virtual = 256349
INFO: [XOCC 60-244] Generating system estimate report...
INFO: [XOCC 60-1092] Generated system estimate report: /home/oj2zf/Documents/ActsOfAGraph/ztest_portal/_x.hw.xilinx_u280_xdma_201910_1/topkernelproc/reports/link/system_estimate_topkernelproc.hw.xilinx_u280_xdma_201910_1.xtxt
INFO: [XOCC 60-586] Created /home/oj2zf/Documents/ActsOfAGraph/ztest_portal/xclbin/topkernelproc.hw.xilinx_u280_xdma_201910_1.ltx
INFO: [XOCC 60-586] Created xclbin/topkernelproc.hw.xilinx_u280_xdma_201910_1.xclbin
INFO: [XOCC 60-1307] Run completed. Additional information can be found in:
	Guidance: /home/oj2zf/Documents/ActsOfAGraph/ztest_portal/_x.hw.xilinx_u280_xdma_201910_1/topkernelproc/reports/link/xocc_link_topkernelproc.hw.xilinx_u280_xdma_201910_1_guidance.html
	Timing Report: /home/oj2zf/Documents/ActsOfAGraph/ztest_portal/_x.hw.xilinx_u280_xdma_201910_1/topkernelproc/reports/link/imp/xilinx_u280_xdma_201910_1_bb_locked_timing_summary_routed.rpt
	Utilizations Report: /home/oj2zf/Documents/ActsOfAGraph/ztest_portal/_x.hw.xilinx_u280_xdma_201910_1/topkernelproc/reports/link/imp/kernel_util_routed.rpt
	Vivado Log: /home/oj2zf/Documents/ActsOfAGraph/ztest_portal/_x.hw.xilinx_u280_xdma_201910_1/topkernelproc/logs/link/vivado.log
	Steps Log File: /home/oj2zf/Documents/ActsOfAGraph/ztest_portal/_x.hw.xilinx_u280_xdma_201910_1/topkernelproc/logs/link/link.steps.log

INFO: [XOCC 60-791] Total elapsed time: 1h 44m 11s
emconfigutil --platform /opt/xilinx/platforms/xilinx_u280_xdma_201910_1/xilinx_u280_xdma_201910_1.xpfm --od ./xclbin/xilinx_u280_xdma_201910_1

****** configutil v2019.1.3 (64-bit)
  **** SW Build 2644227 on Wed Sep  4 09:44:18 MDT 2019
    ** Copyright 1986-2019 Xilinx, Inc. All Rights Reserved.

INFO: [ConfigUtil 60-895]   Target platform: /opt/xilinx/platforms/xilinx_u280_xdma_201910_1/xilinx_u280_xdma_201910_1.xpfm
emulation configuration file `emconfig.json` is created in ./xclbin/xilinx_u280_xdma_201910_1 directory 
