*** ACTS synthesis started! ***
clean successful
rm -rf acts sr acts_nthreads sr_nthreads
rm -rf *.xo xocc_kernel* _x* pfm_top_* *.xo *.exe host xocc* *.info *.ltx
rm -rf profile_* TempConfig system_estimate.xtxt *.rpt *.csv 
rm -rf src/*.ll _xocc_* .Xil emconfig.json dltmp* xmltmp* *.log *.jou *.wcfg *.wdb
mkdir -p obj
g++ -o ./sr_nthreads src/hostprocess.cpp    debugger/host_debugger.cpp src/actgraph_pr_sw.cpp src/actgraph_bfs_sw.cpp src/actgraph_bc_sw.cpp src/grafboost_pr_sw.cpp src/grafboost_bfs_sw.cpp src/grafboost_bc_sw.cpp src/edge_process.cpp src/srkernelprocess.cpp graphs/create2Dgraph.cpp graphs/createsmartgraph.cpp graphs/graph.cpp graphs/generateactivevertices.cpp heuristics/heuristics.cpp algorithm/algorithm.cpp utility/utility.cpp src/kernelprocess.cpp debugger/kernel_debugger.cpp sortreduce-master/examples/graph/src//FileReaderAio.cpp sortreduce-master/examples/graph/src//EdgeProcess.cpp sortreduce-master/examples/graph/src//VertexValues.cpp sortreduce-master/examples/graph/src//BCMergeFlip.cpp -DKVTYPES1='uint64_t,uint32_t'  -DKVTYPES2='uint32_t,uint32_t' -Isortreduce-master/include/ -Isortreduce-master/examples/graph/src/ -Lsortreduce-master/obj/ -std=c++11 -lsortreduce -pthread -laio -march=native -lrt -g
./sr_nthreads
Hostprocess:: Graph Analytics Started...
graph::graph:: datasetid: 5, _numvertexbanks: 1, _numedgebanks: 1
graph::loadalldatasets:: 
host:: GRAPH: /oj2zf/datasets/kronecker28/kronecker28.graph
host:: NUM VERTICES: 268435456
host:: NUM EDGES: 4294967290
host:: NUMDRAMBANKS: 4
host:: NUMWORKERS: 1
host:: NUMSUBWORKERS: 1
host:: NUM_PARTITIONS: 32
host:: NUMCPUTHREADS: 4
host:: DATAWIDTH: 512
host:: VECTOR_SIZE: 8
host:: KVDATA_BATCHSIZE: 16777216
host:: KVDATA_BATCHSIZE_KVS: 2097152
host:: PADDEDKVDATA_BATCHSIZE: 20971520
host:: PADDEDKVDATA_BATCHSIZE_KVS: 2621440
host:: _x2PADDEDKVDATA_SIZE: 41943040
host:: _x2PADDEDKVDATA_SIZE_KVS: 5242880
host:: _x3PADDEDKVDATA_SIZE: 109051904
host:: _x3PADDEDKVDATA_SIZE_KVS: 13631488
host:: DRAMSZ: 109051904
host:: DRAMSZ_KVS: 13631488
host:: KVDATA_RANGE: 268435456
host:: KVDATA_RANGE_POW: 28
host:: KVBUFFERSZ: 8192
host:: KVBUFFERSZ_KVS: 1024
host:: KVSRCBUFFERSZ: 8704
host:: KVSRCBUFFERSZ_KVS: 1088
host:: KVSRCBUFFERSZ_APPLY: 8704
host:: KVSRCBUFFERSZ_APPLY_KVS: 1088
host:: KVDESTBUFFERSZ: 8704
host:: KVDESTBUFFERSZ_KVS: 1088
host:: OFFSETSCODE: 0
host:: SIZESCODE: 1
host:: SIZEOFKV: 4
host:: SIZEOFVERTEXID: 32
host:: TREE_DEPTH: 3
host:: KVSTATS_SIZE: 32768
host:: APPLYVERTEXBUFFERSZ_FORSSDPARTITION0: 2048
host:: APPLYVERTEXBUFFERSZ_FORSSDPARTITION1: 2048
host:: APPLYVERTEXBUFFERSZ_FORSSDPARTITION2: 2048
host:: APPLYVERTEXBUFFERSZ_FORSSDPARTITION3: 2048
host:: APPLYVERTEXBUFFERSZ_FORSSDPARTITION0_KVS: 256
host:: APPLYVERTEXBUFFERSZ_FORSSDPARTITION1_KVS: 256
host:: APPLYVERTEXBUFFERSZ_FORSSDPARTITION2_KVS: 256
host:: APPLYVERTEXBUFFERSZ_FORSSDPARTITION3_KVS: 256
host:: APPLYVERTEXBUFFERSZ: 2048
host:: APPLYVERTEXBUFFERSZ_KVS: 256
host:: VERTICESDATA_BATCHSIZE: 67108864
host:: VERTICESDATA_BUFFERSZ: 65536
host:: KVSPARTITIONBUFFERSZ: 268435456
host:: NUMSSDPARTITIONS: 4
host:: KVDATA_RANGE_FORSSDPARTITION0_POW: 26
host:: KVDATA_RANGE_FORSSDPARTITION1_POW: 26
host:: KVDATA_RANGE_FORSSDPARTITION2_POW: 26
host:: KVDATA_RANGE_FORSSDPARTITION3_POW: 26
host:: KVDATA_RANGE_FORSSDPARTITION0: 67108864
host:: KVDATA_RANGE_FORSSDPARTITION1: 67108864
host:: KVDATA_RANGE_FORSSDPARTITION2: 67108864
host:: KVDATA_RANGE_FORSSDPARTITION3: 67108864
host:: KVDATA_RANGEOFFSET_FORSSDPARTITION0: 0
host:: KVDATA_RANGEOFFSET_FORSSDPARTITION1: 67108864
host:: KVDATA_RANGEOFFSET_FORSSDPARTITION2: 134217728
host:: KVDATA_RANGEOFFSET_FORSSDPARTITION3: 201326592
host:: TREEDEPTH_FORSSDPARTITION0: 3
host:: TREEDEPTH_FORSSDPARTITION1: 3
host:: TREEDEPTH_FORSSDPARTITION2: 3
host:: TREEDEPTH_FORSSDPARTITION3: 3
host:: VERTICESDATASZ_FORDRAMX: 67108864
host:: MAXTREEDEPTH: 3
host:: MESSAGES_SIZE: 1024
host:: NUMSSDPARTITIONS: 4
host:: MAXNUMSSDPARTITIONS: 4
host:: NM: 666
host:: DESTTMPKVBUFFERSZ: 666
host:: DESTTMPKVBUFFERSZ_KVS: 666
host:: TOTALDESTTMPKVBUFFERSZ: 8704
host:: TOTALDESTTMPKVBUFFERSZ_KVS: 1088
host:: NUMWORKERS_APPLYPH: 1
host:: NUMSUBWORKERS_APPLYPH: 1
host:: LOCKE NOT DEFINED
host:: STREAMEDGESSETUP DEFINED
host:: sizeof(keyvalue_t): 8 bytes (64 bits)
host:: sizeof(vertex_t): 4 bytes (32 bits)
host:: sizeof(edge_t): 4 bytes (32 bits)

printallparameters:: PR_ALGORITHM
graph::openfilesforreading : opening files for reading
INFO: Successfully opened /oj2zf/datasets/kronecker28/kronecker28_1by1/kronecker28_0_0.edgeoffsets
INFO: Successfully opened /oj2zf/datasets/kronecker28/kronecker28_1by1/kronecker28_0_0.edges
graph::opentemporaryfilesforwriting : opening temporary files for writing...
INFO: Successfully opened /oj2zf/datasets/kronecker28/kronecker28_1by1/kronecker28_0.vdata
INFO: Successfully opened /oj2zf/datasets/kronecker28/kronecker28_1by1/kronecker28_0.vproperties
graph::opentemporaryfilesforreading : opening temporary files for reading
INFO: Successfully opened /oj2zf/datasets/kronecker28/kronecker28_1by1/kronecker28_0.vdata
INFO: Successfully opened /oj2zf/datasets/kronecker28/kronecker28_1by1/kronecker28_0.vproperties
SortReduce Starting...
Remember to set per-thread open file limit to be larger at /etc/security/limits.conf
		++ sortreduce-master/src/sortreduce.cpp -> SortReduce<K,V>::ManagerThread() 
		++ sortreduce-master/src/sortreduce.cpp -> SortReduce<K,V>::ManagerThread(): m_config->max_storage_allocatd_bytes: 0 
		++ sortreduce-master/src/sortreduce.cpp -> SortReduce<K,V>::ManagerThread(): m_config->temporary_directory: ( 
sortreduce-master/src/sortreduce.cpp -> SortReduce<K,V>::ManagerThread():: statvfs_ret: 0 
sortreduce-master/src/sortreduce.cpp -> SortReduce<K,V>::ManagerThread():: m_config->max_storage_allocatd_bytes: 0 
sortreduce-master/src/sortreduce.cpp -> SortReduce<K,V>::ManagerThread():: fs_stat.f_bavail: 230591790 
sortreduce-master/src/sortreduce.cpp -> SortReduce<K,V>::ManagerThread():: fs_stat.f_bsize: 4096 
sortreduce-master/src/sortreduce.cpp -> SortReduce<K,V>::ManagerThread():: fs_avail_bytes: 850053574656 
Created vertex values file at /oj2zf/tmpdata_grafboost/vertex_data.dat -- 268435456
VertexValues default init done : 9110 ms
edge_process::edge_process:: constructor called. 
edge_process::edge_process:: constructor called. 
edge_process::edge_process:: constructor called. 
edge_process::edge_process:: constructor called. 
grafboost_pr_sw::run: graph iteration 0 of pagerank Started
>>> grafboost_pr_sw::start: launching threads...
PP&A:: [threadidx:0][size:4][step:1], [iteration_idx:0][size:16][step:1]
PP&A:: [threadidx:1][size:4][step:1], [iteration_idx:0][size:16][step:1]
PP&A:: [threadidx:2][size:4][step:1], [iteration_idx:0][size:16][step:1]
PP&A:: [threadidx:3][size:4][step:1], [iteration_idx:0][size:16][step:1]
srtopkernel: number of key-value pairs uploaded for sorting: 67108864
PP&A:: [threadidx:1][size:4][step:1], [iteration_idx:1][size:16][step:1]
srtopkernel: number of key-value pairs uploaded for sorting: 67108864
PP&A:: [threadidx:2][size:4][step:1], [iteration_idx:1][size:16][step:1]
Pushed sort-reduced file ( size 257537736 ) -> 1
reducer_from_mem_max_count 2 << 1
srtopkernel: number of key-value pairs uploaded for sorting: 67108864
PP&A:: [threadidx:0][size:4][step:1], [iteration_idx:1][size:16][step:1]
Pushed sort-reduced file ( size 712542240 ) -> 2
srtopkernel: number of key-value pairs uploaded for sorting: 67108864
PP&A:: [threadidx:3][size:4][step:1], [iteration_idx:1][size:16][step:1]
reducer_from_mem_max_count 1
Pushed sort-reduced file ( size 712542240 ) -> 3
srtopkernel: number of key-value pairs uploaded for sorting: 67108864
PP&A:: [threadidx:1][size:4][step:1], [iteration_idx:2][size:16][step:1]
Pushed sort-reduced file ( size 257541720 ) -> 4
reducer_from_mem_max_count 2 << 1
srtopkernel: number of key-value pairs uploaded for sorting: 67108864
PP&A:: [threadidx:2][size:4][step:1], [iteration_idx:2][size:16][step:1]
Pushed sort-reduced file ( size 529817868 ) -> 5
reducer_from_mem_max_count 1
reducer_from_mem_max_count 2 << 1
Pushed sort-reduced file ( size 458783628 ) -> 6
srtopkernel: number of key-value pairs uploaded for sorting: 67108864
PP&A:: [threadidx:0][size:4][step:1], [iteration_idx:2][size:16][step:1]
reducer_from_mem_max_count 1
reducer_from_mem_max_count 2 << 1
Pushed sort-reduced file ( size 712493520 ) -> 7
srtopkernel: number of key-value pairs uploaded for sorting: 67108864
PP&A:: [threadidx:3][size:4][step:1], [iteration_idx:2][size:16][step:1]
reducer_from_mem_max_count 1
Pushed sort-reduced file ( size 529745988 ) -> 8
srtopkernel: number of key-value pairs uploaded for sorting: 67108864
PP&A:: [threadidx:1][size:4][step:1], [iteration_idx:3][size:16][step:1]
Pushed sort-reduced file ( size 458762412 ) -> 9
reducer_from_mem_max_count 2 << 1
srtopkernel: number of key-value pairs uploaded for sorting: 67108864
PP&A:: [threadidx:2][size:4][step:1], [iteration_idx:3][size:16][step:1]
Pushed sort-reduced file ( size 712559508 ) -> 10
srtopkernel: number of key-value pairs uploaded for sorting: 67108864
PP&A:: [threadidx:0][size:4][step:1], [iteration_idx:3][size:16][step:1]
reducer_from_mem_max_count 1
Pushed sort-reduced file ( size 913157628 ) -> 11
srtopkernel: number of key-value pairs uploaded for sorting: 67108864
PP&A:: [threadidx:3][size:4][step:1], [iteration_idx:3][size:16][step:1]
reducer_from_mem_max_count 2 << 1
Pushed sort-reduced file ( size 712559508 ) -> 12
srtopkernel: number of key-value pairs uploaded for sorting: 67108864
PP&A:: [threadidx:1][size:4][step:1], [iteration_idx:4][size:16][step:1]
reducer_from_mem_max_count 1
Pushed sort-reduced file ( size 913164516 ) -> 13
srtopkernel: number of key-value pairs uploaded for sorting: 67108864
PP&A:: [threadidx:2][size:4][step:1], [iteration_idx:4][size:16][step:1]
Pushed sort-reduced file ( size 257558004 ) -> 14
srtopkernel: number of key-value pairs uploaded for sorting: 67108864
PP&A:: [threadidx:0][size:4][step:1], [iteration_idx:4][size:16][step:1]
reducer_from_mem_max_count 2 << 1
Pushed sort-reduced file ( size 712539540 ) -> 15
srtopkernel: number of key-value pairs uploaded for sorting: 67108864
PP&A:: [threadidx:3][size:4][step:1], [iteration_idx:4][size:16][step:1]
reducer_from_mem_max_count 1
Pushed sort-reduced file ( size 257569032 ) -> 16
reducer_from_mem_max_count 2 << 1
srtopkernel: number of key-value pairs uploaded for sorting: 67108864
PP&A:: [threadidx:1][size:4][step:1], [iteration_idx:5][size:16][step:1]
Pushed sort-reduced file ( size 712539540 ) -> 17
srtopkernel: number of key-value pairs uploaded for sorting: 67108864
PP&A:: [threadidx:2][size:4][step:1], [iteration_idx:5][size:16][step:1]
reducer_from_mem_max_count 1
Pushed sort-reduced file ( size 265233456 ) -> 18
reducer_from_mem_max_count 2 << 1
Pushed sort-reduced file ( size 913102572 ) -> 19
srtopkernel: number of key-value pairs uploaded for sorting: 67108864
PP&A:: [threadidx:0][size:4][step:1], [iteration_idx:5][size:16][step:1]
srtopkernel: number of key-value pairs uploaded for sorting: 67108864
PP&A:: [threadidx:3][size:4][step:1], [iteration_idx:5][size:16][step:1]
reducer_from_mem_max_count 1
reducer_from_mem_max_count 2 << 1
Pushed sort-reduced file ( size 257545596 ) -> 20
reducer_from_mem_max_count 1
reducer_from_mem_max_count 2 << 1
Pushed sort-reduced file ( size 712496892 ) -> 21
srtopkernel: number of key-value pairs uploaded for sorting: 67108864
PP&A:: [threadidx:1][size:4][step:1], [iteration_idx:6][size:16][step:1]
reducer_from_mem_max_count 1
Pushed sort-reduced file ( size 257565048 ) -> 22
srtopkernel: number of key-value pairs uploaded for sorting: 67108864
PP&A:: [threadidx:2][size:4][step:1], [iteration_idx:6][size:16][step:1]
reducer_from_mem_max_count 2 << 1
Pushed sort-reduced file ( size 712501860 ) -> 23
srtopkernel: number of key-value pairs uploaded for sorting: 67108864
PP&A:: [threadidx:0][size:4][step:1], [iteration_idx:6][size:16][step:1]
reducer_from_mem_max_count 1
reducer_from_mem_max_count 2 << 1
Pushed sort-reduced file ( size 257531376 ) -> 24
reducer_from_mem_max_count 1
reducer_from_mem_max_count 2 << 1
Pushed sort-reduced file ( size 712516092 ) -> 25
srtopkernel: number of key-value pairs uploaded for sorting: 67108864
PP&A:: [threadidx:3][size:4][step:1], [iteration_idx:6][size:16][step:1]
Pushed sort-reduced file ( size 712515468 ) -> 26
srtopkernel: number of key-value pairs uploaded for sorting: 67108864
PP&A:: [threadidx:1][size:4][step:1], [iteration_idx:7][size:16][step:1]
reducer_from_mem_max_count 1
Pushed sort-reduced file ( size 257565132 ) -> 27
srtopkernel: number of key-value pairs uploaded for sorting: 67108864
PP&A:: [threadidx:2][size:4][step:1], [iteration_idx:7][size:16][step:1]
Pushed sort-reduced file ( size 257552616 ) -> 28
reducer_from_mem_max_count 2 << 1
Pushed sort-reduced file ( size 852191892 ) -> 29
srtopkernel: number of key-value pairs uploaded for sorting: 67108864
PP&A:: [threadidx:0][size:4][step:1], [iteration_idx:7][size:16][step:1]
reducer_from_mem_max_count 1
Pushed sort-reduced file ( size 257567688 ) -> 30
Pushed sort-reduced file ( size 712518360 ) -> 31
srtopkernel: number of key-value pairs uploaded for sorting: 67108864
PP&A:: [threadidx:3][size:4][step:1], [iteration_idx:7][size:16][step:1]
srtopkernel: number of key-value pairs uploaded for sorting: 67108864
PP&A:: [threadidx:1][size:4][step:1], [iteration_idx:8][size:16][step:1]
reducer_from_mem_max_count 2 << 1
Pushed sort-reduced file ( size 712518360 ) -> 32
srtopkernel: number of key-value pairs uploaded for sorting: 67108864
PP&A:: [threadidx:2][size:4][step:1], [iteration_idx:8][size:16][step:1]
reducer_from_mem_max_count 1
Pushed sort-reduced file ( size 257564328 ) -> 33
reducer_from_mem_max_count 2 << 1
Pushed sort-reduced file ( size 913110120 ) -> 34
srtopkernel: number of key-value pairs uploaded for sorting: 67108864
PP&A:: [threadidx:0][size:4][step:1], [iteration_idx:8][size:16][step:1]
reducer_from_mem_max_count 1
Pushed sort-reduced file ( size 257549340 ) -> 35
srtopkernel: number of key-value pairs uploaded for sorting: 67108864
PP&A:: [threadidx:3][size:4][step:1], [iteration_idx:8][size:16][step:1]
reducer_from_mem_max_count 2 << 1
Pushed sort-reduced file ( size 712530648 ) -> 36
srtopkernel: number of key-value pairs uploaded for sorting: 67108864
PP&A:: [threadidx:1][size:4][step:1], [iteration_idx:9][size:16][step:1]
reducer_from_mem_max_count 1
reducer_from_mem_max_count 2 << 1
Pushed sort-reduced file ( size 257554356 ) -> 37
Pushed sort-reduced file ( size 882869712 ) -> 38
srtopkernel: number of key-value pairs uploaded for sorting: 67108864
PP&A:: [threadidx:2][size:4][step:1], [iteration_idx:9][size:16][step:1]
srtopkernel: number of key-value pairs uploaded for sorting: 67108864
PP&A:: [threadidx:0][size:4][step:1], [iteration_idx:9][size:16][step:1]
reducer_from_mem_max_count 1
Pushed sort-reduced file ( size 257577420 ) -> 39
reducer_from_mem_max_count 2 << 1
Pushed sort-reduced file ( size 712552704 ) -> 40
srtopkernel: number of key-value pairs uploaded for sorting: 67108864
PP&A:: [threadidx:3][size:4][step:1], [iteration_idx:9][size:16][step:1]
reducer_from_mem_max_count 1
reducer_from_mem_max_count 2 << 1
Pushed sort-reduced file ( size 257558076 ) -> 41
reducer_from_mem_max_count 1
reducer_from_mem_max_count 2 << 1
Pushed sort-reduced file ( size 712552704 ) -> 42
srtopkernel: number of key-value pairs uploaded for sorting: 67108864
PP&A:: [threadidx:1][size:4][step:1], [iteration_idx:10][size:16][step:1]
srtopkernel: number of key-value pairs uploaded for sorting: 67108864
PP&A:: [threadidx:2][size:4][step:1], [iteration_idx:10][size:16][step:1]
reducer_from_mem_max_count 1
Pushed sort-reduced file ( size 257543664 ) -> 43
reducer_from_mem_max_count 2 << 1
Pushed sort-reduced file ( size 712563468 ) -> 44
srtopkernel: number of key-value pairs uploaded for sorting: 67108864
PP&A:: [threadidx:0][size:4][step:1], [iteration_idx:10][size:16][step:1]
reducer_from_mem_max_count 1
Pushed sort-reduced file ( size 257565924 ) -> 45
reducer_from_mem_max_count 2 << 1
srtopkernel: number of key-value pairs uploaded for sorting: 67108864
PP&A:: [threadidx:3][size:4][step:1], [iteration_idx:10][size:16][step:1]
Pushed sort-reduced file ( size 712509648 ) -> 46
srtopkernel: number of key-value pairs uploaded for sorting: 67108864
PP&A:: [threadidx:1][size:4][step:1], [iteration_idx:11][size:16][step:1]
reducer_from_mem_max_count 1
Pushed sort-reduced file ( size 257570904 ) -> 47
reducer_from_mem_max_count 2 << 1
Pushed sort-reduced file ( size 712509648 ) -> 48
srtopkernel: number of key-value pairs uploaded for sorting: 67108864
PP&A:: [threadidx:2][size:4][step:1], [iteration_idx:11][size:16][step:1]
reducer_from_mem_max_count 1
reducer_from_mem_max_count 2 << 1
srtopkernel: number of key-value pairs uploaded for sorting: 67108864
PP&A:: [threadidx:0][size:4][step:1], [iteration_idx:11][size:16][step:1]
Pushed sort-reduced file ( size 257560860 ) -> 49
reducer_from_mem_max_count 1
reducer_from_mem_max_count 2 << 1
Pushed sort-reduced file ( size 712463556 ) -> 50
Pushed sort-reduced file ( size 712464144 ) -> 51
srtopkernel: number of key-value pairs uploaded for sorting: 67108864
PP&A:: [threadidx:3][size:4][step:1], [iteration_idx:11][size:16][step:1]
srtopkernel: number of key-value pairs uploaded for sorting: 67108864
PP&A:: [threadidx:1][size:4][step:1], [iteration_idx:12][size:16][step:1]
reducer_from_mem_max_count 1
Pushed sort-reduced file ( size 257563200 ) -> 52
srtopkernel: number of key-value pairs uploaded for sorting: 67108864
PP&A:: [threadidx:2][size:4][step:1], [iteration_idx:12][size:16][step:1]
Pushed sort-reduced file ( size 257554536 ) -> 53
reducer_from_mem_max_count 2 << 1
Pushed sort-reduced file ( size 895055712 ) -> 54
srtopkernel: number of key-value pairs uploaded for sorting: 67108864
PP&A:: [threadidx:0][size:4][step:1], [iteration_idx:12][size:16][step:1]
reducer_from_mem_max_count 1
Pushed sort-reduced file ( size 257567256 ) -> 55
reducer_from_mem_max_count 2 << 1
Pushed sort-reduced file ( size 712558464 ) -> 56
srtopkernel: number of key-value pairs uploaded for sorting: 67108864
PP&A:: [threadidx:3][size:4][step:1], [iteration_idx:12][size:16][step:1]
srtopkernel: number of key-value pairs uploaded for sorting: 67108864
PP&A:: [threadidx:1][size:4][step:1], [iteration_idx:13][size:16][step:1]
reducer_from_mem_max_count 1
reducer_from_mem_max_count 2 << 1
Pushed sort-reduced file ( size 712558464 ) -> 57
srtopkernel: number of key-value pairs uploaded for sorting: 67108864
PP&A:: [threadidx:2][size:4][step:1], [iteration_idx:13][size:16][step:1]
reducer_from_mem_max_count 1
reducer_from_mem_max_count 2 << 1
Pushed sort-reduced file ( size 257564052 ) -> 58
reducer_from_mem_max_count 1
reducer_from_mem_max_count 2 << 1
Pushed sort-reduced file ( size 751441848 ) -> 59
srtopkernel: number of key-value pairs uploaded for sorting: 67108864
PP&A:: [threadidx:0][size:4][step:1], [iteration_idx:13][size:16][step:1]
srtopkernel: number of key-value pairs uploaded for sorting: 67108864
PP&A:: [threadidx:3][size:4][step:1], [iteration_idx:13][size:16][step:1]
reducer_from_mem_max_count 1
Pushed sort-reduced file ( size 257571264 ) -> 60
reducer_from_mem_max_count 2 << 1
Pushed sort-reduced file ( size 712540176 ) -> 61
srtopkernel: number of key-value pairs uploaded for sorting: 67108864
PP&A:: [threadidx:1][size:4][step:1], [iteration_idx:14][size:16][step:1]
reducer_from_mem_max_count 1
Pushed sort-reduced file ( size 257551056 ) -> 62
reducer_from_mem_max_count 2 << 1
Pushed sort-reduced file ( size 876774780 ) -> 63
srtopkernel: number of key-value pairs uploaded for sorting: 67108864
PP&A:: [threadidx:2][size:4][step:1], [iteration_idx:14][size:16][step:1]
srtopkernel: number of key-value pairs uploaded for sorting: 67108864
PP&A:: [threadidx:0][size:4][step:1], [iteration_idx:14][size:16][step:1]
reducer_from_mem_max_count 1
reducer_from_mem_max_count 2 << 1
Pushed sort-reduced file ( size 257580864 ) -> 64
reducer_from_mem_max_count 1
reducer_from_mem_max_count 2 << 1
Pushed sort-reduced file ( size 712551372 ) -> 65
srtopkernel: number of key-value pairs uploaded for sorting: 67108864
PP&A:: [threadidx:3][size:4][step:1], [iteration_idx:14][size:16][step:1]
reducer_from_mem_max_count 1
Pushed sort-reduced file ( size 257550480 ) -> 66
srtopkernel: number of key-value pairs uploaded for sorting: 67108864
PP&A:: [threadidx:1][size:4][step:1], [iteration_idx:15][size:16][step:1]
reducer_from_mem_max_count 2 << 1
Pushed sort-reduced file ( size 712550784 ) -> 67
srtopkernel: number of key-value pairs uploaded for sorting: 67108864
PP&A:: [threadidx:2][size:4][step:1], [iteration_idx:15][size:16][step:1]
reducer_from_mem_max_count 1
Pushed sort-reduced file ( size 257531772 ) -> 68
reducer_from_mem_max_count 2 << 1
Pushed sort-reduced file ( size 913125120 ) -> 69
srtopkernel: number of key-value pairs uploaded for sorting: 67108864
PP&A:: [threadidx:0][size:4][step:1], [iteration_idx:15][size:16][step:1]
reducer_from_mem_max_count 1
reducer_from_mem_max_count 2 << 1
Pushed sort-reduced file ( size 257551860 ) -> 70
srtopkernel: number of key-value pairs uploaded for sorting: 67108864
PP&A:: [threadidx:3][size:4][step:1], [iteration_idx:15][size:16][step:1]
reducer_from_mem_max_count 1
reducer_from_mem_max_count 2 << 1
Pushed sort-reduced file ( size 712528236 ) -> 71
srtopkernel: number of key-value pairs uploaded for sorting: 67108863
reducer_from_mem_max_count 1
Pushed sort-reduced file ( size 257543004 ) -> 72
Pushed sort-reduced file ( size 712527588 ) -> 73
srtopkernel: number of key-value pairs uploaded for sorting: 67108863
reducer_from_mem_max_count 2 << 1
Pushed sort-reduced file ( size 712536888 ) -> 74
srtopkernel: number of key-value pairs uploaded for sorting: 67108863
srtopkernel: number of key-value pairs uploaded for sorting: 67108863
>>> grafboost_pr_sw:: Finished: all threads joined...
grafboost_pr_sw::finish destroying memory structures... 
>>> grafboost_pr_sw::summary Total number of kvReads for thread [0]: 1073741823
>>> grafboost_pr_sw::summary Total number of kvReads for thread [1]: 1073741823
>>> grafboost_pr_sw::summary Total number of kvReads for thread [2]: 1073741823
>>> grafboost_pr_sw::summary Total number of kvReads for thread [3]: 1073741823
>>> grafboost_pr_sw::summary Total number of kvReads for all threads: 4294967292
yes no:2-22 no:0-74
yes no:2-51 no:0-74
Pushed sort-reduced file ( size 712536888 ) -> 75
yes no:2-14 no:0-75
Pushed sort-reduced file ( size 257544408 ) -> 76
yes no:1-14 no:0-76
yes no:1-14 no:0-76
yes no:1-14 no:0-76
Pushed sort-reduced file ( size 444361416 ) -> 77
yes no:1-0 no:0-77
Pushed sort-reduced file ( size 107267460 ) -> 78
Im-memory sort done!
Want to start storage-storage merge with 78 inputs out of 78 last
yes yes:0-0 no:0-16
yes yes:0-0 no:1-0
yes yes:0-0 no:1-0
yes yes:0-0 no:1-0
yes yes:0-0 no:1-0
yes yes:0-0 no:1-0
yes yes:0-0 no:1-0
yes yes:0-0 no:1-0
yes yes:0-0 no:1-0
yes yes:0-0 no:1-0
yes yes:0-0 no:1-0
yes yes:0-0 no:1-0
yes yes:0-0 no:1-0
yes yes:0-0 no:1-0
yes yes:0-0 no:1-0
yes yes:0-0 no:1-0
yes yes:0-0 no:1-0
yes yes:0-0 no:1-0
yes yes:0-0 no:1-0
yes yes:0-0 no:1-0
yes yes:0-0 no:1-0
yes yes:0-0 no:1-0
yes yes:0-0 no:1-0
yes yes:0-0 no:1-0
yes yes:0-0 no:1-0
yes yes:0-0 no:1-0
yes yes:0-0 no:1-0
yes yes:0-0 no:1-0
yes yes:0-0 no:1-0
yes yes:0-0 no:1-0
yes yes:0-0 no:1-0
yes yes:0-0 no:1-0
yes yes:0-0 no:1-0
yes yes:0-0 no:1-0
yes yes:0-0 no:1-0
yes yes:0-0 no:1-0
yes yes:0-0 no:1-0
yes yes:0-0 no:1-0
yes yes:0-0 no:1-0
yes yes:0-0 no:1-0
yes yes:0-0 no:1-0
yes yes:0-0 no:1-0
yes yes:0-0 no:1-0
yes yes:0-0 no:1-0
yes yes:0-0 no:1-0
yes yes:0-0 no:1-0
yes yes:0-0 no:1-0
yes yes:0-0 no:1-0
yes yes:0-0 no:1-0
yes yes:0-0 no:1-0
yes yes:0-0 no:1-0
yes yes:0-0 no:1-0
yes yes:0-0 no:1-0
yes yes:0-0 no:1-0
yes yes:0-0 no:1-0
yes yes:0-0 no:1-0
yes yes:0-0 no:1-0
yes yes:0-0 no:1-0
yes yes:0-0 no:1-0
yes yes:0-0 no:1-0
yes yes:0-0 no:1-0
yes yes:0-0 no:1-0
yes yes:0-0 no:1-0
yes yes:0-0 no:1-0
yes yes:0-0 no:1-0
yes yes:0-0 no:1-0
yes yes:0-0 no:1-0
yes yes:0-0 no:1-0
yes yes:0-0 no:1-0
yes yes:0-0 no:1-0
yes yes:0-0 no:1-0
yes yes:0-0 no:1-0
yes yes:0-0 no:1-0
yes yes:0-0 no:1-0
yes yes:0-0 no:1-0
yes yes:0-0 no:1-0
yes yes:0-0 no:1-0
yes yes:0-0 no:1-0
yes yes:0-0 no:1-0
yes yes:0-0 no:1-0
yes yes:0-0 no:1-0
yes yes:0-0 no:1-0
yes yes:0-0 no:1-0
yes yes:0-0 no:1-0
yes yes:0-0 no:1-0
yes yes:0-0 no:1-0
yes yes:0-0 no:1-0
yes yes:0-0 no:1-0
yes yes:0-0 no:1-0
yes yes:0-0 no:1-0
yes yes:0-0 no:1-0
yes yes:0-0 no:1-0
yes yes:0-0 no:1-0
yes yes:0-0 no:1-0
yes yes:0-0 no:1-0
yes yes:0-0 no:1-0
yes yes:0-0 no:1-0
yes yes:0-0 no:1-0
yes yes:0-0 no:1-0
yes yes:0-0 no:1-0
yes yes:0-0 no:1-0
yes yes:0-0 no:1-0
yes yes:0-0 no:1-0
yes yes:0-0 no:1-0
yes yes:0-0 no:1-0
yes yes:0-0 no:1-0
yes yes:0-0 no:1-0
yes yes:0-0 no:1-0
yes yes:0-0 no:1-0
yes yes:0-0 no:1-0
yes yes:0-0 no:1-0
yes yes:0-0 no:1-0
yes yes:0-0 no:1-0
yes yes:0-0 no:1-0
yes yes:0-0 no:1-0
yes yes:0-0 no:1-0
yes yes:0-0 no:1-0
yes yes:0-0 no:1-0
yes yes:0-0 no:1-0
yes yes:0-0 no:1-0
yes yes:0-0 no:1-0
yes yes:0-0 no:1-0
yes yes:0-0 no:1-0
yes yes:0-0 no:1-0
yes yes:0-0 no:1-0
yes yes:0-0 no:1-0
yes yes:0-0 no:1-0
yes yes:0-0 no:1-0
yes yes:0-0 no:1-0
yes yes:0-0 no:1-0
yes yes:0-0 no:1-0
yes yes:0-0 no:1-0
yes yes:0-0 no:1-0
yes yes:0-0 no:1-0
yes yes:0-0 no:1-0
yes yes:0-0 no:1-0
yes yes:0-0 no:1-0
yes yes:0-0 no:1-0
yes yes:0-0 no:1-0
yes yes:0-0 no:1-0
yes yes:0-0 no:1-0
yes yes:0-0 no:1-0
yes yes:0-0 no:1-0
yes yes:0-0 no:1-0
yes yes:0-0 no:1-0
yes yes:0-0 no:1-0
yes yes:0-0 no:1-0
yes yes:0-0 no:1-0
yes yes:0-0 no:1-0
yes yes:0-0 no:1-0
yes yes:0-0 no:1-0
yes yes:0-0 no:1-0
yes yes:0-0 no:1-0
yes yes:0-0 no:1-0
yes yes:0-0 no:1-0
yes yes:0-0 no:1-0
yes yes:0-0 no:1-0
yes yes:0-0 no:1-0
yes yes:0-0 no:1-0
yes yes:0-0 no:1-0
yes yes:0-0 no:1-0
yes yes:0-0 no:1-0
yes yes:0-0 no:1-0
yes yes:0-0 no:1-0
yes yes:0-0 no:1-0
yes yes:0-0 no:1-0
yes yes:0-0 no:1-0
yes yes:0-0 no:1-0
yes yes:0-0 no:1-0
yes yes:0-0 no:1-0
yes yes:0-0 no:1-0
yes yes:0-0 no:1-0
yes yes:0-0 no:1-0
yes yes:0-0 no:1-0
yes yes:0-0 no:1-0
yes yes:0-0 no:1-0
yes yes:0-0 no:1-0
yes yes:0-0 no:1-0
yes yes:0-0 no:1-0
yes yes:0-0 no:1-0
yes yes:0-0 no:1-0
yes yes:0-0 no:1-0
yes yes:0-0 no:1-0
yes yes:0-0 no:1-0
yes yes:0-0 no:1-0
yes yes:0-0 no:1-0
yes yes:0-0 no:1-0
yes yes:0-0 no:1-0
yes yes:0-0 no:1-0
yes yes:0-0 no:1-0
yes yes:0-0 no:1-0
yes yes:0-0 no:1-0
yes yes:0-0 no:1-0
yes yes:0-0 no:1-0
yes yes:0-0 no:1-0
yes yes:0-0 no:1-0
yes yes:0-0 no:1-0
yes yes:0-0 no:1-0
yes yes:0-0 no:1-0
yes yes:0-0 no:1-0
yes yes:0-0 no:1-0
yes yes:0-0 no:1-0
yes yes:0-0 no:1-0
yes yes:0-0 no:1-0
yes yes:0-0 no:1-0
yes yes:0-0 no:1-0
yes yes:0-0 no:1-0
yes yes:0-0 no:1-0
yes yes:0-0 no:1-0
yes yes:0-0 no:1-0
yes yes:0-0 no:1-0
yes yes:0-0 no:1-0
yes yes:0-0 no:1-0
yes yes:0-0 no:1-0
yes yes:0-0 no:1-0
yes yes:0-0 no:1-0
yes yes:0-0 no:1-0
yes yes:0-0 no:1-0
yes yes:0-0 no:1-0
yes yes:0-0 no:1-0
yes yes:0-0 no:1-0
yes yes:0-0 no:1-0
yes yes:0-0 no:1-0
yes yes:0-0 no:1-0
yes yes:0-0 no:1-0
yes yes:0-0 no:1-0
yes yes:0-0 no:1-0
yes yes:0-0 no:1-0
yes yes:0-0 no:1-0
yes yes:0-0 no:1-0
Storage->Storage Pushed sort-reduced file ( size 3162234768 ) -> 0
Loading file output.dat size 3162234768 -- 10
Sort-reduce all done! Processed 6145 blocks
Wrote 40978097208 bytes to storage during inmem phase
Wrote 3162234768 bytes to storage during storage phase
yes yes:0-0 yes:0-1
		++ Iteration 0 done: 263519564
>>> Host::Sort-Reduce & Apply phase:: Active Vertices after iteration 0: 263519564

[1m[37m>>> TIMING SUMMARY: TOTAL KERNEL TIME: 300012 milli seconds[0m
[1m[37m>>> TIMING SUMMARY: TOTAL KERNEL TIME: 300.012 seconds[0m
[1m[37m>>> TIMING SUMMARY: TOTAL POPULATE KVDRAM TIME: 0 milli seconds[0m
[1m[37m>>> TIMING SUMMARY: TOTAL POPULATE KVDRAM TIME: 0 seconds[0m

TEST FINISHED
[1m[37m>>> TIMING SUMMARY: TOTAL TIME ELAPSED [FETCHING ACTIVE VERTICES]: 0 [seconds][0m
[1m[37m>>> TIMING SUMMARY: TOTAL TIME ELAPSED [POPULATE KVDRAM 1]: 0 [seconds][0m
[1m[37m>>> TIMING SUMMARY: TOTAL TIME ELAPSED [POPULATE KVDRAM 2]: 0 [seconds][0m
[1m[37m>>> TIMING SUMMARY: TOTAL TIME ELAPSED [POPULATE KVDRAM]: 0 [seconds][0m
[1m[37m>>> TIMING SUMMARY: TOTAL TIME ELAPSED [SAVE VERTEX UPDATES]: 0 [seconds][0m
[1m[37m>>> TIMING SUMMARY: TOTAL TIME ELAPSED [KERNEL]: 0 [seconds][0m
[1m[37m>>> TIMING SUMMARY: TOTAL TIME ELAPSED [C1]: 706780 [milli seconds][0m
[1m[37m>>> TIMING SUMMARY: TOTAL TIME ELAPSED [C1]: 706.78 [seconds][0m
[1m[37m>>> TIMING SUMMARY: TOTAL TIME ELAPSED [C2]: 706.78 [seconds][0m
[1m[37m>>> TIMING SUMMARY: TOTAL TIME ELAPSED [C3]: 706.78 [seconds][0m
[1m[37m>>> TIMING SUMMARY: TOTAL TIME ELAPSED [C4*]: 706.78 [seconds][0m
[1m[37m>>> TIMING SUMMARY: globaldebugger_totalbytesreadfromfile: 0 [bytes][0m
[1m[37m>>> TIMING SUMMARY: globaldebugger_totalbyteswrittentofile: 0 [bytes][0m
[1m[37m>>> TIMING SUMMARY: globaldebugger_totalkeyvaluesstransferredtokernel: 0 [key values][0m
[1m[37m>>> TIMING SUMMARY: globaldebugger_totalkeyvaluesstransferredfromkernel: 0 [key values][0m
[1m[37m>>> TIMING SUMMARY: globaldebugger_totalkvstats[0]: 0 [key values][0m
[1m[37m>>> TIMING SUMMARY: globaldebugger_totalkvstats[16383]: 0 [key values][0m
[1m[37m>>> TIMING SUMMARY: globaldebugger_totalkvstats[32767]: 0 [key values][0m

