*** ACTS synthesis started! ***
clean successful
rm -rf acts sr acts_nthreads sr_nthreads
rm -rf *.xo xocc_kernel* _x* pfm_top_* *.xo *.exe host xocc* *.info *.ltx
rm -rf profile_* TempConfig system_estimate.xtxt *.rpt *.csv 
rm -rf src/*.ll _xocc_* .Xil emconfig.json dltmp* xmltmp* *.log *.jou *.wcfg *.wdb
mkdir -p obj
g++ -o ./sr_nthreads src/hostprocess.cpp    debugger/host_debugger.cpp src/actgraph_pr_sw.cpp src/actgraph_bfs_sw.cpp src/actgraph_bc_sw.cpp src/grafboost_pr_sw.cpp src/grafboost_bfs_sw.cpp src/grafboost_bc_sw.cpp src/edge_process.cpp src/srkernelprocess.cpp graphs/create2Dgraph.cpp graphs/createsmartgraph.cpp graphs/graph.cpp graphs/generateactivevertices.cpp heuristics/heuristics.cpp algorithm/algorithm.cpp utility/utility.cpp src/kernelprocess.cpp debugger/kernel_debugger.cpp sortreduce-master/examples/graph/src//FileReaderAio.cpp sortreduce-master/examples/graph/src//EdgeProcess.cpp sortreduce-master/examples/graph/src//VertexValues.cpp sortreduce-master/examples/graph/src//BCMergeFlip.cpp -DKVTYPES1='uint64_t,uint32_t'  -DKVTYPES2='uint32_t,uint32_t' -Isortreduce-master/include/ -Isortreduce-master/examples/graph/src/ -Lsortreduce-master/obj/ -std=c++11 -lsortreduce -pthread -laio -march=native -lrt -g
./sr_nthreads
Hostprocess:: Graph Analytics Started...
graph::graph:: datasetid: 4, _numvertexbanks: 1, _numedgebanks: 1
graph::loadalldatasets:: 
host:: GRAPH: /oj2zf/datasets/kronecker26/kronecker26.graph
host:: NUM VERTICES: 67108864
host:: NUM EDGES: 1073741824
host:: NUMDRAMBANKS: 4
host:: NUMWORKERS: 1
host:: NUMSUBWORKERS: 1
host:: NUM_PARTITIONS: 32
host:: NUMCPUTHREADS: 4
host:: DATAWIDTH: 512
host:: VECTOR_SIZE: 8
host:: KVDATA_BATCHSIZE: 16777216
host:: KVDATA_BATCHSIZE_KVS: 2097152
host:: PADDEDKVDATA_BATCHSIZE: 20971520
host:: PADDEDKVDATA_BATCHSIZE_KVS: 2621440
host:: _x2PADDEDKVDATA_SIZE: 41943040
host:: _x2PADDEDKVDATA_SIZE_KVS: 5242880
host:: _x3PADDEDKVDATA_SIZE: 58720256
host:: _x3PADDEDKVDATA_SIZE_KVS: 7340032
host:: DRAMSZ: 58720256
host:: DRAMSZ_KVS: 7340032
host:: KVDATA_RANGE: 67108864
host:: KVDATA_RANGE_POW: 26
host:: KVBUFFERSZ: 8192
host:: KVBUFFERSZ_KVS: 1024
host:: KVSRCBUFFERSZ: 8704
host:: KVSRCBUFFERSZ_KVS: 1088
host:: KVSRCBUFFERSZ_APPLY: 8704
host:: KVSRCBUFFERSZ_APPLY_KVS: 1088
host:: KVDESTBUFFERSZ: 8704
host:: KVDESTBUFFERSZ_KVS: 1088
host:: OFFSETSCODE: 0
host:: SIZESCODE: 1
host:: SIZEOFKV: 4
host:: SIZEOFVERTEXID: 32
host:: TREE_DEPTH: 3
host:: KVSTATS_SIZE: 32768
host:: APPLYVERTEXBUFFERSZ_FORSSDPARTITION0: 512
host:: APPLYVERTEXBUFFERSZ_FORSSDPARTITION1: 512
host:: APPLYVERTEXBUFFERSZ_FORSSDPARTITION2: 512
host:: APPLYVERTEXBUFFERSZ_FORSSDPARTITION3: 512
host:: APPLYVERTEXBUFFERSZ_FORSSDPARTITION0_KVS: 64
host:: APPLYVERTEXBUFFERSZ_FORSSDPARTITION1_KVS: 64
host:: APPLYVERTEXBUFFERSZ_FORSSDPARTITION2_KVS: 64
host:: APPLYVERTEXBUFFERSZ_FORSSDPARTITION3_KVS: 64
host:: APPLYVERTEXBUFFERSZ: 512
host:: APPLYVERTEXBUFFERSZ_KVS: 64
host:: VERTICESDATA_BATCHSIZE: 67108864
host:: VERTICESDATA_BUFFERSZ: 65536
host:: KVSPARTITIONBUFFERSZ: 268435456
host:: NUMSSDPARTITIONS: 4
host:: KVDATA_RANGE_FORSSDPARTITION0_POW: 24
host:: KVDATA_RANGE_FORSSDPARTITION1_POW: 24
host:: KVDATA_RANGE_FORSSDPARTITION2_POW: 24
host:: KVDATA_RANGE_FORSSDPARTITION3_POW: 24
host:: KVDATA_RANGE_FORSSDPARTITION0: 16777216
host:: KVDATA_RANGE_FORSSDPARTITION1: 16777216
host:: KVDATA_RANGE_FORSSDPARTITION2: 16777216
host:: KVDATA_RANGE_FORSSDPARTITION3: 16777216
host:: KVDATA_RANGEOFFSET_FORSSDPARTITION0: 0
host:: KVDATA_RANGEOFFSET_FORSSDPARTITION1: 16777216
host:: KVDATA_RANGEOFFSET_FORSSDPARTITION2: 33554432
host:: KVDATA_RANGEOFFSET_FORSSDPARTITION3: 50331648
host:: TREEDEPTH_FORSSDPARTITION0: 3
host:: TREEDEPTH_FORSSDPARTITION1: 3
host:: TREEDEPTH_FORSSDPARTITION2: 3
host:: TREEDEPTH_FORSSDPARTITION3: 3
host:: VERTICESDATASZ_FORDRAMX: 16777216
host:: MAXTREEDEPTH: 3
host:: MESSAGES_SIZE: 1024
host:: NUMSSDPARTITIONS: 4
host:: MAXNUMSSDPARTITIONS: 4
host:: NM: 666
host:: DESTTMPKVBUFFERSZ: 666
host:: DESTTMPKVBUFFERSZ_KVS: 666
host:: TOTALDESTTMPKVBUFFERSZ: 8704
host:: TOTALDESTTMPKVBUFFERSZ_KVS: 1088
host:: NUMWORKERS_APPLYPH: 1
host:: NUMSUBWORKERS_APPLYPH: 1
host:: LOCKE NOT DEFINED
host:: STREAMEDGESSETUP DEFINED
host:: sizeof(keyvalue_t): 8 bytes (64 bits)
host:: sizeof(vertex_t): 4 bytes (32 bits)
host:: sizeof(edge_t): 4 bytes (32 bits)

printallparameters:: BFS_ALGORITHM
graph::openfilesforreading : opening files for reading
INFO: Successfully opened /oj2zf/datasets/kronecker26/kronecker26_1by1/kronecker26_0_0.edgeoffsets
INFO: Successfully opened /oj2zf/datasets/kronecker26/kronecker26_1by1/kronecker26_0_0.edges
graph::opentemporaryfilesforwriting : opening temporary files for writing...
INFO: Successfully opened /oj2zf/datasets/kronecker26/kronecker26_1by1/kronecker26_0.vdata
INFO: Successfully opened /oj2zf/datasets/kronecker26/kronecker26_1by1/kronecker26_0.vproperties
graph::opentemporaryfilesforreading : opening temporary files for reading
INFO: Successfully opened /oj2zf/datasets/kronecker26/kronecker26_1by1/kronecker26_0.vdata
INFO: Successfully opened /oj2zf/datasets/kronecker26/kronecker26_1by1/kronecker26_0.vproperties
SortReduce Starting...
Remember to set per-thread open file limit to be larger at /etc/security/limits.conf
		++ sortreduce-master/src/sortreduce.cpp -> SortReduce<K,V>::ManagerThread() 
		++ sortreduce-master/src/sortreduce.cpp -> SortReduce<K,V>::ManagerThread(): m_config->max_storage_allocatd_bytes: 0 
		++ sortreduce-master/src/sortreduce.cpp -> SortReduce<K,V>::ManagerThread(): m_config->temporary_directory: ( 
sortreduce-master/src/sortreduce.cpp -> SortReduce<K,V>::ManagerThread():: statvfs_ret: 0 
sortreduce-master/src/sortreduce.cpp -> SortReduce<K,V>::ManagerThread():: m_config->max_storage_allocatd_bytes: 0 
sortreduce-master/src/sortreduce.cpp -> SortReduce<K,V>::ManagerThread():: fs_stat.f_bavail: 223762076 
sortreduce-master/src/sortreduce.cpp -> SortReduce<K,V>::ManagerThread():: fs_stat.f_bsize: 4096 
sortreduce-master/src/sortreduce.cpp -> SortReduce<K,V>::ManagerThread():: fs_avail_bytes: 824876516966 
Created vertex values file at /oj2zf/tmpdata_grafboost/vertex_data.dat -- 67108864
VertexValues default init done : 1536 ms
FileKvReader:: variables passed: moffset_bytes: 0, mfilesize_bytes: 4611686018427387896
Loading file fd 0 size 4611686018427387896
FileKvReader:: variables passed: moffset_bytes: 4611686018427387896, mfilesize_bytes: 9223372036854775792
Loading file fd 0 size 9223372036854775792
FileKvReader:: variables passed: moffset_bytes: 9223372036854775792, mfilesize_bytes: 13835058055282163688
Loading file fd 0 size 13835058055282163688
FileKvReader:: variables passed: moffset_bytes: 13835058055282163688, mfilesize_bytes: 18446744073709551584
Loading file fd 0 size 18446744073709551584
edge_process::edge_process:: constructor called. 
edge_process::edge_process:: constructor called. 
edge_process::edge_process:: constructor called. 
edge_process::edge_process:: constructor called. 
grafboost_bfs_sw::run: graph iteration 1 of pagerank Started
graph::openactiveverticesfilesforreading : open active vertices (iteration 1) files for reading ...
INFO: Successfully opened /oj2zf/datasets/kronecker26/activevertices/iteration1.actvvertices
INFO: Successfully opened /oj2zf/datasets/kronecker26/activeverticesW/iteration1.vertexisactive
graph::getnumactivevertices : number of active vertices for current graph iteration : 13
=== grafboost_bfs_sw::run: number of active vertices for graph iteration 1: 13 ===
FileKvReader:: variables passed: moffset_bytes: 0, mfilesize_bytes: 24
Loading file fd 10 size 24
FileKvReader:: variables passed: moffset_bytes: 24, mfilesize_bytes: 48
Loading file fd 10 size 48
FileKvReader:: variables passed: moffset_bytes: 48, mfilesize_bytes: 72
Loading file fd 10 size 72
FileKvReader:: variables passed: moffset_bytes: 72, mfilesize_bytes: 96
Loading file fd 10 size 96
SortReduce Starting...
Remember to set per-thread open file limit to be larger at /etc/security/limits.conf
		++ sortreduce-master/src/sortreduce.cpp -> SortReduce<K,V>::ManagerThread() 
		++ sortreduce-master/src/sortreduce.cpp -> SortReduce<K,V>::ManagerThread(): m_config->max_storage_allocatd_bytes: 0 
		++ sortreduce-master/src/sortreduce.cpp -> SortReduce<K,V>::ManagerThread(): m_config->temporary_directory: ˜ 
sortreduce-master/src/sortreduce.cpp -> SortReduce<K,V>::ManagerThread():: statvfs_ret: 0 
sortreduce-master/src/sortreduce.cpp -> SortReduce<K,V>::ManagerThread():: m_config->max_storage_allocatd_bytes: 0 
sortreduce-master/src/sortreduce.cpp -> SortReduce<K,V>::ManagerThread():: fs_stat.f_bavail: 225728158 
sortreduce-master/src/sortreduce.cpp -> SortReduce<K,V>::ManagerThread():: fs_stat.f_bsize: 4096 
sortreduce-master/src/sortreduce.cpp -> SortReduce<K,V>::ManagerThread():: fs_avail_bytes: 832124281651 
Created vertex values file at /oj2zf/tmpdata_grafboost/vertex_data.dat -- 67108864
VertexValues default init done : 2561 ms
>>> grafboost_bfs_sw::start: launching threads...
Host:: PP&A: [threadidx: 0][size: 4][step: 1]
PP&A:: [graph_iterationidx:1], [threadidx:0][size:4][step:1], [iteration_idx:0][size:256][step:1]
Host:: PP&A: [threadidx: 1][size: 4][step: 1]
PP&A:: [graph_iterationidx:1], [threadidx:1][size:4][step:1], [iteration_idx:0][size:256][step:1]
Host:: PP&A: [threadidx: 2][size: 4][step: 1]
PP&A:: [graph_iterationidx:1], [threadidx:2][size:4][step:1], [iteration_idx:0][size:256][step:1]
Host:: PP&A: [threadidx: 3][size: 4][step: 1]
PP&A:: [graph_iterationidx:1], [threadidx:3][size:4][step:1], [iteration_idx:0][size:256][step:1]
$$$ edge_process::generateupdates_random. reached end-of-file. keyvaluesread: 52
$$$ edge_process::generateupdates_random. reached end-of-file. keyvaluesread: 0
$$$ edge_process::generateupdates_random. reached end-of-file. keyvaluesread: 0
$$$ edge_process::generateupdates_random. reached end-of-file. keyvaluesread: 0
$$$ edge_process::generateupdates_random. reached end-of-file. keyvaluesread: 37
$$$ edge_process::generateupdates_random. reached end-of-file. keyvaluesread: 0
$$$ edge_process::generateupdates_random. reached end-of-file. keyvaluesread: 0
$$$ edge_process::generateupdates_random. reached end-of-file. keyvaluesread: 0
$$$ edge_process::generateupdates_random. reached end-of-file. keyvaluesread: 47
$$$ edge_process::generateupdates_random. reached end-of-file. keyvaluesread: 0
$$$ edge_process::generateupdates_random. reached end-of-file. keyvaluesread: 0
$$$ edge_process::generateupdates_random. reached end-of-file. keyvaluesread: 0
srtopkernel: number of key-value pairs uploaded for sorting: 52
actgraph_bfs_sw:: no more active vertices to process. exiting.
srtopkernel: number of key-value pairs uploaded for sorting: 37
actgraph_bfs_sw:: no more active vertices to process. exiting.
srtopkernel: number of key-value pairs uploaded for sorting: 47
actgraph_bfs_sw:: no more active vertices to process. exiting.
$$$ edge_process::generateupdates_random. reached end-of-file. keyvaluesread: 46
$$$ edge_process::generateupdates_random. reached end-of-file. keyvaluesread: 0
$$$ edge_process::generateupdates_random. reached end-of-file. keyvaluesread: 0
$$$ edge_process::generateupdates_random. reached end-of-file. keyvaluesread: 0
srtopkernel: number of key-value pairs uploaded for sorting: 46
actgraph_bfs_sw:: no more active vertices to process. exiting.
>>> grafboost_bfs_sw:: Finished: all threads joined...
>>> grafboost_bfs_sw::summary Total number of kvReads for thread [0]: 47
>>> grafboost_bfs_sw::summary Total number of kvReads for thread [1]: 52
>>> grafboost_bfs_sw::summary Total number of kvReads for thread [2]: 46
>>> grafboost_bfs_sw::summary Total number of kvReads for thread [3]: 37
>>> grafboost_bfs_sw::summary Total number of kvReads for all threads: 182
SortReduce writing inmem directly to file /oj2zf/tmpdata_grafboost/output.dat
yes no:0-0 no:0-0
Pushed sort-reduced file ( size 2184 ) -> 1
Im-memory sort done!
Loading file output.dat size 2184 -- 13
Sort-reduce all done! Processed 1 blocks
Wrote 2184 bytes to storage during inmem phase
Wrote 0 bytes to storage during storage phase
yes yes:0-0 yes:0-1
		++ Iteration 0 done: 182
>>> Host::Sort-Reduce & Apply phase:: Active Vertices after iteration 1: 182

[1m[37m>>> TIMING SUMMARY: TOTAL KERNEL TIME: 3397 milli seconds[0m
[1m[37m>>> TIMING SUMMARY: TOTAL KERNEL TIME: 3.397 seconds[0m
[1m[37m>>> TIMING SUMMARY: TOTAL POPULATE KVDRAM TIME: 0 milli seconds[0m
[1m[37m>>> TIMING SUMMARY: TOTAL POPULATE KVDRAM TIME: 0 seconds[0m

graph::closeactiveverticesfilesforreading : close active vertices files for writing...
grafboost_bfs_sw::run: graph iteration 2 of pagerank Started
graph::openactiveverticesfilesforreading : open active vertices (iteration 2) files for reading ...
INFO: Successfully opened /oj2zf/datasets/kronecker26/activevertices/iteration2.actvvertices
INFO: Successfully opened /oj2zf/datasets/kronecker26/activeverticesW/iteration2.vertexisactive
graph::getnumactivevertices : number of active vertices for current graph iteration : 204
=== grafboost_bfs_sw::run: number of active vertices for graph iteration 2: 204 ===
FileKvReader:: variables passed: moffset_bytes: 0, mfilesize_bytes: 408
Loading file fd 10 size 408
FileKvReader:: variables passed: moffset_bytes: 408, mfilesize_bytes: 816
Loading file fd 10 size 816
FileKvReader:: variables passed: moffset_bytes: 816, mfilesize_bytes: 1224
Loading file fd 10 size 1224
FileKvReader:: variables passed: moffset_bytes: 1224, mfilesize_bytes: 1632
Loading file fd 10 size 1632
SortReduce Starting...
Remember to set per-thread open file limit to be larger at /etc/security/limits.conf
		++ sortreduce-master/src/sortreduce.cpp -> SortReduce<K,V>::ManagerThread() 
		++ sortreduce-master/src/sortreduce.cpp -> SortReduce<K,V>::ManagerThread(): m_config->max_storage_allocatd_bytes: 0 
		++ sortreduce-master/src/sortreduce.cpp -> SortReduce<K,V>::ManagerThread(): m_config->temporary_directory: ( 
sortreduce-master/src/sortreduce.cpp -> SortReduce<K,V>::ManagerThread():: statvfs_ret: 0 
sortreduce-master/src/sortreduce.cpp -> SortReduce<K,V>::ManagerThread():: m_config->max_storage_allocatd_bytes: 0 
sortreduce-master/src/sortreduce.cpp -> SortReduce<K,V>::ManagerThread():: fs_stat.f_bavail: 230913412 
sortreduce-master/src/sortreduce.cpp -> SortReduce<K,V>::ManagerThread():: fs_stat.f_bsize: 4096 
sortreduce-master/src/sortreduce.cpp -> SortReduce<K,V>::ManagerThread():: fs_avail_bytes: 851239201996 
Created vertex values file at /oj2zf/tmpdata_grafboost/vertex_data.dat -- 67108864
VertexValues default init done : 1535 ms
>>> grafboost_bfs_sw::start: launching threads...
Host:: PP&A: [threadidx: 0][size: 4][step: 1]
PP&A:: [graph_iterationidx:2], [threadidx:0][size:4][step:1], [iteration_idx:0][size:256][step:1]
Host:: PP&A: [threadidx: 1][size: 4][step: 1]
PP&A:: [graph_iterationidx:2], [threadidx:1][size:4][step:1], [iteration_idx:0][size:256][step:1]
Host:: PP&A: [threadidx: 2][size: 4][step: 1]
PP&A:: [graph_iterationidx:2], [threadidx:2][size:4][step:1], [iteration_idx:0][size:256][step:1]
Host:: PP&A: [threadidx: 3][size: 4][step: 1]
PP&A:: [graph_iterationidx:2], [threadidx:3][size:4][step:1], [iteration_idx:0][size:256][step:1]
$$$ edge_process::generateupdates_random. reached end-of-file. keyvaluesread: 797
$$$ edge_process::generateupdates_random. reached end-of-file. keyvaluesread: 0
$$$ edge_process::generateupdates_random. reached end-of-file. keyvaluesread: 0
$$$ edge_process::generateupdates_random. reached end-of-file. keyvaluesread: 0
srtopkernel: number of key-value pairs uploaded for sorting: 797
actgraph_bfs_sw:: no more active vertices to process. exiting.
$$$ edge_process::generateupdates_random. reached end-of-file. keyvaluesread: 823
$$$ edge_process::generateupdates_random. reached end-of-file. keyvaluesread: 0
$$$ edge_process::generateupdates_random. reached end-of-file. keyvaluesread: 0
$$$ edge_process::generateupdates_random. reached end-of-file. keyvaluesread: 0
srtopkernel: number of key-value pairs uploaded for sorting: 823
actgraph_bfs_sw:: no more active vertices to process. exiting.
$$$ edge_process::generateupdates_random. reached end-of-file. keyvaluesread: 799
$$$ edge_process::generateupdates_random. reached end-of-file. keyvaluesread: 0
$$$ edge_process::generateupdates_random. reached end-of-file. keyvaluesread: 0
$$$ edge_process::generateupdates_random. reached end-of-file. keyvaluesread: 0
srtopkernel: number of key-value pairs uploaded for sorting: 799
actgraph_bfs_sw:: no more active vertices to process. exiting.
$$$ edge_process::generateupdates_random. reached end-of-file. keyvaluesread: 857
$$$ edge_process::generateupdates_random. reached end-of-file. keyvaluesread: 0
$$$ edge_process::generateupdates_random. reached end-of-file. keyvaluesread: 0
$$$ edge_process::generateupdates_random. reached end-of-file. keyvaluesread: 0
srtopkernel: number of key-value pairs uploaded for sorting: 857
actgraph_bfs_sw:: no more active vertices to process. exiting.
>>> grafboost_bfs_sw:: Finished: all threads joined...
>>> grafboost_bfs_sw::summary Total number of kvReads for thread [0]: 904
>>> grafboost_bfs_sw::summary Total number of kvReads for thread [1]: 849
>>> grafboost_bfs_sw::summary Total number of kvReads for thread [2]: 869
>>> grafboost_bfs_sw::summary Total number of kvReads for thread [3]: 836
>>> grafboost_bfs_sw::summary Total number of kvReads for all threads: 3458
SortReduce writing inmem directly to file /oj2zf/tmpdata_grafboost/output.dat
Pushed sort-reduced file ( size 39312 ) -> 1
Im-memory sort done!
Loading file output.dat size 39312 -- 15
Sort-reduce all done! Processed 1 blocks
Wrote 39312 bytes to storage during inmem phase
Wrote 0 bytes to storage during storage phase
yes yes:0-0 yes:0-1
		++ Iteration 0 done: 3276
>>> Host::Sort-Reduce & Apply phase:: Active Vertices after iteration 2: 3276

[1m[37m>>> TIMING SUMMARY: TOTAL KERNEL TIME: 1179 milli seconds[0m
[1m[37m>>> TIMING SUMMARY: TOTAL KERNEL TIME: 1.179 seconds[0m
[1m[37m>>> TIMING SUMMARY: TOTAL POPULATE KVDRAM TIME: 0 milli seconds[0m
[1m[37m>>> TIMING SUMMARY: TOTAL POPULATE KVDRAM TIME: 0 seconds[0m

graph::closeactiveverticesfilesforreading : close active vertices files for writing...
grafboost_bfs_sw::run: graph iteration 3 of pagerank Started
graph::openactiveverticesfilesforreading : open active vertices (iteration 3) files for reading ...
INFO: Successfully opened /oj2zf/datasets/kronecker26/activevertices/iteration3.actvvertices
INFO: Successfully opened /oj2zf/datasets/kronecker26/activeverticesW/iteration3.vertexisactive
graph::getnumactivevertices : number of active vertices for current graph iteration : 3276
=== grafboost_bfs_sw::run: number of active vertices for graph iteration 3: 3276 ===
FileKvReader:: variables passed: moffset_bytes: 0, mfilesize_bytes: 6552
Loading file fd 10 size 6552
FileKvReader:: variables passed: moffset_bytes: 6552, mfilesize_bytes: 13104
Loading file fd 10 size 13104
FileKvReader:: variables passed: moffset_bytes: 13104, mfilesize_bytes: 19656
Loading file fd 10 size 19656
FileKvReader:: variables passed: moffset_bytes: 19656, mfilesize_bytes: 26208
Loading file fd 10 size 26208
SortReduce Starting...
Remember to set per-thread open file limit to be larger at /etc/security/limits.conf
		++ sortreduce-master/src/sortreduce.cpp -> SortReduce<K,V>::ManagerThread() 
		++ sortreduce-master/src/sortreduce.cpp -> SortReduce<K,V>::ManagerThread(): m_config->max_storage_allocatd_bytes: 0 
		++ sortreduce-master/src/sortreduce.cpp -> SortReduce<K,V>::ManagerThread(): m_config->temporary_directory: h 
sortreduce-master/src/sortreduce.cpp -> SortReduce<K,V>::ManagerThread():: statvfs_ret: 0 
sortreduce-master/src/sortreduce.cpp -> SortReduce<K,V>::ManagerThread():: m_config->max_storage_allocatd_bytes: 0 
sortreduce-master/src/sortreduce.cpp -> SortReduce<K,V>::ManagerThread():: fs_stat.f_bavail: 230913397 
sortreduce-master/src/sortreduce.cpp -> SortReduce<K,V>::ManagerThread():: fs_stat.f_bsize: 4096 
sortreduce-master/src/sortreduce.cpp -> SortReduce<K,V>::ManagerThread():: fs_avail_bytes: 851239146700 
Created vertex values file at /oj2zf/tmpdata_grafboost/vertex_data.dat -- 67108864
VertexValues default init done : 1812 ms
>>> grafboost_bfs_sw::start: launching threads...
Host:: PP&A: [threadidx: 0][size: 4][step: 1]
PP&A:: [graph_iterationidx:3], [threadidx:0][size:4][step:1], [iteration_idx:0][size:256][step:1]
Host:: PP&A: [threadidx: 1][size: 4][step: 1]
PP&A:: [graph_iterationidx:3], [threadidx:1][size:4][step:1], [iteration_idx:0][size:256][step:1]
Host:: PP&A: [threadidx: 2][size: 4][step: 1]
PP&A:: [graph_iterationidx:3], [threadidx:2][size:4][step:1], [iteration_idx:0][size:256][step:1]
Host:: PP&A: [threadidx: 3][size: 4][step: 1]
PP&A:: [graph_iterationidx:3], [threadidx:3][size:4][step:1], [iteration_idx:0][size:256][step:1]
$$$ edge_process::generateupdates_random. reached end-of-file. keyvaluesread: 13032
$$$ edge_process::generateupdates_random. reached end-of-file. keyvaluesread: 0
$$$ edge_process::generateupdates_random. reached end-of-file. keyvaluesread: 0
$$$ edge_process::generateupdates_random. reached end-of-file. keyvaluesread: 0
srtopkernel: number of key-value pairs uploaded for sorting: 13032
actgraph_bfs_sw:: no more active vertices to process. exiting.
$$$ edge_process::generateupdates_random. reached end-of-file. keyvaluesread: 13006
$$$ edge_process::generateupdates_random. reached end-of-file. keyvaluesread: 0
$$$ edge_process::generateupdates_random. reached end-of-file. keyvaluesread: 0
$$$ edge_process::generateupdates_random. reached end-of-file. keyvaluesread: 0
srtopkernel: number of key-value pairs uploaded for sorting: 13006
actgraph_bfs_sw:: no more active vertices to process. exiting.
$$$ edge_process::generateupdates_random. reached end-of-file. keyvaluesread: 13050
$$$ edge_process::generateupdates_random. reached end-of-file. keyvaluesread: 0
$$$ edge_process::generateupdates_random. reached end-of-file. keyvaluesread: 0
$$$ edge_process::generateupdates_random. reached end-of-file. keyvaluesread: 0
srtopkernel: number of key-value pairs uploaded for sorting: 13050
actgraph_bfs_sw:: no more active vertices to process. exiting.
$$$ edge_process::generateupdates_random. reached end-of-file. keyvaluesread: 13323
$$$ edge_process::generateupdates_random. reached end-of-file. keyvaluesread: 0
$$$ edge_process::generateupdates_random. reached end-of-file. keyvaluesread: 0
$$$ edge_process::generateupdates_random. reached end-of-file. keyvaluesread: 0
srtopkernel: number of key-value pairs uploaded for sorting: 13323
actgraph_bfs_sw:: no more active vertices to process. exiting.
>>> grafboost_bfs_sw:: Finished: all threads joined...
>>> grafboost_bfs_sw::summary Total number of kvReads for thread [0]: 14227
>>> grafboost_bfs_sw::summary Total number of kvReads for thread [1]: 13855
>>> grafboost_bfs_sw::summary Total number of kvReads for thread [2]: 13901
>>> grafboost_bfs_sw::summary Total number of kvReads for thread [3]: 13886
>>> grafboost_bfs_sw::summary Total number of kvReads for all threads: 55869
SortReduce writing inmem directly to file /oj2zf/tmpdata_grafboost/output.dat
Pushed sort-reduced file ( size 628680 ) -> 1
Im-memory sort done!
Loading file output.dat size 628680 -- 17
Sort-reduce all done! Processed 1 blocks
Wrote 628680 bytes to storage during inmem phase
Wrote 0 bytes to storage during storage phase
yes yes:0-0 yes:0-1
		++ Iteration 0 done: 52390
>>> Host::Sort-Reduce & Apply phase:: Active Vertices after iteration 3: 52390

[1m[37m>>> TIMING SUMMARY: TOTAL KERNEL TIME: 3868 milli seconds[0m
[1m[37m>>> TIMING SUMMARY: TOTAL KERNEL TIME: 3.868 seconds[0m
[1m[37m>>> TIMING SUMMARY: TOTAL POPULATE KVDRAM TIME: 0 milli seconds[0m
[1m[37m>>> TIMING SUMMARY: TOTAL POPULATE KVDRAM TIME: 0 seconds[0m

graph::closeactiveverticesfilesforreading : close active vertices files for writing...
grafboost_bfs_sw::run: graph iteration 4 of pagerank Started
graph::openactiveverticesfilesforreading : open active vertices (iteration 4) files for reading ...
INFO: Successfully opened /oj2zf/datasets/kronecker26/activevertices/iteration4.actvvertices
INFO: Successfully opened /oj2zf/datasets/kronecker26/activeverticesW/iteration4.vertexisactive
graph::getnumactivevertices : number of active vertices for current graph iteration : 52386
=== grafboost_bfs_sw::run: number of active vertices for graph iteration 4: 52386 ===
FileKvReader:: variables passed: moffset_bytes: 0, mfilesize_bytes: 104768
Loading file fd 10 size 104768
FileKvReader:: variables passed: moffset_bytes: 104768, mfilesize_bytes: 209536
Loading file fd 10 size 209536
FileKvReader:: variables passed: moffset_bytes: 209536, mfilesize_bytes: 314304
Loading file fd 10 size 314304
FileKvReader:: variables passed: moffset_bytes: 314304, mfilesize_bytes: 419072
Loading file fd 10 size 419072
SortReduce Starting...
Remember to set per-thread open file limit to be larger at /etc/security/limits.conf
		++ sortreduce-master/src/sortreduce.cpp -> SortReduce<K,V>::ManagerThread() 
		++ sortreduce-master/src/sortreduce.cpp -> SortReduce<K,V>::ManagerThread(): m_config->max_storage_allocatd_bytes: 0 
		++ sortreduce-master/src/sortreduce.cpp -> SortReduce<K,V>::ManagerThread(): m_config->temporary_directory: H 
sortreduce-master/src/sortreduce.cpp -> SortReduce<K,V>::ManagerThread():: statvfs_ret: 0 
sortreduce-master/src/sortreduce.cpp -> SortReduce<K,V>::ManagerThread():: m_config->max_storage_allocatd_bytes: 0 
sortreduce-master/src/sortreduce.cpp -> SortReduce<K,V>::ManagerThread():: fs_stat.f_bavail: 230913157 
sortreduce-master/src/sortreduce.cpp -> SortReduce<K,V>::ManagerThread():: fs_stat.f_bsize: 4096 
sortreduce-master/src/sortreduce.cpp -> SortReduce<K,V>::ManagerThread():: fs_avail_bytes: 851238261964 
Created vertex values file at /oj2zf/tmpdata_grafboost/vertex_data.dat -- 67108864
VertexValues default init done : 1998 ms
>>> grafboost_bfs_sw::start: launching threads...
Host:: PP&A: [threadidx: 0][size: 4][step: 1]
PP&A:: [graph_iterationidx:4], [threadidx:0][size:4][step:1], [iteration_idx:0][size:256][step:1]
Host:: PP&A: [threadidx: 1][size: 4][step: 1]
PP&A:: [graph_iterationidx:4], [threadidx:1][size:4][step:1], [iteration_idx:0][size:256][step:1]
Host:: PP&A: [threadidx: 2][size: 4][step: 1]
PP&A:: [graph_iterationidx:4], [threadidx:2][size:4][step:1], [iteration_idx:0][size:256][step:1]
Host:: PP&A: [threadidx: 3][size: 4][step: 1]
PP&A:: [graph_iterationidx:4], [threadidx:3][size:4][step:1], [iteration_idx:0][size:256][step:1]
$$$ edge_process::generateupdates_random. reached end-of-file. keyvaluesread: 210418
$$$ edge_process::generateupdates_random. reached end-of-file. keyvaluesread: 0
$$$ edge_process::generateupdates_random. reached end-of-file. keyvaluesread: 0
$$$ edge_process::generateupdates_random. reached end-of-file. keyvaluesread: 0
srtopkernel: number of key-value pairs uploaded for sorting: 210418
actgraph_bfs_sw:: no more active vertices to process. exiting.
$$$ edge_process::generateupdates_random. reached end-of-file. keyvaluesread: 209567
$$$ edge_process::generateupdates_random. reached end-of-file. keyvaluesread: 0
$$$ edge_process::generateupdates_random. reached end-of-file. keyvaluesread: 0
$$$ edge_process::generateupdates_random. reached end-of-file. keyvaluesread: 0
srtopkernel: number of key-value pairs uploaded for sorting: 209567
actgraph_bfs_sw:: no more active vertices to process. exiting.
$$$ edge_process::generateupdates_random. reached end-of-file. keyvaluesread: 209681
$$$ edge_process::generateupdates_random. reached end-of-file. keyvaluesread: 0
$$$ edge_process::generateupdates_random. reached end-of-file. keyvaluesread: 0
$$$ edge_process::generateupdates_random. reached end-of-file. keyvaluesread: 0
srtopkernel: number of key-value pairs uploaded for sorting: 209681
actgraph_bfs_sw:: no more active vertices to process. exiting.
$$$ edge_process::generateupdates_random. reached end-of-file. keyvaluesread: 209857
$$$ edge_process::generateupdates_random. reached end-of-file. keyvaluesread: 0
$$$ edge_process::generateupdates_random. reached end-of-file. keyvaluesread: 0
$$$ edge_process::generateupdates_random. reached end-of-file. keyvaluesread: 0
srtopkernel: number of key-value pairs uploaded for sorting: 209857
actgraph_bfs_sw:: no more active vertices to process. exiting.
>>> grafboost_bfs_sw:: Finished: all threads joined...
>>> grafboost_bfs_sw::summary Total number of kvReads for thread [0]: 223908
>>> grafboost_bfs_sw::summary Total number of kvReads for thread [1]: 223712
>>> grafboost_bfs_sw::summary Total number of kvReads for thread [2]: 223468
>>> grafboost_bfs_sw::summary Total number of kvReads for thread [3]: 224304
>>> grafboost_bfs_sw::summary Total number of kvReads for all threads: 895392
Pushed sort-reduced file ( size 1683804 ) -> 1
Pushed sort-reduced file ( size 8344572 ) -> 2
Im-memory sort done!
Want to start storage-storage merge with 2 inputs out of 2 last
Storage->Storage Pushed sort-reduced file ( size 10011132 ) -> 0
Loading file output.dat size 10011132 -- 19
Sort-reduce all done! Processed 2 blocks
Wrote 10028376 bytes to storage during inmem phase
Wrote 10011132 bytes to storage during storage phase
yes yes:0-0 yes:0-1
		++ Iteration 0 done: 834261
>>> Host::Sort-Reduce & Apply phase:: Active Vertices after iteration 4: 834261

[1m[37m>>> TIMING SUMMARY: TOTAL KERNEL TIME: 4060 milli seconds[0m
[1m[37m>>> TIMING SUMMARY: TOTAL KERNEL TIME: 4.06 seconds[0m
[1m[37m>>> TIMING SUMMARY: TOTAL POPULATE KVDRAM TIME: 0 milli seconds[0m
[1m[37m>>> TIMING SUMMARY: TOTAL POPULATE KVDRAM TIME: 0 seconds[0m

graph::closeactiveverticesfilesforreading : close active vertices files for writing...
grafboost_bfs_sw::run: graph iteration 5 of pagerank Started
graph::openactiveverticesfilesforreading : open active vertices (iteration 5) files for reading ...
INFO: Successfully opened /oj2zf/datasets/kronecker26/activevertices/iteration5.actvvertices
INFO: Successfully opened /oj2zf/datasets/kronecker26/activeverticesW/iteration5.vertexisactive
graph::getnumactivevertices : number of active vertices for current graph iteration : 833581
=== grafboost_bfs_sw::run: number of active vertices for graph iteration 5: 833581 ===
FileKvReader:: variables passed: moffset_bytes: 0, mfilesize_bytes: 1667160
Loading file fd 10 size 1667160
FileKvReader:: variables passed: moffset_bytes: 1667160, mfilesize_bytes: 3334320
Loading file fd 10 size 3334320
FileKvReader:: variables passed: moffset_bytes: 3334320, mfilesize_bytes: 5001480
Loading file fd 10 size 5001480
FileKvReader:: variables passed: moffset_bytes: 5001480, mfilesize_bytes: 6668640
Loading file fd 10 size 6668640
SortReduce Starting...
Remember to set per-thread open file limit to be larger at /etc/security/limits.conf
		++ sortreduce-master/src/sortreduce.cpp -> SortReduce<K,V>::ManagerThread() 
		++ sortreduce-master/src/sortreduce.cpp -> SortReduce<K,V>::ManagerThread(): m_config->max_storage_allocatd_bytes: 0 
		++ sortreduce-master/src/sortreduce.cpp -> SortReduce<K,V>::ManagerThread(): m_config->temporary_directory: ( 
sortreduce-master/src/sortreduce.cpp -> SortReduce<K,V>::ManagerThread():: statvfs_ret: 0 
sortreduce-master/src/sortreduce.cpp -> SortReduce<K,V>::ManagerThread():: m_config->max_storage_allocatd_bytes: 0 
sortreduce-master/src/sortreduce.cpp -> SortReduce<K,V>::ManagerThread():: fs_stat.f_bavail: 230909339 
sortreduce-master/src/sortreduce.cpp -> SortReduce<K,V>::ManagerThread():: fs_stat.f_bsize: 4096 
sortreduce-master/src/sortreduce.cpp -> SortReduce<K,V>::ManagerThread():: fs_avail_bytes: 851224187289 
Created vertex values file at /oj2zf/tmpdata_grafboost/vertex_data.dat -- 67108864
VertexValues default init done : 2017 ms
>>> grafboost_bfs_sw::start: launching threads...
Host:: PP&A: [threadidx: 0][size: 4][step: 1]
PP&A:: [graph_iterationidx:5], [threadidx:0][size:4][step:1], [iteration_idx:0][size:256][step:1]
Host:: PP&A: [threadidx: 1][size: 4][step: 1]
PP&A:: [graph_iterationidx:5], [threadidx:1][size:4][step:1], [iteration_idx:0][size:256][step:1]
Host:: PP&A: [threadidx: 2][size: 4][step: 1]
PP&A:: [graph_iterationidx:5], [threadidx:2][size:4][step:1], [iteration_idx:0][size:256][step:1]
Host:: PP&A: [threadidx: 3][size: 4][step: 1]
PP&A:: [graph_iterationidx:5], [threadidx:3][size:4][step:1], [iteration_idx:0][size:256][step:1]
$$$ edge_process::generateupdates_random. reached end-of-file. keyvaluesread: 3330752
$$$ edge_process::generateupdates_random. reached end-of-file. keyvaluesread: 0
$$$ edge_process::generateupdates_random. reached end-of-file. keyvaluesread: 0
$$$ edge_process::generateupdates_random. reached end-of-file. keyvaluesread: 0
$$$ edge_process::generateupdates_random. reached end-of-file. keyvaluesread: 3336070
$$$ edge_process::generateupdates_random. reached end-of-file. keyvaluesread: 0
$$$ edge_process::generateupdates_random. reached end-of-file. keyvaluesread: 0
$$$ edge_process::generateupdates_random. reached end-of-file. keyvaluesread: 0
$$$ edge_process::generateupdates_random. reached end-of-file. keyvaluesread: 3334806
$$$ edge_process::generateupdates_random. reached end-of-file. keyvaluesread: 0
$$$ edge_process::generateupdates_random. reached end-of-file. keyvaluesread: 0
$$$ edge_process::generateupdates_random. reached end-of-file. keyvaluesread: 0
$$$ edge_process::generateupdates_random. reached end-of-file. keyvaluesread: 3330500
$$$ edge_process::generateupdates_random. reached end-of-file. keyvaluesread: 0
$$$ edge_process::generateupdates_random. reached end-of-file. keyvaluesread: 0
$$$ edge_process::generateupdates_random. reached end-of-file. keyvaluesread: 0
srtopkernel: number of key-value pairs uploaded for sorting: 3330752
actgraph_bfs_sw:: no more active vertices to process. exiting.
srtopkernel: number of key-value pairs uploaded for sorting: 3336070
actgraph_bfs_sw:: no more active vertices to process. exiting.
srtopkernel: number of key-value pairs uploaded for sorting: 3334806
actgraph_bfs_sw:: no more active vertices to process. exiting.
srtopkernel: number of key-value pairs uploaded for sorting: 3330500
actgraph_bfs_sw:: no more active vertices to process. exiting.
>>> grafboost_bfs_sw:: Finished: all threads joined...
>>> grafboost_bfs_sw::summary Total number of kvReads for thread [0]: 3558714
>>> grafboost_bfs_sw::summary Total number of kvReads for thread [1]: 3559782
>>> grafboost_bfs_sw::summary Total number of kvReads for thread [2]: 3554220
>>> grafboost_bfs_sw::summary Total number of kvReads for thread [3]: 3554804
>>> grafboost_bfs_sw::summary Total number of kvReads for all threads: 14227520
Pushed sort-reduced file ( size 40870164 ) -> 1
yes no:1-0 no:0-1
yes no:1-0 no:0-1
Pushed sort-reduced file ( size 109795872 ) -> 2
Im-memory sort done!
Want to start storage-storage merge with 2 inputs out of 2 last
Storage->Storage Pushed sort-reduced file ( size 145090872 ) -> 0
Loading file output.dat size 145090872 -- 21
Sort-reduce all done! Processed 20 blocks
Wrote 150666036 bytes to storage during inmem phase
Wrote 145090872 bytes to storage during storage phase
yes yes:0-0 yes:0-1
		++ Iteration 0 done: 12090906
>>> Host::Sort-Reduce & Apply phase:: Active Vertices after iteration 5: 12090906

[1m[37m>>> TIMING SUMMARY: TOTAL KERNEL TIME: 7094 milli seconds[0m
[1m[37m>>> TIMING SUMMARY: TOTAL KERNEL TIME: 7.094 seconds[0m
[1m[37m>>> TIMING SUMMARY: TOTAL POPULATE KVDRAM TIME: 0 milli seconds[0m
[1m[37m>>> TIMING SUMMARY: TOTAL POPULATE KVDRAM TIME: 0 seconds[0m

graph::closeactiveverticesfilesforreading : close active vertices files for writing...
grafboost_bfs_sw::run: graph iteration 6 of pagerank Started
graph::openactiveverticesfilesforreading : open active vertices (iteration 6) files for reading ...
INFO: Successfully opened /oj2zf/datasets/kronecker26/activevertices/iteration6.actvvertices
INFO: Successfully opened /oj2zf/datasets/kronecker26/activeverticesW/iteration6.vertexisactive
graph::getnumactivevertices : number of active vertices for current graph iteration : 11930072
=== grafboost_bfs_sw::run: number of active vertices for graph iteration 6: 11930072 ===
FileKvReader:: variables passed: moffset_bytes: 0, mfilesize_bytes: 23860144
Loading file fd 10 size 23860144
FileKvReader:: variables passed: moffset_bytes: 23860144, mfilesize_bytes: 47720288
Loading file fd 10 size 47720288
FileKvReader:: variables passed: moffset_bytes: 47720288, mfilesize_bytes: 71580432
Loading file fd 10 size 71580432
FileKvReader:: variables passed: moffset_bytes: 71580432, mfilesize_bytes: 95440576
Loading file fd 10 size 95440576
SortReduce Starting...
Remember to set per-thread open file limit to be larger at /etc/security/limits.conf
		++ sortreduce-master/src/sortreduce.cpp -> SortReduce<K,V>::ManagerThread() 
		++ sortreduce-master/src/sortreduce.cpp -> SortReduce<K,V>::ManagerThread(): m_config->max_storage_allocatd_bytes: 0 
		++ sortreduce-master/src/sortreduce.cpp -> SortReduce<K,V>::ManagerThread(): m_config->temporary_directory: H 
sortreduce-master/src/sortreduce.cpp -> SortReduce<K,V>::ManagerThread():: statvfs_ret: 0 
sortreduce-master/src/sortreduce.cpp -> SortReduce<K,V>::ManagerThread():: m_config->max_storage_allocatd_bytes: 0 
sortreduce-master/src/sortreduce.cpp -> SortReduce<K,V>::ManagerThread():: fs_stat.f_bavail: 230862571 
sortreduce-master/src/sortreduce.cpp -> SortReduce<K,V>::ManagerThread():: fs_stat.f_bsize: 4096 
sortreduce-master/src/sortreduce.cpp -> SortReduce<K,V>::ManagerThread():: fs_avail_bytes: 851051781734 
Created vertex values file at /oj2zf/tmpdata_grafboost/vertex_data.dat -- 67108864
VertexValues default init done : 2077 ms
>>> grafboost_bfs_sw::start: launching threads...
Host:: PP&A: [threadidx: 0][size: 4][step: 1]
PP&A:: [graph_iterationidx:6], [threadidx:0][size:4][step:1], [iteration_idx:0][size:256][step:1]
Host:: PP&A: [threadidx: 1][size: 4][step: 1]
PP&A:: [graph_iterationidx:6], [threadidx:1][size:4][step:1], [iteration_idx:0][size:256][step:1]
Host:: PP&A: [threadidx: 2][size: 4][step: 1]
PP&A:: [graph_iterationidx:6], [threadidx:2][size:4][step:1], [iteration_idx:0][size:256][step:1]
Host:: PP&A: [threadidx: 3][size: 4][step: 1]
PP&A:: [graph_iterationidx:6], [threadidx:3][size:4][step:1], [iteration_idx:0][size:256][step:1]
edge_process::generateupdates_random reached threshold. keyvaluesread: 18874384, status: 6
edge_process::generateupdates_random reached threshold. keyvaluesread: 18874376, status: 6
edge_process::generateupdates_random reached threshold. keyvaluesread: 18874381, status: 6
edge_process::generateupdates_random reached threshold. keyvaluesread: 18874377, status: 6
edge_process::generateupdates_random reached threshold. keyvaluesread: 18874377, status: 6
edge_process::generateupdates_random reached threshold. keyvaluesread: 18874388, status: 6
edge_process::generateupdates_random reached threshold. keyvaluesread: 18874371, status: 6
edge_process::generateupdates_random reached threshold. keyvaluesread: 18874373, status: 6
$$$ edge_process::generateupdates_random. reached end-of-file. keyvaluesread: 9967840
$$$ edge_process::generateupdates_random. reached end-of-file. keyvaluesread: 0
$$$ edge_process::generateupdates_random. reached end-of-file. keyvaluesread: 9971840
$$$ edge_process::generateupdates_random. reached end-of-file. keyvaluesread: 0
$$$ edge_process::generateupdates_random. reached end-of-file. keyvaluesread: 9983202
$$$ edge_process::generateupdates_random. reached end-of-file. keyvaluesread: 0
srtopkernel: number of key-value pairs uploaded for sorting: 47716593
actgraph_bfs_sw:: no more active vertices to process. exiting.
$$$ edge_process::generateupdates_random. reached end-of-file. keyvaluesread: 9976444
$$$ edge_process::generateupdates_random. reached end-of-file. keyvaluesread: 0
srtopkernel: number of key-value pairs uploaded for sorting: 47720609
actgraph_bfs_sw:: no more active vertices to process. exiting.
srtopkernel: number of key-value pairs uploaded for sorting: 47731957
actgraph_bfs_sw:: no more active vertices to process. exiting.
reducer_from_mem_max_count 2 << 1
Pushed sort-reduced file ( size 228278784 ) -> 1
srtopkernel: number of key-value pairs uploaded for sorting: 47725194
actgraph_bfs_sw:: no more active vertices to process. exiting.
>>> grafboost_bfs_sw:: Finished: all threads joined...
>>> grafboost_bfs_sw::summary Total number of kvReads for thread [0]: 51290671
>>> grafboost_bfs_sw::summary Total number of kvReads for thread [1]: 51280391
>>> grafboost_bfs_sw::summary Total number of kvReads for thread [2]: 51279414
>>> grafboost_bfs_sw::summary Total number of kvReads for thread [3]: 51271397
>>> grafboost_bfs_sw::summary Total number of kvReads for all threads: 205121873
yes no:1-38 no:0-1
yes no:1-74 no:0-1
yes no:1-109 no:0-1
yes no:1-145 no:0-1
yes no:1-170 no:0-1
yes no:1-170 no:0-1
Pushed sort-reduced file ( size 424909896 ) -> 2
yes no:1-42 no:0-2
yes no:1-42 no:0-2
yes no:1-42 no:0-2
yes no:1-42 no:0-2
yes no:1-42 no:0-2
yes no:1-42 no:0-2
yes no:1-42 no:0-2
yes no:1-42 no:0-2
yes no:1-42 no:0-2
yes no:1-42 no:0-2
yes no:1-42 no:0-2
yes no:1-42 no:0-2
yes no:1-42 no:0-2
yes no:1-42 no:0-2
Pushed sort-reduced file ( size 593041020 ) -> 3
yes no:1-0 no:0-3
yes no:1-0 no:0-3
yes no:1-0 no:0-3
yes no:1-0 no:0-3
yes no:1-0 no:0-3
yes no:1-0 no:0-3
Pushed sort-reduced file ( size 280350024 ) -> 4
Im-memory sort done!
Want to start storage-storage merge with 4 inputs out of 4 last
yes yes:0-0 no:1-0
yes yes:0-0 no:1-0
yes yes:0-0 no:1-0
yes yes:0-0 no:1-0
yes yes:0-0 no:1-0
yes yes:0-0 no:1-0
yes yes:0-0 no:1-0
yes yes:0-0 no:1-0
Storage->Storage Pushed sort-reduced file ( size 758456088 ) -> 0
Loading file output.dat size 758456088 -- 23
Sort-reduce all done! Processed 274 blocks
Wrote 1526579724 bytes to storage during inmem phase
Wrote 758456088 bytes to storage during storage phase
yes yes:0-0 yes:0-1
		++ Iteration 0 done: 63204674
>>> Host::Sort-Reduce & Apply phase:: Active Vertices after iteration 6: 63204674

[1m[37m>>> TIMING SUMMARY: TOTAL KERNEL TIME: 53878 milli seconds[0m
[1m[37m>>> TIMING SUMMARY: TOTAL KERNEL TIME: 53.878 seconds[0m
[1m[37m>>> TIMING SUMMARY: TOTAL POPULATE KVDRAM TIME: 0 milli seconds[0m
[1m[37m>>> TIMING SUMMARY: TOTAL POPULATE KVDRAM TIME: 0 seconds[0m

graph::closeactiveverticesfilesforreading : close active vertices files for writing...
grafboost_bfs_sw::run: graph iteration 7 of pagerank Started
graph::openactiveverticesfilesforreading : open active vertices (iteration 7) files for reading ...
INFO: Successfully opened /oj2zf/datasets/kronecker26/activevertices/iteration7.actvvertices
INFO: Successfully opened /oj2zf/datasets/kronecker26/activeverticesW/iteration7.vertexisactive
graph::getnumactivevertices : number of active vertices for current graph iteration : 51130396
=== grafboost_bfs_sw::run: number of active vertices for graph iteration 7: 51130396 ===
FileKvReader:: variables passed: moffset_bytes: 0, mfilesize_bytes: 102260792
Loading file fd 10 size 102260792
FileKvReader:: variables passed: moffset_bytes: 102260792, mfilesize_bytes: 204521584
Loading file fd 10 size 204521584
FileKvReader:: variables passed: moffset_bytes: 204521584, mfilesize_bytes: 306782376
Loading file fd 10 size 306782376
FileKvReader:: variables passed: moffset_bytes: 306782376, mfilesize_bytes: 409043168
Loading file fd 10 size 409043168
SortReduce Starting...
Remember to set per-thread open file limit to be larger at /etc/security/limits.conf
		++ sortreduce-master/src/sortreduce.cpp -> SortReduce<K,V>::ManagerThread() 
		++ sortreduce-master/src/sortreduce.cpp -> SortReduce<K,V>::ManagerThread(): m_config->max_storage_allocatd_bytes: 0 
		++ sortreduce-master/src/sortreduce.cpp -> SortReduce<K,V>::ManagerThread(): m_config->temporary_directory: h 
sortreduce-master/src/sortreduce.cpp -> SortReduce<K,V>::ManagerThread():: statvfs_ret: 0 
sortreduce-master/src/sortreduce.cpp -> SortReduce<K,V>::ManagerThread():: m_config->max_storage_allocatd_bytes: 0 
sortreduce-master/src/sortreduce.cpp -> SortReduce<K,V>::ManagerThread():: fs_stat.f_bavail: 230604788 
sortreduce-master/src/sortreduce.cpp -> SortReduce<K,V>::ManagerThread():: fs_stat.f_bsize: 4096 
sortreduce-master/src/sortreduce.cpp -> SortReduce<K,V>::ManagerThread():: fs_avail_bytes: 850101490483 
Created vertex values file at /oj2zf/tmpdata_grafboost/vertex_data.dat -- 67108864
VertexValues default init done : 2605 ms
>>> grafboost_bfs_sw::start: launching threads...
Host:: PP&A: [threadidx: 0][size: 4][step: 1]
Host:: PP&A: [threadidx: PP&A:: [graph_iterationidx:7], [threadidx:0][size:4][step:1], [iteration_idx:0][size:256][step:1]
1][size: 4][step: 1]
PP&A:: [graph_iterationidx:7], [threadidx:1][size:4][step:1], [iteration_idx:0][size:256][step:1]
Host:: PP&A: [threadidx: 2][size: 4][step: 1]Host:: PP&A: [threadidx: 
PP&A:: [graph_iterationidx:7], [threadidx:2][size:4][step:1], [iteration_idx:0][size:256][step:1]
3][size: 4][step: 1]
PP&A:: [graph_iterationidx:7], [threadidx:3][size:4][step:1], [iteration_idx:0][size:256][step:1]
edge_process::generateupdates_random reached threshold. keyvaluesread: 18874374, status: 6
edge_process::generateupdates_random reached threshold. keyvaluesread: 18874382, status: 6
edge_process::generateupdates_random reached threshold. keyvaluesread: 18874371, status: 6
edge_process::generateupdates_random reached threshold. keyvaluesread: 18874372, status: 6
edge_process::generateupdates_random reached threshold. keyvaluesread: 18874382, status: 6
edge_process::generateupdates_random reached threshold. keyvaluesread: 18874373, status: 6
edge_process::generateupdates_random reached threshold. keyvaluesread: 18874383, status: 6
edge_process::generateupdates_random reached threshold. keyvaluesread: 18874384, status: 6
edge_process::generateupdates_random reached threshold. keyvaluesread: 18874391, status: 6
edge_process::generateupdates_random reached threshold. keyvaluesread: 18874375, status: 6
edge_process::generateupdates_random reached threshold. keyvaluesread: 18874385, status: 6
edge_process::generateupdates_random reached threshold. keyvaluesread: 18874378, status: 6
edge_process::generateupdates_random reached threshold. keyvaluesread: 18874384, status: 6
edge_process::generateupdates_random reached threshold. keyvaluesread: 18874369, status: 6
edge_process::generateupdates_random reached threshold. keyvaluesread: 18874369, status: 6
srtopkernel: number of key-value pairs uploaded for sorting: 75497529
PP&A:: [graph_iterationidx:7], [threadidx:2][size:4][step:1], [iteration_idx:1][size:256][step:1]
edge_process::generateupdates_random reached threshold. keyvaluesread: 18874389, status: 6
srtopkernel: number of key-value pairs uploaded for sorting: 75497489
PP&A:: [graph_iterationidx:7], [threadidx:1][size:4][step:1], [iteration_idx:1][size:256][step:1]
edge_process::generateupdates_random reached threshold. keyvaluesread: 18874372, status: 6
edge_process::generateupdates_random reached threshold. keyvaluesread: 18874370, status: 6
Pushed sort-reduced file ( size 228302688 ) -> 1
edge_process::generateupdates_random reached threshold. keyvaluesread: 18874372, status: 6
edge_process::generateupdates_random reached threshold. keyvaluesread: 18874370, status: 6
reducer_from_mem_max_count 2 << 1
edge_process::generateupdates_random reached threshold. keyvaluesread: 18874370, status: 6
edge_process::generateupdates_random reached threshold. keyvaluesread: 18874382, status: 6
edge_process::generateupdates_random reached threshold. keyvaluesread: 18874375, status: 6
edge_process::generateupdates_random reached threshold. keyvaluesread: 18874372, status: 6
Pushed sort-reduced file ( size 593008224 ) -> 2
srtopkernel: number of key-value pairs uploaded for sorting: 75497510
PP&A:: [graph_iterationidx:7], [threadidx:3][size:4][step:1], [iteration_idx:1][size:256][step:1]
Pushed sort-reduced file ( size 592999584 ) -> 3
srtopkernel: number of key-value pairs uploaded for sorting: 75497533
PP&A:: [graph_iterationidx:7], [threadidx:0][size:4][step:1], [iteration_idx:1][size:256][step:1]
srtopkernel: number of key-value pairs uploaded for sorting: 75497487
PP&A:: [graph_iterationidx:7], [threadidx:1][size:4][step:1], [iteration_idx:2][size:256][step:1]
reducer_from_mem_max_count 1
edge_process::generateupdates_random reached threshold. keyvaluesread: 18874376, status: 6
edge_process::generateupdates_random reached threshold. keyvaluesread: 18874373, status: 6
Pushed sort-reduced file ( size 228284412 ) -> 4
edge_process::generateupdates_random reached threshold. keyvaluesread: 18874369, status: 6
edge_process::generateupdates_random reached threshold. keyvaluesread: 18874385, status: 6
Pushed sort-reduced file ( size 228316548 ) -> 5
edge_process::generateupdates_random reached threshold. keyvaluesread: 18874381, status: 6
edge_process::generateupdates_random reached threshold. keyvaluesread: 18874376, status: 6
edge_process::generateupdates_random reached threshold. keyvaluesread: 18874376, status: 6
edge_process::generateupdates_random reached threshold. keyvaluesread: 18874383, status: 6
$$$ edge_process::generateupdates_random. reached end-of-file. keyvaluesread: 15756208
$$$ edge_process::generateupdates_random. reached end-of-file. keyvaluesread: 0
edge_process::generateupdates_random reached threshold. keyvaluesread: 18874379, status: 6
reducer_from_mem_max_count 2 << 1
edge_process::generateupdates_random reached threshold. keyvaluesread: 18874375, status: 6
Pushed sort-reduced file ( size 593038476 ) -> 6
srtopkernel: number of key-value pairs uploaded for sorting: 75497496
PP&A:: [graph_iterationidx:7], [threadidx:2][size:4][step:1], [iteration_idx:2][size:256][step:1]
Pushed sort-reduced file ( size 593032356 ) -> 7
srtopkernel: number of key-value pairs uploaded for sorting: 53504953
actgraph_bfs_sw:: no more active vertices to process. exiting.
srtopkernel: number of key-value pairs uploaded for sorting: 75497516
PP&A:: [graph_iterationidx:7], [threadidx:3][size:4][step:1], [iteration_idx:2][size:256][step:1]
edge_process::generateupdates_random reached threshold. keyvaluesread: 18874379, status: 6
reducer_from_mem_max_count 1
edge_process::generateupdates_random reached threshold. keyvaluesread: 18874369, status: 6
edge_process::generateupdates_random reached threshold. keyvaluesread: 18874386, status: 6
edge_process::generateupdates_random reached threshold. keyvaluesread: 18874380, status: 6
Pushed sort-reduced file ( size 228274368 ) -> 8
Pushed sort-reduced file ( size 234274140 ) -> 9
$$$ edge_process::generateupdates_random. reached end-of-file. keyvaluesread: 15790686
$$$ edge_process::generateupdates_random. reached end-of-file. keyvaluesread: 0
$$$ edge_process::generateupdates_random. reached end-of-file. keyvaluesread: 15764307
$$$ edge_process::generateupdates_random. reached end-of-file. keyvaluesread: 0
reducer_from_mem_max_count 2 << 1
Pushed sort-reduced file ( size 590822616 ) -> 10
srtopkernel: number of key-value pairs uploaded for sorting: 75497512
PP&A:: [graph_iterationidx:7], [threadidx:0][size:4][step:1], [iteration_idx:2][size:256][step:1]
srtopkernel: number of key-value pairs uploaded for sorting: 53539451
actgraph_bfs_sw:: no more active vertices to process. exiting.
reducer_from_mem_max_count 1
edge_process::generateupdates_random reached threshold. keyvaluesread: 18874378, status: 6
reducer_from_mem_max_count 2 << 1
edge_process::generateupdates_random reached threshold. keyvaluesread: 18874383, status: 6
Pushed sort-reduced file ( size 593024736 ) -> 11
Pushed sort-reduced file ( size 228256128 ) -> 12
srtopkernel: number of key-value pairs uploaded for sorting: 53513056
actgraph_bfs_sw:: no more active vertices to process. exiting.
$$$ edge_process::generateupdates_random. reached end-of-file. keyvaluesread: 15791017
$$$ edge_process::generateupdates_random. reached end-of-file. keyvaluesread: 0
srtopkernel: number of key-value pairs uploaded for sorting: 53539778
actgraph_bfs_sw:: no more active vertices to process. exiting.
>>> grafboost_bfs_sw:: Finished: all threads joined...
>>> grafboost_bfs_sw::summary Total number of kvReads for thread [0]: 255825494
>>> grafboost_bfs_sw::summary Total number of kvReads for thread [1]: 255780320
>>> grafboost_bfs_sw::summary Total number of kvReads for thread [2]: 255813890
>>> grafboost_bfs_sw::summary Total number of kvReads for thread [3]: 255779479
>>> grafboost_bfs_sw::summary Total number of kvReads for all threads: 1023199183
yes no:2-35 no:0-12
Pushed sort-reduced file ( size 228315828 ) -> 13
yes no:2-8 no:0-13
yes no:2-35 no:0-13
yes no:2-35 no:0-13
yes no:2-35 no:0-13
yes no:2-35 no:0-13
yes no:2-35 no:0-13
Pushed sort-reduced file ( size 509118996 ) -> 14
yes no:2-0 no:0-14
Pushed sort-reduced file ( size 316872468 ) -> 15
yes no:1-0 no:0-15
yes no:1-0 no:0-15
Pushed sort-reduced file ( size 241750608 ) -> 16
Im-memory sort done!
Want to start storage-storage merge with 16 inputs out of 16 last
yes yes:0-0 no:1-0
yes yes:0-0 no:1-0
yes yes:0-0 no:1-0
yes yes:0-0 no:1-0
yes yes:0-0 no:1-0
yes yes:0-0 no:1-0
yes yes:0-0 no:1-0
yes yes:0-0 no:1-0
yes yes:0-0 no:1-0
yes yes:0-0 no:1-0
yes yes:0-0 no:1-0
yes yes:0-0 no:1-0
yes yes:0-0 no:1-0
yes yes:0-0 no:1-0
yes yes:0-0 no:1-0
yes yes:0-0 no:1-0
yes yes:0-0 no:1-0
yes yes:0-0 no:1-0
yes yes:0-0 no:1-0
yes yes:0-0 no:1-0
yes yes:0-0 no:1-0
yes yes:0-0 no:1-0
yes yes:0-0 no:1-0
yes yes:0-0 no:1-0
yes yes:0-0 no:1-0
yes yes:0-0 no:1-0
yes yes:0-0 no:1-0
yes yes:0-0 no:1-0
yes yes:0-0 no:1-0
yes yes:0-0 no:1-0
Storage->Storage Pushed sort-reduced file ( size 805302180 ) -> 0
Loading file output.dat size 805302180 -- 25
Sort-reduce all done! Processed 1171 blocks
Wrote 6227692176 bytes to storage during inmem phase
Wrote 805302180 bytes to storage during storage phase
yes yes:0-0 yes:0-1
		++ Iteration 0 done: 67108515
>>> Host::Sort-Reduce & Apply phase:: Active Vertices after iteration 7: 67108515

[1m[37m>>> TIMING SUMMARY: TOTAL KERNEL TIME: 60062 milli seconds[0m
[1m[37m>>> TIMING SUMMARY: TOTAL KERNEL TIME: 60.062 seconds[0m
[1m[37m>>> TIMING SUMMARY: TOTAL POPULATE KVDRAM TIME: 0 milli seconds[0m
[1m[37m>>> TIMING SUMMARY: TOTAL POPULATE KVDRAM TIME: 0 seconds[0m

graph::closeactiveverticesfilesforreading : close active vertices files for writing...
grafboost_bfs_sw::run: graph iteration 8 of pagerank Started
graph::openactiveverticesfilesforreading : open active vertices (iteration 8) files for reading ...
INFO: Successfully opened /oj2zf/datasets/kronecker26/activevertices/iteration8.actvvertices
INFO: Successfully opened /oj2zf/datasets/kronecker26/activeverticesW/iteration8.vertexisactive
graph::getnumactivevertices : number of active vertices for current graph iteration : 3158924
=== grafboost_bfs_sw::run: number of active vertices for graph iteration 8: 3158924 ===
FileKvReader:: variables passed: moffset_bytes: 0, mfilesize_bytes: 6317848
Loading file fd 10 size 6317848
FileKvReader:: variables passed: moffset_bytes: 6317848, mfilesize_bytes: 12635696
Loading file fd 10 size 12635696
FileKvReader:: variables passed: moffset_bytes: 12635696, mfilesize_bytes: 18953544
Loading file fd 10 size 18953544
FileKvReader:: variables passed: moffset_bytes: 18953544, mfilesize_bytes: 25271392
Loading file fd 10 size 25271392
SortReduce Starting...
Remember to set per-thread open file limit to be larger at /etc/security/limits.conf
		++ sortreduce-master/src/sortreduce.cpp -> SortReduce<K,V>::ManagerThread() 
		++ sortreduce-master/src/sortreduce.cpp -> SortReduce<K,V>::ManagerThread(): m_config->max_storage_allocatd_bytes: 0 
		++ sortreduce-master/src/sortreduce.cpp -> SortReduce<K,V>::ManagerThread(): m_config->temporary_directory: h 
sortreduce-master/src/sortreduce.cpp -> SortReduce<K,V>::ManagerThread():: statvfs_ret: 0 
sortreduce-master/src/sortreduce.cpp -> SortReduce<K,V>::ManagerThread():: m_config->max_storage_allocatd_bytes: 0 
sortreduce-master/src/sortreduce.cpp -> SortReduce<K,V>::ManagerThread():: fs_stat.f_bavail: 230585726 
sortreduce-master/src/sortreduce.cpp -> SortReduce<K,V>::ManagerThread():: fs_stat.f_bsize: 4096 
sortreduce-master/src/sortreduce.cpp -> SortReduce<K,V>::ManagerThread():: fs_avail_bytes: 850031220326 
Created vertex values file at /oj2zf/tmpdata_grafboost/vertex_data.dat -- 67108864
VertexValues default init done : 2618 ms
>>> grafboost_bfs_sw::start: launching threads...
Host:: PP&A: [threadidx: 0][size: 4][step: 1]
PP&A:: [graph_iterationidx:8], [threadidx:0][size:4][step:1], [iteration_idx:0][size:256][step:1]
Host:: PP&A: [threadidx: 1][size: 4][step: 1]
PP&A:: [graph_iterationidx:8], [threadidx:1][size:4][step:1], [iteration_idx:0][size:256][step:1]
Host:: PP&A: [threadidx: 2][size: 4][step: 1]
PP&A:: [graph_iterationidx:8], [threadidx:2][size:4][step:1], [iteration_idx:0][size:256][step:1]
Host:: PP&A: [threadidx: 3][size: 4][step: 1]
PP&A:: [graph_iterationidx:8], [threadidx:3][size:4][step:1], [iteration_idx:0][size:256][step:1]
$$$ edge_process::generateupdates_random. reached end-of-file. keyvaluesread: 12640436
$$$ edge_process::generateupdates_random. reached end-of-file. keyvaluesread: 0
$$$ edge_process::generateupdates_random. reached end-of-file. keyvaluesread: 0
$$$ edge_process::generateupdates_random. reached end-of-file. keyvaluesread: 0
$$$ edge_process::generateupdates_random. reached end-of-file. keyvaluesread: 12634061
$$$ edge_process::generateupdates_random. reached end-of-file. keyvaluesread: 0
$$$ edge_process::generateupdates_random. reached end-of-file. keyvaluesread: 0
$$$ edge_process::generateupdates_random. reached end-of-file. keyvaluesread: 0
srtopkernel: number of key-value pairs uploaded for sorting: 12640436
actgraph_bfs_sw:: no more active vertices to process. exiting.
srtopkernel: number of key-value pairs uploaded for sorting: 12634061
actgraph_bfs_sw:: no more active vertices to process. exiting.
$$$ edge_process::generateupdates_random. reached end-of-file. keyvaluesread: 12635915
$$$ edge_process::generateupdates_random. reached end-of-file. keyvaluesread: 0
$$$ edge_process::generateupdates_random. reached end-of-file. keyvaluesread: 0
$$$ edge_process::generateupdates_random. reached end-of-file. keyvaluesread: 0
srtopkernel: number of key-value pairs uploaded for sorting: 12635915
actgraph_bfs_sw:: no more active vertices to process. exiting.
$$$ edge_process::generateupdates_random. reached end-of-file. keyvaluesread: 12631185
$$$ edge_process::generateupdates_random. reached end-of-file. keyvaluesread: 0
$$$ edge_process::generateupdates_random. reached end-of-file. keyvaluesread: 0
$$$ edge_process::generateupdates_random. reached end-of-file. keyvaluesread: 0
srtopkernel: number of key-value pairs uploaded for sorting: 12631185
actgraph_bfs_sw:: no more active vertices to process. exiting.
>>> grafboost_bfs_sw:: Finished: all threads joined...
>>> grafboost_bfs_sw::summary Total number of kvReads for thread [0]: 268459555
>>> grafboost_bfs_sw::summary Total number of kvReads for thread [1]: 268420756
>>> grafboost_bfs_sw::summary Total number of kvReads for thread [2]: 268449805
>>> grafboost_bfs_sw::summary Total number of kvReads for thread [3]: 268410664
>>> grafboost_bfs_sw::summary Total number of kvReads for all threads: 1073740780
yes no:1-32 no:0-0
yes no:1-41 no:0-0
Pushed sort-reduced file ( size 228322752 ) -> 1
yes no:1-0 no:0-1
yes no:1-0 no:0-1
yes no:1-0 no:0-1
yes no:1-0 no:0-1
Pushed sort-reduced file ( size 276102552 ) -> 2
Im-memory sort done!
Want to start storage-storage merge with 2 inputs out of 2 last
yes yes:0-0 no:1-0
yes yes:0-0 no:1-0
Storage->Storage Pushed sort-reduced file ( size 426129108 ) -> 0
Loading file output.dat size 426129108 -- 27
Sort-reduce all done! Processed 73 blocks
Wrote 504425304 bytes to storage during inmem phase
Wrote 426129108 bytes to storage during storage phase
yes yes:0-0 yes:0-1
		++ Iteration 0 done: 35510759
>>> Host::Sort-Reduce & Apply phase:: Active Vertices after iteration 8: 35510759

[1m[37m>>> TIMING SUMMARY: TOTAL KERNEL TIME: 18174 milli seconds[0m
[1m[37m>>> TIMING SUMMARY: TOTAL KERNEL TIME: 18.174 seconds[0m
[1m[37m>>> TIMING SUMMARY: TOTAL POPULATE KVDRAM TIME: 0 milli seconds[0m
[1m[37m>>> TIMING SUMMARY: TOTAL POPULATE KVDRAM TIME: 0 seconds[0m

graph::closeactiveverticesfilesforreading : close active vertices files for writing...
grafboost_bfs_sw::run: graph iteration 9 of pagerank Started
graph::openactiveverticesfilesforreading : open active vertices (iteration 9) files for reading ...
INFO: Successfully opened /oj2zf/datasets/kronecker26/activevertices/iteration9.actvvertices
INFO: Successfully opened /oj2zf/datasets/kronecker26/activeverticesW/iteration9.vertexisactive
graph::getnumactivevertices : number of active vertices for current graph iteration : 6
=== grafboost_bfs_sw::run: number of active vertices for graph iteration 9: 6 ===
FileKvReader:: variables passed: moffset_bytes: 0, mfilesize_bytes: 8
Loading file fd 10 size 8
FileKvReader:: variables passed: moffset_bytes: 8, mfilesize_bytes: 16
Loading file fd 10 size 16
FileKvReader:: variables passed: moffset_bytes: 16, mfilesize_bytes: 24
Loading file fd 10 size 24
FileKvReader:: variables passed: moffset_bytes: 24, mfilesize_bytes: 32
Loading file fd 10 size 32
SortReduce Starting...
Remember to set per-thread open file limit to be larger at /etc/security/limits.conf
		++ sortreduce-master/src/sortreduce.cpp -> SortReduce<K,V>::ManagerThread() 
		++ sortreduce-master/src/sortreduce.cpp -> SortReduce<K,V>::ManagerThread(): m_config->max_storage_allocatd_bytes: 0 
		++ sortreduce-master/src/sortreduce.cpp -> SortReduce<K,V>::ManagerThread(): m_config->temporary_directory: 8 
sortreduce-master/src/sortreduce.cpp -> SortReduce<K,V>::ManagerThread():: statvfs_ret: 0 
sortreduce-master/src/sortreduce.cpp -> SortReduce<K,V>::ManagerThread():: m_config->max_storage_allocatd_bytes: 0 
sortreduce-master/src/sortreduce.cpp -> SortReduce<K,V>::ManagerThread():: fs_stat.f_bavail: 230739725 
sortreduce-master/src/sortreduce.cpp -> SortReduce<K,V>::ManagerThread():: fs_stat.f_bsize: 4096 
sortreduce-master/src/sortreduce.cpp -> SortReduce<K,V>::ManagerThread():: fs_avail_bytes: 850598922240 
Created vertex values file at /oj2zf/tmpdata_grafboost/vertex_data.dat -- 67108864
VertexValues default init done : 1534 ms
>>> grafboost_bfs_sw::start: launching threads...
Host:: PP&A: [threadidx: 0][size: 4][step: 1]
PP&A:: [graph_iterationidx:9], [threadidx:0][size:4][step:1], [iteration_idx:0][size:256][step:1]
Host:: PP&A: [threadidx: 1][size: 4][step: 1]
PP&A:: [graph_iterationidx:9], [threadidx:1][size:4][step:1], [iteration_idx:0][size:256][step:1]
$$$ edge_process::generateupdates_random. reached end-of-file. keyvaluesread: 17
$$$ edge_process::generateupdates_random. reached end-of-file. keyvaluesread: 0
$$$ edge_process::generateupdates_random. reached end-of-file. keyvaluesread: 0
$$$ edge_process::generateupdates_random. reached end-of-file. keyvaluesread: 0$$$ edge_process::generateupdates_random. reached end-of-file. keyvaluesread: 
8
$$$ edge_process::generateupdates_random. reached end-of-file. keyvaluesread: 0
Host:: PP&A: [threadidx: $$$ edge_process::generateupdates_random. reached end-of-file. keyvaluesread: 0
$$$ edge_process::generateupdates_random. reached end-of-file. keyvaluesread: 0
Host:: PP&A: [threadidx: 3][size: 4][step: 1]
PP&A:: [graph_iterationidx:9], [threadidx:3][size:4][step:1], [iteration_idx:0][size:256][step:1]
srtopkernel: number of key-value pairs uploaded for sorting: 17
actgraph_bfs_sw:: no more active vertices to process. exiting.
2][size: 4][step: 1]
PP&A:: [graph_iterationidx:9], [threadidx:2][size:4][step:1], [iteration_idx:0][size:256][step:1]
srtopkernel: number of key-value pairs uploaded for sorting: 8
actgraph_bfs_sw:: no more active vertices to process. exiting.
$$$ edge_process::generateupdates_random. reached end-of-file. keyvaluesread: 20
$$$ edge_process::generateupdates_random. reached end-of-file. keyvaluesread: 0
$$$ edge_process::generateupdates_random. reached end-of-file. keyvaluesread: 0
$$$ edge_process::generateupdates_random. reached end-of-file. keyvaluesread: $$$ edge_process::generateupdates_random. reached end-of-file. keyvaluesread: 23
$$$ edge_process::generateupdates_random. reached end-of-file. keyvaluesread: 0
$$$ edge_process::generateupdates_random. reached end-of-file. keyvaluesread: 0
$$$ edge_process::generateupdates_random. reached end-of-file. keyvaluesread: 0
0srtopkernel: number of key-value pairs uploaded for sorting: 
23
actgraph_bfs_sw:: no more active vertices to process. exiting.
srtopkernel: number of key-value pairs uploaded for sorting: 20
actgraph_bfs_sw:: no more active vertices to process. exiting.
>>> grafboost_bfs_sw:: Finished: all threads joined...
>>> grafboost_bfs_sw::summary Total number of kvReads for thread [0]: 268459572
>>> grafboost_bfs_sw::summary Total number of kvReads for thread [1]: 268420764
>>> grafboost_bfs_sw::summary Total number of kvReads for thread [2]: 268449825
>>> grafboost_bfs_sw::summary Total number of kvReads for thread [3]: 268410687
>>> grafboost_bfs_sw::summary Total number of kvReads for all threads: 1073740848
SortReduce writing inmem directly to file /oj2zf/tmpdata_grafboost/output.dat
Pushed sort-reduced file ( size 816 ) -> 1
Im-memory sort done!
Loading file output.dat size 816 -- 29
Sort-reduce all done! Processed 1 blocks
Wrote 816 bytes to storage during inmem phase
Wrote 0 bytes to storage during storage phase
yes yes:0-0 yes:0-1
		++ Iteration 0 done: 68
>>> Host::Sort-Reduce & Apply phase:: Active Vertices after iteration 9: 68

[1m[37m>>> TIMING SUMMARY: TOTAL KERNEL TIME: 1071 milli seconds[0m
[1m[37m>>> TIMING SUMMARY: TOTAL KERNEL TIME: 1.071 seconds[0m
[1m[37m>>> TIMING SUMMARY: TOTAL POPULATE KVDRAM TIME: 0 milli seconds[0m
[1m[37m>>> TIMING SUMMARY: TOTAL POPULATE KVDRAM TIME: 0 seconds[0m

graph::closeactiveverticesfilesforreading : close active vertices files for writing...
grafboost_bfs_sw::run: graph iteration 10 of pagerank Started
graph::openactiveverticesfilesforreading : open active vertices (iteration 10) files for reading ...
INFO: Successfully opened /oj2zf/datasets/kronecker26/activevertices/iteration10.actvvertices
INFO: Successfully opened /oj2zf/datasets/kronecker26/activeverticesW/iteration10.vertexisactive
graph::getnumactivevertices : number of active vertices for current graph iteration : 0
=== grafboost_bfs_sw::run: number of active vertices for graph iteration 10: 0 ===
grafboost_bfs_sw::run: no more active vertices to process. exiting...
TEST FINISHED
[1m[37m>>> TIMING SUMMARY: TOTAL TIME ELAPSED [FETCHING ACTIVE VERTICES]: 0 [seconds][0m
[1m[37m>>> TIMING SUMMARY: TOTAL TIME ELAPSED [POPULATE KVDRAM 1]: 0 [seconds][0m
[1m[37m>>> TIMING SUMMARY: TOTAL TIME ELAPSED [POPULATE KVDRAM 2]: 0 [seconds][0m
[1m[37m>>> TIMING SUMMARY: TOTAL TIME ELAPSED [POPULATE KVDRAM]: 0 [seconds][0m
[1m[37m>>> TIMING SUMMARY: TOTAL TIME ELAPSED [SAVE VERTEX UPDATES]: 0 [seconds][0m
[1m[37m>>> TIMING SUMMARY: TOTAL TIME ELAPSED [KERNEL]: 0 [seconds][0m
[1m[37m>>> TIMING SUMMARY: TOTAL TIME ELAPSED [C1]: 311710 [milli seconds][0m
[1m[37m>>> TIMING SUMMARY: TOTAL TIME ELAPSED [C1]: 311.71 [seconds][0m
[1m[37m>>> TIMING SUMMARY: TOTAL TIME ELAPSED [C2]: 311.71 [seconds][0m
[1m[37m>>> TIMING SUMMARY: TOTAL TIME ELAPSED [C3]: 311.71 [seconds][0m
[1m[37m>>> TIMING SUMMARY: TOTAL TIME ELAPSED [C4*]: 311.71 [seconds][0m
[1m[37m>>> TIMING SUMMARY: globaldebugger_totalbytesreadfromfile: 0 [bytes][0m
[1m[37m>>> TIMING SUMMARY: globaldebugger_totalbyteswrittentofile: 0 [bytes][0m
[1m[37m>>> TIMING SUMMARY: globaldebugger_totalkeyvaluesstransferredtokernel: 0 [key values][0m
[1m[37m>>> TIMING SUMMARY: globaldebugger_totalkeyvaluesstransferredfromkernel: 0 [key values][0m
[1m[37m>>> TIMING SUMMARY: globaldebugger_totalkvstats[0]: 0 [key values][0m
[1m[37m>>> TIMING SUMMARY: globaldebugger_totalkvstats[16383]: 0 [key values][0m
[1m[37m>>> TIMING SUMMARY: globaldebugger_totalkvstats[32767]: 0 [key values][0m

