Hostprocess:: Graph Analytics Started...
utility:: USEHBMMEMORY DEFINED
utility:: NUMDRAMBANKS: 4
utility:: NUMWORKERS: 1
utility:: NUMSUBWORKERS: 3
utility:: NUM_PARTITIONS: 16
utility:: NUMSUBCPUTHREADS: 32
utility:: DATAWIDTH: 512
utility:: VECTOR_SIZE: 8
utility:: KVDATA_RANGE: 2097152
utility:: KVDATA_RANGE_POW: 21
utility:: BATCH_RANGE: 2097152
utility:: BATCH_RANGE_POW: 21
utility:: TREE_DEPTH: 3
utility:: KVDATA_RANGE_POW: 21
utility:: KVDATA_RANGE: 2097152
utility:: MESSAGES_SIZE: 1024
utility:: LOCKE DEFINED
utility:: sizeof(keyvalue_t): 8 bytes (64 bits)
utility:: sizeof(vertex_t): 4 bytes (32 bits)
utility:: sizeof(edge_t): 4 bytes (32 bits)
utility:: MESSAGESDRAMSZ: 1024
utility:: VERTEXPTRSSZ: 1114112
utility:: VERTEXPTRSSZ_KVS: 139264
utility:: VERTICESDATASZ: 1048576
utility:: VERTICESDATASZ_KVS: 131072
>> host[baseoffsets]:: BASEOFFSET_MESSAGESDATA: 0
>> host[baseoffsets]:: BASEOFFSET_MESSAGESDATA_KVS: 0
>> host[baseoffsets]:: KVSOURCEDRAMSZ: 33554432
>> host[baseoffsets]:: KVSOURCEDRAMSZ_KVS: 4194304
>> host[baseoffsets]:: PADDEDKVSOURCEDRAMSZ: 33554432
>> host[baseoffsets]:: PADDEDKVSOURCEDRAMSZ_KVS: 4194304
>> host[baseoffsets]:: VDRAMSZ: 33554432
>> host[baseoffsets]:: PADDEDVDRAMSZ: 33554432
>> host[baseoffsets]:: PADDEDVDRAMSZ_KVS: 4194304
>> host[sizes]:: MESSAGESDRAMSZ (keyvalues): 1024 keyvalues
>> host[sizes]:: VERTEXPTRSSZ (keyvalues): 1114112 keyvalues
>> host[sizes]:: VERTICESDATASZ (keyvalues): 1048576 keyvalues
>> host[sizes]:: ACTIVEVERTICESSZ (keyvalues): 0 keyvalues
>> host[sizes]:: VERTICESDATAMASKSZ (keyvalues): 65536 keyvalues
>> host[sizes]:: KVSTATSDRAMSZ (keyvalues): 65536 keyvalues
>> host[sizes]:: PADDEDVDRAMSZ (keyvalues): 33554432 keyvalues
>> host[sizes]:: PADDEDKVSOURCEDRAMSZ (keyvalues): 33554432 keyvalues
>> host[bytes]:: MESSAGESDRAMSZ (bytes): 8192 bytes
>> host[bytes]:: KVSTATSDRAMSZ (bytes): 524288 bytes
>> host[bytes]:: VERTEXPTRSSZ (bytes): 8912896 bytes
>> host[bytes]:: VERTICESDATASZ (bytes): 8388608 bytes
>> host[bytes]:: ACTIVEVERTICESSZ (bytes): 0 bytes
>> host[bytes]:: VERTICESDATAMASKSZ (bytes): 524288 bytes
>> host[bytes]:: PADDEDVDRAMSZ (bytes): 268435456 bytes
>> host[bytes]:: PADDEDKVSOURCEDRAMSZ (bytes): 268435456 bytes
utility:: KVSTATSDRAMSZ: 65536
utility:: NUMLASTLEVELPARTITIONS: 4096
utility:: REDUCESZ_POW: 9
utility:: REDUCESZ: 512
utility:: REDUCEBUFFERSZ: 256
utility:: VMASKBUFFERSZ_KVS: 16
utility:: NUMLASTLEVELPARTITIONS: 4096
utility:: ENABLE_KERNEL_PROFILING DEFINED: 
graph::graph constructor:: datasetid: 31, _numedgebanks: 1
graph::loadalldatasets:: 
graph::loadalldatasets finished. 
graph::printdataset: printing dataset parameters...
>>> graphtopname: hollywood-2009
>>> graphname: hollywood-2009_dup
>>> graph_path: /localtmp/oj2zf/dataset/hollywood-2009/hollywood-2009.mtx
>>> vertices_path: /localtmp/oj2zf/dataset/hollywood-2009/hollywood-2009.vertices
>>> edges_path: /localtmp/oj2zf/dataset/hollywood-2009/hollywood-2009.edges
>>> vertices_path_bin: /localtmp/oj2zf/dataset/hollywood-2009/hollywood-2009_bin.vertices
>>> edges_path_bin: /localtmp/oj2zf/dataset/hollywood-2009/hollywood-2009_bin.edges
>>> min_vertex: 0
>>> max_vertex: 1139905
>>> num_vertices: 1139905
>>> num_edges: 115031232
>>> graphdirectiontype: 5
>>> graphorder: 6
>>> skewratio: 666
app::run_hw:: app algorithm started. 
graph::opentemporaryfilesforwriting : opening temporary files for writing...
Directory already exists.INFO: Successfully opened /localtmp/oj2zf/dataset/hollywood-2009/hollywood-2009_1by1/hollywood-2009_dup.vdata
INFO: Successfully opened /localtmp/oj2zf/dataset/hollywood-2009/hollywood-2009_1by1/hollywood-2009_dup.vproperties
graph::opentemporaryfilesforreading : opening temporary files for reading
INFO: Successfully opened /localtmp/oj2zf/dataset/hollywood-2009/hollywood-2009_1by1/hollywood-2009_dup.vdata
INFO: Successfully opened /localtmp/oj2zf/dataset/hollywood-2009/hollywood-2009_1by1/hollywood-2009_dup.vproperties
generating vertices data... 
graph::openfilesforreading : opening files for reading
INFO: Successfully opened /localtmp/oj2zf/dataset/hollywood-2009/hollywood-2009_1by1/hollywood-2009_dup_0_0.vertexptrs
INFO: Successfully opened /localtmp/oj2zf/dataset/hollywood-2009/hollywood-2009_1by1/hollywood-2009_dup_0_0.vertexptrs
INFO: Successfully opened /localtmp/oj2zf/dataset/hollywood-2009/hollywood-2009_1by1/hollywood-2009_dup_0_0.edges
INFO: Successfully opened /localtmp/oj2zf/dataset/hollywood-2009/hollywood-2009_1by1/hollywood-2009_dup_0_0.edges
loadedges_rowblockwise:: loading Acts... sizes: [[4111312, 4111312, 4111312, 4111312, 4111312, 4111312, 4111312, 4111312, 4111312, 4111312, 4111312, 4111312, 4111312, 4111312, 4111312, 4111312, 4111312, 4111312, 4111312, 4111312, 4111312, 4111312, 4111312, 4111312, 4111312, 4111312, 4111312, 4111312, 4111312, 4111312, 4111312, 4111296]]
loadedges_rowblockwise:: total sizes: 131561968
maxvptr: 4111312
app::loadvertexdata:: loading vertex datas... 
app::setrootvid:: setting root vid(s)... 
app::loadactvvertices:: loading active vertices... 
app::generatevmaskdata:: generating vmask... 
app::loadoffsetmarkers:: loading offset markers... 
app::loadmessages:: loading messages... 
[globalparams.BASEOFFSET_MESSAGESDATA: 0]
[globalparams.BASEOFFSETKVS_MESSAGESDATA: 0]
[globalparams.BASEOFFSET_EDGESDATA: 8192]
[globalparams.BASEOFFSETKVS_EDGESDATA: 1024]
[globalparams.BASEOFFSET_VERTEXPTR: 2129384]
[globalparams.BASEOFFSETKVS_VERTEXPTR: 266173]
[globalparams.BASEOFFSET_VERTICESDATA: 3243496]
[globalparams.BASEOFFSETKVS_VERTICESDATA: 405437]
[globalparams.BASEOFFSET_ACTIVEVERTICES: 4292072]
[globalparams.BASEOFFSETKVS_ACTIVEVERTICES: 536509]
[globalparams.BASEOFFSET_VERTICESDATAMASK: 4292072]
[globalparams.BASEOFFSETKVS_VERTICESDATAMASK: 536509]
[globalparams.BASEOFFSET_VERTICESPARTITIONMASK : 4357608]
[globalparams.BASEOFFSETKVS_VERTICESPARTITIONMASK: 544701]
[globalparams.BASEOFFSET_STATSDRAM: 4361704]
[globalparams.BASEOFFSETKVS_STATSDRAM: 545213]
[globalparams.BASEOFFSET_KVDRAM: 4885992]
[globalparams.BASEOFFSETKVS_KVDRAM: 610749]
[globalparams.BASEOFFSET_KVDRAMWORKSPACE: 8997896]
[globalparams.BASEOFFSETKVS_KVDRAMWORKSPACE: 1124737]
[globalparams.SIZE_MESSAGESDRAM: 0]
[globalparams.SIZE_EDGES: 4112312]
[globalparams.SIZE_VERTEXPTRS: 2097152]
[globalparams.SIZE_VERTICESDATA: 2097152]
[globalparams.SIZE_ACTIVEVERTICES: 0]
[globalparams.SIZE_VERTICESDATAMASK: 65536]
[globalparams.SIZE_KVSTATSDRAM: 65536]
[globalparams.SIZE_KVDRAM: 4111904]
[globalparams.SIZE_KVDRAMWORKSPACE: 4111904]
[1m[37m>> host[sizes]:: PADDEDKVSOURCEDRAMSZ (keyvalues): 33554432 keyvalues[0m
[1m[37m>> host[bytes]:: PADDEDKVSOURCEDRAMSZ (bytes): 268435456 bytes[0m
[1m[37m>> host[sizes]:: valid PADDEDKVSOURCEDRAMSZ (keyvalues): 13109800 keyvalues[0m
[1m[37m>> host[bytes]:: valid PADDEDKVSOURCEDRAMSZ (bytes): 104878400 bytes. (HBM max=268435456 bytes)[0m
loadmessages:: loading Acts... sizes: [[4111312, 4111312, 4111312, 4111312, 4111312, 4111312, 4111312, 4111312, 4111312, 4111312, 4111312, 4111312, 4111312, 4111312, 4111312, 4111312, 4111312, 4111312, 4111312, 4111312, 4111312, 4111312, 4111312, 4111312, 4111312, 4111312, 4111312, 4111312, 4111312, 4111312, 4111312, 4111296]]
loadmessages:: total sizes: 131561968
app::appendkeyvaluecount:: appending value count... 
app::experiements: resetting kvdram & kvdram workspaces...

utility::runsssp_sw:: running traditional sssp... 
utility::runsssp_sw: number of active vertices for iteration 0: 0
utility::runsssp_sw: number of active vertices for iteration 1: 4
utility::runsssp_sw: number of active vertices for iteration 2: 23
utility::runsssp_sw: number of active vertices for iteration 3: 1249
utility::runsssp_sw: number of active vertices for iteration 4: 110694
utility::runsssp_sw: number of active vertices for iteration 5: 752777
utility::runsssp_sw: number of active vertices for iteration 6: 194415
utility::runsssp_sw: number of active vertices for iteration 7: 9482
utility::runsssp_sw: number of active vertices for iteration 8: 461
utility::runsssp_sw: number of active vertices for iteration 9: 19
utility::runsssp_sw: number of active vertices for iteration 10: 1
utility::runsssp_sw: number of active vertices for iteration 11: 0
no more activer vertices to process. breaking out... 
>>> utility::runsssp_sw: total_edges_processed: 114751558 edges (114 million edges)
>>> utility::runsssp_sw: total_time_elapsed: 1426 ms (1.426 s)
[1m[37m>>> utility::runsssp_sw: throughput: 8.04709e+07 edges/sec (80.4709 million edges/sec)[0m

[1m[37m>>> app::run_hw: app started. (1 active vertices)[0m
Found Platform
Platform Name: Xilinx
Found Device=xilinx_u280_xdma_201910_1
INFO: Reading /home/oj2zf/Documents/ActsOfAGraph/synkernels/goldenkernelprocsssp32HW240MHz.xclbin
Loading: '/home/oj2zf/Documents/ActsOfAGraph/synkernels/goldenkernelprocsssp32HW240MHz.xclbin'
INFO: Reading /home/oj2zf/Documents/ActsOfAGraph/synkernels/goldenkernelsync32HW240MHz.xclbin
Loading: '/home/oj2zf/Documents/ActsOfAGraph/synkernels/goldenkernelsync32HW240MHz.xclbin'
>>> goclkernel[actssync]:: running ACTS PROCESS (Iteration 0)...
>>> kernel (proc) 0 time elapsed: 0.589 ms, 589 microsecs, 
>>> kernel (proc) 1 time elapsed: 0.556 ms, 556 microsecs, 
>>> kernel (proc) 2 time elapsed: 0.507 ms, 507 microsecs, 
>>> kernel (proc) 3 time elapsed: 0.578 ms, 578 microsecs, 
>>> kernel (proc) 4 time elapsed: 0.551 ms, 551 microsecs, 
>>> kernel (proc) 5 time elapsed: 0.559 ms, 559 microsecs, 
>>> kernel (proc) 6 time elapsed: 0.544 ms, 544 microsecs, 
>>> kernel (proc) 7 time elapsed: 0.554 ms, 554 microsecs, 
>>> kernel (proc) 8 time elapsed: 0.572 ms, 572 microsecs, 
>>> kernel (proc) 9 time elapsed: 0.556 ms, 556 microsecs, 
>>> kernel (proc) 10 time elapsed: 0.554 ms, 554 microsecs, 
>>> kernel (proc) 11 time elapsed: 0.562 ms, 562 microsecs, 
>>> kernel (proc) 12 time elapsed: 0.545 ms, 545 microsecs, 
>>> kernel (proc) 13 time elapsed: 0.56 ms, 560 microsecs, 
>>> kernel (proc) 14 time elapsed: 0.556 ms, 556 microsecs, 
>>> kernel (proc) 15 time elapsed: 0.586 ms, 586 microsecs, 
>>> kernel (proc) 16 time elapsed: 0.522 ms, 522 microsecs, 
>>> kernel (proc) 17 time elapsed: 0.559 ms, 559 microsecs, 
>>> kernel (proc) 18 time elapsed: 0.552 ms, 552 microsecs, 
>>> kernel (proc) 19 time elapsed: 0.563 ms, 563 microsecs, 
>>> kernel (proc) 20 time elapsed: 0.55 ms, 550 microsecs, 
>>> kernel (proc) 21 time elapsed: 0.551 ms, 551 microsecs, 
>>> kernel (proc) 22 time elapsed: 0.549 ms, 549 microsecs, 
>>> kernel (proc) 23 time elapsed: 0.571 ms, 571 microsecs, 
>>> kernel (proc) 24 time elapsed: 0.556 ms, 556 microsecs, 
>>> kernel (proc) 25 time elapsed: 0.542 ms, 542 microsecs, 
>>> kernel (proc) 26 time elapsed: 0.502 ms, 502 microsecs, 
>>> kernel (proc) 27 time elapsed: 0.553 ms, 553 microsecs, 
>>> kernel (proc) 28 time elapsed: 0.553 ms, 553 microsecs, 
>>> kernel (proc) 29 time elapsed: 0.547 ms, 547 microsecs, 
>>> kernel (proc) 30 time elapsed: 0.552 ms, 552 microsecs, 
>>> kernel (proc) 31 time elapsed: 0.516 ms, 516 microsecs, 
>>> SUMMARY: kernel (proc) average time elapsed for Iteration 0: 0.466161(0.466161) ms, 0.466613(0.000451613) ms, 0.550903(0.0842903) ms, 
>>> goclkernel[actssync]:: running ACTS SYNCHRONZE (Iteration 0)

active partitions for iteration 1: 0, 26, 
>>> goclkernel[actssync]:: running ACTS PROCESS (Iteration 1)...
>>> kernel (proc) 0 time elapsed: 0.587 ms, 587 microsecs, 
>>> kernel (proc) 1 time elapsed: 0.63 ms, 630 microsecs, 
>>> kernel (proc) 2 time elapsed: 0.662 ms, 662 microsecs, 
>>> kernel (proc) 3 time elapsed: 0.611 ms, 611 microsecs, 
>>> kernel (proc) 4 time elapsed: 0.582 ms, 582 microsecs, 
>>> kernel (proc) 5 time elapsed: 0.579 ms, 579 microsecs, 
>>> kernel (proc) 6 time elapsed: 0.575 ms, 575 microsecs, 
>>> kernel (proc) 7 time elapsed: 0.607 ms, 607 microsecs, 
>>> kernel (proc) 8 time elapsed: 0.59 ms, 590 microsecs, 
>>> kernel (proc) 9 time elapsed: 0.578 ms, 578 microsecs, 
>>> kernel (proc) 10 time elapsed: 0.593 ms, 593 microsecs, 
>>> kernel (proc) 11 time elapsed: 0.585 ms, 585 microsecs, 
>>> kernel (proc) 12 time elapsed: 0.575 ms, 575 microsecs, 
>>> kernel (proc) 13 time elapsed: 0.583 ms, 583 microsecs, 
>>> kernel (proc) 14 time elapsed: 0.581 ms, 581 microsecs, 
>>> kernel (proc) 15 time elapsed: 0.535 ms, 535 microsecs, 
>>> kernel (proc) 16 time elapsed: 0.576 ms, 576 microsecs, 
>>> kernel (proc) 17 time elapsed: 0.597 ms, 597 microsecs, 
>>> kernel (proc) 18 time elapsed: 0.579 ms, 579 microsecs, 
>>> kernel (proc) 19 time elapsed: 0.554 ms, 554 microsecs, 
>>> kernel (proc) 20 time elapsed: 0.545 ms, 545 microsecs, 
>>> kernel (proc) 21 time elapsed: 0.58 ms, 580 microsecs, 
>>> kernel (proc) 22 time elapsed: 0.574 ms, 574 microsecs, 
>>> kernel (proc) 23 time elapsed: 0.595 ms, 595 microsecs, 
>>> kernel (proc) 24 time elapsed: 0.514 ms, 514 microsecs, 
>>> kernel (proc) 25 time elapsed: 0.58 ms, 580 microsecs, 
>>> kernel (proc) 26 time elapsed: 0.531 ms, 531 microsecs, 
>>> kernel (proc) 27 time elapsed: 0.586 ms, 586 microsecs, 
>>> kernel (proc) 28 time elapsed: 0.513 ms, 513 microsecs, 
>>> kernel (proc) 29 time elapsed: 0.558 ms, 558 microsecs, 
>>> kernel (proc) 30 time elapsed: 0.515 ms, 515 microsecs, 
>>> kernel (proc) 31 time elapsed: 0.581 ms, 581 microsecs, 
>>> SUMMARY: kernel (proc) average time elapsed for Iteration 1: 0.427581(0.427581) ms, 0.468968(0.0413871) ms, 0.575613(0.106645) ms, 
>>> goclkernel[actssync]:: running ACTS SYNCHRONZE (Iteration 1)

active partitions for iteration 2: 0, 1, 9, 14, 26, 40, 47, 73, 121, 
>>> goclkernel[actssync]:: running ACTS PROCESS (Iteration 2)...
>>> kernel (proc) 0 time elapsed: 1.185 ms, 1185 microsecs, 
>>> kernel (proc) 1 time elapsed: 1.195 ms, 1195 microsecs, 
>>> kernel (proc) 2 time elapsed: 1.099 ms, 1099 microsecs, 
>>> kernel (proc) 3 time elapsed: 1.197 ms, 1197 microsecs, 
>>> kernel (proc) 4 time elapsed: 1.2 ms, 1200 microsecs, 
>>> kernel (proc) 5 time elapsed: 1.121 ms, 1121 microsecs, 
>>> kernel (proc) 6 time elapsed: 1.143 ms, 1143 microsecs, 
>>> kernel (proc) 7 time elapsed: 1.363 ms, 1363 microsecs, 
>>> kernel (proc) 8 time elapsed: 1.284 ms, 1284 microsecs, 
>>> kernel (proc) 9 time elapsed: 1.314 ms, 1314 microsecs, 
>>> kernel (proc) 10 time elapsed: 1.192 ms, 1192 microsecs, 
>>> kernel (proc) 11 time elapsed: 1.234 ms, 1234 microsecs, 
>>> kernel (proc) 12 time elapsed: 1.235 ms, 1235 microsecs, 
>>> kernel (proc) 13 time elapsed: 1.272 ms, 1272 microsecs, 
>>> kernel (proc) 14 time elapsed: 1.159 ms, 1159 microsecs, 
>>> kernel (proc) 15 time elapsed: 1.148 ms, 1148 microsecs, 
>>> kernel (proc) 16 time elapsed: 1.221 ms, 1221 microsecs, 
>>> kernel (proc) 17 time elapsed: 1.262 ms, 1262 microsecs, 
>>> kernel (proc) 18 time elapsed: 1.118 ms, 1118 microsecs, 
>>> kernel (proc) 19 time elapsed: 1.17 ms, 1170 microsecs, 
>>> kernel (proc) 20 time elapsed: 1.193 ms, 1193 microsecs, 
>>> kernel (proc) 21 time elapsed: 1.203 ms, 1203 microsecs, 
>>> kernel (proc) 22 time elapsed: 1.16 ms, 1160 microsecs, 
>>> kernel (proc) 23 time elapsed: 1.217 ms, 1217 microsecs, 
>>> kernel (proc) 24 time elapsed: 1.272 ms, 1272 microsecs, 
>>> kernel (proc) 25 time elapsed: 1.233 ms, 1233 microsecs, 
>>> kernel (proc) 26 time elapsed: 1.183 ms, 1183 microsecs, 
>>> kernel (proc) 27 time elapsed: 1.182 ms, 1182 microsecs, 
>>> kernel (proc) 28 time elapsed: 1.271 ms, 1271 microsecs, 
>>> kernel (proc) 29 time elapsed: 1.248 ms, 1248 microsecs, 
>>> kernel (proc) 30 time elapsed: 1.185 ms, 1185 microsecs, 
>>> kernel (proc) 31 time elapsed: 1.227 ms, 1227 microsecs, 
>>> SUMMARY: kernel (proc) average time elapsed for Iteration 2: 0.848355(0.848355) ms, 0.941871(0.0935161) ms, 1.20971(0.267839) ms, 
>>> goclkernel[actssync]:: running ACTS SYNCHRONZE (Iteration 2)

active partitions for iteration 3: 0, 1, 3, 4, 7, 9, 10, 14, 15, 19, 22, 24, 26, 28, 29, 30, 31, 33, 34, 35, 36, 37, 38, 40, 41, 43, 44, 45, 47, 48, 49, 50, 51, 52, 53, 56, 58, 59, 61, 63, 65, 67, 68, 69, 70, 71, 72, 73, 74, 75, 76, 77, 79, 82, 83, 85, 87, 90, 95, 96, 97, 100, 102, 103, 104, 107, 108, 110, 111, 113, 114, 115, 116, 117, 120, 121, 123, 124, 125, 126, 
>>> goclkernel[actssync]:: running ACTS PROCESS (Iteration 3)...
>>> kernel (proc) 0 time elapsed: 5.081 ms, 5081 microsecs, 
>>> kernel (proc) 1 time elapsed: 5.062 ms, 5062 microsecs, 
>>> kernel (proc) 2 time elapsed: 5.026 ms, 5026 microsecs, 
>>> kernel (proc) 3 time elapsed: 5.089 ms, 5089 microsecs, 
>>> kernel (proc) 4 time elapsed: 4.99 ms, 4990 microsecs, 
>>> kernel (proc) 5 time elapsed: 5.118 ms, 5118 microsecs, 
>>> kernel (proc) 6 time elapsed: 5.018 ms, 5018 microsecs, 
>>> kernel (proc) 7 time elapsed: 5.104 ms, 5104 microsecs, 
>>> kernel (proc) 8 time elapsed: 5 ms, 5000 microsecs, 
>>> kernel (proc) 9 time elapsed: 5.02 ms, 5020 microsecs, 
>>> kernel (proc) 10 time elapsed: 5.095 ms, 5095 microsecs, 
>>> kernel (proc) 11 time elapsed: 5.025 ms, 5025 microsecs, 
>>> kernel (proc) 12 time elapsed: 5.114 ms, 5114 microsecs, 
>>> kernel (proc) 13 time elapsed: 5.017 ms, 5017 microsecs, 
>>> kernel (proc) 14 time elapsed: 5.048 ms, 5048 microsecs, 
>>> kernel (proc) 15 time elapsed: 5.069 ms, 5069 microsecs, 
>>> kernel (proc) 16 time elapsed: 5.073 ms, 5073 microsecs, 
>>> kernel (proc) 17 time elapsed: 5.098 ms, 5098 microsecs, 
>>> kernel (proc) 18 time elapsed: 5.082 ms, 5082 microsecs, 
>>> kernel (proc) 19 time elapsed: 5.051 ms, 5051 microsecs, 
>>> kernel (proc) 20 time elapsed: 4.989 ms, 4989 microsecs, 
>>> kernel (proc) 21 time elapsed: 5.02 ms, 5020 microsecs, 
>>> kernel (proc) 22 time elapsed: 5.003 ms, 5003 microsecs, 
>>> kernel (proc) 23 time elapsed: 5.083 ms, 5083 microsecs, 
>>> kernel (proc) 24 time elapsed: 4.959 ms, 4959 microsecs, 
>>> kernel (proc) 25 time elapsed: 5.09 ms, 5090 microsecs, 
>>> kernel (proc) 26 time elapsed: 5.025 ms, 5025 microsecs, 
>>> kernel (proc) 27 time elapsed: 5.072 ms, 5072 microsecs, 
>>> kernel (proc) 28 time elapsed: 5.008 ms, 5008 microsecs, 
>>> kernel (proc) 29 time elapsed: 5.073 ms, 5073 microsecs, 
>>> kernel (proc) 30 time elapsed: 5.034 ms, 5034 microsecs, 
>>> kernel (proc) 31 time elapsed: 5.034 ms, 5034 microsecs, 
>>> SUMMARY: kernel (proc) average time elapsed for Iteration 3: 3.41665(3.41665) ms, 3.61519(0.198548) ms, 5.04803(1.43284) ms, 
>>> goclkernel[actssync]:: running ACTS SYNCHRONZE (Iteration 3)

active partitions for iteration 4: 0, 1, 2, 3, 4, 5, 6, 7, 8, 9, 10, 11, 12, 13, 14, 15, 16, 17, 18, 19, 20, 21, 22, 23, 24, 25, 26, 27, 28, 29, 30, 31, 32, 33, 34, 35, 36, 37, 38, 39, 40, 41, 42, 43, 44, 45, 46, 47, 48, 49, 50, 51, 52, 53, 54, 55, 56, 57, 58, 59, 60, 61, 62, 63, 64, 65, 66, 67, 68, 69, 70, 71, 72, 73, 74, 75, 76, 77, 78, 79, 80, 81, 82, 83, 84, 85, 86, 87, 88, 89, 90, 91, 92, 93, 94, 95, 96, 97, 98, 99, 100, 101, 102, 103, 104, 105, 106, 107, 108, 109, 110, 111, 112, 113, 114, 115, 116, 117, 118, 119, 120, 121, 122, 123, 124, 125, 126, 127, 128, 129, 130, 
>>> goclkernel[actssync]:: running ACTS PROCESS (Iteration 4)...
>>> kernel (proc) 0 time elapsed: 24.383 ms, 24383 microsecs, 
>>> kernel (proc) 1 time elapsed: 24.458 ms, 24458 microsecs, 
>>> kernel (proc) 2 time elapsed: 24.463 ms, 24463 microsecs, 
>>> kernel (proc) 3 time elapsed: 24.48 ms, 24480 microsecs, 
>>> kernel (proc) 4 time elapsed: 24.461 ms, 24461 microsecs, 
>>> kernel (proc) 5 time elapsed: 24.502 ms, 24502 microsecs, 
>>> kernel (proc) 6 time elapsed: 24.43 ms, 24430 microsecs, 
>>> kernel (proc) 7 time elapsed: 24.485 ms, 24485 microsecs, 
>>> kernel (proc) 8 time elapsed: 24.464 ms, 24464 microsecs, 
>>> kernel (proc) 9 time elapsed: 24.448 ms, 24448 microsecs, 
>>> kernel (proc) 10 time elapsed: 24.501 ms, 24501 microsecs, 
>>> kernel (proc) 11 time elapsed: 24.529 ms, 24529 microsecs, 
>>> kernel (proc) 12 time elapsed: 24.478 ms, 24478 microsecs, 
>>> kernel (proc) 13 time elapsed: 24.468 ms, 24468 microsecs, 
>>> kernel (proc) 14 time elapsed: 24.447 ms, 24447 microsecs, 
>>> kernel (proc) 15 time elapsed: 24.479 ms, 24479 microsecs, 
>>> kernel (proc) 16 time elapsed: 24.468 ms, 24468 microsecs, 
>>> kernel (proc) 17 time elapsed: 24.478 ms, 24478 microsecs, 
>>> kernel (proc) 18 time elapsed: 24.431 ms, 24431 microsecs, 
>>> kernel (proc) 19 time elapsed: 24.483 ms, 24483 microsecs, 
>>> kernel (proc) 20 time elapsed: 24.418 ms, 24418 microsecs, 
>>> kernel (proc) 21 time elapsed: 24.449 ms, 24449 microsecs, 
>>> kernel (proc) 22 time elapsed: 24.469 ms, 24469 microsecs, 
>>> kernel (proc) 23 time elapsed: 24.431 ms, 24431 microsecs, 
>>> kernel (proc) 24 time elapsed: 24.481 ms, 24481 microsecs, 
>>> kernel (proc) 25 time elapsed: 24.402 ms, 24402 microsecs, 
>>> kernel (proc) 26 time elapsed: 24.45 ms, 24450 microsecs, 
>>> kernel (proc) 27 time elapsed: 24.46 ms, 24460 microsecs, 
>>> kernel (proc) 28 time elapsed: 24.459 ms, 24459 microsecs, 
>>> kernel (proc) 29 time elapsed: 24.431 ms, 24431 microsecs, 
>>> kernel (proc) 30 time elapsed: 24.448 ms, 24448 microsecs, 
>>> kernel (proc) 31 time elapsed: 24.437 ms, 24437 microsecs, 
>>> SUMMARY: kernel (proc) average time elapsed for Iteration 4: 8.16035(8.16035) ms, 12.9356(4.77529) ms, 24.4609(11.5253) ms, 
>>> goclkernel[actssync]:: running ACTS SYNCHRONZE (Iteration 4)

active partitions for iteration 5: 0, 1, 2, 3, 4, 5, 6, 7, 8, 9, 10, 11, 12, 13, 14, 15, 16, 17, 18, 19, 20, 21, 22, 23, 24, 25, 26, 27, 28, 29, 30, 31, 32, 33, 34, 35, 36, 37, 38, 39, 40, 41, 42, 43, 44, 45, 46, 47, 48, 49, 50, 51, 52, 53, 54, 55, 56, 57, 58, 59, 60, 61, 62, 63, 64, 65, 66, 67, 68, 69, 70, 71, 72, 73, 74, 75, 76, 77, 78, 79, 80, 81, 82, 83, 84, 85, 86, 87, 88, 89, 90, 91, 92, 93, 94, 95, 96, 97, 98, 99, 100, 101, 102, 103, 104, 105, 106, 107, 108, 109, 110, 111, 112, 113, 114, 115, 116, 117, 118, 119, 120, 121, 122, 123, 124, 125, 126, 127, 128, 129, 130, 
>>> goclkernel[actssync]:: running ACTS PROCESS (Iteration 5)...
>>> kernel (proc) 0 time elapsed: 26.14 ms, 26140 microsecs, 
>>> kernel (proc) 1 time elapsed: 26.067 ms, 26067 microsecs, 
>>> kernel (proc) 2 time elapsed: 26.153 ms, 26153 microsecs, 
>>> kernel (proc) 3 time elapsed: 26.203 ms, 26203 microsecs, 
>>> kernel (proc) 4 time elapsed: 26.166 ms, 26166 microsecs, 
>>> kernel (proc) 5 time elapsed: 26.198 ms, 26198 microsecs, 
>>> kernel (proc) 6 time elapsed: 26.179 ms, 26179 microsecs, 
>>> kernel (proc) 7 time elapsed: 26.155 ms, 26155 microsecs, 
>>> kernel (proc) 8 time elapsed: 26.142 ms, 26142 microsecs, 
>>> kernel (proc) 9 time elapsed: 26.154 ms, 26154 microsecs, 
>>> kernel (proc) 10 time elapsed: 26.155 ms, 26155 microsecs, 
>>> kernel (proc) 11 time elapsed: 26.154 ms, 26154 microsecs, 
>>> kernel (proc) 12 time elapsed: 26.189 ms, 26189 microsecs, 
>>> kernel (proc) 13 time elapsed: 26.162 ms, 26162 microsecs, 
>>> kernel (proc) 14 time elapsed: 26.137 ms, 26137 microsecs, 
>>> kernel (proc) 15 time elapsed: 26.127 ms, 26127 microsecs, 
>>> kernel (proc) 16 time elapsed: 26.197 ms, 26197 microsecs, 
>>> kernel (proc) 17 time elapsed: 26.169 ms, 26169 microsecs, 
>>> kernel (proc) 18 time elapsed: 26.177 ms, 26177 microsecs, 
>>> kernel (proc) 19 time elapsed: 26.236 ms, 26236 microsecs, 
>>> kernel (proc) 20 time elapsed: 26.169 ms, 26169 microsecs, 
>>> kernel (proc) 21 time elapsed: 26.162 ms, 26162 microsecs, 
>>> kernel (proc) 22 time elapsed: 26.188 ms, 26188 microsecs, 
>>> kernel (proc) 23 time elapsed: 26.1 ms, 26100 microsecs, 
>>> kernel (proc) 24 time elapsed: 26.103 ms, 26103 microsecs, 
>>> kernel (proc) 25 time elapsed: 26.125 ms, 26125 microsecs, 
>>> kernel (proc) 26 time elapsed: 26.138 ms, 26138 microsecs, 
>>> kernel (proc) 27 time elapsed: 26.096 ms, 26096 microsecs, 
>>> kernel (proc) 28 time elapsed: 26.011 ms, 26011 microsecs, 
>>> kernel (proc) 29 time elapsed: 26.11 ms, 26110 microsecs, 
>>> kernel (proc) 30 time elapsed: 26.067 ms, 26067 microsecs, 
>>> kernel (proc) 31 time elapsed: 26.1 ms, 26100 microsecs, 
>>> SUMMARY: kernel (proc) average time elapsed for Iteration 5: 8.69348(8.69348) ms, 13.9079(5.21442) ms, 26.1448(12.2369) ms, 
>>> goclkernel[actssync]:: running ACTS SYNCHRONZE (Iteration 5)

active partitions for iteration 6: 0, 1, 2, 3, 4, 5, 6, 7, 8, 9, 10, 11, 12, 13, 14, 15, 16, 17, 18, 19, 20, 21, 22, 23, 24, 25, 26, 27, 28, 29, 30, 31, 32, 33, 34, 35, 36, 37, 38, 39, 40, 41, 42, 43, 44, 45, 46, 47, 48, 49, 50, 51, 52, 53, 54, 55, 56, 57, 58, 59, 60, 61, 62, 63, 64, 65, 66, 67, 68, 69, 70, 71, 72, 73, 74, 75, 76, 77, 78, 79, 80, 81, 82, 83, 84, 85, 86, 87, 88, 89, 90, 91, 92, 93, 94, 95, 97, 98, 99, 100, 101, 102, 103, 104, 105, 106, 107, 108, 109, 110, 111, 112, 113, 114, 115, 116, 117, 118, 119, 120, 121, 122, 123, 124, 125, 126, 127, 128, 129, 130, 
>>> goclkernel[actssync]:: running ACTS PROCESS (Iteration 6)...
>>> kernel (proc) 0 time elapsed: 7.199 ms, 7199 microsecs, 
>>> kernel (proc) 1 time elapsed: 7.186 ms, 7186 microsecs, 
>>> kernel (proc) 2 time elapsed: 7.097 ms, 7097 microsecs, 
>>> kernel (proc) 3 time elapsed: 7.157 ms, 7157 microsecs, 
>>> kernel (proc) 4 time elapsed: 7.146 ms, 7146 microsecs, 
>>> kernel (proc) 5 time elapsed: 7.153 ms, 7153 microsecs, 
>>> kernel (proc) 6 time elapsed: 7.154 ms, 7154 microsecs, 
>>> kernel (proc) 7 time elapsed: 7.124 ms, 7124 microsecs, 
>>> kernel (proc) 8 time elapsed: 7.076 ms, 7076 microsecs, 
>>> kernel (proc) 9 time elapsed: 7.057 ms, 7057 microsecs, 
>>> kernel (proc) 10 time elapsed: 7.158 ms, 7158 microsecs, 
>>> kernel (proc) 11 time elapsed: 7.147 ms, 7147 microsecs, 
>>> kernel (proc) 12 time elapsed: 7.147 ms, 7147 microsecs, 
>>> kernel (proc) 13 time elapsed: 7.151 ms, 7151 microsecs, 
>>> kernel (proc) 14 time elapsed: 7.158 ms, 7158 microsecs, 
>>> kernel (proc) 15 time elapsed: 7.164 ms, 7164 microsecs, 
>>> kernel (proc) 16 time elapsed: 7.152 ms, 7152 microsecs, 
>>> kernel (proc) 17 time elapsed: 7.175 ms, 7175 microsecs, 
>>> kernel (proc) 18 time elapsed: 7.205 ms, 7205 microsecs, 
>>> kernel (proc) 19 time elapsed: 7.21 ms, 7210 microsecs, 
>>> kernel (proc) 20 time elapsed: 7.22 ms, 7220 microsecs, 
>>> kernel (proc) 21 time elapsed: 7.224 ms, 7224 microsecs, 
>>> kernel (proc) 22 time elapsed: 7.236 ms, 7236 microsecs, 
>>> kernel (proc) 23 time elapsed: 7.23 ms, 7230 microsecs, 
>>> kernel (proc) 24 time elapsed: 7.23 ms, 7230 microsecs, 
>>> kernel (proc) 25 time elapsed: 7.235 ms, 7235 microsecs, 
>>> kernel (proc) 26 time elapsed: 7.24 ms, 7240 microsecs, 
>>> kernel (proc) 27 time elapsed: 7.248 ms, 7248 microsecs, 
>>> kernel (proc) 28 time elapsed: 7.209 ms, 7209 microsecs, 
>>> kernel (proc) 29 time elapsed: 7.228 ms, 7228 microsecs, 
>>> kernel (proc) 30 time elapsed: 7.225 ms, 7225 microsecs, 
>>> kernel (proc) 31 time elapsed: 7.227 ms, 7227 microsecs, 
>>> SUMMARY: kernel (proc) average time elapsed for Iteration 6: 4.75003(4.75003) ms, 5.25474(0.50471) ms, 7.17965(1.9249) ms, 
>>> goclkernel[actssync]:: running ACTS SYNCHRONZE (Iteration 6)

active partitions for iteration 7: 0, 1, 2, 3, 4, 5, 6, 7, 8, 9, 10, 11, 12, 13, 14, 15, 16, 17, 18, 19, 20, 21, 22, 23, 24, 25, 26, 27, 28, 29, 30, 31, 32, 33, 34, 35, 36, 37, 38, 39, 40, 41, 42, 43, 44, 45, 46, 47, 48, 49, 50, 51, 52, 53, 54, 55, 56, 57, 60, 61, 62, 63, 64, 65, 66, 67, 68, 69, 70, 71, 72, 74, 76, 77, 78, 79, 80, 81, 82, 83, 84, 85, 86, 87, 88, 89, 90, 91, 92, 93, 94, 97, 98, 99, 100, 101, 102, 103, 104, 105, 106, 107, 108, 109, 110, 111, 112, 113, 114, 115, 116, 117, 118, 119, 120, 121, 122, 123, 125, 126, 127, 128, 129, 130, 
>>> goclkernel[actssync]:: running ACTS PROCESS (Iteration 7)...
>>> kernel (proc) 0 time elapsed: 4.648 ms, 4648 microsecs, 
>>> kernel (proc) 1 time elapsed: 4.635 ms, 4635 microsecs, 
>>> kernel (proc) 2 time elapsed: 4.632 ms, 4632 microsecs, 
>>> kernel (proc) 3 time elapsed: 4.6 ms, 4600 microsecs, 
>>> kernel (proc) 4 time elapsed: 4.665 ms, 4665 microsecs, 
>>> kernel (proc) 5 time elapsed: 4.588 ms, 4588 microsecs, 
>>> kernel (proc) 6 time elapsed: 4.604 ms, 4604 microsecs, 
>>> kernel (proc) 7 time elapsed: 4.603 ms, 4603 microsecs, 
>>> kernel (proc) 8 time elapsed: 4.643 ms, 4643 microsecs, 
>>> kernel (proc) 9 time elapsed: 4.662 ms, 4662 microsecs, 
>>> kernel (proc) 10 time elapsed: 4.633 ms, 4633 microsecs, 
>>> kernel (proc) 11 time elapsed: 4.645 ms, 4645 microsecs, 
>>> kernel (proc) 12 time elapsed: 4.577 ms, 4577 microsecs, 
>>> kernel (proc) 13 time elapsed: 4.602 ms, 4602 microsecs, 
>>> kernel (proc) 14 time elapsed: 4.565 ms, 4565 microsecs, 
>>> kernel (proc) 15 time elapsed: 4.693 ms, 4693 microsecs, 
>>> kernel (proc) 16 time elapsed: 4.671 ms, 4671 microsecs, 
>>> kernel (proc) 17 time elapsed: 4.652 ms, 4652 microsecs, 
>>> kernel (proc) 18 time elapsed: 4.56 ms, 4560 microsecs, 
>>> kernel (proc) 19 time elapsed: 4.576 ms, 4576 microsecs, 
>>> kernel (proc) 20 time elapsed: 4.561 ms, 4561 microsecs, 
>>> kernel (proc) 21 time elapsed: 4.586 ms, 4586 microsecs, 
>>> kernel (proc) 22 time elapsed: 4.663 ms, 4663 microsecs, 
>>> kernel (proc) 23 time elapsed: 4.6 ms, 4600 microsecs, 
>>> kernel (proc) 24 time elapsed: 4.628 ms, 4628 microsecs, 
>>> kernel (proc) 25 time elapsed: 4.619 ms, 4619 microsecs, 
>>> kernel (proc) 26 time elapsed: 4.626 ms, 4626 microsecs, 
>>> kernel (proc) 27 time elapsed: 4.636 ms, 4636 microsecs, 
>>> kernel (proc) 28 time elapsed: 4.664 ms, 4664 microsecs, 
>>> kernel (proc) 29 time elapsed: 4.612 ms, 4612 microsecs, 
>>> kernel (proc) 30 time elapsed: 4.611 ms, 4611 microsecs, 
>>> kernel (proc) 31 time elapsed: 4.681 ms, 4681 microsecs, 
>>> SUMMARY: kernel (proc) average time elapsed for Iteration 7: 3.58758(3.58758) ms, 3.72903(0.141452) ms, 4.62235(0.893323) ms, 
>>> goclkernel[actssync]:: running ACTS SYNCHRONZE (Iteration 7)

active partitions for iteration 8: 0, 1, 2, 3, 4, 5, 6, 7, 8, 9, 10, 11, 12, 13, 14, 15, 16, 17, 18, 19, 20, 21, 26, 27, 28, 31, 32, 33, 34, 38, 39, 40, 43, 44, 46, 48, 49, 50, 52, 53, 61, 62, 63, 64, 67, 69, 70, 76, 77, 105, 107, 117, 118, 119, 120, 121, 127, 128, 129, 130, 
>>> goclkernel[actssync]:: running ACTS PROCESS (Iteration 8)...
>>> kernel (proc) 0 time elapsed: 2.09 ms, 2090 microsecs, 
>>> kernel (proc) 1 time elapsed: 2.034 ms, 2034 microsecs, 
>>> kernel (proc) 2 time elapsed: 2.065 ms, 2065 microsecs, 
>>> kernel (proc) 3 time elapsed: 2.06 ms, 2060 microsecs, 
>>> kernel (proc) 4 time elapsed: 2.085 ms, 2085 microsecs, 
>>> kernel (proc) 5 time elapsed: 2.045 ms, 2045 microsecs, 
>>> kernel (proc) 6 time elapsed: 2.064 ms, 2064 microsecs, 
>>> kernel (proc) 7 time elapsed: 2.093 ms, 2093 microsecs, 
>>> kernel (proc) 8 time elapsed: 2.121 ms, 2121 microsecs, 
>>> kernel (proc) 9 time elapsed: 2.051 ms, 2051 microsecs, 
>>> kernel (proc) 10 time elapsed: 2.071 ms, 2071 microsecs, 
>>> kernel (proc) 11 time elapsed: 2.197 ms, 2197 microsecs, 
>>> kernel (proc) 12 time elapsed: 2.04 ms, 2040 microsecs, 
>>> kernel (proc) 13 time elapsed: 1.999 ms, 1999 microsecs, 
>>> kernel (proc) 14 time elapsed: 2.038 ms, 2038 microsecs, 
>>> kernel (proc) 15 time elapsed: 2.076 ms, 2076 microsecs, 
>>> kernel (proc) 16 time elapsed: 2.024 ms, 2024 microsecs, 
>>> kernel (proc) 17 time elapsed: 2.054 ms, 2054 microsecs, 
>>> kernel (proc) 18 time elapsed: 1.995 ms, 1995 microsecs, 
>>> kernel (proc) 19 time elapsed: 2.044 ms, 2044 microsecs, 
>>> kernel (proc) 20 time elapsed: 2 ms, 2000 microsecs, 
>>> kernel (proc) 21 time elapsed: 2.033 ms, 2033 microsecs, 
>>> kernel (proc) 22 time elapsed: 2.023 ms, 2023 microsecs, 
>>> kernel (proc) 23 time elapsed: 2.126 ms, 2126 microsecs, 
>>> kernel (proc) 24 time elapsed: 2.111 ms, 2111 microsecs, 
>>> kernel (proc) 25 time elapsed: 2.107 ms, 2107 microsecs, 
>>> kernel (proc) 26 time elapsed: 2.047 ms, 2047 microsecs, 
>>> kernel (proc) 27 time elapsed: 2.019 ms, 2019 microsecs, 
>>> kernel (proc) 28 time elapsed: 2.016 ms, 2016 microsecs, 
>>> kernel (proc) 29 time elapsed: 2.034 ms, 2034 microsecs, 
>>> kernel (proc) 30 time elapsed: 2.01 ms, 2010 microsecs, 
>>> kernel (proc) 31 time elapsed: 2.036 ms, 2036 microsecs, 
>>> SUMMARY: kernel (proc) average time elapsed for Iteration 8: 1.75658(1.75658) ms, 1.83855(0.0819677) ms, 2.05542(0.216871) ms, 
>>> goclkernel[actssync]:: running ACTS SYNCHRONZE (Iteration 8)

active partitions for iteration 9: 6, 7, 9, 11, 14, 15, 16, 33, 38, 39, 52, 
>>> goclkernel[actssync]:: running ACTS PROCESS (Iteration 9)...
>>> kernel (proc) 0 time elapsed: 0.832 ms, 832 microsecs, 
>>> kernel (proc) 1 time elapsed: 0.846 ms, 846 microsecs, 
>>> kernel (proc) 2 time elapsed: 0.786 ms, 786 microsecs, 
>>> kernel (proc) 3 time elapsed: 0.786 ms, 786 microsecs, 
>>> kernel (proc) 4 time elapsed: 0.806 ms, 806 microsecs, 
>>> kernel (proc) 5 time elapsed: 0.829 ms, 829 microsecs, 
>>> kernel (proc) 6 time elapsed: 0.792 ms, 792 microsecs, 
>>> kernel (proc) 7 time elapsed: 0.822 ms, 822 microsecs, 
>>> kernel (proc) 8 time elapsed: 0.785 ms, 785 microsecs, 
>>> kernel (proc) 9 time elapsed: 0.819 ms, 819 microsecs, 
>>> kernel (proc) 10 time elapsed: 0.718 ms, 718 microsecs, 
>>> kernel (proc) 11 time elapsed: 0.823 ms, 823 microsecs, 
>>> kernel (proc) 12 time elapsed: 0.787 ms, 787 microsecs, 
>>> kernel (proc) 13 time elapsed: 0.821 ms, 821 microsecs, 
>>> kernel (proc) 14 time elapsed: 0.786 ms, 786 microsecs, 
>>> kernel (proc) 15 time elapsed: 0.834 ms, 834 microsecs, 
>>> kernel (proc) 16 time elapsed: 0.798 ms, 798 microsecs, 
>>> kernel (proc) 17 time elapsed: 0.837 ms, 837 microsecs, 
>>> kernel (proc) 18 time elapsed: 0.802 ms, 802 microsecs, 
>>> kernel (proc) 19 time elapsed: 0.815 ms, 815 microsecs, 
>>> kernel (proc) 20 time elapsed: 0.756 ms, 756 microsecs, 
>>> kernel (proc) 21 time elapsed: 0.81 ms, 810 microsecs, 
>>> kernel (proc) 22 time elapsed: 0.783 ms, 783 microsecs, 
>>> kernel (proc) 23 time elapsed: 0.82 ms, 820 microsecs, 
>>> kernel (proc) 24 time elapsed: 0.791 ms, 791 microsecs, 
>>> kernel (proc) 25 time elapsed: 0.838 ms, 838 microsecs, 
>>> kernel (proc) 26 time elapsed: 0.803 ms, 803 microsecs, 
>>> kernel (proc) 27 time elapsed: 0.826 ms, 826 microsecs, 
>>> kernel (proc) 28 time elapsed: 0.803 ms, 803 microsecs, 
>>> kernel (proc) 29 time elapsed: 0.826 ms, 826 microsecs, 
>>> kernel (proc) 30 time elapsed: 0.805 ms, 805 microsecs, 
>>> kernel (proc) 31 time elapsed: 0.813 ms, 813 microsecs, 
>>> SUMMARY: kernel (proc) average time elapsed for Iteration 9: 0.63871(0.63871) ms, 0.691645(0.0529355) ms, 0.805355(0.11371) ms, 
>>> goclkernel[actssync]:: running ACTS SYNCHRONZE (Iteration 9)

active partitions for iteration 10: 33, 
>>> goclkernel[actssync]:: running ACTS PROCESS (Iteration 10)...
>>> kernel (proc) 0 time elapsed: 0.522 ms, 522 microsecs, 
>>> kernel (proc) 1 time elapsed: 0.52 ms, 520 microsecs, 
>>> kernel (proc) 2 time elapsed: 0.579 ms, 579 microsecs, 
>>> kernel (proc) 3 time elapsed: 0.525 ms, 525 microsecs, 
>>> kernel (proc) 4 time elapsed: 0.573 ms, 573 microsecs, 
>>> kernel (proc) 5 time elapsed: 0.575 ms, 575 microsecs, 
>>> kernel (proc) 6 time elapsed: 0.569 ms, 569 microsecs, 
>>> kernel (proc) 7 time elapsed: 0.482 ms, 482 microsecs, 
>>> kernel (proc) 8 time elapsed: 0.572 ms, 572 microsecs, 
>>> kernel (proc) 9 time elapsed: 0.522 ms, 522 microsecs, 
>>> kernel (proc) 10 time elapsed: 0.586 ms, 586 microsecs, 
>>> kernel (proc) 11 time elapsed: 0.534 ms, 534 microsecs, 
>>> kernel (proc) 12 time elapsed: 0.607 ms, 607 microsecs, 
>>> kernel (proc) 13 time elapsed: 0.524 ms, 524 microsecs, 
>>> kernel (proc) 14 time elapsed: 0.566 ms, 566 microsecs, 
>>> kernel (proc) 15 time elapsed: 0.519 ms, 519 microsecs, 
>>> kernel (proc) 16 time elapsed: 0.578 ms, 578 microsecs, 
>>> kernel (proc) 17 time elapsed: 0.524 ms, 524 microsecs, 
>>> kernel (proc) 18 time elapsed: 0.559 ms, 559 microsecs, 
>>> kernel (proc) 19 time elapsed: 0.523 ms, 523 microsecs, 
>>> kernel (proc) 20 time elapsed: 0.56 ms, 560 microsecs, 
>>> kernel (proc) 21 time elapsed: 0.519 ms, 519 microsecs, 
>>> kernel (proc) 22 time elapsed: 0.567 ms, 567 microsecs, 
>>> kernel (proc) 23 time elapsed: 0.527 ms, 527 microsecs, 
>>> kernel (proc) 24 time elapsed: 0.566 ms, 566 microsecs, 
>>> kernel (proc) 25 time elapsed: 0.524 ms, 524 microsecs, 
>>> kernel (proc) 26 time elapsed: 0.566 ms, 566 microsecs, 
>>> kernel (proc) 27 time elapsed: 0.523 ms, 523 microsecs, 
>>> kernel (proc) 28 time elapsed: 0.559 ms, 559 microsecs, 
>>> kernel (proc) 29 time elapsed: 0.522 ms, 522 microsecs, 
>>> kernel (proc) 30 time elapsed: 0.56 ms, 560 microsecs, 
>>> kernel (proc) 31 time elapsed: 0.525 ms, 525 microsecs, 
>>> SUMMARY: kernel (proc) average time elapsed for Iteration 10: 0.403387(0.403387) ms, 0.460484(0.0570968) ms, 0.546935(0.0864516) ms, 
>>> goclkernel[actssync]:: running ACTS SYNCHRONZE (Iteration 10)

active partitions for iteration 11: 
goclkernel::runapp2: no more active vertices to process. exiting... 
[1m[37m>>> SUMMARY: Total kernel time: 73.1997 ms[0m
0.0128711, 13.2857, 0.0711825, [Iter 0 throughput: 0.0108912]
0.109921, 1.13562, 0.440714, [Iter 1 throughput: 0.0816521]
2.56261, 23.2473, 8.11683, [Iter 2 throughput: 1.79713]
193, 3321.17, 460.214, [Iter 3 throughput: 130.628]
6467.67, 11052.4, 4579.37, [Iter 4 throughput: 2157.67]
6674.23, 11127.3, 4741.58, [Iter 5 throughput: 2219.27]
675.875, 6360.94, 1667.84, [Iter 6 throughput: 447.157]
20.7889, 527.262, 83.4883, [Iter 7 throughput: 16.1351]
2.31245, 49.5561, 18.73, [Iter 8 throughput: 1.97624]
0.137778, 1.6624, 0.773901, [Iter 9 throughput: 0.109269]
0.00743703, 0.0525424, 0.0347015, [Iter 10 throughput: 0.00548511]
>>> app::run_hw: total_edges_processed: 114751558 edges (114 million edges)
>>> app::run_hw: total_time_elapsed: 73.1997 ms (0.0731997 s)
[1m[37m>>> app::run_hw: throughput: 1.56765e+09 edges/sec (1567.65 million edges/sec)[0m

utility::runsssp_sw:: running traditional sssp... 
utility::runsssp_sw: number of active vertices for iteration 0: 0
utility::runsssp_sw: number of active vertices for iteration 1: 4
utility::runsssp_sw: number of active vertices for iteration 2: 23
utility::runsssp_sw: number of active vertices for iteration 3: 1249
utility::runsssp_sw: number of active vertices for iteration 4: 110694
utility::runsssp_sw: number of active vertices for iteration 5: 752777
utility::runsssp_sw: number of active vertices for iteration 6: 194415
utility::runsssp_sw: number of active vertices for iteration 7: 9482
utility::runsssp_sw: number of active vertices for iteration 8: 461
utility::runsssp_sw: number of active vertices for iteration 9: 19
utility::runsssp_sw: number of active vertices for iteration 10: 1
utility::runsssp_sw: number of active vertices for iteration 11: 0
no more activer vertices to process. breaking out... 
>>> utility::runsssp_sw: total_edges_processed: 114751558 edges (114 million edges)
>>> utility::runsssp_sw: total_time_elapsed: 2159 ms (2.159 s)
[1m[37m>>> utility::runsssp_sw: throughput: 5.31503e+07 edges/sec (53.1503 million edges/sec)[0m

app::verifyresults_hw: verifying vertex data... 
utility::printvalues::app::verifyresults_hw.vdatas: verifying results after kernel run:: printing first 16 values
values[0]: 1
values[1]: 4
values[2]: 23
values[3]: 1249
values[4]: 110694
values[5]: 752777
values[6]: 194414
values[7]: 9482
values[8]: 461
values[9]: 19
values[10]: 1
values[11]: 0
values[12]: 0
values[13]: 0
values[14]: 0
values[15]: 0
printvalues:: total values: totalvalues: 1069125
graph::closetemporaryfilesforwriting : close temporary files for writing...
graph::closetemporaryfilesforreading : close files for reading...
graph::closefilesforreading : close files for reading...
=== STATS::TIMING AND SUMMARY RESULTS FOR ITERATION: 666 === 
>>> stats::summary Total number of kvReads in bank [0]: 131561968
>>> stats::summary Total number of kvReads for all threads: 131561968
>>> stats::summary Total time spent (SSD access): 0 milliseconds
>>> stats::summary Total time spent (SSD access): 0 seconds
>>> stats::summary Total time spent (OCL data transfers): 0 milliseconds
>>> stats::summary Total time spent (OCL data transfers): 0 seconds
>>> stats::summary Total time spent (Kernel Pre Process execution): 0 milliseconds
>>> stats::summary Total time spent (Kernel Pre Process execution): 0 seconds
>>> stats::summary Total time spent (Kernel execution): 0 milliseconds
>>> stats::summary Total time spent (Kernel execution): 0 seconds
>>> stats::summary Total time spent (Kernel Post Process execution): 0 milliseconds
>>> stats::summary Total time spent (Kernel Post Process execution): 0 seconds
>>> stats::summary Total time spent (Overall Kernel execution): 0 milliseconds
>>> stats::summary Total time spent (Overall Kernel execution): 0 seconds
>>> stats::summary Total time spent (Overall processing): 0 milliseconds
>>> stats::summary Total time spent (Overall processing): 0 seconds
>>> stats::summary Total time spent (Overall processing excluding SSD & OCL data transfers): 0 milliseconds
>>> stats::summary Total time spent (Overall processing excluding SSD & OCL data transfers): 0 seconds
>>> stats::summary Throughput (Kernel processing): inf keyvalues per second
>>> stats::summary Throughput (Kernel processing): inf million keyvalues per second
>>> stats::summary Throughput (Kernel processing): inf MB/s
>>> stats::summary Throughput (Overall processing): inf keyvalues per second
>>> stats::summary Throughput (Overall processing): inf million keyvalues per second
>>> stats::summary Throughput (Overall processing): inf MB/s
>>> stats::summary Throughput (Overall processing excluding SSD & OCL data transfers): inf keyvalues per second
>>> stats::summary Throughput (Overall processing excluding SSD & OCL data transfers): inf million keyvalues per second

graph::printdataset: printing dataset parameters...
>>> graphtopname: hollywood-2009
>>> graphname: hollywood-2009_dup
>>> graph_path: /localtmp/oj2zf/dataset/hollywood-2009/hollywood-2009.mtx
>>> vertices_path: /localtmp/oj2zf/dataset/hollywood-2009/hollywood-2009.vertices
>>> edges_path: /localtmp/oj2zf/dataset/hollywood-2009/hollywood-2009.edges
>>> vertices_path_bin: /localtmp/oj2zf/dataset/hollywood-2009/hollywood-2009_bin.vertices
>>> edges_path_bin: /localtmp/oj2zf/dataset/hollywood-2009/hollywood-2009_bin.edges
>>> min_vertex: 0
>>> max_vertex: 1139905
>>> num_vertices: 1139905
>>> num_edges: 115031232
>>> graphdirectiontype: 5
>>> graphorder: 6
>>> skewratio: 666
TEST FINISHED
[1m[37m>>> HOSTPROCESS:: TIMING SUMMARY: TOTAL TIME ELAPSED: : Time Elapsed = 414195134928[nanao seconds](Iteration 666)[0m
[1m[37m>>> HOSTPROCESS:: TIMING SUMMARY: TOTAL TIME ELAPSED: : Time Elapsed = 414195134[micro seconds](Iteration 666)[0m
[1m[37m>>> HOSTPROCESS:: TIMING SUMMARY: TOTAL TIME ELAPSED: : Time Elapsed = 414195[milli seconds](Iteration 666)[0m
[1m[37m>>> HOSTPROCESS:: TIMING SUMMARY: TOTAL TIME ELAPSED: : Time Elapsed = 414[seconds](Iteration 666)[0m

