Hostprocess:: Graph Analytics Started...
utility:: USEHBMMEMORY DEFINED
utility:: NUMDRAMBANKS: 4
utility:: NUMWORKERS: 1
utility:: NUMSUBWORKERS: 3
utility:: NUM_PARTITIONS: 16
utility:: NUMSUBCPUTHREADS: 32
utility:: DATAWIDTH: 512
utility:: VECTOR_SIZE: 8
utility:: KVDATA_RANGE: 2097152
utility:: KVDATA_RANGE_POW: 21
utility:: BATCH_RANGE: 2097152
utility:: BATCH_RANGE_POW: 21
utility:: TREE_DEPTH: 3
utility:: KVDATA_RANGE_POW: 21
utility:: KVDATA_RANGE: 2097152
utility:: MESSAGES_SIZE: 1024
utility:: LOCKE DEFINED
utility:: sizeof(keyvalue_t): 8 bytes (64 bits)
utility:: sizeof(vertex_t): 4 bytes (32 bits)
utility:: sizeof(edge_t): 4 bytes (32 bits)
utility:: MESSAGESDRAMSZ: 1024
utility:: VERTEXPTRSSZ: 1114112
utility:: VERTEXPTRSSZ_KVS: 139264
utility:: VERTICESDATASZ: 1048576
utility:: VERTICESDATASZ_KVS: 131072
>> host[baseoffsets]:: BASEOFFSET_MESSAGESDATA: 0
>> host[baseoffsets]:: BASEOFFSET_MESSAGESDATA_KVS: 0
>> host[baseoffsets]:: KVSOURCEDRAMSZ: 33554432
>> host[baseoffsets]:: KVSOURCEDRAMSZ_KVS: 4194304
>> host[baseoffsets]:: PADDEDKVSOURCEDRAMSZ: 33554432
>> host[baseoffsets]:: PADDEDKVSOURCEDRAMSZ_KVS: 4194304
>> host[baseoffsets]:: VDRAMSZ: 33554432
>> host[baseoffsets]:: PADDEDVDRAMSZ: 33554432
>> host[baseoffsets]:: PADDEDVDRAMSZ_KVS: 4194304
>> host[sizes]:: MESSAGESDRAMSZ (keyvalues): 1024 keyvalues
>> host[sizes]:: VERTEXPTRSSZ (keyvalues): 1114112 keyvalues
>> host[sizes]:: VERTICESDATASZ (keyvalues): 1048576 keyvalues
>> host[sizes]:: ACTIVEVERTICESSZ (keyvalues): 0 keyvalues
>> host[sizes]:: VERTICESDATAMASKSZ (keyvalues): 65536 keyvalues
>> host[sizes]:: KVSTATSDRAMSZ (keyvalues): 65536 keyvalues
>> host[sizes]:: PADDEDVDRAMSZ (keyvalues): 33554432 keyvalues
>> host[sizes]:: PADDEDKVSOURCEDRAMSZ (keyvalues): 33554432 keyvalues
>> host[bytes]:: MESSAGESDRAMSZ (bytes): 8192 bytes
>> host[bytes]:: KVSTATSDRAMSZ (bytes): 524288 bytes
>> host[bytes]:: VERTEXPTRSSZ (bytes): 8912896 bytes
>> host[bytes]:: VERTICESDATASZ (bytes): 8388608 bytes
>> host[bytes]:: ACTIVEVERTICESSZ (bytes): 0 bytes
>> host[bytes]:: VERTICESDATAMASKSZ (bytes): 524288 bytes
>> host[bytes]:: PADDEDVDRAMSZ (bytes): 268435456 bytes
>> host[bytes]:: PADDEDKVSOURCEDRAMSZ (bytes): 268435456 bytes
utility:: KVSTATSDRAMSZ: 65536
utility:: NUMLASTLEVELPARTITIONS: 4096
utility:: REDUCESZ_POW: 9
utility:: REDUCESZ: 512
utility:: REDUCEBUFFERSZ: 256
utility:: VMASKBUFFERSZ_KVS: 16
utility:: NUMLASTLEVELPARTITIONS: 4096
utility:: ENABLE_KERNEL_PROFILING DEFINED: 
graph::graph constructor:: datasetid: 31, _numedgebanks: 1
graph::loadalldatasets:: 
graph::loadalldatasets finished. 
graph::printdataset: printing dataset parameters...
>>> graphtopname: hollywood-2009
>>> graphname: hollywood-2009_dup
>>> graph_path: /localtmp/oj2zf/dataset/hollywood-2009/hollywood-2009.mtx
>>> vertices_path: /localtmp/oj2zf/dataset/hollywood-2009/hollywood-2009.vertices
>>> edges_path: /localtmp/oj2zf/dataset/hollywood-2009/hollywood-2009.edges
>>> vertices_path_bin: /localtmp/oj2zf/dataset/hollywood-2009/hollywood-2009_bin.vertices
>>> edges_path_bin: /localtmp/oj2zf/dataset/hollywood-2009/hollywood-2009_bin.edges
>>> min_vertex: 0
>>> max_vertex: 1139905
>>> num_vertices: 1139905
>>> num_edges: 115031232
>>> graphdirectiontype: 5
>>> graphorder: 6
>>> skewratio: 666
app::run_hw:: app algorithm started. 
graph::opentemporaryfilesforwriting : opening temporary files for writing...
Directory already exists.INFO: Successfully opened /localtmp/oj2zf/dataset/hollywood-2009/hollywood-2009_1by1/hollywood-2009_dup.vdata
INFO: Successfully opened /localtmp/oj2zf/dataset/hollywood-2009/hollywood-2009_1by1/hollywood-2009_dup.vproperties
graph::opentemporaryfilesforreading : opening temporary files for reading
INFO: Successfully opened /localtmp/oj2zf/dataset/hollywood-2009/hollywood-2009_1by1/hollywood-2009_dup.vdata
INFO: Successfully opened /localtmp/oj2zf/dataset/hollywood-2009/hollywood-2009_1by1/hollywood-2009_dup.vproperties
generating vertices data... 
graph::openfilesforreading : opening files for reading
INFO: Successfully opened /localtmp/oj2zf/dataset/hollywood-2009/hollywood-2009_1by1/hollywood-2009_dup_0_0.vertexptrs
INFO: Successfully opened /localtmp/oj2zf/dataset/hollywood-2009/hollywood-2009_1by1/hollywood-2009_dup_0_0.vertexptrs
INFO: Successfully opened /localtmp/oj2zf/dataset/hollywood-2009/hollywood-2009_1by1/hollywood-2009_dup_0_0.edges
INFO: Successfully opened /localtmp/oj2zf/dataset/hollywood-2009/hollywood-2009_1by1/hollywood-2009_dup_0_0.edges
loadedges_rowblockwise:: loading Acts... sizes: [[4111312, 4111312, 4111312, 4111312, 4111312, 4111312, 4111312, 4111312, 4111312, 4111312, 4111312, 4111312, 4111312, 4111312, 4111312, 4111312, 4111312, 4111312, 4111312, 4111312, 4111312, 4111312, 4111312, 4111312, 4111312, 4111312, 4111312, 4111312, 4111312, 4111312, 4111312, 4111296]]
loadedges_rowblockwise:: total sizes: 131561968
maxvptr: 4111312
app::loadvertexdata:: loading vertex datas... 
app::setrootvid:: setting root vid(s)... 
app::loadactvvertices:: loading active vertices... 
app::generatevmaskdata:: generating vmask... 
app::loadoffsetmarkers:: loading offset markers... 
app::loadmessages:: loading messages... 
[globalparams.BASEOFFSET_MESSAGESDATA: 0]
[globalparams.BASEOFFSETKVS_MESSAGESDATA: 0]
[globalparams.BASEOFFSET_EDGESDATA: 8192]
[globalparams.BASEOFFSETKVS_EDGESDATA: 1024]
[globalparams.BASEOFFSET_VERTEXPTR: 2129384]
[globalparams.BASEOFFSETKVS_VERTEXPTR: 266173]
[globalparams.BASEOFFSET_VERTICESDATA: 3243496]
[globalparams.BASEOFFSETKVS_VERTICESDATA: 405437]
[globalparams.BASEOFFSET_ACTIVEVERTICES: 4292072]
[globalparams.BASEOFFSETKVS_ACTIVEVERTICES: 536509]
[globalparams.BASEOFFSET_VERTICESDATAMASK: 4292072]
[globalparams.BASEOFFSETKVS_VERTICESDATAMASK: 536509]
[globalparams.BASEOFFSET_VERTICESPARTITIONMASK : 4357608]
[globalparams.BASEOFFSETKVS_VERTICESPARTITIONMASK: 544701]
[globalparams.BASEOFFSET_STATSDRAM: 4361704]
[globalparams.BASEOFFSETKVS_STATSDRAM: 545213]
[globalparams.BASEOFFSET_KVDRAM: 4885992]
[globalparams.BASEOFFSETKVS_KVDRAM: 610749]
[globalparams.BASEOFFSET_KVDRAMWORKSPACE: 8997896]
[globalparams.BASEOFFSETKVS_KVDRAMWORKSPACE: 1124737]
[globalparams.SIZE_MESSAGESDRAM: 0]
[globalparams.SIZE_EDGES: 4112312]
[globalparams.SIZE_VERTEXPTRS: 2097152]
[globalparams.SIZE_VERTICESDATA: 2097152]
[globalparams.SIZE_ACTIVEVERTICES: 0]
[globalparams.SIZE_VERTICESDATAMASK: 65536]
[globalparams.SIZE_KVSTATSDRAM: 65536]
[globalparams.SIZE_KVDRAM: 4111904]
[globalparams.SIZE_KVDRAMWORKSPACE: 4111904]
[1m[37m>> host[sizes]:: PADDEDKVSOURCEDRAMSZ (keyvalues): 33554432 keyvalues[0m
[1m[37m>> host[bytes]:: PADDEDKVSOURCEDRAMSZ (bytes): 268435456 bytes[0m
[1m[37m>> host[sizes]:: valid PADDEDKVSOURCEDRAMSZ (keyvalues): 13109800 keyvalues[0m
[1m[37m>> host[bytes]:: valid PADDEDKVSOURCEDRAMSZ (bytes): 104878400 bytes. (HBM max=268435456 bytes)[0m
loadmessages:: loading Acts... sizes: [[4111312, 4111312, 4111312, 4111312, 4111312, 4111312, 4111312, 4111312, 4111312, 4111312, 4111312, 4111312, 4111312, 4111312, 4111312, 4111312, 4111312, 4111312, 4111312, 4111312, 4111312, 4111312, 4111312, 4111312, 4111312, 4111312, 4111312, 4111312, 4111312, 4111312, 4111312, 4111296]]
loadmessages:: total sizes: 131561968
app::appendkeyvaluecount:: appending value count... 
app::experiements: resetting kvdram & kvdram workspaces...

utility::runsssp_sw:: running traditional sssp... 
utility::runsssp_sw: number of active vertices for iteration 0: 0
utility::runsssp_sw: number of active vertices for iteration 1: 4
utility::runsssp_sw: number of active vertices for iteration 2: 23
utility::runsssp_sw: number of active vertices for iteration 3: 1249
utility::runsssp_sw: number of active vertices for iteration 4: 110694
utility::runsssp_sw: number of active vertices for iteration 5: 752777
utility::runsssp_sw: number of active vertices for iteration 6: 194415
utility::runsssp_sw: number of active vertices for iteration 7: 9482
utility::runsssp_sw: number of active vertices for iteration 8: 461
utility::runsssp_sw: number of active vertices for iteration 9: 19
utility::runsssp_sw: number of active vertices for iteration 10: 1
utility::runsssp_sw: number of active vertices for iteration 11: 0
no more activer vertices to process. breaking out... 
>>> utility::runsssp_sw: total_edges_processed: 114751558 edges (114 million edges)
>>> utility::runsssp_sw: total_time_elapsed: 1446 ms (1.446 s)
[1m[37m>>> utility::runsssp_sw: throughput: 7.93579e+07 edges/sec (79.3579 million edges/sec)[0m

[1m[37m>>> app::run_hw: app started. (1 active vertices)[0m
Found Platform
Platform Name: Xilinx
Found Device=xilinx_u280_xdma_201910_1
INFO: Reading /home/oj2zf/Documents/ActsOfAGraph/synkernels/goldenkernelprocbfs32HW120MHz.xclbin
Loading: '/home/oj2zf/Documents/ActsOfAGraph/synkernels/goldenkernelprocbfs32HW120MHz.xclbin'
INFO: Reading /home/oj2zf/Documents/ActsOfAGraph/synkernels/goldenkernelsync32HW120MHz.xclbin
Loading: '/home/oj2zf/Documents/ActsOfAGraph/synkernels/goldenkernelsync32HW120MHz.xclbin'
>>> goclkernel[actssync]:: running ACTS PROCESS (Iteration 0)...
>>> kernel (proc) 0 time elapsed: 0.672 ms, 672 microsecs, 
>>> kernel (proc) 1 time elapsed: 0.578 ms, 578 microsecs, 
>>> kernel (proc) 2 time elapsed: 0.579 ms, 579 microsecs, 
>>> kernel (proc) 3 time elapsed: 0.582 ms, 582 microsecs, 
>>> kernel (proc) 4 time elapsed: 0.599 ms, 599 microsecs, 
>>> kernel (proc) 5 time elapsed: 0.562 ms, 562 microsecs, 
>>> kernel (proc) 6 time elapsed: 0.612 ms, 612 microsecs, 
>>> kernel (proc) 7 time elapsed: 0.553 ms, 553 microsecs, 
>>> kernel (proc) 8 time elapsed: 0.601 ms, 601 microsecs, 
>>> kernel (proc) 9 time elapsed: 0.545 ms, 545 microsecs, 
>>> kernel (proc) 10 time elapsed: 0.601 ms, 601 microsecs, 
>>> kernel (proc) 11 time elapsed: 0.52 ms, 520 microsecs, 
>>> kernel (proc) 12 time elapsed: 0.596 ms, 596 microsecs, 
>>> kernel (proc) 13 time elapsed: 0.517 ms, 517 microsecs, 
>>> kernel (proc) 14 time elapsed: 0.597 ms, 597 microsecs, 
>>> kernel (proc) 15 time elapsed: 0.515 ms, 515 microsecs, 
>>> kernel (proc) 16 time elapsed: 0.598 ms, 598 microsecs, 
>>> kernel (proc) 17 time elapsed: 0.549 ms, 549 microsecs, 
>>> kernel (proc) 18 time elapsed: 0.6 ms, 600 microsecs, 
>>> kernel (proc) 19 time elapsed: 0.546 ms, 546 microsecs, 
>>> kernel (proc) 20 time elapsed: 0.594 ms, 594 microsecs, 
>>> kernel (proc) 21 time elapsed: 0.553 ms, 553 microsecs, 
>>> kernel (proc) 22 time elapsed: 0.571 ms, 571 microsecs, 
>>> kernel (proc) 23 time elapsed: 0.545 ms, 545 microsecs, 
>>> kernel (proc) 24 time elapsed: 0.597 ms, 597 microsecs, 
>>> kernel (proc) 25 time elapsed: 0.547 ms, 547 microsecs, 
>>> kernel (proc) 26 time elapsed: 0.617 ms, 617 microsecs, 
>>> kernel (proc) 27 time elapsed: 0.559 ms, 559 microsecs, 
>>> kernel (proc) 28 time elapsed: 0.6 ms, 600 microsecs, 
>>> kernel (proc) 29 time elapsed: 0.543 ms, 543 microsecs, 
>>> kernel (proc) 30 time elapsed: 0.594 ms, 594 microsecs, 
>>> kernel (proc) 31 time elapsed: 0.548 ms, 548 microsecs, 
>>> SUMMARY: kernel (proc) average time elapsed for Iteration 0: 0.380839(0.380839) ms, 0.437871(0.0570323) ms, 0.571548(0.133677) ms, 
>>> goclkernel[actssync]:: running ACTS SYNCHRONZE (Iteration 0)

active partitions for iteration 1: 0, 26, 
>>> goclkernel[actssync]:: running ACTS PROCESS (Iteration 1)...
>>> kernel (proc) 0 time elapsed: 0.709 ms, 709 microsecs, 
>>> kernel (proc) 1 time elapsed: 0.763 ms, 763 microsecs, 
>>> kernel (proc) 2 time elapsed: 0.811 ms, 811 microsecs, 
>>> kernel (proc) 3 time elapsed: 0.717 ms, 717 microsecs, 
>>> kernel (proc) 4 time elapsed: 0.624 ms, 624 microsecs, 
>>> kernel (proc) 5 time elapsed: 0.622 ms, 622 microsecs, 
>>> kernel (proc) 6 time elapsed: 0.627 ms, 627 microsecs, 
>>> kernel (proc) 7 time elapsed: 0.663 ms, 663 microsecs, 
>>> kernel (proc) 8 time elapsed: 0.638 ms, 638 microsecs, 
>>> kernel (proc) 9 time elapsed: 0.662 ms, 662 microsecs, 
>>> kernel (proc) 10 time elapsed: 0.627 ms, 627 microsecs, 
>>> kernel (proc) 11 time elapsed: 0.671 ms, 671 microsecs, 
>>> kernel (proc) 12 time elapsed: 0.627 ms, 627 microsecs, 
>>> kernel (proc) 13 time elapsed: 0.672 ms, 672 microsecs, 
>>> kernel (proc) 14 time elapsed: 0.656 ms, 656 microsecs, 
>>> kernel (proc) 15 time elapsed: 0.678 ms, 678 microsecs, 
>>> kernel (proc) 16 time elapsed: 0.641 ms, 641 microsecs, 
>>> kernel (proc) 17 time elapsed: 0.673 ms, 673 microsecs, 
>>> kernel (proc) 18 time elapsed: 0.62 ms, 620 microsecs, 
>>> kernel (proc) 19 time elapsed: 0.662 ms, 662 microsecs, 
>>> kernel (proc) 20 time elapsed: 0.632 ms, 632 microsecs, 
>>> kernel (proc) 21 time elapsed: 0.661 ms, 661 microsecs, 
>>> kernel (proc) 22 time elapsed: 0.623 ms, 623 microsecs, 
>>> kernel (proc) 23 time elapsed: 0.661 ms, 661 microsecs, 
>>> kernel (proc) 24 time elapsed: 0.624 ms, 624 microsecs, 
>>> kernel (proc) 25 time elapsed: 0.663 ms, 663 microsecs, 
>>> kernel (proc) 26 time elapsed: 0.656 ms, 656 microsecs, 
>>> kernel (proc) 27 time elapsed: 0.663 ms, 663 microsecs, 
>>> kernel (proc) 28 time elapsed: 0.622 ms, 622 microsecs, 
>>> kernel (proc) 29 time elapsed: 0.674 ms, 674 microsecs, 
>>> kernel (proc) 30 time elapsed: 0.635 ms, 635 microsecs, 
>>> kernel (proc) 31 time elapsed: 0.664 ms, 664 microsecs, 
>>> SUMMARY: kernel (proc) average time elapsed for Iteration 1: 0.428903(0.428903) ms, 0.485452(0.0565484) ms, 0.659097(0.173645) ms, 
>>> goclkernel[actssync]:: running ACTS SYNCHRONZE (Iteration 1)

active partitions for iteration 2: 0, 1, 9, 14, 26, 40, 47, 73, 121, 
>>> goclkernel[actssync]:: running ACTS PROCESS (Iteration 2)...
>>> kernel (proc) 0 time elapsed: 1.686 ms, 1686 microsecs, 
>>> kernel (proc) 1 time elapsed: 1.796 ms, 1796 microsecs, 
>>> kernel (proc) 2 time elapsed: 1.663 ms, 1663 microsecs, 
>>> kernel (proc) 3 time elapsed: 1.627 ms, 1627 microsecs, 
>>> kernel (proc) 4 time elapsed: 1.723 ms, 1723 microsecs, 
>>> kernel (proc) 5 time elapsed: 1.533 ms, 1533 microsecs, 
>>> kernel (proc) 6 time elapsed: 1.753 ms, 1753 microsecs, 
>>> kernel (proc) 7 time elapsed: 1.876 ms, 1876 microsecs, 
>>> kernel (proc) 8 time elapsed: 1.809 ms, 1809 microsecs, 
>>> kernel (proc) 9 time elapsed: 1.795 ms, 1795 microsecs, 
>>> kernel (proc) 10 time elapsed: 1.731 ms, 1731 microsecs, 
>>> kernel (proc) 11 time elapsed: 1.547 ms, 1547 microsecs, 
>>> kernel (proc) 12 time elapsed: 1.77 ms, 1770 microsecs, 
>>> kernel (proc) 13 time elapsed: 1.754 ms, 1754 microsecs, 
>>> kernel (proc) 14 time elapsed: 1.446 ms, 1446 microsecs, 
>>> kernel (proc) 15 time elapsed: 1.48 ms, 1480 microsecs, 
>>> kernel (proc) 16 time elapsed: 1.619 ms, 1619 microsecs, 
>>> kernel (proc) 17 time elapsed: 1.602 ms, 1602 microsecs, 
>>> kernel (proc) 18 time elapsed: 1.582 ms, 1582 microsecs, 
>>> kernel (proc) 19 time elapsed: 1.476 ms, 1476 microsecs, 
>>> kernel (proc) 20 time elapsed: 1.605 ms, 1605 microsecs, 
>>> kernel (proc) 21 time elapsed: 1.599 ms, 1599 microsecs, 
>>> kernel (proc) 22 time elapsed: 1.557 ms, 1557 microsecs, 
>>> kernel (proc) 23 time elapsed: 1.653 ms, 1653 microsecs, 
>>> kernel (proc) 24 time elapsed: 1.822 ms, 1822 microsecs, 
>>> kernel (proc) 25 time elapsed: 1.668 ms, 1668 microsecs, 
>>> kernel (proc) 26 time elapsed: 1.57 ms, 1570 microsecs, 
>>> kernel (proc) 27 time elapsed: 1.752 ms, 1752 microsecs, 
>>> kernel (proc) 28 time elapsed: 1.645 ms, 1645 microsecs, 
>>> kernel (proc) 29 time elapsed: 1.703 ms, 1703 microsecs, 
>>> kernel (proc) 30 time elapsed: 1.591 ms, 1591 microsecs, 
>>> kernel (proc) 31 time elapsed: 1.661 ms, 1661 microsecs, 
>>> SUMMARY: kernel (proc) average time elapsed for Iteration 2: 1.193(1.193) ms, 1.30442(0.111419) ms, 1.65832(0.353903) ms, 
>>> goclkernel[actssync]:: running ACTS SYNCHRONZE (Iteration 2)

active partitions for iteration 3: 0, 1, 3, 4, 7, 9, 10, 14, 15, 19, 22, 24, 26, 28, 29, 30, 31, 33, 34, 35, 36, 37, 38, 40, 41, 43, 44, 45, 47, 48, 49, 50, 51, 52, 53, 56, 58, 59, 61, 63, 65, 67, 68, 69, 70, 71, 72, 73, 74, 75, 76, 77, 79, 82, 83, 85, 87, 90, 95, 96, 97, 100, 102, 103, 104, 107, 108, 110, 111, 113, 114, 115, 116, 117, 120, 121, 123, 124, 125, 126, 
>>> goclkernel[actssync]:: running ACTS PROCESS (Iteration 3)...
>>> kernel (proc) 0 time elapsed: 8.258 ms, 8258 microsecs, 
>>> kernel (proc) 1 time elapsed: 8.25 ms, 8250 microsecs, 
>>> kernel (proc) 2 time elapsed: 8.291 ms, 8291 microsecs, 
>>> kernel (proc) 3 time elapsed: 8.301 ms, 8301 microsecs, 
>>> kernel (proc) 4 time elapsed: 8.297 ms, 8297 microsecs, 
>>> kernel (proc) 5 time elapsed: 8.315 ms, 8315 microsecs, 
>>> kernel (proc) 6 time elapsed: 8.259 ms, 8259 microsecs, 
>>> kernel (proc) 7 time elapsed: 8.319 ms, 8319 microsecs, 
>>> kernel (proc) 8 time elapsed: 8.308 ms, 8308 microsecs, 
>>> kernel (proc) 9 time elapsed: 8.306 ms, 8306 microsecs, 
>>> kernel (proc) 10 time elapsed: 8.31 ms, 8310 microsecs, 
>>> kernel (proc) 11 time elapsed: 8.254 ms, 8254 microsecs, 
>>> kernel (proc) 12 time elapsed: 8.094 ms, 8094 microsecs, 
>>> kernel (proc) 13 time elapsed: 8.179 ms, 8179 microsecs, 
>>> kernel (proc) 14 time elapsed: 8.275 ms, 8275 microsecs, 
>>> kernel (proc) 15 time elapsed: 8.206 ms, 8206 microsecs, 
>>> kernel (proc) 16 time elapsed: 8.262 ms, 8262 microsecs, 
>>> kernel (proc) 17 time elapsed: 8.259 ms, 8259 microsecs, 
>>> kernel (proc) 18 time elapsed: 8.282 ms, 8282 microsecs, 
>>> kernel (proc) 19 time elapsed: 8.238 ms, 8238 microsecs, 
>>> kernel (proc) 20 time elapsed: 8.222 ms, 8222 microsecs, 
>>> kernel (proc) 21 time elapsed: 8.205 ms, 8205 microsecs, 
>>> kernel (proc) 22 time elapsed: 8.307 ms, 8307 microsecs, 
>>> kernel (proc) 23 time elapsed: 8.3 ms, 8300 microsecs, 
>>> kernel (proc) 24 time elapsed: 8.216 ms, 8216 microsecs, 
>>> kernel (proc) 25 time elapsed: 8.307 ms, 8307 microsecs, 
>>> kernel (proc) 26 time elapsed: 8.281 ms, 8281 microsecs, 
>>> kernel (proc) 27 time elapsed: 8.26 ms, 8260 microsecs, 
>>> kernel (proc) 28 time elapsed: 8.23 ms, 8230 microsecs, 
>>> kernel (proc) 29 time elapsed: 8.254 ms, 8254 microsecs, 
>>> kernel (proc) 30 time elapsed: 8.269 ms, 8269 microsecs, 
>>> kernel (proc) 31 time elapsed: 8.279 ms, 8279 microsecs, 
>>> SUMMARY: kernel (proc) average time elapsed for Iteration 3: 5.49006(5.49006) ms, 5.82445(0.334387) ms, 8.26242(2.43797) ms, 
>>> goclkernel[actssync]:: running ACTS SYNCHRONZE (Iteration 3)

active partitions for iteration 4: 0, 1, 2, 3, 4, 5, 6, 7, 8, 9, 10, 11, 12, 13, 14, 15, 16, 17, 18, 19, 20, 21, 22, 23, 24, 25, 26, 27, 28, 29, 30, 31, 32, 33, 34, 35, 36, 37, 38, 39, 40, 41, 42, 43, 44, 45, 46, 47, 48, 49, 50, 51, 52, 53, 54, 55, 56, 57, 58, 59, 60, 61, 62, 63, 64, 65, 66, 67, 68, 69, 70, 71, 72, 73, 74, 75, 76, 77, 78, 79, 80, 81, 82, 83, 84, 85, 86, 87, 88, 89, 90, 91, 92, 93, 94, 95, 96, 97, 98, 99, 100, 101, 102, 103, 104, 105, 106, 107, 108, 109, 110, 111, 112, 113, 114, 115, 116, 117, 118, 119, 120, 121, 122, 123, 124, 125, 126, 127, 128, 129, 130, 
>>> goclkernel[actssync]:: running ACTS PROCESS (Iteration 4)...
>>> kernel (proc) 0 time elapsed: 42.733 ms, 42733 microsecs, 
>>> kernel (proc) 1 time elapsed: 42.7 ms, 42700 microsecs, 
>>> kernel (proc) 2 time elapsed: 42.721 ms, 42721 microsecs, 
>>> kernel (proc) 3 time elapsed: 42.712 ms, 42712 microsecs, 
>>> kernel (proc) 4 time elapsed: 42.706 ms, 42706 microsecs, 
>>> kernel (proc) 5 time elapsed: 42.703 ms, 42703 microsecs, 
>>> kernel (proc) 6 time elapsed: 42.719 ms, 42719 microsecs, 
>>> kernel (proc) 7 time elapsed: 42.753 ms, 42753 microsecs, 
>>> kernel (proc) 8 time elapsed: 42.633 ms, 42633 microsecs, 
>>> kernel (proc) 9 time elapsed: 42.646 ms, 42646 microsecs, 
>>> kernel (proc) 10 time elapsed: 42.747 ms, 42747 microsecs, 
>>> kernel (proc) 11 time elapsed: 42.696 ms, 42696 microsecs, 
>>> kernel (proc) 12 time elapsed: 42.677 ms, 42677 microsecs, 
>>> kernel (proc) 13 time elapsed: 42.675 ms, 42675 microsecs, 
>>> kernel (proc) 14 time elapsed: 42.708 ms, 42708 microsecs, 
>>> kernel (proc) 15 time elapsed: 42.636 ms, 42636 microsecs, 
>>> kernel (proc) 16 time elapsed: 42.715 ms, 42715 microsecs, 
>>> kernel (proc) 17 time elapsed: 42.688 ms, 42688 microsecs, 
>>> kernel (proc) 18 time elapsed: 42.671 ms, 42671 microsecs, 
>>> kernel (proc) 19 time elapsed: 42.534 ms, 42534 microsecs, 
>>> kernel (proc) 20 time elapsed: 42.667 ms, 42667 microsecs, 
>>> kernel (proc) 21 time elapsed: 42.658 ms, 42658 microsecs, 
>>> kernel (proc) 22 time elapsed: 42.721 ms, 42721 microsecs, 
>>> kernel (proc) 23 time elapsed: 42.841 ms, 42841 microsecs, 
>>> kernel (proc) 24 time elapsed: 42.771 ms, 42771 microsecs, 
>>> kernel (proc) 25 time elapsed: 42.7 ms, 42700 microsecs, 
>>> kernel (proc) 26 time elapsed: 42.733 ms, 42733 microsecs, 
>>> kernel (proc) 27 time elapsed: 42.719 ms, 42719 microsecs, 
>>> kernel (proc) 28 time elapsed: 42.76 ms, 42760 microsecs, 
>>> kernel (proc) 29 time elapsed: 42.698 ms, 42698 microsecs, 
>>> kernel (proc) 30 time elapsed: 42.737 ms, 42737 microsecs, 
>>> kernel (proc) 31 time elapsed: 42.684 ms, 42684 microsecs, 
>>> SUMMARY: kernel (proc) average time elapsed for Iteration 4: 14.9206(14.9206) ms, 24.4506(9.52997) ms, 42.7009(18.2503) ms, 
>>> goclkernel[actssync]:: running ACTS SYNCHRONZE (Iteration 4)

active partitions for iteration 5: 0, 1, 2, 3, 4, 5, 6, 7, 8, 9, 10, 11, 12, 13, 14, 15, 16, 17, 18, 19, 20, 21, 22, 23, 24, 25, 26, 27, 28, 29, 30, 31, 32, 33, 34, 35, 36, 37, 38, 39, 40, 41, 42, 43, 44, 45, 46, 47, 48, 49, 50, 51, 52, 53, 54, 55, 56, 57, 58, 59, 60, 61, 62, 63, 64, 65, 66, 67, 68, 69, 70, 71, 72, 73, 74, 75, 76, 77, 78, 79, 80, 81, 82, 83, 84, 85, 86, 87, 88, 89, 90, 91, 92, 93, 94, 95, 96, 97, 98, 99, 100, 101, 102, 103, 104, 105, 106, 107, 108, 109, 110, 111, 112, 113, 114, 115, 116, 117, 118, 119, 120, 121, 122, 123, 124, 125, 126, 127, 128, 129, 130, 
>>> goclkernel[actssync]:: running ACTS PROCESS (Iteration 5)...
>>> kernel (proc) 0 time elapsed: 46.083 ms, 46083 microsecs, 
>>> kernel (proc) 1 time elapsed: 46.066 ms, 46066 microsecs, 
>>> kernel (proc) 2 time elapsed: 46.153 ms, 46153 microsecs, 
>>> kernel (proc) 3 time elapsed: 46.201 ms, 46201 microsecs, 
>>> kernel (proc) 4 time elapsed: 46.086 ms, 46086 microsecs, 
>>> kernel (proc) 5 time elapsed: 46.18 ms, 46180 microsecs, 
>>> kernel (proc) 6 time elapsed: 46.196 ms, 46196 microsecs, 
>>> kernel (proc) 7 time elapsed: 46.13 ms, 46130 microsecs, 
>>> kernel (proc) 8 time elapsed: 46.115 ms, 46115 microsecs, 
>>> kernel (proc) 9 time elapsed: 46.138 ms, 46138 microsecs, 
>>> kernel (proc) 10 time elapsed: 46.113 ms, 46113 microsecs, 
>>> kernel (proc) 11 time elapsed: 46.13 ms, 46130 microsecs, 
>>> kernel (proc) 12 time elapsed: 46.106 ms, 46106 microsecs, 
>>> kernel (proc) 13 time elapsed: 46.128 ms, 46128 microsecs, 
>>> kernel (proc) 14 time elapsed: 46.052 ms, 46052 microsecs, 
>>> kernel (proc) 15 time elapsed: 46.154 ms, 46154 microsecs, 
>>> kernel (proc) 16 time elapsed: 46.173 ms, 46173 microsecs, 
>>> kernel (proc) 17 time elapsed: 46.192 ms, 46192 microsecs, 
>>> kernel (proc) 18 time elapsed: 46.156 ms, 46156 microsecs, 
>>> kernel (proc) 19 time elapsed: 46.225 ms, 46225 microsecs, 
>>> kernel (proc) 20 time elapsed: 46.096 ms, 46096 microsecs, 
>>> kernel (proc) 21 time elapsed: 46.109 ms, 46109 microsecs, 
>>> kernel (proc) 22 time elapsed: 46.128 ms, 46128 microsecs, 
>>> kernel (proc) 23 time elapsed: 46.079 ms, 46079 microsecs, 
>>> kernel (proc) 24 time elapsed: 46.084 ms, 46084 microsecs, 
>>> kernel (proc) 25 time elapsed: 46.144 ms, 46144 microsecs, 
>>> kernel (proc) 26 time elapsed: 46.156 ms, 46156 microsecs, 
>>> kernel (proc) 27 time elapsed: 46.133 ms, 46133 microsecs, 
>>> kernel (proc) 28 time elapsed: 46.026 ms, 46026 microsecs, 
>>> kernel (proc) 29 time elapsed: 46.099 ms, 46099 microsecs, 
>>> kernel (proc) 30 time elapsed: 46.006 ms, 46006 microsecs, 
>>> kernel (proc) 31 time elapsed: 46.128 ms, 46128 microsecs, 
>>> SUMMARY: kernel (proc) average time elapsed for Iteration 5: 16.2698(16.2698) ms, 26.6801(10.4103) ms, 46.1252(19.4452) ms, 
>>> goclkernel[actssync]:: running ACTS SYNCHRONZE (Iteration 5)

active partitions for iteration 6: 0, 1, 2, 3, 4, 5, 6, 7, 8, 9, 10, 11, 12, 13, 14, 15, 16, 17, 18, 19, 20, 21, 22, 23, 24, 25, 26, 27, 28, 29, 30, 31, 32, 33, 34, 35, 36, 37, 38, 39, 40, 41, 42, 43, 44, 45, 46, 47, 48, 49, 50, 51, 52, 53, 54, 55, 56, 57, 58, 59, 60, 61, 62, 63, 64, 65, 66, 67, 68, 69, 70, 71, 72, 73, 74, 75, 76, 77, 78, 79, 80, 81, 82, 83, 84, 85, 86, 87, 88, 89, 90, 91, 92, 93, 94, 95, 97, 98, 99, 100, 101, 102, 103, 104, 105, 106, 107, 108, 109, 110, 111, 112, 113, 114, 115, 116, 117, 118, 119, 120, 121, 122, 123, 124, 125, 126, 127, 128, 129, 130, 
>>> goclkernel[actssync]:: running ACTS PROCESS (Iteration 6)...
>>> kernel (proc) 0 time elapsed: 11.911 ms, 11911 microsecs, 
>>> kernel (proc) 1 time elapsed: 11.903 ms, 11903 microsecs, 
>>> kernel (proc) 2 time elapsed: 11.808 ms, 11808 microsecs, 
>>> kernel (proc) 3 time elapsed: 11.937 ms, 11937 microsecs, 
>>> kernel (proc) 4 time elapsed: 11.878 ms, 11878 microsecs, 
>>> kernel (proc) 5 time elapsed: 11.942 ms, 11942 microsecs, 
>>> kernel (proc) 6 time elapsed: 11.878 ms, 11878 microsecs, 
>>> kernel (proc) 7 time elapsed: 11.893 ms, 11893 microsecs, 
>>> kernel (proc) 8 time elapsed: 11.843 ms, 11843 microsecs, 
>>> kernel (proc) 9 time elapsed: 11.91 ms, 11910 microsecs, 
>>> kernel (proc) 10 time elapsed: 11.893 ms, 11893 microsecs, 
>>> kernel (proc) 11 time elapsed: 11.919 ms, 11919 microsecs, 
>>> kernel (proc) 12 time elapsed: 11.928 ms, 11928 microsecs, 
>>> kernel (proc) 13 time elapsed: 11.903 ms, 11903 microsecs, 
>>> kernel (proc) 14 time elapsed: 11.925 ms, 11925 microsecs, 
>>> kernel (proc) 15 time elapsed: 11.78 ms, 11780 microsecs, 
>>> kernel (proc) 16 time elapsed: 11.903 ms, 11903 microsecs, 
>>> kernel (proc) 17 time elapsed: 11.895 ms, 11895 microsecs, 
>>> kernel (proc) 18 time elapsed: 11.895 ms, 11895 microsecs, 
>>> kernel (proc) 19 time elapsed: 11.937 ms, 11937 microsecs, 
>>> kernel (proc) 20 time elapsed: 11.881 ms, 11881 microsecs, 
>>> kernel (proc) 21 time elapsed: 11.94 ms, 11940 microsecs, 
>>> kernel (proc) 22 time elapsed: 11.92 ms, 11920 microsecs, 
>>> kernel (proc) 23 time elapsed: 11.947 ms, 11947 microsecs, 
>>> kernel (proc) 24 time elapsed: 11.938 ms, 11938 microsecs, 
>>> kernel (proc) 25 time elapsed: 11.909 ms, 11909 microsecs, 
>>> kernel (proc) 26 time elapsed: 11.947 ms, 11947 microsecs, 
>>> kernel (proc) 27 time elapsed: 11.924 ms, 11924 microsecs, 
>>> kernel (proc) 28 time elapsed: 11.922 ms, 11922 microsecs, 
>>> kernel (proc) 29 time elapsed: 11.958 ms, 11958 microsecs, 
>>> kernel (proc) 30 time elapsed: 11.96 ms, 11960 microsecs, 
>>> kernel (proc) 31 time elapsed: 11.927 ms, 11927 microsecs, 
>>> SUMMARY: kernel (proc) average time elapsed for Iteration 6: 7.74094(7.74094) ms, 8.66816(0.927226) ms, 11.9078(3.23968) ms, 
>>> goclkernel[actssync]:: running ACTS SYNCHRONZE (Iteration 6)

active partitions for iteration 7: 0, 1, 2, 3, 4, 5, 6, 7, 8, 9, 10, 11, 12, 13, 14, 15, 16, 17, 18, 19, 20, 21, 22, 23, 24, 25, 26, 27, 28, 29, 30, 31, 32, 33, 34, 35, 36, 37, 38, 39, 40, 41, 42, 43, 44, 45, 46, 47, 48, 49, 50, 51, 52, 53, 54, 55, 56, 57, 60, 61, 62, 63, 64, 65, 66, 67, 68, 69, 70, 71, 72, 74, 76, 77, 78, 79, 80, 81, 82, 83, 84, 85, 86, 87, 88, 89, 90, 91, 92, 93, 94, 97, 98, 99, 100, 101, 102, 103, 104, 105, 106, 107, 108, 109, 110, 111, 112, 113, 114, 115, 116, 117, 118, 119, 120, 121, 122, 123, 125, 126, 127, 128, 129, 130, 
>>> goclkernel[actssync]:: running ACTS PROCESS (Iteration 7)...
>>> kernel (proc) 0 time elapsed: 7.687 ms, 7687 microsecs, 
>>> kernel (proc) 1 time elapsed: 7.589 ms, 7589 microsecs, 
>>> kernel (proc) 2 time elapsed: 7.579 ms, 7579 microsecs, 
>>> kernel (proc) 3 time elapsed: 7.502 ms, 7502 microsecs, 
>>> kernel (proc) 4 time elapsed: 7.622 ms, 7622 microsecs, 
>>> kernel (proc) 5 time elapsed: 7.504 ms, 7504 microsecs, 
>>> kernel (proc) 6 time elapsed: 7.418 ms, 7418 microsecs, 
>>> kernel (proc) 7 time elapsed: 7.535 ms, 7535 microsecs, 
>>> kernel (proc) 8 time elapsed: 7.589 ms, 7589 microsecs, 
>>> kernel (proc) 9 time elapsed: 7.646 ms, 7646 microsecs, 
>>> kernel (proc) 10 time elapsed: 7.642 ms, 7642 microsecs, 
>>> kernel (proc) 11 time elapsed: 7.535 ms, 7535 microsecs, 
>>> kernel (proc) 12 time elapsed: 7.565 ms, 7565 microsecs, 
>>> kernel (proc) 13 time elapsed: 7.535 ms, 7535 microsecs, 
>>> kernel (proc) 14 time elapsed: 7.543 ms, 7543 microsecs, 
>>> kernel (proc) 15 time elapsed: 7.66 ms, 7660 microsecs, 
>>> kernel (proc) 16 time elapsed: 7.639 ms, 7639 microsecs, 
>>> kernel (proc) 17 time elapsed: 7.684 ms, 7684 microsecs, 
>>> kernel (proc) 18 time elapsed: 7.508 ms, 7508 microsecs, 
>>> kernel (proc) 19 time elapsed: 7.555 ms, 7555 microsecs, 
>>> kernel (proc) 20 time elapsed: 7.606 ms, 7606 microsecs, 
>>> kernel (proc) 21 time elapsed: 7.505 ms, 7505 microsecs, 
>>> kernel (proc) 22 time elapsed: 7.626 ms, 7626 microsecs, 
>>> kernel (proc) 23 time elapsed: 7.605 ms, 7605 microsecs, 
>>> kernel (proc) 24 time elapsed: 7.601 ms, 7601 microsecs, 
>>> kernel (proc) 25 time elapsed: 7.58 ms, 7580 microsecs, 
>>> kernel (proc) 26 time elapsed: 7.625 ms, 7625 microsecs, 
>>> kernel (proc) 27 time elapsed: 7.634 ms, 7634 microsecs, 
>>> kernel (proc) 28 time elapsed: 7.64 ms, 7640 microsecs, 
>>> kernel (proc) 29 time elapsed: 7.669 ms, 7669 microsecs, 
>>> kernel (proc) 30 time elapsed: 7.681 ms, 7681 microsecs, 
>>> kernel (proc) 31 time elapsed: 7.718 ms, 7718 microsecs, 
>>> SUMMARY: kernel (proc) average time elapsed for Iteration 7: 5.86094(5.86094) ms, 6.03687(0.175935) ms, 7.59161(1.55474) ms, 
>>> goclkernel[actssync]:: running ACTS SYNCHRONZE (Iteration 7)

active partitions for iteration 8: 0, 1, 2, 3, 4, 5, 6, 7, 8, 9, 10, 11, 12, 13, 14, 15, 16, 17, 18, 19, 20, 21, 26, 27, 28, 31, 32, 33, 34, 38, 39, 40, 43, 44, 46, 48, 49, 50, 52, 53, 61, 62, 63, 64, 67, 69, 70, 76, 77, 105, 107, 117, 118, 119, 120, 121, 127, 128, 129, 130, 
>>> goclkernel[actssync]:: running ACTS PROCESS (Iteration 8)...
>>> kernel (proc) 0 time elapsed: 3.235 ms, 3235 microsecs, 
>>> kernel (proc) 1 time elapsed: 3.127 ms, 3127 microsecs, 
>>> kernel (proc) 2 time elapsed: 3.187 ms, 3187 microsecs, 
>>> kernel (proc) 3 time elapsed: 3.17 ms, 3170 microsecs, 
>>> kernel (proc) 4 time elapsed: 3.264 ms, 3264 microsecs, 
>>> kernel (proc) 5 time elapsed: 3.143 ms, 3143 microsecs, 
>>> kernel (proc) 6 time elapsed: 3.146 ms, 3146 microsecs, 
>>> kernel (proc) 7 time elapsed: 3.209 ms, 3209 microsecs, 
>>> kernel (proc) 8 time elapsed: 3.317 ms, 3317 microsecs, 
>>> kernel (proc) 9 time elapsed: 3.163 ms, 3163 microsecs, 
>>> kernel (proc) 10 time elapsed: 3.255 ms, 3255 microsecs, 
>>> kernel (proc) 11 time elapsed: 3.107 ms, 3107 microsecs, 
>>> kernel (proc) 12 time elapsed: 3.154 ms, 3154 microsecs, 
>>> kernel (proc) 13 time elapsed: 2.963 ms, 2963 microsecs, 
>>> kernel (proc) 14 time elapsed: 3.185 ms, 3185 microsecs, 
>>> kernel (proc) 15 time elapsed: 3.206 ms, 3206 microsecs, 
>>> kernel (proc) 16 time elapsed: 3.168 ms, 3168 microsecs, 
>>> kernel (proc) 17 time elapsed: 3.136 ms, 3136 microsecs, 
>>> kernel (proc) 18 time elapsed: 3.174 ms, 3174 microsecs, 
>>> kernel (proc) 19 time elapsed: 3.137 ms, 3137 microsecs, 
>>> kernel (proc) 20 time elapsed: 3.114 ms, 3114 microsecs, 
>>> kernel (proc) 21 time elapsed: 3.128 ms, 3128 microsecs, 
>>> kernel (proc) 22 time elapsed: 3.213 ms, 3213 microsecs, 
>>> kernel (proc) 23 time elapsed: 3.273 ms, 3273 microsecs, 
>>> kernel (proc) 24 time elapsed: 3.313 ms, 3313 microsecs, 
>>> kernel (proc) 25 time elapsed: 3.221 ms, 3221 microsecs, 
>>> kernel (proc) 26 time elapsed: 3.126 ms, 3126 microsecs, 
>>> kernel (proc) 27 time elapsed: 3.095 ms, 3095 microsecs, 
>>> kernel (proc) 28 time elapsed: 3.078 ms, 3078 microsecs, 
>>> kernel (proc) 29 time elapsed: 3.089 ms, 3089 microsecs, 
>>> kernel (proc) 30 time elapsed: 3.074 ms, 3074 microsecs, 
>>> kernel (proc) 31 time elapsed: 3.052 ms, 3052 microsecs, 
>>> SUMMARY: kernel (proc) average time elapsed for Iteration 8: 2.76529(2.76529) ms, 2.84003(0.0747419) ms, 3.16087(0.320839) ms, 
>>> goclkernel[actssync]:: running ACTS SYNCHRONZE (Iteration 8)

active partitions for iteration 9: 6, 7, 9, 11, 14, 15, 16, 33, 38, 39, 52, 
>>> goclkernel[actssync]:: running ACTS PROCESS (Iteration 9)...
>>> kernel (proc) 0 time elapsed: 1.115 ms, 1115 microsecs, 
>>> kernel (proc) 1 time elapsed: 1.121 ms, 1121 microsecs, 
>>> kernel (proc) 2 time elapsed: 1.139 ms, 1139 microsecs, 
>>> kernel (proc) 3 time elapsed: 1.107 ms, 1107 microsecs, 
>>> kernel (proc) 4 time elapsed: 1.117 ms, 1117 microsecs, 
>>> kernel (proc) 5 time elapsed: 1.094 ms, 1094 microsecs, 
>>> kernel (proc) 6 time elapsed: 1.134 ms, 1134 microsecs, 
>>> kernel (proc) 7 time elapsed: 1.099 ms, 1099 microsecs, 
>>> kernel (proc) 8 time elapsed: 1.12 ms, 1120 microsecs, 
>>> kernel (proc) 9 time elapsed: 1.11 ms, 1110 microsecs, 
>>> kernel (proc) 10 time elapsed: 1.06 ms, 1060 microsecs, 
>>> kernel (proc) 11 time elapsed: 1.232 ms, 1232 microsecs, 
>>> kernel (proc) 12 time elapsed: 1.125 ms, 1125 microsecs, 
>>> kernel (proc) 13 time elapsed: 1.105 ms, 1105 microsecs, 
>>> kernel (proc) 14 time elapsed: 1.112 ms, 1112 microsecs, 
>>> kernel (proc) 15 time elapsed: 1.152 ms, 1152 microsecs, 
>>> kernel (proc) 16 time elapsed: 1.151 ms, 1151 microsecs, 
>>> kernel (proc) 17 time elapsed: 1.172 ms, 1172 microsecs, 
>>> kernel (proc) 18 time elapsed: 1.167 ms, 1167 microsecs, 
>>> kernel (proc) 19 time elapsed: 1.073 ms, 1073 microsecs, 
>>> kernel (proc) 20 time elapsed: 1.115 ms, 1115 microsecs, 
>>> kernel (proc) 21 time elapsed: 1.028 ms, 1028 microsecs, 
>>> kernel (proc) 22 time elapsed: 1.113 ms, 1113 microsecs, 
>>> kernel (proc) 23 time elapsed: 1.105 ms, 1105 microsecs, 
>>> kernel (proc) 24 time elapsed: 1.155 ms, 1155 microsecs, 
>>> kernel (proc) 25 time elapsed: 1.176 ms, 1176 microsecs, 
>>> kernel (proc) 26 time elapsed: 1.171 ms, 1171 microsecs, 
>>> kernel (proc) 27 time elapsed: 1.168 ms, 1168 microsecs, 
>>> kernel (proc) 28 time elapsed: 1.116 ms, 1116 microsecs, 
>>> kernel (proc) 29 time elapsed: 1.111 ms, 1111 microsecs, 
>>> kernel (proc) 30 time elapsed: 1.112 ms, 1112 microsecs, 
>>> kernel (proc) 31 time elapsed: 1.114 ms, 1114 microsecs, 
>>> SUMMARY: kernel (proc) average time elapsed for Iteration 9: 0.795323(0.795323) ms, 0.921645(0.126323) ms, 1.12497(0.203323) ms, 
>>> goclkernel[actssync]:: running ACTS SYNCHRONZE (Iteration 9)

active partitions for iteration 10: 33, 
>>> goclkernel[actssync]:: running ACTS PROCESS (Iteration 10)...
>>> kernel (proc) 0 time elapsed: 0.665 ms, 665 microsecs, 
>>> kernel (proc) 1 time elapsed: 0.653 ms, 653 microsecs, 
>>> kernel (proc) 2 time elapsed: 0.644 ms, 644 microsecs, 
>>> kernel (proc) 3 time elapsed: 0.653 ms, 653 microsecs, 
>>> kernel (proc) 4 time elapsed: 0.65 ms, 650 microsecs, 
>>> kernel (proc) 5 time elapsed: 0.65 ms, 650 microsecs, 
>>> kernel (proc) 6 time elapsed: 0.674 ms, 674 microsecs, 
>>> kernel (proc) 7 time elapsed: 0.581 ms, 581 microsecs, 
>>> kernel (proc) 8 time elapsed: 0.657 ms, 657 microsecs, 
>>> kernel (proc) 9 time elapsed: 0.604 ms, 604 microsecs, 
>>> kernel (proc) 10 time elapsed: 0.655 ms, 655 microsecs, 
>>> kernel (proc) 11 time elapsed: 0.653 ms, 653 microsecs, 
>>> kernel (proc) 12 time elapsed: 0.677 ms, 677 microsecs, 
>>> kernel (proc) 13 time elapsed: 0.655 ms, 655 microsecs, 
>>> kernel (proc) 14 time elapsed: 0.657 ms, 657 microsecs, 
>>> kernel (proc) 15 time elapsed: 0.644 ms, 644 microsecs, 
>>> kernel (proc) 16 time elapsed: 0.793 ms, 793 microsecs, 
>>> kernel (proc) 17 time elapsed: 0.648 ms, 648 microsecs, 
>>> kernel (proc) 18 time elapsed: 0.675 ms, 675 microsecs, 
>>> kernel (proc) 19 time elapsed: 0.654 ms, 654 microsecs, 
>>> kernel (proc) 20 time elapsed: 0.648 ms, 648 microsecs, 
>>> kernel (proc) 21 time elapsed: 0.65 ms, 650 microsecs, 
>>> kernel (proc) 22 time elapsed: 0.659 ms, 659 microsecs, 
>>> kernel (proc) 23 time elapsed: 0.65 ms, 650 microsecs, 
>>> kernel (proc) 24 time elapsed: 0.649 ms, 649 microsecs, 
>>> kernel (proc) 25 time elapsed: 0.653 ms, 653 microsecs, 
>>> kernel (proc) 26 time elapsed: 0.647 ms, 647 microsecs, 
>>> kernel (proc) 27 time elapsed: 0.659 ms, 659 microsecs, 
>>> kernel (proc) 28 time elapsed: 0.655 ms, 655 microsecs, 
>>> kernel (proc) 29 time elapsed: 0.652 ms, 652 microsecs, 
>>> kernel (proc) 30 time elapsed: 0.657 ms, 657 microsecs, 
>>> kernel (proc) 31 time elapsed: 0.664 ms, 664 microsecs, 
>>> SUMMARY: kernel (proc) average time elapsed for Iteration 10: 0.459452(0.459452) ms, 0.523226(0.0637742) ms, 0.655484(0.132258) ms, 
>>> goclkernel[actssync]:: running ACTS SYNCHRONZE (Iteration 10)

active partitions for iteration 11: 
goclkernel::runapp2: no more active vertices to process. exiting... 
[1m[37m>>> SUMMARY: Total kernel time: 124.418 ms[0m
0.0157547, 0.105204, 0.0448842, [Iter 0 throughput: 0.0104978]
0.109582, 0.831147, 0.270667, [Iter 1 throughput: 0.0713097]
1.8223, 19.5119, 6.14292, [Iter 2 throughput: 1.31096]
120.11, 1972, 270.476, [Iter 3 throughput: 79.8086]
3537.28, 5538.16, 2891.92, [Iter 4 throughput: 1236]
3566.26, 5573.55, 2983.89, [Iter 5 throughput: 1257.93]
414.734, 3462.4, 990.971, [Iter 6 throughput: 269.606]
12.7253, 423.917, 47.9707, [Iter 7 throughput: 9.82426]
1.46892, 54.347, 12.6606, [Iter 8 throughput: 1.28509]
0.110647, 0.696629, 0.43281, [Iter 9 throughput: 0.0782245]
0.00652952, 0.047041, 0.0226829, [Iter 10 throughput: 0.00457677]
>>> app::run_hw: total_edges_processed: 114751558 edges (114 million edges)
>>> app::run_hw: total_time_elapsed: 124.418 ms (0.124418 s)
[1m[37m>>> app::run_hw: throughput: 9.22304e+08 edges/sec (922.304 million edges/sec)[0m

utility::runsssp_sw:: running traditional sssp... 
utility::runsssp_sw: number of active vertices for iteration 0: 0
utility::runsssp_sw: number of active vertices for iteration 1: 4
utility::runsssp_sw: number of active vertices for iteration 2: 23
utility::runsssp_sw: number of active vertices for iteration 3: 1249
utility::runsssp_sw: number of active vertices for iteration 4: 110694
utility::runsssp_sw: number of active vertices for iteration 5: 752777
utility::runsssp_sw: number of active vertices for iteration 6: 194415
utility::runsssp_sw: number of active vertices for iteration 7: 9482
utility::runsssp_sw: number of active vertices for iteration 8: 461
utility::runsssp_sw: number of active vertices for iteration 9: 19
utility::runsssp_sw: number of active vertices for iteration 10: 1
utility::runsssp_sw: number of active vertices for iteration 11: 0
no more activer vertices to process. breaking out... 
>>> utility::runsssp_sw: total_edges_processed: 114751558 edges (114 million edges)
>>> utility::runsssp_sw: total_time_elapsed: 2217 ms (2.217 s)
[1m[37m>>> utility::runsssp_sw: throughput: 5.17598e+07 edges/sec (51.7598 million edges/sec)[0m

app::verifyresults_hw: verifying vertex data... 
utility::printvalues::app::verifyresults_hw.vdatas: verifying results after kernel run:: printing first 16 values
values[0]: 1
values[1]: 4
values[2]: 23
values[3]: 1249
values[4]: 110694
values[5]: 752777
values[6]: 194414
values[7]: 9482
values[8]: 461
values[9]: 19
values[10]: 1
values[11]: 0
values[12]: 0
values[13]: 0
values[14]: 0
values[15]: 0
printvalues:: total values: totalvalues: 1069125
graph::closetemporaryfilesforwriting : close temporary files for writing...
graph::closetemporaryfilesforreading : close files for reading...
graph::closefilesforreading : close files for reading...
=== STATS::TIMING AND SUMMARY RESULTS FOR ITERATION: 666 === 
>>> stats::summary Total number of kvReads in bank [0]: 131561968
>>> stats::summary Total number of kvReads for all threads: 131561968
>>> stats::summary Total time spent (SSD access): 0 milliseconds
>>> stats::summary Total time spent (SSD access): 0 seconds
>>> stats::summary Total time spent (OCL data transfers): 0 milliseconds
>>> stats::summary Total time spent (OCL data transfers): 0 seconds
>>> stats::summary Total time spent (Kernel Pre Process execution): 0 milliseconds
>>> stats::summary Total time spent (Kernel Pre Process execution): 0 seconds
>>> stats::summary Total time spent (Kernel execution): 0 milliseconds
>>> stats::summary Total time spent (Kernel execution): 0 seconds
>>> stats::summary Total time spent (Kernel Post Process execution): 0 milliseconds
>>> stats::summary Total time spent (Kernel Post Process execution): 0 seconds
>>> stats::summary Total time spent (Overall Kernel execution): 0 milliseconds
>>> stats::summary Total time spent (Overall Kernel execution): 0 seconds
>>> stats::summary Total time spent (Overall processing): 0 milliseconds
>>> stats::summary Total time spent (Overall processing): 0 seconds
>>> stats::summary Total time spent (Overall processing excluding SSD & OCL data transfers): 0 milliseconds
>>> stats::summary Total time spent (Overall processing excluding SSD & OCL data transfers): 0 seconds
>>> stats::summary Throughput (Kernel processing): inf keyvalues per second
>>> stats::summary Throughput (Kernel processing): inf million keyvalues per second
>>> stats::summary Throughput (Kernel processing): inf MB/s
>>> stats::summary Throughput (Overall processing): inf keyvalues per second
>>> stats::summary Throughput (Overall processing): inf million keyvalues per second
>>> stats::summary Throughput (Overall processing): inf MB/s
>>> stats::summary Throughput (Overall processing excluding SSD & OCL data transfers): inf keyvalues per second
>>> stats::summary Throughput (Overall processing excluding SSD & OCL data transfers): inf million keyvalues per second

graph::printdataset: printing dataset parameters...
>>> graphtopname: hollywood-2009
>>> graphname: hollywood-2009_dup
>>> graph_path: /localtmp/oj2zf/dataset/hollywood-2009/hollywood-2009.mtx
>>> vertices_path: /localtmp/oj2zf/dataset/hollywood-2009/hollywood-2009.vertices
>>> edges_path: /localtmp/oj2zf/dataset/hollywood-2009/hollywood-2009.edges
>>> vertices_path_bin: /localtmp/oj2zf/dataset/hollywood-2009/hollywood-2009_bin.vertices
>>> edges_path_bin: /localtmp/oj2zf/dataset/hollywood-2009/hollywood-2009_bin.edges
>>> min_vertex: 0
>>> max_vertex: 1139905
>>> num_vertices: 1139905
>>> num_edges: 115031232
>>> graphdirectiontype: 5
>>> graphorder: 6
>>> skewratio: 666
TEST FINISHED
[1m[37m>>> HOSTPROCESS:: TIMING SUMMARY: TOTAL TIME ELAPSED: : Time Elapsed = 425657668923[nanao seconds](Iteration 666)[0m
[1m[37m>>> HOSTPROCESS:: TIMING SUMMARY: TOTAL TIME ELAPSED: : Time Elapsed = 425657668[micro seconds](Iteration 666)[0m
[1m[37m>>> HOSTPROCESS:: TIMING SUMMARY: TOTAL TIME ELAPSED: : Time Elapsed = 425657[milli seconds](Iteration 666)[0m
[1m[37m>>> HOSTPROCESS:: TIMING SUMMARY: TOTAL TIME ELAPSED: : Time Elapsed = 425[seconds](Iteration 666)[0m

