Hostprocess:: Graph Analytics Started...
utility:: USEHBMMEMORY DEFINED
utility:: NUMDRAMBANKS: 4
utility:: NUMWORKERS: 1
utility:: NUMSUBWORKERS: 3
utility:: NUM_PARTITIONS: 16
utility:: NUMSUBCPUTHREADS: 32
utility:: DATAWIDTH: 512
utility:: VECTOR_SIZE: 8
utility:: KVDATA_RANGE: 2097152
utility:: KVDATA_RANGE_POW: 21
utility:: BATCH_RANGE: 2097152
utility:: BATCH_RANGE_POW: 21
utility:: TREE_DEPTH: 3
utility:: KVDATA_RANGE_POW: 21
utility:: KVDATA_RANGE: 2097152
utility:: MESSAGES_SIZE: 1024
utility:: LOCKE DEFINED
utility:: sizeof(keyvalue_t): 8 bytes (64 bits)
utility:: sizeof(vertex_t): 4 bytes (32 bits)
utility:: sizeof(edge_t): 4 bytes (32 bits)
utility:: MESSAGESDRAMSZ: 1024
utility:: VERTEXPTRSSZ: 1114112
utility:: VERTEXPTRSSZ_KVS: 139264
utility:: VERTICESDATASZ: 1048576
utility:: VERTICESDATASZ_KVS: 131072
>> host[baseoffsets]:: BASEOFFSET_MESSAGESDATA: 0
>> host[baseoffsets]:: BASEOFFSET_MESSAGESDATA_KVS: 0
>> host[baseoffsets]:: KVSOURCEDRAMSZ: 33554432
>> host[baseoffsets]:: KVSOURCEDRAMSZ_KVS: 4194304
>> host[baseoffsets]:: PADDEDKVSOURCEDRAMSZ: 33554432
>> host[baseoffsets]:: PADDEDKVSOURCEDRAMSZ_KVS: 4194304
>> host[baseoffsets]:: VDRAMSZ: 33554432
>> host[baseoffsets]:: PADDEDVDRAMSZ: 33554432
>> host[baseoffsets]:: PADDEDVDRAMSZ_KVS: 4194304
>> host[sizes]:: MESSAGESDRAMSZ (keyvalues): 1024 keyvalues
>> host[sizes]:: VERTEXPTRSSZ (keyvalues): 1114112 keyvalues
>> host[sizes]:: VERTICESDATASZ (keyvalues): 1048576 keyvalues
>> host[sizes]:: ACTIVEVERTICESSZ (keyvalues): 0 keyvalues
>> host[sizes]:: VERTICESDATAMASKSZ (keyvalues): 65536 keyvalues
>> host[sizes]:: KVSTATSDRAMSZ (keyvalues): 65536 keyvalues
>> host[sizes]:: PADDEDVDRAMSZ (keyvalues): 33554432 keyvalues
>> host[sizes]:: PADDEDKVSOURCEDRAMSZ (keyvalues): 33554432 keyvalues
>> host[bytes]:: MESSAGESDRAMSZ (bytes): 8192 bytes
>> host[bytes]:: KVSTATSDRAMSZ (bytes): 524288 bytes
>> host[bytes]:: VERTEXPTRSSZ (bytes): 8912896 bytes
>> host[bytes]:: VERTICESDATASZ (bytes): 8388608 bytes
>> host[bytes]:: ACTIVEVERTICESSZ (bytes): 0 bytes
>> host[bytes]:: VERTICESDATAMASKSZ (bytes): 524288 bytes
>> host[bytes]:: PADDEDVDRAMSZ (bytes): 268435456 bytes
>> host[bytes]:: PADDEDKVSOURCEDRAMSZ (bytes): 268435456 bytes
utility:: KVSTATSDRAMSZ: 65536
utility:: NUMLASTLEVELPARTITIONS: 4096
utility:: REDUCESZ_POW: 9
utility:: REDUCESZ: 512
utility:: REDUCEBUFFERSZ: 256
utility:: VMASKBUFFERSZ_KVS: 16
utility:: NUMLASTLEVELPARTITIONS: 4096
utility:: ENABLE_KERNEL_PROFILING DEFINED: 
graph::graph constructor:: datasetid: 31, _numedgebanks: 1
graph::loadalldatasets:: 
graph::loadalldatasets finished. 
graph::printdataset: printing dataset parameters...
>>> graphtopname: hollywood-2009
>>> graphname: hollywood-2009_dup
>>> graph_path: /localtmp/oj2zf/dataset/hollywood-2009/hollywood-2009.mtx
>>> vertices_path: /localtmp/oj2zf/dataset/hollywood-2009/hollywood-2009.vertices
>>> edges_path: /localtmp/oj2zf/dataset/hollywood-2009/hollywood-2009.edges
>>> vertices_path_bin: /localtmp/oj2zf/dataset/hollywood-2009/hollywood-2009_bin.vertices
>>> edges_path_bin: /localtmp/oj2zf/dataset/hollywood-2009/hollywood-2009_bin.edges
>>> min_vertex: 0
>>> max_vertex: 1139905
>>> num_vertices: 1139905
>>> num_edges: 115031232
>>> graphdirectiontype: 5
>>> graphorder: 6
>>> skewratio: 666
app::run_hw:: app algorithm started. 
graph::opentemporaryfilesforwriting : opening temporary files for writing...
Directory already exists.INFO: Successfully opened /localtmp/oj2zf/dataset/hollywood-2009/hollywood-2009_1by1/hollywood-2009_dup.vdata
INFO: Successfully opened /localtmp/oj2zf/dataset/hollywood-2009/hollywood-2009_1by1/hollywood-2009_dup.vproperties
graph::opentemporaryfilesforreading : opening temporary files for reading
INFO: Successfully opened /localtmp/oj2zf/dataset/hollywood-2009/hollywood-2009_1by1/hollywood-2009_dup.vdata
INFO: Successfully opened /localtmp/oj2zf/dataset/hollywood-2009/hollywood-2009_1by1/hollywood-2009_dup.vproperties
generating vertices data... 
graph::openfilesforreading : opening files for reading
INFO: Successfully opened /localtmp/oj2zf/dataset/hollywood-2009/hollywood-2009_1by1/hollywood-2009_dup_0_0.vertexptrs
INFO: Successfully opened /localtmp/oj2zf/dataset/hollywood-2009/hollywood-2009_1by1/hollywood-2009_dup_0_0.vertexptrs
INFO: Successfully opened /localtmp/oj2zf/dataset/hollywood-2009/hollywood-2009_1by1/hollywood-2009_dup_0_0.edges
INFO: Successfully opened /localtmp/oj2zf/dataset/hollywood-2009/hollywood-2009_1by1/hollywood-2009_dup_0_0.edges
loadedges_rowblockwise:: loading Acts... sizes: [[4111312, 4111312, 4111312, 4111312, 4111312, 4111312, 4111312, 4111312, 4111312, 4111312, 4111312, 4111312, 4111312, 4111312, 4111312, 4111312, 4111312, 4111312, 4111312, 4111312, 4111312, 4111312, 4111312, 4111312, 4111312, 4111312, 4111312, 4111312, 4111312, 4111312, 4111312, 4111296]]
loadedges_rowblockwise:: total sizes: 131561968
maxvptr: 4111312
app::loadvertexdata:: loading vertex datas... 
app::setrootvid:: setting root vid(s)... 
app::loadactvvertices:: loading active vertices... 
app::generatevmaskdata:: generating vmask... 
app::loadoffsetmarkers:: loading offset markers... 
app::loadmessages:: loading messages... 
[globalparams.BASEOFFSET_MESSAGESDATA: 0]
[globalparams.BASEOFFSETKVS_MESSAGESDATA: 0]
[globalparams.BASEOFFSET_EDGESDATA: 8192]
[globalparams.BASEOFFSETKVS_EDGESDATA: 1024]
[globalparams.BASEOFFSET_VERTEXPTR: 2129384]
[globalparams.BASEOFFSETKVS_VERTEXPTR: 266173]
[globalparams.BASEOFFSET_VERTICESDATA: 3243496]
[globalparams.BASEOFFSETKVS_VERTICESDATA: 405437]
[globalparams.BASEOFFSET_ACTIVEVERTICES: 4292072]
[globalparams.BASEOFFSETKVS_ACTIVEVERTICES: 536509]
[globalparams.BASEOFFSET_VERTICESDATAMASK: 4292072]
[globalparams.BASEOFFSETKVS_VERTICESDATAMASK: 536509]
[globalparams.BASEOFFSET_VERTICESPARTITIONMASK : 4357608]
[globalparams.BASEOFFSETKVS_VERTICESPARTITIONMASK: 544701]
[globalparams.BASEOFFSET_STATSDRAM: 4361704]
[globalparams.BASEOFFSETKVS_STATSDRAM: 545213]
[globalparams.BASEOFFSET_KVDRAM: 4885992]
[globalparams.BASEOFFSETKVS_KVDRAM: 610749]
[globalparams.BASEOFFSET_KVDRAMWORKSPACE: 8997896]
[globalparams.BASEOFFSETKVS_KVDRAMWORKSPACE: 1124737]
[globalparams.SIZE_MESSAGESDRAM: 0]
[globalparams.SIZE_EDGES: 4112312]
[globalparams.SIZE_VERTEXPTRS: 2097152]
[globalparams.SIZE_VERTICESDATA: 2097152]
[globalparams.SIZE_ACTIVEVERTICES: 0]
[globalparams.SIZE_VERTICESDATAMASK: 65536]
[globalparams.SIZE_KVSTATSDRAM: 65536]
[globalparams.SIZE_KVDRAM: 4111904]
[globalparams.SIZE_KVDRAMWORKSPACE: 4111904]
[1m[37m>> host[sizes]:: PADDEDKVSOURCEDRAMSZ (keyvalues): 33554432 keyvalues[0m
[1m[37m>> host[bytes]:: PADDEDKVSOURCEDRAMSZ (bytes): 268435456 bytes[0m
[1m[37m>> host[sizes]:: valid PADDEDKVSOURCEDRAMSZ (keyvalues): 13109800 keyvalues[0m
[1m[37m>> host[bytes]:: valid PADDEDKVSOURCEDRAMSZ (bytes): 104878400 bytes. (HBM max=268435456 bytes)[0m
loadmessages:: loading Acts... sizes: [[4111312, 4111312, 4111312, 4111312, 4111312, 4111312, 4111312, 4111312, 4111312, 4111312, 4111312, 4111312, 4111312, 4111312, 4111312, 4111312, 4111312, 4111312, 4111312, 4111312, 4111312, 4111312, 4111312, 4111312, 4111312, 4111312, 4111312, 4111312, 4111312, 4111312, 4111312, 4111296]]
loadmessages:: total sizes: 131561968
app::appendkeyvaluecount:: appending value count... 
app::experiements: resetting kvdram & kvdram workspaces...

utility::runsssp_sw:: running traditional sssp... 
utility::runsssp_sw: number of active vertices for iteration 0: 0
utility::runsssp_sw: number of active vertices for iteration 1: 4
utility::runsssp_sw: number of active vertices for iteration 2: 23
utility::runsssp_sw: number of active vertices for iteration 3: 1249
utility::runsssp_sw: number of active vertices for iteration 4: 110694
utility::runsssp_sw: number of active vertices for iteration 5: 752777
utility::runsssp_sw: number of active vertices for iteration 6: 194415
utility::runsssp_sw: number of active vertices for iteration 7: 9482
utility::runsssp_sw: number of active vertices for iteration 8: 461
utility::runsssp_sw: number of active vertices for iteration 9: 19
utility::runsssp_sw: number of active vertices for iteration 10: 1
utility::runsssp_sw: number of active vertices for iteration 11: 0
no more activer vertices to process. breaking out... 
>>> utility::runsssp_sw: total_edges_processed: 114751558 edges (114 million edges)
>>> utility::runsssp_sw: total_time_elapsed: 1442 ms (1.442 s)
[1m[37m>>> utility::runsssp_sw: throughput: 7.95781e+07 edges/sec (79.5781 million edges/sec)[0m

[1m[37m>>> app::run_hw: app started. (1 active vertices)[0m
Found Platform
Platform Name: Xilinx
Found Device=xilinx_u280_xdma_201910_1
INFO: Reading /home/oj2zf/Documents/ActsOfAGraph/synkernels/goldenkernelprocsssp32HW180MHz.xclbin
Loading: '/home/oj2zf/Documents/ActsOfAGraph/synkernels/goldenkernelprocsssp32HW180MHz.xclbin'
INFO: Reading /home/oj2zf/Documents/ActsOfAGraph/synkernels/goldenkernelsync32HW180MHz.xclbin
Loading: '/home/oj2zf/Documents/ActsOfAGraph/synkernels/goldenkernelsync32HW180MHz.xclbin'
>>> goclkernel[actssync]:: running ACTS PROCESS (Iteration 0)...
>>> kernel (proc) 0 time elapsed: 0.674 ms, 674 microsecs, 
>>> kernel (proc) 1 time elapsed: 0.632 ms, 632 microsecs, 
>>> kernel (proc) 2 time elapsed: 0.637 ms, 637 microsecs, 
>>> kernel (proc) 3 time elapsed: 0.631 ms, 631 microsecs, 
>>> kernel (proc) 4 time elapsed: 0.659 ms, 659 microsecs, 
>>> kernel (proc) 5 time elapsed: 0.553 ms, 553 microsecs, 
>>> kernel (proc) 6 time elapsed: 0.636 ms, 636 microsecs, 
>>> kernel (proc) 7 time elapsed: 0.632 ms, 632 microsecs, 
>>> kernel (proc) 8 time elapsed: 0.634 ms, 634 microsecs, 
>>> kernel (proc) 9 time elapsed: 0.634 ms, 634 microsecs, 
>>> kernel (proc) 10 time elapsed: 0.507 ms, 507 microsecs, 
>>> kernel (proc) 11 time elapsed: 0.536 ms, 536 microsecs, 
>>> kernel (proc) 12 time elapsed: 0.632 ms, 632 microsecs, 
>>> kernel (proc) 13 time elapsed: 0.637 ms, 637 microsecs, 
>>> kernel (proc) 14 time elapsed: 0.637 ms, 637 microsecs, 
>>> kernel (proc) 15 time elapsed: 0.631 ms, 631 microsecs, 
>>> kernel (proc) 16 time elapsed: 0.636 ms, 636 microsecs, 
>>> kernel (proc) 17 time elapsed: 0.589 ms, 589 microsecs, 
>>> kernel (proc) 18 time elapsed: 0.589 ms, 589 microsecs, 
>>> kernel (proc) 19 time elapsed: 0.733 ms, 733 microsecs, 
>>> kernel (proc) 20 time elapsed: 0.641 ms, 641 microsecs, 
>>> kernel (proc) 21 time elapsed: 0.631 ms, 631 microsecs, 
>>> kernel (proc) 22 time elapsed: 0.659 ms, 659 microsecs, 
>>> kernel (proc) 23 time elapsed: 0.596 ms, 596 microsecs, 
>>> kernel (proc) 24 time elapsed: 0.61 ms, 610 microsecs, 
>>> kernel (proc) 25 time elapsed: 0.637 ms, 637 microsecs, 
>>> kernel (proc) 26 time elapsed: 0.633 ms, 633 microsecs, 
>>> kernel (proc) 27 time elapsed: 0.58 ms, 580 microsecs, 
>>> kernel (proc) 28 time elapsed: 0.648 ms, 648 microsecs, 
>>> kernel (proc) 29 time elapsed: 0.638 ms, 638 microsecs, 
>>> kernel (proc) 30 time elapsed: 0.662 ms, 662 microsecs, 
>>> kernel (proc) 31 time elapsed: 0.638 ms, 638 microsecs, 
>>> SUMMARY: kernel (proc) average time elapsed for Iteration 0: 0.529387(0.529387) ms, 0.518161(-0.0112258) ms, 0.624129(0.105968) ms, 
>>> goclkernel[actssync]:: running ACTS SYNCHRONZE (Iteration 0)

active partitions for iteration 1: 0, 26, 
>>> goclkernel[actssync]:: running ACTS PROCESS (Iteration 1)...
>>> kernel (proc) 0 time elapsed: 0.66 ms, 660 microsecs, 
>>> kernel (proc) 1 time elapsed: 0.724 ms, 724 microsecs, 
>>> kernel (proc) 2 time elapsed: 0.764 ms, 764 microsecs, 
>>> kernel (proc) 3 time elapsed: 0.638 ms, 638 microsecs, 
>>> kernel (proc) 4 time elapsed: 0.662 ms, 662 microsecs, 
>>> kernel (proc) 5 time elapsed: 0.603 ms, 603 microsecs, 
>>> kernel (proc) 6 time elapsed: 0.615 ms, 615 microsecs, 
>>> kernel (proc) 7 time elapsed: 0.612 ms, 612 microsecs, 
>>> kernel (proc) 8 time elapsed: 0.667 ms, 667 microsecs, 
>>> kernel (proc) 9 time elapsed: 0.659 ms, 659 microsecs, 
>>> kernel (proc) 10 time elapsed: 0.657 ms, 657 microsecs, 
>>> kernel (proc) 11 time elapsed: 0.66 ms, 660 microsecs, 
>>> kernel (proc) 12 time elapsed: 0.566 ms, 566 microsecs, 
>>> kernel (proc) 13 time elapsed: 0.722 ms, 722 microsecs, 
>>> kernel (proc) 14 time elapsed: 0.589 ms, 589 microsecs, 
>>> kernel (proc) 15 time elapsed: 0.664 ms, 664 microsecs, 
>>> kernel (proc) 16 time elapsed: 0.646 ms, 646 microsecs, 
>>> kernel (proc) 17 time elapsed: 0.656 ms, 656 microsecs, 
>>> kernel (proc) 18 time elapsed: 0.595 ms, 595 microsecs, 
>>> kernel (proc) 19 time elapsed: 0.64 ms, 640 microsecs, 
>>> kernel (proc) 20 time elapsed: 0.61 ms, 610 microsecs, 
>>> kernel (proc) 21 time elapsed: 0.6 ms, 600 microsecs, 
>>> kernel (proc) 22 time elapsed: 0.671 ms, 671 microsecs, 
>>> kernel (proc) 23 time elapsed: 0.667 ms, 667 microsecs, 
>>> kernel (proc) 24 time elapsed: 0.536 ms, 536 microsecs, 
>>> kernel (proc) 25 time elapsed: 0.657 ms, 657 microsecs, 
>>> kernel (proc) 26 time elapsed: 0.654 ms, 654 microsecs, 
>>> kernel (proc) 27 time elapsed: 0.634 ms, 634 microsecs, 
>>> kernel (proc) 28 time elapsed: 0.505 ms, 505 microsecs, 
>>> kernel (proc) 29 time elapsed: 0.542 ms, 542 microsecs, 
>>> kernel (proc) 30 time elapsed: 0.598 ms, 598 microsecs, 
>>> kernel (proc) 31 time elapsed: 0.6 ms, 600 microsecs, 
>>> SUMMARY: kernel (proc) average time elapsed for Iteration 1: 0.517258(0.517258) ms, 0.513161(-0.00409677) ms, 0.632677(0.119516) ms, 
>>> goclkernel[actssync]:: running ACTS SYNCHRONZE (Iteration 1)

active partitions for iteration 2: 0, 1, 9, 14, 26, 40, 47, 73, 121, 
>>> goclkernel[actssync]:: running ACTS PROCESS (Iteration 2)...
>>> kernel (proc) 0 time elapsed: 1.372 ms, 1372 microsecs, 
>>> kernel (proc) 1 time elapsed: 1.431 ms, 1431 microsecs, 
>>> kernel (proc) 2 time elapsed: 1.35 ms, 1350 microsecs, 
>>> kernel (proc) 3 time elapsed: 1.315 ms, 1315 microsecs, 
>>> kernel (proc) 4 time elapsed: 1.393 ms, 1393 microsecs, 
>>> kernel (proc) 5 time elapsed: 1.267 ms, 1267 microsecs, 
>>> kernel (proc) 6 time elapsed: 1.327 ms, 1327 microsecs, 
>>> kernel (proc) 7 time elapsed: 1.412 ms, 1412 microsecs, 
>>> kernel (proc) 8 time elapsed: 1.398 ms, 1398 microsecs, 
>>> kernel (proc) 9 time elapsed: 1.44 ms, 1440 microsecs, 
>>> kernel (proc) 10 time elapsed: 1.408 ms, 1408 microsecs, 
>>> kernel (proc) 11 time elapsed: 1.359 ms, 1359 microsecs, 
>>> kernel (proc) 12 time elapsed: 1.428 ms, 1428 microsecs, 
>>> kernel (proc) 13 time elapsed: 1.335 ms, 1335 microsecs, 
>>> kernel (proc) 14 time elapsed: 1.24 ms, 1240 microsecs, 
>>> kernel (proc) 15 time elapsed: 1.253 ms, 1253 microsecs, 
>>> kernel (proc) 16 time elapsed: 1.417 ms, 1417 microsecs, 
>>> kernel (proc) 17 time elapsed: 1.417 ms, 1417 microsecs, 
>>> kernel (proc) 18 time elapsed: 1.298 ms, 1298 microsecs, 
>>> kernel (proc) 19 time elapsed: 1.29 ms, 1290 microsecs, 
>>> kernel (proc) 20 time elapsed: 1.341 ms, 1341 microsecs, 
>>> kernel (proc) 21 time elapsed: 1.22 ms, 1220 microsecs, 
>>> kernel (proc) 22 time elapsed: 1.172 ms, 1172 microsecs, 
>>> kernel (proc) 23 time elapsed: 1.347 ms, 1347 microsecs, 
>>> kernel (proc) 24 time elapsed: 1.467 ms, 1467 microsecs, 
>>> kernel (proc) 25 time elapsed: 1.363 ms, 1363 microsecs, 
>>> kernel (proc) 26 time elapsed: 1.291 ms, 1291 microsecs, 
>>> kernel (proc) 27 time elapsed: 1.445 ms, 1445 microsecs, 
>>> kernel (proc) 28 time elapsed: 1.361 ms, 1361 microsecs, 
>>> kernel (proc) 29 time elapsed: 1.241 ms, 1241 microsecs, 
>>> kernel (proc) 30 time elapsed: 1.27 ms, 1270 microsecs, 
>>> kernel (proc) 31 time elapsed: 1.368 ms, 1368 microsecs, 
>>> SUMMARY: kernel (proc) average time elapsed for Iteration 2: 1.03235(1.03235) ms, 1.09352(0.0611613) ms, 1.344(0.250484) ms, 
>>> goclkernel[actssync]:: running ACTS SYNCHRONZE (Iteration 2)

active partitions for iteration 3: 0, 1, 3, 4, 7, 9, 10, 14, 15, 19, 22, 24, 26, 28, 29, 30, 31, 33, 34, 35, 36, 37, 38, 40, 41, 43, 44, 45, 47, 48, 49, 50, 51, 52, 53, 56, 58, 59, 61, 63, 65, 67, 68, 69, 70, 71, 72, 73, 74, 75, 76, 77, 79, 82, 83, 85, 87, 90, 95, 96, 97, 100, 102, 103, 104, 107, 108, 110, 111, 113, 114, 115, 116, 117, 120, 121, 123, 124, 125, 126, 
>>> goclkernel[actssync]:: running ACTS PROCESS (Iteration 3)...
>>> kernel (proc) 0 time elapsed: 6.109 ms, 6109 microsecs, 
>>> kernel (proc) 1 time elapsed: 6.047 ms, 6047 microsecs, 
>>> kernel (proc) 2 time elapsed: 6.078 ms, 6078 microsecs, 
>>> kernel (proc) 3 time elapsed: 6.041 ms, 6041 microsecs, 
>>> kernel (proc) 4 time elapsed: 6.088 ms, 6088 microsecs, 
>>> kernel (proc) 5 time elapsed: 6.098 ms, 6098 microsecs, 
>>> kernel (proc) 6 time elapsed: 6.069 ms, 6069 microsecs, 
>>> kernel (proc) 7 time elapsed: 6.099 ms, 6099 microsecs, 
>>> kernel (proc) 8 time elapsed: 6.069 ms, 6069 microsecs, 
>>> kernel (proc) 9 time elapsed: 5.982 ms, 5982 microsecs, 
>>> kernel (proc) 10 time elapsed: 6.01 ms, 6010 microsecs, 
>>> kernel (proc) 11 time elapsed: 6.091 ms, 6091 microsecs, 
>>> kernel (proc) 12 time elapsed: 6.103 ms, 6103 microsecs, 
>>> kernel (proc) 13 time elapsed: 6.055 ms, 6055 microsecs, 
>>> kernel (proc) 14 time elapsed: 6.05 ms, 6050 microsecs, 
>>> kernel (proc) 15 time elapsed: 6.045 ms, 6045 microsecs, 
>>> kernel (proc) 16 time elapsed: 6.049 ms, 6049 microsecs, 
>>> kernel (proc) 17 time elapsed: 5.994 ms, 5994 microsecs, 
>>> kernel (proc) 18 time elapsed: 6.071 ms, 6071 microsecs, 
>>> kernel (proc) 19 time elapsed: 6.017 ms, 6017 microsecs, 
>>> kernel (proc) 20 time elapsed: 6.088 ms, 6088 microsecs, 
>>> kernel (proc) 21 time elapsed: 6.042 ms, 6042 microsecs, 
>>> kernel (proc) 22 time elapsed: 6.094 ms, 6094 microsecs, 
>>> kernel (proc) 23 time elapsed: 6.057 ms, 6057 microsecs, 
>>> kernel (proc) 24 time elapsed: 5.894 ms, 5894 microsecs, 
>>> kernel (proc) 25 time elapsed: 6.115 ms, 6115 microsecs, 
>>> kernel (proc) 26 time elapsed: 6.075 ms, 6075 microsecs, 
>>> kernel (proc) 27 time elapsed: 6.058 ms, 6058 microsecs, 
>>> kernel (proc) 28 time elapsed: 6.043 ms, 6043 microsecs, 
>>> kernel (proc) 29 time elapsed: 6.08 ms, 6080 microsecs, 
>>> kernel (proc) 30 time elapsed: 5.898 ms, 5898 microsecs, 
>>> kernel (proc) 31 time elapsed: 5.983 ms, 5983 microsecs, 
>>> SUMMARY: kernel (proc) average time elapsed for Iteration 3: 4.13803(4.13803) ms, 4.31319(0.175161) ms, 6.04784(1.73465) ms, 
>>> goclkernel[actssync]:: running ACTS SYNCHRONZE (Iteration 3)

active partitions for iteration 4: 0, 1, 2, 3, 4, 5, 6, 7, 8, 9, 10, 11, 12, 13, 14, 15, 16, 17, 18, 19, 20, 21, 22, 23, 24, 25, 26, 27, 28, 29, 30, 31, 32, 33, 34, 35, 36, 37, 38, 39, 40, 41, 42, 43, 44, 45, 46, 47, 48, 49, 50, 51, 52, 53, 54, 55, 56, 57, 58, 59, 60, 61, 62, 63, 64, 65, 66, 67, 68, 69, 70, 71, 72, 73, 74, 75, 76, 77, 78, 79, 80, 81, 82, 83, 84, 85, 86, 87, 88, 89, 90, 91, 92, 93, 94, 95, 96, 97, 98, 99, 100, 101, 102, 103, 104, 105, 106, 107, 108, 109, 110, 111, 112, 113, 114, 115, 116, 117, 118, 119, 120, 121, 122, 123, 124, 125, 126, 127, 128, 129, 130, 
>>> goclkernel[actssync]:: running ACTS PROCESS (Iteration 4)...
>>> kernel (proc) 0 time elapsed: 31.605 ms, 31605 microsecs, 
>>> kernel (proc) 1 time elapsed: 31.501 ms, 31501 microsecs, 
>>> kernel (proc) 2 time elapsed: 31.622 ms, 31622 microsecs, 
>>> kernel (proc) 3 time elapsed: 31.598 ms, 31598 microsecs, 
>>> kernel (proc) 4 time elapsed: 31.472 ms, 31472 microsecs, 
>>> kernel (proc) 5 time elapsed: 31.602 ms, 31602 microsecs, 
>>> kernel (proc) 6 time elapsed: 31.535 ms, 31535 microsecs, 
>>> kernel (proc) 7 time elapsed: 31.549 ms, 31549 microsecs, 
>>> kernel (proc) 8 time elapsed: 31.558 ms, 31558 microsecs, 
>>> kernel (proc) 9 time elapsed: 31.596 ms, 31596 microsecs, 
>>> kernel (proc) 10 time elapsed: 31.625 ms, 31625 microsecs, 
>>> kernel (proc) 11 time elapsed: 31.643 ms, 31643 microsecs, 
>>> kernel (proc) 12 time elapsed: 31.578 ms, 31578 microsecs, 
>>> kernel (proc) 13 time elapsed: 31.625 ms, 31625 microsecs, 
>>> kernel (proc) 14 time elapsed: 31.613 ms, 31613 microsecs, 
>>> kernel (proc) 15 time elapsed: 31.633 ms, 31633 microsecs, 
>>> kernel (proc) 16 time elapsed: 31.614 ms, 31614 microsecs, 
>>> kernel (proc) 17 time elapsed: 31.522 ms, 31522 microsecs, 
>>> kernel (proc) 18 time elapsed: 31.542 ms, 31542 microsecs, 
>>> kernel (proc) 19 time elapsed: 31.382 ms, 31382 microsecs, 
>>> kernel (proc) 20 time elapsed: 31.422 ms, 31422 microsecs, 
>>> kernel (proc) 21 time elapsed: 31.616 ms, 31616 microsecs, 
>>> kernel (proc) 22 time elapsed: 31.563 ms, 31563 microsecs, 
>>> kernel (proc) 23 time elapsed: 31.6 ms, 31600 microsecs, 
>>> kernel (proc) 24 time elapsed: 31.615 ms, 31615 microsecs, 
>>> kernel (proc) 25 time elapsed: 31.542 ms, 31542 microsecs, 
>>> kernel (proc) 26 time elapsed: 31.543 ms, 31543 microsecs, 
>>> kernel (proc) 27 time elapsed: 31.566 ms, 31566 microsecs, 
>>> kernel (proc) 28 time elapsed: 31.574 ms, 31574 microsecs, 
>>> kernel (proc) 29 time elapsed: 31.538 ms, 31538 microsecs, 
>>> kernel (proc) 30 time elapsed: 31.558 ms, 31558 microsecs, 
>>> kernel (proc) 31 time elapsed: 31.585 ms, 31585 microsecs, 
>>> SUMMARY: kernel (proc) average time elapsed for Iteration 4: 10.1992(10.1992) ms, 16.4002(6.20094) ms, 31.5655(15.1654) ms, 
>>> goclkernel[actssync]:: running ACTS SYNCHRONZE (Iteration 4)

active partitions for iteration 5: 0, 1, 2, 3, 4, 5, 6, 7, 8, 9, 10, 11, 12, 13, 14, 15, 16, 17, 18, 19, 20, 21, 22, 23, 24, 25, 26, 27, 28, 29, 30, 31, 32, 33, 34, 35, 36, 37, 38, 39, 40, 41, 42, 43, 44, 45, 46, 47, 48, 49, 50, 51, 52, 53, 54, 55, 56, 57, 58, 59, 60, 61, 62, 63, 64, 65, 66, 67, 68, 69, 70, 71, 72, 73, 74, 75, 76, 77, 78, 79, 80, 81, 82, 83, 84, 85, 86, 87, 88, 89, 90, 91, 92, 93, 94, 95, 96, 97, 98, 99, 100, 101, 102, 103, 104, 105, 106, 107, 108, 109, 110, 111, 112, 113, 114, 115, 116, 117, 118, 119, 120, 121, 122, 123, 124, 125, 126, 127, 128, 129, 130, 
>>> goclkernel[actssync]:: running ACTS PROCESS (Iteration 5)...
>>> kernel (proc) 0 time elapsed: 33.857 ms, 33857 microsecs, 
>>> kernel (proc) 1 time elapsed: 33.838 ms, 33838 microsecs, 
>>> kernel (proc) 2 time elapsed: 33.89 ms, 33890 microsecs, 
>>> kernel (proc) 3 time elapsed: 33.962 ms, 33962 microsecs, 
>>> kernel (proc) 4 time elapsed: 33.895 ms, 33895 microsecs, 
>>> kernel (proc) 5 time elapsed: 33.933 ms, 33933 microsecs, 
>>> kernel (proc) 6 time elapsed: 33.933 ms, 33933 microsecs, 
>>> kernel (proc) 7 time elapsed: 33.941 ms, 33941 microsecs, 
>>> kernel (proc) 8 time elapsed: 33.893 ms, 33893 microsecs, 
>>> kernel (proc) 9 time elapsed: 33.874 ms, 33874 microsecs, 
>>> kernel (proc) 10 time elapsed: 33.921 ms, 33921 microsecs, 
>>> kernel (proc) 11 time elapsed: 33.907 ms, 33907 microsecs, 
>>> kernel (proc) 12 time elapsed: 33.951 ms, 33951 microsecs, 
>>> kernel (proc) 13 time elapsed: 33.908 ms, 33908 microsecs, 
>>> kernel (proc) 14 time elapsed: 33.9 ms, 33900 microsecs, 
>>> kernel (proc) 15 time elapsed: 33.866 ms, 33866 microsecs, 
>>> kernel (proc) 16 time elapsed: 33.98 ms, 33980 microsecs, 
>>> kernel (proc) 17 time elapsed: 33.967 ms, 33967 microsecs, 
>>> kernel (proc) 18 time elapsed: 33.973 ms, 33973 microsecs, 
>>> kernel (proc) 19 time elapsed: 33.999 ms, 33999 microsecs, 
>>> kernel (proc) 20 time elapsed: 33.911 ms, 33911 microsecs, 
>>> kernel (proc) 21 time elapsed: 33.842 ms, 33842 microsecs, 
>>> kernel (proc) 22 time elapsed: 33.921 ms, 33921 microsecs, 
>>> kernel (proc) 23 time elapsed: 33.855 ms, 33855 microsecs, 
>>> kernel (proc) 24 time elapsed: 33.903 ms, 33903 microsecs, 
>>> kernel (proc) 25 time elapsed: 33.929 ms, 33929 microsecs, 
>>> kernel (proc) 26 time elapsed: 33.931 ms, 33931 microsecs, 
>>> kernel (proc) 27 time elapsed: 33.769 ms, 33769 microsecs, 
>>> kernel (proc) 28 time elapsed: 33.853 ms, 33853 microsecs, 
>>> kernel (proc) 29 time elapsed: 33.939 ms, 33939 microsecs, 
>>> kernel (proc) 30 time elapsed: 33.858 ms, 33858 microsecs, 
>>> kernel (proc) 31 time elapsed: 33.912 ms, 33912 microsecs, 
>>> SUMMARY: kernel (proc) average time elapsed for Iteration 5: 11.0685(11.0685) ms, 17.8042(6.73571) ms, 33.9082(16.104) ms, 
>>> goclkernel[actssync]:: running ACTS SYNCHRONZE (Iteration 5)

active partitions for iteration 6: 0, 1, 2, 3, 4, 5, 6, 7, 8, 9, 10, 11, 12, 13, 14, 15, 16, 17, 18, 19, 20, 21, 22, 23, 24, 25, 26, 27, 28, 29, 30, 31, 32, 33, 34, 35, 36, 37, 38, 39, 40, 41, 42, 43, 44, 45, 46, 47, 48, 49, 50, 51, 52, 53, 54, 55, 56, 57, 58, 59, 60, 61, 62, 63, 64, 65, 66, 67, 68, 69, 70, 71, 72, 73, 74, 75, 76, 77, 78, 79, 80, 81, 82, 83, 84, 85, 86, 87, 88, 89, 90, 91, 92, 93, 94, 95, 97, 98, 99, 100, 101, 102, 103, 104, 105, 106, 107, 108, 109, 110, 111, 112, 113, 114, 115, 116, 117, 118, 119, 120, 121, 122, 123, 124, 125, 126, 127, 128, 129, 130, 
>>> goclkernel[actssync]:: running ACTS PROCESS (Iteration 6)...
>>> kernel (proc) 0 time elapsed: 8.657 ms, 8657 microsecs, 
>>> kernel (proc) 1 time elapsed: 8.709 ms, 8709 microsecs, 
>>> kernel (proc) 2 time elapsed: 8.601 ms, 8601 microsecs, 
>>> kernel (proc) 3 time elapsed: 8.61 ms, 8610 microsecs, 
>>> kernel (proc) 4 time elapsed: 8.533 ms, 8533 microsecs, 
>>> kernel (proc) 5 time elapsed: 8.49 ms, 8490 microsecs, 
>>> kernel (proc) 6 time elapsed: 8.472 ms, 8472 microsecs, 
>>> kernel (proc) 7 time elapsed: 8.571 ms, 8571 microsecs, 
>>> kernel (proc) 8 time elapsed: 8.653 ms, 8653 microsecs, 
>>> kernel (proc) 9 time elapsed: 8.659 ms, 8659 microsecs, 
>>> kernel (proc) 10 time elapsed: 8.53 ms, 8530 microsecs, 
>>> kernel (proc) 11 time elapsed: 8.52 ms, 8520 microsecs, 
>>> kernel (proc) 12 time elapsed: 8.534 ms, 8534 microsecs, 
>>> kernel (proc) 13 time elapsed: 8.532 ms, 8532 microsecs, 
>>> kernel (proc) 14 time elapsed: 8.539 ms, 8539 microsecs, 
>>> kernel (proc) 15 time elapsed: 8.668 ms, 8668 microsecs, 
>>> kernel (proc) 16 time elapsed: 8.583 ms, 8583 microsecs, 
>>> kernel (proc) 17 time elapsed: 8.623 ms, 8623 microsecs, 
>>> kernel (proc) 18 time elapsed: 8.645 ms, 8645 microsecs, 
>>> kernel (proc) 19 time elapsed: 8.674 ms, 8674 microsecs, 
>>> kernel (proc) 20 time elapsed: 8.661 ms, 8661 microsecs, 
>>> kernel (proc) 21 time elapsed: 8.67 ms, 8670 microsecs, 
>>> kernel (proc) 22 time elapsed: 8.663 ms, 8663 microsecs, 
>>> kernel (proc) 23 time elapsed: 8.726 ms, 8726 microsecs, 
>>> kernel (proc) 24 time elapsed: 8.676 ms, 8676 microsecs, 
>>> kernel (proc) 25 time elapsed: 8.631 ms, 8631 microsecs, 
>>> kernel (proc) 26 time elapsed: 8.652 ms, 8652 microsecs, 
>>> kernel (proc) 27 time elapsed: 8.646 ms, 8646 microsecs, 
>>> kernel (proc) 28 time elapsed: 8.676 ms, 8676 microsecs, 
>>> kernel (proc) 29 time elapsed: 8.694 ms, 8694 microsecs, 
>>> kernel (proc) 30 time elapsed: 8.575 ms, 8575 microsecs, 
>>> kernel (proc) 31 time elapsed: 8.667 ms, 8667 microsecs, 
>>> SUMMARY: kernel (proc) average time elapsed for Iteration 6: 5.64423(5.64423) ms, 6.22597(0.581742) ms, 8.61558(2.38961) ms, 
>>> goclkernel[actssync]:: running ACTS SYNCHRONZE (Iteration 6)

active partitions for iteration 7: 0, 1, 2, 3, 4, 5, 6, 7, 8, 9, 10, 11, 12, 13, 14, 15, 16, 17, 18, 19, 20, 21, 22, 23, 24, 25, 26, 27, 28, 29, 30, 31, 32, 33, 34, 35, 36, 37, 38, 39, 40, 41, 42, 43, 44, 45, 46, 47, 48, 49, 50, 51, 52, 53, 54, 55, 56, 57, 60, 61, 62, 63, 64, 65, 66, 67, 68, 69, 70, 71, 72, 74, 76, 77, 78, 79, 80, 81, 82, 83, 84, 85, 86, 87, 88, 89, 90, 91, 92, 93, 94, 97, 98, 99, 100, 101, 102, 103, 104, 105, 106, 107, 108, 109, 110, 111, 112, 113, 114, 115, 116, 117, 118, 119, 120, 121, 122, 123, 125, 126, 127, 128, 129, 130, 
>>> goclkernel[actssync]:: running ACTS PROCESS (Iteration 7)...
>>> kernel (proc) 0 time elapsed: 5.651 ms, 5651 microsecs, 
>>> kernel (proc) 1 time elapsed: 5.582 ms, 5582 microsecs, 
>>> kernel (proc) 2 time elapsed: 5.572 ms, 5572 microsecs, 
>>> kernel (proc) 3 time elapsed: 5.532 ms, 5532 microsecs, 
>>> kernel (proc) 4 time elapsed: 5.589 ms, 5589 microsecs, 
>>> kernel (proc) 5 time elapsed: 5.458 ms, 5458 microsecs, 
>>> kernel (proc) 6 time elapsed: 5.515 ms, 5515 microsecs, 
>>> kernel (proc) 7 time elapsed: 5.536 ms, 5536 microsecs, 
>>> kernel (proc) 8 time elapsed: 5.47 ms, 5470 microsecs, 
>>> kernel (proc) 9 time elapsed: 5.56 ms, 5560 microsecs, 
>>> kernel (proc) 10 time elapsed: 5.622 ms, 5622 microsecs, 
>>> kernel (proc) 11 time elapsed: 5.448 ms, 5448 microsecs, 
>>> kernel (proc) 12 time elapsed: 5.551 ms, 5551 microsecs, 
>>> kernel (proc) 13 time elapsed: 5.502 ms, 5502 microsecs, 
>>> kernel (proc) 14 time elapsed: 5.537 ms, 5537 microsecs, 
>>> kernel (proc) 15 time elapsed: 5.579 ms, 5579 microsecs, 
>>> kernel (proc) 16 time elapsed: 5.608 ms, 5608 microsecs, 
>>> kernel (proc) 17 time elapsed: 5.524 ms, 5524 microsecs, 
>>> kernel (proc) 18 time elapsed: 5.501 ms, 5501 microsecs, 
>>> kernel (proc) 19 time elapsed: 5.494 ms, 5494 microsecs, 
>>> kernel (proc) 20 time elapsed: 5.575 ms, 5575 microsecs, 
>>> kernel (proc) 21 time elapsed: 5.5 ms, 5500 microsecs, 
>>> kernel (proc) 22 time elapsed: 5.62 ms, 5620 microsecs, 
>>> kernel (proc) 23 time elapsed: 5.515 ms, 5515 microsecs, 
>>> kernel (proc) 24 time elapsed: 5.575 ms, 5575 microsecs, 
>>> kernel (proc) 25 time elapsed: 5.537 ms, 5537 microsecs, 
>>> kernel (proc) 26 time elapsed: 5.568 ms, 5568 microsecs, 
>>> kernel (proc) 27 time elapsed: 5.555 ms, 5555 microsecs, 
>>> kernel (proc) 28 time elapsed: 5.588 ms, 5588 microsecs, 
>>> kernel (proc) 29 time elapsed: 5.614 ms, 5614 microsecs, 
>>> kernel (proc) 30 time elapsed: 5.591 ms, 5591 microsecs, 
>>> kernel (proc) 31 time elapsed: 5.636 ms, 5636 microsecs, 
>>> SUMMARY: kernel (proc) average time elapsed for Iteration 7: 4.35594(4.35594) ms, 4.45013(0.0941935) ms, 5.55013(1.1) ms, 
>>> goclkernel[actssync]:: running ACTS SYNCHRONZE (Iteration 7)

active partitions for iteration 8: 0, 1, 2, 3, 4, 5, 6, 7, 8, 9, 10, 11, 12, 13, 14, 15, 16, 17, 18, 19, 20, 21, 26, 27, 28, 31, 32, 33, 34, 38, 39, 40, 43, 44, 46, 48, 49, 50, 52, 53, 61, 62, 63, 64, 67, 69, 70, 76, 77, 105, 107, 117, 118, 119, 120, 121, 127, 128, 129, 130, 
>>> goclkernel[actssync]:: running ACTS PROCESS (Iteration 8)...
>>> kernel (proc) 0 time elapsed: 2.481 ms, 2481 microsecs, 
>>> kernel (proc) 1 time elapsed: 2.44 ms, 2440 microsecs, 
>>> kernel (proc) 2 time elapsed: 2.433 ms, 2433 microsecs, 
>>> kernel (proc) 3 time elapsed: 2.447 ms, 2447 microsecs, 
>>> kernel (proc) 4 time elapsed: 2.415 ms, 2415 microsecs, 
>>> kernel (proc) 5 time elapsed: 2.34 ms, 2340 microsecs, 
>>> kernel (proc) 6 time elapsed: 2.446 ms, 2446 microsecs, 
>>> kernel (proc) 7 time elapsed: 2.503 ms, 2503 microsecs, 
>>> kernel (proc) 8 time elapsed: 2.513 ms, 2513 microsecs, 
>>> kernel (proc) 9 time elapsed: 2.466 ms, 2466 microsecs, 
>>> kernel (proc) 10 time elapsed: 2.511 ms, 2511 microsecs, 
>>> kernel (proc) 11 time elapsed: 2.45 ms, 2450 microsecs, 
>>> kernel (proc) 12 time elapsed: 2.352 ms, 2352 microsecs, 
>>> kernel (proc) 13 time elapsed: 2.406 ms, 2406 microsecs, 
>>> kernel (proc) 14 time elapsed: 2.463 ms, 2463 microsecs, 
>>> kernel (proc) 15 time elapsed: 2.493 ms, 2493 microsecs, 
>>> kernel (proc) 16 time elapsed: 2.409 ms, 2409 microsecs, 
>>> kernel (proc) 17 time elapsed: 2.464 ms, 2464 microsecs, 
>>> kernel (proc) 18 time elapsed: 2.428 ms, 2428 microsecs, 
>>> kernel (proc) 19 time elapsed: 2.461 ms, 2461 microsecs, 
>>> kernel (proc) 20 time elapsed: 2.294 ms, 2294 microsecs, 
>>> kernel (proc) 21 time elapsed: 2.442 ms, 2442 microsecs, 
>>> kernel (proc) 22 time elapsed: 2.435 ms, 2435 microsecs, 
>>> kernel (proc) 23 time elapsed: 2.56 ms, 2560 microsecs, 
>>> kernel (proc) 24 time elapsed: 2.547 ms, 2547 microsecs, 
>>> kernel (proc) 25 time elapsed: 2.525 ms, 2525 microsecs, 
>>> kernel (proc) 26 time elapsed: 2.381 ms, 2381 microsecs, 
>>> kernel (proc) 27 time elapsed: 2.436 ms, 2436 microsecs, 
>>> kernel (proc) 28 time elapsed: 2.344 ms, 2344 microsecs, 
>>> kernel (proc) 29 time elapsed: 2.422 ms, 2422 microsecs, 
>>> kernel (proc) 30 time elapsed: 2.402 ms, 2402 microsecs, 
>>> kernel (proc) 31 time elapsed: 2.413 ms, 2413 microsecs, 
>>> SUMMARY: kernel (proc) average time elapsed for Iteration 8: 2.18197(2.18197) ms, 2.20374(0.0217742) ms, 2.44003(0.23629) ms, 
>>> goclkernel[actssync]:: running ACTS SYNCHRONZE (Iteration 8)

active partitions for iteration 9: 6, 7, 9, 11, 14, 15, 16, 33, 38, 39, 52, 
>>> goclkernel[actssync]:: running ACTS PROCESS (Iteration 9)...
>>> kernel (proc) 0 time elapsed: 0.992 ms, 992 microsecs, 
>>> kernel (proc) 1 time elapsed: 0.901 ms, 901 microsecs, 
>>> kernel (proc) 2 time elapsed: 0.843 ms, 843 microsecs, 
>>> kernel (proc) 3 time elapsed: 0.914 ms, 914 microsecs, 
>>> kernel (proc) 4 time elapsed: 0.894 ms, 894 microsecs, 
>>> kernel (proc) 5 time elapsed: 0.879 ms, 879 microsecs, 
>>> kernel (proc) 6 time elapsed: 0.892 ms, 892 microsecs, 
>>> kernel (proc) 7 time elapsed: 0.862 ms, 862 microsecs, 
>>> kernel (proc) 8 time elapsed: 0.867 ms, 867 microsecs, 
>>> kernel (proc) 9 time elapsed: 0.894 ms, 894 microsecs, 
>>> kernel (proc) 10 time elapsed: 0.971 ms, 971 microsecs, 
>>> kernel (proc) 11 time elapsed: 0.87 ms, 870 microsecs, 
>>> kernel (proc) 12 time elapsed: 0.907 ms, 907 microsecs, 
>>> kernel (proc) 13 time elapsed: 0.907 ms, 907 microsecs, 
>>> kernel (proc) 14 time elapsed: 0.872 ms, 872 microsecs, 
>>> kernel (proc) 15 time elapsed: 0.892 ms, 892 microsecs, 
>>> kernel (proc) 16 time elapsed: 0.898 ms, 898 microsecs, 
>>> kernel (proc) 17 time elapsed: 0.902 ms, 902 microsecs, 
>>> kernel (proc) 18 time elapsed: 0.903 ms, 903 microsecs, 
>>> kernel (proc) 19 time elapsed: 0.849 ms, 849 microsecs, 
>>> kernel (proc) 20 time elapsed: 0.845 ms, 845 microsecs, 
>>> kernel (proc) 21 time elapsed: 0.874 ms, 874 microsecs, 
>>> kernel (proc) 22 time elapsed: 0.976 ms, 976 microsecs, 
>>> kernel (proc) 23 time elapsed: 0.878 ms, 878 microsecs, 
>>> kernel (proc) 24 time elapsed: 1.002 ms, 1002 microsecs, 
>>> kernel (proc) 25 time elapsed: 0.897 ms, 897 microsecs, 
>>> kernel (proc) 26 time elapsed: 0.912 ms, 912 microsecs, 
>>> kernel (proc) 27 time elapsed: 0.905 ms, 905 microsecs, 
>>> kernel (proc) 28 time elapsed: 0.869 ms, 869 microsecs, 
>>> kernel (proc) 29 time elapsed: 0.938 ms, 938 microsecs, 
>>> kernel (proc) 30 time elapsed: 0.872 ms, 872 microsecs, 
>>> kernel (proc) 31 time elapsed: 0.881 ms, 881 microsecs, 
>>> SUMMARY: kernel (proc) average time elapsed for Iteration 9: 0.776484(0.776484) ms, 0.785387(0.00890323) ms, 0.895677(0.11029) ms, 
>>> goclkernel[actssync]:: running ACTS SYNCHRONZE (Iteration 9)

active partitions for iteration 10: 33, 
>>> goclkernel[actssync]:: running ACTS PROCESS (Iteration 10)...
>>> kernel (proc) 0 time elapsed: 0.649 ms, 649 microsecs, 
>>> kernel (proc) 1 time elapsed: 0.592 ms, 592 microsecs, 
>>> kernel (proc) 2 time elapsed: 0.678 ms, 678 microsecs, 
>>> kernel (proc) 3 time elapsed: 0.557 ms, 557 microsecs, 
>>> kernel (proc) 4 time elapsed: 0.616 ms, 616 microsecs, 
>>> kernel (proc) 5 time elapsed: 0.586 ms, 586 microsecs, 
>>> kernel (proc) 6 time elapsed: 0.649 ms, 649 microsecs, 
>>> kernel (proc) 7 time elapsed: 0.644 ms, 644 microsecs, 
>>> kernel (proc) 8 time elapsed: 0.648 ms, 648 microsecs, 
>>> kernel (proc) 9 time elapsed: 0.617 ms, 617 microsecs, 
>>> kernel (proc) 10 time elapsed: 0.613 ms, 613 microsecs, 
>>> kernel (proc) 11 time elapsed: 0.592 ms, 592 microsecs, 
>>> kernel (proc) 12 time elapsed: 0.593 ms, 593 microsecs, 
>>> kernel (proc) 13 time elapsed: 0.589 ms, 589 microsecs, 
>>> kernel (proc) 14 time elapsed: 0.697 ms, 697 microsecs, 
>>> kernel (proc) 15 time elapsed: 0.652 ms, 652 microsecs, 
>>> kernel (proc) 16 time elapsed: 0.64 ms, 640 microsecs, 
>>> kernel (proc) 17 time elapsed: 0.681 ms, 681 microsecs, 
>>> kernel (proc) 18 time elapsed: 0.653 ms, 653 microsecs, 
>>> kernel (proc) 19 time elapsed: 0.653 ms, 653 microsecs, 
>>> kernel (proc) 20 time elapsed: 0.648 ms, 648 microsecs, 
>>> kernel (proc) 21 time elapsed: 0.644 ms, 644 microsecs, 
>>> kernel (proc) 22 time elapsed: 0.652 ms, 652 microsecs, 
>>> kernel (proc) 23 time elapsed: 0.566 ms, 566 microsecs, 
>>> kernel (proc) 24 time elapsed: 0.504 ms, 504 microsecs, 
>>> kernel (proc) 25 time elapsed: 0.648 ms, 648 microsecs, 
>>> kernel (proc) 26 time elapsed: 0.645 ms, 645 microsecs, 
>>> kernel (proc) 27 time elapsed: 0.653 ms, 653 microsecs, 
>>> kernel (proc) 28 time elapsed: 0.644 ms, 644 microsecs, 
>>> kernel (proc) 29 time elapsed: 0.653 ms, 653 microsecs, 
>>> kernel (proc) 30 time elapsed: 0.613 ms, 613 microsecs, 
>>> kernel (proc) 31 time elapsed: 0.626 ms, 626 microsecs, 
>>> SUMMARY: kernel (proc) average time elapsed for Iteration 10: 0.525226(0.525226) ms, 0.506258(-0.0189677) ms, 0.62729(0.121032) ms, 
>>> goclkernel[actssync]:: running ACTS SYNCHRONZE (Iteration 10)

active partitions for iteration 11: 
goclkernel::runapp2: no more active vertices to process. exiting... 
[1m[37m>>> SUMMARY: Total kernel time: 92.2511 ms[0m
0.0113339, -0.534483, 0.056621, [Iter 0 throughput: 0.0096134]
0.0908637, -11.4724, 0.393252, [Iter 1 throughput: 0.0742875]
2.10587, 35.5454, 8.6792, [Iter 2 throughput: 1.61756]
159.354, 3764.6, 380.142, [Iter 3 throughput: 109.033]
5174.75, 8511.37, 3480.19, [Iter 4 throughput: 1672.03]
5242.1, 8614.13, 3602.98, [Iter 5 throughput: 1711.16]
568.798, 5518.64, 1343.49, [Iter 6 throughput: 372.63]
17.1219, 791.795, 67.8018, [Iter 7 throughput: 13.4379]
1.86162, 186.551, 17.1907, [Iter 8 throughput: 1.66473]
0.113331, 9.88406, 0.797894, [Iter 9 throughput: 0.0982497]
0.00571183, -0.158163, 0.0247868, [Iter 10 throughput: 0.00478247]
>>> app::run_hw: total_edges_processed: 114751558 edges (114 million edges)
>>> app::run_hw: total_time_elapsed: 92.2511 ms (0.0922511 s)
[1m[37m>>> app::run_hw: throughput: 1.2439e+09 edges/sec (1243.9 million edges/sec)[0m

utility::runsssp_sw:: running traditional sssp... 
utility::runsssp_sw: number of active vertices for iteration 0: 0
utility::runsssp_sw: number of active vertices for iteration 1: 4
utility::runsssp_sw: number of active vertices for iteration 2: 23
utility::runsssp_sw: number of active vertices for iteration 3: 1249
utility::runsssp_sw: number of active vertices for iteration 4: 110694
utility::runsssp_sw: number of active vertices for iteration 5: 752777
utility::runsssp_sw: number of active vertices for iteration 6: 194415
utility::runsssp_sw: number of active vertices for iteration 7: 9482
utility::runsssp_sw: number of active vertices for iteration 8: 461
utility::runsssp_sw: number of active vertices for iteration 9: 19
utility::runsssp_sw: number of active vertices for iteration 10: 1
utility::runsssp_sw: number of active vertices for iteration 11: 0
no more activer vertices to process. breaking out... 
>>> utility::runsssp_sw: total_edges_processed: 114751558 edges (114 million edges)
>>> utility::runsssp_sw: total_time_elapsed: 1600 ms (1.6 s)
[1m[37m>>> utility::runsssp_sw: throughput: 7.17197e+07 edges/sec (71.7197 million edges/sec)[0m

app::verifyresults_hw: verifying vertex data... 
utility::printvalues::app::verifyresults_hw.vdatas: verifying results after kernel run:: printing first 16 values
values[0]: 1
values[1]: 4
values[2]: 23
values[3]: 1249
values[4]: 110694
values[5]: 752777
values[6]: 194414
values[7]: 9482
values[8]: 461
values[9]: 19
values[10]: 1
values[11]: 0
values[12]: 0
values[13]: 0
values[14]: 0
values[15]: 0
printvalues:: total values: totalvalues: 1069125
graph::closetemporaryfilesforwriting : close temporary files for writing...
graph::closetemporaryfilesforreading : close files for reading...
graph::closefilesforreading : close files for reading...
=== STATS::TIMING AND SUMMARY RESULTS FOR ITERATION: 666 === 
>>> stats::summary Total number of kvReads in bank [0]: 131561968
>>> stats::summary Total number of kvReads for all threads: 131561968
>>> stats::summary Total time spent (SSD access): 0 milliseconds
>>> stats::summary Total time spent (SSD access): 0 seconds
>>> stats::summary Total time spent (OCL data transfers): 0 milliseconds
>>> stats::summary Total time spent (OCL data transfers): 0 seconds
>>> stats::summary Total time spent (Kernel Pre Process execution): 0 milliseconds
>>> stats::summary Total time spent (Kernel Pre Process execution): 0 seconds
>>> stats::summary Total time spent (Kernel execution): 0 milliseconds
>>> stats::summary Total time spent (Kernel execution): 0 seconds
>>> stats::summary Total time spent (Kernel Post Process execution): 0 milliseconds
>>> stats::summary Total time spent (Kernel Post Process execution): 0 seconds
>>> stats::summary Total time spent (Overall Kernel execution): 0 milliseconds
>>> stats::summary Total time spent (Overall Kernel execution): 0 seconds
>>> stats::summary Total time spent (Overall processing): 0 milliseconds
>>> stats::summary Total time spent (Overall processing): 0 seconds
>>> stats::summary Total time spent (Overall processing excluding SSD & OCL data transfers): 0 milliseconds
>>> stats::summary Total time spent (Overall processing excluding SSD & OCL data transfers): 0 seconds
>>> stats::summary Throughput (Kernel processing): inf keyvalues per second
>>> stats::summary Throughput (Kernel processing): inf million keyvalues per second
>>> stats::summary Throughput (Kernel processing): inf MB/s
>>> stats::summary Throughput (Overall processing): inf keyvalues per second
>>> stats::summary Throughput (Overall processing): inf million keyvalues per second
>>> stats::summary Throughput (Overall processing): inf MB/s
>>> stats::summary Throughput (Overall processing excluding SSD & OCL data transfers): inf keyvalues per second
>>> stats::summary Throughput (Overall processing excluding SSD & OCL data transfers): inf million keyvalues per second

graph::printdataset: printing dataset parameters...
>>> graphtopname: hollywood-2009
>>> graphname: hollywood-2009_dup
>>> graph_path: /localtmp/oj2zf/dataset/hollywood-2009/hollywood-2009.mtx
>>> vertices_path: /localtmp/oj2zf/dataset/hollywood-2009/hollywood-2009.vertices
>>> edges_path: /localtmp/oj2zf/dataset/hollywood-2009/hollywood-2009.edges
>>> vertices_path_bin: /localtmp/oj2zf/dataset/hollywood-2009/hollywood-2009_bin.vertices
>>> edges_path_bin: /localtmp/oj2zf/dataset/hollywood-2009/hollywood-2009_bin.edges
>>> min_vertex: 0
>>> max_vertex: 1139905
>>> num_vertices: 1139905
>>> num_edges: 115031232
>>> graphdirectiontype: 5
>>> graphorder: 6
>>> skewratio: 666
TEST FINISHED
[1m[37m>>> HOSTPROCESS:: TIMING SUMMARY: TOTAL TIME ELAPSED: : Time Elapsed = 474459761103[nanao seconds](Iteration 666)[0m
[1m[37m>>> HOSTPROCESS:: TIMING SUMMARY: TOTAL TIME ELAPSED: : Time Elapsed = 474459761[micro seconds](Iteration 666)[0m
[1m[37m>>> HOSTPROCESS:: TIMING SUMMARY: TOTAL TIME ELAPSED: : Time Elapsed = 474459[milli seconds](Iteration 666)[0m
[1m[37m>>> HOSTPROCESS:: TIMING SUMMARY: TOTAL TIME ELAPSED: : Time Elapsed = 474[seconds](Iteration 666)[0m

