Hostprocess:: Graph Analytics Started...
utility:: USEHBMMEMORY DEFINED
utility:: NUMDRAMBANKS: 4
utility:: NUMWORKERS: 1
utility:: NUMSUBWORKERS: 3
utility:: NUM_PARTITIONS: 16
utility:: NUMSUBCPUTHREADS: 32
utility:: DATAWIDTH: 512
utility:: VECTOR_SIZE: 8
utility:: KVDATA_RANGE: 2097152
utility:: KVDATA_RANGE_POW: 21
utility:: BATCH_RANGE: 2097152
utility:: BATCH_RANGE_POW: 21
utility:: TREE_DEPTH: 3
utility:: KVDATA_RANGE_POW: 21
utility:: KVDATA_RANGE: 2097152
utility:: MESSAGES_SIZE: 1024
utility:: LOCKE DEFINED
utility:: sizeof(keyvalue_t): 8 bytes (64 bits)
utility:: sizeof(vertex_t): 4 bytes (32 bits)
utility:: sizeof(edge_t): 4 bytes (32 bits)
utility:: MESSAGESDRAMSZ: 1024
utility:: VERTEXPTRSSZ: 1114112
utility:: VERTEXPTRSSZ_KVS: 139264
utility:: VERTICESDATASZ: 1048576
utility:: VERTICESDATASZ_KVS: 131072
>> host[baseoffsets]:: BASEOFFSET_MESSAGESDATA: 0
>> host[baseoffsets]:: BASEOFFSET_MESSAGESDATA_KVS: 0
>> host[baseoffsets]:: KVSOURCEDRAMSZ: 33554432
>> host[baseoffsets]:: KVSOURCEDRAMSZ_KVS: 4194304
>> host[baseoffsets]:: PADDEDKVSOURCEDRAMSZ: 33554432
>> host[baseoffsets]:: PADDEDKVSOURCEDRAMSZ_KVS: 4194304
>> host[baseoffsets]:: VDRAMSZ: 33554432
>> host[baseoffsets]:: PADDEDVDRAMSZ: 33554432
>> host[baseoffsets]:: PADDEDVDRAMSZ_KVS: 4194304
>> host[sizes]:: MESSAGESDRAMSZ (keyvalues): 1024 keyvalues
>> host[sizes]:: VERTEXPTRSSZ (keyvalues): 1114112 keyvalues
>> host[sizes]:: VERTICESDATASZ (keyvalues): 1048576 keyvalues
>> host[sizes]:: ACTIVEVERTICESSZ (keyvalues): 0 keyvalues
>> host[sizes]:: VERTICESDATAMASKSZ (keyvalues): 65536 keyvalues
>> host[sizes]:: KVSTATSDRAMSZ (keyvalues): 65536 keyvalues
>> host[sizes]:: PADDEDVDRAMSZ (keyvalues): 33554432 keyvalues
>> host[sizes]:: PADDEDKVSOURCEDRAMSZ (keyvalues): 33554432 keyvalues
>> host[bytes]:: MESSAGESDRAMSZ (bytes): 8192 bytes
>> host[bytes]:: KVSTATSDRAMSZ (bytes): 524288 bytes
>> host[bytes]:: VERTEXPTRSSZ (bytes): 8912896 bytes
>> host[bytes]:: VERTICESDATASZ (bytes): 8388608 bytes
>> host[bytes]:: ACTIVEVERTICESSZ (bytes): 0 bytes
>> host[bytes]:: VERTICESDATAMASKSZ (bytes): 524288 bytes
>> host[bytes]:: PADDEDVDRAMSZ (bytes): 268435456 bytes
>> host[bytes]:: PADDEDKVSOURCEDRAMSZ (bytes): 268435456 bytes
utility:: KVSTATSDRAMSZ: 65536
utility:: NUMLASTLEVELPARTITIONS: 4096
utility:: REDUCESZ_POW: 9
utility:: REDUCESZ: 512
utility:: REDUCEBUFFERSZ: 256
utility:: VMASKBUFFERSZ_KVS: 16
utility:: NUMLASTLEVELPARTITIONS: 4096
utility:: ENABLE_KERNEL_PROFILING DEFINED: 
graph::graph constructor:: datasetid: 31, _numedgebanks: 1
graph::loadalldatasets:: 
graph::loadalldatasets finished. 
graph::printdataset: printing dataset parameters...
>>> graphtopname: hollywood-2009
>>> graphname: hollywood-2009_dup
>>> graph_path: /localtmp/oj2zf/dataset/hollywood-2009/hollywood-2009.mtx
>>> vertices_path: /localtmp/oj2zf/dataset/hollywood-2009/hollywood-2009.vertices
>>> edges_path: /localtmp/oj2zf/dataset/hollywood-2009/hollywood-2009.edges
>>> vertices_path_bin: /localtmp/oj2zf/dataset/hollywood-2009/hollywood-2009_bin.vertices
>>> edges_path_bin: /localtmp/oj2zf/dataset/hollywood-2009/hollywood-2009_bin.edges
>>> min_vertex: 0
>>> max_vertex: 1139905
>>> num_vertices: 1139905
>>> num_edges: 115031232
>>> graphdirectiontype: 5
>>> graphorder: 6
>>> skewratio: 666
app::run_hw:: app algorithm started. 
graph::opentemporaryfilesforwriting : opening temporary files for writing...
Directory already exists.INFO: Successfully opened /localtmp/oj2zf/dataset/hollywood-2009/hollywood-2009_1by1/hollywood-2009_dup.vdata
INFO: Successfully opened /localtmp/oj2zf/dataset/hollywood-2009/hollywood-2009_1by1/hollywood-2009_dup.vproperties
graph::opentemporaryfilesforreading : opening temporary files for reading
INFO: Successfully opened /localtmp/oj2zf/dataset/hollywood-2009/hollywood-2009_1by1/hollywood-2009_dup.vdata
INFO: Successfully opened /localtmp/oj2zf/dataset/hollywood-2009/hollywood-2009_1by1/hollywood-2009_dup.vproperties
generating vertices data... 
graph::openfilesforreading : opening files for reading
INFO: Successfully opened /localtmp/oj2zf/dataset/hollywood-2009/hollywood-2009_1by1/hollywood-2009_dup_0_0.vertexptrs
INFO: Successfully opened /localtmp/oj2zf/dataset/hollywood-2009/hollywood-2009_1by1/hollywood-2009_dup_0_0.vertexptrs
INFO: Successfully opened /localtmp/oj2zf/dataset/hollywood-2009/hollywood-2009_1by1/hollywood-2009_dup_0_0.edges
INFO: Successfully opened /localtmp/oj2zf/dataset/hollywood-2009/hollywood-2009_1by1/hollywood-2009_dup_0_0.edges
loadedges_rowblockwise:: loading Acts... sizes: [[4111312, 4111312, 4111312, 4111312, 4111312, 4111312, 4111312, 4111312, 4111312, 4111312, 4111312, 4111312, 4111312, 4111312, 4111312, 4111312, 4111312, 4111312, 4111312, 4111312, 4111312, 4111312, 4111312, 4111312, 4111312, 4111312, 4111312, 4111312, 4111312, 4111312, 4111312, 4111296]]
loadedges_rowblockwise:: total sizes: 131561968
maxvptr: 4111312
app::loadvertexdata:: loading vertex datas... 
app::setrootvid:: setting root vid(s)... 
app::loadactvvertices:: loading active vertices... 
app::generatevmaskdata:: generating vmask... 
app::loadoffsetmarkers:: loading offset markers... 
app::loadmessages:: loading messages... 
[globalparams.BASEOFFSET_MESSAGESDATA: 0]
[globalparams.BASEOFFSETKVS_MESSAGESDATA: 0]
[globalparams.BASEOFFSET_EDGESDATA: 8192]
[globalparams.BASEOFFSETKVS_EDGESDATA: 1024]
[globalparams.BASEOFFSET_VERTEXPTR: 2129384]
[globalparams.BASEOFFSETKVS_VERTEXPTR: 266173]
[globalparams.BASEOFFSET_VERTICESDATA: 3243496]
[globalparams.BASEOFFSETKVS_VERTICESDATA: 405437]
[globalparams.BASEOFFSET_ACTIVEVERTICES: 4292072]
[globalparams.BASEOFFSETKVS_ACTIVEVERTICES: 536509]
[globalparams.BASEOFFSET_VERTICESDATAMASK: 4292072]
[globalparams.BASEOFFSETKVS_VERTICESDATAMASK: 536509]
[globalparams.BASEOFFSET_VERTICESPARTITIONMASK : 4357608]
[globalparams.BASEOFFSETKVS_VERTICESPARTITIONMASK: 544701]
[globalparams.BASEOFFSET_STATSDRAM: 4361704]
[globalparams.BASEOFFSETKVS_STATSDRAM: 545213]
[globalparams.BASEOFFSET_KVDRAM: 4885992]
[globalparams.BASEOFFSETKVS_KVDRAM: 610749]
[globalparams.BASEOFFSET_KVDRAMWORKSPACE: 8997896]
[globalparams.BASEOFFSETKVS_KVDRAMWORKSPACE: 1124737]
[globalparams.SIZE_MESSAGESDRAM: 0]
[globalparams.SIZE_EDGES: 4112312]
[globalparams.SIZE_VERTEXPTRS: 2097152]
[globalparams.SIZE_VERTICESDATA: 2097152]
[globalparams.SIZE_ACTIVEVERTICES: 0]
[globalparams.SIZE_VERTICESDATAMASK: 65536]
[globalparams.SIZE_KVSTATSDRAM: 65536]
[globalparams.SIZE_KVDRAM: 4111904]
[globalparams.SIZE_KVDRAMWORKSPACE: 4111904]
[1m[37m>> host[sizes]:: PADDEDKVSOURCEDRAMSZ (keyvalues): 33554432 keyvalues[0m
[1m[37m>> host[bytes]:: PADDEDKVSOURCEDRAMSZ (bytes): 268435456 bytes[0m
[1m[37m>> host[sizes]:: valid PADDEDKVSOURCEDRAMSZ (keyvalues): 13109800 keyvalues[0m
[1m[37m>> host[bytes]:: valid PADDEDKVSOURCEDRAMSZ (bytes): 104878400 bytes. (HBM max=268435456 bytes)[0m
loadmessages:: loading Acts... sizes: [[4111312, 4111312, 4111312, 4111312, 4111312, 4111312, 4111312, 4111312, 4111312, 4111312, 4111312, 4111312, 4111312, 4111312, 4111312, 4111312, 4111312, 4111312, 4111312, 4111312, 4111312, 4111312, 4111312, 4111312, 4111312, 4111312, 4111312, 4111312, 4111312, 4111312, 4111312, 4111296]]
loadmessages:: total sizes: 131561968
app::appendkeyvaluecount:: appending value count... 
app::experiements: resetting kvdram & kvdram workspaces...

utility::runsssp_sw:: running traditional sssp... 
utility::runsssp_sw: number of active vertices for iteration 0: 0
utility::runsssp_sw: number of active vertices for iteration 1: 4
utility::runsssp_sw: number of active vertices for iteration 2: 23
utility::runsssp_sw: number of active vertices for iteration 3: 1249
utility::runsssp_sw: number of active vertices for iteration 4: 110694
utility::runsssp_sw: number of active vertices for iteration 5: 752777
utility::runsssp_sw: number of active vertices for iteration 6: 194415
utility::runsssp_sw: number of active vertices for iteration 7: 9482
utility::runsssp_sw: number of active vertices for iteration 8: 461
utility::runsssp_sw: number of active vertices for iteration 9: 19
utility::runsssp_sw: number of active vertices for iteration 10: 1
utility::runsssp_sw: number of active vertices for iteration 11: 0
no more activer vertices to process. breaking out... 
>>> utility::runsssp_sw: total_edges_processed: 114751558 edges (114 million edges)
>>> utility::runsssp_sw: total_time_elapsed: 1466 ms (1.466 s)
[1m[37m>>> utility::runsssp_sw: throughput: 7.82753e+07 edges/sec (78.2753 million edges/sec)[0m

[1m[37m>>> app::run_hw: app started. (1 active vertices)[0m
Found Platform
Platform Name: Xilinx
Found Device=xilinx_u280_xdma_201910_1
INFO: Reading /home/oj2zf/Documents/ActsOfAGraph/synkernels/goldenkernelprocbfs32HW240MHz.xclbin
Loading: '/home/oj2zf/Documents/ActsOfAGraph/synkernels/goldenkernelprocbfs32HW240MHz.xclbin'
INFO: Reading /home/oj2zf/Documents/ActsOfAGraph/synkernels/goldenkernelsync32HW240MHz.xclbin
Loading: '/home/oj2zf/Documents/ActsOfAGraph/synkernels/goldenkernelsync32HW240MHz.xclbin'
>>> goclkernel[actssync]:: running ACTS PROCESS (Iteration 0)...
>>> kernel (proc) 0 time elapsed: 0.593 ms, 593 microsecs, 
>>> kernel (proc) 1 time elapsed: 0.572 ms, 572 microsecs, 
>>> kernel (proc) 2 time elapsed: 0.57 ms, 570 microsecs, 
>>> kernel (proc) 3 time elapsed: 0.518 ms, 518 microsecs, 
>>> kernel (proc) 4 time elapsed: 0.559 ms, 559 microsecs, 
>>> kernel (proc) 5 time elapsed: 0.576 ms, 576 microsecs, 
>>> kernel (proc) 6 time elapsed: 0.559 ms, 559 microsecs, 
>>> kernel (proc) 7 time elapsed: 0.506 ms, 506 microsecs, 
>>> kernel (proc) 8 time elapsed: 0.571 ms, 571 microsecs, 
>>> kernel (proc) 9 time elapsed: 0.506 ms, 506 microsecs, 
>>> kernel (proc) 10 time elapsed: 0.556 ms, 556 microsecs, 
>>> kernel (proc) 11 time elapsed: 0.56 ms, 560 microsecs, 
>>> kernel (proc) 12 time elapsed: 0.559 ms, 559 microsecs, 
>>> kernel (proc) 13 time elapsed: 0.551 ms, 551 microsecs, 
>>> kernel (proc) 14 time elapsed: 0.565 ms, 565 microsecs, 
>>> kernel (proc) 15 time elapsed: 0.568 ms, 568 microsecs, 
>>> kernel (proc) 16 time elapsed: 0.558 ms, 558 microsecs, 
>>> kernel (proc) 17 time elapsed: 0.553 ms, 553 microsecs, 
>>> kernel (proc) 18 time elapsed: 0.583 ms, 583 microsecs, 
>>> kernel (proc) 19 time elapsed: 0.554 ms, 554 microsecs, 
>>> kernel (proc) 20 time elapsed: 0.558 ms, 558 microsecs, 
>>> kernel (proc) 21 time elapsed: 0.558 ms, 558 microsecs, 
>>> kernel (proc) 22 time elapsed: 0.556 ms, 556 microsecs, 
>>> kernel (proc) 23 time elapsed: 0.563 ms, 563 microsecs, 
>>> kernel (proc) 24 time elapsed: 0.557 ms, 557 microsecs, 
>>> kernel (proc) 25 time elapsed: 0.556 ms, 556 microsecs, 
>>> kernel (proc) 26 time elapsed: 0.559 ms, 559 microsecs, 
>>> kernel (proc) 27 time elapsed: 0.557 ms, 557 microsecs, 
>>> kernel (proc) 28 time elapsed: 0.561 ms, 561 microsecs, 
>>> kernel (proc) 29 time elapsed: 0.555 ms, 555 microsecs, 
>>> kernel (proc) 30 time elapsed: 0.56 ms, 560 microsecs, 
>>> kernel (proc) 31 time elapsed: 0.602 ms, 602 microsecs, 
>>> SUMMARY: kernel (proc) average time elapsed for Iteration 0: 0.413516(0.413516) ms, 0.437903(0.0243871) ms, 0.557613(0.11971) ms, 
>>> goclkernel[actssync]:: running ACTS SYNCHRONZE (Iteration 0)

active partitions for iteration 1: 0, 26, 
>>> goclkernel[actssync]:: running ACTS PROCESS (Iteration 1)...
>>> kernel (proc) 0 time elapsed: 0.494 ms, 494 microsecs, 
>>> kernel (proc) 1 time elapsed: 0.631 ms, 631 microsecs, 
>>> kernel (proc) 2 time elapsed: 0.571 ms, 571 microsecs, 
>>> kernel (proc) 3 time elapsed: 0.584 ms, 584 microsecs, 
>>> kernel (proc) 4 time elapsed: 0.551 ms, 551 microsecs, 
>>> kernel (proc) 5 time elapsed: 0.531 ms, 531 microsecs, 
>>> kernel (proc) 6 time elapsed: 0.553 ms, 553 microsecs, 
>>> kernel (proc) 7 time elapsed: 0.578 ms, 578 microsecs, 
>>> kernel (proc) 8 time elapsed: 0.541 ms, 541 microsecs, 
>>> kernel (proc) 9 time elapsed: 0.581 ms, 581 microsecs, 
>>> kernel (proc) 10 time elapsed: 0.536 ms, 536 microsecs, 
>>> kernel (proc) 11 time elapsed: 0.604 ms, 604 microsecs, 
>>> kernel (proc) 12 time elapsed: 0.549 ms, 549 microsecs, 
>>> kernel (proc) 13 time elapsed: 0.583 ms, 583 microsecs, 
>>> kernel (proc) 14 time elapsed: 0.535 ms, 535 microsecs, 
>>> kernel (proc) 15 time elapsed: 0.578 ms, 578 microsecs, 
>>> kernel (proc) 16 time elapsed: 0.532 ms, 532 microsecs, 
>>> kernel (proc) 17 time elapsed: 0.581 ms, 581 microsecs, 
>>> kernel (proc) 18 time elapsed: 0.49 ms, 490 microsecs, 
>>> kernel (proc) 19 time elapsed: 0.572 ms, 572 microsecs, 
>>> kernel (proc) 20 time elapsed: 0.558 ms, 558 microsecs, 
>>> kernel (proc) 21 time elapsed: 0.606 ms, 606 microsecs, 
>>> kernel (proc) 22 time elapsed: 0.534 ms, 534 microsecs, 
>>> kernel (proc) 23 time elapsed: 0.573 ms, 573 microsecs, 
>>> kernel (proc) 24 time elapsed: 0.537 ms, 537 microsecs, 
>>> kernel (proc) 25 time elapsed: 0.577 ms, 577 microsecs, 
>>> kernel (proc) 26 time elapsed: 0.538 ms, 538 microsecs, 
>>> kernel (proc) 27 time elapsed: 0.576 ms, 576 microsecs, 
>>> kernel (proc) 28 time elapsed: 0.534 ms, 534 microsecs, 
>>> kernel (proc) 29 time elapsed: 0.592 ms, 592 microsecs, 
>>> kernel (proc) 30 time elapsed: 0.559 ms, 559 microsecs, 
>>> kernel (proc) 31 time elapsed: 0.564 ms, 564 microsecs, 
>>> SUMMARY: kernel (proc) average time elapsed for Iteration 1: 0.441452(0.441452) ms, 0.468645(0.0271935) ms, 0.562226(0.0935806) ms, 
>>> goclkernel[actssync]:: running ACTS SYNCHRONZE (Iteration 1)

active partitions for iteration 2: 0, 1, 9, 14, 26, 40, 47, 73, 121, 
>>> goclkernel[actssync]:: running ACTS PROCESS (Iteration 2)...
>>> kernel (proc) 0 time elapsed: 1.107 ms, 1107 microsecs, 
>>> kernel (proc) 1 time elapsed: 1.261 ms, 1261 microsecs, 
>>> kernel (proc) 2 time elapsed: 1.161 ms, 1161 microsecs, 
>>> kernel (proc) 3 time elapsed: 1.105 ms, 1105 microsecs, 
>>> kernel (proc) 4 time elapsed: 1.189 ms, 1189 microsecs, 
>>> kernel (proc) 5 time elapsed: 1.001 ms, 1001 microsecs, 
>>> kernel (proc) 6 time elapsed: 1.169 ms, 1169 microsecs, 
>>> kernel (proc) 7 time elapsed: 1.335 ms, 1335 microsecs, 
>>> kernel (proc) 8 time elapsed: 1.242 ms, 1242 microsecs, 
>>> kernel (proc) 9 time elapsed: 1.15 ms, 1150 microsecs, 
>>> kernel (proc) 10 time elapsed: 1.183 ms, 1183 microsecs, 
>>> kernel (proc) 11 time elapsed: 1.143 ms, 1143 microsecs, 
>>> kernel (proc) 12 time elapsed: 1.24 ms, 1240 microsecs, 
>>> kernel (proc) 13 time elapsed: 1.239 ms, 1239 microsecs, 
>>> kernel (proc) 14 time elapsed: 1.16 ms, 1160 microsecs, 
>>> kernel (proc) 15 time elapsed: 1.079 ms, 1079 microsecs, 
>>> kernel (proc) 16 time elapsed: 1.217 ms, 1217 microsecs, 
>>> kernel (proc) 17 time elapsed: 1.181 ms, 1181 microsecs, 
>>> kernel (proc) 18 time elapsed: 1.049 ms, 1049 microsecs, 
>>> kernel (proc) 19 time elapsed: 1.108 ms, 1108 microsecs, 
>>> kernel (proc) 20 time elapsed: 1.089 ms, 1089 microsecs, 
>>> kernel (proc) 21 time elapsed: 1.181 ms, 1181 microsecs, 
>>> kernel (proc) 22 time elapsed: 1.155 ms, 1155 microsecs, 
>>> kernel (proc) 23 time elapsed: 1.177 ms, 1177 microsecs, 
>>> kernel (proc) 24 time elapsed: 1.28 ms, 1280 microsecs, 
>>> kernel (proc) 25 time elapsed: 1.137 ms, 1137 microsecs, 
>>> kernel (proc) 26 time elapsed: 1.146 ms, 1146 microsecs, 
>>> kernel (proc) 27 time elapsed: 1.124 ms, 1124 microsecs, 
>>> kernel (proc) 28 time elapsed: 1.212 ms, 1212 microsecs, 
>>> kernel (proc) 29 time elapsed: 1.167 ms, 1167 microsecs, 
>>> kernel (proc) 30 time elapsed: 1.139 ms, 1139 microsecs, 
>>> kernel (proc) 31 time elapsed: 1.151 ms, 1151 microsecs, 
>>> SUMMARY: kernel (proc) average time elapsed for Iteration 2: 0.836516(0.836516) ms, 0.939613(0.103097) ms, 1.16677(0.227161) ms, 
>>> goclkernel[actssync]:: running ACTS SYNCHRONZE (Iteration 2)

active partitions for iteration 3: 0, 1, 3, 4, 7, 9, 10, 14, 15, 19, 22, 24, 26, 28, 29, 30, 31, 33, 34, 35, 36, 37, 38, 40, 41, 43, 44, 45, 47, 48, 49, 50, 51, 52, 53, 56, 58, 59, 61, 63, 65, 67, 68, 69, 70, 71, 72, 73, 74, 75, 76, 77, 79, 82, 83, 85, 87, 90, 95, 96, 97, 100, 102, 103, 104, 107, 108, 110, 111, 113, 114, 115, 116, 117, 120, 121, 123, 124, 125, 126, 
>>> goclkernel[actssync]:: running ACTS PROCESS (Iteration 3)...
>>> kernel (proc) 0 time elapsed: 5.091 ms, 5091 microsecs, 
>>> kernel (proc) 1 time elapsed: 5.038 ms, 5038 microsecs, 
>>> kernel (proc) 2 time elapsed: 5.019 ms, 5019 microsecs, 
>>> kernel (proc) 3 time elapsed: 5.054 ms, 5054 microsecs, 
>>> kernel (proc) 4 time elapsed: 5.084 ms, 5084 microsecs, 
>>> kernel (proc) 5 time elapsed: 5.132 ms, 5132 microsecs, 
>>> kernel (proc) 6 time elapsed: 5.064 ms, 5064 microsecs, 
>>> kernel (proc) 7 time elapsed: 5.16 ms, 5160 microsecs, 
>>> kernel (proc) 8 time elapsed: 5.13 ms, 5130 microsecs, 
>>> kernel (proc) 9 time elapsed: 5.128 ms, 5128 microsecs, 
>>> kernel (proc) 10 time elapsed: 5.148 ms, 5148 microsecs, 
>>> kernel (proc) 11 time elapsed: 5.137 ms, 5137 microsecs, 
>>> kernel (proc) 12 time elapsed: 5.117 ms, 5117 microsecs, 
>>> kernel (proc) 13 time elapsed: 5.098 ms, 5098 microsecs, 
>>> kernel (proc) 14 time elapsed: 5.105 ms, 5105 microsecs, 
>>> kernel (proc) 15 time elapsed: 5.104 ms, 5104 microsecs, 
>>> kernel (proc) 16 time elapsed: 5.1 ms, 5100 microsecs, 
>>> kernel (proc) 17 time elapsed: 5.097 ms, 5097 microsecs, 
>>> kernel (proc) 18 time elapsed: 5.149 ms, 5149 microsecs, 
>>> kernel (proc) 19 time elapsed: 5.105 ms, 5105 microsecs, 
>>> kernel (proc) 20 time elapsed: 5.129 ms, 5129 microsecs, 
>>> kernel (proc) 21 time elapsed: 5.111 ms, 5111 microsecs, 
>>> kernel (proc) 22 time elapsed: 5.124 ms, 5124 microsecs, 
>>> kernel (proc) 23 time elapsed: 5.155 ms, 5155 microsecs, 
>>> kernel (proc) 24 time elapsed: 5.082 ms, 5082 microsecs, 
>>> kernel (proc) 25 time elapsed: 5.136 ms, 5136 microsecs, 
>>> kernel (proc) 26 time elapsed: 5.069 ms, 5069 microsecs, 
>>> kernel (proc) 27 time elapsed: 5.066 ms, 5066 microsecs, 
>>> kernel (proc) 28 time elapsed: 5.082 ms, 5082 microsecs, 
>>> kernel (proc) 29 time elapsed: 5.119 ms, 5119 microsecs, 
>>> kernel (proc) 30 time elapsed: 5.099 ms, 5099 microsecs, 
>>> kernel (proc) 31 time elapsed: 5.12 ms, 5120 microsecs, 
>>> SUMMARY: kernel (proc) average time elapsed for Iteration 3: 3.48103(3.48103) ms, 3.67465(0.193613) ms, 5.10519(1.43055) ms, 
>>> goclkernel[actssync]:: running ACTS SYNCHRONZE (Iteration 3)

active partitions for iteration 4: 0, 1, 2, 3, 4, 5, 6, 7, 8, 9, 10, 11, 12, 13, 14, 15, 16, 17, 18, 19, 20, 21, 22, 23, 24, 25, 26, 27, 28, 29, 30, 31, 32, 33, 34, 35, 36, 37, 38, 39, 40, 41, 42, 43, 44, 45, 46, 47, 48, 49, 50, 51, 52, 53, 54, 55, 56, 57, 58, 59, 60, 61, 62, 63, 64, 65, 66, 67, 68, 69, 70, 71, 72, 73, 74, 75, 76, 77, 78, 79, 80, 81, 82, 83, 84, 85, 86, 87, 88, 89, 90, 91, 92, 93, 94, 95, 96, 97, 98, 99, 100, 101, 102, 103, 104, 105, 106, 107, 108, 109, 110, 111, 112, 113, 114, 115, 116, 117, 118, 119, 120, 121, 122, 123, 124, 125, 126, 127, 128, 129, 130, 
>>> goclkernel[actssync]:: running ACTS PROCESS (Iteration 4)...
>>> kernel (proc) 0 time elapsed: 24.412 ms, 24412 microsecs, 
>>> kernel (proc) 1 time elapsed: 24.464 ms, 24464 microsecs, 
>>> kernel (proc) 2 time elapsed: 24.367 ms, 24367 microsecs, 
>>> kernel (proc) 3 time elapsed: 24.442 ms, 24442 microsecs, 
>>> kernel (proc) 4 time elapsed: 24.42 ms, 24420 microsecs, 
>>> kernel (proc) 5 time elapsed: 24.493 ms, 24493 microsecs, 
>>> kernel (proc) 6 time elapsed: 24.381 ms, 24381 microsecs, 
>>> kernel (proc) 7 time elapsed: 24.496 ms, 24496 microsecs, 
>>> kernel (proc) 8 time elapsed: 24.355 ms, 24355 microsecs, 
>>> kernel (proc) 9 time elapsed: 24.459 ms, 24459 microsecs, 
>>> kernel (proc) 10 time elapsed: 24.406 ms, 24406 microsecs, 
>>> kernel (proc) 11 time elapsed: 24.445 ms, 24445 microsecs, 
>>> kernel (proc) 12 time elapsed: 24.44 ms, 24440 microsecs, 
>>> kernel (proc) 13 time elapsed: 24.478 ms, 24478 microsecs, 
>>> kernel (proc) 14 time elapsed: 24.448 ms, 24448 microsecs, 
>>> kernel (proc) 15 time elapsed: 24.473 ms, 24473 microsecs, 
>>> kernel (proc) 16 time elapsed: 24.418 ms, 24418 microsecs, 
>>> kernel (proc) 17 time elapsed: 24.405 ms, 24405 microsecs, 
>>> kernel (proc) 18 time elapsed: 24.282 ms, 24282 microsecs, 
>>> kernel (proc) 19 time elapsed: 24.33 ms, 24330 microsecs, 
>>> kernel (proc) 20 time elapsed: 24.404 ms, 24404 microsecs, 
>>> kernel (proc) 21 time elapsed: 24.391 ms, 24391 microsecs, 
>>> kernel (proc) 22 time elapsed: 24.36 ms, 24360 microsecs, 
>>> kernel (proc) 23 time elapsed: 24.39 ms, 24390 microsecs, 
>>> kernel (proc) 24 time elapsed: 24.347 ms, 24347 microsecs, 
>>> kernel (proc) 25 time elapsed: 24.352 ms, 24352 microsecs, 
>>> kernel (proc) 26 time elapsed: 24.355 ms, 24355 microsecs, 
>>> kernel (proc) 27 time elapsed: 24.318 ms, 24318 microsecs, 
>>> kernel (proc) 28 time elapsed: 24.378 ms, 24378 microsecs, 
>>> kernel (proc) 29 time elapsed: 24.362 ms, 24362 microsecs, 
>>> kernel (proc) 30 time elapsed: 24.451 ms, 24451 microsecs, 
>>> kernel (proc) 31 time elapsed: 24.359 ms, 24359 microsecs, 
>>> SUMMARY: kernel (proc) average time elapsed for Iteration 4: 8.08971(8.08971) ms, 12.8821(4.79242) ms, 24.4022(11.5201) ms, 
>>> goclkernel[actssync]:: running ACTS SYNCHRONZE (Iteration 4)

active partitions for iteration 5: 0, 1, 2, 3, 4, 5, 6, 7, 8, 9, 10, 11, 12, 13, 14, 15, 16, 17, 18, 19, 20, 21, 22, 23, 24, 25, 26, 27, 28, 29, 30, 31, 32, 33, 34, 35, 36, 37, 38, 39, 40, 41, 42, 43, 44, 45, 46, 47, 48, 49, 50, 51, 52, 53, 54, 55, 56, 57, 58, 59, 60, 61, 62, 63, 64, 65, 66, 67, 68, 69, 70, 71, 72, 73, 74, 75, 76, 77, 78, 79, 80, 81, 82, 83, 84, 85, 86, 87, 88, 89, 90, 91, 92, 93, 94, 95, 96, 97, 98, 99, 100, 101, 102, 103, 104, 105, 106, 107, 108, 109, 110, 111, 112, 113, 114, 115, 116, 117, 118, 119, 120, 121, 122, 123, 124, 125, 126, 127, 128, 129, 130, 
>>> goclkernel[actssync]:: running ACTS PROCESS (Iteration 5)...
>>> kernel (proc) 0 time elapsed: 26.029 ms, 26029 microsecs, 
>>> kernel (proc) 1 time elapsed: 26.069 ms, 26069 microsecs, 
>>> kernel (proc) 2 time elapsed: 26.065 ms, 26065 microsecs, 
>>> kernel (proc) 3 time elapsed: 26.113 ms, 26113 microsecs, 
>>> kernel (proc) 4 time elapsed: 26.016 ms, 26016 microsecs, 
>>> kernel (proc) 5 time elapsed: 26.124 ms, 26124 microsecs, 
>>> kernel (proc) 6 time elapsed: 26.089 ms, 26089 microsecs, 
>>> kernel (proc) 7 time elapsed: 26.066 ms, 26066 microsecs, 
>>> kernel (proc) 8 time elapsed: 26.057 ms, 26057 microsecs, 
>>> kernel (proc) 9 time elapsed: 26.047 ms, 26047 microsecs, 
>>> kernel (proc) 10 time elapsed: 26.081 ms, 26081 microsecs, 
>>> kernel (proc) 11 time elapsed: 26.065 ms, 26065 microsecs, 
>>> kernel (proc) 12 time elapsed: 26.048 ms, 26048 microsecs, 
>>> kernel (proc) 13 time elapsed: 26.062 ms, 26062 microsecs, 
>>> kernel (proc) 14 time elapsed: 26.064 ms, 26064 microsecs, 
>>> kernel (proc) 15 time elapsed: 26.074 ms, 26074 microsecs, 
>>> kernel (proc) 16 time elapsed: 26.097 ms, 26097 microsecs, 
>>> kernel (proc) 17 time elapsed: 26.107 ms, 26107 microsecs, 
>>> kernel (proc) 18 time elapsed: 26.103 ms, 26103 microsecs, 
>>> kernel (proc) 19 time elapsed: 26.118 ms, 26118 microsecs, 
>>> kernel (proc) 20 time elapsed: 26.062 ms, 26062 microsecs, 
>>> kernel (proc) 21 time elapsed: 26.08 ms, 26080 microsecs, 
>>> kernel (proc) 22 time elapsed: 26.081 ms, 26081 microsecs, 
>>> kernel (proc) 23 time elapsed: 26.062 ms, 26062 microsecs, 
>>> kernel (proc) 24 time elapsed: 26.061 ms, 26061 microsecs, 
>>> kernel (proc) 25 time elapsed: 26.134 ms, 26134 microsecs, 
>>> kernel (proc) 26 time elapsed: 26.1 ms, 26100 microsecs, 
>>> kernel (proc) 27 time elapsed: 26.112 ms, 26112 microsecs, 
>>> kernel (proc) 28 time elapsed: 26.035 ms, 26035 microsecs, 
>>> kernel (proc) 29 time elapsed: 26.101 ms, 26101 microsecs, 
>>> kernel (proc) 30 time elapsed: 26.05 ms, 26050 microsecs, 
>>> kernel (proc) 31 time elapsed: 26.114 ms, 26114 microsecs, 
>>> SUMMARY: kernel (proc) average time elapsed for Iteration 5: 8.63784(8.63784) ms, 13.8341(5.19629) ms, 26.0793(12.2451) ms, 
>>> goclkernel[actssync]:: running ACTS SYNCHRONZE (Iteration 5)

active partitions for iteration 6: 0, 1, 2, 3, 4, 5, 6, 7, 8, 9, 10, 11, 12, 13, 14, 15, 16, 17, 18, 19, 20, 21, 22, 23, 24, 25, 26, 27, 28, 29, 30, 31, 32, 33, 34, 35, 36, 37, 38, 39, 40, 41, 42, 43, 44, 45, 46, 47, 48, 49, 50, 51, 52, 53, 54, 55, 56, 57, 58, 59, 60, 61, 62, 63, 64, 65, 66, 67, 68, 69, 70, 71, 72, 73, 74, 75, 76, 77, 78, 79, 80, 81, 82, 83, 84, 85, 86, 87, 88, 89, 90, 91, 92, 93, 94, 95, 97, 98, 99, 100, 101, 102, 103, 104, 105, 106, 107, 108, 109, 110, 111, 112, 113, 114, 115, 116, 117, 118, 119, 120, 121, 122, 123, 124, 125, 126, 127, 128, 129, 130, 
>>> goclkernel[actssync]:: running ACTS PROCESS (Iteration 6)...
>>> kernel (proc) 0 time elapsed: 7.19 ms, 7190 microsecs, 
>>> kernel (proc) 1 time elapsed: 7.106 ms, 7106 microsecs, 
>>> kernel (proc) 2 time elapsed: 7.136 ms, 7136 microsecs, 
>>> kernel (proc) 3 time elapsed: 7.157 ms, 7157 microsecs, 
>>> kernel (proc) 4 time elapsed: 7.123 ms, 7123 microsecs, 
>>> kernel (proc) 5 time elapsed: 7.16 ms, 7160 microsecs, 
>>> kernel (proc) 6 time elapsed: 7.158 ms, 7158 microsecs, 
>>> kernel (proc) 7 time elapsed: 7.12 ms, 7120 microsecs, 
>>> kernel (proc) 8 time elapsed: 7.156 ms, 7156 microsecs, 
>>> kernel (proc) 9 time elapsed: 7.116 ms, 7116 microsecs, 
>>> kernel (proc) 10 time elapsed: 7.121 ms, 7121 microsecs, 
>>> kernel (proc) 11 time elapsed: 7.067 ms, 7067 microsecs, 
>>> kernel (proc) 12 time elapsed: 7.147 ms, 7147 microsecs, 
>>> kernel (proc) 13 time elapsed: 7.127 ms, 7127 microsecs, 
>>> kernel (proc) 14 time elapsed: 7.136 ms, 7136 microsecs, 
>>> kernel (proc) 15 time elapsed: 7.084 ms, 7084 microsecs, 
>>> kernel (proc) 16 time elapsed: 7.148 ms, 7148 microsecs, 
>>> kernel (proc) 17 time elapsed: 7.126 ms, 7126 microsecs, 
>>> kernel (proc) 18 time elapsed: 7.128 ms, 7128 microsecs, 
>>> kernel (proc) 19 time elapsed: 7.141 ms, 7141 microsecs, 
>>> kernel (proc) 20 time elapsed: 7.133 ms, 7133 microsecs, 
>>> kernel (proc) 21 time elapsed: 7.161 ms, 7161 microsecs, 
>>> kernel (proc) 22 time elapsed: 7.157 ms, 7157 microsecs, 
>>> kernel (proc) 23 time elapsed: 7.146 ms, 7146 microsecs, 
>>> kernel (proc) 24 time elapsed: 7.146 ms, 7146 microsecs, 
>>> kernel (proc) 25 time elapsed: 7.088 ms, 7088 microsecs, 
>>> kernel (proc) 26 time elapsed: 7.066 ms, 7066 microsecs, 
>>> kernel (proc) 27 time elapsed: 7.188 ms, 7188 microsecs, 
>>> kernel (proc) 28 time elapsed: 7.13 ms, 7130 microsecs, 
>>> kernel (proc) 29 time elapsed: 7.249 ms, 7249 microsecs, 
>>> kernel (proc) 30 time elapsed: 7.075 ms, 7075 microsecs, 
>>> kernel (proc) 31 time elapsed: 7.212 ms, 7212 microsecs, 
>>> SUMMARY: kernel (proc) average time elapsed for Iteration 6: 4.72426(4.72426) ms, 5.22742(0.503161) ms, 7.13574(1.90832) ms, 
>>> goclkernel[actssync]:: running ACTS SYNCHRONZE (Iteration 6)

active partitions for iteration 7: 0, 1, 2, 3, 4, 5, 6, 7, 8, 9, 10, 11, 12, 13, 14, 15, 16, 17, 18, 19, 20, 21, 22, 23, 24, 25, 26, 27, 28, 29, 30, 31, 32, 33, 34, 35, 36, 37, 38, 39, 40, 41, 42, 43, 44, 45, 46, 47, 48, 49, 50, 51, 52, 53, 54, 55, 56, 57, 60, 61, 62, 63, 64, 65, 66, 67, 68, 69, 70, 71, 72, 74, 76, 77, 78, 79, 80, 81, 82, 83, 84, 85, 86, 87, 88, 89, 90, 91, 92, 93, 94, 97, 98, 99, 100, 101, 102, 103, 104, 105, 106, 107, 108, 109, 110, 111, 112, 113, 114, 115, 116, 117, 118, 119, 120, 121, 122, 123, 125, 126, 127, 128, 129, 130, 
>>> goclkernel[actssync]:: running ACTS PROCESS (Iteration 7)...
>>> kernel (proc) 0 time elapsed: 4.735 ms, 4735 microsecs, 
>>> kernel (proc) 1 time elapsed: 4.614 ms, 4614 microsecs, 
>>> kernel (proc) 2 time elapsed: 4.627 ms, 4627 microsecs, 
>>> kernel (proc) 3 time elapsed: 4.678 ms, 4678 microsecs, 
>>> kernel (proc) 4 time elapsed: 4.718 ms, 4718 microsecs, 
>>> kernel (proc) 5 time elapsed: 4.588 ms, 4588 microsecs, 
>>> kernel (proc) 6 time elapsed: 4.648 ms, 4648 microsecs, 
>>> kernel (proc) 7 time elapsed: 4.549 ms, 4549 microsecs, 
>>> kernel (proc) 8 time elapsed: 4.69 ms, 4690 microsecs, 
>>> kernel (proc) 9 time elapsed: 4.655 ms, 4655 microsecs, 
>>> kernel (proc) 10 time elapsed: 4.717 ms, 4717 microsecs, 
>>> kernel (proc) 11 time elapsed: 4.586 ms, 4586 microsecs, 
>>> kernel (proc) 12 time elapsed: 4.668 ms, 4668 microsecs, 
>>> kernel (proc) 13 time elapsed: 4.62 ms, 4620 microsecs, 
>>> kernel (proc) 14 time elapsed: 4.656 ms, 4656 microsecs, 
>>> kernel (proc) 15 time elapsed: 4.673 ms, 4673 microsecs, 
>>> kernel (proc) 16 time elapsed: 4.727 ms, 4727 microsecs, 
>>> kernel (proc) 17 time elapsed: 4.674 ms, 4674 microsecs, 
>>> kernel (proc) 18 time elapsed: 4.528 ms, 4528 microsecs, 
>>> kernel (proc) 19 time elapsed: 4.524 ms, 4524 microsecs, 
>>> kernel (proc) 20 time elapsed: 4.531 ms, 4531 microsecs, 
>>> kernel (proc) 21 time elapsed: 4.525 ms, 4525 microsecs, 
>>> kernel (proc) 22 time elapsed: 4.746 ms, 4746 microsecs, 
>>> kernel (proc) 23 time elapsed: 4.687 ms, 4687 microsecs, 
>>> kernel (proc) 24 time elapsed: 4.699 ms, 4699 microsecs, 
>>> kernel (proc) 25 time elapsed: 4.658 ms, 4658 microsecs, 
>>> kernel (proc) 26 time elapsed: 4.718 ms, 4718 microsecs, 
>>> kernel (proc) 27 time elapsed: 4.7 ms, 4700 microsecs, 
>>> kernel (proc) 28 time elapsed: 4.723 ms, 4723 microsecs, 
>>> kernel (proc) 29 time elapsed: 4.738 ms, 4738 microsecs, 
>>> kernel (proc) 30 time elapsed: 4.746 ms, 4746 microsecs, 
>>> kernel (proc) 31 time elapsed: 4.767 ms, 4767 microsecs, 
>>> SUMMARY: kernel (proc) average time elapsed for Iteration 7: 3.63758(3.63758) ms, 3.75742(0.119839) ms, 4.65735(0.899935) ms, 
>>> goclkernel[actssync]:: running ACTS SYNCHRONZE (Iteration 7)

active partitions for iteration 8: 0, 1, 2, 3, 4, 5, 6, 7, 8, 9, 10, 11, 12, 13, 14, 15, 16, 17, 18, 19, 20, 21, 26, 27, 28, 31, 32, 33, 34, 38, 39, 40, 43, 44, 46, 48, 49, 50, 52, 53, 61, 62, 63, 64, 67, 69, 70, 76, 77, 105, 107, 117, 118, 119, 120, 121, 127, 128, 129, 130, 
>>> goclkernel[actssync]:: running ACTS PROCESS (Iteration 8)...
>>> kernel (proc) 0 time elapsed: 2.118 ms, 2118 microsecs, 
>>> kernel (proc) 1 time elapsed: 2.073 ms, 2073 microsecs, 
>>> kernel (proc) 2 time elapsed: 2.077 ms, 2077 microsecs, 
>>> kernel (proc) 3 time elapsed: 2.081 ms, 2081 microsecs, 
>>> kernel (proc) 4 time elapsed: 2.159 ms, 2159 microsecs, 
>>> kernel (proc) 5 time elapsed: 2.066 ms, 2066 microsecs, 
>>> kernel (proc) 6 time elapsed: 2.073 ms, 2073 microsecs, 
>>> kernel (proc) 7 time elapsed: 2.125 ms, 2125 microsecs, 
>>> kernel (proc) 8 time elapsed: 2.076 ms, 2076 microsecs, 
>>> kernel (proc) 9 time elapsed: 2.08 ms, 2080 microsecs, 
>>> kernel (proc) 10 time elapsed: 2.117 ms, 2117 microsecs, 
>>> kernel (proc) 11 time elapsed: 2.04 ms, 2040 microsecs, 
>>> kernel (proc) 12 time elapsed: 2.047 ms, 2047 microsecs, 
>>> kernel (proc) 13 time elapsed: 1.994 ms, 1994 microsecs, 
>>> kernel (proc) 14 time elapsed: 2.03 ms, 2030 microsecs, 
>>> kernel (proc) 15 time elapsed: 2.113 ms, 2113 microsecs, 
>>> kernel (proc) 16 time elapsed: 1.944 ms, 1944 microsecs, 
>>> kernel (proc) 17 time elapsed: 2.069 ms, 2069 microsecs, 
>>> kernel (proc) 18 time elapsed: 2.03 ms, 2030 microsecs, 
>>> kernel (proc) 19 time elapsed: 2.109 ms, 2109 microsecs, 
>>> kernel (proc) 20 time elapsed: 1.988 ms, 1988 microsecs, 
>>> kernel (proc) 21 time elapsed: 2.03 ms, 2030 microsecs, 
>>> kernel (proc) 22 time elapsed: 2.021 ms, 2021 microsecs, 
>>> kernel (proc) 23 time elapsed: 2.154 ms, 2154 microsecs, 
>>> kernel (proc) 24 time elapsed: 2.109 ms, 2109 microsecs, 
>>> kernel (proc) 25 time elapsed: 2.144 ms, 2144 microsecs, 
>>> kernel (proc) 26 time elapsed: 2.033 ms, 2033 microsecs, 
>>> kernel (proc) 27 time elapsed: 2.061 ms, 2061 microsecs, 
>>> kernel (proc) 28 time elapsed: 2.003 ms, 2003 microsecs, 
>>> kernel (proc) 29 time elapsed: 2.053 ms, 2053 microsecs, 
>>> kernel (proc) 30 time elapsed: 2.032 ms, 2032 microsecs, 
>>> kernel (proc) 31 time elapsed: 2.06 ms, 2060 microsecs, 
>>> SUMMARY: kernel (proc) average time elapsed for Iteration 8: 1.7871(1.7871) ms, 1.8471(0.06) ms, 2.06423(0.217129) ms, 
>>> goclkernel[actssync]:: running ACTS SYNCHRONZE (Iteration 8)

active partitions for iteration 9: 6, 7, 9, 11, 14, 15, 16, 33, 38, 39, 52, 
>>> goclkernel[actssync]:: running ACTS PROCESS (Iteration 9)...
>>> kernel (proc) 0 time elapsed: 0.78 ms, 780 microsecs, 
>>> kernel (proc) 1 time elapsed: 0.826 ms, 826 microsecs, 
>>> kernel (proc) 2 time elapsed: 0.78 ms, 780 microsecs, 
>>> kernel (proc) 3 time elapsed: 0.782 ms, 782 microsecs, 
>>> kernel (proc) 4 time elapsed: 0.781 ms, 781 microsecs, 
>>> kernel (proc) 5 time elapsed: 0.783 ms, 783 microsecs, 
>>> kernel (proc) 6 time elapsed: 0.801 ms, 801 microsecs, 
>>> kernel (proc) 7 time elapsed: 0.734 ms, 734 microsecs, 
>>> kernel (proc) 8 time elapsed: 0.743 ms, 743 microsecs, 
>>> kernel (proc) 9 time elapsed: 0.72 ms, 720 microsecs, 
>>> kernel (proc) 10 time elapsed: 0.717 ms, 717 microsecs, 
>>> kernel (proc) 11 time elapsed: 0.708 ms, 708 microsecs, 
>>> kernel (proc) 12 time elapsed: 0.662 ms, 662 microsecs, 
>>> kernel (proc) 13 time elapsed: 0.74 ms, 740 microsecs, 
>>> kernel (proc) 14 time elapsed: 0.72 ms, 720 microsecs, 
>>> kernel (proc) 15 time elapsed: 0.736 ms, 736 microsecs, 
>>> kernel (proc) 16 time elapsed: 0.686 ms, 686 microsecs, 
>>> kernel (proc) 17 time elapsed: 0.688 ms, 688 microsecs, 
>>> kernel (proc) 18 time elapsed: 0.742 ms, 742 microsecs, 
>>> kernel (proc) 19 time elapsed: 0.633 ms, 633 microsecs, 
>>> kernel (proc) 20 time elapsed: 0.715 ms, 715 microsecs, 
>>> kernel (proc) 21 time elapsed: 0.734 ms, 734 microsecs, 
>>> kernel (proc) 22 time elapsed: 0.705 ms, 705 microsecs, 
>>> kernel (proc) 23 time elapsed: 0.712 ms, 712 microsecs, 
>>> kernel (proc) 24 time elapsed: 0.642 ms, 642 microsecs, 
>>> kernel (proc) 25 time elapsed: 0.636 ms, 636 microsecs, 
>>> kernel (proc) 26 time elapsed: 0.746 ms, 746 microsecs, 
>>> kernel (proc) 27 time elapsed: 0.742 ms, 742 microsecs, 
>>> kernel (proc) 28 time elapsed: 0.736 ms, 736 microsecs, 
>>> kernel (proc) 29 time elapsed: 0.666 ms, 666 microsecs, 
>>> kernel (proc) 30 time elapsed: 0.711 ms, 711 microsecs, 
>>> kernel (proc) 31 time elapsed: 0.72 ms, 720 microsecs, 
>>> SUMMARY: kernel (proc) average time elapsed for Iteration 9: 0.56571(0.56571) ms, 0.618903(0.0531935) ms, 0.724097(0.105194) ms, 
>>> goclkernel[actssync]:: running ACTS SYNCHRONZE (Iteration 9)

active partitions for iteration 10: 33, 
>>> goclkernel[actssync]:: running ACTS PROCESS (Iteration 10)...
>>> kernel (proc) 0 time elapsed: 0.567 ms, 567 microsecs, 
>>> kernel (proc) 1 time elapsed: 0.592 ms, 592 microsecs, 
>>> kernel (proc) 2 time elapsed: 0.572 ms, 572 microsecs, 
>>> kernel (proc) 3 time elapsed: 0.572 ms, 572 microsecs, 
>>> kernel (proc) 4 time elapsed: 0.568 ms, 568 microsecs, 
>>> kernel (proc) 5 time elapsed: 0.578 ms, 578 microsecs, 
>>> kernel (proc) 6 time elapsed: 0.57 ms, 570 microsecs, 
>>> kernel (proc) 7 time elapsed: 0.584 ms, 584 microsecs, 
>>> kernel (proc) 8 time elapsed: 0.561 ms, 561 microsecs, 
>>> kernel (proc) 9 time elapsed: 0.528 ms, 528 microsecs, 
>>> kernel (proc) 10 time elapsed: 0.576 ms, 576 microsecs, 
>>> kernel (proc) 11 time elapsed: 0.571 ms, 571 microsecs, 
>>> kernel (proc) 12 time elapsed: 0.577 ms, 577 microsecs, 
>>> kernel (proc) 13 time elapsed: 0.572 ms, 572 microsecs, 
>>> kernel (proc) 14 time elapsed: 0.563 ms, 563 microsecs, 
>>> kernel (proc) 15 time elapsed: 0.562 ms, 562 microsecs, 
>>> kernel (proc) 16 time elapsed: 0.571 ms, 571 microsecs, 
>>> kernel (proc) 17 time elapsed: 0.561 ms, 561 microsecs, 
>>> kernel (proc) 18 time elapsed: 0.56 ms, 560 microsecs, 
>>> kernel (proc) 19 time elapsed: 0.559 ms, 559 microsecs, 
>>> kernel (proc) 20 time elapsed: 0.562 ms, 562 microsecs, 
>>> kernel (proc) 21 time elapsed: 0.579 ms, 579 microsecs, 
>>> kernel (proc) 22 time elapsed: 0.557 ms, 557 microsecs, 
>>> kernel (proc) 23 time elapsed: 0.554 ms, 554 microsecs, 
>>> kernel (proc) 24 time elapsed: 0.56 ms, 560 microsecs, 
>>> kernel (proc) 25 time elapsed: 0.559 ms, 559 microsecs, 
>>> kernel (proc) 26 time elapsed: 0.516 ms, 516 microsecs, 
>>> kernel (proc) 27 time elapsed: 0.522 ms, 522 microsecs, 
>>> kernel (proc) 28 time elapsed: 0.514 ms, 514 microsecs, 
>>> kernel (proc) 29 time elapsed: 0.559 ms, 559 microsecs, 
>>> kernel (proc) 30 time elapsed: 0.523 ms, 523 microsecs, 
>>> kernel (proc) 31 time elapsed: 0.558 ms, 558 microsecs, 
>>> SUMMARY: kernel (proc) average time elapsed for Iteration 10: 0.463645(0.463645) ms, 0.472452(0.00880645) ms, 0.56(0.0875484) ms, 
>>> goclkernel[actssync]:: running ACTS SYNCHRONZE (Iteration 10)

active partitions for iteration 11: 
goclkernel::runapp2: no more active vertices to process. exiting... 
[1m[37m>>> SUMMARY: Total kernel time: 73.0147 ms[0m
0.0145097, 0.246032, 0.0501213, [Iter 0 throughput: 0.0107602]
0.106467, 1.72835, 0.502241, [Iter 1 throughput: 0.0835963]
2.59887, 21.087, 9.57029, [Iter 2 throughput: 1.86326]
189.43, 3405.83, 460.951, [Iter 3 throughput: 129.165]
6524.15, 11012.9, 4581.42, [Iter 4 throughput: 2162.85]
6717.23, 11166.1, 4738.4, [Iter 5 throughput: 2224.85]
679.562, 6380.51, 1682.33, [Iter 6 throughput: 449.908]
20.5032, 622.353, 82.8748, [Iter 7 throughput: 16.0138]
2.27296, 67.7, 18.7078, [Iter 8 throughput: 1.96781]
0.155557, 1.65434, 0.836553, [Iter 9 throughput: 0.121531]
0.00647047, 0.340659, 0.0342668, [Iter 10 throughput: 0.00535714]
>>> app::run_hw: total_edges_processed: 114751558 edges (114 million edges)
>>> app::run_hw: total_time_elapsed: 73.0147 ms (0.0730147 s)
[1m[37m>>> app::run_hw: throughput: 1.57162e+09 edges/sec (1571.62 million edges/sec)[0m

utility::runsssp_sw:: running traditional sssp... 
utility::runsssp_sw: number of active vertices for iteration 0: 0
utility::runsssp_sw: number of active vertices for iteration 1: 4
utility::runsssp_sw: number of active vertices for iteration 2: 23
utility::runsssp_sw: number of active vertices for iteration 3: 1249
utility::runsssp_sw: number of active vertices for iteration 4: 110694
utility::runsssp_sw: number of active vertices for iteration 5: 752777
utility::runsssp_sw: number of active vertices for iteration 6: 194415
utility::runsssp_sw: number of active vertices for iteration 7: 9482
utility::runsssp_sw: number of active vertices for iteration 8: 461
utility::runsssp_sw: number of active vertices for iteration 9: 19
utility::runsssp_sw: number of active vertices for iteration 10: 1
utility::runsssp_sw: number of active vertices for iteration 11: 0
no more activer vertices to process. breaking out... 
>>> utility::runsssp_sw: total_edges_processed: 114751558 edges (114 million edges)
>>> utility::runsssp_sw: total_time_elapsed: 2203 ms (2.203 s)
[1m[37m>>> utility::runsssp_sw: throughput: 5.20888e+07 edges/sec (52.0888 million edges/sec)[0m

app::verifyresults_hw: verifying vertex data... 
utility::printvalues::app::verifyresults_hw.vdatas: verifying results after kernel run:: printing first 16 values
values[0]: 1
values[1]: 4
values[2]: 23
values[3]: 1249
values[4]: 110694
values[5]: 752777
values[6]: 194414
values[7]: 9482
values[8]: 461
values[9]: 19
values[10]: 1
values[11]: 0
values[12]: 0
values[13]: 0
values[14]: 0
values[15]: 0
printvalues:: total values: totalvalues: 1069125
graph::closetemporaryfilesforwriting : close temporary files for writing...
graph::closetemporaryfilesforreading : close files for reading...
graph::closefilesforreading : close files for reading...
=== STATS::TIMING AND SUMMARY RESULTS FOR ITERATION: 666 === 
>>> stats::summary Total number of kvReads in bank [0]: 131561968
>>> stats::summary Total number of kvReads for all threads: 131561968
>>> stats::summary Total time spent (SSD access): 0 milliseconds
>>> stats::summary Total time spent (SSD access): 0 seconds
>>> stats::summary Total time spent (OCL data transfers): 0 milliseconds
>>> stats::summary Total time spent (OCL data transfers): 0 seconds
>>> stats::summary Total time spent (Kernel Pre Process execution): 0 milliseconds
>>> stats::summary Total time spent (Kernel Pre Process execution): 0 seconds
>>> stats::summary Total time spent (Kernel execution): 0 milliseconds
>>> stats::summary Total time spent (Kernel execution): 0 seconds
>>> stats::summary Total time spent (Kernel Post Process execution): 0 milliseconds
>>> stats::summary Total time spent (Kernel Post Process execution): 0 seconds
>>> stats::summary Total time spent (Overall Kernel execution): 0 milliseconds
>>> stats::summary Total time spent (Overall Kernel execution): 0 seconds
>>> stats::summary Total time spent (Overall processing): 0 milliseconds
>>> stats::summary Total time spent (Overall processing): 0 seconds
>>> stats::summary Total time spent (Overall processing excluding SSD & OCL data transfers): 0 milliseconds
>>> stats::summary Total time spent (Overall processing excluding SSD & OCL data transfers): 0 seconds
>>> stats::summary Throughput (Kernel processing): inf keyvalues per second
>>> stats::summary Throughput (Kernel processing): inf million keyvalues per second
>>> stats::summary Throughput (Kernel processing): inf MB/s
>>> stats::summary Throughput (Overall processing): inf keyvalues per second
>>> stats::summary Throughput (Overall processing): inf million keyvalues per second
>>> stats::summary Throughput (Overall processing): inf MB/s
>>> stats::summary Throughput (Overall processing excluding SSD & OCL data transfers): inf keyvalues per second
>>> stats::summary Throughput (Overall processing excluding SSD & OCL data transfers): inf million keyvalues per second

graph::printdataset: printing dataset parameters...
>>> graphtopname: hollywood-2009
>>> graphname: hollywood-2009_dup
>>> graph_path: /localtmp/oj2zf/dataset/hollywood-2009/hollywood-2009.mtx
>>> vertices_path: /localtmp/oj2zf/dataset/hollywood-2009/hollywood-2009.vertices
>>> edges_path: /localtmp/oj2zf/dataset/hollywood-2009/hollywood-2009.edges
>>> vertices_path_bin: /localtmp/oj2zf/dataset/hollywood-2009/hollywood-2009_bin.vertices
>>> edges_path_bin: /localtmp/oj2zf/dataset/hollywood-2009/hollywood-2009_bin.edges
>>> min_vertex: 0
>>> max_vertex: 1139905
>>> num_vertices: 1139905
>>> num_edges: 115031232
>>> graphdirectiontype: 5
>>> graphorder: 6
>>> skewratio: 666
TEST FINISHED
[1m[37m>>> HOSTPROCESS:: TIMING SUMMARY: TOTAL TIME ELAPSED: : Time Elapsed = 415900468465[nanao seconds](Iteration 666)[0m
[1m[37m>>> HOSTPROCESS:: TIMING SUMMARY: TOTAL TIME ELAPSED: : Time Elapsed = 415900468[micro seconds](Iteration 666)[0m
[1m[37m>>> HOSTPROCESS:: TIMING SUMMARY: TOTAL TIME ELAPSED: : Time Elapsed = 415900[milli seconds](Iteration 666)[0m
[1m[37m>>> HOSTPROCESS:: TIMING SUMMARY: TOTAL TIME ELAPSED: : Time Elapsed = 415[seconds](Iteration 666)[0m

