Hostprocess:: Graph Analytics Started...
utility:: USEHBMMEMORY DEFINED
utility:: NUMDRAMBANKS: 4
utility:: NUMWORKERS: 1
utility:: NUMSUBWORKERS: 3
utility:: NUM_PARTITIONS: 16
utility:: NUMSUBCPUTHREADS: 32
utility:: DATAWIDTH: 512
utility:: VECTOR_SIZE: 8
utility:: KVDATA_RANGE: 2097152
utility:: KVDATA_RANGE_POW: 21
utility:: BATCH_RANGE: 2097152
utility:: BATCH_RANGE_POW: 21
utility:: TREE_DEPTH: 3
utility:: KVDATA_RANGE_POW: 21
utility:: KVDATA_RANGE: 2097152
utility:: MESSAGES_SIZE: 1024
utility:: LOCKE DEFINED
utility:: sizeof(keyvalue_t): 8 bytes (64 bits)
utility:: sizeof(vertex_t): 4 bytes (32 bits)
utility:: sizeof(edge_t): 4 bytes (32 bits)
utility:: MESSAGESDRAMSZ: 1024
utility:: VERTEXPTRSSZ: 1114112
utility:: VERTEXPTRSSZ_KVS: 139264
utility:: VERTICESDATASZ: 1048576
utility:: VERTICESDATASZ_KVS: 131072
>> host[baseoffsets]:: BASEOFFSET_MESSAGESDATA: 0
>> host[baseoffsets]:: BASEOFFSET_MESSAGESDATA_KVS: 0
>> host[baseoffsets]:: KVSOURCEDRAMSZ: 33554432
>> host[baseoffsets]:: KVSOURCEDRAMSZ_KVS: 4194304
>> host[baseoffsets]:: PADDEDKVSOURCEDRAMSZ: 33554432
>> host[baseoffsets]:: PADDEDKVSOURCEDRAMSZ_KVS: 4194304
>> host[baseoffsets]:: VDRAMSZ: 33554432
>> host[baseoffsets]:: PADDEDVDRAMSZ: 33554432
>> host[baseoffsets]:: PADDEDVDRAMSZ_KVS: 4194304
>> host[sizes]:: MESSAGESDRAMSZ (keyvalues): 1024 keyvalues
>> host[sizes]:: VERTEXPTRSSZ (keyvalues): 1114112 keyvalues
>> host[sizes]:: VERTICESDATASZ (keyvalues): 1048576 keyvalues
>> host[sizes]:: ACTIVEVERTICESSZ (keyvalues): 0 keyvalues
>> host[sizes]:: VERTICESDATAMASKSZ (keyvalues): 65536 keyvalues
>> host[sizes]:: KVSTATSDRAMSZ (keyvalues): 65536 keyvalues
>> host[sizes]:: PADDEDVDRAMSZ (keyvalues): 33554432 keyvalues
>> host[sizes]:: PADDEDKVSOURCEDRAMSZ (keyvalues): 33554432 keyvalues
>> host[bytes]:: MESSAGESDRAMSZ (bytes): 8192 bytes
>> host[bytes]:: KVSTATSDRAMSZ (bytes): 524288 bytes
>> host[bytes]:: VERTEXPTRSSZ (bytes): 8912896 bytes
>> host[bytes]:: VERTICESDATASZ (bytes): 8388608 bytes
>> host[bytes]:: ACTIVEVERTICESSZ (bytes): 0 bytes
>> host[bytes]:: VERTICESDATAMASKSZ (bytes): 524288 bytes
>> host[bytes]:: PADDEDVDRAMSZ (bytes): 268435456 bytes
>> host[bytes]:: PADDEDKVSOURCEDRAMSZ (bytes): 268435456 bytes
utility:: KVSTATSDRAMSZ: 65536
utility:: NUMLASTLEVELPARTITIONS: 4096
utility:: REDUCESZ_POW: 9
utility:: REDUCESZ: 512
utility:: REDUCEBUFFERSZ: 256
utility:: VMASKBUFFERSZ_KVS: 16
utility:: NUMLASTLEVELPARTITIONS: 4096
utility:: ENABLE_KERNEL_PROFILING DEFINED: 
graph::graph constructor:: datasetid: 31, _numedgebanks: 1
graph::loadalldatasets:: 
graph::loadalldatasets finished. 
graph::printdataset: printing dataset parameters...
>>> graphtopname: hollywood-2009
>>> graphname: hollywood-2009_dup
>>> graph_path: /localtmp/oj2zf/dataset/hollywood-2009/hollywood-2009.mtx
>>> vertices_path: /localtmp/oj2zf/dataset/hollywood-2009/hollywood-2009.vertices
>>> edges_path: /localtmp/oj2zf/dataset/hollywood-2009/hollywood-2009.edges
>>> vertices_path_bin: /localtmp/oj2zf/dataset/hollywood-2009/hollywood-2009_bin.vertices
>>> edges_path_bin: /localtmp/oj2zf/dataset/hollywood-2009/hollywood-2009_bin.edges
>>> min_vertex: 0
>>> max_vertex: 1139905
>>> num_vertices: 1139905
>>> num_edges: 115031232
>>> graphdirectiontype: 5
>>> graphorder: 6
>>> skewratio: 666
app::run_hw:: app algorithm started. 
graph::opentemporaryfilesforwriting : opening temporary files for writing...
Directory already exists.INFO: Successfully opened /localtmp/oj2zf/dataset/hollywood-2009/hollywood-2009_1by1/hollywood-2009_dup.vdata
INFO: Successfully opened /localtmp/oj2zf/dataset/hollywood-2009/hollywood-2009_1by1/hollywood-2009_dup.vproperties
graph::opentemporaryfilesforreading : opening temporary files for reading
INFO: Successfully opened /localtmp/oj2zf/dataset/hollywood-2009/hollywood-2009_1by1/hollywood-2009_dup.vdata
INFO: Successfully opened /localtmp/oj2zf/dataset/hollywood-2009/hollywood-2009_1by1/hollywood-2009_dup.vproperties
generating vertices data... 
graph::openfilesforreading : opening files for reading
INFO: Successfully opened /localtmp/oj2zf/dataset/hollywood-2009/hollywood-2009_1by1/hollywood-2009_dup_0_0.vertexptrs
INFO: Successfully opened /localtmp/oj2zf/dataset/hollywood-2009/hollywood-2009_1by1/hollywood-2009_dup_0_0.vertexptrs
INFO: Successfully opened /localtmp/oj2zf/dataset/hollywood-2009/hollywood-2009_1by1/hollywood-2009_dup_0_0.edges
INFO: Successfully opened /localtmp/oj2zf/dataset/hollywood-2009/hollywood-2009_1by1/hollywood-2009_dup_0_0.edges
loadedges_rowblockwise:: loading Acts... sizes: [[4111312, 4111312, 4111312, 4111312, 4111312, 4111312, 4111312, 4111312, 4111312, 4111312, 4111312, 4111312, 4111312, 4111312, 4111312, 4111312, 4111312, 4111312, 4111312, 4111312, 4111312, 4111312, 4111312, 4111312, 4111312, 4111312, 4111312, 4111312, 4111312, 4111312, 4111312, 4111296]]
loadedges_rowblockwise:: total sizes: 131561968
maxvptr: 4111312
app::loadvertexdata:: loading vertex datas... 
app::setrootvid:: setting root vid(s)... 
app::loadactvvertices:: loading active vertices... 
app::generatevmaskdata:: generating vmask... 
app::loadoffsetmarkers:: loading offset markers... 
app::loadmessages:: loading messages... 
[globalparams.BASEOFFSET_MESSAGESDATA: 0]
[globalparams.BASEOFFSETKVS_MESSAGESDATA: 0]
[globalparams.BASEOFFSET_EDGESDATA: 8192]
[globalparams.BASEOFFSETKVS_EDGESDATA: 1024]
[globalparams.BASEOFFSET_VERTEXPTR: 2129384]
[globalparams.BASEOFFSETKVS_VERTEXPTR: 266173]
[globalparams.BASEOFFSET_VERTICESDATA: 3243496]
[globalparams.BASEOFFSETKVS_VERTICESDATA: 405437]
[globalparams.BASEOFFSET_ACTIVEVERTICES: 4292072]
[globalparams.BASEOFFSETKVS_ACTIVEVERTICES: 536509]
[globalparams.BASEOFFSET_VERTICESDATAMASK: 4292072]
[globalparams.BASEOFFSETKVS_VERTICESDATAMASK: 536509]
[globalparams.BASEOFFSET_VERTICESPARTITIONMASK : 4357608]
[globalparams.BASEOFFSETKVS_VERTICESPARTITIONMASK: 544701]
[globalparams.BASEOFFSET_STATSDRAM: 4361704]
[globalparams.BASEOFFSETKVS_STATSDRAM: 545213]
[globalparams.BASEOFFSET_KVDRAM: 4885992]
[globalparams.BASEOFFSETKVS_KVDRAM: 610749]
[globalparams.BASEOFFSET_KVDRAMWORKSPACE: 8997896]
[globalparams.BASEOFFSETKVS_KVDRAMWORKSPACE: 1124737]
[globalparams.SIZE_MESSAGESDRAM: 0]
[globalparams.SIZE_EDGES: 4112312]
[globalparams.SIZE_VERTEXPTRS: 2097152]
[globalparams.SIZE_VERTICESDATA: 2097152]
[globalparams.SIZE_ACTIVEVERTICES: 0]
[globalparams.SIZE_VERTICESDATAMASK: 65536]
[globalparams.SIZE_KVSTATSDRAM: 65536]
[globalparams.SIZE_KVDRAM: 4111904]
[globalparams.SIZE_KVDRAMWORKSPACE: 4111904]
[1m[37m>> host[sizes]:: PADDEDKVSOURCEDRAMSZ (keyvalues): 33554432 keyvalues[0m
[1m[37m>> host[bytes]:: PADDEDKVSOURCEDRAMSZ (bytes): 268435456 bytes[0m
[1m[37m>> host[sizes]:: valid PADDEDKVSOURCEDRAMSZ (keyvalues): 13109800 keyvalues[0m
[1m[37m>> host[bytes]:: valid PADDEDKVSOURCEDRAMSZ (bytes): 104878400 bytes. (HBM max=268435456 bytes)[0m
loadmessages:: loading Acts... sizes: [[4111312, 4111312, 4111312, 4111312, 4111312, 4111312, 4111312, 4111312, 4111312, 4111312, 4111312, 4111312, 4111312, 4111312, 4111312, 4111312, 4111312, 4111312, 4111312, 4111312, 4111312, 4111312, 4111312, 4111312, 4111312, 4111312, 4111312, 4111312, 4111312, 4111312, 4111312, 4111296]]
loadmessages:: total sizes: 131561968
app::appendkeyvaluecount:: appending value count... 
app::experiements: resetting kvdram & kvdram workspaces...

utility::runsssp_sw:: running traditional sssp... 
utility::runsssp_sw: number of active vertices for iteration 0: 0
utility::runsssp_sw: number of active vertices for iteration 1: 4
utility::runsssp_sw: number of active vertices for iteration 2: 23
utility::runsssp_sw: number of active vertices for iteration 3: 1249
utility::runsssp_sw: number of active vertices for iteration 4: 110694
utility::runsssp_sw: number of active vertices for iteration 5: 752777
utility::runsssp_sw: number of active vertices for iteration 6: 194415
utility::runsssp_sw: number of active vertices for iteration 7: 9482
utility::runsssp_sw: number of active vertices for iteration 8: 461
utility::runsssp_sw: number of active vertices for iteration 9: 19
utility::runsssp_sw: number of active vertices for iteration 10: 1
utility::runsssp_sw: number of active vertices for iteration 11: 0
no more activer vertices to process. breaking out... 
>>> utility::runsssp_sw: total_edges_processed: 114751558 edges (114 million edges)
>>> utility::runsssp_sw: total_time_elapsed: 1421 ms (1.421 s)
[1m[37m>>> utility::runsssp_sw: throughput: 8.07541e+07 edges/sec (80.7541 million edges/sec)[0m

[1m[37m>>> app::run_hw: app started. (1 active vertices)[0m
Found Platform
Platform Name: Xilinx
Found Device=xilinx_u280_xdma_201910_1
INFO: Reading /home/oj2zf/Documents/ActsOfAGraph/synkernels/goldenkernelprocsssp32HW60MHz.xclbin
Loading: '/home/oj2zf/Documents/ActsOfAGraph/synkernels/goldenkernelprocsssp32HW60MHz.xclbin'
INFO: Reading /home/oj2zf/Documents/ActsOfAGraph/synkernels/goldenkernelsync32HW60MHz.xclbin
Loading: '/home/oj2zf/Documents/ActsOfAGraph/synkernels/goldenkernelsync32HW60MHz.xclbin'
>>> goclkernel[actssync]:: running ACTS PROCESS (Iteration 0)...
>>> kernel (proc) 0 time elapsed: 0.834 ms, 834 microsecs, 
>>> kernel (proc) 1 time elapsed: 0.779 ms, 779 microsecs, 
>>> kernel (proc) 2 time elapsed: 0.736 ms, 736 microsecs, 
>>> kernel (proc) 3 time elapsed: 0.778 ms, 778 microsecs, 
>>> kernel (proc) 4 time elapsed: 0.856 ms, 856 microsecs, 
>>> kernel (proc) 5 time elapsed: 0.792 ms, 792 microsecs, 
>>> kernel (proc) 6 time elapsed: 0.831 ms, 831 microsecs, 
>>> kernel (proc) 7 time elapsed: 0.851 ms, 851 microsecs, 
>>> kernel (proc) 8 time elapsed: 0.83 ms, 830 microsecs, 
>>> kernel (proc) 9 time elapsed: 0.838 ms, 838 microsecs, 
>>> kernel (proc) 10 time elapsed: 0.817 ms, 817 microsecs, 
>>> kernel (proc) 11 time elapsed: 0.893 ms, 893 microsecs, 
>>> kernel (proc) 12 time elapsed: 0.843 ms, 843 microsecs, 
>>> kernel (proc) 13 time elapsed: 0.841 ms, 841 microsecs, 
>>> kernel (proc) 14 time elapsed: 0.843 ms, 843 microsecs, 
>>> kernel (proc) 15 time elapsed: 0.791 ms, 791 microsecs, 
>>> kernel (proc) 16 time elapsed: 0.835 ms, 835 microsecs, 
>>> kernel (proc) 17 time elapsed: 0.842 ms, 842 microsecs, 
>>> kernel (proc) 18 time elapsed: 0.837 ms, 837 microsecs, 
>>> kernel (proc) 19 time elapsed: 0.838 ms, 838 microsecs, 
>>> kernel (proc) 20 time elapsed: 0.851 ms, 851 microsecs, 
>>> kernel (proc) 21 time elapsed: 0.858 ms, 858 microsecs, 
>>> kernel (proc) 22 time elapsed: 0.839 ms, 839 microsecs, 
>>> kernel (proc) 23 time elapsed: 0.851 ms, 851 microsecs, 
>>> kernel (proc) 24 time elapsed: 0.838 ms, 838 microsecs, 
>>> kernel (proc) 25 time elapsed: 0.789 ms, 789 microsecs, 
>>> kernel (proc) 26 time elapsed: 0.786 ms, 786 microsecs, 
>>> kernel (proc) 27 time elapsed: 0.836 ms, 836 microsecs, 
>>> kernel (proc) 28 time elapsed: 0.855 ms, 855 microsecs, 
>>> kernel (proc) 29 time elapsed: 0.84 ms, 840 microsecs, 
>>> kernel (proc) 30 time elapsed: 0.84 ms, 840 microsecs, 
>>> kernel (proc) 31 time elapsed: 0.783 ms, 783 microsecs, 
>>> SUMMARY: kernel (proc) average time elapsed for Iteration 0: 0.505968(0.505968) ms, 0.532677(0.0267097) ms, 0.827(0.294323) ms, 
>>> goclkernel[actssync]:: running ACTS SYNCHRONZE (Iteration 0)

active partitions for iteration 1: 0, 26, 
>>> goclkernel[actssync]:: running ACTS PROCESS (Iteration 1)...
>>> kernel (proc) 0 time elapsed: 0.885 ms, 885 microsecs, 
>>> kernel (proc) 1 time elapsed: 1.139 ms, 1139 microsecs, 
>>> kernel (proc) 2 time elapsed: 1.074 ms, 1074 microsecs, 
>>> kernel (proc) 3 time elapsed: 0.982 ms, 982 microsecs, 
>>> kernel (proc) 4 time elapsed: 0.795 ms, 795 microsecs, 
>>> kernel (proc) 5 time elapsed: 0.741 ms, 741 microsecs, 
>>> kernel (proc) 6 time elapsed: 0.859 ms, 859 microsecs, 
>>> kernel (proc) 7 time elapsed: 0.863 ms, 863 microsecs, 
>>> kernel (proc) 8 time elapsed: 0.857 ms, 857 microsecs, 
>>> kernel (proc) 9 time elapsed: 0.925 ms, 925 microsecs, 
>>> kernel (proc) 10 time elapsed: 0.877 ms, 877 microsecs, 
>>> kernel (proc) 11 time elapsed: 0.85 ms, 850 microsecs, 
>>> kernel (proc) 12 time elapsed: 0.851 ms, 851 microsecs, 
>>> kernel (proc) 13 time elapsed: 0.855 ms, 855 microsecs, 
>>> kernel (proc) 14 time elapsed: 0.855 ms, 855 microsecs, 
>>> kernel (proc) 15 time elapsed: 0.858 ms, 858 microsecs, 
>>> kernel (proc) 16 time elapsed: 0.872 ms, 872 microsecs, 
>>> kernel (proc) 17 time elapsed: 0.892 ms, 892 microsecs, 
>>> kernel (proc) 18 time elapsed: 0.761 ms, 761 microsecs, 
>>> kernel (proc) 19 time elapsed: 0.755 ms, 755 microsecs, 
>>> kernel (proc) 20 time elapsed: 0.686 ms, 686 microsecs, 
>>> kernel (proc) 21 time elapsed: 0.861 ms, 861 microsecs, 
>>> kernel (proc) 22 time elapsed: 0.861 ms, 861 microsecs, 
>>> kernel (proc) 23 time elapsed: 0.863 ms, 863 microsecs, 
>>> kernel (proc) 24 time elapsed: 0.811 ms, 811 microsecs, 
>>> kernel (proc) 25 time elapsed: 0.911 ms, 911 microsecs, 
>>> kernel (proc) 26 time elapsed: 0.847 ms, 847 microsecs, 
>>> kernel (proc) 27 time elapsed: 0.769 ms, 769 microsecs, 
>>> kernel (proc) 28 time elapsed: 0.716 ms, 716 microsecs, 
>>> kernel (proc) 29 time elapsed: 0.866 ms, 866 microsecs, 
>>> kernel (proc) 30 time elapsed: 0.842 ms, 842 microsecs, 
>>> kernel (proc) 31 time elapsed: 0.871 ms, 871 microsecs, 
>>> SUMMARY: kernel (proc) average time elapsed for Iteration 1: 0.546935(0.546935) ms, 0.586516(0.0395806) ms, 0.856935(0.270419) ms, 
>>> goclkernel[actssync]:: running ACTS SYNCHRONZE (Iteration 1)

active partitions for iteration 2: 0, 1, 9, 14, 26, 40, 47, 73, 121, 
>>> goclkernel[actssync]:: running ACTS PROCESS (Iteration 2)...
>>> kernel (proc) 0 time elapsed: 2.642 ms, 2642 microsecs, 
>>> kernel (proc) 1 time elapsed: 2.825 ms, 2825 microsecs, 
>>> kernel (proc) 2 time elapsed: 2.544 ms, 2544 microsecs, 
>>> kernel (proc) 3 time elapsed: 2.515 ms, 2515 microsecs, 
>>> kernel (proc) 4 time elapsed: 2.699 ms, 2699 microsecs, 
>>> kernel (proc) 5 time elapsed: 2.26 ms, 2260 microsecs, 
>>> kernel (proc) 6 time elapsed: 2.686 ms, 2686 microsecs, 
>>> kernel (proc) 7 time elapsed: 3.016 ms, 3016 microsecs, 
>>> kernel (proc) 8 time elapsed: 2.887 ms, 2887 microsecs, 
>>> kernel (proc) 9 time elapsed: 2.804 ms, 2804 microsecs, 
>>> kernel (proc) 10 time elapsed: 2.687 ms, 2687 microsecs, 
>>> kernel (proc) 11 time elapsed: 2.491 ms, 2491 microsecs, 
>>> kernel (proc) 12 time elapsed: 2.741 ms, 2741 microsecs, 
>>> kernel (proc) 13 time elapsed: 2.707 ms, 2707 microsecs, 
>>> kernel (proc) 14 time elapsed: 2.492 ms, 2492 microsecs, 
>>> kernel (proc) 15 time elapsed: 2.196 ms, 2196 microsecs, 
>>> kernel (proc) 16 time elapsed: 2.692 ms, 2692 microsecs, 
>>> kernel (proc) 17 time elapsed: 2.716 ms, 2716 microsecs, 
>>> kernel (proc) 18 time elapsed: 2.396 ms, 2396 microsecs, 
>>> kernel (proc) 19 time elapsed: 2.358 ms, 2358 microsecs, 
>>> kernel (proc) 20 time elapsed: 2.479 ms, 2479 microsecs, 
>>> kernel (proc) 21 time elapsed: 2.459 ms, 2459 microsecs, 
>>> kernel (proc) 22 time elapsed: 2.4 ms, 2400 microsecs, 
>>> kernel (proc) 23 time elapsed: 2.567 ms, 2567 microsecs, 
>>> kernel (proc) 24 time elapsed: 2.901 ms, 2901 microsecs, 
>>> kernel (proc) 25 time elapsed: 2.615 ms, 2615 microsecs, 
>>> kernel (proc) 26 time elapsed: 2.398 ms, 2398 microsecs, 
>>> kernel (proc) 27 time elapsed: 2.673 ms, 2673 microsecs, 
>>> kernel (proc) 28 time elapsed: 2.626 ms, 2626 microsecs, 
>>> kernel (proc) 29 time elapsed: 2.68 ms, 2680 microsecs, 
>>> kernel (proc) 30 time elapsed: 2.448 ms, 2448 microsecs, 
>>> kernel (proc) 31 time elapsed: 2.638 ms, 2638 microsecs, 
>>> SUMMARY: kernel (proc) average time elapsed for Iteration 2: 1.87694(1.87694) ms, 2.00071(0.123774) ms, 2.59987(0.599161) ms, 
>>> goclkernel[actssync]:: running ACTS SYNCHRONZE (Iteration 2)

active partitions for iteration 3: 0, 1, 3, 4, 7, 9, 10, 14, 15, 19, 22, 24, 26, 28, 29, 30, 31, 33, 34, 35, 36, 37, 38, 40, 41, 43, 44, 45, 47, 48, 49, 50, 51, 52, 53, 56, 58, 59, 61, 63, 65, 67, 68, 69, 70, 71, 72, 73, 74, 75, 76, 77, 79, 82, 83, 85, 87, 90, 95, 96, 97, 100, 102, 103, 104, 107, 108, 110, 111, 113, 114, 115, 116, 117, 120, 121, 123, 124, 125, 126, 
>>> goclkernel[actssync]:: running ACTS PROCESS (Iteration 3)...
>>> kernel (proc) 0 time elapsed: 15.177 ms, 15177 microsecs, 
>>> kernel (proc) 1 time elapsed: 15.033 ms, 15033 microsecs, 
>>> kernel (proc) 2 time elapsed: 15.111 ms, 15111 microsecs, 
>>> kernel (proc) 3 time elapsed: 15.093 ms, 15093 microsecs, 
>>> kernel (proc) 4 time elapsed: 15.166 ms, 15166 microsecs, 
>>> kernel (proc) 5 time elapsed: 15.173 ms, 15173 microsecs, 
>>> kernel (proc) 6 time elapsed: 15.063 ms, 15063 microsecs, 
>>> kernel (proc) 7 time elapsed: 15.169 ms, 15169 microsecs, 
>>> kernel (proc) 8 time elapsed: 15.116 ms, 15116 microsecs, 
>>> kernel (proc) 9 time elapsed: 15.146 ms, 15146 microsecs, 
>>> kernel (proc) 10 time elapsed: 15.041 ms, 15041 microsecs, 
>>> kernel (proc) 11 time elapsed: 15.172 ms, 15172 microsecs, 
>>> kernel (proc) 12 time elapsed: 15.144 ms, 15144 microsecs, 
>>> kernel (proc) 13 time elapsed: 15.086 ms, 15086 microsecs, 
>>> kernel (proc) 14 time elapsed: 15.087 ms, 15087 microsecs, 
>>> kernel (proc) 15 time elapsed: 15.107 ms, 15107 microsecs, 
>>> kernel (proc) 16 time elapsed: 15.088 ms, 15088 microsecs, 
>>> kernel (proc) 17 time elapsed: 14.989 ms, 14989 microsecs, 
>>> kernel (proc) 18 time elapsed: 15.157 ms, 15157 microsecs, 
>>> kernel (proc) 19 time elapsed: 15.029 ms, 15029 microsecs, 
>>> kernel (proc) 20 time elapsed: 15.144 ms, 15144 microsecs, 
>>> kernel (proc) 21 time elapsed: 15.072 ms, 15072 microsecs, 
>>> kernel (proc) 22 time elapsed: 15.094 ms, 15094 microsecs, 
>>> kernel (proc) 23 time elapsed: 15.16 ms, 15160 microsecs, 
>>> kernel (proc) 24 time elapsed: 14.976 ms, 14976 microsecs, 
>>> kernel (proc) 25 time elapsed: 15.159 ms, 15159 microsecs, 
>>> kernel (proc) 26 time elapsed: 15.047 ms, 15047 microsecs, 
>>> kernel (proc) 27 time elapsed: 15.046 ms, 15046 microsecs, 
>>> kernel (proc) 28 time elapsed: 15.031 ms, 15031 microsecs, 
>>> kernel (proc) 29 time elapsed: 15.152 ms, 15152 microsecs, 
>>> kernel (proc) 30 time elapsed: 15.114 ms, 15114 microsecs, 
>>> kernel (proc) 31 time elapsed: 15.131 ms, 15131 microsecs, 
>>> SUMMARY: kernel (proc) average time elapsed for Iteration 3: 9.99758(9.99758) ms, 10.5343(0.53671) ms, 15.0999(4.56558) ms, 
>>> goclkernel[actssync]:: running ACTS SYNCHRONZE (Iteration 3)

active partitions for iteration 4: 0, 1, 2, 3, 4, 5, 6, 7, 8, 9, 10, 11, 12, 13, 14, 15, 16, 17, 18, 19, 20, 21, 22, 23, 24, 25, 26, 27, 28, 29, 30, 31, 32, 33, 34, 35, 36, 37, 38, 39, 40, 41, 42, 43, 44, 45, 46, 47, 48, 49, 50, 51, 52, 53, 54, 55, 56, 57, 58, 59, 60, 61, 62, 63, 64, 65, 66, 67, 68, 69, 70, 71, 72, 73, 74, 75, 76, 77, 78, 79, 80, 81, 82, 83, 84, 85, 86, 87, 88, 89, 90, 91, 92, 93, 94, 95, 96, 97, 98, 99, 100, 101, 102, 103, 104, 105, 106, 107, 108, 109, 110, 111, 112, 113, 114, 115, 116, 117, 118, 119, 120, 121, 122, 123, 124, 125, 126, 127, 128, 129, 130, 
>>> goclkernel[actssync]:: running ACTS PROCESS (Iteration 4)...
>>> kernel (proc) 0 time elapsed: 81.913 ms, 81913 microsecs, 
>>> kernel (proc) 1 time elapsed: 81.891 ms, 81891 microsecs, 
>>> kernel (proc) 2 time elapsed: 81.914 ms, 81914 microsecs, 
>>> kernel (proc) 3 time elapsed: 81.921 ms, 81921 microsecs, 
>>> kernel (proc) 4 time elapsed: 81.949 ms, 81949 microsecs, 
>>> kernel (proc) 5 time elapsed: 82.007 ms, 82007 microsecs, 
>>> kernel (proc) 6 time elapsed: 81.928 ms, 81928 microsecs, 
>>> kernel (proc) 7 time elapsed: 81.952 ms, 81952 microsecs, 
>>> kernel (proc) 8 time elapsed: 81.844 ms, 81844 microsecs, 
>>> kernel (proc) 9 time elapsed: 81.843 ms, 81843 microsecs, 
>>> kernel (proc) 10 time elapsed: 82.015 ms, 82015 microsecs, 
>>> kernel (proc) 11 time elapsed: 81.983 ms, 81983 microsecs, 
>>> kernel (proc) 12 time elapsed: 81.915 ms, 81915 microsecs, 
>>> kernel (proc) 13 time elapsed: 81.945 ms, 81945 microsecs, 
>>> kernel (proc) 14 time elapsed: 81.91 ms, 81910 microsecs, 
>>> kernel (proc) 15 time elapsed: 81.994 ms, 81994 microsecs, 
>>> kernel (proc) 16 time elapsed: 81.895 ms, 81895 microsecs, 
>>> kernel (proc) 17 time elapsed: 81.875 ms, 81875 microsecs, 
>>> kernel (proc) 18 time elapsed: 81.808 ms, 81808 microsecs, 
>>> kernel (proc) 19 time elapsed: 81.806 ms, 81806 microsecs, 
>>> kernel (proc) 20 time elapsed: 81.886 ms, 81886 microsecs, 
>>> kernel (proc) 21 time elapsed: 81.945 ms, 81945 microsecs, 
>>> kernel (proc) 22 time elapsed: 81.897 ms, 81897 microsecs, 
>>> kernel (proc) 23 time elapsed: 81.946 ms, 81946 microsecs, 
>>> kernel (proc) 24 time elapsed: 81.999 ms, 81999 microsecs, 
>>> kernel (proc) 25 time elapsed: 81.697 ms, 81697 microsecs, 
>>> kernel (proc) 26 time elapsed: 81.726 ms, 81726 microsecs, 
>>> kernel (proc) 27 time elapsed: 81.756 ms, 81756 microsecs, 
>>> kernel (proc) 28 time elapsed: 81.825 ms, 81825 microsecs, 
>>> kernel (proc) 29 time elapsed: 81.859 ms, 81859 microsecs, 
>>> kernel (proc) 30 time elapsed: 81.851 ms, 81851 microsecs, 
>>> kernel (proc) 31 time elapsed: 81.84 ms, 81840 microsecs, 
>>> SUMMARY: kernel (proc) average time elapsed for Iteration 4: 28.1304(28.1304) ms, 46.6207(18.4903) ms, 81.891(35.2703) ms, 
>>> goclkernel[actssync]:: running ACTS SYNCHRONZE (Iteration 4)

active partitions for iteration 5: 0, 1, 2, 3, 4, 5, 6, 7, 8, 9, 10, 11, 12, 13, 14, 15, 16, 17, 18, 19, 20, 21, 22, 23, 24, 25, 26, 27, 28, 29, 30, 31, 32, 33, 34, 35, 36, 37, 38, 39, 40, 41, 42, 43, 44, 45, 46, 47, 48, 49, 50, 51, 52, 53, 54, 55, 56, 57, 58, 59, 60, 61, 62, 63, 64, 65, 66, 67, 68, 69, 70, 71, 72, 73, 74, 75, 76, 77, 78, 79, 80, 81, 82, 83, 84, 85, 86, 87, 88, 89, 90, 91, 92, 93, 94, 95, 96, 97, 98, 99, 100, 101, 102, 103, 104, 105, 106, 107, 108, 109, 110, 111, 112, 113, 114, 115, 116, 117, 118, 119, 120, 121, 122, 123, 124, 125, 126, 127, 128, 129, 130, 
>>> goclkernel[actssync]:: running ACTS PROCESS (Iteration 5)...
>>> kernel (proc) 0 time elapsed: 88.481 ms, 88481 microsecs, 
>>> kernel (proc) 1 time elapsed: 88.399 ms, 88399 microsecs, 
>>> kernel (proc) 2 time elapsed: 88.558 ms, 88558 microsecs, 
>>> kernel (proc) 3 time elapsed: 88.624 ms, 88624 microsecs, 
>>> kernel (proc) 4 time elapsed: 88.53 ms, 88530 microsecs, 
>>> kernel (proc) 5 time elapsed: 88.637 ms, 88637 microsecs, 
>>> kernel (proc) 6 time elapsed: 88.599 ms, 88599 microsecs, 
>>> kernel (proc) 7 time elapsed: 88.55 ms, 88550 microsecs, 
>>> kernel (proc) 8 time elapsed: 88.491 ms, 88491 microsecs, 
>>> kernel (proc) 9 time elapsed: 88.536 ms, 88536 microsecs, 
>>> kernel (proc) 10 time elapsed: 88.524 ms, 88524 microsecs, 
>>> kernel (proc) 11 time elapsed: 88.527 ms, 88527 microsecs, 
>>> kernel (proc) 12 time elapsed: 88.695 ms, 88695 microsecs, 
>>> kernel (proc) 13 time elapsed: 88.576 ms, 88576 microsecs, 
>>> kernel (proc) 14 time elapsed: 88.475 ms, 88475 microsecs, 
>>> kernel (proc) 15 time elapsed: 88.573 ms, 88573 microsecs, 
>>> kernel (proc) 16 time elapsed: 88.706 ms, 88706 microsecs, 
>>> kernel (proc) 17 time elapsed: 88.688 ms, 88688 microsecs, 
>>> kernel (proc) 18 time elapsed: 88.638 ms, 88638 microsecs, 
>>> kernel (proc) 19 time elapsed: 88.691 ms, 88691 microsecs, 
>>> kernel (proc) 20 time elapsed: 88.479 ms, 88479 microsecs, 
>>> kernel (proc) 21 time elapsed: 88.59 ms, 88590 microsecs, 
>>> kernel (proc) 22 time elapsed: 88.561 ms, 88561 microsecs, 
>>> kernel (proc) 23 time elapsed: 88.449 ms, 88449 microsecs, 
>>> kernel (proc) 24 time elapsed: 88.539 ms, 88539 microsecs, 
>>> kernel (proc) 25 time elapsed: 88.575 ms, 88575 microsecs, 
>>> kernel (proc) 26 time elapsed: 88.579 ms, 88579 microsecs, 
>>> kernel (proc) 27 time elapsed: 88.487 ms, 88487 microsecs, 
>>> kernel (proc) 28 time elapsed: 88.453 ms, 88453 microsecs, 
>>> kernel (proc) 29 time elapsed: 88.555 ms, 88555 microsecs, 
>>> kernel (proc) 30 time elapsed: 88.496 ms, 88496 microsecs, 
>>> kernel (proc) 31 time elapsed: 88.452 ms, 88452 microsecs, 
>>> SUMMARY: kernel (proc) average time elapsed for Iteration 5: 30.8387(30.8387) ms, 50.9254(20.0867) ms, 88.5559(37.6305) ms, 
>>> goclkernel[actssync]:: running ACTS SYNCHRONZE (Iteration 5)

active partitions for iteration 6: 0, 1, 2, 3, 4, 5, 6, 7, 8, 9, 10, 11, 12, 13, 14, 15, 16, 17, 18, 19, 20, 21, 22, 23, 24, 25, 26, 27, 28, 29, 30, 31, 32, 33, 34, 35, 36, 37, 38, 39, 40, 41, 42, 43, 44, 45, 46, 47, 48, 49, 50, 51, 52, 53, 54, 55, 56, 57, 58, 59, 60, 61, 62, 63, 64, 65, 66, 67, 68, 69, 70, 71, 72, 73, 74, 75, 76, 77, 78, 79, 80, 81, 82, 83, 84, 85, 86, 87, 88, 89, 90, 91, 92, 93, 94, 95, 97, 98, 99, 100, 101, 102, 103, 104, 105, 106, 107, 108, 109, 110, 111, 112, 113, 114, 115, 116, 117, 118, 119, 120, 121, 122, 123, 124, 125, 126, 127, 128, 129, 130, 
>>> goclkernel[actssync]:: running ACTS PROCESS (Iteration 6)...
>>> kernel (proc) 0 time elapsed: 21.96 ms, 21960 microsecs, 
>>> kernel (proc) 1 time elapsed: 21.991 ms, 21991 microsecs, 
>>> kernel (proc) 2 time elapsed: 21.916 ms, 21916 microsecs, 
>>> kernel (proc) 3 time elapsed: 21.964 ms, 21964 microsecs, 
>>> kernel (proc) 4 time elapsed: 21.913 ms, 21913 microsecs, 
>>> kernel (proc) 5 time elapsed: 21.854 ms, 21854 microsecs, 
>>> kernel (proc) 6 time elapsed: 21.818 ms, 21818 microsecs, 
>>> kernel (proc) 7 time elapsed: 21.865 ms, 21865 microsecs, 
>>> kernel (proc) 8 time elapsed: 21.93 ms, 21930 microsecs, 
>>> kernel (proc) 9 time elapsed: 21.897 ms, 21897 microsecs, 
>>> kernel (proc) 10 time elapsed: 21.919 ms, 21919 microsecs, 
>>> kernel (proc) 11 time elapsed: 21.889 ms, 21889 microsecs, 
>>> kernel (proc) 12 time elapsed: 21.815 ms, 21815 microsecs, 
>>> kernel (proc) 13 time elapsed: 21.807 ms, 21807 microsecs, 
>>> kernel (proc) 14 time elapsed: 21.794 ms, 21794 microsecs, 
>>> kernel (proc) 15 time elapsed: 21.834 ms, 21834 microsecs, 
>>> kernel (proc) 16 time elapsed: 21.767 ms, 21767 microsecs, 
>>> kernel (proc) 17 time elapsed: 21.743 ms, 21743 microsecs, 
>>> kernel (proc) 18 time elapsed: 21.723 ms, 21723 microsecs, 
>>> kernel (proc) 19 time elapsed: 21.817 ms, 21817 microsecs, 
>>> kernel (proc) 20 time elapsed: 21.788 ms, 21788 microsecs, 
>>> kernel (proc) 21 time elapsed: 21.864 ms, 21864 microsecs, 
>>> kernel (proc) 22 time elapsed: 21.833 ms, 21833 microsecs, 
>>> kernel (proc) 23 time elapsed: 21.794 ms, 21794 microsecs, 
>>> kernel (proc) 24 time elapsed: 21.793 ms, 21793 microsecs, 
>>> kernel (proc) 25 time elapsed: 21.983 ms, 21983 microsecs, 
>>> kernel (proc) 26 time elapsed: 21.978 ms, 21978 microsecs, 
>>> kernel (proc) 27 time elapsed: 21.957 ms, 21957 microsecs, 
>>> kernel (proc) 28 time elapsed: 21.936 ms, 21936 microsecs, 
>>> kernel (proc) 29 time elapsed: 22.021 ms, 22021 microsecs, 
>>> kernel (proc) 30 time elapsed: 21.837 ms, 21837 microsecs, 
>>> kernel (proc) 31 time elapsed: 21.953 ms, 21953 microsecs, 
>>> SUMMARY: kernel (proc) average time elapsed for Iteration 6: 14.0555(14.0555) ms, 15.7727(1.71719) ms, 21.8707(6.098) ms, 
>>> goclkernel[actssync]:: running ACTS SYNCHRONZE (Iteration 6)

active partitions for iteration 7: 0, 1, 2, 3, 4, 5, 6, 7, 8, 9, 10, 11, 12, 13, 14, 15, 16, 17, 18, 19, 20, 21, 22, 23, 24, 25, 26, 27, 28, 29, 30, 31, 32, 33, 34, 35, 36, 37, 38, 39, 40, 41, 42, 43, 44, 45, 46, 47, 48, 49, 50, 51, 52, 53, 54, 55, 56, 57, 60, 61, 62, 63, 64, 65, 66, 67, 68, 69, 70, 71, 72, 74, 76, 77, 78, 79, 80, 81, 82, 83, 84, 85, 86, 87, 88, 89, 90, 91, 92, 93, 94, 97, 98, 99, 100, 101, 102, 103, 104, 105, 106, 107, 108, 109, 110, 111, 112, 113, 114, 115, 116, 117, 118, 119, 120, 121, 122, 123, 125, 126, 127, 128, 129, 130, 
>>> goclkernel[actssync]:: running ACTS PROCESS (Iteration 7)...
>>> kernel (proc) 0 time elapsed: 14.009 ms, 14009 microsecs, 
>>> kernel (proc) 1 time elapsed: 13.855 ms, 13855 microsecs, 
>>> kernel (proc) 2 time elapsed: 13.814 ms, 13814 microsecs, 
>>> kernel (proc) 3 time elapsed: 13.661 ms, 13661 microsecs, 
>>> kernel (proc) 4 time elapsed: 13.967 ms, 13967 microsecs, 
>>> kernel (proc) 5 time elapsed: 13.665 ms, 13665 microsecs, 
>>> kernel (proc) 6 time elapsed: 13.763 ms, 13763 microsecs, 
>>> kernel (proc) 7 time elapsed: 13.751 ms, 13751 microsecs, 
>>> kernel (proc) 8 time elapsed: 13.862 ms, 13862 microsecs, 
>>> kernel (proc) 9 time elapsed: 13.9 ms, 13900 microsecs, 
>>> kernel (proc) 10 time elapsed: 13.932 ms, 13932 microsecs, 
>>> kernel (proc) 11 time elapsed: 13.875 ms, 13875 microsecs, 
>>> kernel (proc) 12 time elapsed: 13.793 ms, 13793 microsecs, 
>>> kernel (proc) 13 time elapsed: 13.747 ms, 13747 microsecs, 
>>> kernel (proc) 14 time elapsed: 13.759 ms, 13759 microsecs, 
>>> kernel (proc) 15 time elapsed: 13.962 ms, 13962 microsecs, 
>>> kernel (proc) 16 time elapsed: 13.991 ms, 13991 microsecs, 
>>> kernel (proc) 17 time elapsed: 13.908 ms, 13908 microsecs, 
>>> kernel (proc) 18 time elapsed: 13.568 ms, 13568 microsecs, 
>>> kernel (proc) 19 time elapsed: 13.639 ms, 13639 microsecs, 
>>> kernel (proc) 20 time elapsed: 13.753 ms, 13753 microsecs, 
>>> kernel (proc) 21 time elapsed: 13.619 ms, 13619 microsecs, 
>>> kernel (proc) 22 time elapsed: 13.936 ms, 13936 microsecs, 
>>> kernel (proc) 23 time elapsed: 13.772 ms, 13772 microsecs, 
>>> kernel (proc) 24 time elapsed: 13.806 ms, 13806 microsecs, 
>>> kernel (proc) 25 time elapsed: 13.751 ms, 13751 microsecs, 
>>> kernel (proc) 26 time elapsed: 13.82 ms, 13820 microsecs, 
>>> kernel (proc) 27 time elapsed: 13.756 ms, 13756 microsecs, 
>>> kernel (proc) 28 time elapsed: 13.847 ms, 13847 microsecs, 
>>> kernel (proc) 29 time elapsed: 13.967 ms, 13967 microsecs, 
>>> kernel (proc) 30 time elapsed: 13.797 ms, 13797 microsecs, 
>>> kernel (proc) 31 time elapsed: 13.878 ms, 13878 microsecs, 
>>> SUMMARY: kernel (proc) average time elapsed for Iteration 7: 10.6875(10.6875) ms, 10.9497(0.262194) ms, 13.8101(2.86042) ms, 
>>> goclkernel[actssync]:: running ACTS SYNCHRONZE (Iteration 7)

active partitions for iteration 8: 0, 1, 2, 3, 4, 5, 6, 7, 8, 9, 10, 11, 12, 13, 14, 15, 16, 17, 18, 19, 20, 21, 26, 27, 28, 31, 32, 33, 34, 38, 39, 40, 43, 44, 46, 48, 49, 50, 52, 53, 61, 62, 63, 64, 67, 69, 70, 76, 77, 105, 107, 117, 118, 119, 120, 121, 127, 128, 129, 130, 
>>> goclkernel[actssync]:: running ACTS PROCESS (Iteration 8)...
>>> kernel (proc) 0 time elapsed: 5.552 ms, 5552 microsecs, 
>>> kernel (proc) 1 time elapsed: 5.487 ms, 5487 microsecs, 
>>> kernel (proc) 2 time elapsed: 5.458 ms, 5458 microsecs, 
>>> kernel (proc) 3 time elapsed: 5.523 ms, 5523 microsecs, 
>>> kernel (proc) 4 time elapsed: 5.612 ms, 5612 microsecs, 
>>> kernel (proc) 5 time elapsed: 5.485 ms, 5485 microsecs, 
>>> kernel (proc) 6 time elapsed: 5.447 ms, 5447 microsecs, 
>>> kernel (proc) 7 time elapsed: 5.582 ms, 5582 microsecs, 
>>> kernel (proc) 8 time elapsed: 5.588 ms, 5588 microsecs, 
>>> kernel (proc) 9 time elapsed: 5.536 ms, 5536 microsecs, 
>>> kernel (proc) 10 time elapsed: 5.554 ms, 5554 microsecs, 
>>> kernel (proc) 11 time elapsed: 5.498 ms, 5498 microsecs, 
>>> kernel (proc) 12 time elapsed: 5.398 ms, 5398 microsecs, 
>>> kernel (proc) 13 time elapsed: 5.347 ms, 5347 microsecs, 
>>> kernel (proc) 14 time elapsed: 5.435 ms, 5435 microsecs, 
>>> kernel (proc) 15 time elapsed: 5.564 ms, 5564 microsecs, 
>>> kernel (proc) 16 time elapsed: 5.413 ms, 5413 microsecs, 
>>> kernel (proc) 17 time elapsed: 5.489 ms, 5489 microsecs, 
>>> kernel (proc) 18 time elapsed: 5.425 ms, 5425 microsecs, 
>>> kernel (proc) 19 time elapsed: 5.48 ms, 5480 microsecs, 
>>> kernel (proc) 20 time elapsed: 5.325 ms, 5325 microsecs, 
>>> kernel (proc) 21 time elapsed: 5.474 ms, 5474 microsecs, 
>>> kernel (proc) 22 time elapsed: 5.393 ms, 5393 microsecs, 
>>> kernel (proc) 23 time elapsed: 5.605 ms, 5605 microsecs, 
>>> kernel (proc) 24 time elapsed: 5.68 ms, 5680 microsecs, 
>>> kernel (proc) 25 time elapsed: 5.7 ms, 5700 microsecs, 
>>> kernel (proc) 26 time elapsed: 5.414 ms, 5414 microsecs, 
>>> kernel (proc) 27 time elapsed: 5.412 ms, 5412 microsecs, 
>>> kernel (proc) 28 time elapsed: 5.353 ms, 5353 microsecs, 
>>> kernel (proc) 29 time elapsed: 5.403 ms, 5403 microsecs, 
>>> kernel (proc) 30 time elapsed: 5.383 ms, 5383 microsecs, 
>>> kernel (proc) 31 time elapsed: 5.221 ms, 5221 microsecs, 
>>> SUMMARY: kernel (proc) average time elapsed for Iteration 8: 4.77116(4.77116) ms, 4.87871(0.107548) ms, 5.47368(0.594968) ms, 
>>> goclkernel[actssync]:: running ACTS SYNCHRONZE (Iteration 8)

active partitions for iteration 9: 6, 7, 9, 11, 14, 15, 16, 33, 38, 39, 52, 
>>> goclkernel[actssync]:: running ACTS PROCESS (Iteration 9)...
>>> kernel (proc) 0 time elapsed: 1.458 ms, 1458 microsecs, 
>>> kernel (proc) 1 time elapsed: 1.532 ms, 1532 microsecs, 
>>> kernel (proc) 2 time elapsed: 1.597 ms, 1597 microsecs, 
>>> kernel (proc) 3 time elapsed: 1.645 ms, 1645 microsecs, 
>>> kernel (proc) 4 time elapsed: 1.589 ms, 1589 microsecs, 
>>> kernel (proc) 5 time elapsed: 1.575 ms, 1575 microsecs, 
>>> kernel (proc) 6 time elapsed: 1.601 ms, 1601 microsecs, 
>>> kernel (proc) 7 time elapsed: 1.568 ms, 1568 microsecs, 
>>> kernel (proc) 8 time elapsed: 1.571 ms, 1571 microsecs, 
>>> kernel (proc) 9 time elapsed: 1.578 ms, 1578 microsecs, 
>>> kernel (proc) 10 time elapsed: 1.593 ms, 1593 microsecs, 
>>> kernel (proc) 11 time elapsed: 1.583 ms, 1583 microsecs, 
>>> kernel (proc) 12 time elapsed: 1.534 ms, 1534 microsecs, 
>>> kernel (proc) 13 time elapsed: 1.497 ms, 1497 microsecs, 
>>> kernel (proc) 14 time elapsed: 1.529 ms, 1529 microsecs, 
>>> kernel (proc) 15 time elapsed: 1.48 ms, 1480 microsecs, 
>>> kernel (proc) 16 time elapsed: 1.62 ms, 1620 microsecs, 
>>> kernel (proc) 17 time elapsed: 1.625 ms, 1625 microsecs, 
>>> kernel (proc) 18 time elapsed: 1.596 ms, 1596 microsecs, 
>>> kernel (proc) 19 time elapsed: 1.508 ms, 1508 microsecs, 
>>> kernel (proc) 20 time elapsed: 1.523 ms, 1523 microsecs, 
>>> kernel (proc) 21 time elapsed: 1.536 ms, 1536 microsecs, 
>>> kernel (proc) 22 time elapsed: 1.532 ms, 1532 microsecs, 
>>> kernel (proc) 23 time elapsed: 1.546 ms, 1546 microsecs, 
>>> kernel (proc) 24 time elapsed: 1.529 ms, 1529 microsecs, 
>>> kernel (proc) 25 time elapsed: 1.597 ms, 1597 microsecs, 
>>> kernel (proc) 26 time elapsed: 1.624 ms, 1624 microsecs, 
>>> kernel (proc) 27 time elapsed: 1.531 ms, 1531 microsecs, 
>>> kernel (proc) 28 time elapsed: 1.448 ms, 1448 microsecs, 
>>> kernel (proc) 29 time elapsed: 1.439 ms, 1439 microsecs, 
>>> kernel (proc) 30 time elapsed: 1.518 ms, 1518 microsecs, 
>>> kernel (proc) 31 time elapsed: 1.544 ms, 1544 microsecs, 
>>> SUMMARY: kernel (proc) average time elapsed for Iteration 9: 1.27116(1.27116) ms, 1.31148(0.0403226) ms, 1.55445(0.242968) ms, 
>>> goclkernel[actssync]:: running ACTS SYNCHRONZE (Iteration 9)

active partitions for iteration 10: 33, 
>>> goclkernel[actssync]:: running ACTS PROCESS (Iteration 10)...
>>> kernel (proc) 0 time elapsed: 0.868 ms, 868 microsecs, 
>>> kernel (proc) 1 time elapsed: 0.834 ms, 834 microsecs, 
>>> kernel (proc) 2 time elapsed: 0.839 ms, 839 microsecs, 
>>> kernel (proc) 3 time elapsed: 0.842 ms, 842 microsecs, 
>>> kernel (proc) 4 time elapsed: 0.842 ms, 842 microsecs, 
>>> kernel (proc) 5 time elapsed: 0.852 ms, 852 microsecs, 
>>> kernel (proc) 6 time elapsed: 0.839 ms, 839 microsecs, 
>>> kernel (proc) 7 time elapsed: 0.871 ms, 871 microsecs, 
>>> kernel (proc) 8 time elapsed: 0.866 ms, 866 microsecs, 
>>> kernel (proc) 9 time elapsed: 0.78 ms, 780 microsecs, 
>>> kernel (proc) 10 time elapsed: 0.752 ms, 752 microsecs, 
>>> kernel (proc) 11 time elapsed: 0.748 ms, 748 microsecs, 
>>> kernel (proc) 12 time elapsed: 0.748 ms, 748 microsecs, 
>>> kernel (proc) 13 time elapsed: 0.769 ms, 769 microsecs, 
>>> kernel (proc) 14 time elapsed: 0.861 ms, 861 microsecs, 
>>> kernel (proc) 15 time elapsed: 0.862 ms, 862 microsecs, 
>>> kernel (proc) 16 time elapsed: 0.898 ms, 898 microsecs, 
>>> kernel (proc) 17 time elapsed: 0.846 ms, 846 microsecs, 
>>> kernel (proc) 18 time elapsed: 0.844 ms, 844 microsecs, 
>>> kernel (proc) 19 time elapsed: 0.858 ms, 858 microsecs, 
>>> kernel (proc) 20 time elapsed: 0.84 ms, 840 microsecs, 
>>> kernel (proc) 21 time elapsed: 0.826 ms, 826 microsecs, 
>>> kernel (proc) 22 time elapsed: 0.867 ms, 867 microsecs, 
>>> kernel (proc) 23 time elapsed: 0.858 ms, 858 microsecs, 
>>> kernel (proc) 24 time elapsed: 0.85 ms, 850 microsecs, 
>>> kernel (proc) 25 time elapsed: 0.846 ms, 846 microsecs, 
>>> kernel (proc) 26 time elapsed: 0.884 ms, 884 microsecs, 
>>> kernel (proc) 27 time elapsed: 0.845 ms, 845 microsecs, 
>>> kernel (proc) 28 time elapsed: 0.873 ms, 873 microsecs, 
>>> kernel (proc) 29 time elapsed: 0.888 ms, 888 microsecs, 
>>> kernel (proc) 30 time elapsed: 0.851 ms, 851 microsecs, 
>>> kernel (proc) 31 time elapsed: 0.846 ms, 846 microsecs, 
>>> SUMMARY: kernel (proc) average time elapsed for Iteration 10: 0.536806(0.536806) ms, 0.569129(0.0323226) ms, 0.839516(0.270387) ms, 
>>> goclkernel[actssync]:: running ACTS SYNCHRONZE (Iteration 10)

active partitions for iteration 11: 
goclkernel::runapp2: no more active vertices to process. exiting... 
[1m[37m>>> SUMMARY: Total kernel time: 233.379 ms[0m
0.0118585, 0.224638, 0.0203858, [Iter 0 throughput: 0.00725514]
0.0859334, 1.18745, 0.173804, [Iter 1 throughput: 0.0548466]
1.15827, 17.5642, 3.62841, [Iter 2 throughput: 0.836195]
65.9572, 1228.62, 144.431, [Iter 3 throughput: 43.67]
1876.21, 2854.39, 1496.4, [Iter 4 throughput: 644.496]
1881.48, 2888.59, 1541.9, [Iter 5 throughput: 655.206]
228.41, 1869.58, 526.472, [Iter 6 throughput: 146.791]
6.97842, 284.454, 26.0738, [Iter 7 throughput: 5.40053]
0.851365, 37.769, 6.82726, [Iter 8 throughput: 0.742097]
0.069228, 2.1824, 0.362188, [Iter 9 throughput: 0.0566116]
0.00558861, 0.0928144, 0.0110952, [Iter 10 throughput: 0.00357349]
>>> app::run_hw: total_edges_processed: 114751558 edges (114 million edges)
>>> app::run_hw: total_time_elapsed: 233.379 ms (0.233379 s)
[1m[37m>>> app::run_hw: throughput: 4.91696e+08 edges/sec (491.696 million edges/sec)[0m

utility::runsssp_sw:: running traditional sssp... 
utility::runsssp_sw: number of active vertices for iteration 0: 0
utility::runsssp_sw: number of active vertices for iteration 1: 4
utility::runsssp_sw: number of active vertices for iteration 2: 23
utility::runsssp_sw: number of active vertices for iteration 3: 1249
utility::runsssp_sw: number of active vertices for iteration 4: 110694
utility::runsssp_sw: number of active vertices for iteration 5: 752777
utility::runsssp_sw: number of active vertices for iteration 6: 194415
utility::runsssp_sw: number of active vertices for iteration 7: 9482
utility::runsssp_sw: number of active vertices for iteration 8: 461
utility::runsssp_sw: number of active vertices for iteration 9: 19
utility::runsssp_sw: number of active vertices for iteration 10: 1
utility::runsssp_sw: number of active vertices for iteration 11: 0
no more activer vertices to process. breaking out... 
>>> utility::runsssp_sw: total_edges_processed: 114751558 edges (114 million edges)
>>> utility::runsssp_sw: total_time_elapsed: 2142 ms (2.142 s)
[1m[37m>>> utility::runsssp_sw: throughput: 5.35722e+07 edges/sec (53.5722 million edges/sec)[0m

app::verifyresults_hw: verifying vertex data... 
utility::printvalues::app::verifyresults_hw.vdatas: verifying results after kernel run:: printing first 16 values
values[0]: 1
values[1]: 4
values[2]: 23
values[3]: 1249
values[4]: 110694
values[5]: 752777
values[6]: 194414
values[7]: 9482
values[8]: 461
values[9]: 19
values[10]: 1
values[11]: 0
values[12]: 0
values[13]: 0
values[14]: 0
values[15]: 0
printvalues:: total values: totalvalues: 1069125
graph::closetemporaryfilesforwriting : close temporary files for writing...
graph::closetemporaryfilesforreading : close files for reading...
graph::closefilesforreading : close files for reading...
=== STATS::TIMING AND SUMMARY RESULTS FOR ITERATION: 666 === 
>>> stats::summary Total number of kvReads in bank [0]: 131561968
>>> stats::summary Total number of kvReads for all threads: 131561968
>>> stats::summary Total time spent (SSD access): 0 milliseconds
>>> stats::summary Total time spent (SSD access): 0 seconds
>>> stats::summary Total time spent (OCL data transfers): 0 milliseconds
>>> stats::summary Total time spent (OCL data transfers): 0 seconds
>>> stats::summary Total time spent (Kernel Pre Process execution): 0 milliseconds
>>> stats::summary Total time spent (Kernel Pre Process execution): 0 seconds
>>> stats::summary Total time spent (Kernel execution): 0 milliseconds
>>> stats::summary Total time spent (Kernel execution): 0 seconds
>>> stats::summary Total time spent (Kernel Post Process execution): 0 milliseconds
>>> stats::summary Total time spent (Kernel Post Process execution): 0 seconds
>>> stats::summary Total time spent (Overall Kernel execution): 0 milliseconds
>>> stats::summary Total time spent (Overall Kernel execution): 0 seconds
>>> stats::summary Total time spent (Overall processing): 0 milliseconds
>>> stats::summary Total time spent (Overall processing): 0 seconds
>>> stats::summary Total time spent (Overall processing excluding SSD & OCL data transfers): 0 milliseconds
>>> stats::summary Total time spent (Overall processing excluding SSD & OCL data transfers): 0 seconds
>>> stats::summary Throughput (Kernel processing): inf keyvalues per second
>>> stats::summary Throughput (Kernel processing): inf million keyvalues per second
>>> stats::summary Throughput (Kernel processing): inf MB/s
>>> stats::summary Throughput (Overall processing): inf keyvalues per second
>>> stats::summary Throughput (Overall processing): inf million keyvalues per second
>>> stats::summary Throughput (Overall processing): inf MB/s
>>> stats::summary Throughput (Overall processing excluding SSD & OCL data transfers): inf keyvalues per second
>>> stats::summary Throughput (Overall processing excluding SSD & OCL data transfers): inf million keyvalues per second

graph::printdataset: printing dataset parameters...
>>> graphtopname: hollywood-2009
>>> graphname: hollywood-2009_dup
>>> graph_path: /localtmp/oj2zf/dataset/hollywood-2009/hollywood-2009.mtx
>>> vertices_path: /localtmp/oj2zf/dataset/hollywood-2009/hollywood-2009.vertices
>>> edges_path: /localtmp/oj2zf/dataset/hollywood-2009/hollywood-2009.edges
>>> vertices_path_bin: /localtmp/oj2zf/dataset/hollywood-2009/hollywood-2009_bin.vertices
>>> edges_path_bin: /localtmp/oj2zf/dataset/hollywood-2009/hollywood-2009_bin.edges
>>> min_vertex: 0
>>> max_vertex: 1139905
>>> num_vertices: 1139905
>>> num_edges: 115031232
>>> graphdirectiontype: 5
>>> graphorder: 6
>>> skewratio: 666
TEST FINISHED
[1m[37m>>> HOSTPROCESS:: TIMING SUMMARY: TOTAL TIME ELAPSED: : Time Elapsed = 467369133500[nanao seconds](Iteration 666)[0m
[1m[37m>>> HOSTPROCESS:: TIMING SUMMARY: TOTAL TIME ELAPSED: : Time Elapsed = 467369133[micro seconds](Iteration 666)[0m
[1m[37m>>> HOSTPROCESS:: TIMING SUMMARY: TOTAL TIME ELAPSED: : Time Elapsed = 467369[milli seconds](Iteration 666)[0m
[1m[37m>>> HOSTPROCESS:: TIMING SUMMARY: TOTAL TIME ELAPSED: : Time Elapsed = 467[seconds](Iteration 666)[0m

