Hostprocess:: Graph Analytics Started...
utility:: USEHBMMEMORY DEFINED
utility:: NUMDRAMBANKS: 4
utility:: NUMWORKERS: 1
utility:: NUMSUBWORKERS: 3
utility:: NUM_PARTITIONS: 16
utility:: NUMSUBCPUTHREADS: 32
utility:: DATAWIDTH: 512
utility:: VECTOR_SIZE: 8
utility:: KVDATA_RANGE: 2097152
utility:: KVDATA_RANGE_POW: 21
utility:: BATCH_RANGE: 2097152
utility:: BATCH_RANGE_POW: 21
utility:: TREE_DEPTH: 3
utility:: KVDATA_RANGE_POW: 21
utility:: KVDATA_RANGE: 2097152
utility:: MESSAGES_SIZE: 1024
utility:: LOCKE DEFINED
utility:: sizeof(keyvalue_t): 8 bytes (64 bits)
utility:: sizeof(vertex_t): 4 bytes (32 bits)
utility:: sizeof(edge_t): 4 bytes (32 bits)
utility:: MESSAGESDRAMSZ: 1024
utility:: VERTEXPTRSSZ: 1114112
utility:: VERTEXPTRSSZ_KVS: 139264
utility:: VERTICESDATASZ: 1048576
utility:: VERTICESDATASZ_KVS: 131072
>> host[baseoffsets]:: BASEOFFSET_MESSAGESDATA: 0
>> host[baseoffsets]:: BASEOFFSET_MESSAGESDATA_KVS: 0
>> host[baseoffsets]:: KVSOURCEDRAMSZ: 33554432
>> host[baseoffsets]:: KVSOURCEDRAMSZ_KVS: 4194304
>> host[baseoffsets]:: PADDEDKVSOURCEDRAMSZ: 33554432
>> host[baseoffsets]:: PADDEDKVSOURCEDRAMSZ_KVS: 4194304
>> host[baseoffsets]:: VDRAMSZ: 33554432
>> host[baseoffsets]:: PADDEDVDRAMSZ: 33554432
>> host[baseoffsets]:: PADDEDVDRAMSZ_KVS: 4194304
>> host[sizes]:: MESSAGESDRAMSZ (keyvalues): 1024 keyvalues
>> host[sizes]:: VERTEXPTRSSZ (keyvalues): 1114112 keyvalues
>> host[sizes]:: VERTICESDATASZ (keyvalues): 1048576 keyvalues
>> host[sizes]:: ACTIVEVERTICESSZ (keyvalues): 0 keyvalues
>> host[sizes]:: VERTICESDATAMASKSZ (keyvalues): 65536 keyvalues
>> host[sizes]:: KVSTATSDRAMSZ (keyvalues): 65536 keyvalues
>> host[sizes]:: PADDEDVDRAMSZ (keyvalues): 33554432 keyvalues
>> host[sizes]:: PADDEDKVSOURCEDRAMSZ (keyvalues): 33554432 keyvalues
>> host[bytes]:: MESSAGESDRAMSZ (bytes): 8192 bytes
>> host[bytes]:: KVSTATSDRAMSZ (bytes): 524288 bytes
>> host[bytes]:: VERTEXPTRSSZ (bytes): 8912896 bytes
>> host[bytes]:: VERTICESDATASZ (bytes): 8388608 bytes
>> host[bytes]:: ACTIVEVERTICESSZ (bytes): 0 bytes
>> host[bytes]:: VERTICESDATAMASKSZ (bytes): 524288 bytes
>> host[bytes]:: PADDEDVDRAMSZ (bytes): 268435456 bytes
>> host[bytes]:: PADDEDKVSOURCEDRAMSZ (bytes): 268435456 bytes
utility:: KVSTATSDRAMSZ: 65536
utility:: NUMLASTLEVELPARTITIONS: 4096
utility:: REDUCESZ_POW: 9
utility:: REDUCESZ: 512
utility:: REDUCEBUFFERSZ: 256
utility:: VMASKBUFFERSZ_KVS: 16
utility:: NUMLASTLEVELPARTITIONS: 4096
utility:: ENABLE_KERNEL_PROFILING DEFINED: 
graph::graph constructor:: datasetid: 31, _numedgebanks: 1
graph::loadalldatasets:: 
graph::loadalldatasets finished. 
graph::printdataset: printing dataset parameters...
>>> graphtopname: hollywood-2009
>>> graphname: hollywood-2009_dup
>>> graph_path: /localtmp/oj2zf/dataset/hollywood-2009/hollywood-2009.mtx
>>> vertices_path: /localtmp/oj2zf/dataset/hollywood-2009/hollywood-2009.vertices
>>> edges_path: /localtmp/oj2zf/dataset/hollywood-2009/hollywood-2009.edges
>>> vertices_path_bin: /localtmp/oj2zf/dataset/hollywood-2009/hollywood-2009_bin.vertices
>>> edges_path_bin: /localtmp/oj2zf/dataset/hollywood-2009/hollywood-2009_bin.edges
>>> min_vertex: 0
>>> max_vertex: 1139905
>>> num_vertices: 1139905
>>> num_edges: 115031232
>>> graphdirectiontype: 5
>>> graphorder: 6
>>> skewratio: 666
app::run_hw:: app algorithm started. 
graph::opentemporaryfilesforwriting : opening temporary files for writing...
Directory already exists.INFO: Successfully opened /localtmp/oj2zf/dataset/hollywood-2009/hollywood-2009_1by1/hollywood-2009_dup.vdata
INFO: Successfully opened /localtmp/oj2zf/dataset/hollywood-2009/hollywood-2009_1by1/hollywood-2009_dup.vproperties
graph::opentemporaryfilesforreading : opening temporary files for reading
INFO: Successfully opened /localtmp/oj2zf/dataset/hollywood-2009/hollywood-2009_1by1/hollywood-2009_dup.vdata
INFO: Successfully opened /localtmp/oj2zf/dataset/hollywood-2009/hollywood-2009_1by1/hollywood-2009_dup.vproperties
generating vertices data... 
graph::openfilesforreading : opening files for reading
INFO: Successfully opened /localtmp/oj2zf/dataset/hollywood-2009/hollywood-2009_1by1/hollywood-2009_dup_0_0.vertexptrs
INFO: Successfully opened /localtmp/oj2zf/dataset/hollywood-2009/hollywood-2009_1by1/hollywood-2009_dup_0_0.vertexptrs
INFO: Successfully opened /localtmp/oj2zf/dataset/hollywood-2009/hollywood-2009_1by1/hollywood-2009_dup_0_0.edges
INFO: Successfully opened /localtmp/oj2zf/dataset/hollywood-2009/hollywood-2009_1by1/hollywood-2009_dup_0_0.edges
loadedges_rowblockwise:: loading Acts... sizes: [[4111312, 4111312, 4111312, 4111312, 4111312, 4111312, 4111312, 4111312, 4111312, 4111312, 4111312, 4111312, 4111312, 4111312, 4111312, 4111312, 4111312, 4111312, 4111312, 4111312, 4111312, 4111312, 4111312, 4111312, 4111312, 4111312, 4111312, 4111312, 4111312, 4111312, 4111312, 4111296]]
loadedges_rowblockwise:: total sizes: 131561968
maxvptr: 4111312
app::loadvertexdata:: loading vertex datas... 
app::setrootvid:: setting root vid(s)... 
app::loadactvvertices:: loading active vertices... 
app::generatevmaskdata:: generating vmask... 
app::loadoffsetmarkers:: loading offset markers... 
app::loadmessages:: loading messages... 
[globalparams.BASEOFFSET_MESSAGESDATA: 0]
[globalparams.BASEOFFSETKVS_MESSAGESDATA: 0]
[globalparams.BASEOFFSET_EDGESDATA: 8192]
[globalparams.BASEOFFSETKVS_EDGESDATA: 1024]
[globalparams.BASEOFFSET_VERTEXPTR: 2129384]
[globalparams.BASEOFFSETKVS_VERTEXPTR: 266173]
[globalparams.BASEOFFSET_VERTICESDATA: 3243496]
[globalparams.BASEOFFSETKVS_VERTICESDATA: 405437]
[globalparams.BASEOFFSET_ACTIVEVERTICES: 4292072]
[globalparams.BASEOFFSETKVS_ACTIVEVERTICES: 536509]
[globalparams.BASEOFFSET_VERTICESDATAMASK: 4292072]
[globalparams.BASEOFFSETKVS_VERTICESDATAMASK: 536509]
[globalparams.BASEOFFSET_VERTICESPARTITIONMASK : 4357608]
[globalparams.BASEOFFSETKVS_VERTICESPARTITIONMASK: 544701]
[globalparams.BASEOFFSET_STATSDRAM: 4361704]
[globalparams.BASEOFFSETKVS_STATSDRAM: 545213]
[globalparams.BASEOFFSET_KVDRAM: 4885992]
[globalparams.BASEOFFSETKVS_KVDRAM: 610749]
[globalparams.BASEOFFSET_KVDRAMWORKSPACE: 8997896]
[globalparams.BASEOFFSETKVS_KVDRAMWORKSPACE: 1124737]
[globalparams.SIZE_MESSAGESDRAM: 0]
[globalparams.SIZE_EDGES: 4112312]
[globalparams.SIZE_VERTEXPTRS: 2097152]
[globalparams.SIZE_VERTICESDATA: 2097152]
[globalparams.SIZE_ACTIVEVERTICES: 0]
[globalparams.SIZE_VERTICESDATAMASK: 65536]
[globalparams.SIZE_KVSTATSDRAM: 65536]
[globalparams.SIZE_KVDRAM: 4111904]
[globalparams.SIZE_KVDRAMWORKSPACE: 4111904]
[1m[37m>> host[sizes]:: PADDEDKVSOURCEDRAMSZ (keyvalues): 33554432 keyvalues[0m
[1m[37m>> host[bytes]:: PADDEDKVSOURCEDRAMSZ (bytes): 268435456 bytes[0m
[1m[37m>> host[sizes]:: valid PADDEDKVSOURCEDRAMSZ (keyvalues): 13109800 keyvalues[0m
[1m[37m>> host[bytes]:: valid PADDEDKVSOURCEDRAMSZ (bytes): 104878400 bytes. (HBM max=268435456 bytes)[0m
loadmessages:: loading Acts... sizes: [[4111312, 4111312, 4111312, 4111312, 4111312, 4111312, 4111312, 4111312, 4111312, 4111312, 4111312, 4111312, 4111312, 4111312, 4111312, 4111312, 4111312, 4111312, 4111312, 4111312, 4111312, 4111312, 4111312, 4111312, 4111312, 4111312, 4111312, 4111312, 4111312, 4111312, 4111312, 4111296]]
loadmessages:: total sizes: 131561968
app::appendkeyvaluecount:: appending value count... 
app::experiements: resetting kvdram & kvdram workspaces...

utility::runsssp_sw:: running traditional sssp... 
utility::runsssp_sw: number of active vertices for iteration 0: 0
utility::runsssp_sw: number of active vertices for iteration 1: 4
utility::runsssp_sw: number of active vertices for iteration 2: 23
utility::runsssp_sw: number of active vertices for iteration 3: 1249
utility::runsssp_sw: number of active vertices for iteration 4: 110694
utility::runsssp_sw: number of active vertices for iteration 5: 752777
utility::runsssp_sw: number of active vertices for iteration 6: 194415
utility::runsssp_sw: number of active vertices for iteration 7: 9482
utility::runsssp_sw: number of active vertices for iteration 8: 461
utility::runsssp_sw: number of active vertices for iteration 9: 19
utility::runsssp_sw: number of active vertices for iteration 10: 1
utility::runsssp_sw: number of active vertices for iteration 11: 0
no more activer vertices to process. breaking out... 
>>> utility::runsssp_sw: total_edges_processed: 114751558 edges (114 million edges)
>>> utility::runsssp_sw: total_time_elapsed: 1464 ms (1.464 s)
[1m[37m>>> utility::runsssp_sw: throughput: 7.83822e+07 edges/sec (78.3822 million edges/sec)[0m

[1m[37m>>> app::run_hw: app started. (1 active vertices)[0m
Found Platform
Platform Name: Xilinx
Found Device=xilinx_u280_xdma_201910_1
INFO: Reading /home/oj2zf/Documents/ActsOfAGraph/synkernels/goldenkernelprocbfs32HW180MHz.xclbin
Loading: '/home/oj2zf/Documents/ActsOfAGraph/synkernels/goldenkernelprocbfs32HW180MHz.xclbin'
INFO: Reading /home/oj2zf/Documents/ActsOfAGraph/synkernels/goldenkernelsync32HW180MHz.xclbin
Loading: '/home/oj2zf/Documents/ActsOfAGraph/synkernels/goldenkernelsync32HW180MHz.xclbin'
>>> goclkernel[actssync]:: running ACTS PROCESS (Iteration 0)...
>>> kernel (proc) 0 time elapsed: 0.584 ms, 584 microsecs, 
>>> kernel (proc) 1 time elapsed: 0.459 ms, 459 microsecs, 
>>> kernel (proc) 2 time elapsed: 0.539 ms, 539 microsecs, 
>>> kernel (proc) 3 time elapsed: 0.54 ms, 540 microsecs, 
>>> kernel (proc) 4 time elapsed: 0.535 ms, 535 microsecs, 
>>> kernel (proc) 5 time elapsed: 0.541 ms, 541 microsecs, 
>>> kernel (proc) 6 time elapsed: 0.548 ms, 548 microsecs, 
>>> kernel (proc) 7 time elapsed: 0.539 ms, 539 microsecs, 
>>> kernel (proc) 8 time elapsed: 0.466 ms, 466 microsecs, 
>>> kernel (proc) 9 time elapsed: 0.54 ms, 540 microsecs, 
>>> kernel (proc) 10 time elapsed: 0.47 ms, 470 microsecs, 
>>> kernel (proc) 11 time elapsed: 0.544 ms, 544 microsecs, 
>>> kernel (proc) 12 time elapsed: 0.47 ms, 470 microsecs, 
>>> kernel (proc) 13 time elapsed: 0.536 ms, 536 microsecs, 
>>> kernel (proc) 14 time elapsed: 0.468 ms, 468 microsecs, 
>>> kernel (proc) 15 time elapsed: 0.537 ms, 537 microsecs, 
>>> kernel (proc) 16 time elapsed: 0.47 ms, 470 microsecs, 
>>> kernel (proc) 17 time elapsed: 0.543 ms, 543 microsecs, 
>>> kernel (proc) 18 time elapsed: 0.467 ms, 467 microsecs, 
>>> kernel (proc) 19 time elapsed: 0.537 ms, 537 microsecs, 
>>> kernel (proc) 20 time elapsed: 0.466 ms, 466 microsecs, 
>>> kernel (proc) 21 time elapsed: 0.538 ms, 538 microsecs, 
>>> kernel (proc) 22 time elapsed: 0.469 ms, 469 microsecs, 
>>> kernel (proc) 23 time elapsed: 0.566 ms, 566 microsecs, 
>>> kernel (proc) 24 time elapsed: 0.463 ms, 463 microsecs, 
>>> kernel (proc) 25 time elapsed: 0.537 ms, 537 microsecs, 
>>> kernel (proc) 26 time elapsed: 0.464 ms, 464 microsecs, 
>>> kernel (proc) 27 time elapsed: 0.538 ms, 538 microsecs, 
>>> kernel (proc) 28 time elapsed: 0.483 ms, 483 microsecs, 
>>> kernel (proc) 29 time elapsed: 0.537 ms, 537 microsecs, 
>>> kernel (proc) 30 time elapsed: 0.475 ms, 475 microsecs, 
>>> kernel (proc) 31 time elapsed: 0.533 ms, 533 microsecs, 
>>> SUMMARY: kernel (proc) average time elapsed for Iteration 0: 0.432516(0.432516) ms, 0.412129(-0.0203871) ms, 0.510258(0.098129) ms, 
>>> goclkernel[actssync]:: running ACTS SYNCHRONZE (Iteration 0)

active partitions for iteration 1: 0, 26, 
>>> goclkernel[actssync]:: running ACTS PROCESS (Iteration 1)...
>>> kernel (proc) 0 time elapsed: 0.563 ms, 563 microsecs, 
>>> kernel (proc) 1 time elapsed: 0.625 ms, 625 microsecs, 
>>> kernel (proc) 2 time elapsed: 0.657 ms, 657 microsecs, 
>>> kernel (proc) 3 time elapsed: 0.591 ms, 591 microsecs, 
>>> kernel (proc) 4 time elapsed: 0.562 ms, 562 microsecs, 
>>> kernel (proc) 5 time elapsed: 0.557 ms, 557 microsecs, 
>>> kernel (proc) 6 time elapsed: 0.563 ms, 563 microsecs, 
>>> kernel (proc) 7 time elapsed: 0.564 ms, 564 microsecs, 
>>> kernel (proc) 8 time elapsed: 0.566 ms, 566 microsecs, 
>>> kernel (proc) 9 time elapsed: 0.56 ms, 560 microsecs, 
>>> kernel (proc) 10 time elapsed: 0.567 ms, 567 microsecs, 
>>> kernel (proc) 11 time elapsed: 0.559 ms, 559 microsecs, 
>>> kernel (proc) 12 time elapsed: 0.555 ms, 555 microsecs, 
>>> kernel (proc) 13 time elapsed: 0.563 ms, 563 microsecs, 
>>> kernel (proc) 14 time elapsed: 0.56 ms, 560 microsecs, 
>>> kernel (proc) 15 time elapsed: 0.567 ms, 567 microsecs, 
>>> kernel (proc) 16 time elapsed: 0.58 ms, 580 microsecs, 
>>> kernel (proc) 17 time elapsed: 0.563 ms, 563 microsecs, 
>>> kernel (proc) 18 time elapsed: 0.558 ms, 558 microsecs, 
>>> kernel (proc) 19 time elapsed: 0.559 ms, 559 microsecs, 
>>> kernel (proc) 20 time elapsed: 0.558 ms, 558 microsecs, 
>>> kernel (proc) 21 time elapsed: 0.554 ms, 554 microsecs, 
>>> kernel (proc) 22 time elapsed: 0.549 ms, 549 microsecs, 
>>> kernel (proc) 23 time elapsed: 0.574 ms, 574 microsecs, 
>>> kernel (proc) 24 time elapsed: 0.563 ms, 563 microsecs, 
>>> kernel (proc) 25 time elapsed: 0.555 ms, 555 microsecs, 
>>> kernel (proc) 26 time elapsed: 0.563 ms, 563 microsecs, 
>>> kernel (proc) 27 time elapsed: 0.557 ms, 557 microsecs, 
>>> kernel (proc) 28 time elapsed: 0.564 ms, 564 microsecs, 
>>> kernel (proc) 29 time elapsed: 0.568 ms, 568 microsecs, 
>>> kernel (proc) 30 time elapsed: 0.559 ms, 559 microsecs, 
>>> kernel (proc) 31 time elapsed: 0.559 ms, 559 microsecs, 
>>> SUMMARY: kernel (proc) average time elapsed for Iteration 1: 0.414935(0.414935) ms, 0.454161(0.0392258) ms, 0.56771(0.113548) ms, 
>>> goclkernel[actssync]:: running ACTS SYNCHRONZE (Iteration 1)

active partitions for iteration 2: 0, 1, 9, 14, 26, 40, 47, 73, 121, 
>>> goclkernel[actssync]:: running ACTS PROCESS (Iteration 2)...
>>> kernel (proc) 0 time elapsed: 1.35 ms, 1350 microsecs, 
>>> kernel (proc) 1 time elapsed: 1.408 ms, 1408 microsecs, 
>>> kernel (proc) 2 time elapsed: 1.295 ms, 1295 microsecs, 
>>> kernel (proc) 3 time elapsed: 1.272 ms, 1272 microsecs, 
>>> kernel (proc) 4 time elapsed: 1.354 ms, 1354 microsecs, 
>>> kernel (proc) 5 time elapsed: 1.221 ms, 1221 microsecs, 
>>> kernel (proc) 6 time elapsed: 1.348 ms, 1348 microsecs, 
>>> kernel (proc) 7 time elapsed: 1.47 ms, 1470 microsecs, 
>>> kernel (proc) 8 time elapsed: 1.437 ms, 1437 microsecs, 
>>> kernel (proc) 9 time elapsed: 1.273 ms, 1273 microsecs, 
>>> kernel (proc) 10 time elapsed: 1.351 ms, 1351 microsecs, 
>>> kernel (proc) 11 time elapsed: 1.301 ms, 1301 microsecs, 
>>> kernel (proc) 12 time elapsed: 1.376 ms, 1376 microsecs, 
>>> kernel (proc) 13 time elapsed: 1.393 ms, 1393 microsecs, 
>>> kernel (proc) 14 time elapsed: 1.274 ms, 1274 microsecs, 
>>> kernel (proc) 15 time elapsed: 1.186 ms, 1186 microsecs, 
>>> kernel (proc) 16 time elapsed: 1.348 ms, 1348 microsecs, 
>>> kernel (proc) 17 time elapsed: 1.358 ms, 1358 microsecs, 
>>> kernel (proc) 18 time elapsed: 1.263 ms, 1263 microsecs, 
>>> kernel (proc) 19 time elapsed: 1.231 ms, 1231 microsecs, 
>>> kernel (proc) 20 time elapsed: 1.257 ms, 1257 microsecs, 
>>> kernel (proc) 21 time elapsed: 1.274 ms, 1274 microsecs, 
>>> kernel (proc) 22 time elapsed: 1.229 ms, 1229 microsecs, 
>>> kernel (proc) 23 time elapsed: 1.321 ms, 1321 microsecs, 
>>> kernel (proc) 24 time elapsed: 1.419 ms, 1419 microsecs, 
>>> kernel (proc) 25 time elapsed: 1.33 ms, 1330 microsecs, 
>>> kernel (proc) 26 time elapsed: 1.242 ms, 1242 microsecs, 
>>> kernel (proc) 27 time elapsed: 1.396 ms, 1396 microsecs, 
>>> kernel (proc) 28 time elapsed: 1.318 ms, 1318 microsecs, 
>>> kernel (proc) 29 time elapsed: 1.342 ms, 1342 microsecs, 
>>> kernel (proc) 30 time elapsed: 1.26 ms, 1260 microsecs, 
>>> kernel (proc) 31 time elapsed: 1.326 ms, 1326 microsecs, 
>>> SUMMARY: kernel (proc) average time elapsed for Iteration 2: 0.980226(0.980226) ms, 1.0819(0.101677) ms, 1.31848(0.236581) ms, 
>>> goclkernel[actssync]:: running ACTS SYNCHRONZE (Iteration 2)

active partitions for iteration 3: 0, 1, 3, 4, 7, 9, 10, 14, 15, 19, 22, 24, 26, 28, 29, 30, 31, 33, 34, 35, 36, 37, 38, 40, 41, 43, 44, 45, 47, 48, 49, 50, 51, 52, 53, 56, 58, 59, 61, 63, 65, 67, 68, 69, 70, 71, 72, 73, 74, 75, 76, 77, 79, 82, 83, 85, 87, 90, 95, 96, 97, 100, 102, 103, 104, 107, 108, 110, 111, 113, 114, 115, 116, 117, 120, 121, 123, 124, 125, 126, 
>>> goclkernel[actssync]:: running ACTS PROCESS (Iteration 3)...
>>> kernel (proc) 0 time elapsed: 6.027 ms, 6027 microsecs, 
>>> kernel (proc) 1 time elapsed: 5.934 ms, 5934 microsecs, 
>>> kernel (proc) 2 time elapsed: 5.889 ms, 5889 microsecs, 
>>> kernel (proc) 3 time elapsed: 6.013 ms, 6013 microsecs, 
>>> kernel (proc) 4 time elapsed: 6.026 ms, 6026 microsecs, 
>>> kernel (proc) 5 time elapsed: 5.947 ms, 5947 microsecs, 
>>> kernel (proc) 6 time elapsed: 5.953 ms, 5953 microsecs, 
>>> kernel (proc) 7 time elapsed: 5.984 ms, 5984 microsecs, 
>>> kernel (proc) 8 time elapsed: 6.025 ms, 6025 microsecs, 
>>> kernel (proc) 9 time elapsed: 5.896 ms, 5896 microsecs, 
>>> kernel (proc) 10 time elapsed: 6.029 ms, 6029 microsecs, 
>>> kernel (proc) 11 time elapsed: 5.987 ms, 5987 microsecs, 
>>> kernel (proc) 12 time elapsed: 5.992 ms, 5992 microsecs, 
>>> kernel (proc) 13 time elapsed: 5.958 ms, 5958 microsecs, 
>>> kernel (proc) 14 time elapsed: 6.003 ms, 6003 microsecs, 
>>> kernel (proc) 15 time elapsed: 5.962 ms, 5962 microsecs, 
>>> kernel (proc) 16 time elapsed: 5.996 ms, 5996 microsecs, 
>>> kernel (proc) 17 time elapsed: 5.945 ms, 5945 microsecs, 
>>> kernel (proc) 18 time elapsed: 5.971 ms, 5971 microsecs, 
>>> kernel (proc) 19 time elapsed: 5.861 ms, 5861 microsecs, 
>>> kernel (proc) 20 time elapsed: 6.022 ms, 6022 microsecs, 
>>> kernel (proc) 21 time elapsed: 5.956 ms, 5956 microsecs, 
>>> kernel (proc) 22 time elapsed: 6.044 ms, 6044 microsecs, 
>>> kernel (proc) 23 time elapsed: 5.987 ms, 5987 microsecs, 
>>> kernel (proc) 24 time elapsed: 5.911 ms, 5911 microsecs, 
>>> kernel (proc) 25 time elapsed: 5.975 ms, 5975 microsecs, 
>>> kernel (proc) 26 time elapsed: 6.021 ms, 6021 microsecs, 
>>> kernel (proc) 27 time elapsed: 5.944 ms, 5944 microsecs, 
>>> kernel (proc) 28 time elapsed: 5.967 ms, 5967 microsecs, 
>>> kernel (proc) 29 time elapsed: 5.898 ms, 5898 microsecs, 
>>> kernel (proc) 30 time elapsed: 6.022 ms, 6022 microsecs, 
>>> kernel (proc) 31 time elapsed: 5.963 ms, 5963 microsecs, 
>>> SUMMARY: kernel (proc) average time elapsed for Iteration 3: 4.03403(4.03403) ms, 4.24884(0.214806) ms, 5.97035(1.72152) ms, 
>>> goclkernel[actssync]:: running ACTS SYNCHRONZE (Iteration 3)

active partitions for iteration 4: 0, 1, 2, 3, 4, 5, 6, 7, 8, 9, 10, 11, 12, 13, 14, 15, 16, 17, 18, 19, 20, 21, 22, 23, 24, 25, 26, 27, 28, 29, 30, 31, 32, 33, 34, 35, 36, 37, 38, 39, 40, 41, 42, 43, 44, 45, 46, 47, 48, 49, 50, 51, 52, 53, 54, 55, 56, 57, 58, 59, 60, 61, 62, 63, 64, 65, 66, 67, 68, 69, 70, 71, 72, 73, 74, 75, 76, 77, 78, 79, 80, 81, 82, 83, 84, 85, 86, 87, 88, 89, 90, 91, 92, 93, 94, 95, 96, 97, 98, 99, 100, 101, 102, 103, 104, 105, 106, 107, 108, 109, 110, 111, 112, 113, 114, 115, 116, 117, 118, 119, 120, 121, 122, 123, 124, 125, 126, 127, 128, 129, 130, 
>>> goclkernel[actssync]:: running ACTS PROCESS (Iteration 4)...
>>> kernel (proc) 0 time elapsed: 31.551 ms, 31551 microsecs, 
>>> kernel (proc) 1 time elapsed: 31.504 ms, 31504 microsecs, 
>>> kernel (proc) 2 time elapsed: 31.545 ms, 31545 microsecs, 
>>> kernel (proc) 3 time elapsed: 31.521 ms, 31521 microsecs, 
>>> kernel (proc) 4 time elapsed: 31.525 ms, 31525 microsecs, 
>>> kernel (proc) 5 time elapsed: 31.533 ms, 31533 microsecs, 
>>> kernel (proc) 6 time elapsed: 31.491 ms, 31491 microsecs, 
>>> kernel (proc) 7 time elapsed: 31.532 ms, 31532 microsecs, 
>>> kernel (proc) 8 time elapsed: 31.513 ms, 31513 microsecs, 
>>> kernel (proc) 9 time elapsed: 31.483 ms, 31483 microsecs, 
>>> kernel (proc) 10 time elapsed: 31.521 ms, 31521 microsecs, 
>>> kernel (proc) 11 time elapsed: 31.557 ms, 31557 microsecs, 
>>> kernel (proc) 12 time elapsed: 31.503 ms, 31503 microsecs, 
>>> kernel (proc) 13 time elapsed: 31.511 ms, 31511 microsecs, 
>>> kernel (proc) 14 time elapsed: 31.53 ms, 31530 microsecs, 
>>> kernel (proc) 15 time elapsed: 31.5 ms, 31500 microsecs, 
>>> kernel (proc) 16 time elapsed: 31.56 ms, 31560 microsecs, 
>>> kernel (proc) 17 time elapsed: 31.473 ms, 31473 microsecs, 
>>> kernel (proc) 18 time elapsed: 31.517 ms, 31517 microsecs, 
>>> kernel (proc) 19 time elapsed: 31.47 ms, 31470 microsecs, 
>>> kernel (proc) 20 time elapsed: 31.557 ms, 31557 microsecs, 
>>> kernel (proc) 21 time elapsed: 31.501 ms, 31501 microsecs, 
>>> kernel (proc) 22 time elapsed: 31.532 ms, 31532 microsecs, 
>>> kernel (proc) 23 time elapsed: 31.534 ms, 31534 microsecs, 
>>> kernel (proc) 24 time elapsed: 31.559 ms, 31559 microsecs, 
>>> kernel (proc) 25 time elapsed: 31.453 ms, 31453 microsecs, 
>>> kernel (proc) 26 time elapsed: 31.52 ms, 31520 microsecs, 
>>> kernel (proc) 27 time elapsed: 31.479 ms, 31479 microsecs, 
>>> kernel (proc) 28 time elapsed: 31.613 ms, 31613 microsecs, 
>>> kernel (proc) 29 time elapsed: 31.44 ms, 31440 microsecs, 
>>> kernel (proc) 30 time elapsed: 31.532 ms, 31532 microsecs, 
>>> kernel (proc) 31 time elapsed: 31.483 ms, 31483 microsecs, 
>>> SUMMARY: kernel (proc) average time elapsed for Iteration 4: 10.1167(10.1167) ms, 16.3578(6.24106) ms, 31.5159(15.1581) ms, 
>>> goclkernel[actssync]:: running ACTS SYNCHRONZE (Iteration 4)

active partitions for iteration 5: 0, 1, 2, 3, 4, 5, 6, 7, 8, 9, 10, 11, 12, 13, 14, 15, 16, 17, 18, 19, 20, 21, 22, 23, 24, 25, 26, 27, 28, 29, 30, 31, 32, 33, 34, 35, 36, 37, 38, 39, 40, 41, 42, 43, 44, 45, 46, 47, 48, 49, 50, 51, 52, 53, 54, 55, 56, 57, 58, 59, 60, 61, 62, 63, 64, 65, 66, 67, 68, 69, 70, 71, 72, 73, 74, 75, 76, 77, 78, 79, 80, 81, 82, 83, 84, 85, 86, 87, 88, 89, 90, 91, 92, 93, 94, 95, 96, 97, 98, 99, 100, 101, 102, 103, 104, 105, 106, 107, 108, 109, 110, 111, 112, 113, 114, 115, 116, 117, 118, 119, 120, 121, 122, 123, 124, 125, 126, 127, 128, 129, 130, 
>>> goclkernel[actssync]:: running ACTS PROCESS (Iteration 5)...
>>> kernel (proc) 0 time elapsed: 33.723 ms, 33723 microsecs, 
>>> kernel (proc) 1 time elapsed: 33.743 ms, 33743 microsecs, 
>>> kernel (proc) 2 time elapsed: 33.804 ms, 33804 microsecs, 
>>> kernel (proc) 3 time elapsed: 33.902 ms, 33902 microsecs, 
>>> kernel (proc) 4 time elapsed: 33.822 ms, 33822 microsecs, 
>>> kernel (proc) 5 time elapsed: 33.852 ms, 33852 microsecs, 
>>> kernel (proc) 6 time elapsed: 33.836 ms, 33836 microsecs, 
>>> kernel (proc) 7 time elapsed: 33.81 ms, 33810 microsecs, 
>>> kernel (proc) 8 time elapsed: 33.786 ms, 33786 microsecs, 
>>> kernel (proc) 9 time elapsed: 33.806 ms, 33806 microsecs, 
>>> kernel (proc) 10 time elapsed: 33.802 ms, 33802 microsecs, 
>>> kernel (proc) 11 time elapsed: 33.796 ms, 33796 microsecs, 
>>> kernel (proc) 12 time elapsed: 33.868 ms, 33868 microsecs, 
>>> kernel (proc) 13 time elapsed: 33.812 ms, 33812 microsecs, 
>>> kernel (proc) 14 time elapsed: 33.788 ms, 33788 microsecs, 
>>> kernel (proc) 15 time elapsed: 33.823 ms, 33823 microsecs, 
>>> kernel (proc) 16 time elapsed: 33.867 ms, 33867 microsecs, 
>>> kernel (proc) 17 time elapsed: 33.861 ms, 33861 microsecs, 
>>> kernel (proc) 18 time elapsed: 33.88 ms, 33880 microsecs, 
>>> kernel (proc) 19 time elapsed: 33.889 ms, 33889 microsecs, 
>>> kernel (proc) 20 time elapsed: 33.79 ms, 33790 microsecs, 
>>> kernel (proc) 21 time elapsed: 33.809 ms, 33809 microsecs, 
>>> kernel (proc) 22 time elapsed: 33.837 ms, 33837 microsecs, 
>>> kernel (proc) 23 time elapsed: 33.649 ms, 33649 microsecs, 
>>> kernel (proc) 24 time elapsed: 33.787 ms, 33787 microsecs, 
>>> kernel (proc) 25 time elapsed: 33.831 ms, 33831 microsecs, 
>>> kernel (proc) 26 time elapsed: 33.897 ms, 33897 microsecs, 
>>> kernel (proc) 27 time elapsed: 33.82 ms, 33820 microsecs, 
>>> kernel (proc) 28 time elapsed: 33.782 ms, 33782 microsecs, 
>>> kernel (proc) 29 time elapsed: 33.848 ms, 33848 microsecs, 
>>> kernel (proc) 30 time elapsed: 33.805 ms, 33805 microsecs, 
>>> kernel (proc) 31 time elapsed: 33.851 ms, 33851 microsecs, 
>>> SUMMARY: kernel (proc) average time elapsed for Iteration 5: 10.9384(10.9384) ms, 17.7249(6.78658) ms, 33.8211(16.0961) ms, 
>>> goclkernel[actssync]:: running ACTS SYNCHRONZE (Iteration 5)

active partitions for iteration 6: 0, 1, 2, 3, 4, 5, 6, 7, 8, 9, 10, 11, 12, 13, 14, 15, 16, 17, 18, 19, 20, 21, 22, 23, 24, 25, 26, 27, 28, 29, 30, 31, 32, 33, 34, 35, 36, 37, 38, 39, 40, 41, 42, 43, 44, 45, 46, 47, 48, 49, 50, 51, 52, 53, 54, 55, 56, 57, 58, 59, 60, 61, 62, 63, 64, 65, 66, 67, 68, 69, 70, 71, 72, 73, 74, 75, 76, 77, 78, 79, 80, 81, 82, 83, 84, 85, 86, 87, 88, 89, 90, 91, 92, 93, 94, 95, 97, 98, 99, 100, 101, 102, 103, 104, 105, 106, 107, 108, 109, 110, 111, 112, 113, 114, 115, 116, 117, 118, 119, 120, 121, 122, 123, 124, 125, 126, 127, 128, 129, 130, 
>>> goclkernel[actssync]:: running ACTS PROCESS (Iteration 6)...
>>> kernel (proc) 0 time elapsed: 8.605 ms, 8605 microsecs, 
>>> kernel (proc) 1 time elapsed: 8.62 ms, 8620 microsecs, 
>>> kernel (proc) 2 time elapsed: 8.603 ms, 8603 microsecs, 
>>> kernel (proc) 3 time elapsed: 8.611 ms, 8611 microsecs, 
>>> kernel (proc) 4 time elapsed: 8.6 ms, 8600 microsecs, 
>>> kernel (proc) 5 time elapsed: 8.588 ms, 8588 microsecs, 
>>> kernel (proc) 6 time elapsed: 8.6 ms, 8600 microsecs, 
>>> kernel (proc) 7 time elapsed: 8.591 ms, 8591 microsecs, 
>>> kernel (proc) 8 time elapsed: 8.627 ms, 8627 microsecs, 
>>> kernel (proc) 9 time elapsed: 8.618 ms, 8618 microsecs, 
>>> kernel (proc) 10 time elapsed: 8.587 ms, 8587 microsecs, 
>>> kernel (proc) 11 time elapsed: 8.58 ms, 8580 microsecs, 
>>> kernel (proc) 12 time elapsed: 8.617 ms, 8617 microsecs, 
>>> kernel (proc) 13 time elapsed: 8.566 ms, 8566 microsecs, 
>>> kernel (proc) 14 time elapsed: 8.594 ms, 8594 microsecs, 
>>> kernel (proc) 15 time elapsed: 8.602 ms, 8602 microsecs, 
>>> kernel (proc) 16 time elapsed: 8.59 ms, 8590 microsecs, 
>>> kernel (proc) 17 time elapsed: 8.573 ms, 8573 microsecs, 
>>> kernel (proc) 18 time elapsed: 8.579 ms, 8579 microsecs, 
>>> kernel (proc) 19 time elapsed: 8.591 ms, 8591 microsecs, 
>>> kernel (proc) 20 time elapsed: 8.543 ms, 8543 microsecs, 
>>> kernel (proc) 21 time elapsed: 8.604 ms, 8604 microsecs, 
>>> kernel (proc) 22 time elapsed: 8.607 ms, 8607 microsecs, 
>>> kernel (proc) 23 time elapsed: 8.614 ms, 8614 microsecs, 
>>> kernel (proc) 24 time elapsed: 8.642 ms, 8642 microsecs, 
>>> kernel (proc) 25 time elapsed: 8.624 ms, 8624 microsecs, 
>>> kernel (proc) 26 time elapsed: 8.608 ms, 8608 microsecs, 
>>> kernel (proc) 27 time elapsed: 8.573 ms, 8573 microsecs, 
>>> kernel (proc) 28 time elapsed: 8.597 ms, 8597 microsecs, 
>>> kernel (proc) 29 time elapsed: 8.609 ms, 8609 microsecs, 
>>> kernel (proc) 30 time elapsed: 8.574 ms, 8574 microsecs, 
>>> kernel (proc) 31 time elapsed: 8.623 ms, 8623 microsecs, 
>>> SUMMARY: kernel (proc) average time elapsed for Iteration 6: 5.56748(5.56748) ms, 6.20116(0.633677) ms, 8.59855(2.39739) ms, 
>>> goclkernel[actssync]:: running ACTS SYNCHRONZE (Iteration 6)

active partitions for iteration 7: 0, 1, 2, 3, 4, 5, 6, 7, 8, 9, 10, 11, 12, 13, 14, 15, 16, 17, 18, 19, 20, 21, 22, 23, 24, 25, 26, 27, 28, 29, 30, 31, 32, 33, 34, 35, 36, 37, 38, 39, 40, 41, 42, 43, 44, 45, 46, 47, 48, 49, 50, 51, 52, 53, 54, 55, 56, 57, 60, 61, 62, 63, 64, 65, 66, 67, 68, 69, 70, 71, 72, 74, 76, 77, 78, 79, 80, 81, 82, 83, 84, 85, 86, 87, 88, 89, 90, 91, 92, 93, 94, 97, 98, 99, 100, 101, 102, 103, 104, 105, 106, 107, 108, 109, 110, 111, 112, 113, 114, 115, 116, 117, 118, 119, 120, 121, 122, 123, 125, 126, 127, 128, 129, 130, 
>>> goclkernel[actssync]:: running ACTS PROCESS (Iteration 7)...
>>> kernel (proc) 0 time elapsed: 5.498 ms, 5498 microsecs, 
>>> kernel (proc) 1 time elapsed: 5.432 ms, 5432 microsecs, 
>>> kernel (proc) 2 time elapsed: 5.442 ms, 5442 microsecs, 
>>> kernel (proc) 3 time elapsed: 5.384 ms, 5384 microsecs, 
>>> kernel (proc) 4 time elapsed: 5.484 ms, 5484 microsecs, 
>>> kernel (proc) 5 time elapsed: 5.386 ms, 5386 microsecs, 
>>> kernel (proc) 6 time elapsed: 5.335 ms, 5335 microsecs, 
>>> kernel (proc) 7 time elapsed: 5.402 ms, 5402 microsecs, 
>>> kernel (proc) 8 time elapsed: 5.458 ms, 5458 microsecs, 
>>> kernel (proc) 9 time elapsed: 5.461 ms, 5461 microsecs, 
>>> kernel (proc) 10 time elapsed: 5.468 ms, 5468 microsecs, 
>>> kernel (proc) 11 time elapsed: 5.432 ms, 5432 microsecs, 
>>> kernel (proc) 12 time elapsed: 5.362 ms, 5362 microsecs, 
>>> kernel (proc) 13 time elapsed: 5.411 ms, 5411 microsecs, 
>>> kernel (proc) 14 time elapsed: 5.415 ms, 5415 microsecs, 
>>> kernel (proc) 15 time elapsed: 5.485 ms, 5485 microsecs, 
>>> kernel (proc) 16 time elapsed: 5.501 ms, 5501 microsecs, 
>>> kernel (proc) 17 time elapsed: 5.447 ms, 5447 microsecs, 
>>> kernel (proc) 18 time elapsed: 5.359 ms, 5359 microsecs, 
>>> kernel (proc) 19 time elapsed: 5.35 ms, 5350 microsecs, 
>>> kernel (proc) 20 time elapsed: 5.405 ms, 5405 microsecs, 
>>> kernel (proc) 21 time elapsed: 5.363 ms, 5363 microsecs, 
>>> kernel (proc) 22 time elapsed: 5.489 ms, 5489 microsecs, 
>>> kernel (proc) 23 time elapsed: 5.395 ms, 5395 microsecs, 
>>> kernel (proc) 24 time elapsed: 5.415 ms, 5415 microsecs, 
>>> kernel (proc) 25 time elapsed: 5.41 ms, 5410 microsecs, 
>>> kernel (proc) 26 time elapsed: 5.433 ms, 5433 microsecs, 
>>> kernel (proc) 27 time elapsed: 5.416 ms, 5416 microsecs, 
>>> kernel (proc) 28 time elapsed: 5.437 ms, 5437 microsecs, 
>>> kernel (proc) 29 time elapsed: 5.476 ms, 5476 microsecs, 
>>> kernel (proc) 30 time elapsed: 5.46 ms, 5460 microsecs, 
>>> kernel (proc) 31 time elapsed: 5.501 ms, 5501 microsecs, 
>>> SUMMARY: kernel (proc) average time elapsed for Iteration 7: 4.18574(4.18574) ms, 4.34897(0.163226) ms, 5.42626(1.07729) ms, 
>>> goclkernel[actssync]:: running ACTS SYNCHRONZE (Iteration 7)

active partitions for iteration 8: 0, 1, 2, 3, 4, 5, 6, 7, 8, 9, 10, 11, 12, 13, 14, 15, 16, 17, 18, 19, 20, 21, 26, 27, 28, 31, 32, 33, 34, 38, 39, 40, 43, 44, 46, 48, 49, 50, 52, 53, 61, 62, 63, 64, 67, 69, 70, 76, 77, 105, 107, 117, 118, 119, 120, 121, 127, 128, 129, 130, 
>>> goclkernel[actssync]:: running ACTS PROCESS (Iteration 8)...
>>> kernel (proc) 0 time elapsed: 2.441 ms, 2441 microsecs, 
>>> kernel (proc) 1 time elapsed: 2.331 ms, 2331 microsecs, 
>>> kernel (proc) 2 time elapsed: 2.398 ms, 2398 microsecs, 
>>> kernel (proc) 3 time elapsed: 2.386 ms, 2386 microsecs, 
>>> kernel (proc) 4 time elapsed: 2.436 ms, 2436 microsecs, 
>>> kernel (proc) 5 time elapsed: 2.327 ms, 2327 microsecs, 
>>> kernel (proc) 6 time elapsed: 2.387 ms, 2387 microsecs, 
>>> kernel (proc) 7 time elapsed: 2.436 ms, 2436 microsecs, 
>>> kernel (proc) 8 time elapsed: 2.432 ms, 2432 microsecs, 
>>> kernel (proc) 9 time elapsed: 2.398 ms, 2398 microsecs, 
>>> kernel (proc) 10 time elapsed: 2.293 ms, 2293 microsecs, 
>>> kernel (proc) 11 time elapsed: 2.406 ms, 2406 microsecs, 
>>> kernel (proc) 12 time elapsed: 2.375 ms, 2375 microsecs, 
>>> kernel (proc) 13 time elapsed: 2.336 ms, 2336 microsecs, 
>>> kernel (proc) 14 time elapsed: 2.415 ms, 2415 microsecs, 
>>> kernel (proc) 15 time elapsed: 2.457 ms, 2457 microsecs, 
>>> kernel (proc) 16 time elapsed: 2.386 ms, 2386 microsecs, 
>>> kernel (proc) 17 time elapsed: 2.401 ms, 2401 microsecs, 
>>> kernel (proc) 18 time elapsed: 2.274 ms, 2274 microsecs, 
>>> kernel (proc) 19 time elapsed: 2.385 ms, 2385 microsecs, 
>>> kernel (proc) 20 time elapsed: 2.327 ms, 2327 microsecs, 
>>> kernel (proc) 21 time elapsed: 2.386 ms, 2386 microsecs, 
>>> kernel (proc) 22 time elapsed: 2.361 ms, 2361 microsecs, 
>>> kernel (proc) 23 time elapsed: 2.604 ms, 2604 microsecs, 
>>> kernel (proc) 24 time elapsed: 2.477 ms, 2477 microsecs, 
>>> kernel (proc) 25 time elapsed: 2.418 ms, 2418 microsecs, 
>>> kernel (proc) 26 time elapsed: 2.375 ms, 2375 microsecs, 
>>> kernel (proc) 27 time elapsed: 2.362 ms, 2362 microsecs, 
>>> kernel (proc) 28 time elapsed: 2.349 ms, 2349 microsecs, 
>>> kernel (proc) 29 time elapsed: 2.358 ms, 2358 microsecs, 
>>> kernel (proc) 30 time elapsed: 2.413 ms, 2413 microsecs, 
>>> kernel (proc) 31 time elapsed: 2.344 ms, 2344 microsecs, 
>>> SUMMARY: kernel (proc) average time elapsed for Iteration 8: 2.07539(2.07539) ms, 2.14584(0.0704516) ms, 2.38816(0.242323) ms, 
>>> goclkernel[actssync]:: running ACTS SYNCHRONZE (Iteration 8)

active partitions for iteration 9: 6, 7, 9, 11, 14, 15, 16, 33, 38, 39, 52, 
>>> goclkernel[actssync]:: running ACTS PROCESS (Iteration 9)...
>>> kernel (proc) 0 time elapsed: 0.881 ms, 881 microsecs, 
>>> kernel (proc) 1 time elapsed: 0.902 ms, 902 microsecs, 
>>> kernel (proc) 2 time elapsed: 0.899 ms, 899 microsecs, 
>>> kernel (proc) 3 time elapsed: 0.905 ms, 905 microsecs, 
>>> kernel (proc) 4 time elapsed: 0.885 ms, 885 microsecs, 
>>> kernel (proc) 5 time elapsed: 0.875 ms, 875 microsecs, 
>>> kernel (proc) 6 time elapsed: 0.9 ms, 900 microsecs, 
>>> kernel (proc) 7 time elapsed: 0.885 ms, 885 microsecs, 
>>> kernel (proc) 8 time elapsed: 0.874 ms, 874 microsecs, 
>>> kernel (proc) 9 time elapsed: 0.875 ms, 875 microsecs, 
>>> kernel (proc) 10 time elapsed: 0.883 ms, 883 microsecs, 
>>> kernel (proc) 11 time elapsed: 0.855 ms, 855 microsecs, 
>>> kernel (proc) 12 time elapsed: 0.77 ms, 770 microsecs, 
>>> kernel (proc) 13 time elapsed: 0.882 ms, 882 microsecs, 
>>> kernel (proc) 14 time elapsed: 0.871 ms, 871 microsecs, 
>>> kernel (proc) 15 time elapsed: 0.896 ms, 896 microsecs, 
>>> kernel (proc) 16 time elapsed: 0.909 ms, 909 microsecs, 
>>> kernel (proc) 17 time elapsed: 0.859 ms, 859 microsecs, 
>>> kernel (proc) 18 time elapsed: 0.908 ms, 908 microsecs, 
>>> kernel (proc) 19 time elapsed: 0.874 ms, 874 microsecs, 
>>> kernel (proc) 20 time elapsed: 0.871 ms, 871 microsecs, 
>>> kernel (proc) 21 time elapsed: 0.873 ms, 873 microsecs, 
>>> kernel (proc) 22 time elapsed: 0.868 ms, 868 microsecs, 
>>> kernel (proc) 23 time elapsed: 0.827 ms, 827 microsecs, 
>>> kernel (proc) 24 time elapsed: 0.908 ms, 908 microsecs, 
>>> kernel (proc) 25 time elapsed: 0.763 ms, 763 microsecs, 
>>> kernel (proc) 26 time elapsed: 0.912 ms, 912 microsecs, 
>>> kernel (proc) 27 time elapsed: 0.909 ms, 909 microsecs, 
>>> kernel (proc) 28 time elapsed: 0.871 ms, 871 microsecs, 
>>> kernel (proc) 29 time elapsed: 0.871 ms, 871 microsecs, 
>>> kernel (proc) 30 time elapsed: 0.871 ms, 871 microsecs, 
>>> kernel (proc) 31 time elapsed: 0.886 ms, 886 microsecs, 
>>> SUMMARY: kernel (proc) average time elapsed for Iteration 9: 0.806129(0.806129) ms, 0.805935(-0.000193548) ms, 0.875387(0.0694516) ms, 
>>> goclkernel[actssync]:: running ACTS SYNCHRONZE (Iteration 9)

active partitions for iteration 10: 33, 
>>> goclkernel[actssync]:: running ACTS PROCESS (Iteration 10)...
>>> kernel (proc) 0 time elapsed: 0.595 ms, 595 microsecs, 
>>> kernel (proc) 1 time elapsed: 0.542 ms, 542 microsecs, 
>>> kernel (proc) 2 time elapsed: 0.551 ms, 551 microsecs, 
>>> kernel (proc) 3 time elapsed: 0.597 ms, 597 microsecs, 
>>> kernel (proc) 4 time elapsed: 0.597 ms, 597 microsecs, 
>>> kernel (proc) 5 time elapsed: 0.593 ms, 593 microsecs, 
>>> kernel (proc) 6 time elapsed: 0.544 ms, 544 microsecs, 
>>> kernel (proc) 7 time elapsed: 0.597 ms, 597 microsecs, 
>>> kernel (proc) 8 time elapsed: 0.622 ms, 622 microsecs, 
>>> kernel (proc) 9 time elapsed: 0.485 ms, 485 microsecs, 
>>> kernel (proc) 10 time elapsed: 0.609 ms, 609 microsecs, 
>>> kernel (proc) 11 time elapsed: 0.547 ms, 547 microsecs, 
>>> kernel (proc) 12 time elapsed: 0.592 ms, 592 microsecs, 
>>> kernel (proc) 13 time elapsed: 0.537 ms, 537 microsecs, 
>>> kernel (proc) 14 time elapsed: 0.587 ms, 587 microsecs, 
>>> kernel (proc) 15 time elapsed: 0.542 ms, 542 microsecs, 
>>> kernel (proc) 16 time elapsed: 0.603 ms, 603 microsecs, 
>>> kernel (proc) 17 time elapsed: 0.556 ms, 556 microsecs, 
>>> kernel (proc) 18 time elapsed: 0.601 ms, 601 microsecs, 
>>> kernel (proc) 19 time elapsed: 0.546 ms, 546 microsecs, 
>>> kernel (proc) 20 time elapsed: 0.593 ms, 593 microsecs, 
>>> kernel (proc) 21 time elapsed: 0.546 ms, 546 microsecs, 
>>> kernel (proc) 22 time elapsed: 0.602 ms, 602 microsecs, 
>>> kernel (proc) 23 time elapsed: 0.572 ms, 572 microsecs, 
>>> kernel (proc) 24 time elapsed: 0.597 ms, 597 microsecs, 
>>> kernel (proc) 25 time elapsed: 0.619 ms, 619 microsecs, 
>>> kernel (proc) 26 time elapsed: 0.596 ms, 596 microsecs, 
>>> kernel (proc) 27 time elapsed: 0.598 ms, 598 microsecs, 
>>> kernel (proc) 28 time elapsed: 0.605 ms, 605 microsecs, 
>>> kernel (proc) 29 time elapsed: 0.616 ms, 616 microsecs, 
>>> kernel (proc) 30 time elapsed: 0.604 ms, 604 microsecs, 
>>> kernel (proc) 31 time elapsed: 0.614 ms, 614 microsecs, 
>>> SUMMARY: kernel (proc) average time elapsed for Iteration 10: 0.42729(0.42729) ms, 0.462387(0.0350968) ms, 0.580968(0.118581) ms, 
>>> goclkernel[actssync]:: running ACTS SYNCHRONZE (Iteration 10)

active partitions for iteration 11: 
goclkernel::runapp2: no more active vertices to process. exiting... 
[1m[37m>>> SUMMARY: Total kernel time: 91.5731 ms[0m
0.0138723, -0.294304, 0.061144, [Iter 0 throughput: 0.0117588]
0.113271, 1.19819, 0.41392, [Iter 1 throughput: 0.0827888]
2.21786, 21.3813, 9.18926, [Iter 2 throughput: 1.64886]
163.462, 3069.8, 383.041, [Iter 3 throughput: 110.448]
5216.96, 8456.64, 3481.87, [Iter 4 throughput: 1674.66]
5304.48, 8549.56, 3604.74, [Iter 5 throughput: 1715.57]
576.639, 5066.34, 1339.14, [Iter 6 throughput: 373.368]
17.8181, 456.925, 69.2311, [Iter 7 throughput: 13.7446]
1.95723, 57.6566, 16.7628, [Iter 8 throughput: 1.70089]
0.109164, -454.667, 1.26707, [Iter 9 throughput: 0.100527]
0.00702099, 0.0854779, 0.0252992, [Iter 10 throughput: 0.0051638]
>>> app::run_hw: total_edges_processed: 114751558 edges (114 million edges)
>>> app::run_hw: total_time_elapsed: 91.5731 ms (0.0915731 s)
[1m[37m>>> app::run_hw: throughput: 1.25311e+09 edges/sec (1253.11 million edges/sec)[0m

utility::runsssp_sw:: running traditional sssp... 
utility::runsssp_sw: number of active vertices for iteration 0: 0
utility::runsssp_sw: number of active vertices for iteration 1: 4
utility::runsssp_sw: number of active vertices for iteration 2: 23
utility::runsssp_sw: number of active vertices for iteration 3: 1249
utility::runsssp_sw: number of active vertices for iteration 4: 110694
utility::runsssp_sw: number of active vertices for iteration 5: 752777
utility::runsssp_sw: number of active vertices for iteration 6: 194415
utility::runsssp_sw: number of active vertices for iteration 7: 9482
utility::runsssp_sw: number of active vertices for iteration 8: 461
utility::runsssp_sw: number of active vertices for iteration 9: 19
utility::runsssp_sw: number of active vertices for iteration 10: 1
utility::runsssp_sw: number of active vertices for iteration 11: 0
no more activer vertices to process. breaking out... 
>>> utility::runsssp_sw: total_edges_processed: 114751558 edges (114 million edges)
>>> utility::runsssp_sw: total_time_elapsed: 2204 ms (2.204 s)
[1m[37m>>> utility::runsssp_sw: throughput: 5.20651e+07 edges/sec (52.0651 million edges/sec)[0m

app::verifyresults_hw: verifying vertex data... 
utility::printvalues::app::verifyresults_hw.vdatas: verifying results after kernel run:: printing first 16 values
values[0]: 1
values[1]: 4
values[2]: 23
values[3]: 1249
values[4]: 110694
values[5]: 752777
values[6]: 194414
values[7]: 9482
values[8]: 461
values[9]: 19
values[10]: 1
values[11]: 0
values[12]: 0
values[13]: 0
values[14]: 0
values[15]: 0
printvalues:: total values: totalvalues: 1069125
graph::closetemporaryfilesforwriting : close temporary files for writing...
graph::closetemporaryfilesforreading : close files for reading...
graph::closefilesforreading : close files for reading...
=== STATS::TIMING AND SUMMARY RESULTS FOR ITERATION: 666 === 
>>> stats::summary Total number of kvReads in bank [0]: 131561968
>>> stats::summary Total number of kvReads for all threads: 131561968
>>> stats::summary Total time spent (SSD access): 0 milliseconds
>>> stats::summary Total time spent (SSD access): 0 seconds
>>> stats::summary Total time spent (OCL data transfers): 0 milliseconds
>>> stats::summary Total time spent (OCL data transfers): 0 seconds
>>> stats::summary Total time spent (Kernel Pre Process execution): 0 milliseconds
>>> stats::summary Total time spent (Kernel Pre Process execution): 0 seconds
>>> stats::summary Total time spent (Kernel execution): 0 milliseconds
>>> stats::summary Total time spent (Kernel execution): 0 seconds
>>> stats::summary Total time spent (Kernel Post Process execution): 0 milliseconds
>>> stats::summary Total time spent (Kernel Post Process execution): 0 seconds
>>> stats::summary Total time spent (Overall Kernel execution): 0 milliseconds
>>> stats::summary Total time spent (Overall Kernel execution): 0 seconds
>>> stats::summary Total time spent (Overall processing): 0 milliseconds
>>> stats::summary Total time spent (Overall processing): 0 seconds
>>> stats::summary Total time spent (Overall processing excluding SSD & OCL data transfers): 0 milliseconds
>>> stats::summary Total time spent (Overall processing excluding SSD & OCL data transfers): 0 seconds
>>> stats::summary Throughput (Kernel processing): inf keyvalues per second
>>> stats::summary Throughput (Kernel processing): inf million keyvalues per second
>>> stats::summary Throughput (Kernel processing): inf MB/s
>>> stats::summary Throughput (Overall processing): inf keyvalues per second
>>> stats::summary Throughput (Overall processing): inf million keyvalues per second
>>> stats::summary Throughput (Overall processing): inf MB/s
>>> stats::summary Throughput (Overall processing excluding SSD & OCL data transfers): inf keyvalues per second
>>> stats::summary Throughput (Overall processing excluding SSD & OCL data transfers): inf million keyvalues per second

graph::printdataset: printing dataset parameters...
>>> graphtopname: hollywood-2009
>>> graphname: hollywood-2009_dup
>>> graph_path: /localtmp/oj2zf/dataset/hollywood-2009/hollywood-2009.mtx
>>> vertices_path: /localtmp/oj2zf/dataset/hollywood-2009/hollywood-2009.vertices
>>> edges_path: /localtmp/oj2zf/dataset/hollywood-2009/hollywood-2009.edges
>>> vertices_path_bin: /localtmp/oj2zf/dataset/hollywood-2009/hollywood-2009_bin.vertices
>>> edges_path_bin: /localtmp/oj2zf/dataset/hollywood-2009/hollywood-2009_bin.edges
>>> min_vertex: 0
>>> max_vertex: 1139905
>>> num_vertices: 1139905
>>> num_edges: 115031232
>>> graphdirectiontype: 5
>>> graphorder: 6
>>> skewratio: 666
TEST FINISHED
[1m[37m>>> HOSTPROCESS:: TIMING SUMMARY: TOTAL TIME ELAPSED: : Time Elapsed = 416678399287[nanao seconds](Iteration 666)[0m
[1m[37m>>> HOSTPROCESS:: TIMING SUMMARY: TOTAL TIME ELAPSED: : Time Elapsed = 416678399[micro seconds](Iteration 666)[0m
[1m[37m>>> HOSTPROCESS:: TIMING SUMMARY: TOTAL TIME ELAPSED: : Time Elapsed = 416678[milli seconds](Iteration 666)[0m
[1m[37m>>> HOSTPROCESS:: TIMING SUMMARY: TOTAL TIME ELAPSED: : Time Elapsed = 416[seconds](Iteration 666)[0m

