Hostprocess:: Graph Analytics Started...
utility:: USEHBMMEMORY DEFINED
utility:: NUMDRAMBANKS: 4
utility:: NUMWORKERS: 1
utility:: NUMSUBWORKERS: 3
utility:: NUM_PARTITIONS: 16
utility:: NUMSUBCPUTHREADS: 32
utility:: DATAWIDTH: 512
utility:: VECTOR_SIZE: 8
utility:: KVDATA_RANGE: 2097152
utility:: KVDATA_RANGE_POW: 21
utility:: BATCH_RANGE: 2097152
utility:: BATCH_RANGE_POW: 21
utility:: TREE_DEPTH: 3
utility:: KVDATA_RANGE_POW: 21
utility:: KVDATA_RANGE: 2097152
utility:: MESSAGES_SIZE: 1024
utility:: LOCKE DEFINED
utility:: sizeof(keyvalue_t): 8 bytes (64 bits)
utility:: sizeof(vertex_t): 4 bytes (32 bits)
utility:: sizeof(edge_t): 4 bytes (32 bits)
utility:: MESSAGESDRAMSZ: 1024
utility:: VERTEXPTRSSZ: 1114112
utility:: VERTEXPTRSSZ_KVS: 139264
utility:: VERTICESDATASZ: 1048576
utility:: VERTICESDATASZ_KVS: 131072
>> host[baseoffsets]:: BASEOFFSET_MESSAGESDATA: 0
>> host[baseoffsets]:: BASEOFFSET_MESSAGESDATA_KVS: 0
>> host[baseoffsets]:: KVSOURCEDRAMSZ: 33554432
>> host[baseoffsets]:: KVSOURCEDRAMSZ_KVS: 4194304
>> host[baseoffsets]:: PADDEDKVSOURCEDRAMSZ: 33554432
>> host[baseoffsets]:: PADDEDKVSOURCEDRAMSZ_KVS: 4194304
>> host[baseoffsets]:: VDRAMSZ: 33554432
>> host[baseoffsets]:: PADDEDVDRAMSZ: 33554432
>> host[baseoffsets]:: PADDEDVDRAMSZ_KVS: 4194304
>> host[sizes]:: MESSAGESDRAMSZ (keyvalues): 1024 keyvalues
>> host[sizes]:: VERTEXPTRSSZ (keyvalues): 1114112 keyvalues
>> host[sizes]:: VERTICESDATASZ (keyvalues): 1048576 keyvalues
>> host[sizes]:: ACTIVEVERTICESSZ (keyvalues): 0 keyvalues
>> host[sizes]:: VERTICESDATAMASKSZ (keyvalues): 65536 keyvalues
>> host[sizes]:: KVSTATSDRAMSZ (keyvalues): 65536 keyvalues
>> host[sizes]:: PADDEDVDRAMSZ (keyvalues): 33554432 keyvalues
>> host[sizes]:: PADDEDKVSOURCEDRAMSZ (keyvalues): 33554432 keyvalues
>> host[bytes]:: MESSAGESDRAMSZ (bytes): 8192 bytes
>> host[bytes]:: KVSTATSDRAMSZ (bytes): 524288 bytes
>> host[bytes]:: VERTEXPTRSSZ (bytes): 8912896 bytes
>> host[bytes]:: VERTICESDATASZ (bytes): 8388608 bytes
>> host[bytes]:: ACTIVEVERTICESSZ (bytes): 0 bytes
>> host[bytes]:: VERTICESDATAMASKSZ (bytes): 524288 bytes
>> host[bytes]:: PADDEDVDRAMSZ (bytes): 268435456 bytes
>> host[bytes]:: PADDEDKVSOURCEDRAMSZ (bytes): 268435456 bytes
utility:: KVSTATSDRAMSZ: 65536
utility:: NUMLASTLEVELPARTITIONS: 4096
utility:: REDUCESZ_POW: 9
utility:: REDUCESZ: 512
utility:: REDUCEBUFFERSZ: 256
utility:: VMASKBUFFERSZ_KVS: 16
utility:: NUMLASTLEVELPARTITIONS: 4096
utility:: ENABLE_KERNEL_PROFILING DEFINED: 
graph::graph constructor:: datasetid: 31, _numedgebanks: 1
graph::loadalldatasets:: 
graph::loadalldatasets finished. 
graph::printdataset: printing dataset parameters...
>>> graphtopname: hollywood-2009
>>> graphname: hollywood-2009_dup
>>> graph_path: /localtmp/oj2zf/dataset/hollywood-2009/hollywood-2009.mtx
>>> vertices_path: /localtmp/oj2zf/dataset/hollywood-2009/hollywood-2009.vertices
>>> edges_path: /localtmp/oj2zf/dataset/hollywood-2009/hollywood-2009.edges
>>> vertices_path_bin: /localtmp/oj2zf/dataset/hollywood-2009/hollywood-2009_bin.vertices
>>> edges_path_bin: /localtmp/oj2zf/dataset/hollywood-2009/hollywood-2009_bin.edges
>>> min_vertex: 0
>>> max_vertex: 1139905
>>> num_vertices: 1139905
>>> num_edges: 115031232
>>> graphdirectiontype: 5
>>> graphorder: 6
>>> skewratio: 666
app::run_hw:: app algorithm started. 
graph::opentemporaryfilesforwriting : opening temporary files for writing...
Directory already exists.INFO: Successfully opened /localtmp/oj2zf/dataset/hollywood-2009/hollywood-2009_1by1/hollywood-2009_dup.vdata
INFO: Successfully opened /localtmp/oj2zf/dataset/hollywood-2009/hollywood-2009_1by1/hollywood-2009_dup.vproperties
graph::opentemporaryfilesforreading : opening temporary files for reading
INFO: Successfully opened /localtmp/oj2zf/dataset/hollywood-2009/hollywood-2009_1by1/hollywood-2009_dup.vdata
INFO: Successfully opened /localtmp/oj2zf/dataset/hollywood-2009/hollywood-2009_1by1/hollywood-2009_dup.vproperties
generating vertices data... 
graph::openfilesforreading : opening files for reading
INFO: Successfully opened /localtmp/oj2zf/dataset/hollywood-2009/hollywood-2009_1by1/hollywood-2009_dup_0_0.vertexptrs
INFO: Successfully opened /localtmp/oj2zf/dataset/hollywood-2009/hollywood-2009_1by1/hollywood-2009_dup_0_0.vertexptrs
INFO: Successfully opened /localtmp/oj2zf/dataset/hollywood-2009/hollywood-2009_1by1/hollywood-2009_dup_0_0.edges
INFO: Successfully opened /localtmp/oj2zf/dataset/hollywood-2009/hollywood-2009_1by1/hollywood-2009_dup_0_0.edges
loadedges_rowblockwise:: loading Acts... sizes: [[4111312, 4111312, 4111312, 4111312, 4111312, 4111312, 4111312, 4111312, 4111312, 4111312, 4111312, 4111312, 4111312, 4111312, 4111312, 4111312, 4111312, 4111312, 4111312, 4111312, 4111312, 4111312, 4111312, 4111312, 4111312, 4111312, 4111312, 4111312, 4111312, 4111312, 4111312, 4111296]]
loadedges_rowblockwise:: total sizes: 131561968
maxvptr: 4111312
app::loadvertexdata:: loading vertex datas... 
app::setrootvid:: setting root vid(s)... 
app::loadactvvertices:: loading active vertices... 
app::generatevmaskdata:: generating vmask... 
app::loadoffsetmarkers:: loading offset markers... 
app::loadmessages:: loading messages... 
[globalparams.BASEOFFSET_MESSAGESDATA: 0]
[globalparams.BASEOFFSETKVS_MESSAGESDATA: 0]
[globalparams.BASEOFFSET_EDGESDATA: 8192]
[globalparams.BASEOFFSETKVS_EDGESDATA: 1024]
[globalparams.BASEOFFSET_VERTEXPTR: 2129384]
[globalparams.BASEOFFSETKVS_VERTEXPTR: 266173]
[globalparams.BASEOFFSET_VERTICESDATA: 3243496]
[globalparams.BASEOFFSETKVS_VERTICESDATA: 405437]
[globalparams.BASEOFFSET_ACTIVEVERTICES: 4292072]
[globalparams.BASEOFFSETKVS_ACTIVEVERTICES: 536509]
[globalparams.BASEOFFSET_VERTICESDATAMASK: 4292072]
[globalparams.BASEOFFSETKVS_VERTICESDATAMASK: 536509]
[globalparams.BASEOFFSET_VERTICESPARTITIONMASK : 4357608]
[globalparams.BASEOFFSETKVS_VERTICESPARTITIONMASK: 544701]
[globalparams.BASEOFFSET_STATSDRAM: 4361704]
[globalparams.BASEOFFSETKVS_STATSDRAM: 545213]
[globalparams.BASEOFFSET_KVDRAM: 4885992]
[globalparams.BASEOFFSETKVS_KVDRAM: 610749]
[globalparams.BASEOFFSET_KVDRAMWORKSPACE: 8997896]
[globalparams.BASEOFFSETKVS_KVDRAMWORKSPACE: 1124737]
[globalparams.SIZE_MESSAGESDRAM: 0]
[globalparams.SIZE_EDGES: 4112312]
[globalparams.SIZE_VERTEXPTRS: 2097152]
[globalparams.SIZE_VERTICESDATA: 2097152]
[globalparams.SIZE_ACTIVEVERTICES: 0]
[globalparams.SIZE_VERTICESDATAMASK: 65536]
[globalparams.SIZE_KVSTATSDRAM: 65536]
[globalparams.SIZE_KVDRAM: 4111904]
[globalparams.SIZE_KVDRAMWORKSPACE: 4111904]
[1m[37m>> host[sizes]:: PADDEDKVSOURCEDRAMSZ (keyvalues): 33554432 keyvalues[0m
[1m[37m>> host[bytes]:: PADDEDKVSOURCEDRAMSZ (bytes): 268435456 bytes[0m
[1m[37m>> host[sizes]:: valid PADDEDKVSOURCEDRAMSZ (keyvalues): 13109800 keyvalues[0m
[1m[37m>> host[bytes]:: valid PADDEDKVSOURCEDRAMSZ (bytes): 104878400 bytes. (HBM max=268435456 bytes)[0m
loadmessages:: loading Acts... sizes: [[4111312, 4111312, 4111312, 4111312, 4111312, 4111312, 4111312, 4111312, 4111312, 4111312, 4111312, 4111312, 4111312, 4111312, 4111312, 4111312, 4111312, 4111312, 4111312, 4111312, 4111312, 4111312, 4111312, 4111312, 4111312, 4111312, 4111312, 4111312, 4111312, 4111312, 4111312, 4111296]]
loadmessages:: total sizes: 131561968
app::appendkeyvaluecount:: appending value count... 
app::experiements: resetting kvdram & kvdram workspaces...

utility::runsssp_sw:: running traditional sssp... 
utility::runsssp_sw: number of active vertices for iteration 0: 0
utility::runsssp_sw: number of active vertices for iteration 1: 4
utility::runsssp_sw: number of active vertices for iteration 2: 23
utility::runsssp_sw: number of active vertices for iteration 3: 1249
utility::runsssp_sw: number of active vertices for iteration 4: 110694
utility::runsssp_sw: number of active vertices for iteration 5: 752777
utility::runsssp_sw: number of active vertices for iteration 6: 194415
utility::runsssp_sw: number of active vertices for iteration 7: 9482
utility::runsssp_sw: number of active vertices for iteration 8: 461
utility::runsssp_sw: number of active vertices for iteration 9: 19
utility::runsssp_sw: number of active vertices for iteration 10: 1
utility::runsssp_sw: number of active vertices for iteration 11: 0
no more activer vertices to process. breaking out... 
>>> utility::runsssp_sw: total_edges_processed: 114751558 edges (114 million edges)
>>> utility::runsssp_sw: total_time_elapsed: 1438 ms (1.438 s)
[1m[37m>>> utility::runsssp_sw: throughput: 7.97994e+07 edges/sec (79.7994 million edges/sec)[0m

[1m[37m>>> app::run_hw: app started. (1 active vertices)[0m
Found Platform
Platform Name: Xilinx
Found Device=xilinx_u280_xdma_201910_1
INFO: Reading /home/oj2zf/Documents/ActsOfAGraph/synkernels/goldenkernelprocsssp32HW120MHz.xclbin
Loading: '/home/oj2zf/Documents/ActsOfAGraph/synkernels/goldenkernelprocsssp32HW120MHz.xclbin'
INFO: Reading /home/oj2zf/Documents/ActsOfAGraph/synkernels/goldenkernelsync32HW120MHz.xclbin
Loading: '/home/oj2zf/Documents/ActsOfAGraph/synkernels/goldenkernelsync32HW120MHz.xclbin'
>>> goclkernel[actssync]:: running ACTS PROCESS (Iteration 0)...
>>> kernel (proc) 0 time elapsed: 0.643 ms, 643 microsecs, 
>>> kernel (proc) 1 time elapsed: 0.599 ms, 599 microsecs, 
>>> kernel (proc) 2 time elapsed: 0.605 ms, 605 microsecs, 
>>> kernel (proc) 3 time elapsed: 0.599 ms, 599 microsecs, 
>>> kernel (proc) 4 time elapsed: 0.597 ms, 597 microsecs, 
>>> kernel (proc) 5 time elapsed: 0.6 ms, 600 microsecs, 
>>> kernel (proc) 6 time elapsed: 0.597 ms, 597 microsecs, 
>>> kernel (proc) 7 time elapsed: 0.578 ms, 578 microsecs, 
>>> kernel (proc) 8 time elapsed: 0.641 ms, 641 microsecs, 
>>> kernel (proc) 9 time elapsed: 0.709 ms, 709 microsecs, 
>>> kernel (proc) 10 time elapsed: 0.71 ms, 710 microsecs, 
>>> kernel (proc) 11 time elapsed: 0.653 ms, 653 microsecs, 
>>> kernel (proc) 12 time elapsed: 0.707 ms, 707 microsecs, 
>>> kernel (proc) 13 time elapsed: 0.722 ms, 722 microsecs, 
>>> kernel (proc) 14 time elapsed: 0.707 ms, 707 microsecs, 
>>> kernel (proc) 15 time elapsed: 0.717 ms, 717 microsecs, 
>>> kernel (proc) 16 time elapsed: 0.658 ms, 658 microsecs, 
>>> kernel (proc) 17 time elapsed: 0.716 ms, 716 microsecs, 
>>> kernel (proc) 18 time elapsed: 0.724 ms, 724 microsecs, 
>>> kernel (proc) 19 time elapsed: 0.8 ms, 800 microsecs, 
>>> kernel (proc) 20 time elapsed: 0.773 ms, 773 microsecs, 
>>> kernel (proc) 21 time elapsed: 0.685 ms, 685 microsecs, 
>>> kernel (proc) 22 time elapsed: 0.662 ms, 662 microsecs, 
>>> kernel (proc) 23 time elapsed: 0.641 ms, 641 microsecs, 
>>> kernel (proc) 24 time elapsed: 0.793 ms, 793 microsecs, 
>>> kernel (proc) 25 time elapsed: 0.579 ms, 579 microsecs, 
>>> kernel (proc) 26 time elapsed: 0.66 ms, 660 microsecs, 
>>> kernel (proc) 27 time elapsed: 0.596 ms, 596 microsecs, 
>>> kernel (proc) 28 time elapsed: 0.704 ms, 704 microsecs, 
>>> kernel (proc) 29 time elapsed: 0.656 ms, 656 microsecs, 
>>> kernel (proc) 30 time elapsed: 0.717 ms, 717 microsecs, 
>>> kernel (proc) 31 time elapsed: 0.657 ms, 657 microsecs, 
>>> SUMMARY: kernel (proc) average time elapsed for Iteration 0: 0.531516(0.531516) ms, 0.522129(-0.0093871) ms, 0.669742(0.147613) ms, 
>>> goclkernel[actssync]:: running ACTS SYNCHRONZE (Iteration 0)

active partitions for iteration 1: 0, 26, 
>>> goclkernel[actssync]:: running ACTS PROCESS (Iteration 1)...
>>> kernel (proc) 0 time elapsed: 0.761 ms, 761 microsecs, 
>>> kernel (proc) 1 time elapsed: 0.945 ms, 945 microsecs, 
>>> kernel (proc) 2 time elapsed: 0.899 ms, 899 microsecs, 
>>> kernel (proc) 3 time elapsed: 0.793 ms, 793 microsecs, 
>>> kernel (proc) 4 time elapsed: 0.65 ms, 650 microsecs, 
>>> kernel (proc) 5 time elapsed: 0.663 ms, 663 microsecs, 
>>> kernel (proc) 6 time elapsed: 0.681 ms, 681 microsecs, 
>>> kernel (proc) 7 time elapsed: 0.793 ms, 793 microsecs, 
>>> kernel (proc) 8 time elapsed: 0.857 ms, 857 microsecs, 
>>> kernel (proc) 9 time elapsed: 0.731 ms, 731 microsecs, 
>>> kernel (proc) 10 time elapsed: 0.85 ms, 850 microsecs, 
>>> kernel (proc) 11 time elapsed: 0.672 ms, 672 microsecs, 
>>> kernel (proc) 12 time elapsed: 0.651 ms, 651 microsecs, 
>>> kernel (proc) 13 time elapsed: 0.696 ms, 696 microsecs, 
>>> kernel (proc) 14 time elapsed: 0.845 ms, 845 microsecs, 
>>> kernel (proc) 15 time elapsed: 0.726 ms, 726 microsecs, 
>>> kernel (proc) 16 time elapsed: 0.733 ms, 733 microsecs, 
>>> kernel (proc) 17 time elapsed: 0.742 ms, 742 microsecs, 
>>> kernel (proc) 18 time elapsed: 0.855 ms, 855 microsecs, 
>>> kernel (proc) 19 time elapsed: 0.656 ms, 656 microsecs, 
>>> kernel (proc) 20 time elapsed: 0.789 ms, 789 microsecs, 
>>> kernel (proc) 21 time elapsed: 0.848 ms, 848 microsecs, 
>>> kernel (proc) 22 time elapsed: 0.847 ms, 847 microsecs, 
>>> kernel (proc) 23 time elapsed: 0.731 ms, 731 microsecs, 
>>> kernel (proc) 24 time elapsed: 0.731 ms, 731 microsecs, 
>>> kernel (proc) 25 time elapsed: 0.727 ms, 727 microsecs, 
>>> kernel (proc) 26 time elapsed: 0.625 ms, 625 microsecs, 
>>> kernel (proc) 27 time elapsed: 0.721 ms, 721 microsecs, 
>>> kernel (proc) 28 time elapsed: 0.731 ms, 731 microsecs, 
>>> kernel (proc) 29 time elapsed: 0.88 ms, 880 microsecs, 
>>> kernel (proc) 30 time elapsed: 0.868 ms, 868 microsecs, 
>>> kernel (proc) 31 time elapsed: 0.855 ms, 855 microsecs, 
>>> SUMMARY: kernel (proc) average time elapsed for Iteration 1: 0.551484(0.551484) ms, 0.572258(0.0207742) ms, 0.767452(0.195194) ms, 
>>> goclkernel[actssync]:: running ACTS SYNCHRONZE (Iteration 1)

active partitions for iteration 2: 0, 1, 9, 14, 26, 40, 47, 73, 121, 
>>> goclkernel[actssync]:: running ACTS PROCESS (Iteration 2)...
>>> kernel (proc) 0 time elapsed: 1.692 ms, 1692 microsecs, 
>>> kernel (proc) 1 time elapsed: 1.8 ms, 1800 microsecs, 
>>> kernel (proc) 2 time elapsed: 1.627 ms, 1627 microsecs, 
>>> kernel (proc) 3 time elapsed: 1.497 ms, 1497 microsecs, 
>>> kernel (proc) 4 time elapsed: 1.647 ms, 1647 microsecs, 
>>> kernel (proc) 5 time elapsed: 1.488 ms, 1488 microsecs, 
>>> kernel (proc) 6 time elapsed: 1.649 ms, 1649 microsecs, 
>>> kernel (proc) 7 time elapsed: 1.827 ms, 1827 microsecs, 
>>> kernel (proc) 8 time elapsed: 1.748 ms, 1748 microsecs, 
>>> kernel (proc) 9 time elapsed: 1.739 ms, 1739 microsecs, 
>>> kernel (proc) 10 time elapsed: 1.657 ms, 1657 microsecs, 
>>> kernel (proc) 11 time elapsed: 1.573 ms, 1573 microsecs, 
>>> kernel (proc) 12 time elapsed: 1.685 ms, 1685 microsecs, 
>>> kernel (proc) 13 time elapsed: 1.787 ms, 1787 microsecs, 
>>> kernel (proc) 14 time elapsed: 1.652 ms, 1652 microsecs, 
>>> kernel (proc) 15 time elapsed: 1.516 ms, 1516 microsecs, 
>>> kernel (proc) 16 time elapsed: 1.737 ms, 1737 microsecs, 
>>> kernel (proc) 17 time elapsed: 1.746 ms, 1746 microsecs, 
>>> kernel (proc) 18 time elapsed: 1.476 ms, 1476 microsecs, 
>>> kernel (proc) 19 time elapsed: 1.43 ms, 1430 microsecs, 
>>> kernel (proc) 20 time elapsed: 1.659 ms, 1659 microsecs, 
>>> kernel (proc) 21 time elapsed: 1.627 ms, 1627 microsecs, 
>>> kernel (proc) 22 time elapsed: 1.588 ms, 1588 microsecs, 
>>> kernel (proc) 23 time elapsed: 1.694 ms, 1694 microsecs, 
>>> kernel (proc) 24 time elapsed: 1.853 ms, 1853 microsecs, 
>>> kernel (proc) 25 time elapsed: 1.697 ms, 1697 microsecs, 
>>> kernel (proc) 26 time elapsed: 1.522 ms, 1522 microsecs, 
>>> kernel (proc) 27 time elapsed: 1.776 ms, 1776 microsecs, 
>>> kernel (proc) 28 time elapsed: 1.696 ms, 1696 microsecs, 
>>> kernel (proc) 29 time elapsed: 1.736 ms, 1736 microsecs, 
>>> kernel (proc) 30 time elapsed: 1.633 ms, 1633 microsecs, 
>>> kernel (proc) 31 time elapsed: 1.715 ms, 1715 microsecs, 
>>> SUMMARY: kernel (proc) average time elapsed for Iteration 2: 1.26503(1.26503) ms, 1.31829(0.0532581) ms, 1.66055(0.342258) ms, 
>>> goclkernel[actssync]:: running ACTS SYNCHRONZE (Iteration 2)

active partitions for iteration 3: 0, 1, 3, 4, 7, 9, 10, 14, 15, 19, 22, 24, 26, 28, 29, 30, 31, 33, 34, 35, 36, 37, 38, 40, 41, 43, 44, 45, 47, 48, 49, 50, 51, 52, 53, 56, 58, 59, 61, 63, 65, 67, 68, 69, 70, 71, 72, 73, 74, 75, 76, 77, 79, 82, 83, 85, 87, 90, 95, 96, 97, 100, 102, 103, 104, 107, 108, 110, 111, 113, 114, 115, 116, 117, 120, 121, 123, 124, 125, 126, 
>>> goclkernel[actssync]:: running ACTS PROCESS (Iteration 3)...
>>> kernel (proc) 0 time elapsed: 8.324 ms, 8324 microsecs, 
>>> kernel (proc) 1 time elapsed: 8.24 ms, 8240 microsecs, 
>>> kernel (proc) 2 time elapsed: 8.163 ms, 8163 microsecs, 
>>> kernel (proc) 3 time elapsed: 8.325 ms, 8325 microsecs, 
>>> kernel (proc) 4 time elapsed: 8.205 ms, 8205 microsecs, 
>>> kernel (proc) 5 time elapsed: 8.254 ms, 8254 microsecs, 
>>> kernel (proc) 6 time elapsed: 8.263 ms, 8263 microsecs, 
>>> kernel (proc) 7 time elapsed: 8.342 ms, 8342 microsecs, 
>>> kernel (proc) 8 time elapsed: 8.329 ms, 8329 microsecs, 
>>> kernel (proc) 9 time elapsed: 8.336 ms, 8336 microsecs, 
>>> kernel (proc) 10 time elapsed: 8.355 ms, 8355 microsecs, 
>>> kernel (proc) 11 time elapsed: 8.339 ms, 8339 microsecs, 
>>> kernel (proc) 12 time elapsed: 8.228 ms, 8228 microsecs, 
>>> kernel (proc) 13 time elapsed: 8.186 ms, 8186 microsecs, 
>>> kernel (proc) 14 time elapsed: 8.283 ms, 8283 microsecs, 
>>> kernel (proc) 15 time elapsed: 8.309 ms, 8309 microsecs, 
>>> kernel (proc) 16 time elapsed: 8.312 ms, 8312 microsecs, 
>>> kernel (proc) 17 time elapsed: 8.24 ms, 8240 microsecs, 
>>> kernel (proc) 18 time elapsed: 8.294 ms, 8294 microsecs, 
>>> kernel (proc) 19 time elapsed: 8.143 ms, 8143 microsecs, 
>>> kernel (proc) 20 time elapsed: 8.215 ms, 8215 microsecs, 
>>> kernel (proc) 21 time elapsed: 8.255 ms, 8255 microsecs, 
>>> kernel (proc) 22 time elapsed: 8.315 ms, 8315 microsecs, 
>>> kernel (proc) 23 time elapsed: 8.321 ms, 8321 microsecs, 
>>> kernel (proc) 24 time elapsed: 8.273 ms, 8273 microsecs, 
>>> kernel (proc) 25 time elapsed: 8.337 ms, 8337 microsecs, 
>>> kernel (proc) 26 time elapsed: 8.302 ms, 8302 microsecs, 
>>> kernel (proc) 27 time elapsed: 8.224 ms, 8224 microsecs, 
>>> kernel (proc) 28 time elapsed: 8.248 ms, 8248 microsecs, 
>>> kernel (proc) 29 time elapsed: 8.326 ms, 8326 microsecs, 
>>> kernel (proc) 30 time elapsed: 8.309 ms, 8309 microsecs, 
>>> kernel (proc) 31 time elapsed: 8.309 ms, 8309 microsecs, 
>>> SUMMARY: kernel (proc) average time elapsed for Iteration 3: 5.56206(5.56206) ms, 5.82006(0.258) ms, 8.27677(2.45671) ms, 
>>> goclkernel[actssync]:: running ACTS SYNCHRONZE (Iteration 3)

active partitions for iteration 4: 0, 1, 2, 3, 4, 5, 6, 7, 8, 9, 10, 11, 12, 13, 14, 15, 16, 17, 18, 19, 20, 21, 22, 23, 24, 25, 26, 27, 28, 29, 30, 31, 32, 33, 34, 35, 36, 37, 38, 39, 40, 41, 42, 43, 44, 45, 46, 47, 48, 49, 50, 51, 52, 53, 54, 55, 56, 57, 58, 59, 60, 61, 62, 63, 64, 65, 66, 67, 68, 69, 70, 71, 72, 73, 74, 75, 76, 77, 78, 79, 80, 81, 82, 83, 84, 85, 86, 87, 88, 89, 90, 91, 92, 93, 94, 95, 96, 97, 98, 99, 100, 101, 102, 103, 104, 105, 106, 107, 108, 109, 110, 111, 112, 113, 114, 115, 116, 117, 118, 119, 120, 121, 122, 123, 124, 125, 126, 127, 128, 129, 130, 
>>> goclkernel[actssync]:: running ACTS PROCESS (Iteration 4)...
>>> kernel (proc) 0 time elapsed: 42.781 ms, 42781 microsecs, 
>>> kernel (proc) 1 time elapsed: 42.683 ms, 42683 microsecs, 
>>> kernel (proc) 2 time elapsed: 42.777 ms, 42777 microsecs, 
>>> kernel (proc) 3 time elapsed: 42.77 ms, 42770 microsecs, 
>>> kernel (proc) 4 time elapsed: 42.768 ms, 42768 microsecs, 
>>> kernel (proc) 5 time elapsed: 42.827 ms, 42827 microsecs, 
>>> kernel (proc) 6 time elapsed: 42.812 ms, 42812 microsecs, 
>>> kernel (proc) 7 time elapsed: 42.778 ms, 42778 microsecs, 
>>> kernel (proc) 8 time elapsed: 42.773 ms, 42773 microsecs, 
>>> kernel (proc) 9 time elapsed: 42.694 ms, 42694 microsecs, 
>>> kernel (proc) 10 time elapsed: 42.822 ms, 42822 microsecs, 
>>> kernel (proc) 11 time elapsed: 42.84 ms, 42840 microsecs, 
>>> kernel (proc) 12 time elapsed: 42.778 ms, 42778 microsecs, 
>>> kernel (proc) 13 time elapsed: 42.699 ms, 42699 microsecs, 
>>> kernel (proc) 14 time elapsed: 42.778 ms, 42778 microsecs, 
>>> kernel (proc) 15 time elapsed: 42.817 ms, 42817 microsecs, 
>>> kernel (proc) 16 time elapsed: 42.787 ms, 42787 microsecs, 
>>> kernel (proc) 17 time elapsed: 42.744 ms, 42744 microsecs, 
>>> kernel (proc) 18 time elapsed: 42.707 ms, 42707 microsecs, 
>>> kernel (proc) 19 time elapsed: 42.642 ms, 42642 microsecs, 
>>> kernel (proc) 20 time elapsed: 42.817 ms, 42817 microsecs, 
>>> kernel (proc) 21 time elapsed: 42.795 ms, 42795 microsecs, 
>>> kernel (proc) 22 time elapsed: 42.763 ms, 42763 microsecs, 
>>> kernel (proc) 23 time elapsed: 42.807 ms, 42807 microsecs, 
>>> kernel (proc) 24 time elapsed: 42.796 ms, 42796 microsecs, 
>>> kernel (proc) 25 time elapsed: 42.677 ms, 42677 microsecs, 
>>> kernel (proc) 26 time elapsed: 42.716 ms, 42716 microsecs, 
>>> kernel (proc) 27 time elapsed: 42.769 ms, 42769 microsecs, 
>>> kernel (proc) 28 time elapsed: 42.805 ms, 42805 microsecs, 
>>> kernel (proc) 29 time elapsed: 42.721 ms, 42721 microsecs, 
>>> kernel (proc) 30 time elapsed: 42.735 ms, 42735 microsecs, 
>>> kernel (proc) 31 time elapsed: 42.706 ms, 42706 microsecs, 
>>> SUMMARY: kernel (proc) average time elapsed for Iteration 4: 14.9983(14.9983) ms, 24.5113(9.51294) ms, 42.7614(18.2501) ms, 
>>> goclkernel[actssync]:: running ACTS SYNCHRONZE (Iteration 4)

active partitions for iteration 5: 0, 1, 2, 3, 4, 5, 6, 7, 8, 9, 10, 11, 12, 13, 14, 15, 16, 17, 18, 19, 20, 21, 22, 23, 24, 25, 26, 27, 28, 29, 30, 31, 32, 33, 34, 35, 36, 37, 38, 39, 40, 41, 42, 43, 44, 45, 46, 47, 48, 49, 50, 51, 52, 53, 54, 55, 56, 57, 58, 59, 60, 61, 62, 63, 64, 65, 66, 67, 68, 69, 70, 71, 72, 73, 74, 75, 76, 77, 78, 79, 80, 81, 82, 83, 84, 85, 86, 87, 88, 89, 90, 91, 92, 93, 94, 95, 96, 97, 98, 99, 100, 101, 102, 103, 104, 105, 106, 107, 108, 109, 110, 111, 112, 113, 114, 115, 116, 117, 118, 119, 120, 121, 122, 123, 124, 125, 126, 127, 128, 129, 130, 
>>> goclkernel[actssync]:: running ACTS PROCESS (Iteration 5)...
>>> kernel (proc) 0 time elapsed: 46.027 ms, 46027 microsecs, 
>>> kernel (proc) 1 time elapsed: 46.015 ms, 46015 microsecs, 
>>> kernel (proc) 2 time elapsed: 46.189 ms, 46189 microsecs, 
>>> kernel (proc) 3 time elapsed: 46.238 ms, 46238 microsecs, 
>>> kernel (proc) 4 time elapsed: 46.148 ms, 46148 microsecs, 
>>> kernel (proc) 5 time elapsed: 46.165 ms, 46165 microsecs, 
>>> kernel (proc) 6 time elapsed: 46.168 ms, 46168 microsecs, 
>>> kernel (proc) 7 time elapsed: 46.128 ms, 46128 microsecs, 
>>> kernel (proc) 8 time elapsed: 46.103 ms, 46103 microsecs, 
>>> kernel (proc) 9 time elapsed: 46.132 ms, 46132 microsecs, 
>>> kernel (proc) 10 time elapsed: 46.13 ms, 46130 microsecs, 
>>> kernel (proc) 11 time elapsed: 46.118 ms, 46118 microsecs, 
>>> kernel (proc) 12 time elapsed: 46.178 ms, 46178 microsecs, 
>>> kernel (proc) 13 time elapsed: 46.03 ms, 46030 microsecs, 
>>> kernel (proc) 14 time elapsed: 46.143 ms, 46143 microsecs, 
>>> kernel (proc) 15 time elapsed: 46.133 ms, 46133 microsecs, 
>>> kernel (proc) 16 time elapsed: 46.172 ms, 46172 microsecs, 
>>> kernel (proc) 17 time elapsed: 46.126 ms, 46126 microsecs, 
>>> kernel (proc) 18 time elapsed: 46.136 ms, 46136 microsecs, 
>>> kernel (proc) 19 time elapsed: 46.153 ms, 46153 microsecs, 
>>> kernel (proc) 20 time elapsed: 46.143 ms, 46143 microsecs, 
>>> kernel (proc) 21 time elapsed: 46.083 ms, 46083 microsecs, 
>>> kernel (proc) 22 time elapsed: 46.095 ms, 46095 microsecs, 
>>> kernel (proc) 23 time elapsed: 46.008 ms, 46008 microsecs, 
>>> kernel (proc) 24 time elapsed: 46.135 ms, 46135 microsecs, 
>>> kernel (proc) 25 time elapsed: 46.174 ms, 46174 microsecs, 
>>> kernel (proc) 26 time elapsed: 46.188 ms, 46188 microsecs, 
>>> kernel (proc) 27 time elapsed: 45.965 ms, 45965 microsecs, 
>>> kernel (proc) 28 time elapsed: 46.08 ms, 46080 microsecs, 
>>> kernel (proc) 29 time elapsed: 46.022 ms, 46022 microsecs, 
>>> kernel (proc) 30 time elapsed: 46.103 ms, 46103 microsecs, 
>>> kernel (proc) 31 time elapsed: 46.143 ms, 46143 microsecs, 
>>> SUMMARY: kernel (proc) average time elapsed for Iteration 5: 16.3263(16.3263) ms, 26.6589(10.3327) ms, 46.1208(19.4618) ms, 
>>> goclkernel[actssync]:: running ACTS SYNCHRONZE (Iteration 5)

active partitions for iteration 6: 0, 1, 2, 3, 4, 5, 6, 7, 8, 9, 10, 11, 12, 13, 14, 15, 16, 17, 18, 19, 20, 21, 22, 23, 24, 25, 26, 27, 28, 29, 30, 31, 32, 33, 34, 35, 36, 37, 38, 39, 40, 41, 42, 43, 44, 45, 46, 47, 48, 49, 50, 51, 52, 53, 54, 55, 56, 57, 58, 59, 60, 61, 62, 63, 64, 65, 66, 67, 68, 69, 70, 71, 72, 73, 74, 75, 76, 77, 78, 79, 80, 81, 82, 83, 84, 85, 86, 87, 88, 89, 90, 91, 92, 93, 94, 95, 97, 98, 99, 100, 101, 102, 103, 104, 105, 106, 107, 108, 109, 110, 111, 112, 113, 114, 115, 116, 117, 118, 119, 120, 121, 122, 123, 124, 125, 126, 127, 128, 129, 130, 
>>> goclkernel[actssync]:: running ACTS PROCESS (Iteration 6)...
>>> kernel (proc) 0 time elapsed: 11.876 ms, 11876 microsecs, 
>>> kernel (proc) 1 time elapsed: 11.97 ms, 11970 microsecs, 
>>> kernel (proc) 2 time elapsed: 11.783 ms, 11783 microsecs, 
>>> kernel (proc) 3 time elapsed: 11.944 ms, 11944 microsecs, 
>>> kernel (proc) 4 time elapsed: 11.895 ms, 11895 microsecs, 
>>> kernel (proc) 5 time elapsed: 11.905 ms, 11905 microsecs, 
>>> kernel (proc) 6 time elapsed: 11.884 ms, 11884 microsecs, 
>>> kernel (proc) 7 time elapsed: 11.919 ms, 11919 microsecs, 
>>> kernel (proc) 8 time elapsed: 11.763 ms, 11763 microsecs, 
>>> kernel (proc) 9 time elapsed: 11.893 ms, 11893 microsecs, 
>>> kernel (proc) 10 time elapsed: 11.852 ms, 11852 microsecs, 
>>> kernel (proc) 11 time elapsed: 11.906 ms, 11906 microsecs, 
>>> kernel (proc) 12 time elapsed: 11.869 ms, 11869 microsecs, 
>>> kernel (proc) 13 time elapsed: 11.896 ms, 11896 microsecs, 
>>> kernel (proc) 14 time elapsed: 11.869 ms, 11869 microsecs, 
>>> kernel (proc) 15 time elapsed: 11.926 ms, 11926 microsecs, 
>>> kernel (proc) 16 time elapsed: 11.843 ms, 11843 microsecs, 
>>> kernel (proc) 17 time elapsed: 11.877 ms, 11877 microsecs, 
>>> kernel (proc) 18 time elapsed: 11.843 ms, 11843 microsecs, 
>>> kernel (proc) 19 time elapsed: 11.936 ms, 11936 microsecs, 
>>> kernel (proc) 20 time elapsed: 11.892 ms, 11892 microsecs, 
>>> kernel (proc) 21 time elapsed: 11.889 ms, 11889 microsecs, 
>>> kernel (proc) 22 time elapsed: 11.88 ms, 11880 microsecs, 
>>> kernel (proc) 23 time elapsed: 11.928 ms, 11928 microsecs, 
>>> kernel (proc) 24 time elapsed: 11.885 ms, 11885 microsecs, 
>>> kernel (proc) 25 time elapsed: 11.936 ms, 11936 microsecs, 
>>> kernel (proc) 26 time elapsed: 11.902 ms, 11902 microsecs, 
>>> kernel (proc) 27 time elapsed: 11.937 ms, 11937 microsecs, 
>>> kernel (proc) 28 time elapsed: 11.891 ms, 11891 microsecs, 
>>> kernel (proc) 29 time elapsed: 11.858 ms, 11858 microsecs, 
>>> kernel (proc) 30 time elapsed: 11.877 ms, 11877 microsecs, 
>>> kernel (proc) 31 time elapsed: 11.978 ms, 11978 microsecs, 
>>> SUMMARY: kernel (proc) average time elapsed for Iteration 6: 7.74245(7.74245) ms, 8.63587(0.893419) ms, 11.8912(3.25529) ms, 
>>> goclkernel[actssync]:: running ACTS SYNCHRONZE (Iteration 6)

active partitions for iteration 7: 0, 1, 2, 3, 4, 5, 6, 7, 8, 9, 10, 11, 12, 13, 14, 15, 16, 17, 18, 19, 20, 21, 22, 23, 24, 25, 26, 27, 28, 29, 30, 31, 32, 33, 34, 35, 36, 37, 38, 39, 40, 41, 42, 43, 44, 45, 46, 47, 48, 49, 50, 51, 52, 53, 54, 55, 56, 57, 60, 61, 62, 63, 64, 65, 66, 67, 68, 69, 70, 71, 72, 74, 76, 77, 78, 79, 80, 81, 82, 83, 84, 85, 86, 87, 88, 89, 90, 91, 92, 93, 94, 97, 98, 99, 100, 101, 102, 103, 104, 105, 106, 107, 108, 109, 110, 111, 112, 113, 114, 115, 116, 117, 118, 119, 120, 121, 122, 123, 125, 126, 127, 128, 129, 130, 
>>> goclkernel[actssync]:: running ACTS PROCESS (Iteration 7)...
>>> kernel (proc) 0 time elapsed: 7.671 ms, 7671 microsecs, 
>>> kernel (proc) 1 time elapsed: 7.59 ms, 7590 microsecs, 
>>> kernel (proc) 2 time elapsed: 7.543 ms, 7543 microsecs, 
>>> kernel (proc) 3 time elapsed: 7.569 ms, 7569 microsecs, 
>>> kernel (proc) 4 time elapsed: 7.624 ms, 7624 microsecs, 
>>> kernel (proc) 5 time elapsed: 7.541 ms, 7541 microsecs, 
>>> kernel (proc) 6 time elapsed: 7.54 ms, 7540 microsecs, 
>>> kernel (proc) 7 time elapsed: 7.58 ms, 7580 microsecs, 
>>> kernel (proc) 8 time elapsed: 7.593 ms, 7593 microsecs, 
>>> kernel (proc) 9 time elapsed: 7.588 ms, 7588 microsecs, 
>>> kernel (proc) 10 time elapsed: 7.63 ms, 7630 microsecs, 
>>> kernel (proc) 11 time elapsed: 7.657 ms, 7657 microsecs, 
>>> kernel (proc) 12 time elapsed: 7.569 ms, 7569 microsecs, 
>>> kernel (proc) 13 time elapsed: 7.56 ms, 7560 microsecs, 
>>> kernel (proc) 14 time elapsed: 7.543 ms, 7543 microsecs, 
>>> kernel (proc) 15 time elapsed: 7.685 ms, 7685 microsecs, 
>>> kernel (proc) 16 time elapsed: 7.655 ms, 7655 microsecs, 
>>> kernel (proc) 17 time elapsed: 7.65 ms, 7650 microsecs, 
>>> kernel (proc) 18 time elapsed: 7.426 ms, 7426 microsecs, 
>>> kernel (proc) 19 time elapsed: 7.505 ms, 7505 microsecs, 
>>> kernel (proc) 20 time elapsed: 7.55 ms, 7550 microsecs, 
>>> kernel (proc) 21 time elapsed: 7.542 ms, 7542 microsecs, 
>>> kernel (proc) 22 time elapsed: 7.602 ms, 7602 microsecs, 
>>> kernel (proc) 23 time elapsed: 7.59 ms, 7590 microsecs, 
>>> kernel (proc) 24 time elapsed: 7.544 ms, 7544 microsecs, 
>>> kernel (proc) 25 time elapsed: 7.582 ms, 7582 microsecs, 
>>> kernel (proc) 26 time elapsed: 7.576 ms, 7576 microsecs, 
>>> kernel (proc) 27 time elapsed: 7.609 ms, 7609 microsecs, 
>>> kernel (proc) 28 time elapsed: 7.61 ms, 7610 microsecs, 
>>> kernel (proc) 29 time elapsed: 7.674 ms, 7674 microsecs, 
>>> kernel (proc) 30 time elapsed: 7.568 ms, 7568 microsecs, 
>>> kernel (proc) 31 time elapsed: 7.72 ms, 7720 microsecs, 
>>> SUMMARY: kernel (proc) average time elapsed for Iteration 7: 6.10339(6.10339) ms, 6.04777(-0.0556129) ms, 7.58758(1.53981) ms, 
>>> goclkernel[actssync]:: running ACTS SYNCHRONZE (Iteration 7)

active partitions for iteration 8: 0, 1, 2, 3, 4, 5, 6, 7, 8, 9, 10, 11, 12, 13, 14, 15, 16, 17, 18, 19, 20, 21, 26, 27, 28, 31, 32, 33, 34, 38, 39, 40, 43, 44, 46, 48, 49, 50, 52, 53, 61, 62, 63, 64, 67, 69, 70, 76, 77, 105, 107, 117, 118, 119, 120, 121, 127, 128, 129, 130, 
>>> goclkernel[actssync]:: running ACTS PROCESS (Iteration 8)...
>>> kernel (proc) 0 time elapsed: 3.25 ms, 3250 microsecs, 
>>> kernel (proc) 1 time elapsed: 3.122 ms, 3122 microsecs, 
>>> kernel (proc) 2 time elapsed: 3.199 ms, 3199 microsecs, 
>>> kernel (proc) 3 time elapsed: 3.176 ms, 3176 microsecs, 
>>> kernel (proc) 4 time elapsed: 3.287 ms, 3287 microsecs, 
>>> kernel (proc) 5 time elapsed: 3.164 ms, 3164 microsecs, 
>>> kernel (proc) 6 time elapsed: 3.209 ms, 3209 microsecs, 
>>> kernel (proc) 7 time elapsed: 3.225 ms, 3225 microsecs, 
>>> kernel (proc) 8 time elapsed: 3.271 ms, 3271 microsecs, 
>>> kernel (proc) 9 time elapsed: 3.175 ms, 3175 microsecs, 
>>> kernel (proc) 10 time elapsed: 3.209 ms, 3209 microsecs, 
>>> kernel (proc) 11 time elapsed: 3.159 ms, 3159 microsecs, 
>>> kernel (proc) 12 time elapsed: 3.187 ms, 3187 microsecs, 
>>> kernel (proc) 13 time elapsed: 3.096 ms, 3096 microsecs, 
>>> kernel (proc) 14 time elapsed: 3.2 ms, 3200 microsecs, 
>>> kernel (proc) 15 time elapsed: 3.208 ms, 3208 microsecs, 
>>> kernel (proc) 16 time elapsed: 3.201 ms, 3201 microsecs, 
>>> kernel (proc) 17 time elapsed: 3.149 ms, 3149 microsecs, 
>>> kernel (proc) 18 time elapsed: 3.173 ms, 3173 microsecs, 
>>> kernel (proc) 19 time elapsed: 3.161 ms, 3161 microsecs, 
>>> kernel (proc) 20 time elapsed: 3.136 ms, 3136 microsecs, 
>>> kernel (proc) 21 time elapsed: 3.126 ms, 3126 microsecs, 
>>> kernel (proc) 22 time elapsed: 3.121 ms, 3121 microsecs, 
>>> kernel (proc) 23 time elapsed: 3.296 ms, 3296 microsecs, 
>>> kernel (proc) 24 time elapsed: 3.338 ms, 3338 microsecs, 
>>> kernel (proc) 25 time elapsed: 3.26 ms, 3260 microsecs, 
>>> kernel (proc) 26 time elapsed: 3.201 ms, 3201 microsecs, 
>>> kernel (proc) 27 time elapsed: 3.13 ms, 3130 microsecs, 
>>> kernel (proc) 28 time elapsed: 3.129 ms, 3129 microsecs, 
>>> kernel (proc) 29 time elapsed: 3.072 ms, 3072 microsecs, 
>>> kernel (proc) 30 time elapsed: 3.188 ms, 3188 microsecs, 
>>> kernel (proc) 31 time elapsed: 3.108 ms, 3108 microsecs, 
>>> SUMMARY: kernel (proc) average time elapsed for Iteration 8: 2.81932(2.81932) ms, 2.8511(0.0317742) ms, 3.1831(0.332) ms, 
>>> goclkernel[actssync]:: running ACTS SYNCHRONZE (Iteration 8)

active partitions for iteration 9: 6, 7, 9, 11, 14, 15, 16, 33, 38, 39, 52, 
>>> goclkernel[actssync]:: running ACTS PROCESS (Iteration 9)...
>>> kernel (proc) 0 time elapsed: 1.022 ms, 1022 microsecs, 
>>> kernel (proc) 1 time elapsed: 1.107 ms, 1107 microsecs, 
>>> kernel (proc) 2 time elapsed: 1.113 ms, 1113 microsecs, 
>>> kernel (proc) 3 time elapsed: 0.982 ms, 982 microsecs, 
>>> kernel (proc) 4 time elapsed: 1.071 ms, 1071 microsecs, 
>>> kernel (proc) 5 time elapsed: 1.119 ms, 1119 microsecs, 
>>> kernel (proc) 6 time elapsed: 1.074 ms, 1074 microsecs, 
>>> kernel (proc) 7 time elapsed: 1.126 ms, 1126 microsecs, 
>>> kernel (proc) 8 time elapsed: 1.1 ms, 1100 microsecs, 
>>> kernel (proc) 9 time elapsed: 1.143 ms, 1143 microsecs, 
>>> kernel (proc) 10 time elapsed: 1.043 ms, 1043 microsecs, 
>>> kernel (proc) 11 time elapsed: 1.057 ms, 1057 microsecs, 
>>> kernel (proc) 12 time elapsed: 1.086 ms, 1086 microsecs, 
>>> kernel (proc) 13 time elapsed: 1.091 ms, 1091 microsecs, 
>>> kernel (proc) 14 time elapsed: 1.074 ms, 1074 microsecs, 
>>> kernel (proc) 15 time elapsed: 1.174 ms, 1174 microsecs, 
>>> kernel (proc) 16 time elapsed: 1.166 ms, 1166 microsecs, 
>>> kernel (proc) 17 time elapsed: 1.175 ms, 1175 microsecs, 
>>> kernel (proc) 18 time elapsed: 1.001 ms, 1001 microsecs, 
>>> kernel (proc) 19 time elapsed: 1.15 ms, 1150 microsecs, 
>>> kernel (proc) 20 time elapsed: 1.094 ms, 1094 microsecs, 
>>> kernel (proc) 21 time elapsed: 1.143 ms, 1143 microsecs, 
>>> kernel (proc) 22 time elapsed: 1.077 ms, 1077 microsecs, 
>>> kernel (proc) 23 time elapsed: 1.139 ms, 1139 microsecs, 
>>> kernel (proc) 24 time elapsed: 1.128 ms, 1128 microsecs, 
>>> kernel (proc) 25 time elapsed: 1.085 ms, 1085 microsecs, 
>>> kernel (proc) 26 time elapsed: 1.071 ms, 1071 microsecs, 
>>> kernel (proc) 27 time elapsed: 1.104 ms, 1104 microsecs, 
>>> kernel (proc) 28 time elapsed: 1.072 ms, 1072 microsecs, 
>>> kernel (proc) 29 time elapsed: 1.137 ms, 1137 microsecs, 
>>> kernel (proc) 30 time elapsed: 1.097 ms, 1097 microsecs, 
>>> kernel (proc) 31 time elapsed: 1.139 ms, 1139 microsecs, 
>>> SUMMARY: kernel (proc) average time elapsed for Iteration 9: 0.892613(0.892613) ms, 0.895742(0.00312903) ms, 1.10123(0.205484) ms, 
>>> goclkernel[actssync]:: running ACTS SYNCHRONZE (Iteration 9)

active partitions for iteration 10: 33, 
>>> goclkernel[actssync]:: running ACTS PROCESS (Iteration 10)...
>>> kernel (proc) 0 time elapsed: 0.607 ms, 607 microsecs, 
>>> kernel (proc) 1 time elapsed: 0.644 ms, 644 microsecs, 
>>> kernel (proc) 2 time elapsed: 0.635 ms, 635 microsecs, 
>>> kernel (proc) 3 time elapsed: 0.585 ms, 585 microsecs, 
>>> kernel (proc) 4 time elapsed: 0.578 ms, 578 microsecs, 
>>> kernel (proc) 5 time elapsed: 0.585 ms, 585 microsecs, 
>>> kernel (proc) 6 time elapsed: 0.641 ms, 641 microsecs, 
>>> kernel (proc) 7 time elapsed: 0.707 ms, 707 microsecs, 
>>> kernel (proc) 8 time elapsed: 0.662 ms, 662 microsecs, 
>>> kernel (proc) 9 time elapsed: 0.554 ms, 554 microsecs, 
>>> kernel (proc) 10 time elapsed: 0.591 ms, 591 microsecs, 
>>> kernel (proc) 11 time elapsed: 0.592 ms, 592 microsecs, 
>>> kernel (proc) 12 time elapsed: 0.597 ms, 597 microsecs, 
>>> kernel (proc) 13 time elapsed: 0.696 ms, 696 microsecs, 
>>> kernel (proc) 14 time elapsed: 0.706 ms, 706 microsecs, 
>>> kernel (proc) 15 time elapsed: 0.663 ms, 663 microsecs, 
>>> kernel (proc) 16 time elapsed: 0.779 ms, 779 microsecs, 
>>> kernel (proc) 17 time elapsed: 0.663 ms, 663 microsecs, 
>>> kernel (proc) 18 time elapsed: 0.64 ms, 640 microsecs, 
>>> kernel (proc) 19 time elapsed: 0.65 ms, 650 microsecs, 
>>> kernel (proc) 20 time elapsed: 0.697 ms, 697 microsecs, 
>>> kernel (proc) 21 time elapsed: 0.597 ms, 597 microsecs, 
>>> kernel (proc) 22 time elapsed: 0.718 ms, 718 microsecs, 
>>> kernel (proc) 23 time elapsed: 0.767 ms, 767 microsecs, 
>>> kernel (proc) 24 time elapsed: 0.623 ms, 623 microsecs, 
>>> kernel (proc) 25 time elapsed: 0.656 ms, 656 microsecs, 
>>> kernel (proc) 26 time elapsed: 0.663 ms, 663 microsecs, 
>>> kernel (proc) 27 time elapsed: 0.649 ms, 649 microsecs, 
>>> kernel (proc) 28 time elapsed: 0.637 ms, 637 microsecs, 
>>> kernel (proc) 29 time elapsed: 0.784 ms, 784 microsecs, 
>>> kernel (proc) 30 time elapsed: 0.708 ms, 708 microsecs, 
>>> kernel (proc) 31 time elapsed: 0.716 ms, 716 microsecs, 
>>> SUMMARY: kernel (proc) average time elapsed for Iteration 10: 0.477419(0.477419) ms, 0.498226(0.0208065) ms, 0.657516(0.15929) ms, 
>>> goclkernel[actssync]:: running ACTS SYNCHRONZE (Iteration 10)

active partitions for iteration 11: 
goclkernel::runapp2: no more active vertices to process. exiting... 
[1m[37m>>> SUMMARY: Total kernel time: 124.677 ms[0m
0.0112885, -0.639175, 0.0406469, [Iter 0 throughput: 0.00895867]
0.0852246, 2.26242, 0.240787, [Iter 1 throughput: 0.0612416]
1.71853, 40.8201, 6.35193, [Iter 2 throughput: 1.30921]
118.555, 2555.86, 268.413, [Iter 3 throughput: 79.6702]
3518.96, 5548.07, 2891.95, [Iter 4 throughput: 1234.25]
3553.93, 5615.42, 2981.34, [Iter 5 throughput: 1258.05]
414.652, 3593.41, 986.218, [Iter 6 throughput: 269.984]
12.2198, -1341.09, 48.436, [Iter 7 throughput: 9.82948]
1.44077, 127.84, 12.2349, [Iter 8 throughput: 1.27612]
0.098587, 28.1237, 0.428257, [Iter 9 throughput: 0.0799109]
0.00628378, 0.144186, 0.0188335, [Iter 10 throughput: 0.00456263]
>>> app::run_hw: total_edges_processed: 114751558 edges (114 million edges)
>>> app::run_hw: total_time_elapsed: 124.677 ms (0.124677 s)
[1m[37m>>> app::run_hw: throughput: 9.20389e+08 edges/sec (920.389 million edges/sec)[0m

utility::runsssp_sw:: running traditional sssp... 
utility::runsssp_sw: number of active vertices for iteration 0: 0
utility::runsssp_sw: number of active vertices for iteration 1: 4
utility::runsssp_sw: number of active vertices for iteration 2: 23
utility::runsssp_sw: number of active vertices for iteration 3: 1249
utility::runsssp_sw: number of active vertices for iteration 4: 110694
utility::runsssp_sw: number of active vertices for iteration 5: 752777
utility::runsssp_sw: number of active vertices for iteration 6: 194415
utility::runsssp_sw: number of active vertices for iteration 7: 9482
utility::runsssp_sw: number of active vertices for iteration 8: 461
utility::runsssp_sw: number of active vertices for iteration 9: 19
utility::runsssp_sw: number of active vertices for iteration 10: 1
utility::runsssp_sw: number of active vertices for iteration 11: 0
no more activer vertices to process. breaking out... 
>>> utility::runsssp_sw: total_edges_processed: 114751558 edges (114 million edges)
>>> utility::runsssp_sw: total_time_elapsed: 2169 ms (2.169 s)
[1m[37m>>> utility::runsssp_sw: throughput: 5.29053e+07 edges/sec (52.9053 million edges/sec)[0m

app::verifyresults_hw: verifying vertex data... 
utility::printvalues::app::verifyresults_hw.vdatas: verifying results after kernel run:: printing first 16 values
values[0]: 1
values[1]: 4
values[2]: 23
values[3]: 1249
values[4]: 110694
values[5]: 752777
values[6]: 194414
values[7]: 9482
values[8]: 461
values[9]: 19
values[10]: 1
values[11]: 0
values[12]: 0
values[13]: 0
values[14]: 0
values[15]: 0
printvalues:: total values: totalvalues: 1069125
graph::closetemporaryfilesforwriting : close temporary files for writing...
graph::closetemporaryfilesforreading : close files for reading...
graph::closefilesforreading : close files for reading...
=== STATS::TIMING AND SUMMARY RESULTS FOR ITERATION: 666 === 
>>> stats::summary Total number of kvReads in bank [0]: 131561968
>>> stats::summary Total number of kvReads for all threads: 131561968
>>> stats::summary Total time spent (SSD access): 0 milliseconds
>>> stats::summary Total time spent (SSD access): 0 seconds
>>> stats::summary Total time spent (OCL data transfers): 0 milliseconds
>>> stats::summary Total time spent (OCL data transfers): 0 seconds
>>> stats::summary Total time spent (Kernel Pre Process execution): 0 milliseconds
>>> stats::summary Total time spent (Kernel Pre Process execution): 0 seconds
>>> stats::summary Total time spent (Kernel execution): 0 milliseconds
>>> stats::summary Total time spent (Kernel execution): 0 seconds
>>> stats::summary Total time spent (Kernel Post Process execution): 0 milliseconds
>>> stats::summary Total time spent (Kernel Post Process execution): 0 seconds
>>> stats::summary Total time spent (Overall Kernel execution): 0 milliseconds
>>> stats::summary Total time spent (Overall Kernel execution): 0 seconds
>>> stats::summary Total time spent (Overall processing): 0 milliseconds
>>> stats::summary Total time spent (Overall processing): 0 seconds
>>> stats::summary Total time spent (Overall processing excluding SSD & OCL data transfers): 0 milliseconds
>>> stats::summary Total time spent (Overall processing excluding SSD & OCL data transfers): 0 seconds
>>> stats::summary Throughput (Kernel processing): inf keyvalues per second
>>> stats::summary Throughput (Kernel processing): inf million keyvalues per second
>>> stats::summary Throughput (Kernel processing): inf MB/s
>>> stats::summary Throughput (Overall processing): inf keyvalues per second
>>> stats::summary Throughput (Overall processing): inf million keyvalues per second
>>> stats::summary Throughput (Overall processing): inf MB/s
>>> stats::summary Throughput (Overall processing excluding SSD & OCL data transfers): inf keyvalues per second
>>> stats::summary Throughput (Overall processing excluding SSD & OCL data transfers): inf million keyvalues per second

graph::printdataset: printing dataset parameters...
>>> graphtopname: hollywood-2009
>>> graphname: hollywood-2009_dup
>>> graph_path: /localtmp/oj2zf/dataset/hollywood-2009/hollywood-2009.mtx
>>> vertices_path: /localtmp/oj2zf/dataset/hollywood-2009/hollywood-2009.vertices
>>> edges_path: /localtmp/oj2zf/dataset/hollywood-2009/hollywood-2009.edges
>>> vertices_path_bin: /localtmp/oj2zf/dataset/hollywood-2009/hollywood-2009_bin.vertices
>>> edges_path_bin: /localtmp/oj2zf/dataset/hollywood-2009/hollywood-2009_bin.edges
>>> min_vertex: 0
>>> max_vertex: 1139905
>>> num_vertices: 1139905
>>> num_edges: 115031232
>>> graphdirectiontype: 5
>>> graphorder: 6
>>> skewratio: 666
TEST FINISHED
[1m[37m>>> HOSTPROCESS:: TIMING SUMMARY: TOTAL TIME ELAPSED: : Time Elapsed = 453842535418[nanao seconds](Iteration 666)[0m
[1m[37m>>> HOSTPROCESS:: TIMING SUMMARY: TOTAL TIME ELAPSED: : Time Elapsed = 453842535[micro seconds](Iteration 666)[0m
[1m[37m>>> HOSTPROCESS:: TIMING SUMMARY: TOTAL TIME ELAPSED: : Time Elapsed = 453842[milli seconds](Iteration 666)[0m
[1m[37m>>> HOSTPROCESS:: TIMING SUMMARY: TOTAL TIME ELAPSED: : Time Elapsed = 453[seconds](Iteration 666)[0m

