Hostprocess:: Graph Analytics Started...
utility:: USEHBMMEMORY DEFINED
utility:: NUMDRAMBANKS: 4
utility:: NUMWORKERS: 1
utility:: NUMSUBWORKERS: 1
utility:: NUM_PARTITIONS: 16
utility:: NUMSUBCPUTHREADS: 32
utility:: DATAWIDTH: 512
utility:: VECTOR_SIZE: 8
utility:: KVDATA_RANGE: 2097152
utility:: KVDATA_RANGE_POW: 21
utility:: BATCH_RANGE: 2097152
utility:: BATCH_RANGE_POW: 21
utility:: TREE_DEPTH: 3
utility:: KVDATA_RANGE_POW: 21
utility:: KVDATA_RANGE: 2097152
utility:: MESSAGES_SIZE: 1024
utility:: LOCKE DEFINED
utility:: sizeof(keyvalue_t): 8 bytes (64 bits)
utility:: sizeof(vertex_t): 4 bytes (32 bits)
utility:: sizeof(edge_t): 4 bytes (32 bits)
utility:: MESSAGESDRAMSZ: 1024
utility:: VERTEXPTRSSZ: 1114112
utility:: VERTEXPTRSSZ_KVS: 139264
utility:: VERTICESDATASZ: 1048576
utility:: VERTICESDATASZ_KVS: 131072
>> host[baseoffsets]:: BASEOFFSET_MESSAGESDATA: 0
>> host[baseoffsets]:: BASEOFFSET_MESSAGESDATA_KVS: 0
>> host[baseoffsets]:: KVSOURCEDRAMSZ: 33554432
>> host[baseoffsets]:: KVSOURCEDRAMSZ_KVS: 4194304
>> host[baseoffsets]:: PADDEDKVSOURCEDRAMSZ: 33554432
>> host[baseoffsets]:: PADDEDKVSOURCEDRAMSZ_KVS: 4194304
>> host[baseoffsets]:: VDRAMSZ: 33554432
>> host[baseoffsets]:: PADDEDVDRAMSZ: 33554432
>> host[baseoffsets]:: PADDEDVDRAMSZ_KVS: 4194304
>> host[sizes]:: MESSAGESDRAMSZ (keyvalues): 1024 keyvalues
>> host[sizes]:: VERTEXPTRSSZ (keyvalues): 1114112 keyvalues
>> host[sizes]:: VERTICESDATASZ (keyvalues): 1048576 keyvalues
>> host[sizes]:: ACTIVEVERTICESSZ (keyvalues): 0 keyvalues
>> host[sizes]:: VERTICESDATAMASKSZ (keyvalues): 65536 keyvalues
>> host[sizes]:: KVSTATSDRAMSZ (keyvalues): 65536 keyvalues
>> host[sizes]:: PADDEDVDRAMSZ (keyvalues): 33554432 keyvalues
>> host[sizes]:: PADDEDKVSOURCEDRAMSZ (keyvalues): 33554432 keyvalues
>> host[bytes]:: MESSAGESDRAMSZ (bytes): 8192 bytes
>> host[bytes]:: KVSTATSDRAMSZ (bytes): 524288 bytes
>> host[bytes]:: VERTEXPTRSSZ (bytes): 8912896 bytes
>> host[bytes]:: VERTICESDATASZ (bytes): 8388608 bytes
>> host[bytes]:: ACTIVEVERTICESSZ (bytes): 0 bytes
>> host[bytes]:: VERTICESDATAMASKSZ (bytes): 524288 bytes
>> host[bytes]:: PADDEDVDRAMSZ (bytes): 268435456 bytes
>> host[bytes]:: PADDEDKVSOURCEDRAMSZ (bytes): 268435456 bytes
utility:: KVSTATSDRAMSZ: 65536
utility:: NUMLASTLEVELPARTITIONS: 4096
utility:: REDUCESZ_POW: 9
utility:: REDUCESZ: 512
utility:: REDUCEBUFFERSZ: 256
utility:: VMASKBUFFERSZ_KVS: 16
utility:: NUMLASTLEVELPARTITIONS: 4096
utility:: ENABLE_KERNEL_PROFILING DEFINED: 
graph::graph constructor:: datasetid: 2, _numedgebanks: 1
graph::loadalldatasets:: 
graph::loadalldatasets finished. 
graph::printdataset: printing dataset parameters...
>>> graphtopname: hollywood-2009
>>> graphname: hollywood-2009_dup
>>> graph_path: /localtmp/oj2zf/dataset/hollywood-2009/hollywood-2009.mtx
>>> vertices_path: /localtmp/oj2zf/dataset/hollywood-2009/hollywood-2009.vertices
>>> edges_path: /localtmp/oj2zf/dataset/hollywood-2009/hollywood-2009.edges
>>> vertices_path_bin: /localtmp/oj2zf/dataset/hollywood-2009/hollywood-2009_bin.vertices
>>> edges_path_bin: /localtmp/oj2zf/dataset/hollywood-2009/hollywood-2009_bin.edges
>>> min_vertex: 0
>>> max_vertex: 1139905
>>> num_vertices: 1139905
>>> num_edges: 115031232
>>> graphdirectiontype: 6
>>> graphorder: 6
>>> graphgroup: 1
app::run_hw:: app algorithm started. 
graph::opentemporaryfilesforwriting : opening temporary files for writing...
Directory already exists.INFO: Successfully opened /localtmp/oj2zf/dataset/hollywood-2009/hollywood-2009_1by1/hollywood-2009_dup.vdata
INFO: Successfully opened /localtmp/oj2zf/dataset/hollywood-2009/hollywood-2009_1by1/hollywood-2009_dup.vproperties
graph::opentemporaryfilesforreading : opening temporary files for reading
INFO: Successfully opened /localtmp/oj2zf/dataset/hollywood-2009/hollywood-2009_1by1/hollywood-2009_dup.vdata
INFO: Successfully opened /localtmp/oj2zf/dataset/hollywood-2009/hollywood-2009_1by1/hollywood-2009_dup.vproperties
generating vertices data... 
graph::openfilesforreading : opening files for reading
INFO: Successfully opened /localtmp/oj2zf/dataset/hollywood-2009/hollywood-2009_1by1/hollywood-2009_dup_0_0.vertexptrs
INFO: Successfully opened /localtmp/oj2zf/dataset/hollywood-2009/hollywood-2009_1by1/hollywood-2009_dup_0_0.vertexptrs
INFO: Successfully opened /localtmp/oj2zf/dataset/hollywood-2009/hollywood-2009_1by1/hollywood-2009_dup_0_0.edges
INFO: Successfully opened /localtmp/oj2zf/dataset/hollywood-2009/hollywood-2009_1by1/hollywood-2009_dup_0_0.edges
loadedges_rowblockwise:: loading Acts... sizes: [[4111312, 4111312, 4111312, 4111312, 4111312, 4111312, 4111312, 4111312, 4111312, 4111312, 4111312, 4111312, 4111312, 4111312, 4111312, 4111312, 4111312, 4111312, 4111312, 4111312, 4111312, 4111312, 4111312, 4111312, 4111312, 4111312, 4111312, 4111312, 4111312, 4111312, 4111312, 4111296]]
loadedges_rowblockwise:: total sizes: 131561968
maxvptr: 4111312
app::loadvertexdata:: loading vertex datas... 
app::setrootvid:: setting root vid(s)... 
app::loadactvvertices:: loading active vertices... 
app::generatevmaskdata:: generating vmask... 
app::loadoffsetmarkers:: loading offset markers... 
app::loadmessages:: loading messages... 
[globalparams.BASEOFFSET_MESSAGESDATA: 0]
[globalparams.BASEOFFSETKVS_MESSAGESDATA: 0]
[globalparams.BASEOFFSET_EDGESDATA: 8192]
[globalparams.BASEOFFSETKVS_EDGESDATA: 1024]
[globalparams.BASEOFFSET_VERTEXPTR: 2129384]
[globalparams.BASEOFFSETKVS_VERTEXPTR: 266173]
[globalparams.BASEOFFSET_VERTICESDATA: 3243496]
[globalparams.BASEOFFSETKVS_VERTICESDATA: 405437]
[globalparams.BASEOFFSET_ACTIVEVERTICES: 4292072]
[globalparams.BASEOFFSETKVS_ACTIVEVERTICES: 536509]
[globalparams.BASEOFFSET_VERTICESDATAMASK: 4292072]
[globalparams.BASEOFFSETKVS_VERTICESDATAMASK: 536509]
[globalparams.BASEOFFSET_VERTICESPARTITIONMASK : 4357608]
[globalparams.BASEOFFSETKVS_VERTICESPARTITIONMASK: 544701]
[globalparams.BASEOFFSET_STATSDRAM: 4361704]
[globalparams.BASEOFFSETKVS_STATSDRAM: 545213]
[globalparams.BASEOFFSET_KVDRAM: 4885992]
[globalparams.BASEOFFSETKVS_KVDRAM: 610749]
[globalparams.BASEOFFSET_KVDRAMWORKSPACE: 8997896]
[globalparams.BASEOFFSETKVS_KVDRAMWORKSPACE: 1124737]
[globalparams.SIZE_MESSAGESDRAM: 0]
[globalparams.SIZE_EDGES: 4112312]
[globalparams.SIZE_VERTEXPTRS: 2097152]
[globalparams.SIZE_VERTICESDATA: 2097152]
[globalparams.SIZE_ACTIVEVERTICES: 0]
[globalparams.SIZE_VERTICESDATAMASK: 65536]
[globalparams.SIZE_KVSTATSDRAM: 65536]
[globalparams.SIZE_KVDRAM: 4111904]
[globalparams.SIZE_KVDRAMWORKSPACE: 4111904]
[1m[37m>> host[sizes]:: PADDEDKVSOURCEDRAMSZ (keyvalues): 33554432 keyvalues[0m
[1m[37m>> host[bytes]:: PADDEDKVSOURCEDRAMSZ (bytes): 268435456 bytes[0m
[1m[37m>> host[sizes]:: valid workload space(not including temp space) (keyvalues): 4885992 keyvalues[0m
[1m[37m>> host[bytes]:: valid workload space(not including temp space) (keyvalues): 39087936 bytes. [0m
[1m[37m>> host[sizes]:: valid PADDEDKVSOURCEDRAMSZ (keyvalues): 13109800 keyvalues[0m
[1m[37m>> host[bytes]:: valid PADDEDKVSOURCEDRAMSZ (bytes): 104878400 bytes. (HBM max=268435456 bytes)[0m
loadmessages:: loading Acts... sizes: [[4111312, 4111312, 4111312, 4111312, 4111312, 4111312, 4111312, 4111312, 4111312, 4111312, 4111312, 4111312, 4111312, 4111312, 4111312, 4111312, 4111312, 4111312, 4111312, 4111312, 4111312, 4111312, 4111312, 4111312, 4111312, 4111312, 4111312, 4111312, 4111312, 4111312, 4111312, 4111296]]
loadmessages:: total sizes: 131561968
app::appendkeyvaluecount:: appending value count... 
app::experiements: resetting kvdram & kvdram workspaces...

utility::runsssp_sw:: running traditional sssp... 
utility::runsssp_sw: number of active vertices for iteration 0: 0
utility::runsssp_sw: number of active vertices for iteration 1: 4
utility::runsssp_sw: number of active vertices for iteration 2: 23
utility::runsssp_sw: number of active vertices for iteration 3: 1249
utility::runsssp_sw: number of active vertices for iteration 4: 110694
utility::runsssp_sw: number of active vertices for iteration 5: 752777
utility::runsssp_sw: number of active vertices for iteration 6: 194415
utility::runsssp_sw: number of active vertices for iteration 7: 9482
utility::runsssp_sw: number of active vertices for iteration 8: 461
utility::runsssp_sw: number of active vertices for iteration 9: 19
utility::runsssp_sw: number of active vertices for iteration 10: 1
utility::runsssp_sw: number of active vertices for iteration 11: 0
no more activer vertices to process. breaking out... 
>>> utility::runsssp_sw: total_edges_processed: 114751558 edges (114 million edges)
>>> utility::runsssp_sw: total_time_elapsed: 1257 ms (1.257 s)
[1m[37m>>> utility::runsssp_sw: throughput: 9.129e+07 edges/sec (91.29 million edges/sec)[0m

[1m[37m>>> app::run_hw: app started. (1 active vertices)[0m
Found Platform
Platform Name: Xilinx
Found Device=xilinx_u280_xdma_201910_1
INFO: Reading /home/oj2zf/Documents/ActsOfAGraph/synkernels/goldenkernelproc32HW300MHz.xclbin
Loading: '/home/oj2zf/Documents/ActsOfAGraph/synkernels/goldenkernelproc32HW300MHz.xclbin'
INFO: Reading /home/oj2zf/Documents/ActsOfAGraph/synkernels/goldenkernelsync32HW300MHz.xclbin
Loading: '/home/oj2zf/Documents/ActsOfAGraph/synkernels/goldenkernelsync32HW300MHz.xclbin'
>>> goclkernel[actssync]:: running ACTS PROCESS (Iteration 0)...
>>> kernel (proc) 0 time elapsed: 0.585 ms, 585 microsecs, 
>>> kernel (proc) 1 time elapsed: 0.496 ms, 496 microsecs, 
>>> kernel (proc) 2 time elapsed: 0.507 ms, 507 microsecs, 
>>> kernel (proc) 3 time elapsed: 0.493 ms, 493 microsecs, 
>>> kernel (proc) 4 time elapsed: 0.506 ms, 506 microsecs, 
>>> kernel (proc) 5 time elapsed: 0.498 ms, 498 microsecs, 
>>> kernel (proc) 6 time elapsed: 0.512 ms, 512 microsecs, 
>>> kernel (proc) 7 time elapsed: 0.492 ms, 492 microsecs, 
>>> kernel (proc) 8 time elapsed: 0.512 ms, 512 microsecs, 
>>> kernel (proc) 9 time elapsed: 0.518 ms, 518 microsecs, 
>>> kernel (proc) 10 time elapsed: 0.532 ms, 532 microsecs, 
>>> kernel (proc) 11 time elapsed: 0.529 ms, 529 microsecs, 
>>> kernel (proc) 12 time elapsed: 0.51 ms, 510 microsecs, 
>>> kernel (proc) 13 time elapsed: 0.496 ms, 496 microsecs, 
>>> kernel (proc) 14 time elapsed: 0.514 ms, 514 microsecs, 
>>> kernel (proc) 15 time elapsed: 0.498 ms, 498 microsecs, 
>>> kernel (proc) 16 time elapsed: 0.535 ms, 535 microsecs, 
>>> kernel (proc) 17 time elapsed: 0.504 ms, 504 microsecs, 
>>> kernel (proc) 18 time elapsed: 0.509 ms, 509 microsecs, 
>>> kernel (proc) 19 time elapsed: 0.503 ms, 503 microsecs, 
>>> kernel (proc) 20 time elapsed: 0.51 ms, 510 microsecs, 
>>> kernel (proc) 21 time elapsed: 0.498 ms, 498 microsecs, 
>>> kernel (proc) 22 time elapsed: 0.509 ms, 509 microsecs, 
>>> kernel (proc) 23 time elapsed: 0.542 ms, 542 microsecs, 
>>> kernel (proc) 24 time elapsed: 0.544 ms, 544 microsecs, 
>>> kernel (proc) 25 time elapsed: 0.546 ms, 546 microsecs, 
>>> kernel (proc) 26 time elapsed: 0.545 ms, 545 microsecs, 
>>> kernel (proc) 27 time elapsed: 0.542 ms, 542 microsecs, 
>>> kernel (proc) 28 time elapsed: 0.495 ms, 495 microsecs, 
>>> kernel (proc) 29 time elapsed: 0.543 ms, 543 microsecs, 
>>> kernel (proc) 30 time elapsed: 0.543 ms, 543 microsecs, 
>>> kernel (proc) 31 time elapsed: 0.544 ms, 544 microsecs, 
>>> SUMMARY: kernel (proc) average time elapsed for Iteration 0: 0.463355(0.463355) ms, 0.449032(-0.0143226) ms, 0.516935(0.0679032) ms, 
>>> goclkernel[actssync]:: running ACTS SYNCHRONZE (Iteration 0)
>>> kernel (sync) time elapsed: 7.46 ms, 7460 microsecs, 
>>> kernel (sync) time elapsed: 0.981 ms, 981 microsecs, 
>>> kernel (sync) time elapsed: 0.947 ms, 947 microsecs, 
>>> kernel (sync) time elapsed: 0.73 ms, 730 microsecs, 
>>> kernel (sync) time elapsed: 5.396 ms, 5396 microsecs, 
>>> kernel (sync) time elapsed: 1.097 ms, 1097 microsecs, 

active partitions for iteration 1: 0, 26, 
>>> goclkernel[actssync]:: running ACTS PROCESS (Iteration 1)...
>>> kernel (proc) 0 time elapsed: 0.566 ms, 566 microsecs, 
>>> kernel (proc) 1 time elapsed: 0.615 ms, 615 microsecs, 
>>> kernel (proc) 2 time elapsed: 0.647 ms, 647 microsecs, 
>>> kernel (proc) 3 time elapsed: 0.584 ms, 584 microsecs, 
>>> kernel (proc) 4 time elapsed: 0.581 ms, 581 microsecs, 
>>> kernel (proc) 5 time elapsed: 0.564 ms, 564 microsecs, 
>>> kernel (proc) 6 time elapsed: 0.56 ms, 560 microsecs, 
>>> kernel (proc) 7 time elapsed: 0.559 ms, 559 microsecs, 
>>> kernel (proc) 8 time elapsed: 0.564 ms, 564 microsecs, 
>>> kernel (proc) 9 time elapsed: 0.618 ms, 618 microsecs, 
>>> kernel (proc) 10 time elapsed: 0.622 ms, 622 microsecs, 
>>> kernel (proc) 11 time elapsed: 0.563 ms, 563 microsecs, 
>>> kernel (proc) 12 time elapsed: 0.619 ms, 619 microsecs, 
>>> kernel (proc) 13 time elapsed: 0.627 ms, 627 microsecs, 
>>> kernel (proc) 14 time elapsed: 0.634 ms, 634 microsecs, 
>>> kernel (proc) 15 time elapsed: 0.623 ms, 623 microsecs, 
>>> kernel (proc) 16 time elapsed: 0.635 ms, 635 microsecs, 
>>> kernel (proc) 17 time elapsed: 0.56 ms, 560 microsecs, 
>>> kernel (proc) 18 time elapsed: 0.614 ms, 614 microsecs, 
>>> kernel (proc) 19 time elapsed: 0.562 ms, 562 microsecs, 
>>> kernel (proc) 20 time elapsed: 0.562 ms, 562 microsecs, 
>>> kernel (proc) 21 time elapsed: 0.621 ms, 621 microsecs, 
>>> kernel (proc) 22 time elapsed: 0.569 ms, 569 microsecs, 
>>> kernel (proc) 23 time elapsed: 0.623 ms, 623 microsecs, 
>>> kernel (proc) 24 time elapsed: 0.622 ms, 622 microsecs, 
>>> kernel (proc) 25 time elapsed: 0.619 ms, 619 microsecs, 
>>> kernel (proc) 26 time elapsed: 0.624 ms, 624 microsecs, 
>>> kernel (proc) 27 time elapsed: 0.623 ms, 623 microsecs, 
>>> kernel (proc) 28 time elapsed: 0.623 ms, 623 microsecs, 
>>> kernel (proc) 29 time elapsed: 0.574 ms, 574 microsecs, 
>>> kernel (proc) 30 time elapsed: 0.625 ms, 625 microsecs, 
>>> kernel (proc) 31 time elapsed: 0.65 ms, 650 microsecs, 
>>> SUMMARY: kernel (proc) average time elapsed for Iteration 1: 0.500355(0.500355) ms, 0.521161(0.0208065) ms, 0.602774(0.0816129) ms, 
>>> goclkernel[actssync]:: running ACTS SYNCHRONZE (Iteration 1)
>>> kernel (sync) time elapsed: 7.637 ms, 7637 microsecs, 
>>> kernel (sync) time elapsed: 1.04 ms, 1040 microsecs, 
>>> kernel (sync) time elapsed: 1.098 ms, 1098 microsecs, 
>>> kernel (sync) time elapsed: 1.054 ms, 1054 microsecs, 
>>> kernel (sync) time elapsed: 1.107 ms, 1107 microsecs, 
>>> kernel (sync) time elapsed: 1.228 ms, 1228 microsecs, 

active partitions for iteration 2: 0, 1, 9, 14, 26, 40, 47, 73, 121, 
>>> goclkernel[actssync]:: running ACTS PROCESS (Iteration 2)...
>>> kernel (proc) 0 time elapsed: 1.177 ms, 1177 microsecs, 
>>> kernel (proc) 1 time elapsed: 1.216 ms, 1216 microsecs, 
>>> kernel (proc) 2 time elapsed: 1.155 ms, 1155 microsecs, 
>>> kernel (proc) 3 time elapsed: 1.161 ms, 1161 microsecs, 
>>> kernel (proc) 4 time elapsed: 1.211 ms, 1211 microsecs, 
>>> kernel (proc) 5 time elapsed: 1.047 ms, 1047 microsecs, 
>>> kernel (proc) 6 time elapsed: 1.212 ms, 1212 microsecs, 
>>> kernel (proc) 7 time elapsed: 1.286 ms, 1286 microsecs, 
>>> kernel (proc) 8 time elapsed: 1.24 ms, 1240 microsecs, 
>>> kernel (proc) 9 time elapsed: 1.234 ms, 1234 microsecs, 
>>> kernel (proc) 10 time elapsed: 1.188 ms, 1188 microsecs, 
>>> kernel (proc) 11 time elapsed: 1.156 ms, 1156 microsecs, 
>>> kernel (proc) 12 time elapsed: 1.219 ms, 1219 microsecs, 
>>> kernel (proc) 13 time elapsed: 1.141 ms, 1141 microsecs, 
>>> kernel (proc) 14 time elapsed: 1.143 ms, 1143 microsecs, 
>>> kernel (proc) 15 time elapsed: 1.033 ms, 1033 microsecs, 
>>> kernel (proc) 16 time elapsed: 1.202 ms, 1202 microsecs, 
>>> kernel (proc) 17 time elapsed: 1.21 ms, 1210 microsecs, 
>>> kernel (proc) 18 time elapsed: 1.107 ms, 1107 microsecs, 
>>> kernel (proc) 19 time elapsed: 1.056 ms, 1056 microsecs, 
>>> kernel (proc) 20 time elapsed: 1.158 ms, 1158 microsecs, 
>>> kernel (proc) 21 time elapsed: 1.086 ms, 1086 microsecs, 
>>> kernel (proc) 22 time elapsed: 1.105 ms, 1105 microsecs, 
>>> kernel (proc) 23 time elapsed: 1.124 ms, 1124 microsecs, 
>>> kernel (proc) 24 time elapsed: 1.244 ms, 1244 microsecs, 
>>> kernel (proc) 25 time elapsed: 1.048 ms, 1048 microsecs, 
>>> kernel (proc) 26 time elapsed: 1.117 ms, 1117 microsecs, 
>>> kernel (proc) 27 time elapsed: 1.168 ms, 1168 microsecs, 
>>> kernel (proc) 28 time elapsed: 1.169 ms, 1169 microsecs, 
>>> kernel (proc) 29 time elapsed: 1.186 ms, 1186 microsecs, 
>>> kernel (proc) 30 time elapsed: 1.142 ms, 1142 microsecs, 
>>> kernel (proc) 31 time elapsed: 1.199 ms, 1199 microsecs, 
>>> SUMMARY: kernel (proc) average time elapsed for Iteration 2: 0.895516(0.895516) ms, 0.917484(0.0219677) ms, 1.1601(0.242613) ms, 
>>> goclkernel[actssync]:: running ACTS SYNCHRONZE (Iteration 2)
>>> kernel (sync) time elapsed: 8.802 ms, 8802 microsecs, 
>>> kernel (sync) time elapsed: 1.955 ms, 1955 microsecs, 
>>> kernel (sync) time elapsed: 1.858 ms, 1858 microsecs, 
>>> kernel (sync) time elapsed: 2.008 ms, 2008 microsecs, 
>>> kernel (sync) time elapsed: 2.047 ms, 2047 microsecs, 
>>> kernel (sync) time elapsed: 2.048 ms, 2048 microsecs, 

active partitions for iteration 3: 0, 1, 3, 4, 7, 9, 10, 14, 15, 19, 22, 24, 26, 28, 29, 30, 31, 33, 34, 35, 36, 37, 38, 40, 41, 43, 44, 45, 47, 48, 49, 50, 51, 52, 53, 56, 58, 59, 61, 63, 65, 67, 68, 69, 70, 71, 72, 73, 74, 75, 76, 77, 79, 82, 83, 85, 87, 90, 95, 96, 97, 100, 102, 103, 104, 107, 108, 110, 111, 113, 114, 115, 116, 117, 120, 121, 123, 124, 125, 126, 
>>> goclkernel[actssync]:: running ACTS PROCESS (Iteration 3)...
>>> kernel (proc) 0 time elapsed: 4.756 ms, 4756 microsecs, 
>>> kernel (proc) 1 time elapsed: 4.666 ms, 4666 microsecs, 
>>> kernel (proc) 2 time elapsed: 4.762 ms, 4762 microsecs, 
>>> kernel (proc) 3 time elapsed: 4.585 ms, 4585 microsecs, 
>>> kernel (proc) 4 time elapsed: 4.635 ms, 4635 microsecs, 
>>> kernel (proc) 5 time elapsed: 4.649 ms, 4649 microsecs, 
>>> kernel (proc) 6 time elapsed: 4.734 ms, 4734 microsecs, 
>>> kernel (proc) 7 time elapsed: 4.64 ms, 4640 microsecs, 
>>> kernel (proc) 8 time elapsed: 4.753 ms, 4753 microsecs, 
>>> kernel (proc) 9 time elapsed: 4.778 ms, 4778 microsecs, 
>>> kernel (proc) 10 time elapsed: 4.777 ms, 4777 microsecs, 
>>> kernel (proc) 11 time elapsed: 4.753 ms, 4753 microsecs, 
>>> kernel (proc) 12 time elapsed: 4.782 ms, 4782 microsecs, 
>>> kernel (proc) 13 time elapsed: 4.734 ms, 4734 microsecs, 
>>> kernel (proc) 14 time elapsed: 4.75 ms, 4750 microsecs, 
>>> kernel (proc) 15 time elapsed: 4.735 ms, 4735 microsecs, 
>>> kernel (proc) 16 time elapsed: 4.79 ms, 4790 microsecs, 
>>> kernel (proc) 17 time elapsed: 4.616 ms, 4616 microsecs, 
>>> kernel (proc) 18 time elapsed: 4.625 ms, 4625 microsecs, 
>>> kernel (proc) 19 time elapsed: 4.735 ms, 4735 microsecs, 
>>> kernel (proc) 20 time elapsed: 4.766 ms, 4766 microsecs, 
>>> kernel (proc) 21 time elapsed: 4.678 ms, 4678 microsecs, 
>>> kernel (proc) 22 time elapsed: 4.768 ms, 4768 microsecs, 
>>> kernel (proc) 23 time elapsed: 4.78 ms, 4780 microsecs, 
>>> kernel (proc) 24 time elapsed: 4.722 ms, 4722 microsecs, 
>>> kernel (proc) 25 time elapsed: 4.602 ms, 4602 microsecs, 
>>> kernel (proc) 26 time elapsed: 4.62 ms, 4620 microsecs, 
>>> kernel (proc) 27 time elapsed: 4.708 ms, 4708 microsecs, 
>>> kernel (proc) 28 time elapsed: 4.734 ms, 4734 microsecs, 
>>> kernel (proc) 29 time elapsed: 4.695 ms, 4695 microsecs, 
>>> kernel (proc) 30 time elapsed: 4.771 ms, 4771 microsecs, 
>>> kernel (proc) 31 time elapsed: 4.688 ms, 4688 microsecs, 
>>> SUMMARY: kernel (proc) average time elapsed for Iteration 3: 3.2441(3.2441) ms, 3.3719(0.127806) ms, 4.71068(1.33877) ms, 
>>> goclkernel[actssync]:: running ACTS SYNCHRONZE (Iteration 3)
>>> kernel (sync) time elapsed: 9.456 ms, 9456 microsecs, 
>>> kernel (sync) time elapsed: 2.58 ms, 2580 microsecs, 
>>> kernel (sync) time elapsed: 2.674 ms, 2674 microsecs, 
>>> kernel (sync) time elapsed: 2.576 ms, 2576 microsecs, 
>>> kernel (sync) time elapsed: 2.647 ms, 2647 microsecs, 
>>> kernel (sync) time elapsed: 2.803 ms, 2803 microsecs, 

active partitions for iteration 4: 0, 1, 2, 3, 4, 5, 6, 7, 8, 9, 10, 11, 12, 13, 14, 15, 16, 17, 18, 19, 20, 21, 22, 23, 24, 25, 26, 27, 28, 29, 30, 31, 32, 33, 34, 35, 36, 37, 38, 39, 40, 41, 42, 43, 44, 45, 46, 47, 48, 49, 50, 51, 52, 53, 54, 55, 56, 57, 58, 59, 60, 61, 62, 63, 64, 65, 66, 67, 68, 69, 70, 71, 72, 73, 74, 75, 76, 77, 78, 79, 80, 81, 82, 83, 84, 85, 86, 87, 88, 89, 90, 91, 92, 93, 94, 95, 96, 97, 98, 99, 100, 101, 102, 103, 104, 105, 106, 107, 108, 109, 110, 111, 112, 113, 114, 115, 116, 117, 118, 119, 120, 121, 122, 123, 124, 125, 126, 127, 128, 129, 130, 
>>> goclkernel[actssync]:: running ACTS PROCESS (Iteration 4)...
>>> kernel (proc) 0 time elapsed: 22.492 ms, 22492 microsecs, 
>>> kernel (proc) 1 time elapsed: 22.514 ms, 22514 microsecs, 
>>> kernel (proc) 2 time elapsed: 22.497 ms, 22497 microsecs, 
>>> kernel (proc) 3 time elapsed: 22.48 ms, 22480 microsecs, 
>>> kernel (proc) 4 time elapsed: 22.539 ms, 22539 microsecs, 
>>> kernel (proc) 5 time elapsed: 22.516 ms, 22516 microsecs, 
>>> kernel (proc) 6 time elapsed: 22.503 ms, 22503 microsecs, 
>>> kernel (proc) 7 time elapsed: 22.489 ms, 22489 microsecs, 
>>> kernel (proc) 8 time elapsed: 22.431 ms, 22431 microsecs, 
>>> kernel (proc) 9 time elapsed: 22.466 ms, 22466 microsecs, 
>>> kernel (proc) 10 time elapsed: 22.511 ms, 22511 microsecs, 
>>> kernel (proc) 11 time elapsed: 22.526 ms, 22526 microsecs, 
>>> kernel (proc) 12 time elapsed: 22.48 ms, 22480 microsecs, 
>>> kernel (proc) 13 time elapsed: 22.521 ms, 22521 microsecs, 
>>> kernel (proc) 14 time elapsed: 22.463 ms, 22463 microsecs, 
>>> kernel (proc) 15 time elapsed: 22.457 ms, 22457 microsecs, 
>>> kernel (proc) 16 time elapsed: 22.488 ms, 22488 microsecs, 
>>> kernel (proc) 17 time elapsed: 22.418 ms, 22418 microsecs, 
>>> kernel (proc) 18 time elapsed: 22.462 ms, 22462 microsecs, 
>>> kernel (proc) 19 time elapsed: 22.484 ms, 22484 microsecs, 
>>> kernel (proc) 20 time elapsed: 22.485 ms, 22485 microsecs, 
>>> kernel (proc) 21 time elapsed: 22.452 ms, 22452 microsecs, 
>>> kernel (proc) 22 time elapsed: 22.423 ms, 22423 microsecs, 
>>> kernel (proc) 23 time elapsed: 22.502 ms, 22502 microsecs, 
>>> kernel (proc) 24 time elapsed: 22.509 ms, 22509 microsecs, 
>>> kernel (proc) 25 time elapsed: 22.443 ms, 22443 microsecs, 
>>> kernel (proc) 26 time elapsed: 22.479 ms, 22479 microsecs, 
>>> kernel (proc) 27 time elapsed: 22.429 ms, 22429 microsecs, 
>>> kernel (proc) 28 time elapsed: 22.468 ms, 22468 microsecs, 
>>> kernel (proc) 29 time elapsed: 22.451 ms, 22451 microsecs, 
>>> kernel (proc) 30 time elapsed: 22.482 ms, 22482 microsecs, 
>>> kernel (proc) 31 time elapsed: 22.457 ms, 22457 microsecs, 
>>> SUMMARY: kernel (proc) average time elapsed for Iteration 4: 7.10839(7.10839) ms, 11.1077(3.99935) ms, 22.4782(11.3705) ms, 
>>> goclkernel[actssync]:: running ACTS SYNCHRONZE (Iteration 4)
>>> kernel (sync) time elapsed: 9.158 ms, 9158 microsecs, 
>>> kernel (sync) time elapsed: 2.575 ms, 2575 microsecs, 
>>> kernel (sync) time elapsed: 2.562 ms, 2562 microsecs, 
>>> kernel (sync) time elapsed: 2.652 ms, 2652 microsecs, 
>>> kernel (sync) time elapsed: 2.709 ms, 2709 microsecs, 
>>> kernel (sync) time elapsed: 2.674 ms, 2674 microsecs, 

active partitions for iteration 5: 0, 1, 2, 3, 4, 5, 6, 7, 8, 9, 10, 11, 12, 13, 14, 15, 16, 17, 18, 19, 20, 21, 22, 23, 24, 25, 26, 27, 28, 29, 30, 31, 32, 33, 34, 35, 36, 37, 38, 39, 40, 41, 42, 43, 44, 45, 46, 47, 48, 49, 50, 51, 52, 53, 54, 55, 56, 57, 58, 59, 60, 61, 62, 63, 64, 65, 66, 67, 68, 69, 70, 71, 72, 73, 74, 75, 76, 77, 78, 79, 80, 81, 82, 83, 84, 85, 86, 87, 88, 89, 90, 91, 92, 93, 94, 95, 96, 97, 98, 99, 100, 101, 102, 103, 104, 105, 106, 107, 108, 109, 110, 111, 112, 113, 114, 115, 116, 117, 118, 119, 120, 121, 122, 123, 124, 125, 126, 127, 128, 129, 130, 
>>> goclkernel[actssync]:: running ACTS PROCESS (Iteration 5)...
>>> kernel (proc) 0 time elapsed: 23.951 ms, 23951 microsecs, 
>>> kernel (proc) 1 time elapsed: 23.856 ms, 23856 microsecs, 
>>> kernel (proc) 2 time elapsed: 23.975 ms, 23975 microsecs, 
>>> kernel (proc) 3 time elapsed: 23.937 ms, 23937 microsecs, 
>>> kernel (proc) 4 time elapsed: 23.974 ms, 23974 microsecs, 
>>> kernel (proc) 5 time elapsed: 23.947 ms, 23947 microsecs, 
>>> kernel (proc) 6 time elapsed: 23.998 ms, 23998 microsecs, 
>>> kernel (proc) 7 time elapsed: 23.906 ms, 23906 microsecs, 
>>> kernel (proc) 8 time elapsed: 23.947 ms, 23947 microsecs, 
>>> kernel (proc) 9 time elapsed: 23.871 ms, 23871 microsecs, 
>>> kernel (proc) 10 time elapsed: 23.988 ms, 23988 microsecs, 
>>> kernel (proc) 11 time elapsed: 23.889 ms, 23889 microsecs, 
>>> kernel (proc) 12 time elapsed: 23.977 ms, 23977 microsecs, 
>>> kernel (proc) 13 time elapsed: 23.905 ms, 23905 microsecs, 
>>> kernel (proc) 14 time elapsed: 23.956 ms, 23956 microsecs, 
>>> kernel (proc) 15 time elapsed: 23.982 ms, 23982 microsecs, 
>>> kernel (proc) 16 time elapsed: 23.983 ms, 23983 microsecs, 
>>> kernel (proc) 17 time elapsed: 23.926 ms, 23926 microsecs, 
>>> kernel (proc) 18 time elapsed: 24.003 ms, 24003 microsecs, 
>>> kernel (proc) 19 time elapsed: 23.957 ms, 23957 microsecs, 
>>> kernel (proc) 20 time elapsed: 24.003 ms, 24003 microsecs, 
>>> kernel (proc) 21 time elapsed: 23.941 ms, 23941 microsecs, 
>>> kernel (proc) 22 time elapsed: 23.979 ms, 23979 microsecs, 
>>> kernel (proc) 23 time elapsed: 23.89 ms, 23890 microsecs, 
>>> kernel (proc) 24 time elapsed: 23.922 ms, 23922 microsecs, 
>>> kernel (proc) 25 time elapsed: 23.94 ms, 23940 microsecs, 
>>> kernel (proc) 26 time elapsed: 23.983 ms, 23983 microsecs, 
>>> kernel (proc) 27 time elapsed: 23.882 ms, 23882 microsecs, 
>>> kernel (proc) 28 time elapsed: 23.92 ms, 23920 microsecs, 
>>> kernel (proc) 29 time elapsed: 23.903 ms, 23903 microsecs, 
>>> kernel (proc) 30 time elapsed: 23.924 ms, 23924 microsecs, 
>>> kernel (proc) 31 time elapsed: 23.911 ms, 23911 microsecs, 
>>> SUMMARY: kernel (proc) average time elapsed for Iteration 5: 7.51852(7.51852) ms, 11.906(4.38748) ms, 23.9411(12.0351) ms, 
>>> goclkernel[actssync]:: running ACTS SYNCHRONZE (Iteration 5)
>>> kernel (sync) time elapsed: 9.103 ms, 9103 microsecs, 
>>> kernel (sync) time elapsed: 2.581 ms, 2581 microsecs, 
>>> kernel (sync) time elapsed: 2.579 ms, 2579 microsecs, 
>>> kernel (sync) time elapsed: 2.641 ms, 2641 microsecs, 
>>> kernel (sync) time elapsed: 2.688 ms, 2688 microsecs, 
>>> kernel (sync) time elapsed: 2.697 ms, 2697 microsecs, 

active partitions for iteration 6: 0, 1, 2, 3, 4, 5, 6, 7, 8, 9, 10, 11, 12, 13, 14, 15, 16, 17, 18, 19, 20, 21, 22, 23, 24, 25, 26, 27, 28, 29, 30, 31, 32, 33, 34, 35, 36, 37, 38, 39, 40, 41, 42, 43, 44, 45, 46, 47, 48, 49, 50, 51, 52, 53, 54, 55, 56, 57, 58, 59, 60, 61, 62, 63, 64, 65, 66, 67, 68, 69, 70, 71, 72, 73, 74, 75, 76, 77, 78, 79, 80, 81, 82, 83, 84, 85, 86, 87, 88, 89, 90, 91, 92, 93, 94, 95, 97, 98, 99, 100, 101, 102, 103, 104, 105, 106, 107, 108, 109, 110, 111, 112, 113, 114, 115, 116, 117, 118, 119, 120, 121, 122, 123, 124, 125, 126, 127, 128, 129, 130, 
>>> goclkernel[actssync]:: running ACTS PROCESS (Iteration 6)...
>>> kernel (proc) 0 time elapsed: 6.615 ms, 6615 microsecs, 
>>> kernel (proc) 1 time elapsed: 6.647 ms, 6647 microsecs, 
>>> kernel (proc) 2 time elapsed: 6.614 ms, 6614 microsecs, 
>>> kernel (proc) 3 time elapsed: 6.636 ms, 6636 microsecs, 
>>> kernel (proc) 4 time elapsed: 6.598 ms, 6598 microsecs, 
>>> kernel (proc) 5 time elapsed: 6.602 ms, 6602 microsecs, 
>>> kernel (proc) 6 time elapsed: 6.616 ms, 6616 microsecs, 
>>> kernel (proc) 7 time elapsed: 6.628 ms, 6628 microsecs, 
>>> kernel (proc) 8 time elapsed: 6.607 ms, 6607 microsecs, 
>>> kernel (proc) 9 time elapsed: 6.634 ms, 6634 microsecs, 
>>> kernel (proc) 10 time elapsed: 6.6 ms, 6600 microsecs, 
>>> kernel (proc) 11 time elapsed: 6.616 ms, 6616 microsecs, 
>>> kernel (proc) 12 time elapsed: 6.603 ms, 6603 microsecs, 
>>> kernel (proc) 13 time elapsed: 6.625 ms, 6625 microsecs, 
>>> kernel (proc) 14 time elapsed: 6.601 ms, 6601 microsecs, 
>>> kernel (proc) 15 time elapsed: 6.629 ms, 6629 microsecs, 
>>> kernel (proc) 16 time elapsed: 6.658 ms, 6658 microsecs, 
>>> kernel (proc) 17 time elapsed: 6.582 ms, 6582 microsecs, 
>>> kernel (proc) 18 time elapsed: 6.595 ms, 6595 microsecs, 
>>> kernel (proc) 19 time elapsed: 6.622 ms, 6622 microsecs, 
>>> kernel (proc) 20 time elapsed: 6.599 ms, 6599 microsecs, 
>>> kernel (proc) 21 time elapsed: 6.606 ms, 6606 microsecs, 
>>> kernel (proc) 22 time elapsed: 6.629 ms, 6629 microsecs, 
>>> kernel (proc) 23 time elapsed: 6.655 ms, 6655 microsecs, 
>>> kernel (proc) 24 time elapsed: 6.639 ms, 6639 microsecs, 
>>> kernel (proc) 25 time elapsed: 6.651 ms, 6651 microsecs, 
>>> kernel (proc) 26 time elapsed: 6.685 ms, 6685 microsecs, 
>>> kernel (proc) 27 time elapsed: 6.637 ms, 6637 microsecs, 
>>> kernel (proc) 28 time elapsed: 6.639 ms, 6639 microsecs, 
>>> kernel (proc) 29 time elapsed: 6.654 ms, 6654 microsecs, 
>>> kernel (proc) 30 time elapsed: 6.706 ms, 6706 microsecs, 
>>> kernel (proc) 31 time elapsed: 6.634 ms, 6634 microsecs, 
>>> SUMMARY: kernel (proc) average time elapsed for Iteration 6: 4.43494(4.43494) ms, 4.79729(0.362355) ms, 6.62732(1.83003) ms, 
>>> goclkernel[actssync]:: running ACTS SYNCHRONZE (Iteration 6)
>>> kernel (sync) time elapsed: 9.417 ms, 9417 microsecs, 
>>> kernel (sync) time elapsed: 2.559 ms, 2559 microsecs, 
>>> kernel (sync) time elapsed: 2.668 ms, 2668 microsecs, 
>>> kernel (sync) time elapsed: 2.568 ms, 2568 microsecs, 
>>> kernel (sync) time elapsed: 2.691 ms, 2691 microsecs, 
>>> kernel (sync) time elapsed: 2.709 ms, 2709 microsecs, 

active partitions for iteration 7: 0, 1, 2, 3, 4, 5, 6, 7, 8, 9, 10, 11, 12, 13, 14, 15, 16, 17, 18, 19, 20, 21, 22, 23, 24, 25, 26, 27, 28, 29, 30, 31, 32, 33, 34, 35, 36, 37, 38, 39, 40, 41, 42, 43, 44, 45, 46, 47, 48, 49, 50, 51, 52, 53, 54, 55, 56, 57, 60, 61, 62, 63, 64, 65, 66, 67, 68, 69, 70, 71, 72, 74, 76, 77, 78, 79, 80, 81, 82, 83, 84, 85, 86, 87, 88, 89, 90, 91, 92, 93, 94, 97, 98, 99, 100, 101, 102, 103, 104, 105, 106, 107, 108, 109, 110, 111, 112, 113, 114, 115, 116, 117, 118, 119, 120, 121, 122, 123, 125, 126, 127, 128, 129, 130, 
>>> goclkernel[actssync]:: running ACTS PROCESS (Iteration 7)...
>>> kernel (proc) 0 time elapsed: 4.415 ms, 4415 microsecs, 
>>> kernel (proc) 1 time elapsed: 4.293 ms, 4293 microsecs, 
>>> kernel (proc) 2 time elapsed: 4.339 ms, 4339 microsecs, 
>>> kernel (proc) 3 time elapsed: 4.256 ms, 4256 microsecs, 
>>> kernel (proc) 4 time elapsed: 4.366 ms, 4366 microsecs, 
>>> kernel (proc) 5 time elapsed: 4.199 ms, 4199 microsecs, 
>>> kernel (proc) 6 time elapsed: 4.304 ms, 4304 microsecs, 
>>> kernel (proc) 7 time elapsed: 4.263 ms, 4263 microsecs, 
>>> kernel (proc) 8 time elapsed: 4.372 ms, 4372 microsecs, 
>>> kernel (proc) 9 time elapsed: 4.318 ms, 4318 microsecs, 
>>> kernel (proc) 10 time elapsed: 4.368 ms, 4368 microsecs, 
>>> kernel (proc) 11 time elapsed: 4.35 ms, 4350 microsecs, 
>>> kernel (proc) 12 time elapsed: 4.318 ms, 4318 microsecs, 
>>> kernel (proc) 13 time elapsed: 4.308 ms, 4308 microsecs, 
>>> kernel (proc) 14 time elapsed: 4.343 ms, 4343 microsecs, 
>>> kernel (proc) 15 time elapsed: 4.402 ms, 4402 microsecs, 
>>> kernel (proc) 16 time elapsed: 4.353 ms, 4353 microsecs, 
>>> kernel (proc) 17 time elapsed: 4.363 ms, 4363 microsecs, 
>>> kernel (proc) 18 time elapsed: 4.268 ms, 4268 microsecs, 
>>> kernel (proc) 19 time elapsed: 4.281 ms, 4281 microsecs, 
>>> kernel (proc) 20 time elapsed: 4.344 ms, 4344 microsecs, 
>>> kernel (proc) 21 time elapsed: 4.282 ms, 4282 microsecs, 
>>> kernel (proc) 22 time elapsed: 4.381 ms, 4381 microsecs, 
>>> kernel (proc) 23 time elapsed: 4.3 ms, 4300 microsecs, 
>>> kernel (proc) 24 time elapsed: 4.279 ms, 4279 microsecs, 
>>> kernel (proc) 25 time elapsed: 4.285 ms, 4285 microsecs, 
>>> kernel (proc) 26 time elapsed: 4.332 ms, 4332 microsecs, 
>>> kernel (proc) 27 time elapsed: 4.288 ms, 4288 microsecs, 
>>> kernel (proc) 28 time elapsed: 4.371 ms, 4371 microsecs, 
>>> kernel (proc) 29 time elapsed: 4.403 ms, 4403 microsecs, 
>>> kernel (proc) 30 time elapsed: 4.361 ms, 4361 microsecs, 
>>> kernel (proc) 31 time elapsed: 4.404 ms, 4404 microsecs, 
>>> SUMMARY: kernel (proc) average time elapsed for Iteration 7: 3.42687(3.42687) ms, 3.49574(0.068871) ms, 4.32561(0.829871) ms, 
>>> goclkernel[actssync]:: running ACTS SYNCHRONZE (Iteration 7)
>>> kernel (sync) time elapsed: 9.28 ms, 9280 microsecs, 
>>> kernel (sync) time elapsed: 2.466 ms, 2466 microsecs, 
>>> kernel (sync) time elapsed: 2.516 ms, 2516 microsecs, 
>>> kernel (sync) time elapsed: 2.437 ms, 2437 microsecs, 
>>> kernel (sync) time elapsed: 2.639 ms, 2639 microsecs, 
>>> kernel (sync) time elapsed: 2.568 ms, 2568 microsecs, 

active partitions for iteration 8: 0, 1, 2, 3, 4, 5, 6, 7, 8, 9, 10, 11, 12, 13, 14, 15, 16, 17, 18, 19, 20, 21, 26, 27, 28, 31, 32, 33, 34, 38, 39, 40, 43, 44, 46, 48, 49, 50, 52, 53, 61, 62, 63, 64, 67, 69, 70, 76, 77, 105, 107, 117, 118, 119, 120, 121, 127, 128, 129, 130, 
>>> goclkernel[actssync]:: running ACTS PROCESS (Iteration 8)...
>>> kernel (proc) 0 time elapsed: 1.983 ms, 1983 microsecs, 
>>> kernel (proc) 1 time elapsed: 1.955 ms, 1955 microsecs, 
>>> kernel (proc) 2 time elapsed: 1.969 ms, 1969 microsecs, 
>>> kernel (proc) 3 time elapsed: 1.928 ms, 1928 microsecs, 
>>> kernel (proc) 4 time elapsed: 1.998 ms, 1998 microsecs, 
>>> kernel (proc) 5 time elapsed: 1.913 ms, 1913 microsecs, 
>>> kernel (proc) 6 time elapsed: 1.923 ms, 1923 microsecs, 
>>> kernel (proc) 7 time elapsed: 1.949 ms, 1949 microsecs, 
>>> kernel (proc) 8 time elapsed: 1.977 ms, 1977 microsecs, 
>>> kernel (proc) 9 time elapsed: 1.971 ms, 1971 microsecs, 
>>> kernel (proc) 10 time elapsed: 2.003 ms, 2003 microsecs, 
>>> kernel (proc) 11 time elapsed: 1.984 ms, 1984 microsecs, 
>>> kernel (proc) 12 time elapsed: 1.961 ms, 1961 microsecs, 
>>> kernel (proc) 13 time elapsed: 1.877 ms, 1877 microsecs, 
>>> kernel (proc) 14 time elapsed: 1.956 ms, 1956 microsecs, 
>>> kernel (proc) 15 time elapsed: 1.949 ms, 1949 microsecs, 
>>> kernel (proc) 16 time elapsed: 1.914 ms, 1914 microsecs, 
>>> kernel (proc) 17 time elapsed: 1.995 ms, 1995 microsecs, 
>>> kernel (proc) 18 time elapsed: 1.909 ms, 1909 microsecs, 
>>> kernel (proc) 19 time elapsed: 1.885 ms, 1885 microsecs, 
>>> kernel (proc) 20 time elapsed: 1.925 ms, 1925 microsecs, 
>>> kernel (proc) 21 time elapsed: 1.91 ms, 1910 microsecs, 
>>> kernel (proc) 22 time elapsed: 1.95 ms, 1950 microsecs, 
>>> kernel (proc) 23 time elapsed: 2.059 ms, 2059 microsecs, 
>>> kernel (proc) 24 time elapsed: 2.026 ms, 2026 microsecs, 
>>> kernel (proc) 25 time elapsed: 2.05 ms, 2050 microsecs, 
>>> kernel (proc) 26 time elapsed: 1.958 ms, 1958 microsecs, 
>>> kernel (proc) 27 time elapsed: 1.906 ms, 1906 microsecs, 
>>> kernel (proc) 28 time elapsed: 1.888 ms, 1888 microsecs, 
>>> kernel (proc) 29 time elapsed: 1.968 ms, 1968 microsecs, 
>>> kernel (proc) 30 time elapsed: 1.913 ms, 1913 microsecs, 
>>> kernel (proc) 31 time elapsed: 1.955 ms, 1955 microsecs, 
>>> SUMMARY: kernel (proc) average time elapsed for Iteration 8: 1.74216(1.74216) ms, 1.75903(0.016871) ms, 1.95239(0.193355) ms, 
>>> goclkernel[actssync]:: running ACTS SYNCHRONZE (Iteration 8)
>>> kernel (sync) time elapsed: 8.281 ms, 8281 microsecs, 
>>> kernel (sync) time elapsed: 1.545 ms, 1545 microsecs, 
>>> kernel (sync) time elapsed: 1.566 ms, 1566 microsecs, 
>>> kernel (sync) time elapsed: 1.659 ms, 1659 microsecs, 
>>> kernel (sync) time elapsed: 1.667 ms, 1667 microsecs, 
>>> kernel (sync) time elapsed: 1.655 ms, 1655 microsecs, 

active partitions for iteration 9: 6, 7, 9, 11, 14, 15, 16, 33, 38, 39, 52, 
>>> goclkernel[actssync]:: running ACTS PROCESS (Iteration 9)...
>>> kernel (proc) 0 time elapsed: 0.893 ms, 893 microsecs, 
>>> kernel (proc) 1 time elapsed: 0.863 ms, 863 microsecs, 
>>> kernel (proc) 2 time elapsed: 0.908 ms, 908 microsecs, 
>>> kernel (proc) 3 time elapsed: 0.905 ms, 905 microsecs, 
>>> kernel (proc) 4 time elapsed: 0.782 ms, 782 microsecs, 
>>> kernel (proc) 5 time elapsed: 0.785 ms, 785 microsecs, 
>>> kernel (proc) 6 time elapsed: 0.774 ms, 774 microsecs, 
>>> kernel (proc) 7 time elapsed: 0.785 ms, 785 microsecs, 
>>> kernel (proc) 8 time elapsed: 0.778 ms, 778 microsecs, 
>>> kernel (proc) 9 time elapsed: 0.775 ms, 775 microsecs, 
>>> kernel (proc) 10 time elapsed: 0.78 ms, 780 microsecs, 
>>> kernel (proc) 11 time elapsed: 0.776 ms, 776 microsecs, 
>>> kernel (proc) 12 time elapsed: 0.785 ms, 785 microsecs, 
>>> kernel (proc) 13 time elapsed: 0.896 ms, 896 microsecs, 
>>> kernel (proc) 14 time elapsed: 0.777 ms, 777 microsecs, 
>>> kernel (proc) 15 time elapsed: 0.815 ms, 815 microsecs, 
>>> kernel (proc) 16 time elapsed: 0.814 ms, 814 microsecs, 
>>> kernel (proc) 17 time elapsed: 0.795 ms, 795 microsecs, 
>>> kernel (proc) 18 time elapsed: 0.803 ms, 803 microsecs, 
>>> kernel (proc) 19 time elapsed: 0.785 ms, 785 microsecs, 
>>> kernel (proc) 20 time elapsed: 0.812 ms, 812 microsecs, 
>>> kernel (proc) 21 time elapsed: 0.888 ms, 888 microsecs, 
>>> kernel (proc) 22 time elapsed: 0.808 ms, 808 microsecs, 
>>> kernel (proc) 23 time elapsed: 0.87 ms, 870 microsecs, 
>>> kernel (proc) 24 time elapsed: 0.824 ms, 824 microsecs, 
>>> kernel (proc) 25 time elapsed: 0.795 ms, 795 microsecs, 
>>> kernel (proc) 26 time elapsed: 0.828 ms, 828 microsecs, 
>>> kernel (proc) 27 time elapsed: 0.794 ms, 794 microsecs, 
>>> kernel (proc) 28 time elapsed: 0.792 ms, 792 microsecs, 
>>> kernel (proc) 29 time elapsed: 0.828 ms, 828 microsecs, 
>>> kernel (proc) 30 time elapsed: 0.795 ms, 795 microsecs, 
>>> kernel (proc) 31 time elapsed: 0.792 ms, 792 microsecs, 
>>> SUMMARY: kernel (proc) average time elapsed for Iteration 9: 0.684581(0.684581) ms, 0.686226(0.00164516) ms, 0.813129(0.126903) ms, 
>>> goclkernel[actssync]:: running ACTS SYNCHRONZE (Iteration 9)
>>> kernel (sync) time elapsed: 7.78 ms, 7780 microsecs, 
>>> kernel (sync) time elapsed: 1.01 ms, 1010 microsecs, 
>>> kernel (sync) time elapsed: 1.148 ms, 1148 microsecs, 
>>> kernel (sync) time elapsed: 1.04 ms, 1040 microsecs, 
>>> kernel (sync) time elapsed: 1.128 ms, 1128 microsecs, 
>>> kernel (sync) time elapsed: 1.097 ms, 1097 microsecs, 

active partitions for iteration 10: 33, 
>>> goclkernel[actssync]:: running ACTS PROCESS (Iteration 10)...
>>> kernel (proc) 0 time elapsed: 0.602 ms, 602 microsecs, 
>>> kernel (proc) 1 time elapsed: 0.62 ms, 620 microsecs, 
>>> kernel (proc) 2 time elapsed: 0.602 ms, 602 microsecs, 
>>> kernel (proc) 3 time elapsed: 0.601 ms, 601 microsecs, 
>>> kernel (proc) 4 time elapsed: 0.605 ms, 605 microsecs, 
>>> kernel (proc) 5 time elapsed: 0.6 ms, 600 microsecs, 
>>> kernel (proc) 6 time elapsed: 0.542 ms, 542 microsecs, 
>>> kernel (proc) 7 time elapsed: 0.606 ms, 606 microsecs, 
>>> kernel (proc) 8 time elapsed: 0.544 ms, 544 microsecs, 
>>> kernel (proc) 9 time elapsed: 0.549 ms, 549 microsecs, 
>>> kernel (proc) 10 time elapsed: 0.54 ms, 540 microsecs, 
>>> kernel (proc) 11 time elapsed: 0.6 ms, 600 microsecs, 
>>> kernel (proc) 12 time elapsed: 0.609 ms, 609 microsecs, 
>>> kernel (proc) 13 time elapsed: 0.543 ms, 543 microsecs, 
>>> kernel (proc) 14 time elapsed: 0.602 ms, 602 microsecs, 
>>> kernel (proc) 15 time elapsed: 0.544 ms, 544 microsecs, 
>>> kernel (proc) 16 time elapsed: 0.557 ms, 557 microsecs, 
>>> kernel (proc) 17 time elapsed: 0.545 ms, 545 microsecs, 
>>> kernel (proc) 18 time elapsed: 0.603 ms, 603 microsecs, 
>>> kernel (proc) 19 time elapsed: 0.566 ms, 566 microsecs, 
>>> kernel (proc) 20 time elapsed: 0.602 ms, 602 microsecs, 
>>> kernel (proc) 21 time elapsed: 0.612 ms, 612 microsecs, 
>>> kernel (proc) 22 time elapsed: 0.608 ms, 608 microsecs, 
>>> kernel (proc) 23 time elapsed: 0.599 ms, 599 microsecs, 
>>> kernel (proc) 24 time elapsed: 0.544 ms, 544 microsecs, 
>>> kernel (proc) 25 time elapsed: 0.56 ms, 560 microsecs, 
>>> kernel (proc) 26 time elapsed: 0.602 ms, 602 microsecs, 
>>> kernel (proc) 27 time elapsed: 0.6 ms, 600 microsecs, 
>>> kernel (proc) 28 time elapsed: 0.541 ms, 541 microsecs, 
>>> kernel (proc) 29 time elapsed: 0.548 ms, 548 microsecs, 
>>> kernel (proc) 30 time elapsed: 0.601 ms, 601 microsecs, 
>>> kernel (proc) 31 time elapsed: 0.606 ms, 606 microsecs, 
>>> SUMMARY: kernel (proc) average time elapsed for Iteration 10: 0.522742(0.522742) ms, 0.517581(-0.00516129) ms, 0.580677(0.0630968) ms, 
>>> goclkernel[actssync]:: running ACTS SYNCHRONZE (Iteration 10)
>>> kernel (sync) time elapsed: 7.462 ms, 7462 microsecs, 
>>> kernel (sync) time elapsed: 0.958 ms, 958 microsecs, 
>>> kernel (sync) time elapsed: 0.957 ms, 957 microsecs, 
>>> kernel (sync) time elapsed: 0.943 ms, 943 microsecs, 
>>> kernel (sync) time elapsed: 1.046 ms, 1046 microsecs, 
>>> kernel (sync) time elapsed: 1.035 ms, 1035 microsecs, 

active partitions for iteration 11: 
goclkernel::runapp2: no more active vertices to process. exiting... 
[1m[37m>>> SUMMARY: Total kernel time: 78.5145 ms[0m

[1m[37m>>> app::run_hw: THROUGHPUT SUMMARY DETAILS: [0m
0.012949, -0.418919, 0.00973389, [Iter 0 throughput: 0.0056315][Iter 0 edges processed: 6]
0.0939333, 2.25891, 0.0675663, [Iter 1 throughput: 0.0386267][Iter 1 edges processed: 47]
2.42765, 98.9633, 1.71639, [Iter 2 throughput: 0.995377][Iter 2 edges processed: 2174]
203.265, 5159.46, 240.637, [Iter 3 throughput: 107.885][Iter 3 edges processed: 659412]
7424.81, 13196.7, 4153.34, [Iter 4 throughput: 2216.16][Iter 4 edges processed: 5.27785e+07]
7717.26, 13224.5, 4335.32, [Iter 5 throughput: 2294.31][Iter 5 edges processed: 5.80223e+07]
723.895, 8859.9, 1008.13, [Iter 6 throughput: 402.217][Iter 6 edges processed: 3.21043e+06]
21.7639, 1082.92, 35.2822, [Iter 7 throughput: 13.2954][Iter 7 edges processed: 74582]
2.33159, 240.769, 3.97902, [Iter 8 throughput: 1.46121][Iter 8 edges processed: 4062]
0.128546, 53.4902, 0.130293, [Iter 9 throughput: 0.0646285][Iter 9 edges processed: 88]
0.00573897, -0.58125, 0.0051671, [Iter 10 throughput: 0.0027318][Iter 10 edges processed: 3]

>>> app::run_hw: total_edges_processed: 114751558 edges (114 million edges)
>>> app::run_hw: total_time_elapsed: 78.5145 ms (0.0785145 s)
[1m[37m>>> app::run_hw: throughput: 1.46153e+09 edges/sec (1461.53 million edges/sec)[0m

utility::runsssp_sw:: running traditional sssp... 
utility::runsssp_sw: number of active vertices for iteration 0: 0
utility::runsssp_sw: number of active vertices for iteration 1: 4
utility::runsssp_sw: number of active vertices for iteration 2: 23
utility::runsssp_sw: number of active vertices for iteration 3: 1249
utility::runsssp_sw: number of active vertices for iteration 4: 110694
utility::runsssp_sw: number of active vertices for iteration 5: 752777
utility::runsssp_sw: number of active vertices for iteration 6: 194415
utility::runsssp_sw: number of active vertices for iteration 7: 9482
utility::runsssp_sw: number of active vertices for iteration 8: 461
utility::runsssp_sw: number of active vertices for iteration 9: 19
utility::runsssp_sw: number of active vertices for iteration 10: 1
utility::runsssp_sw: number of active vertices for iteration 11: 0
no more activer vertices to process. breaking out... 
>>> utility::runsssp_sw: total_edges_processed: 114751558 edges (114 million edges)
>>> utility::runsssp_sw: total_time_elapsed: 2097 ms (2.097 s)
[1m[37m>>> utility::runsssp_sw: throughput: 5.47218e+07 edges/sec (54.7218 million edges/sec)[0m

app::verifyresults_hw: verifying vertex data... 
utility::printvalues::app::verifyresults_hw.vdatas: verifying results after kernel run:: printing first 16 values
values[0]: 1
values[1]: 4
values[2]: 23
values[3]: 1249
values[4]: 110694
values[5]: 752777
values[6]: 194414
values[7]: 9482
values[8]: 461
values[9]: 19
values[10]: 1
values[11]: 0
values[12]: 0
values[13]: 0
values[14]: 0
values[15]: 0
printvalues:: total values: totalvalues: 1069125
graph::closetemporaryfilesforwriting : close temporary files for writing...
graph::closetemporaryfilesforreading : close files for reading...
graph::closefilesforreading : close files for reading...
=== STATS::TIMING AND SUMMARY RESULTS FOR ITERATION: 666 === 
>>> stats::summary Total number of kvReads in bank [0]: 131561968
>>> stats::summary Total number of kvReads for all threads: 131561968
>>> stats::summary Total time spent (SSD access): 0 milliseconds
>>> stats::summary Total time spent (SSD access): 0 seconds
>>> stats::summary Total time spent (OCL data transfers): 0 milliseconds
>>> stats::summary Total time spent (OCL data transfers): 0 seconds
>>> stats::summary Total time spent (Kernel Pre Process execution): 0 milliseconds
>>> stats::summary Total time spent (Kernel Pre Process execution): 0 seconds
>>> stats::summary Total time spent (Kernel execution): 0 milliseconds
>>> stats::summary Total time spent (Kernel execution): 0 seconds
>>> stats::summary Total time spent (Kernel Post Process execution): 0 milliseconds
>>> stats::summary Total time spent (Kernel Post Process execution): 0 seconds
>>> stats::summary Total time spent (Overall Kernel execution): 0 milliseconds
>>> stats::summary Total time spent (Overall Kernel execution): 0 seconds
>>> stats::summary Total time spent (Overall processing): 0 milliseconds
>>> stats::summary Total time spent (Overall processing): 0 seconds
>>> stats::summary Total time spent (Overall processing excluding SSD & OCL data transfers): 0 milliseconds
>>> stats::summary Total time spent (Overall processing excluding SSD & OCL data transfers): 0 seconds
>>> stats::summary Throughput (Kernel processing): inf keyvalues per second
>>> stats::summary Throughput (Kernel processing): inf million keyvalues per second
>>> stats::summary Throughput (Kernel processing): inf MB/s
>>> stats::summary Throughput (Overall processing): inf keyvalues per second
>>> stats::summary Throughput (Overall processing): inf million keyvalues per second
>>> stats::summary Throughput (Overall processing): inf MB/s
>>> stats::summary Throughput (Overall processing excluding SSD & OCL data transfers): inf keyvalues per second
>>> stats::summary Throughput (Overall processing excluding SSD & OCL data transfers): inf million keyvalues per second

graph::printdataset: printing dataset parameters...
>>> graphtopname: hollywood-2009
>>> graphname: hollywood-2009_dup
>>> graph_path: /localtmp/oj2zf/dataset/hollywood-2009/hollywood-2009.mtx
>>> vertices_path: /localtmp/oj2zf/dataset/hollywood-2009/hollywood-2009.vertices
>>> edges_path: /localtmp/oj2zf/dataset/hollywood-2009/hollywood-2009.edges
>>> vertices_path_bin: /localtmp/oj2zf/dataset/hollywood-2009/hollywood-2009_bin.vertices
>>> edges_path_bin: /localtmp/oj2zf/dataset/hollywood-2009/hollywood-2009_bin.edges
>>> min_vertex: 0
>>> max_vertex: 1139905
>>> num_vertices: 1139905
>>> num_edges: 115031232
>>> graphdirectiontype: 6
>>> graphorder: 6
>>> graphgroup: 1
TEST FINISHED
[1m[37m>>> HOSTPROCESS:: TIMING SUMMARY: TOTAL TIME ELAPSED: : Time Elapsed = 445425520601[nanao seconds](Iteration 666)[0m
[1m[37m>>> HOSTPROCESS:: TIMING SUMMARY: TOTAL TIME ELAPSED: : Time Elapsed = 445425520[micro seconds](Iteration 666)[0m
[1m[37m>>> HOSTPROCESS:: TIMING SUMMARY: TOTAL TIME ELAPSED: : Time Elapsed = 445425[milli seconds](Iteration 666)[0m
[1m[37m>>> HOSTPROCESS:: TIMING SUMMARY: TOTAL TIME ELAPSED: : Time Elapsed = 445[seconds](Iteration 666)[0m

