Hostprocess:: Graph Analytics Started...
utility:: USEHBMMEMORY DEFINED
utility:: NUMDRAMBANKS: 4
utility:: NUMWORKERS: 1
utility:: NUMSUBWORKERS: 3
utility:: NUM_PARTITIONS: 16
utility:: NUMSUBCPUTHREADS: 32
utility:: DATAWIDTH: 512
utility:: VECTOR_SIZE: 8
utility:: KVDATA_RANGE: 4194304
utility:: KVDATA_RANGE_POW: 22
utility:: BATCH_RANGE: 4194304
utility:: BATCH_RANGE_POW: 22
utility:: TREE_DEPTH: 3
utility:: KVDATA_RANGE_POW: 22
utility:: KVDATA_RANGE: 4194304
utility:: MESSAGES_SIZE: 1024
utility:: LOCKE DEFINED
utility:: sizeof(keyvalue_t): 8 bytes (64 bits)
utility:: sizeof(vertex_t): 4 bytes (32 bits)
utility:: sizeof(edge_t): 4 bytes (32 bits)
utility:: MESSAGESDRAMSZ: 1024
utility:: VERTEXPTRSSZ: 2162688
utility:: VERTEXPTRSSZ_KVS: 270336
utility:: VERTICESDATASZ: 2097152
utility:: VERTICESDATASZ_KVS: 262144
>> host[baseoffsets]:: BASEOFFSET_MESSAGESDATA: 0
>> host[baseoffsets]:: BASEOFFSET_MESSAGESDATA_KVS: 0
>> host[baseoffsets]:: KVSOURCEDRAMSZ: 33554432
>> host[baseoffsets]:: KVSOURCEDRAMSZ_KVS: 4194304
>> host[baseoffsets]:: PADDEDKVSOURCEDRAMSZ: 33554432
>> host[baseoffsets]:: PADDEDKVSOURCEDRAMSZ_KVS: 4194304
>> host[baseoffsets]:: VDRAMSZ: 33554432
>> host[baseoffsets]:: PADDEDVDRAMSZ: 33554432
>> host[baseoffsets]:: PADDEDVDRAMSZ_KVS: 4194304
>> host[sizes]:: MESSAGESDRAMSZ (keyvalues): 1024 keyvalues
>> host[sizes]:: VERTEXPTRSSZ (keyvalues): 2162688 keyvalues
>> host[sizes]:: VERTICESDATASZ (keyvalues): 2097152 keyvalues
>> host[sizes]:: ACTIVEVERTICESSZ (keyvalues): 0 keyvalues
>> host[sizes]:: VERTICESDATAMASKSZ (keyvalues): 131072 keyvalues
>> host[sizes]:: KVSTATSDRAMSZ (keyvalues): 65536 keyvalues
>> host[sizes]:: PADDEDVDRAMSZ (keyvalues): 33554432 keyvalues
>> host[sizes]:: PADDEDKVSOURCEDRAMSZ (keyvalues): 33554432 keyvalues
>> host[bytes]:: MESSAGESDRAMSZ (bytes): 8192 bytes
>> host[bytes]:: KVSTATSDRAMSZ (bytes): 524288 bytes
>> host[bytes]:: VERTEXPTRSSZ (bytes): 17301504 bytes
>> host[bytes]:: VERTICESDATASZ (bytes): 16777216 bytes
>> host[bytes]:: ACTIVEVERTICESSZ (bytes): 0 bytes
>> host[bytes]:: VERTICESDATAMASKSZ (bytes): 1048576 bytes
>> host[bytes]:: PADDEDVDRAMSZ (bytes): 268435456 bytes
>> host[bytes]:: PADDEDKVSOURCEDRAMSZ (bytes): 268435456 bytes
utility:: KVSTATSDRAMSZ: 65536
utility:: NUMLASTLEVELPARTITIONS: 4096
utility:: REDUCESZ_POW: 10
utility:: REDUCESZ: 1024
utility:: REDUCEBUFFERSZ: 512
utility:: VMASKBUFFERSZ_KVS: 32
utility:: NUMLASTLEVELPARTITIONS: 4096
utility:: ENABLE_KERNEL_PROFILING DEFINED: 
graph::graph constructor:: datasetid: 30, _numedgebanks: 1
graph::loadalldatasets:: 
graph::loadalldatasets finished. 
graph::printdataset: printing dataset parameters...
>>> graphtopname: soc-orkut
>>> graphname: soc-orkut_dup
>>> graph_path: /localtmp/oj2zf/dataset/soc-orkut/soc-orkut.mtx
>>> vertices_path: /localtmp/oj2zf/dataset/soc-orkut/soc-orkut.vertices
>>> edges_path: /localtmp/oj2zf/dataset/soc-orkut/soc-orkut.edges
>>> vertices_path_bin: /localtmp/oj2zf/dataset/soc-orkut/soc-orkut_bin.vertices
>>> edges_path_bin: /localtmp/oj2zf/dataset/soc-orkut/soc-orkut_bin.edges
>>> min_vertex: 0
>>> max_vertex: 2997166
>>> num_vertices: 2997166
>>> num_edges: 212698418
>>> graphdirectiontype: 5
>>> graphorder: 6
>>> skewratio: 666
app::run_hw:: app algorithm started. 
graph::opentemporaryfilesforwriting : opening temporary files for writing...
Directory already exists.INFO: Successfully opened /localtmp/oj2zf/dataset/soc-orkut/soc-orkut_1by1/soc-orkut_dup.vdata
INFO: Successfully opened /localtmp/oj2zf/dataset/soc-orkut/soc-orkut_1by1/soc-orkut_dup.vproperties
graph::opentemporaryfilesforreading : opening temporary files for reading
INFO: Successfully opened /localtmp/oj2zf/dataset/soc-orkut/soc-orkut_1by1/soc-orkut_dup.vdata
INFO: Successfully opened /localtmp/oj2zf/dataset/soc-orkut/soc-orkut_1by1/soc-orkut_dup.vproperties
generating vertices data... 
graph::openfilesforreading : opening files for reading
INFO: Successfully opened /localtmp/oj2zf/dataset/soc-orkut/soc-orkut_1by1/soc-orkut_dup_0_0.vertexptrs
INFO: Successfully opened /localtmp/oj2zf/dataset/soc-orkut/soc-orkut_1by1/soc-orkut_dup_0_0.vertexptrs
INFO: Successfully opened /localtmp/oj2zf/dataset/soc-orkut/soc-orkut_1by1/soc-orkut_dup_0_0.edges
INFO: Successfully opened /localtmp/oj2zf/dataset/soc-orkut/soc-orkut_1by1/soc-orkut_dup_0_0.edges
loadedges_rowblockwise:: loading Acts... sizes: [[7820368, 7820368, 7820368, 7820368, 7820368, 7820368, 7820368, 7820368, 7820368, 7820368, 7820368, 7820368, 7820368, 7820368, 7820368, 7820368, 7820352, 7820352, 7820352, 7820352, 7820352, 7820352, 7820352, 7820352, 7820352, 7820352, 7820352, 7820352, 7820352, 7820352, 7820352, 7820352]]
loadedges_rowblockwise:: total sizes: 250251520
maxvptr: 7820368
app::loadvertexdata:: loading vertex datas... 
app::setrootvid:: setting root vid(s)... 
app::loadactvvertices:: loading active vertices... 
app::generatevmaskdata:: generating vmask... 
app::loadoffsetmarkers:: loading offset markers... 
app::loadmessages:: loading messages... 
[globalparams.BASEOFFSET_MESSAGESDATA: 0]
[globalparams.BASEOFFSETKVS_MESSAGESDATA: 0]
[globalparams.BASEOFFSET_EDGESDATA: 8192]
[globalparams.BASEOFFSETKVS_EDGESDATA: 1024]
[globalparams.BASEOFFSET_VERTEXPTR: 3983912]
[globalparams.BASEOFFSETKVS_VERTEXPTR: 497989]
[globalparams.BASEOFFSET_VERTICESDATA: 6146600]
[globalparams.BASEOFFSETKVS_VERTICESDATA: 768325]
[globalparams.BASEOFFSET_ACTIVEVERTICES: 8243752]
[globalparams.BASEOFFSETKVS_ACTIVEVERTICES: 1030469]
[globalparams.BASEOFFSET_VERTICESDATAMASK: 8243752]
[globalparams.BASEOFFSETKVS_VERTICESDATAMASK: 1030469]
[globalparams.BASEOFFSET_VERTICESPARTITIONMASK : 8374824]
[globalparams.BASEOFFSETKVS_VERTICESPARTITIONMASK: 1046853]
[globalparams.BASEOFFSET_STATSDRAM: 8378920]
[globalparams.BASEOFFSETKVS_STATSDRAM: 1047365]
[globalparams.BASEOFFSET_KVDRAM: 8903208]
[globalparams.BASEOFFSETKVS_KVDRAM: 1112901]
[globalparams.BASEOFFSET_KVDRAMWORKSPACE: 16724336]
[globalparams.BASEOFFSETKVS_KVDRAMWORKSPACE: 2090542]
[globalparams.SIZE_MESSAGESDRAM: 0]
[globalparams.SIZE_EDGES: 7821368]
[globalparams.SIZE_VERTEXPTRS: 4194304]
[globalparams.SIZE_VERTICESDATA: 4194304]
[globalparams.SIZE_ACTIVEVERTICES: 0]
[globalparams.SIZE_VERTICESDATAMASK: 131072]
[globalparams.SIZE_KVSTATSDRAM: 65536]
[globalparams.SIZE_KVDRAM: 7821128]
[globalparams.SIZE_KVDRAMWORKSPACE: 7821128]
[1m[37m>> host[sizes]:: PADDEDKVSOURCEDRAMSZ (keyvalues): 33554432 keyvalues[0m
[1m[37m>> host[bytes]:: PADDEDKVSOURCEDRAMSZ (bytes): 268435456 bytes[0m
[1m[37m>> host[sizes]:: valid PADDEDKVSOURCEDRAMSZ (keyvalues): 24545464 keyvalues[0m
[1m[37m>> host[bytes]:: valid PADDEDKVSOURCEDRAMSZ (bytes): 196363712 bytes. (HBM max=268435456 bytes)[0m
loadmessages:: loading Acts... sizes: [[7820368, 7820368, 7820368, 7820368, 7820368, 7820368, 7820368, 7820368, 7820368, 7820368, 7820368, 7820368, 7820368, 7820368, 7820368, 7820368, 7820352, 7820352, 7820352, 7820352, 7820352, 7820352, 7820352, 7820352, 7820352, 7820352, 7820352, 7820352, 7820352, 7820352, 7820352, 7820352]]
loadmessages:: total sizes: 250251520
app::appendkeyvaluecount:: appending value count... 
app::experiements: resetting kvdram & kvdram workspaces...

utility::runsssp_sw:: running traditional sssp... 
utility::runsssp_sw: number of active vertices for iteration 0: 0
utility::runsssp_sw: number of active vertices for iteration 1: 12
utility::runsssp_sw: number of active vertices for iteration 2: 460
utility::runsssp_sw: number of active vertices for iteration 3: 25400
utility::runsssp_sw: number of active vertices for iteration 4: 728870
utility::runsssp_sw: number of active vertices for iteration 5: 2210225
utility::runsssp_sw: number of active vertices for iteration 6: 32166
utility::runsssp_sw: number of active vertices for iteration 7: 32
utility::runsssp_sw: number of active vertices for iteration 8: 0
no more activer vertices to process. breaking out... 
>>> utility::runsssp_sw: total_edges_processed: 212698418 edges (212 million edges)
>>> utility::runsssp_sw: total_time_elapsed: 4579 ms (4.579 s)
[1m[37m>>> utility::runsssp_sw: throughput: 4.64508e+07 edges/sec (46.4508 million edges/sec)[0m

[1m[37m>>> app::run_hw: app started. (1 active vertices)[0m
Found Platform
Platform Name: Xilinx
Found Device=xilinx_u280_xdma_201910_1
INFO: Reading /home/oj2zf/Documents/ActsOfAGraph/synkernels/goldenkernelprocbfs32HW120MHz.xclbin
Loading: '/home/oj2zf/Documents/ActsOfAGraph/synkernels/goldenkernelprocbfs32HW120MHz.xclbin'
INFO: Reading /home/oj2zf/Documents/ActsOfAGraph/synkernels/goldenkernelsync32HW120MHz.xclbin
Loading: '/home/oj2zf/Documents/ActsOfAGraph/synkernels/goldenkernelsync32HW120MHz.xclbin'
>>> goclkernel[actssync]:: running ACTS PROCESS (Iteration 0)...
>>> kernel (proc) 0 time elapsed: 0.777 ms, 777 microsecs, 
>>> kernel (proc) 1 time elapsed: 0.735 ms, 735 microsecs, 
>>> kernel (proc) 2 time elapsed: 0.714 ms, 714 microsecs, 
>>> kernel (proc) 3 time elapsed: 0.63 ms, 630 microsecs, 
>>> kernel (proc) 4 time elapsed: 0.661 ms, 661 microsecs, 
>>> kernel (proc) 5 time elapsed: 0.621 ms, 621 microsecs, 
>>> kernel (proc) 6 time elapsed: 0.629 ms, 629 microsecs, 
>>> kernel (proc) 7 time elapsed: 0.777 ms, 777 microsecs, 
>>> kernel (proc) 8 time elapsed: 0.779 ms, 779 microsecs, 
>>> kernel (proc) 9 time elapsed: 0.777 ms, 777 microsecs, 
>>> kernel (proc) 10 time elapsed: 0.78 ms, 780 microsecs, 
>>> kernel (proc) 11 time elapsed: 0.776 ms, 776 microsecs, 
>>> kernel (proc) 12 time elapsed: 0.797 ms, 797 microsecs, 
>>> kernel (proc) 13 time elapsed: 0.776 ms, 776 microsecs, 
>>> kernel (proc) 14 time elapsed: 0.777 ms, 777 microsecs, 
>>> kernel (proc) 15 time elapsed: 0.658 ms, 658 microsecs, 
>>> kernel (proc) 16 time elapsed: 0.777 ms, 777 microsecs, 
>>> kernel (proc) 17 time elapsed: 0.777 ms, 777 microsecs, 
>>> kernel (proc) 18 time elapsed: 0.777 ms, 777 microsecs, 
>>> kernel (proc) 19 time elapsed: 0.775 ms, 775 microsecs, 
>>> kernel (proc) 20 time elapsed: 0.78 ms, 780 microsecs, 
>>> kernel (proc) 21 time elapsed: 0.781 ms, 781 microsecs, 
>>> kernel (proc) 22 time elapsed: 0.781 ms, 781 microsecs, 
>>> kernel (proc) 23 time elapsed: 0.774 ms, 774 microsecs, 
>>> kernel (proc) 24 time elapsed: 0.777 ms, 777 microsecs, 
>>> kernel (proc) 25 time elapsed: 0.778 ms, 778 microsecs, 
>>> kernel (proc) 26 time elapsed: 0.665 ms, 665 microsecs, 
>>> kernel (proc) 27 time elapsed: 0.677 ms, 677 microsecs, 
>>> kernel (proc) 28 time elapsed: 0.667 ms, 667 microsecs, 
>>> kernel (proc) 29 time elapsed: 0.779 ms, 779 microsecs, 
>>> kernel (proc) 30 time elapsed: 0.663 ms, 663 microsecs, 
>>> kernel (proc) 31 time elapsed: 0.775 ms, 775 microsecs, 
>>> SUMMARY: kernel (proc) average time elapsed for Iteration 0: 0.515161(0.515161) ms, 0.55629(0.041129) ms, 0.738387(0.182097) ms, 
>>> goclkernel[actssync]:: running ACTS SYNCHRONZE (Iteration 0)

active partitions for iteration 1: 0, 
>>> goclkernel[actssync]:: running ACTS PROCESS (Iteration 1)...
>>> kernel (proc) 0 time elapsed: 0.79 ms, 790 microsecs, 
>>> kernel (proc) 1 time elapsed: 0.835 ms, 835 microsecs, 
>>> kernel (proc) 2 time elapsed: 0.788 ms, 788 microsecs, 
>>> kernel (proc) 3 time elapsed: 0.789 ms, 789 microsecs, 
>>> kernel (proc) 4 time elapsed: 0.652 ms, 652 microsecs, 
>>> kernel (proc) 5 time elapsed: 0.834 ms, 834 microsecs, 
>>> kernel (proc) 6 time elapsed: 0.833 ms, 833 microsecs, 
>>> kernel (proc) 7 time elapsed: 0.834 ms, 834 microsecs, 
>>> kernel (proc) 8 time elapsed: 0.841 ms, 841 microsecs, 
>>> kernel (proc) 9 time elapsed: 0.687 ms, 687 microsecs, 
>>> kernel (proc) 10 time elapsed: 0.685 ms, 685 microsecs, 
>>> kernel (proc) 11 time elapsed: 0.653 ms, 653 microsecs, 
>>> kernel (proc) 12 time elapsed: 0.663 ms, 663 microsecs, 
>>> kernel (proc) 13 time elapsed: 0.673 ms, 673 microsecs, 
>>> kernel (proc) 14 time elapsed: 0.685 ms, 685 microsecs, 
>>> kernel (proc) 15 time elapsed: 0.686 ms, 686 microsecs, 
>>> kernel (proc) 16 time elapsed: 0.694 ms, 694 microsecs, 
>>> kernel (proc) 17 time elapsed: 0.685 ms, 685 microsecs, 
>>> kernel (proc) 18 time elapsed: 0.685 ms, 685 microsecs, 
>>> kernel (proc) 19 time elapsed: 0.687 ms, 687 microsecs, 
>>> kernel (proc) 20 time elapsed: 0.705 ms, 705 microsecs, 
>>> kernel (proc) 21 time elapsed: 0.683 ms, 683 microsecs, 
>>> kernel (proc) 22 time elapsed: 0.682 ms, 682 microsecs, 
>>> kernel (proc) 23 time elapsed: 0.701 ms, 701 microsecs, 
>>> kernel (proc) 24 time elapsed: 0.682 ms, 682 microsecs, 
>>> kernel (proc) 25 time elapsed: 0.68 ms, 680 microsecs, 
>>> kernel (proc) 26 time elapsed: 0.694 ms, 694 microsecs, 
>>> kernel (proc) 27 time elapsed: 0.692 ms, 692 microsecs, 
>>> kernel (proc) 28 time elapsed: 0.702 ms, 702 microsecs, 
>>> kernel (proc) 29 time elapsed: 0.722 ms, 722 microsecs, 
>>> kernel (proc) 30 time elapsed: 0.687 ms, 687 microsecs, 
>>> kernel (proc) 31 time elapsed: 0.642 ms, 642 microsecs, 
>>> SUMMARY: kernel (proc) average time elapsed for Iteration 1: 0.446935(0.446935) ms, 0.539452(0.0925161) ms, 0.714871(0.175419) ms, 
>>> goclkernel[actssync]:: running ACTS SYNCHRONZE (Iteration 1)

active partitions for iteration 2: 0, 1, 
>>> goclkernel[actssync]:: running ACTS PROCESS (Iteration 2)...
>>> kernel (proc) 0 time elapsed: 1.822 ms, 1822 microsecs, 
>>> kernel (proc) 1 time elapsed: 1.796 ms, 1796 microsecs, 
>>> kernel (proc) 2 time elapsed: 1.736 ms, 1736 microsecs, 
>>> kernel (proc) 3 time elapsed: 1.796 ms, 1796 microsecs, 
>>> kernel (proc) 4 time elapsed: 2.023 ms, 2023 microsecs, 
>>> kernel (proc) 5 time elapsed: 1.705 ms, 1705 microsecs, 
>>> kernel (proc) 6 time elapsed: 1.753 ms, 1753 microsecs, 
>>> kernel (proc) 7 time elapsed: 1.738 ms, 1738 microsecs, 
>>> kernel (proc) 8 time elapsed: 1.94 ms, 1940 microsecs, 
>>> kernel (proc) 9 time elapsed: 1.65 ms, 1650 microsecs, 
>>> kernel (proc) 10 time elapsed: 1.742 ms, 1742 microsecs, 
>>> kernel (proc) 11 time elapsed: 1.642 ms, 1642 microsecs, 
>>> kernel (proc) 12 time elapsed: 1.638 ms, 1638 microsecs, 
>>> kernel (proc) 13 time elapsed: 1.519 ms, 1519 microsecs, 
>>> kernel (proc) 14 time elapsed: 1.748 ms, 1748 microsecs, 
>>> kernel (proc) 15 time elapsed: 2.009 ms, 2009 microsecs, 
>>> kernel (proc) 16 time elapsed: 1.856 ms, 1856 microsecs, 
>>> kernel (proc) 17 time elapsed: 1.7 ms, 1700 microsecs, 
>>> kernel (proc) 18 time elapsed: 1.925 ms, 1925 microsecs, 
>>> kernel (proc) 19 time elapsed: 1.757 ms, 1757 microsecs, 
>>> kernel (proc) 20 time elapsed: 1.88 ms, 1880 microsecs, 
>>> kernel (proc) 21 time elapsed: 1.734 ms, 1734 microsecs, 
>>> kernel (proc) 22 time elapsed: 1.643 ms, 1643 microsecs, 
>>> kernel (proc) 23 time elapsed: 1.765 ms, 1765 microsecs, 
>>> kernel (proc) 24 time elapsed: 1.699 ms, 1699 microsecs, 
>>> kernel (proc) 25 time elapsed: 1.761 ms, 1761 microsecs, 
>>> kernel (proc) 26 time elapsed: 1.954 ms, 1954 microsecs, 
>>> kernel (proc) 27 time elapsed: 1.763 ms, 1763 microsecs, 
>>> kernel (proc) 28 time elapsed: 1.632 ms, 1632 microsecs, 
>>> kernel (proc) 29 time elapsed: 1.797 ms, 1797 microsecs, 
>>> kernel (proc) 30 time elapsed: 1.736 ms, 1736 microsecs, 
>>> kernel (proc) 31 time elapsed: 1.824 ms, 1824 microsecs, 
>>> SUMMARY: kernel (proc) average time elapsed for Iteration 2: 0.559194(0.559194) ms, 0.655677(0.0964839) ms, 1.76971(1.11403) ms, 
>>> goclkernel[actssync]:: running ACTS SYNCHRONZE (Iteration 2)

active partitions for iteration 3: 0, 1, 2, 3, 4, 5, 6, 7, 8, 9, 10, 11, 12, 13, 14, 15, 16, 17, 18, 19, 20, 21, 22, 23, 24, 25, 26, 27, 28, 29, 30, 31, 32, 33, 34, 35, 36, 37, 38, 39, 40, 41, 42, 43, 44, 45, 46, 47, 48, 
>>> goclkernel[actssync]:: running ACTS PROCESS (Iteration 3)...
>>> kernel (proc) 0 time elapsed: 11.894 ms, 11894 microsecs, 
>>> kernel (proc) 1 time elapsed: 11.853 ms, 11853 microsecs, 
>>> kernel (proc) 2 time elapsed: 11.904 ms, 11904 microsecs, 
>>> kernel (proc) 3 time elapsed: 11.882 ms, 11882 microsecs, 
>>> kernel (proc) 4 time elapsed: 11.882 ms, 11882 microsecs, 
>>> kernel (proc) 5 time elapsed: 11.908 ms, 11908 microsecs, 
>>> kernel (proc) 6 time elapsed: 11.912 ms, 11912 microsecs, 
>>> kernel (proc) 7 time elapsed: 11.899 ms, 11899 microsecs, 
>>> kernel (proc) 8 time elapsed: 11.935 ms, 11935 microsecs, 
>>> kernel (proc) 9 time elapsed: 11.925 ms, 11925 microsecs, 
>>> kernel (proc) 10 time elapsed: 11.922 ms, 11922 microsecs, 
>>> kernel (proc) 11 time elapsed: 11.934 ms, 11934 microsecs, 
>>> kernel (proc) 12 time elapsed: 11.934 ms, 11934 microsecs, 
>>> kernel (proc) 13 time elapsed: 11.96 ms, 11960 microsecs, 
>>> kernel (proc) 14 time elapsed: 11.933 ms, 11933 microsecs, 
>>> kernel (proc) 15 time elapsed: 11.957 ms, 11957 microsecs, 
>>> kernel (proc) 16 time elapsed: 11.951 ms, 11951 microsecs, 
>>> kernel (proc) 17 time elapsed: 11.953 ms, 11953 microsecs, 
>>> kernel (proc) 18 time elapsed: 11.941 ms, 11941 microsecs, 
>>> kernel (proc) 19 time elapsed: 11.917 ms, 11917 microsecs, 
>>> kernel (proc) 20 time elapsed: 11.939 ms, 11939 microsecs, 
>>> kernel (proc) 21 time elapsed: 11.939 ms, 11939 microsecs, 
>>> kernel (proc) 22 time elapsed: 11.905 ms, 11905 microsecs, 
>>> kernel (proc) 23 time elapsed: 11.928 ms, 11928 microsecs, 
>>> kernel (proc) 24 time elapsed: 11.885 ms, 11885 microsecs, 
>>> kernel (proc) 25 time elapsed: 11.944 ms, 11944 microsecs, 
>>> kernel (proc) 26 time elapsed: 11.889 ms, 11889 microsecs, 
>>> kernel (proc) 27 time elapsed: 11.928 ms, 11928 microsecs, 
>>> kernel (proc) 28 time elapsed: 11.911 ms, 11911 microsecs, 
>>> kernel (proc) 29 time elapsed: 11.93 ms, 11930 microsecs, 
>>> kernel (proc) 30 time elapsed: 11.906 ms, 11906 microsecs, 
>>> kernel (proc) 31 time elapsed: 11.907 ms, 11907 microsecs, 
>>> SUMMARY: kernel (proc) average time elapsed for Iteration 3: 5.20681(5.20681) ms, 6.15519(0.948387) ms, 11.9198(5.76458) ms, 
>>> goclkernel[actssync]:: running ACTS SYNCHRONZE (Iteration 3)

active partitions for iteration 4: 0, 1, 2, 3, 4, 5, 6, 7, 8, 9, 10, 11, 12, 13, 14, 15, 16, 17, 18, 19, 20, 21, 22, 23, 24, 25, 26, 27, 28, 29, 30, 31, 32, 33, 34, 35, 36, 37, 38, 39, 40, 41, 42, 43, 44, 45, 46, 47, 48, 49, 50, 51, 52, 53, 54, 55, 56, 57, 58, 59, 60, 61, 62, 63, 64, 65, 66, 67, 68, 69, 70, 71, 72, 73, 74, 75, 76, 77, 78, 79, 80, 81, 82, 83, 84, 85, 86, 87, 88, 89, 90, 91, 92, 93, 94, 95, 96, 97, 98, 99, 100, 101, 102, 103, 104, 105, 106, 107, 108, 109, 110, 111, 112, 113, 114, 115, 116, 117, 118, 119, 120, 121, 122, 123, 124, 125, 126, 127, 128, 129, 130, 131, 132, 133, 134, 135, 136, 137, 138, 139, 140, 141, 142, 143, 144, 145, 146, 147, 148, 149, 150, 151, 152, 153, 154, 155, 156, 157, 158, 159, 160, 161, 162, 163, 164, 165, 166, 167, 168, 169, 170, 171, 172, 173, 174, 175, 176, 177, 178, 179, 180, 181, 182, 
>>> goclkernel[actssync]:: running ACTS PROCESS (Iteration 4)...
>>> kernel (proc) 0 time elapsed: 62.603 ms, 62603 microsecs, 
>>> kernel (proc) 1 time elapsed: 62.574 ms, 62574 microsecs, 
>>> kernel (proc) 2 time elapsed: 62.564 ms, 62564 microsecs, 
>>> kernel (proc) 3 time elapsed: 62.486 ms, 62486 microsecs, 
>>> kernel (proc) 4 time elapsed: 62.578 ms, 62578 microsecs, 
>>> kernel (proc) 5 time elapsed: 62.546 ms, 62546 microsecs, 
>>> kernel (proc) 6 time elapsed: 62.611 ms, 62611 microsecs, 
>>> kernel (proc) 7 time elapsed: 62.522 ms, 62522 microsecs, 
>>> kernel (proc) 8 time elapsed: 62.584 ms, 62584 microsecs, 
>>> kernel (proc) 9 time elapsed: 62.552 ms, 62552 microsecs, 
>>> kernel (proc) 10 time elapsed: 62.564 ms, 62564 microsecs, 
>>> kernel (proc) 11 time elapsed: 62.543 ms, 62543 microsecs, 
>>> kernel (proc) 12 time elapsed: 62.56 ms, 62560 microsecs, 
>>> kernel (proc) 13 time elapsed: 62.601 ms, 62601 microsecs, 
>>> kernel (proc) 14 time elapsed: 62.573 ms, 62573 microsecs, 
>>> kernel (proc) 15 time elapsed: 62.462 ms, 62462 microsecs, 
>>> kernel (proc) 16 time elapsed: 62.513 ms, 62513 microsecs, 
>>> kernel (proc) 17 time elapsed: 62.511 ms, 62511 microsecs, 
>>> kernel (proc) 18 time elapsed: 62.52 ms, 62520 microsecs, 
>>> kernel (proc) 19 time elapsed: 62.446 ms, 62446 microsecs, 
>>> kernel (proc) 20 time elapsed: 62.566 ms, 62566 microsecs, 
>>> kernel (proc) 21 time elapsed: 62.476 ms, 62476 microsecs, 
>>> kernel (proc) 22 time elapsed: 62.549 ms, 62549 microsecs, 
>>> kernel (proc) 23 time elapsed: 62.524 ms, 62524 microsecs, 
>>> kernel (proc) 24 time elapsed: 62.545 ms, 62545 microsecs, 
>>> kernel (proc) 25 time elapsed: 62.43 ms, 62430 microsecs, 
>>> kernel (proc) 26 time elapsed: 62.551 ms, 62551 microsecs, 
>>> kernel (proc) 27 time elapsed: 62.499 ms, 62499 microsecs, 
>>> kernel (proc) 28 time elapsed: 62.52 ms, 62520 microsecs, 
>>> kernel (proc) 29 time elapsed: 62.498 ms, 62498 microsecs, 
>>> kernel (proc) 30 time elapsed: 62.607 ms, 62607 microsecs, 
>>> kernel (proc) 31 time elapsed: 62.625 ms, 62625 microsecs, 
>>> SUMMARY: kernel (proc) average time elapsed for Iteration 4: 26.3745(26.3745) ms, 40.6578(14.2834) ms, 62.5387(21.8809) ms, 
>>> goclkernel[actssync]:: running ACTS SYNCHRONZE (Iteration 4)

active partitions for iteration 5: 0, 1, 2, 3, 4, 5, 6, 7, 8, 9, 10, 11, 12, 13, 14, 15, 16, 17, 18, 19, 20, 21, 22, 23, 24, 25, 26, 27, 28, 29, 30, 31, 32, 33, 34, 35, 36, 37, 38, 39, 40, 41, 42, 43, 44, 45, 46, 47, 48, 49, 50, 51, 52, 53, 54, 55, 56, 57, 58, 59, 60, 61, 62, 63, 64, 65, 66, 67, 68, 69, 70, 71, 72, 73, 74, 75, 76, 77, 78, 79, 80, 81, 82, 83, 84, 85, 86, 87, 88, 89, 90, 91, 92, 93, 94, 95, 96, 97, 98, 99, 100, 101, 102, 103, 104, 105, 106, 107, 108, 109, 110, 111, 112, 113, 114, 115, 116, 117, 118, 119, 120, 121, 122, 123, 124, 125, 126, 127, 128, 129, 130, 131, 132, 133, 134, 135, 136, 137, 138, 139, 140, 141, 142, 143, 144, 145, 146, 147, 148, 149, 150, 151, 152, 153, 154, 155, 156, 157, 158, 159, 160, 161, 162, 163, 164, 165, 166, 167, 168, 169, 170, 171, 172, 173, 174, 175, 176, 177, 178, 179, 180, 181, 182, 
>>> goclkernel[actssync]:: running ACTS PROCESS (Iteration 5)...
>>> kernel (proc) 0 time elapsed: 95.353 ms, 95353 microsecs, 
>>> kernel (proc) 1 time elapsed: 95.295 ms, 95295 microsecs, 
>>> kernel (proc) 2 time elapsed: 95.312 ms, 95312 microsecs, 
>>> kernel (proc) 3 time elapsed: 95.39 ms, 95390 microsecs, 
>>> kernel (proc) 4 time elapsed: 95.377 ms, 95377 microsecs, 
>>> kernel (proc) 5 time elapsed: 95.338 ms, 95338 microsecs, 
>>> kernel (proc) 6 time elapsed: 95.396 ms, 95396 microsecs, 
>>> kernel (proc) 7 time elapsed: 95.321 ms, 95321 microsecs, 
>>> kernel (proc) 8 time elapsed: 95.432 ms, 95432 microsecs, 
>>> kernel (proc) 9 time elapsed: 95.37 ms, 95370 microsecs, 
>>> kernel (proc) 10 time elapsed: 95.386 ms, 95386 microsecs, 
>>> kernel (proc) 11 time elapsed: 95.468 ms, 95468 microsecs, 
>>> kernel (proc) 12 time elapsed: 95.435 ms, 95435 microsecs, 
>>> kernel (proc) 13 time elapsed: 95.463 ms, 95463 microsecs, 
>>> kernel (proc) 14 time elapsed: 95.381 ms, 95381 microsecs, 
>>> kernel (proc) 15 time elapsed: 95.449 ms, 95449 microsecs, 
>>> kernel (proc) 16 time elapsed: 95.437 ms, 95437 microsecs, 
>>> kernel (proc) 17 time elapsed: 95.5 ms, 95500 microsecs, 
>>> kernel (proc) 18 time elapsed: 95.376 ms, 95376 microsecs, 
>>> kernel (proc) 19 time elapsed: 95.487 ms, 95487 microsecs, 
>>> kernel (proc) 20 time elapsed: 95.473 ms, 95473 microsecs, 
>>> kernel (proc) 21 time elapsed: 95.418 ms, 95418 microsecs, 
>>> kernel (proc) 22 time elapsed: 95.523 ms, 95523 microsecs, 
>>> kernel (proc) 23 time elapsed: 95.319 ms, 95319 microsecs, 
>>> kernel (proc) 24 time elapsed: 95.447 ms, 95447 microsecs, 
>>> kernel (proc) 25 time elapsed: 95.367 ms, 95367 microsecs, 
>>> kernel (proc) 26 time elapsed: 95.325 ms, 95325 microsecs, 
>>> kernel (proc) 27 time elapsed: 95.437 ms, 95437 microsecs, 
>>> kernel (proc) 28 time elapsed: 95.334 ms, 95334 microsecs, 
>>> kernel (proc) 29 time elapsed: 95.401 ms, 95401 microsecs, 
>>> kernel (proc) 30 time elapsed: 95.364 ms, 95364 microsecs, 
>>> kernel (proc) 31 time elapsed: 95.328 ms, 95328 microsecs, 
>>> SUMMARY: kernel (proc) average time elapsed for Iteration 5: 35.0284(35.0284) ms, 59.474(24.4456) ms, 95.3984(35.9244) ms, 
>>> goclkernel[actssync]:: running ACTS SYNCHRONZE (Iteration 5)

active partitions for iteration 6: 3, 4, 5, 6, 7, 8, 9, 10, 11, 12, 13, 14, 15, 16, 17, 18, 19, 20, 21, 22, 24, 25, 26, 27, 28, 29, 30, 31, 32, 33, 34, 35, 36, 37, 38, 39, 40, 41, 42, 43, 44, 45, 46, 47, 48, 49, 50, 51, 52, 53, 54, 55, 56, 57, 58, 59, 60, 61, 62, 63, 64, 65, 66, 67, 68, 69, 70, 71, 72, 73, 74, 75, 76, 77, 78, 79, 80, 81, 82, 83, 84, 85, 86, 87, 88, 89, 90, 91, 92, 93, 94, 95, 96, 97, 98, 99, 100, 101, 102, 103, 104, 105, 106, 107, 108, 109, 110, 111, 112, 113, 114, 115, 116, 117, 118, 119, 120, 121, 122, 123, 124, 125, 126, 127, 128, 129, 130, 131, 132, 133, 134, 135, 136, 137, 138, 139, 140, 141, 142, 143, 144, 145, 146, 147, 148, 149, 150, 151, 152, 153, 154, 155, 156, 157, 158, 159, 160, 161, 162, 163, 164, 165, 166, 167, 168, 169, 170, 171, 172, 173, 174, 175, 176, 177, 178, 179, 180, 181, 182, 
>>> goclkernel[actssync]:: running ACTS PROCESS (Iteration 6)...
>>> kernel (proc) 0 time elapsed: 18.988 ms, 18988 microsecs, 
>>> kernel (proc) 1 time elapsed: 18.888 ms, 18888 microsecs, 
>>> kernel (proc) 2 time elapsed: 18.946 ms, 18946 microsecs, 
>>> kernel (proc) 3 time elapsed: 19.005 ms, 19005 microsecs, 
>>> kernel (proc) 4 time elapsed: 18.938 ms, 18938 microsecs, 
>>> kernel (proc) 5 time elapsed: 19.067 ms, 19067 microsecs, 
>>> kernel (proc) 6 time elapsed: 18.902 ms, 18902 microsecs, 
>>> kernel (proc) 7 time elapsed: 18.999 ms, 18999 microsecs, 
>>> kernel (proc) 8 time elapsed: 18.906 ms, 18906 microsecs, 
>>> kernel (proc) 9 time elapsed: 18.856 ms, 18856 microsecs, 
>>> kernel (proc) 10 time elapsed: 18.984 ms, 18984 microsecs, 
>>> kernel (proc) 11 time elapsed: 18.806 ms, 18806 microsecs, 
>>> kernel (proc) 12 time elapsed: 18.94 ms, 18940 microsecs, 
>>> kernel (proc) 13 time elapsed: 18.834 ms, 18834 microsecs, 
>>> kernel (proc) 14 time elapsed: 19.03 ms, 19030 microsecs, 
>>> kernel (proc) 15 time elapsed: 18.976 ms, 18976 microsecs, 
>>> kernel (proc) 16 time elapsed: 19.013 ms, 19013 microsecs, 
>>> kernel (proc) 17 time elapsed: 18.984 ms, 18984 microsecs, 
>>> kernel (proc) 18 time elapsed: 18.913 ms, 18913 microsecs, 
>>> kernel (proc) 19 time elapsed: 18.979 ms, 18979 microsecs, 
>>> kernel (proc) 20 time elapsed: 18.928 ms, 18928 microsecs, 
>>> kernel (proc) 21 time elapsed: 19.035 ms, 19035 microsecs, 
>>> kernel (proc) 22 time elapsed: 18.862 ms, 18862 microsecs, 
>>> kernel (proc) 23 time elapsed: 19.012 ms, 19012 microsecs, 
>>> kernel (proc) 24 time elapsed: 18.826 ms, 18826 microsecs, 
>>> kernel (proc) 25 time elapsed: 19.019 ms, 19019 microsecs, 
>>> kernel (proc) 26 time elapsed: 19.026 ms, 19026 microsecs, 
>>> kernel (proc) 27 time elapsed: 19.025 ms, 19025 microsecs, 
>>> kernel (proc) 28 time elapsed: 19.003 ms, 19003 microsecs, 
>>> kernel (proc) 29 time elapsed: 19.011 ms, 19011 microsecs, 
>>> kernel (proc) 30 time elapsed: 19.031 ms, 19031 microsecs, 
>>> kernel (proc) 31 time elapsed: 18.995 ms, 18995 microsecs, 
>>> SUMMARY: kernel (proc) average time elapsed for Iteration 6: 13.6983(13.6983) ms, 14.1357(0.437419) ms, 18.9593(4.82358) ms, 
>>> goclkernel[actssync]:: running ACTS SYNCHRONZE (Iteration 6)

active partitions for iteration 7: 56, 74, 90, 93, 107, 110, 121, 123, 124, 128, 129, 130, 134, 135, 136, 141, 142, 145, 146, 148, 149, 153, 154, 155, 156, 175, 176, 177, 
>>> goclkernel[actssync]:: running ACTS PROCESS (Iteration 7)...
>>> kernel (proc) 0 time elapsed: 2.562 ms, 2562 microsecs, 
>>> kernel (proc) 1 time elapsed: 2.434 ms, 2434 microsecs, 
>>> kernel (proc) 2 time elapsed: 2.496 ms, 2496 microsecs, 
>>> kernel (proc) 3 time elapsed: 2.397 ms, 2397 microsecs, 
>>> kernel (proc) 4 time elapsed: 2.469 ms, 2469 microsecs, 
>>> kernel (proc) 5 time elapsed: 2.386 ms, 2386 microsecs, 
>>> kernel (proc) 6 time elapsed: 2.461 ms, 2461 microsecs, 
>>> kernel (proc) 7 time elapsed: 2.426 ms, 2426 microsecs, 
>>> kernel (proc) 8 time elapsed: 2.399 ms, 2399 microsecs, 
>>> kernel (proc) 9 time elapsed: 2.397 ms, 2397 microsecs, 
>>> kernel (proc) 10 time elapsed: 2.439 ms, 2439 microsecs, 
>>> kernel (proc) 11 time elapsed: 2.346 ms, 2346 microsecs, 
>>> kernel (proc) 12 time elapsed: 2.468 ms, 2468 microsecs, 
>>> kernel (proc) 13 time elapsed: 2.351 ms, 2351 microsecs, 
>>> kernel (proc) 14 time elapsed: 2.44 ms, 2440 microsecs, 
>>> kernel (proc) 15 time elapsed: 2.433 ms, 2433 microsecs, 
>>> kernel (proc) 16 time elapsed: 2.351 ms, 2351 microsecs, 
>>> kernel (proc) 17 time elapsed: 2.463 ms, 2463 microsecs, 
>>> kernel (proc) 18 time elapsed: 2.434 ms, 2434 microsecs, 
>>> kernel (proc) 19 time elapsed: 2.417 ms, 2417 microsecs, 
>>> kernel (proc) 20 time elapsed: 2.451 ms, 2451 microsecs, 
>>> kernel (proc) 21 time elapsed: 2.399 ms, 2399 microsecs, 
>>> kernel (proc) 22 time elapsed: 2.45 ms, 2450 microsecs, 
>>> kernel (proc) 23 time elapsed: 2.438 ms, 2438 microsecs, 
>>> kernel (proc) 24 time elapsed: 2.415 ms, 2415 microsecs, 
>>> kernel (proc) 25 time elapsed: 2.399 ms, 2399 microsecs, 
>>> kernel (proc) 26 time elapsed: 2.442 ms, 2442 microsecs, 
>>> kernel (proc) 27 time elapsed: 2.428 ms, 2428 microsecs, 
>>> kernel (proc) 28 time elapsed: 2.369 ms, 2369 microsecs, 
>>> kernel (proc) 29 time elapsed: 2.403 ms, 2403 microsecs, 
>>> kernel (proc) 30 time elapsed: 2.507 ms, 2507 microsecs, 
>>> kernel (proc) 31 time elapsed: 2.419 ms, 2419 microsecs, 
>>> SUMMARY: kernel (proc) average time elapsed for Iteration 7: 2.24735(2.24735) ms, 2.26832(0.0209677) ms, 2.42345(0.155129) ms, 
>>> goclkernel[actssync]:: running ACTS SYNCHRONZE (Iteration 7)

active partitions for iteration 8: 
goclkernel::runapp2: no more active vertices to process. exiting... 
[1m[37m>>> SUMMARY: Total kernel time: 194.463 ms[0m
0.0232937, 0.291765, 0.065899, [Iter 0 throughput: 0.0162516]
1.29773, 6.26918, 3.30636, [Iter 1 throughput: 0.811335]
69.0101, 399.963, 34.6399, [Iter 2 throughput: 21.8058]
632.752, 3473.92, 571.528, [Iter 3 throughput: 276.399]
2801.48, 5172.98, 3376.81, [Iter 4 throughput: 1181.47]
3857.04, 5526.8, 3760.84, [Iter 5 throughput: 1416.23]
27.0931, 848.454, 76.9408, [Iter 6 throughput: 19.5751]
0.0231383, 2.48, 0.335205, [Iter 7 throughput: 0.021457]
>>> app::run_hw: total_edges_processed: 212698418 edges (212 million edges)
>>> app::run_hw: total_time_elapsed: 194.463 ms (0.194463 s)
[1m[37m>>> app::run_hw: throughput: 1.09378e+09 edges/sec (1093.78 million edges/sec)[0m

utility::runsssp_sw:: running traditional sssp... 
utility::runsssp_sw: number of active vertices for iteration 0: 0
utility::runsssp_sw: number of active vertices for iteration 1: 12
utility::runsssp_sw: number of active vertices for iteration 2: 460
utility::runsssp_sw: number of active vertices for iteration 3: 25400
utility::runsssp_sw: number of active vertices for iteration 4: 728870
utility::runsssp_sw: number of active vertices for iteration 5: 2210225
utility::runsssp_sw: number of active vertices for iteration 6: 32166
utility::runsssp_sw: number of active vertices for iteration 7: 32
utility::runsssp_sw: number of active vertices for iteration 8: 0
no more activer vertices to process. breaking out... 
>>> utility::runsssp_sw: total_edges_processed: 212698418 edges (212 million edges)
>>> utility::runsssp_sw: total_time_elapsed: 6729 ms (6.729 s)
[1m[37m>>> utility::runsssp_sw: throughput: 3.16092e+07 edges/sec (31.6092 million edges/sec)[0m

app::verifyresults_hw: verifying vertex data... 
utility::printvalues::app::verifyresults_hw.vdatas: verifying results after kernel run:: printing first 16 values
values[0]: 1
values[1]: 12
values[2]: 460
values[3]: 25399
values[4]: 728863
values[5]: 2210230
values[6]: 32167
values[7]: 32
values[8]: 0
values[9]: 0
values[10]: 0
values[11]: 0
values[12]: 0
values[13]: 0
values[14]: 0
values[15]: 0
printvalues:: total values: totalvalues: 2997164
graph::closetemporaryfilesforwriting : close temporary files for writing...
graph::closetemporaryfilesforreading : close files for reading...
graph::closefilesforreading : close files for reading...
=== STATS::TIMING AND SUMMARY RESULTS FOR ITERATION: 666 === 
>>> stats::summary Total number of kvReads in bank [0]: 250251520
>>> stats::summary Total number of kvReads for all threads: 250251520
>>> stats::summary Total time spent (SSD access): 0 milliseconds
>>> stats::summary Total time spent (SSD access): 0 seconds
>>> stats::summary Total time spent (OCL data transfers): 0 milliseconds
>>> stats::summary Total time spent (OCL data transfers): 0 seconds
>>> stats::summary Total time spent (Kernel Pre Process execution): 0 milliseconds
>>> stats::summary Total time spent (Kernel Pre Process execution): 0 seconds
>>> stats::summary Total time spent (Kernel execution): 0 milliseconds
>>> stats::summary Total time spent (Kernel execution): 0 seconds
>>> stats::summary Total time spent (Kernel Post Process execution): 0 milliseconds
>>> stats::summary Total time spent (Kernel Post Process execution): 0 seconds
>>> stats::summary Total time spent (Overall Kernel execution): 0 milliseconds
>>> stats::summary Total time spent (Overall Kernel execution): 0 seconds
>>> stats::summary Total time spent (Overall processing): 0 milliseconds
>>> stats::summary Total time spent (Overall processing): 0 seconds
>>> stats::summary Total time spent (Overall processing excluding SSD & OCL data transfers): 0 milliseconds
>>> stats::summary Total time spent (Overall processing excluding SSD & OCL data transfers): 0 seconds
>>> stats::summary Throughput (Kernel processing): inf keyvalues per second
>>> stats::summary Throughput (Kernel processing): inf million keyvalues per second
>>> stats::summary Throughput (Kernel processing): inf MB/s
>>> stats::summary Throughput (Overall processing): inf keyvalues per second
>>> stats::summary Throughput (Overall processing): inf million keyvalues per second
>>> stats::summary Throughput (Overall processing): inf MB/s
>>> stats::summary Throughput (Overall processing excluding SSD & OCL data transfers): inf keyvalues per second
>>> stats::summary Throughput (Overall processing excluding SSD & OCL data transfers): inf million keyvalues per second

graph::printdataset: printing dataset parameters...
>>> graphtopname: soc-orkut
>>> graphname: soc-orkut_dup
>>> graph_path: /localtmp/oj2zf/dataset/soc-orkut/soc-orkut.mtx
>>> vertices_path: /localtmp/oj2zf/dataset/soc-orkut/soc-orkut.vertices
>>> edges_path: /localtmp/oj2zf/dataset/soc-orkut/soc-orkut.edges
>>> vertices_path_bin: /localtmp/oj2zf/dataset/soc-orkut/soc-orkut_bin.vertices
>>> edges_path_bin: /localtmp/oj2zf/dataset/soc-orkut/soc-orkut_bin.edges
>>> min_vertex: 0
>>> max_vertex: 2997166
>>> num_vertices: 2997166
>>> num_edges: 212698418
>>> graphdirectiontype: 5
>>> graphorder: 6
>>> skewratio: 666
TEST FINISHED
[1m[37m>>> HOSTPROCESS:: TIMING SUMMARY: TOTAL TIME ELAPSED: : Time Elapsed = 333661554077[nanao seconds](Iteration 666)[0m
[1m[37m>>> HOSTPROCESS:: TIMING SUMMARY: TOTAL TIME ELAPSED: : Time Elapsed = 333661554[micro seconds](Iteration 666)[0m
[1m[37m>>> HOSTPROCESS:: TIMING SUMMARY: TOTAL TIME ELAPSED: : Time Elapsed = 333661[milli seconds](Iteration 666)[0m
[1m[37m>>> HOSTPROCESS:: TIMING SUMMARY: TOTAL TIME ELAPSED: : Time Elapsed = 333[seconds](Iteration 666)[0m

