Hostprocess:: Graph Analytics Started...
utility:: USEHBMMEMORY DEFINED
utility:: NUMDRAMBANKS: 4
utility:: NUMWORKERS: 1
utility:: NUMSUBWORKERS: 3
utility:: NUM_PARTITIONS: 16
utility:: NUMSUBCPUTHREADS: 32
utility:: DATAWIDTH: 512
utility:: VECTOR_SIZE: 8
utility:: KVDATA_RANGE: 4194304
utility:: KVDATA_RANGE_POW: 22
utility:: BATCH_RANGE: 4194304
utility:: BATCH_RANGE_POW: 22
utility:: TREE_DEPTH: 3
utility:: KVDATA_RANGE_POW: 22
utility:: KVDATA_RANGE: 4194304
utility:: MESSAGES_SIZE: 1024
utility:: LOCKE DEFINED
utility:: sizeof(keyvalue_t): 8 bytes (64 bits)
utility:: sizeof(vertex_t): 4 bytes (32 bits)
utility:: sizeof(edge_t): 4 bytes (32 bits)
utility:: MESSAGESDRAMSZ: 1024
utility:: VERTEXPTRSSZ: 2162688
utility:: VERTEXPTRSSZ_KVS: 270336
utility:: VERTICESDATASZ: 2097152
utility:: VERTICESDATASZ_KVS: 262144
>> host[baseoffsets]:: BASEOFFSET_MESSAGESDATA: 0
>> host[baseoffsets]:: BASEOFFSET_MESSAGESDATA_KVS: 0
>> host[baseoffsets]:: KVSOURCEDRAMSZ: 33554432
>> host[baseoffsets]:: KVSOURCEDRAMSZ_KVS: 4194304
>> host[baseoffsets]:: PADDEDKVSOURCEDRAMSZ: 33554432
>> host[baseoffsets]:: PADDEDKVSOURCEDRAMSZ_KVS: 4194304
>> host[baseoffsets]:: VDRAMSZ: 33554432
>> host[baseoffsets]:: PADDEDVDRAMSZ: 33554432
>> host[baseoffsets]:: PADDEDVDRAMSZ_KVS: 4194304
>> host[sizes]:: MESSAGESDRAMSZ (keyvalues): 1024 keyvalues
>> host[sizes]:: VERTEXPTRSSZ (keyvalues): 2162688 keyvalues
>> host[sizes]:: VERTICESDATASZ (keyvalues): 2097152 keyvalues
>> host[sizes]:: ACTIVEVERTICESSZ (keyvalues): 0 keyvalues
>> host[sizes]:: VERTICESDATAMASKSZ (keyvalues): 131072 keyvalues
>> host[sizes]:: KVSTATSDRAMSZ (keyvalues): 65536 keyvalues
>> host[sizes]:: PADDEDVDRAMSZ (keyvalues): 33554432 keyvalues
>> host[sizes]:: PADDEDKVSOURCEDRAMSZ (keyvalues): 33554432 keyvalues
>> host[bytes]:: MESSAGESDRAMSZ (bytes): 8192 bytes
>> host[bytes]:: KVSTATSDRAMSZ (bytes): 524288 bytes
>> host[bytes]:: VERTEXPTRSSZ (bytes): 17301504 bytes
>> host[bytes]:: VERTICESDATASZ (bytes): 16777216 bytes
>> host[bytes]:: ACTIVEVERTICESSZ (bytes): 0 bytes
>> host[bytes]:: VERTICESDATAMASKSZ (bytes): 1048576 bytes
>> host[bytes]:: PADDEDVDRAMSZ (bytes): 268435456 bytes
>> host[bytes]:: PADDEDKVSOURCEDRAMSZ (bytes): 268435456 bytes
utility:: KVSTATSDRAMSZ: 65536
utility:: NUMLASTLEVELPARTITIONS: 4096
utility:: REDUCESZ_POW: 10
utility:: REDUCESZ: 1024
utility:: REDUCEBUFFERSZ: 512
utility:: VMASKBUFFERSZ_KVS: 32
utility:: NUMLASTLEVELPARTITIONS: 4096
utility:: ENABLE_KERNEL_PROFILING DEFINED: 
graph::graph constructor:: datasetid: 30, _numedgebanks: 1
graph::loadalldatasets:: 
graph::loadalldatasets finished. 
graph::printdataset: printing dataset parameters...
>>> graphtopname: soc-orkut
>>> graphname: soc-orkut_dup
>>> graph_path: /localtmp/oj2zf/dataset/soc-orkut/soc-orkut.mtx
>>> vertices_path: /localtmp/oj2zf/dataset/soc-orkut/soc-orkut.vertices
>>> edges_path: /localtmp/oj2zf/dataset/soc-orkut/soc-orkut.edges
>>> vertices_path_bin: /localtmp/oj2zf/dataset/soc-orkut/soc-orkut_bin.vertices
>>> edges_path_bin: /localtmp/oj2zf/dataset/soc-orkut/soc-orkut_bin.edges
>>> min_vertex: 0
>>> max_vertex: 2997166
>>> num_vertices: 2997166
>>> num_edges: 212698418
>>> graphdirectiontype: 5
>>> graphorder: 6
>>> skewratio: 666
app::run_hw:: app algorithm started. 
graph::opentemporaryfilesforwriting : opening temporary files for writing...
Directory already exists.INFO: Successfully opened /localtmp/oj2zf/dataset/soc-orkut/soc-orkut_1by1/soc-orkut_dup.vdata
INFO: Successfully opened /localtmp/oj2zf/dataset/soc-orkut/soc-orkut_1by1/soc-orkut_dup.vproperties
graph::opentemporaryfilesforreading : opening temporary files for reading
INFO: Successfully opened /localtmp/oj2zf/dataset/soc-orkut/soc-orkut_1by1/soc-orkut_dup.vdata
INFO: Successfully opened /localtmp/oj2zf/dataset/soc-orkut/soc-orkut_1by1/soc-orkut_dup.vproperties
generating vertices data... 
graph::openfilesforreading : opening files for reading
INFO: Successfully opened /localtmp/oj2zf/dataset/soc-orkut/soc-orkut_1by1/soc-orkut_dup_0_0.vertexptrs
INFO: Successfully opened /localtmp/oj2zf/dataset/soc-orkut/soc-orkut_1by1/soc-orkut_dup_0_0.vertexptrs
INFO: Successfully opened /localtmp/oj2zf/dataset/soc-orkut/soc-orkut_1by1/soc-orkut_dup_0_0.edges
INFO: Successfully opened /localtmp/oj2zf/dataset/soc-orkut/soc-orkut_1by1/soc-orkut_dup_0_0.edges
loadedges_rowblockwise:: loading Acts... sizes: [[7820368, 7820368, 7820368, 7820368, 7820368, 7820368, 7820368, 7820368, 7820368, 7820368, 7820368, 7820368, 7820368, 7820368, 7820368, 7820368, 7820352, 7820352, 7820352, 7820352, 7820352, 7820352, 7820352, 7820352, 7820352, 7820352, 7820352, 7820352, 7820352, 7820352, 7820352, 7820352]]
loadedges_rowblockwise:: total sizes: 250251520
maxvptr: 7820368
app::loadvertexdata:: loading vertex datas... 
app::setrootvid:: setting root vid(s)... 
app::loadactvvertices:: loading active vertices... 
app::generatevmaskdata:: generating vmask... 
app::loadoffsetmarkers:: loading offset markers... 
app::loadmessages:: loading messages... 
[globalparams.BASEOFFSET_MESSAGESDATA: 0]
[globalparams.BASEOFFSETKVS_MESSAGESDATA: 0]
[globalparams.BASEOFFSET_EDGESDATA: 8192]
[globalparams.BASEOFFSETKVS_EDGESDATA: 1024]
[globalparams.BASEOFFSET_VERTEXPTR: 3983912]
[globalparams.BASEOFFSETKVS_VERTEXPTR: 497989]
[globalparams.BASEOFFSET_VERTICESDATA: 6146600]
[globalparams.BASEOFFSETKVS_VERTICESDATA: 768325]
[globalparams.BASEOFFSET_ACTIVEVERTICES: 8243752]
[globalparams.BASEOFFSETKVS_ACTIVEVERTICES: 1030469]
[globalparams.BASEOFFSET_VERTICESDATAMASK: 8243752]
[globalparams.BASEOFFSETKVS_VERTICESDATAMASK: 1030469]
[globalparams.BASEOFFSET_VERTICESPARTITIONMASK : 8374824]
[globalparams.BASEOFFSETKVS_VERTICESPARTITIONMASK: 1046853]
[globalparams.BASEOFFSET_STATSDRAM: 8378920]
[globalparams.BASEOFFSETKVS_STATSDRAM: 1047365]
[globalparams.BASEOFFSET_KVDRAM: 8903208]
[globalparams.BASEOFFSETKVS_KVDRAM: 1112901]
[globalparams.BASEOFFSET_KVDRAMWORKSPACE: 16724336]
[globalparams.BASEOFFSETKVS_KVDRAMWORKSPACE: 2090542]
[globalparams.SIZE_MESSAGESDRAM: 0]
[globalparams.SIZE_EDGES: 7821368]
[globalparams.SIZE_VERTEXPTRS: 4194304]
[globalparams.SIZE_VERTICESDATA: 4194304]
[globalparams.SIZE_ACTIVEVERTICES: 0]
[globalparams.SIZE_VERTICESDATAMASK: 131072]
[globalparams.SIZE_KVSTATSDRAM: 65536]
[globalparams.SIZE_KVDRAM: 7821128]
[globalparams.SIZE_KVDRAMWORKSPACE: 7821128]
[1m[37m>> host[sizes]:: PADDEDKVSOURCEDRAMSZ (keyvalues): 33554432 keyvalues[0m
[1m[37m>> host[bytes]:: PADDEDKVSOURCEDRAMSZ (bytes): 268435456 bytes[0m
[1m[37m>> host[sizes]:: valid PADDEDKVSOURCEDRAMSZ (keyvalues): 24545464 keyvalues[0m
[1m[37m>> host[bytes]:: valid PADDEDKVSOURCEDRAMSZ (bytes): 196363712 bytes. (HBM max=268435456 bytes)[0m
loadmessages:: loading Acts... sizes: [[7820368, 7820368, 7820368, 7820368, 7820368, 7820368, 7820368, 7820368, 7820368, 7820368, 7820368, 7820368, 7820368, 7820368, 7820368, 7820368, 7820352, 7820352, 7820352, 7820352, 7820352, 7820352, 7820352, 7820352, 7820352, 7820352, 7820352, 7820352, 7820352, 7820352, 7820352, 7820352]]
loadmessages:: total sizes: 250251520
app::appendkeyvaluecount:: appending value count... 
app::experiements: resetting kvdram & kvdram workspaces...

utility::runsssp_sw:: running traditional sssp... 
utility::runsssp_sw: number of active vertices for iteration 0: 0
utility::runsssp_sw: number of active vertices for iteration 1: 12
utility::runsssp_sw: number of active vertices for iteration 2: 460
utility::runsssp_sw: number of active vertices for iteration 3: 25400
utility::runsssp_sw: number of active vertices for iteration 4: 728870
utility::runsssp_sw: number of active vertices for iteration 5: 2210225
utility::runsssp_sw: number of active vertices for iteration 6: 32166
utility::runsssp_sw: number of active vertices for iteration 7: 32
utility::runsssp_sw: number of active vertices for iteration 8: 0
no more activer vertices to process. breaking out... 
>>> utility::runsssp_sw: total_edges_processed: 212698418 edges (212 million edges)
>>> utility::runsssp_sw: total_time_elapsed: 4662 ms (4.662 s)
[1m[37m>>> utility::runsssp_sw: throughput: 4.56239e+07 edges/sec (45.6239 million edges/sec)[0m

[1m[37m>>> app::run_hw: app started. (1 active vertices)[0m
Found Platform
Platform Name: Xilinx
Found Device=xilinx_u280_xdma_201910_1
INFO: Reading /home/oj2zf/Documents/ActsOfAGraph/synkernels/goldenkernelprocsssp32HW60MHz.xclbin
Loading: '/home/oj2zf/Documents/ActsOfAGraph/synkernels/goldenkernelprocsssp32HW60MHz.xclbin'
INFO: Reading /home/oj2zf/Documents/ActsOfAGraph/synkernels/goldenkernelsync32HW60MHz.xclbin
Loading: '/home/oj2zf/Documents/ActsOfAGraph/synkernels/goldenkernelsync32HW60MHz.xclbin'
>>> goclkernel[actssync]:: running ACTS PROCESS (Iteration 0)...
>>> kernel (proc) 0 time elapsed: 1.085 ms, 1085 microsecs, 
>>> kernel (proc) 1 time elapsed: 1.107 ms, 1107 microsecs, 
>>> kernel (proc) 2 time elapsed: 1.092 ms, 1092 microsecs, 
>>> kernel (proc) 3 time elapsed: 1.083 ms, 1083 microsecs, 
>>> kernel (proc) 4 time elapsed: 1.085 ms, 1085 microsecs, 
>>> kernel (proc) 5 time elapsed: 1.09 ms, 1090 microsecs, 
>>> kernel (proc) 6 time elapsed: 1.059 ms, 1059 microsecs, 
>>> kernel (proc) 7 time elapsed: 1.059 ms, 1059 microsecs, 
>>> kernel (proc) 8 time elapsed: 1.094 ms, 1094 microsecs, 
>>> kernel (proc) 9 time elapsed: 1.087 ms, 1087 microsecs, 
>>> kernel (proc) 10 time elapsed: 1.115 ms, 1115 microsecs, 
>>> kernel (proc) 11 time elapsed: 1.095 ms, 1095 microsecs, 
>>> kernel (proc) 12 time elapsed: 1.102 ms, 1102 microsecs, 
>>> kernel (proc) 13 time elapsed: 0.93 ms, 930 microsecs, 
>>> kernel (proc) 14 time elapsed: 1.135 ms, 1135 microsecs, 
>>> kernel (proc) 15 time elapsed: 1.112 ms, 1112 microsecs, 
>>> kernel (proc) 16 time elapsed: 1.117 ms, 1117 microsecs, 
>>> kernel (proc) 17 time elapsed: 0.954 ms, 954 microsecs, 
>>> kernel (proc) 18 time elapsed: 1.007 ms, 1007 microsecs, 
>>> kernel (proc) 19 time elapsed: 1.093 ms, 1093 microsecs, 
>>> kernel (proc) 20 time elapsed: 1.082 ms, 1082 microsecs, 
>>> kernel (proc) 21 time elapsed: 1.023 ms, 1023 microsecs, 
>>> kernel (proc) 22 time elapsed: 1.056 ms, 1056 microsecs, 
>>> kernel (proc) 23 time elapsed: 1.03 ms, 1030 microsecs, 
>>> kernel (proc) 24 time elapsed: 1.031 ms, 1031 microsecs, 
>>> kernel (proc) 25 time elapsed: 1.086 ms, 1086 microsecs, 
>>> kernel (proc) 26 time elapsed: 1.097 ms, 1097 microsecs, 
>>> kernel (proc) 27 time elapsed: 1.103 ms, 1103 microsecs, 
>>> kernel (proc) 28 time elapsed: 1.1 ms, 1100 microsecs, 
>>> kernel (proc) 29 time elapsed: 1.094 ms, 1094 microsecs, 
>>> kernel (proc) 30 time elapsed: 1.111 ms, 1111 microsecs, 
>>> kernel (proc) 31 time elapsed: 1.093 ms, 1093 microsecs, 
>>> SUMMARY: kernel (proc) average time elapsed for Iteration 0: 0.690774(0.690774) ms, 0.741129(0.0503548) ms, 1.0749(0.333774) ms, 
>>> goclkernel[actssync]:: running ACTS SYNCHRONZE (Iteration 0)

active partitions for iteration 1: 0, 
>>> goclkernel[actssync]:: running ACTS PROCESS (Iteration 1)...
>>> kernel (proc) 0 time elapsed: 1.195 ms, 1195 microsecs, 
>>> kernel (proc) 1 time elapsed: 1.111 ms, 1111 microsecs, 
>>> kernel (proc) 2 time elapsed: 1.194 ms, 1194 microsecs, 
>>> kernel (proc) 3 time elapsed: 1.231 ms, 1231 microsecs, 
>>> kernel (proc) 4 time elapsed: 1.2 ms, 1200 microsecs, 
>>> kernel (proc) 5 time elapsed: 1.208 ms, 1208 microsecs, 
>>> kernel (proc) 6 time elapsed: 1.158 ms, 1158 microsecs, 
>>> kernel (proc) 7 time elapsed: 1.172 ms, 1172 microsecs, 
>>> kernel (proc) 8 time elapsed: 1.242 ms, 1242 microsecs, 
>>> kernel (proc) 9 time elapsed: 1.153 ms, 1153 microsecs, 
>>> kernel (proc) 10 time elapsed: 1.186 ms, 1186 microsecs, 
>>> kernel (proc) 11 time elapsed: 1.173 ms, 1173 microsecs, 
>>> kernel (proc) 12 time elapsed: 1.167 ms, 1167 microsecs, 
>>> kernel (proc) 13 time elapsed: 1.111 ms, 1111 microsecs, 
>>> kernel (proc) 14 time elapsed: 1.081 ms, 1081 microsecs, 
>>> kernel (proc) 15 time elapsed: 1.098 ms, 1098 microsecs, 
>>> kernel (proc) 16 time elapsed: 1.111 ms, 1111 microsecs, 
>>> kernel (proc) 17 time elapsed: 1.159 ms, 1159 microsecs, 
>>> kernel (proc) 18 time elapsed: 1.104 ms, 1104 microsecs, 
>>> kernel (proc) 19 time elapsed: 1.155 ms, 1155 microsecs, 
>>> kernel (proc) 20 time elapsed: 1.11 ms, 1110 microsecs, 
>>> kernel (proc) 21 time elapsed: 1.105 ms, 1105 microsecs, 
>>> kernel (proc) 22 time elapsed: 1.028 ms, 1028 microsecs, 
>>> kernel (proc) 23 time elapsed: 1.156 ms, 1156 microsecs, 
>>> kernel (proc) 24 time elapsed: 1.136 ms, 1136 microsecs, 
>>> kernel (proc) 25 time elapsed: 1.17 ms, 1170 microsecs, 
>>> kernel (proc) 26 time elapsed: 1.06 ms, 1060 microsecs, 
>>> kernel (proc) 27 time elapsed: 1.172 ms, 1172 microsecs, 
>>> kernel (proc) 28 time elapsed: 1.068 ms, 1068 microsecs, 
>>> kernel (proc) 29 time elapsed: 1.07 ms, 1070 microsecs, 
>>> kernel (proc) 30 time elapsed: 1.163 ms, 1163 microsecs, 
>>> kernel (proc) 31 time elapsed: 1.172 ms, 1172 microsecs, 
>>> SUMMARY: kernel (proc) average time elapsed for Iteration 1: 0.697258(0.697258) ms, 0.774581(0.0773226) ms, 1.14271(0.368129) ms, 
>>> goclkernel[actssync]:: running ACTS SYNCHRONZE (Iteration 1)

active partitions for iteration 2: 0, 1, 
>>> goclkernel[actssync]:: running ACTS PROCESS (Iteration 2)...
>>> kernel (proc) 0 time elapsed: 2.938 ms, 2938 microsecs, 
>>> kernel (proc) 1 time elapsed: 2.988 ms, 2988 microsecs, 
>>> kernel (proc) 2 time elapsed: 2.821 ms, 2821 microsecs, 
>>> kernel (proc) 3 time elapsed: 3.211 ms, 3211 microsecs, 
>>> kernel (proc) 4 time elapsed: 3.358 ms, 3358 microsecs, 
>>> kernel (proc) 5 time elapsed: 3.014 ms, 3014 microsecs, 
>>> kernel (proc) 6 time elapsed: 2.756 ms, 2756 microsecs, 
>>> kernel (proc) 7 time elapsed: 2.802 ms, 2802 microsecs, 
>>> kernel (proc) 8 time elapsed: 3.136 ms, 3136 microsecs, 
>>> kernel (proc) 9 time elapsed: 3.037 ms, 3037 microsecs, 
>>> kernel (proc) 10 time elapsed: 3.066 ms, 3066 microsecs, 
>>> kernel (proc) 11 time elapsed: 3.168 ms, 3168 microsecs, 
>>> kernel (proc) 12 time elapsed: 2.865 ms, 2865 microsecs, 
>>> kernel (proc) 13 time elapsed: 2.963 ms, 2963 microsecs, 
>>> kernel (proc) 14 time elapsed: 2.824 ms, 2824 microsecs, 
>>> kernel (proc) 15 time elapsed: 3.393 ms, 3393 microsecs, 
>>> kernel (proc) 16 time elapsed: 3.039 ms, 3039 microsecs, 
>>> kernel (proc) 17 time elapsed: 2.827 ms, 2827 microsecs, 
>>> kernel (proc) 18 time elapsed: 3.147 ms, 3147 microsecs, 
>>> kernel (proc) 19 time elapsed: 2.896 ms, 2896 microsecs, 
>>> kernel (proc) 20 time elapsed: 3.048 ms, 3048 microsecs, 
>>> kernel (proc) 21 time elapsed: 2.778 ms, 2778 microsecs, 
>>> kernel (proc) 22 time elapsed: 2.625 ms, 2625 microsecs, 
>>> kernel (proc) 23 time elapsed: 3.039 ms, 3039 microsecs, 
>>> kernel (proc) 24 time elapsed: 2.706 ms, 2706 microsecs, 
>>> kernel (proc) 25 time elapsed: 2.975 ms, 2975 microsecs, 
>>> kernel (proc) 26 time elapsed: 3.218 ms, 3218 microsecs, 
>>> kernel (proc) 27 time elapsed: 2.972 ms, 2972 microsecs, 
>>> kernel (proc) 28 time elapsed: 2.637 ms, 2637 microsecs, 
>>> kernel (proc) 29 time elapsed: 3.053 ms, 3053 microsecs, 
>>> kernel (proc) 30 time elapsed: 2.761 ms, 2761 microsecs, 
>>> kernel (proc) 31 time elapsed: 3.041 ms, 3041 microsecs, 
>>> SUMMARY: kernel (proc) average time elapsed for Iteration 2: 0.963387(0.963387) ms, 1.14739(0.184) ms, 2.97303(1.82565) ms, 
>>> goclkernel[actssync]:: running ACTS SYNCHRONZE (Iteration 2)

active partitions for iteration 3: 0, 1, 2, 3, 4, 5, 6, 7, 8, 9, 10, 11, 12, 13, 14, 15, 16, 17, 18, 19, 20, 21, 22, 23, 24, 25, 26, 27, 28, 29, 30, 31, 32, 33, 34, 35, 36, 37, 38, 39, 40, 41, 42, 43, 44, 45, 46, 47, 48, 
>>> goclkernel[actssync]:: running ACTS PROCESS (Iteration 3)...
>>> kernel (proc) 0 time elapsed: 22.034 ms, 22034 microsecs, 
>>> kernel (proc) 1 time elapsed: 22.016 ms, 22016 microsecs, 
>>> kernel (proc) 2 time elapsed: 22.055 ms, 22055 microsecs, 
>>> kernel (proc) 3 time elapsed: 22.025 ms, 22025 microsecs, 
>>> kernel (proc) 4 time elapsed: 22.035 ms, 22035 microsecs, 
>>> kernel (proc) 5 time elapsed: 22.056 ms, 22056 microsecs, 
>>> kernel (proc) 6 time elapsed: 22.047 ms, 22047 microsecs, 
>>> kernel (proc) 7 time elapsed: 22.044 ms, 22044 microsecs, 
>>> kernel (proc) 8 time elapsed: 22.118 ms, 22118 microsecs, 
>>> kernel (proc) 9 time elapsed: 21.996 ms, 21996 microsecs, 
>>> kernel (proc) 10 time elapsed: 22.033 ms, 22033 microsecs, 
>>> kernel (proc) 11 time elapsed: 22.121 ms, 22121 microsecs, 
>>> kernel (proc) 12 time elapsed: 22.127 ms, 22127 microsecs, 
>>> kernel (proc) 13 time elapsed: 22.208 ms, 22208 microsecs, 
>>> kernel (proc) 14 time elapsed: 21.992 ms, 21992 microsecs, 
>>> kernel (proc) 15 time elapsed: 22.138 ms, 22138 microsecs, 
>>> kernel (proc) 16 time elapsed: 22.135 ms, 22135 microsecs, 
>>> kernel (proc) 17 time elapsed: 22.174 ms, 22174 microsecs, 
>>> kernel (proc) 18 time elapsed: 22.133 ms, 22133 microsecs, 
>>> kernel (proc) 19 time elapsed: 22.096 ms, 22096 microsecs, 
>>> kernel (proc) 20 time elapsed: 22.124 ms, 22124 microsecs, 
>>> kernel (proc) 21 time elapsed: 22.118 ms, 22118 microsecs, 
>>> kernel (proc) 22 time elapsed: 22.103 ms, 22103 microsecs, 
>>> kernel (proc) 23 time elapsed: 22.096 ms, 22096 microsecs, 
>>> kernel (proc) 24 time elapsed: 22.043 ms, 22043 microsecs, 
>>> kernel (proc) 25 time elapsed: 22.032 ms, 22032 microsecs, 
>>> kernel (proc) 26 time elapsed: 22.046 ms, 22046 microsecs, 
>>> kernel (proc) 27 time elapsed: 22.05 ms, 22050 microsecs, 
>>> kernel (proc) 28 time elapsed: 22.011 ms, 22011 microsecs, 
>>> kernel (proc) 29 time elapsed: 21.948 ms, 21948 microsecs, 
>>> kernel (proc) 30 time elapsed: 22.052 ms, 22052 microsecs, 
>>> kernel (proc) 31 time elapsed: 22.02 ms, 22020 microsecs, 
>>> SUMMARY: kernel (proc) average time elapsed for Iteration 3: 9.38929(9.38929) ms, 11.1475(1.75823) ms, 22.0707(10.9232) ms, 
>>> goclkernel[actssync]:: running ACTS SYNCHRONZE (Iteration 3)

active partitions for iteration 4: 0, 1, 2, 3, 4, 5, 6, 7, 8, 9, 10, 11, 12, 13, 14, 15, 16, 17, 18, 19, 20, 21, 22, 23, 24, 25, 26, 27, 28, 29, 30, 31, 32, 33, 34, 35, 36, 37, 38, 39, 40, 41, 42, 43, 44, 45, 46, 47, 48, 49, 50, 51, 52, 53, 54, 55, 56, 57, 58, 59, 60, 61, 62, 63, 64, 65, 66, 67, 68, 69, 70, 71, 72, 73, 74, 75, 76, 77, 78, 79, 80, 81, 82, 83, 84, 85, 86, 87, 88, 89, 90, 91, 92, 93, 94, 95, 96, 97, 98, 99, 100, 101, 102, 103, 104, 105, 106, 107, 108, 109, 110, 111, 112, 113, 114, 115, 116, 117, 118, 119, 120, 121, 122, 123, 124, 125, 126, 127, 128, 129, 130, 131, 132, 133, 134, 135, 136, 137, 138, 139, 140, 141, 142, 143, 144, 145, 146, 147, 148, 149, 150, 151, 152, 153, 154, 155, 156, 157, 158, 159, 160, 161, 162, 163, 164, 165, 166, 167, 168, 169, 170, 171, 172, 173, 174, 175, 176, 177, 178, 179, 180, 181, 182, 
>>> goclkernel[actssync]:: running ACTS PROCESS (Iteration 4)...
>>> kernel (proc) 0 time elapsed: 119.784 ms, 119784 microsecs, 
>>> kernel (proc) 1 time elapsed: 119.536 ms, 119536 microsecs, 
>>> kernel (proc) 2 time elapsed: 119.463 ms, 119463 microsecs, 
>>> kernel (proc) 3 time elapsed: 119.404 ms, 119404 microsecs, 
>>> kernel (proc) 4 time elapsed: 119.512 ms, 119512 microsecs, 
>>> kernel (proc) 5 time elapsed: 119.581 ms, 119581 microsecs, 
>>> kernel (proc) 6 time elapsed: 119.548 ms, 119548 microsecs, 
>>> kernel (proc) 7 time elapsed: 119.454 ms, 119454 microsecs, 
>>> kernel (proc) 8 time elapsed: 119.515 ms, 119515 microsecs, 
>>> kernel (proc) 9 time elapsed: 119.499 ms, 119499 microsecs, 
>>> kernel (proc) 10 time elapsed: 119.458 ms, 119458 microsecs, 
>>> kernel (proc) 11 time elapsed: 119.414 ms, 119414 microsecs, 
>>> kernel (proc) 12 time elapsed: 119.413 ms, 119413 microsecs, 
>>> kernel (proc) 13 time elapsed: 119.426 ms, 119426 microsecs, 
>>> kernel (proc) 14 time elapsed: 119.463 ms, 119463 microsecs, 
>>> kernel (proc) 15 time elapsed: 119.35 ms, 119350 microsecs, 
>>> kernel (proc) 16 time elapsed: 119.311 ms, 119311 microsecs, 
>>> kernel (proc) 17 time elapsed: 119.413 ms, 119413 microsecs, 
>>> kernel (proc) 18 time elapsed: 119.207 ms, 119207 microsecs, 
>>> kernel (proc) 19 time elapsed: 119.449 ms, 119449 microsecs, 
>>> kernel (proc) 20 time elapsed: 119.44 ms, 119440 microsecs, 
>>> kernel (proc) 21 time elapsed: 119.392 ms, 119392 microsecs, 
>>> kernel (proc) 22 time elapsed: 119.453 ms, 119453 microsecs, 
>>> kernel (proc) 23 time elapsed: 119.476 ms, 119476 microsecs, 
>>> kernel (proc) 24 time elapsed: 119.412 ms, 119412 microsecs, 
>>> kernel (proc) 25 time elapsed: 119.376 ms, 119376 microsecs, 
>>> kernel (proc) 26 time elapsed: 119.387 ms, 119387 microsecs, 
>>> kernel (proc) 27 time elapsed: 119.408 ms, 119408 microsecs, 
>>> kernel (proc) 28 time elapsed: 119.361 ms, 119361 microsecs, 
>>> kernel (proc) 29 time elapsed: 119.468 ms, 119468 microsecs, 
>>> kernel (proc) 30 time elapsed: 119.592 ms, 119592 microsecs, 
>>> kernel (proc) 31 time elapsed: 119.585 ms, 119585 microsecs, 
>>> SUMMARY: kernel (proc) average time elapsed for Iteration 4: 49.5554(49.5554) ms, 77.2071(27.6516) ms, 119.444(42.237) ms, 
>>> goclkernel[actssync]:: running ACTS SYNCHRONZE (Iteration 4)

active partitions for iteration 5: 0, 1, 2, 3, 4, 5, 6, 7, 8, 9, 10, 11, 12, 13, 14, 15, 16, 17, 18, 19, 20, 21, 22, 23, 24, 25, 26, 27, 28, 29, 30, 31, 32, 33, 34, 35, 36, 37, 38, 39, 40, 41, 42, 43, 44, 45, 46, 47, 48, 49, 50, 51, 52, 53, 54, 55, 56, 57, 58, 59, 60, 61, 62, 63, 64, 65, 66, 67, 68, 69, 70, 71, 72, 73, 74, 75, 76, 77, 78, 79, 80, 81, 82, 83, 84, 85, 86, 87, 88, 89, 90, 91, 92, 93, 94, 95, 96, 97, 98, 99, 100, 101, 102, 103, 104, 105, 106, 107, 108, 109, 110, 111, 112, 113, 114, 115, 116, 117, 118, 119, 120, 121, 122, 123, 124, 125, 126, 127, 128, 129, 130, 131, 132, 133, 134, 135, 136, 137, 138, 139, 140, 141, 142, 143, 144, 145, 146, 147, 148, 149, 150, 151, 152, 153, 154, 155, 156, 157, 158, 159, 160, 161, 162, 163, 164, 165, 166, 167, 168, 169, 170, 171, 172, 173, 174, 175, 176, 177, 178, 179, 180, 181, 182, 
>>> goclkernel[actssync]:: running ACTS PROCESS (Iteration 5)...
>>> kernel (proc) 0 time elapsed: 183.843 ms, 183843 microsecs, 
>>> kernel (proc) 1 time elapsed: 183.75 ms, 183750 microsecs, 
>>> kernel (proc) 2 time elapsed: 183.785 ms, 183785 microsecs, 
>>> kernel (proc) 3 time elapsed: 183.982 ms, 183982 microsecs, 
>>> kernel (proc) 4 time elapsed: 183.908 ms, 183908 microsecs, 
>>> kernel (proc) 5 time elapsed: 183.843 ms, 183843 microsecs, 
>>> kernel (proc) 6 time elapsed: 183.88 ms, 183880 microsecs, 
>>> kernel (proc) 7 time elapsed: 183.815 ms, 183815 microsecs, 
>>> kernel (proc) 8 time elapsed: 184.029 ms, 184029 microsecs, 
>>> kernel (proc) 9 time elapsed: 183.836 ms, 183836 microsecs, 
>>> kernel (proc) 10 time elapsed: 183.846 ms, 183846 microsecs, 
>>> kernel (proc) 11 time elapsed: 183.984 ms, 183984 microsecs, 
>>> kernel (proc) 12 time elapsed: 183.952 ms, 183952 microsecs, 
>>> kernel (proc) 13 time elapsed: 183.957 ms, 183957 microsecs, 
>>> kernel (proc) 14 time elapsed: 183.925 ms, 183925 microsecs, 
>>> kernel (proc) 15 time elapsed: 183.951 ms, 183951 microsecs, 
>>> kernel (proc) 16 time elapsed: 183.923 ms, 183923 microsecs, 
>>> kernel (proc) 17 time elapsed: 184.105 ms, 184105 microsecs, 
>>> kernel (proc) 18 time elapsed: 183.917 ms, 183917 microsecs, 
>>> kernel (proc) 19 time elapsed: 183.987 ms, 183987 microsecs, 
>>> kernel (proc) 20 time elapsed: 184.007 ms, 184007 microsecs, 
>>> kernel (proc) 21 time elapsed: 183.946 ms, 183946 microsecs, 
>>> kernel (proc) 22 time elapsed: 184.164 ms, 184164 microsecs, 
>>> kernel (proc) 23 time elapsed: 183.81 ms, 183810 microsecs, 
>>> kernel (proc) 24 time elapsed: 183.987 ms, 183987 microsecs, 
>>> kernel (proc) 25 time elapsed: 183.724 ms, 183724 microsecs, 
>>> kernel (proc) 26 time elapsed: 183.852 ms, 183852 microsecs, 
>>> kernel (proc) 27 time elapsed: 183.892 ms, 183892 microsecs, 
>>> kernel (proc) 28 time elapsed: 183.807 ms, 183807 microsecs, 
>>> kernel (proc) 29 time elapsed: 183.801 ms, 183801 microsecs, 
>>> kernel (proc) 30 time elapsed: 183.842 ms, 183842 microsecs, 
>>> kernel (proc) 31 time elapsed: 183.701 ms, 183701 microsecs, 
>>> SUMMARY: kernel (proc) average time elapsed for Iteration 5: 66.9428(66.9428) ms, 114.34(47.3969) ms, 183.9(69.5605) ms, 
>>> goclkernel[actssync]:: running ACTS SYNCHRONZE (Iteration 5)

active partitions for iteration 6: 3, 4, 5, 6, 7, 8, 9, 10, 11, 12, 13, 14, 15, 16, 17, 18, 19, 20, 21, 22, 24, 25, 26, 27, 28, 29, 30, 31, 32, 33, 34, 35, 36, 37, 38, 39, 40, 41, 42, 43, 44, 45, 46, 47, 48, 49, 50, 51, 52, 53, 54, 55, 56, 57, 58, 59, 60, 61, 62, 63, 64, 65, 66, 67, 68, 69, 70, 71, 72, 73, 74, 75, 76, 77, 78, 79, 80, 81, 82, 83, 84, 85, 86, 87, 88, 89, 90, 91, 92, 93, 94, 95, 96, 97, 98, 99, 100, 101, 102, 103, 104, 105, 106, 107, 108, 109, 110, 111, 112, 113, 114, 115, 116, 117, 118, 119, 120, 121, 122, 123, 124, 125, 126, 127, 128, 129, 130, 131, 132, 133, 134, 135, 136, 137, 138, 139, 140, 141, 142, 143, 144, 145, 146, 147, 148, 149, 150, 151, 152, 153, 154, 155, 156, 157, 158, 159, 160, 161, 162, 163, 164, 165, 166, 167, 168, 169, 170, 171, 172, 173, 174, 175, 176, 177, 178, 179, 180, 181, 182, 
>>> goclkernel[actssync]:: running ACTS PROCESS (Iteration 6)...
>>> kernel (proc) 0 time elapsed: 35.269 ms, 35269 microsecs, 
>>> kernel (proc) 1 time elapsed: 35.18 ms, 35180 microsecs, 
>>> kernel (proc) 2 time elapsed: 35.252 ms, 35252 microsecs, 
>>> kernel (proc) 3 time elapsed: 35.403 ms, 35403 microsecs, 
>>> kernel (proc) 4 time elapsed: 35.335 ms, 35335 microsecs, 
>>> kernel (proc) 5 time elapsed: 35.286 ms, 35286 microsecs, 
>>> kernel (proc) 6 time elapsed: 35.224 ms, 35224 microsecs, 
>>> kernel (proc) 7 time elapsed: 35.174 ms, 35174 microsecs, 
>>> kernel (proc) 8 time elapsed: 35.318 ms, 35318 microsecs, 
>>> kernel (proc) 9 time elapsed: 35.387 ms, 35387 microsecs, 
>>> kernel (proc) 10 time elapsed: 35.323 ms, 35323 microsecs, 
>>> kernel (proc) 11 time elapsed: 35.258 ms, 35258 microsecs, 
>>> kernel (proc) 12 time elapsed: 35.076 ms, 35076 microsecs, 
>>> kernel (proc) 13 time elapsed: 35.128 ms, 35128 microsecs, 
>>> kernel (proc) 14 time elapsed: 35.192 ms, 35192 microsecs, 
>>> kernel (proc) 15 time elapsed: 35.26 ms, 35260 microsecs, 
>>> kernel (proc) 16 time elapsed: 35.249 ms, 35249 microsecs, 
>>> kernel (proc) 17 time elapsed: 35.218 ms, 35218 microsecs, 
>>> kernel (proc) 18 time elapsed: 35.187 ms, 35187 microsecs, 
>>> kernel (proc) 19 time elapsed: 35.259 ms, 35259 microsecs, 
>>> kernel (proc) 20 time elapsed: 35.201 ms, 35201 microsecs, 
>>> kernel (proc) 21 time elapsed: 35.281 ms, 35281 microsecs, 
>>> kernel (proc) 22 time elapsed: 35.205 ms, 35205 microsecs, 
>>> kernel (proc) 23 time elapsed: 35.274 ms, 35274 microsecs, 
>>> kernel (proc) 24 time elapsed: 35.178 ms, 35178 microsecs, 
>>> kernel (proc) 25 time elapsed: 35.363 ms, 35363 microsecs, 
>>> kernel (proc) 26 time elapsed: 35.3 ms, 35300 microsecs, 
>>> kernel (proc) 27 time elapsed: 35.341 ms, 35341 microsecs, 
>>> kernel (proc) 28 time elapsed: 35.33 ms, 35330 microsecs, 
>>> kernel (proc) 29 time elapsed: 35.329 ms, 35329 microsecs, 
>>> kernel (proc) 30 time elapsed: 35.354 ms, 35354 microsecs, 
>>> kernel (proc) 31 time elapsed: 35.283 ms, 35283 microsecs, 
>>> SUMMARY: kernel (proc) average time elapsed for Iteration 6: 25.3797(25.3797) ms, 26.1349(0.755161) ms, 35.2628(9.12797) ms, 
>>> goclkernel[actssync]:: running ACTS SYNCHRONZE (Iteration 6)

active partitions for iteration 7: 56, 74, 90, 93, 107, 110, 121, 123, 124, 128, 129, 130, 134, 135, 136, 141, 142, 145, 146, 148, 149, 153, 154, 155, 156, 175, 176, 177, 
>>> goclkernel[actssync]:: running ACTS PROCESS (Iteration 7)...
>>> kernel (proc) 0 time elapsed: 4.338 ms, 4338 microsecs, 
>>> kernel (proc) 1 time elapsed: 4.081 ms, 4081 microsecs, 
>>> kernel (proc) 2 time elapsed: 4.191 ms, 4191 microsecs, 
>>> kernel (proc) 3 time elapsed: 3.978 ms, 3978 microsecs, 
>>> kernel (proc) 4 time elapsed: 4.092 ms, 4092 microsecs, 
>>> kernel (proc) 5 time elapsed: 4.056 ms, 4056 microsecs, 
>>> kernel (proc) 6 time elapsed: 4.11 ms, 4110 microsecs, 
>>> kernel (proc) 7 time elapsed: 4.125 ms, 4125 microsecs, 
>>> kernel (proc) 8 time elapsed: 4.09 ms, 4090 microsecs, 
>>> kernel (proc) 9 time elapsed: 4.014 ms, 4014 microsecs, 
>>> kernel (proc) 10 time elapsed: 4.1 ms, 4100 microsecs, 
>>> kernel (proc) 11 time elapsed: 3.97 ms, 3970 microsecs, 
>>> kernel (proc) 12 time elapsed: 4.029 ms, 4029 microsecs, 
>>> kernel (proc) 13 time elapsed: 4.037 ms, 4037 microsecs, 
>>> kernel (proc) 14 time elapsed: 4.086 ms, 4086 microsecs, 
>>> kernel (proc) 15 time elapsed: 4.128 ms, 4128 microsecs, 
>>> kernel (proc) 16 time elapsed: 3.996 ms, 3996 microsecs, 
>>> kernel (proc) 17 time elapsed: 4.168 ms, 4168 microsecs, 
>>> kernel (proc) 18 time elapsed: 4.177 ms, 4177 microsecs, 
>>> kernel (proc) 19 time elapsed: 4.002 ms, 4002 microsecs, 
>>> kernel (proc) 20 time elapsed: 4.083 ms, 4083 microsecs, 
>>> kernel (proc) 21 time elapsed: 4.022 ms, 4022 microsecs, 
>>> kernel (proc) 22 time elapsed: 4.085 ms, 4085 microsecs, 
>>> kernel (proc) 23 time elapsed: 4.079 ms, 4079 microsecs, 
>>> kernel (proc) 24 time elapsed: 4.149 ms, 4149 microsecs, 
>>> kernel (proc) 25 time elapsed: 3.893 ms, 3893 microsecs, 
>>> kernel (proc) 26 time elapsed: 3.962 ms, 3962 microsecs, 
>>> kernel (proc) 27 time elapsed: 3.897 ms, 3897 microsecs, 
>>> kernel (proc) 28 time elapsed: 3.892 ms, 3892 microsecs, 
>>> kernel (proc) 29 time elapsed: 3.888 ms, 3888 microsecs, 
>>> kernel (proc) 30 time elapsed: 4.152 ms, 4152 microsecs, 
>>> kernel (proc) 31 time elapsed: 3.907 ms, 3907 microsecs, 
>>> SUMMARY: kernel (proc) average time elapsed for Iteration 7: 3.68926(3.68926) ms, 3.75839(0.069129) ms, 4.04642(0.288032) ms, 
>>> goclkernel[actssync]:: running ACTS SYNCHRONZE (Iteration 7)

active partitions for iteration 8: 
goclkernel::runapp2: no more active vertices to process. exiting... 
[1m[37m>>> SUMMARY: Total kernel time: 369.915 ms[0m
0.0173718, 0.238309, 0.0359524, [Iter 0 throughput: 0.0111638]
0.83183, 7.50104, 1.57553, [Iter 1 throughput: 0.507565]
40.0566, 209.728, 21.1377, [Iter 2 throughput: 12.98]
350.891, 1873.83, 301.617, [Iter 3 throughput: 149.276]
1491.01, 2672.08, 1749.36, [Iter 4 throughput: 618.595]
2018.23, 2850.52, 1942.28, [Iter 5 throughput: 734.669]
14.6231, 491.458, 40.6586, [Iter 6 throughput: 10.5247]
0.014095, 0.752217, 0.180535, [Iter 7 throughput: 0.0128509]
>>> app::run_hw: total_edges_processed: 212698418 edges (212 million edges)
>>> app::run_hw: total_time_elapsed: 369.915 ms (0.369915 s)
[1m[37m>>> app::run_hw: throughput: 5.74993e+08 edges/sec (574.993 million edges/sec)[0m

utility::runsssp_sw:: running traditional sssp... 
utility::runsssp_sw: number of active vertices for iteration 0: 0
utility::runsssp_sw: number of active vertices for iteration 1: 12
utility::runsssp_sw: number of active vertices for iteration 2: 460
utility::runsssp_sw: number of active vertices for iteration 3: 25400
utility::runsssp_sw: number of active vertices for iteration 4: 728870
utility::runsssp_sw: number of active vertices for iteration 5: 2210225
utility::runsssp_sw: number of active vertices for iteration 6: 32166
utility::runsssp_sw: number of active vertices for iteration 7: 32
utility::runsssp_sw: number of active vertices for iteration 8: 0
no more activer vertices to process. breaking out... 
>>> utility::runsssp_sw: total_edges_processed: 212698418 edges (212 million edges)
>>> utility::runsssp_sw: total_time_elapsed: 6179 ms (6.179 s)
[1m[37m>>> utility::runsssp_sw: throughput: 3.44228e+07 edges/sec (34.4228 million edges/sec)[0m

app::verifyresults_hw: verifying vertex data... 
utility::printvalues::app::verifyresults_hw.vdatas: verifying results after kernel run:: printing first 16 values
values[0]: 1
values[1]: 12
values[2]: 460
values[3]: 25399
values[4]: 728863
values[5]: 2210230
values[6]: 32167
values[7]: 32
values[8]: 0
values[9]: 0
values[10]: 0
values[11]: 0
values[12]: 0
values[13]: 0
values[14]: 0
values[15]: 0
printvalues:: total values: totalvalues: 2997164
graph::closetemporaryfilesforwriting : close temporary files for writing...
graph::closetemporaryfilesforreading : close files for reading...
graph::closefilesforreading : close files for reading...
=== STATS::TIMING AND SUMMARY RESULTS FOR ITERATION: 666 === 
>>> stats::summary Total number of kvReads in bank [0]: 250251520
>>> stats::summary Total number of kvReads for all threads: 250251520
>>> stats::summary Total time spent (SSD access): 0 milliseconds
>>> stats::summary Total time spent (SSD access): 0 seconds
>>> stats::summary Total time spent (OCL data transfers): 0 milliseconds
>>> stats::summary Total time spent (OCL data transfers): 0 seconds
>>> stats::summary Total time spent (Kernel Pre Process execution): 0 milliseconds
>>> stats::summary Total time spent (Kernel Pre Process execution): 0 seconds
>>> stats::summary Total time spent (Kernel execution): 0 milliseconds
>>> stats::summary Total time spent (Kernel execution): 0 seconds
>>> stats::summary Total time spent (Kernel Post Process execution): 0 milliseconds
>>> stats::summary Total time spent (Kernel Post Process execution): 0 seconds
>>> stats::summary Total time spent (Overall Kernel execution): 0 milliseconds
>>> stats::summary Total time spent (Overall Kernel execution): 0 seconds
>>> stats::summary Total time spent (Overall processing): 0 milliseconds
>>> stats::summary Total time spent (Overall processing): 0 seconds
>>> stats::summary Total time spent (Overall processing excluding SSD & OCL data transfers): 0 milliseconds
>>> stats::summary Total time spent (Overall processing excluding SSD & OCL data transfers): 0 seconds
>>> stats::summary Throughput (Kernel processing): inf keyvalues per second
>>> stats::summary Throughput (Kernel processing): inf million keyvalues per second
>>> stats::summary Throughput (Kernel processing): inf MB/s
>>> stats::summary Throughput (Overall processing): inf keyvalues per second
>>> stats::summary Throughput (Overall processing): inf million keyvalues per second
>>> stats::summary Throughput (Overall processing): inf MB/s
>>> stats::summary Throughput (Overall processing excluding SSD & OCL data transfers): inf keyvalues per second
>>> stats::summary Throughput (Overall processing excluding SSD & OCL data transfers): inf million keyvalues per second

graph::printdataset: printing dataset parameters...
>>> graphtopname: soc-orkut
>>> graphname: soc-orkut_dup
>>> graph_path: /localtmp/oj2zf/dataset/soc-orkut/soc-orkut.mtx
>>> vertices_path: /localtmp/oj2zf/dataset/soc-orkut/soc-orkut.vertices
>>> edges_path: /localtmp/oj2zf/dataset/soc-orkut/soc-orkut.edges
>>> vertices_path_bin: /localtmp/oj2zf/dataset/soc-orkut/soc-orkut_bin.vertices
>>> edges_path_bin: /localtmp/oj2zf/dataset/soc-orkut/soc-orkut_bin.edges
>>> min_vertex: 0
>>> max_vertex: 2997166
>>> num_vertices: 2997166
>>> num_edges: 212698418
>>> graphdirectiontype: 5
>>> graphorder: 6
>>> skewratio: 666
TEST FINISHED
[1m[37m>>> HOSTPROCESS:: TIMING SUMMARY: TOTAL TIME ELAPSED: : Time Elapsed = 373232927130[nanao seconds](Iteration 666)[0m
[1m[37m>>> HOSTPROCESS:: TIMING SUMMARY: TOTAL TIME ELAPSED: : Time Elapsed = 373232927[micro seconds](Iteration 666)[0m
[1m[37m>>> HOSTPROCESS:: TIMING SUMMARY: TOTAL TIME ELAPSED: : Time Elapsed = 373232[milli seconds](Iteration 666)[0m
[1m[37m>>> HOSTPROCESS:: TIMING SUMMARY: TOTAL TIME ELAPSED: : Time Elapsed = 373[seconds](Iteration 666)[0m

