Hostprocess:: Graph Analytics Started...
utility:: USEHBMMEMORY DEFINED
utility:: NUMDRAMBANKS: 4
utility:: NUMWORKERS: 1
utility:: NUMSUBWORKERS: 3
utility:: NUM_PARTITIONS: 16
utility:: NUMSUBCPUTHREADS: 32
utility:: DATAWIDTH: 512
utility:: VECTOR_SIZE: 8
utility:: KVDATA_RANGE: 4194304
utility:: KVDATA_RANGE_POW: 22
utility:: BATCH_RANGE: 4194304
utility:: BATCH_RANGE_POW: 22
utility:: TREE_DEPTH: 3
utility:: KVDATA_RANGE_POW: 22
utility:: KVDATA_RANGE: 4194304
utility:: MESSAGES_SIZE: 1024
utility:: LOCKE DEFINED
utility:: sizeof(keyvalue_t): 8 bytes (64 bits)
utility:: sizeof(vertex_t): 4 bytes (32 bits)
utility:: sizeof(edge_t): 4 bytes (32 bits)
utility:: MESSAGESDRAMSZ: 1024
utility:: VERTEXPTRSSZ: 2162688
utility:: VERTEXPTRSSZ_KVS: 270336
utility:: VERTICESDATASZ: 2097152
utility:: VERTICESDATASZ_KVS: 262144
>> host[baseoffsets]:: BASEOFFSET_MESSAGESDATA: 0
>> host[baseoffsets]:: BASEOFFSET_MESSAGESDATA_KVS: 0
>> host[baseoffsets]:: KVSOURCEDRAMSZ: 33554432
>> host[baseoffsets]:: KVSOURCEDRAMSZ_KVS: 4194304
>> host[baseoffsets]:: PADDEDKVSOURCEDRAMSZ: 33554432
>> host[baseoffsets]:: PADDEDKVSOURCEDRAMSZ_KVS: 4194304
>> host[baseoffsets]:: VDRAMSZ: 33554432
>> host[baseoffsets]:: PADDEDVDRAMSZ: 33554432
>> host[baseoffsets]:: PADDEDVDRAMSZ_KVS: 4194304
>> host[sizes]:: MESSAGESDRAMSZ (keyvalues): 1024 keyvalues
>> host[sizes]:: VERTEXPTRSSZ (keyvalues): 2162688 keyvalues
>> host[sizes]:: VERTICESDATASZ (keyvalues): 2097152 keyvalues
>> host[sizes]:: ACTIVEVERTICESSZ (keyvalues): 0 keyvalues
>> host[sizes]:: VERTICESDATAMASKSZ (keyvalues): 131072 keyvalues
>> host[sizes]:: KVSTATSDRAMSZ (keyvalues): 65536 keyvalues
>> host[sizes]:: PADDEDVDRAMSZ (keyvalues): 33554432 keyvalues
>> host[sizes]:: PADDEDKVSOURCEDRAMSZ (keyvalues): 33554432 keyvalues
>> host[bytes]:: MESSAGESDRAMSZ (bytes): 8192 bytes
>> host[bytes]:: KVSTATSDRAMSZ (bytes): 524288 bytes
>> host[bytes]:: VERTEXPTRSSZ (bytes): 17301504 bytes
>> host[bytes]:: VERTICESDATASZ (bytes): 16777216 bytes
>> host[bytes]:: ACTIVEVERTICESSZ (bytes): 0 bytes
>> host[bytes]:: VERTICESDATAMASKSZ (bytes): 1048576 bytes
>> host[bytes]:: PADDEDVDRAMSZ (bytes): 268435456 bytes
>> host[bytes]:: PADDEDKVSOURCEDRAMSZ (bytes): 268435456 bytes
utility:: KVSTATSDRAMSZ: 65536
utility:: NUMLASTLEVELPARTITIONS: 4096
utility:: REDUCESZ_POW: 10
utility:: REDUCESZ: 1024
utility:: REDUCEBUFFERSZ: 512
utility:: VMASKBUFFERSZ_KVS: 32
utility:: NUMLASTLEVELPARTITIONS: 4096
utility:: ENABLE_KERNEL_PROFILING DEFINED: 
graph::graph constructor:: datasetid: 30, _numedgebanks: 1
graph::loadalldatasets:: 
graph::loadalldatasets finished. 
graph::printdataset: printing dataset parameters...
>>> graphtopname: soc-orkut
>>> graphname: soc-orkut_dup
>>> graph_path: /localtmp/oj2zf/dataset/soc-orkut/soc-orkut.mtx
>>> vertices_path: /localtmp/oj2zf/dataset/soc-orkut/soc-orkut.vertices
>>> edges_path: /localtmp/oj2zf/dataset/soc-orkut/soc-orkut.edges
>>> vertices_path_bin: /localtmp/oj2zf/dataset/soc-orkut/soc-orkut_bin.vertices
>>> edges_path_bin: /localtmp/oj2zf/dataset/soc-orkut/soc-orkut_bin.edges
>>> min_vertex: 0
>>> max_vertex: 2997166
>>> num_vertices: 2997166
>>> num_edges: 212698418
>>> graphdirectiontype: 5
>>> graphorder: 6
>>> skewratio: 666
app::run_hw:: app algorithm started. 
graph::opentemporaryfilesforwriting : opening temporary files for writing...
Directory already exists.INFO: Successfully opened /localtmp/oj2zf/dataset/soc-orkut/soc-orkut_1by1/soc-orkut_dup.vdata
INFO: Successfully opened /localtmp/oj2zf/dataset/soc-orkut/soc-orkut_1by1/soc-orkut_dup.vproperties
graph::opentemporaryfilesforreading : opening temporary files for reading
INFO: Successfully opened /localtmp/oj2zf/dataset/soc-orkut/soc-orkut_1by1/soc-orkut_dup.vdata
INFO: Successfully opened /localtmp/oj2zf/dataset/soc-orkut/soc-orkut_1by1/soc-orkut_dup.vproperties
generating vertices data... 
graph::openfilesforreading : opening files for reading
INFO: Successfully opened /localtmp/oj2zf/dataset/soc-orkut/soc-orkut_1by1/soc-orkut_dup_0_0.vertexptrs
INFO: Successfully opened /localtmp/oj2zf/dataset/soc-orkut/soc-orkut_1by1/soc-orkut_dup_0_0.vertexptrs
INFO: Successfully opened /localtmp/oj2zf/dataset/soc-orkut/soc-orkut_1by1/soc-orkut_dup_0_0.edges
INFO: Successfully opened /localtmp/oj2zf/dataset/soc-orkut/soc-orkut_1by1/soc-orkut_dup_0_0.edges
loadedges_rowblockwise:: loading Acts... sizes: [[7820368, 7820368, 7820368, 7820368, 7820368, 7820368, 7820368, 7820368, 7820368, 7820368, 7820368, 7820368, 7820368, 7820368, 7820368, 7820368, 7820352, 7820352, 7820352, 7820352, 7820352, 7820352, 7820352, 7820352, 7820352, 7820352, 7820352, 7820352, 7820352, 7820352, 7820352, 7820352]]
loadedges_rowblockwise:: total sizes: 250251520
maxvptr: 7820368
app::loadvertexdata:: loading vertex datas... 
app::setrootvid:: setting root vid(s)... 
app::loadactvvertices:: loading active vertices... 
app::generatevmaskdata:: generating vmask... 
app::loadoffsetmarkers:: loading offset markers... 
app::loadmessages:: loading messages... 
[globalparams.BASEOFFSET_MESSAGESDATA: 0]
[globalparams.BASEOFFSETKVS_MESSAGESDATA: 0]
[globalparams.BASEOFFSET_EDGESDATA: 8192]
[globalparams.BASEOFFSETKVS_EDGESDATA: 1024]
[globalparams.BASEOFFSET_VERTEXPTR: 3983912]
[globalparams.BASEOFFSETKVS_VERTEXPTR: 497989]
[globalparams.BASEOFFSET_VERTICESDATA: 6146600]
[globalparams.BASEOFFSETKVS_VERTICESDATA: 768325]
[globalparams.BASEOFFSET_ACTIVEVERTICES: 8243752]
[globalparams.BASEOFFSETKVS_ACTIVEVERTICES: 1030469]
[globalparams.BASEOFFSET_VERTICESDATAMASK: 8243752]
[globalparams.BASEOFFSETKVS_VERTICESDATAMASK: 1030469]
[globalparams.BASEOFFSET_VERTICESPARTITIONMASK : 8374824]
[globalparams.BASEOFFSETKVS_VERTICESPARTITIONMASK: 1046853]
[globalparams.BASEOFFSET_STATSDRAM: 8378920]
[globalparams.BASEOFFSETKVS_STATSDRAM: 1047365]
[globalparams.BASEOFFSET_KVDRAM: 8903208]
[globalparams.BASEOFFSETKVS_KVDRAM: 1112901]
[globalparams.BASEOFFSET_KVDRAMWORKSPACE: 16724336]
[globalparams.BASEOFFSETKVS_KVDRAMWORKSPACE: 2090542]
[globalparams.SIZE_MESSAGESDRAM: 0]
[globalparams.SIZE_EDGES: 7821368]
[globalparams.SIZE_VERTEXPTRS: 4194304]
[globalparams.SIZE_VERTICESDATA: 4194304]
[globalparams.SIZE_ACTIVEVERTICES: 0]
[globalparams.SIZE_VERTICESDATAMASK: 131072]
[globalparams.SIZE_KVSTATSDRAM: 65536]
[globalparams.SIZE_KVDRAM: 7821128]
[globalparams.SIZE_KVDRAMWORKSPACE: 7821128]
[1m[37m>> host[sizes]:: PADDEDKVSOURCEDRAMSZ (keyvalues): 33554432 keyvalues[0m
[1m[37m>> host[bytes]:: PADDEDKVSOURCEDRAMSZ (bytes): 268435456 bytes[0m
[1m[37m>> host[sizes]:: valid PADDEDKVSOURCEDRAMSZ (keyvalues): 24545464 keyvalues[0m
[1m[37m>> host[bytes]:: valid PADDEDKVSOURCEDRAMSZ (bytes): 196363712 bytes. (HBM max=268435456 bytes)[0m
loadmessages:: loading Acts... sizes: [[7820368, 7820368, 7820368, 7820368, 7820368, 7820368, 7820368, 7820368, 7820368, 7820368, 7820368, 7820368, 7820368, 7820368, 7820368, 7820368, 7820352, 7820352, 7820352, 7820352, 7820352, 7820352, 7820352, 7820352, 7820352, 7820352, 7820352, 7820352, 7820352, 7820352, 7820352, 7820352]]
loadmessages:: total sizes: 250251520
app::appendkeyvaluecount:: appending value count... 
app::experiements: resetting kvdram & kvdram workspaces...

utility::runsssp_sw:: running traditional sssp... 
utility::runsssp_sw: number of active vertices for iteration 0: 0
utility::runsssp_sw: number of active vertices for iteration 1: 12
utility::runsssp_sw: number of active vertices for iteration 2: 460
utility::runsssp_sw: number of active vertices for iteration 3: 25400
utility::runsssp_sw: number of active vertices for iteration 4: 728870
utility::runsssp_sw: number of active vertices for iteration 5: 2210225
utility::runsssp_sw: number of active vertices for iteration 6: 32166
utility::runsssp_sw: number of active vertices for iteration 7: 32
utility::runsssp_sw: number of active vertices for iteration 8: 0
no more activer vertices to process. breaking out... 
>>> utility::runsssp_sw: total_edges_processed: 212698418 edges (212 million edges)
>>> utility::runsssp_sw: total_time_elapsed: 4601 ms (4.601 s)
[1m[37m>>> utility::runsssp_sw: throughput: 4.62287e+07 edges/sec (46.2287 million edges/sec)[0m

[1m[37m>>> app::run_hw: app started. (1 active vertices)[0m
Found Platform
Platform Name: Xilinx
Found Device=xilinx_u280_xdma_201910_1
INFO: Reading /home/oj2zf/Documents/ActsOfAGraph/synkernels/goldenkernelprocsssp32HW240MHz.xclbin
Loading: '/home/oj2zf/Documents/ActsOfAGraph/synkernels/goldenkernelprocsssp32HW240MHz.xclbin'
INFO: Reading /home/oj2zf/Documents/ActsOfAGraph/synkernels/goldenkernelsync32HW240MHz.xclbin
Loading: '/home/oj2zf/Documents/ActsOfAGraph/synkernels/goldenkernelsync32HW240MHz.xclbin'
>>> goclkernel[actssync]:: running ACTS PROCESS (Iteration 0)...
>>> kernel (proc) 0 time elapsed: 0.635 ms, 635 microsecs, 
>>> kernel (proc) 1 time elapsed: 0.57 ms, 570 microsecs, 
>>> kernel (proc) 2 time elapsed: 0.62 ms, 620 microsecs, 
>>> kernel (proc) 3 time elapsed: 0.575 ms, 575 microsecs, 
>>> kernel (proc) 4 time elapsed: 0.613 ms, 613 microsecs, 
>>> kernel (proc) 5 time elapsed: 0.57 ms, 570 microsecs, 
>>> kernel (proc) 6 time elapsed: 0.577 ms, 577 microsecs, 
>>> kernel (proc) 7 time elapsed: 0.562 ms, 562 microsecs, 
>>> kernel (proc) 8 time elapsed: 0.62 ms, 620 microsecs, 
>>> kernel (proc) 9 time elapsed: 0.563 ms, 563 microsecs, 
>>> kernel (proc) 10 time elapsed: 0.613 ms, 613 microsecs, 
>>> kernel (proc) 11 time elapsed: 0.566 ms, 566 microsecs, 
>>> kernel (proc) 12 time elapsed: 0.607 ms, 607 microsecs, 
>>> kernel (proc) 13 time elapsed: 0.567 ms, 567 microsecs, 
>>> kernel (proc) 14 time elapsed: 0.608 ms, 608 microsecs, 
>>> kernel (proc) 15 time elapsed: 0.569 ms, 569 microsecs, 
>>> kernel (proc) 16 time elapsed: 0.61 ms, 610 microsecs, 
>>> kernel (proc) 17 time elapsed: 0.588 ms, 588 microsecs, 
>>> kernel (proc) 18 time elapsed: 0.611 ms, 611 microsecs, 
>>> kernel (proc) 19 time elapsed: 0.569 ms, 569 microsecs, 
>>> kernel (proc) 20 time elapsed: 0.571 ms, 571 microsecs, 
>>> kernel (proc) 21 time elapsed: 0.573 ms, 573 microsecs, 
>>> kernel (proc) 22 time elapsed: 0.631 ms, 631 microsecs, 
>>> kernel (proc) 23 time elapsed: 0.57 ms, 570 microsecs, 
>>> kernel (proc) 24 time elapsed: 0.569 ms, 569 microsecs, 
>>> kernel (proc) 25 time elapsed: 0.569 ms, 569 microsecs, 
>>> kernel (proc) 26 time elapsed: 0.61 ms, 610 microsecs, 
>>> kernel (proc) 27 time elapsed: 0.578 ms, 578 microsecs, 
>>> kernel (proc) 28 time elapsed: 0.61 ms, 610 microsecs, 
>>> kernel (proc) 29 time elapsed: 0.568 ms, 568 microsecs, 
>>> kernel (proc) 30 time elapsed: 0.607 ms, 607 microsecs, 
>>> kernel (proc) 31 time elapsed: 0.569 ms, 569 microsecs, 
>>> SUMMARY: kernel (proc) average time elapsed for Iteration 0: 0.455968(0.455968) ms, 0.506258(0.0502903) ms, 0.587194(0.0809355) ms, 
>>> goclkernel[actssync]:: running ACTS SYNCHRONZE (Iteration 0)

active partitions for iteration 1: 0, 
>>> goclkernel[actssync]:: running ACTS PROCESS (Iteration 1)...
>>> kernel (proc) 0 time elapsed: 0.587 ms, 587 microsecs, 
>>> kernel (proc) 1 time elapsed: 0.552 ms, 552 microsecs, 
>>> kernel (proc) 2 time elapsed: 0.611 ms, 611 microsecs, 
>>> kernel (proc) 3 time elapsed: 0.56 ms, 560 microsecs, 
>>> kernel (proc) 4 time elapsed: 0.599 ms, 599 microsecs, 
>>> kernel (proc) 5 time elapsed: 0.552 ms, 552 microsecs, 
>>> kernel (proc) 6 time elapsed: 0.611 ms, 611 microsecs, 
>>> kernel (proc) 7 time elapsed: 0.523 ms, 523 microsecs, 
>>> kernel (proc) 8 time elapsed: 0.672 ms, 672 microsecs, 
>>> kernel (proc) 9 time elapsed: 0.58 ms, 580 microsecs, 
>>> kernel (proc) 10 time elapsed: 0.628 ms, 628 microsecs, 
>>> kernel (proc) 11 time elapsed: 0.579 ms, 579 microsecs, 
>>> kernel (proc) 12 time elapsed: 0.62 ms, 620 microsecs, 
>>> kernel (proc) 13 time elapsed: 0.575 ms, 575 microsecs, 
>>> kernel (proc) 14 time elapsed: 0.624 ms, 624 microsecs, 
>>> kernel (proc) 15 time elapsed: 0.576 ms, 576 microsecs, 
>>> kernel (proc) 16 time elapsed: 0.621 ms, 621 microsecs, 
>>> kernel (proc) 17 time elapsed: 0.606 ms, 606 microsecs, 
>>> kernel (proc) 18 time elapsed: 0.62 ms, 620 microsecs, 
>>> kernel (proc) 19 time elapsed: 0.58 ms, 580 microsecs, 
>>> kernel (proc) 20 time elapsed: 0.623 ms, 623 microsecs, 
>>> kernel (proc) 21 time elapsed: 0.579 ms, 579 microsecs, 
>>> kernel (proc) 22 time elapsed: 0.625 ms, 625 microsecs, 
>>> kernel (proc) 23 time elapsed: 0.578 ms, 578 microsecs, 
>>> kernel (proc) 24 time elapsed: 0.58 ms, 580 microsecs, 
>>> kernel (proc) 25 time elapsed: 0.589 ms, 589 microsecs, 
>>> kernel (proc) 26 time elapsed: 0.628 ms, 628 microsecs, 
>>> kernel (proc) 27 time elapsed: 0.592 ms, 592 microsecs, 
>>> kernel (proc) 28 time elapsed: 0.628 ms, 628 microsecs, 
>>> kernel (proc) 29 time elapsed: 0.582 ms, 582 microsecs, 
>>> kernel (proc) 30 time elapsed: 0.627 ms, 627 microsecs, 
>>> kernel (proc) 31 time elapsed: 0.604 ms, 604 microsecs, 
>>> SUMMARY: kernel (proc) average time elapsed for Iteration 1: 0.488355(0.488355) ms, 0.492419(0.00406452) ms, 0.597548(0.105129) ms, 
>>> goclkernel[actssync]:: running ACTS SYNCHRONZE (Iteration 1)

active partitions for iteration 2: 0, 1, 
>>> goclkernel[actssync]:: running ACTS PROCESS (Iteration 2)...
>>> kernel (proc) 0 time elapsed: 1.269 ms, 1269 microsecs, 
>>> kernel (proc) 1 time elapsed: 1.261 ms, 1261 microsecs, 
>>> kernel (proc) 2 time elapsed: 1.289 ms, 1289 microsecs, 
>>> kernel (proc) 3 time elapsed: 1.397 ms, 1397 microsecs, 
>>> kernel (proc) 4 time elapsed: 1.456 ms, 1456 microsecs, 
>>> kernel (proc) 5 time elapsed: 1.318 ms, 1318 microsecs, 
>>> kernel (proc) 6 time elapsed: 1.314 ms, 1314 microsecs, 
>>> kernel (proc) 7 time elapsed: 1.242 ms, 1242 microsecs, 
>>> kernel (proc) 8 time elapsed: 1.362 ms, 1362 microsecs, 
>>> kernel (proc) 9 time elapsed: 1.334 ms, 1334 microsecs, 
>>> kernel (proc) 10 time elapsed: 1.345 ms, 1345 microsecs, 
>>> kernel (proc) 11 time elapsed: 1.317 ms, 1317 microsecs, 
>>> kernel (proc) 12 time elapsed: 1.209 ms, 1209 microsecs, 
>>> kernel (proc) 13 time elapsed: 1.319 ms, 1319 microsecs, 
>>> kernel (proc) 14 time elapsed: 1.296 ms, 1296 microsecs, 
>>> kernel (proc) 15 time elapsed: 1.456 ms, 1456 microsecs, 
>>> kernel (proc) 16 time elapsed: 1.355 ms, 1355 microsecs, 
>>> kernel (proc) 17 time elapsed: 1.285 ms, 1285 microsecs, 
>>> kernel (proc) 18 time elapsed: 1.367 ms, 1367 microsecs, 
>>> kernel (proc) 19 time elapsed: 1.255 ms, 1255 microsecs, 
>>> kernel (proc) 20 time elapsed: 1.338 ms, 1338 microsecs, 
>>> kernel (proc) 21 time elapsed: 1.278 ms, 1278 microsecs, 
>>> kernel (proc) 22 time elapsed: 1.182 ms, 1182 microsecs, 
>>> kernel (proc) 23 time elapsed: 1.353 ms, 1353 microsecs, 
>>> kernel (proc) 24 time elapsed: 1.189 ms, 1189 microsecs, 
>>> kernel (proc) 25 time elapsed: 1.317 ms, 1317 microsecs, 
>>> kernel (proc) 26 time elapsed: 1.375 ms, 1375 microsecs, 
>>> kernel (proc) 27 time elapsed: 1.314 ms, 1314 microsecs, 
>>> kernel (proc) 28 time elapsed: 1.217 ms, 1217 microsecs, 
>>> kernel (proc) 29 time elapsed: 1.352 ms, 1352 microsecs, 
>>> kernel (proc) 30 time elapsed: 1.29 ms, 1290 microsecs, 
>>> kernel (proc) 31 time elapsed: 1.365 ms, 1365 microsecs, 
>>> SUMMARY: kernel (proc) average time elapsed for Iteration 2: 0.51929(0.51929) ms, 0.603419(0.084129) ms, 1.31442(0.711) ms, 
>>> goclkernel[actssync]:: running ACTS SYNCHRONZE (Iteration 2)

active partitions for iteration 3: 0, 1, 2, 3, 4, 5, 6, 7, 8, 9, 10, 11, 12, 13, 14, 15, 16, 17, 18, 19, 20, 21, 22, 23, 24, 25, 26, 27, 28, 29, 30, 31, 32, 33, 34, 35, 36, 37, 38, 39, 40, 41, 42, 43, 44, 45, 46, 47, 48, 
>>> goclkernel[actssync]:: running ACTS PROCESS (Iteration 3)...
>>> kernel (proc) 0 time elapsed: 7.008 ms, 7008 microsecs, 
>>> kernel (proc) 1 time elapsed: 6.943 ms, 6943 microsecs, 
>>> kernel (proc) 2 time elapsed: 7.006 ms, 7006 microsecs, 
>>> kernel (proc) 3 time elapsed: 6.993 ms, 6993 microsecs, 
>>> kernel (proc) 4 time elapsed: 6.991 ms, 6991 microsecs, 
>>> kernel (proc) 5 time elapsed: 7.001 ms, 7001 microsecs, 
>>> kernel (proc) 6 time elapsed: 7.003 ms, 7003 microsecs, 
>>> kernel (proc) 7 time elapsed: 7.001 ms, 7001 microsecs, 
>>> kernel (proc) 8 time elapsed: 7.003 ms, 7003 microsecs, 
>>> kernel (proc) 9 time elapsed: 7.019 ms, 7019 microsecs, 
>>> kernel (proc) 10 time elapsed: 7.02 ms, 7020 microsecs, 
>>> kernel (proc) 11 time elapsed: 6.955 ms, 6955 microsecs, 
>>> kernel (proc) 12 time elapsed: 7.038 ms, 7038 microsecs, 
>>> kernel (proc) 13 time elapsed: 6.995 ms, 6995 microsecs, 
>>> kernel (proc) 14 time elapsed: 6.988 ms, 6988 microsecs, 
>>> kernel (proc) 15 time elapsed: 7.017 ms, 7017 microsecs, 
>>> kernel (proc) 16 time elapsed: 7.023 ms, 7023 microsecs, 
>>> kernel (proc) 17 time elapsed: 6.988 ms, 6988 microsecs, 
>>> kernel (proc) 18 time elapsed: 7.017 ms, 7017 microsecs, 
>>> kernel (proc) 19 time elapsed: 6.986 ms, 6986 microsecs, 
>>> kernel (proc) 20 time elapsed: 7.019 ms, 7019 microsecs, 
>>> kernel (proc) 21 time elapsed: 6.929 ms, 6929 microsecs, 
>>> kernel (proc) 22 time elapsed: 7.02 ms, 7020 microsecs, 
>>> kernel (proc) 23 time elapsed: 6.949 ms, 6949 microsecs, 
>>> kernel (proc) 24 time elapsed: 6.989 ms, 6989 microsecs, 
>>> kernel (proc) 25 time elapsed: 6.961 ms, 6961 microsecs, 
>>> kernel (proc) 26 time elapsed: 7.019 ms, 7019 microsecs, 
>>> kernel (proc) 27 time elapsed: 6.984 ms, 6984 microsecs, 
>>> kernel (proc) 28 time elapsed: 7.007 ms, 7007 microsecs, 
>>> kernel (proc) 29 time elapsed: 6.966 ms, 6966 microsecs, 
>>> kernel (proc) 30 time elapsed: 7 ms, 7000 microsecs, 
>>> kernel (proc) 31 time elapsed: 6.91 ms, 6910 microsecs, 
>>> SUMMARY: kernel (proc) average time elapsed for Iteration 3: 3.22539(3.22539) ms, 3.73323(0.507839) ms, 6.99161(3.25839) ms, 
>>> goclkernel[actssync]:: running ACTS SYNCHRONZE (Iteration 3)

active partitions for iteration 4: 0, 1, 2, 3, 4, 5, 6, 7, 8, 9, 10, 11, 12, 13, 14, 15, 16, 17, 18, 19, 20, 21, 22, 23, 24, 25, 26, 27, 28, 29, 30, 31, 32, 33, 34, 35, 36, 37, 38, 39, 40, 41, 42, 43, 44, 45, 46, 47, 48, 49, 50, 51, 52, 53, 54, 55, 56, 57, 58, 59, 60, 61, 62, 63, 64, 65, 66, 67, 68, 69, 70, 71, 72, 73, 74, 75, 76, 77, 78, 79, 80, 81, 82, 83, 84, 85, 86, 87, 88, 89, 90, 91, 92, 93, 94, 95, 96, 97, 98, 99, 100, 101, 102, 103, 104, 105, 106, 107, 108, 109, 110, 111, 112, 113, 114, 115, 116, 117, 118, 119, 120, 121, 122, 123, 124, 125, 126, 127, 128, 129, 130, 131, 132, 133, 134, 135, 136, 137, 138, 139, 140, 141, 142, 143, 144, 145, 146, 147, 148, 149, 150, 151, 152, 153, 154, 155, 156, 157, 158, 159, 160, 161, 162, 163, 164, 165, 166, 167, 168, 169, 170, 171, 172, 173, 174, 175, 176, 177, 178, 179, 180, 181, 182, 
>>> goclkernel[actssync]:: running ACTS PROCESS (Iteration 4)...
>>> kernel (proc) 0 time elapsed: 34.929 ms, 34929 microsecs, 
>>> kernel (proc) 1 time elapsed: 34.798 ms, 34798 microsecs, 
>>> kernel (proc) 2 time elapsed: 34.81 ms, 34810 microsecs, 
>>> kernel (proc) 3 time elapsed: 34.793 ms, 34793 microsecs, 
>>> kernel (proc) 4 time elapsed: 34.858 ms, 34858 microsecs, 
>>> kernel (proc) 5 time elapsed: 34.823 ms, 34823 microsecs, 
>>> kernel (proc) 6 time elapsed: 34.874 ms, 34874 microsecs, 
>>> kernel (proc) 7 time elapsed: 34.76 ms, 34760 microsecs, 
>>> kernel (proc) 8 time elapsed: 34.814 ms, 34814 microsecs, 
>>> kernel (proc) 9 time elapsed: 34.819 ms, 34819 microsecs, 
>>> kernel (proc) 10 time elapsed: 34.709 ms, 34709 microsecs, 
>>> kernel (proc) 11 time elapsed: 34.75 ms, 34750 microsecs, 
>>> kernel (proc) 12 time elapsed: 34.799 ms, 34799 microsecs, 
>>> kernel (proc) 13 time elapsed: 34.783 ms, 34783 microsecs, 
>>> kernel (proc) 14 time elapsed: 34.824 ms, 34824 microsecs, 
>>> kernel (proc) 15 time elapsed: 34.729 ms, 34729 microsecs, 
>>> kernel (proc) 16 time elapsed: 34.79 ms, 34790 microsecs, 
>>> kernel (proc) 17 time elapsed: 34.784 ms, 34784 microsecs, 
>>> kernel (proc) 18 time elapsed: 34.721 ms, 34721 microsecs, 
>>> kernel (proc) 19 time elapsed: 34.746 ms, 34746 microsecs, 
>>> kernel (proc) 20 time elapsed: 34.801 ms, 34801 microsecs, 
>>> kernel (proc) 21 time elapsed: 34.746 ms, 34746 microsecs, 
>>> kernel (proc) 22 time elapsed: 34.794 ms, 34794 microsecs, 
>>> kernel (proc) 23 time elapsed: 34.753 ms, 34753 microsecs, 
>>> kernel (proc) 24 time elapsed: 34.818 ms, 34818 microsecs, 
>>> kernel (proc) 25 time elapsed: 34.74 ms, 34740 microsecs, 
>>> kernel (proc) 26 time elapsed: 34.801 ms, 34801 microsecs, 
>>> kernel (proc) 27 time elapsed: 34.742 ms, 34742 microsecs, 
>>> kernel (proc) 28 time elapsed: 34.779 ms, 34779 microsecs, 
>>> kernel (proc) 29 time elapsed: 34.78 ms, 34780 microsecs, 
>>> kernel (proc) 30 time elapsed: 34.818 ms, 34818 microsecs, 
>>> kernel (proc) 31 time elapsed: 34.744 ms, 34744 microsecs, 
>>> SUMMARY: kernel (proc) average time elapsed for Iteration 4: 14.5867(14.5867) ms, 21.7505(7.16377) ms, 34.7839(13.0334) ms, 
>>> goclkernel[actssync]:: running ACTS SYNCHRONZE (Iteration 4)

active partitions for iteration 5: 0, 1, 2, 3, 4, 5, 6, 7, 8, 9, 10, 11, 12, 13, 14, 15, 16, 17, 18, 19, 20, 21, 22, 23, 24, 25, 26, 27, 28, 29, 30, 31, 32, 33, 34, 35, 36, 37, 38, 39, 40, 41, 42, 43, 44, 45, 46, 47, 48, 49, 50, 51, 52, 53, 54, 55, 56, 57, 58, 59, 60, 61, 62, 63, 64, 65, 66, 67, 68, 69, 70, 71, 72, 73, 74, 75, 76, 77, 78, 79, 80, 81, 82, 83, 84, 85, 86, 87, 88, 89, 90, 91, 92, 93, 94, 95, 96, 97, 98, 99, 100, 101, 102, 103, 104, 105, 106, 107, 108, 109, 110, 111, 112, 113, 114, 115, 116, 117, 118, 119, 120, 121, 122, 123, 124, 125, 126, 127, 128, 129, 130, 131, 132, 133, 134, 135, 136, 137, 138, 139, 140, 141, 142, 143, 144, 145, 146, 147, 148, 149, 150, 151, 152, 153, 154, 155, 156, 157, 158, 159, 160, 161, 162, 163, 164, 165, 166, 167, 168, 169, 170, 171, 172, 173, 174, 175, 176, 177, 178, 179, 180, 181, 182, 
>>> goclkernel[actssync]:: running ACTS PROCESS (Iteration 5)...
>>> kernel (proc) 0 time elapsed: 52.453 ms, 52453 microsecs, 
>>> kernel (proc) 1 time elapsed: 52.391 ms, 52391 microsecs, 
>>> kernel (proc) 2 time elapsed: 52.388 ms, 52388 microsecs, 
>>> kernel (proc) 3 time elapsed: 52.488 ms, 52488 microsecs, 
>>> kernel (proc) 4 time elapsed: 52.426 ms, 52426 microsecs, 
>>> kernel (proc) 5 time elapsed: 52.419 ms, 52419 microsecs, 
>>> kernel (proc) 6 time elapsed: 52.378 ms, 52378 microsecs, 
>>> kernel (proc) 7 time elapsed: 52.414 ms, 52414 microsecs, 
>>> kernel (proc) 8 time elapsed: 52.444 ms, 52444 microsecs, 
>>> kernel (proc) 9 time elapsed: 52.456 ms, 52456 microsecs, 
>>> kernel (proc) 10 time elapsed: 52.394 ms, 52394 microsecs, 
>>> kernel (proc) 11 time elapsed: 52.498 ms, 52498 microsecs, 
>>> kernel (proc) 12 time elapsed: 52.412 ms, 52412 microsecs, 
>>> kernel (proc) 13 time elapsed: 52.472 ms, 52472 microsecs, 
>>> kernel (proc) 14 time elapsed: 52.412 ms, 52412 microsecs, 
>>> kernel (proc) 15 time elapsed: 52.477 ms, 52477 microsecs, 
>>> kernel (proc) 16 time elapsed: 52.382 ms, 52382 microsecs, 
>>> kernel (proc) 17 time elapsed: 52.446 ms, 52446 microsecs, 
>>> kernel (proc) 18 time elapsed: 52.348 ms, 52348 microsecs, 
>>> kernel (proc) 19 time elapsed: 52.386 ms, 52386 microsecs, 
>>> kernel (proc) 20 time elapsed: 52.405 ms, 52405 microsecs, 
>>> kernel (proc) 21 time elapsed: 52.415 ms, 52415 microsecs, 
>>> kernel (proc) 22 time elapsed: 52.428 ms, 52428 microsecs, 
>>> kernel (proc) 23 time elapsed: 52.438 ms, 52438 microsecs, 
>>> kernel (proc) 24 time elapsed: 52.374 ms, 52374 microsecs, 
>>> kernel (proc) 25 time elapsed: 52.378 ms, 52378 microsecs, 
>>> kernel (proc) 26 time elapsed: 52.343 ms, 52343 microsecs, 
>>> kernel (proc) 27 time elapsed: 52.338 ms, 52338 microsecs, 
>>> kernel (proc) 28 time elapsed: 52.317 ms, 52317 microsecs, 
>>> kernel (proc) 29 time elapsed: 52.386 ms, 52386 microsecs, 
>>> kernel (proc) 30 time elapsed: 52.34 ms, 52340 microsecs, 
>>> kernel (proc) 31 time elapsed: 52.331 ms, 52331 microsecs, 
>>> SUMMARY: kernel (proc) average time elapsed for Iteration 5: 18.2109(18.2109) ms, 30.4899(12.279) ms, 52.404(21.9141) ms, 
>>> goclkernel[actssync]:: running ACTS SYNCHRONZE (Iteration 5)

active partitions for iteration 6: 3, 4, 5, 6, 7, 8, 9, 10, 11, 12, 13, 14, 15, 16, 17, 18, 19, 20, 21, 22, 24, 25, 26, 27, 28, 29, 30, 31, 32, 33, 34, 35, 36, 37, 38, 39, 40, 41, 42, 43, 44, 45, 46, 47, 48, 49, 50, 51, 52, 53, 54, 55, 56, 57, 58, 59, 60, 61, 62, 63, 64, 65, 66, 67, 68, 69, 70, 71, 72, 73, 74, 75, 76, 77, 78, 79, 80, 81, 82, 83, 84, 85, 86, 87, 88, 89, 90, 91, 92, 93, 94, 95, 96, 97, 98, 99, 100, 101, 102, 103, 104, 105, 106, 107, 108, 109, 110, 111, 112, 113, 114, 115, 116, 117, 118, 119, 120, 121, 122, 123, 124, 125, 126, 127, 128, 129, 130, 131, 132, 133, 134, 135, 136, 137, 138, 139, 140, 141, 142, 143, 144, 145, 146, 147, 148, 149, 150, 151, 152, 153, 154, 155, 156, 157, 158, 159, 160, 161, 162, 163, 164, 165, 166, 167, 168, 169, 170, 171, 172, 173, 174, 175, 176, 177, 178, 179, 180, 181, 182, 
>>> goclkernel[actssync]:: running ACTS PROCESS (Iteration 6)...
>>> kernel (proc) 0 time elapsed: 11.283 ms, 11283 microsecs, 
>>> kernel (proc) 1 time elapsed: 11.178 ms, 11178 microsecs, 
>>> kernel (proc) 2 time elapsed: 11.244 ms, 11244 microsecs, 
>>> kernel (proc) 3 time elapsed: 11.312 ms, 11312 microsecs, 
>>> kernel (proc) 4 time elapsed: 11.287 ms, 11287 microsecs, 
>>> kernel (proc) 5 time elapsed: 11.269 ms, 11269 microsecs, 
>>> kernel (proc) 6 time elapsed: 11.275 ms, 11275 microsecs, 
>>> kernel (proc) 7 time elapsed: 11.28 ms, 11280 microsecs, 
>>> kernel (proc) 8 time elapsed: 11.282 ms, 11282 microsecs, 
>>> kernel (proc) 9 time elapsed: 11.274 ms, 11274 microsecs, 
>>> kernel (proc) 10 time elapsed: 11.273 ms, 11273 microsecs, 
>>> kernel (proc) 11 time elapsed: 11.239 ms, 11239 microsecs, 
>>> kernel (proc) 12 time elapsed: 11.303 ms, 11303 microsecs, 
>>> kernel (proc) 13 time elapsed: 11.254 ms, 11254 microsecs, 
>>> kernel (proc) 14 time elapsed: 11.28 ms, 11280 microsecs, 
>>> kernel (proc) 15 time elapsed: 11.237 ms, 11237 microsecs, 
>>> kernel (proc) 16 time elapsed: 11.264 ms, 11264 microsecs, 
>>> kernel (proc) 17 time elapsed: 11.263 ms, 11263 microsecs, 
>>> kernel (proc) 18 time elapsed: 11.253 ms, 11253 microsecs, 
>>> kernel (proc) 19 time elapsed: 11.057 ms, 11057 microsecs, 
>>> kernel (proc) 20 time elapsed: 11.242 ms, 11242 microsecs, 
>>> kernel (proc) 21 time elapsed: 11.288 ms, 11288 microsecs, 
>>> kernel (proc) 22 time elapsed: 11.285 ms, 11285 microsecs, 
>>> kernel (proc) 23 time elapsed: 11.263 ms, 11263 microsecs, 
>>> kernel (proc) 24 time elapsed: 11.259 ms, 11259 microsecs, 
>>> kernel (proc) 25 time elapsed: 11.293 ms, 11293 microsecs, 
>>> kernel (proc) 26 time elapsed: 11.249 ms, 11249 microsecs, 
>>> kernel (proc) 27 time elapsed: 11.259 ms, 11259 microsecs, 
>>> kernel (proc) 28 time elapsed: 11.275 ms, 11275 microsecs, 
>>> kernel (proc) 29 time elapsed: 11.305 ms, 11305 microsecs, 
>>> kernel (proc) 30 time elapsed: 11.279 ms, 11279 microsecs, 
>>> kernel (proc) 31 time elapsed: 11.278 ms, 11278 microsecs, 
>>> SUMMARY: kernel (proc) average time elapsed for Iteration 6: 8.3041(8.3041) ms, 8.56452(0.260419) ms, 11.2613(2.69674) ms, 
>>> goclkernel[actssync]:: running ACTS SYNCHRONZE (Iteration 6)

active partitions for iteration 7: 56, 74, 90, 93, 107, 110, 121, 123, 124, 128, 129, 130, 134, 135, 136, 141, 142, 145, 146, 148, 149, 153, 154, 155, 156, 175, 176, 177, 
>>> goclkernel[actssync]:: running ACTS PROCESS (Iteration 7)...
>>> kernel (proc) 0 time elapsed: 1.581 ms, 1581 microsecs, 
>>> kernel (proc) 1 time elapsed: 1.644 ms, 1644 microsecs, 
>>> kernel (proc) 2 time elapsed: 1.695 ms, 1695 microsecs, 
>>> kernel (proc) 3 time elapsed: 1.626 ms, 1626 microsecs, 
>>> kernel (proc) 4 time elapsed: 1.625 ms, 1625 microsecs, 
>>> kernel (proc) 5 time elapsed: 1.634 ms, 1634 microsecs, 
>>> kernel (proc) 6 time elapsed: 1.647 ms, 1647 microsecs, 
>>> kernel (proc) 7 time elapsed: 1.614 ms, 1614 microsecs, 
>>> kernel (proc) 8 time elapsed: 1.623 ms, 1623 microsecs, 
>>> kernel (proc) 9 time elapsed: 1.564 ms, 1564 microsecs, 
>>> kernel (proc) 10 time elapsed: 1.624 ms, 1624 microsecs, 
>>> kernel (proc) 11 time elapsed: 1.609 ms, 1609 microsecs, 
>>> kernel (proc) 12 time elapsed: 1.649 ms, 1649 microsecs, 
>>> kernel (proc) 13 time elapsed: 1.6 ms, 1600 microsecs, 
>>> kernel (proc) 14 time elapsed: 1.62 ms, 1620 microsecs, 
>>> kernel (proc) 15 time elapsed: 1.646 ms, 1646 microsecs, 
>>> kernel (proc) 16 time elapsed: 1.546 ms, 1546 microsecs, 
>>> kernel (proc) 17 time elapsed: 1.653 ms, 1653 microsecs, 
>>> kernel (proc) 18 time elapsed: 1.617 ms, 1617 microsecs, 
>>> kernel (proc) 19 time elapsed: 1.611 ms, 1611 microsecs, 
>>> kernel (proc) 20 time elapsed: 1.648 ms, 1648 microsecs, 
>>> kernel (proc) 21 time elapsed: 1.606 ms, 1606 microsecs, 
>>> kernel (proc) 22 time elapsed: 1.65 ms, 1650 microsecs, 
>>> kernel (proc) 23 time elapsed: 1.629 ms, 1629 microsecs, 
>>> kernel (proc) 24 time elapsed: 1.646 ms, 1646 microsecs, 
>>> kernel (proc) 25 time elapsed: 1.604 ms, 1604 microsecs, 
>>> kernel (proc) 26 time elapsed: 1.634 ms, 1634 microsecs, 
>>> kernel (proc) 27 time elapsed: 1.613 ms, 1613 microsecs, 
>>> kernel (proc) 28 time elapsed: 1.586 ms, 1586 microsecs, 
>>> kernel (proc) 29 time elapsed: 1.602 ms, 1602 microsecs, 
>>> kernel (proc) 30 time elapsed: 1.622 ms, 1622 microsecs, 
>>> kernel (proc) 31 time elapsed: 1.607 ms, 1607 microsecs, 
>>> SUMMARY: kernel (proc) average time elapsed for Iteration 7: 1.44739(1.44739) ms, 1.5149(0.0675161) ms, 1.62239(0.107484) ms, 
>>> goclkernel[actssync]:: running ACTS SYNCHRONZE (Iteration 7)

active partitions for iteration 8: 
goclkernel::runapp2: no more active vertices to process. exiting... 
[1m[37m>>> SUMMARY: Total kernel time: 109.562 ms[0m
0.0263177, 0.238614, 0.148266, [Iter 0 throughput: 0.0204362]
1.18766, 142.698, 5.51703, [Iter 1 throughput: 0.970633]
74.313, 458.7, 54.2757, [Iter 2 throughput: 29.359]
1021.46, 6487.53, 1011.12, [Iter 3 throughput: 471.224]
5065.39, 10314.1, 5669.11, [Iter 4 throughput: 2124.19]
7418.97, 11003, 6165.24, [Iter 5 throughput: 2578.16]
44.6924, 1425.12, 137.622, [Iter 6 throughput: 32.9564]
0.0359268, 0.770186, 0.483794, [Iter 7 throughput: 0.0320515]
>>> app::run_hw: total_edges_processed: 212698418 edges (212 million edges)
>>> app::run_hw: total_time_elapsed: 109.562 ms (0.109562 s)
[1m[37m>>> app::run_hw: throughput: 1.94135e+09 edges/sec (1941.35 million edges/sec)[0m

utility::runsssp_sw:: running traditional sssp... 
utility::runsssp_sw: number of active vertices for iteration 0: 0
utility::runsssp_sw: number of active vertices for iteration 1: 12
utility::runsssp_sw: number of active vertices for iteration 2: 460
utility::runsssp_sw: number of active vertices for iteration 3: 25400
utility::runsssp_sw: number of active vertices for iteration 4: 728870
utility::runsssp_sw: number of active vertices for iteration 5: 2210225
utility::runsssp_sw: number of active vertices for iteration 6: 32166
utility::runsssp_sw: number of active vertices for iteration 7: 32
utility::runsssp_sw: number of active vertices for iteration 8: 0
no more activer vertices to process. breaking out... 
>>> utility::runsssp_sw: total_edges_processed: 212698418 edges (212 million edges)
>>> utility::runsssp_sw: total_time_elapsed: 6704 ms (6.704 s)
[1m[37m>>> utility::runsssp_sw: throughput: 3.17271e+07 edges/sec (31.7271 million edges/sec)[0m

app::verifyresults_hw: verifying vertex data... 
utility::printvalues::app::verifyresults_hw.vdatas: verifying results after kernel run:: printing first 16 values
values[0]: 1
values[1]: 12
values[2]: 460
values[3]: 25399
values[4]: 728863
values[5]: 2210230
values[6]: 32167
values[7]: 32
values[8]: 0
values[9]: 0
values[10]: 0
values[11]: 0
values[12]: 0
values[13]: 0
values[14]: 0
values[15]: 0
printvalues:: total values: totalvalues: 2997164
graph::closetemporaryfilesforwriting : close temporary files for writing...
graph::closetemporaryfilesforreading : close files for reading...
graph::closefilesforreading : close files for reading...
=== STATS::TIMING AND SUMMARY RESULTS FOR ITERATION: 666 === 
>>> stats::summary Total number of kvReads in bank [0]: 250251520
>>> stats::summary Total number of kvReads for all threads: 250251520
>>> stats::summary Total time spent (SSD access): 0 milliseconds
>>> stats::summary Total time spent (SSD access): 0 seconds
>>> stats::summary Total time spent (OCL data transfers): 0 milliseconds
>>> stats::summary Total time spent (OCL data transfers): 0 seconds
>>> stats::summary Total time spent (Kernel Pre Process execution): 0 milliseconds
>>> stats::summary Total time spent (Kernel Pre Process execution): 0 seconds
>>> stats::summary Total time spent (Kernel execution): 0 milliseconds
>>> stats::summary Total time spent (Kernel execution): 0 seconds
>>> stats::summary Total time spent (Kernel Post Process execution): 0 milliseconds
>>> stats::summary Total time spent (Kernel Post Process execution): 0 seconds
>>> stats::summary Total time spent (Overall Kernel execution): 0 milliseconds
>>> stats::summary Total time spent (Overall Kernel execution): 0 seconds
>>> stats::summary Total time spent (Overall processing): 0 milliseconds
>>> stats::summary Total time spent (Overall processing): 0 seconds
>>> stats::summary Total time spent (Overall processing excluding SSD & OCL data transfers): 0 milliseconds
>>> stats::summary Total time spent (Overall processing excluding SSD & OCL data transfers): 0 seconds
>>> stats::summary Throughput (Kernel processing): inf keyvalues per second
>>> stats::summary Throughput (Kernel processing): inf million keyvalues per second
>>> stats::summary Throughput (Kernel processing): inf MB/s
>>> stats::summary Throughput (Overall processing): inf keyvalues per second
>>> stats::summary Throughput (Overall processing): inf million keyvalues per second
>>> stats::summary Throughput (Overall processing): inf MB/s
>>> stats::summary Throughput (Overall processing excluding SSD & OCL data transfers): inf keyvalues per second
>>> stats::summary Throughput (Overall processing excluding SSD & OCL data transfers): inf million keyvalues per second

graph::printdataset: printing dataset parameters...
>>> graphtopname: soc-orkut
>>> graphname: soc-orkut_dup
>>> graph_path: /localtmp/oj2zf/dataset/soc-orkut/soc-orkut.mtx
>>> vertices_path: /localtmp/oj2zf/dataset/soc-orkut/soc-orkut.vertices
>>> edges_path: /localtmp/oj2zf/dataset/soc-orkut/soc-orkut.edges
>>> vertices_path_bin: /localtmp/oj2zf/dataset/soc-orkut/soc-orkut_bin.vertices
>>> edges_path_bin: /localtmp/oj2zf/dataset/soc-orkut/soc-orkut_bin.edges
>>> min_vertex: 0
>>> max_vertex: 2997166
>>> num_vertices: 2997166
>>> num_edges: 212698418
>>> graphdirectiontype: 5
>>> graphorder: 6
>>> skewratio: 666
TEST FINISHED
[1m[37m>>> HOSTPROCESS:: TIMING SUMMARY: TOTAL TIME ELAPSED: : Time Elapsed = 326682740218[nanao seconds](Iteration 666)[0m
[1m[37m>>> HOSTPROCESS:: TIMING SUMMARY: TOTAL TIME ELAPSED: : Time Elapsed = 326682740[micro seconds](Iteration 666)[0m
[1m[37m>>> HOSTPROCESS:: TIMING SUMMARY: TOTAL TIME ELAPSED: : Time Elapsed = 326682[milli seconds](Iteration 666)[0m
[1m[37m>>> HOSTPROCESS:: TIMING SUMMARY: TOTAL TIME ELAPSED: : Time Elapsed = 326[seconds](Iteration 666)[0m

