Hostprocess:: Graph Analytics Started...
utility:: USEHBMMEMORY DEFINED
utility:: NUMDRAMBANKS: 4
utility:: NUMWORKERS: 1
utility:: NUMSUBWORKERS: 1
utility:: NUM_PARTITIONS: 256
utility:: NUMSUBCPUTHREADS: 32
utility:: DATAWIDTH: 512
utility:: VECTOR_SIZE: 8
utility:: KVDATA_RANGE: 4194304
utility:: KVDATA_RANGE_POW: 22
utility:: BATCH_RANGE: 4194304
utility:: BATCH_RANGE_POW: 22
utility:: SRAMSZ_POW: 14
utility:: TREE_DEPTH: 1
utility:: KVDATA_RANGE_POW: 22
utility:: KVDATA_RANGE: 4194304
utility:: MESSAGES_SIZE: 1024
utility:: LOCKE DEFINED
utility:: sizeof(keyvalue_t): 8 bytes (64 bits)
utility:: sizeof(vertex_t): 4 bytes (32 bits)
utility:: sizeof(edge_t): 4 bytes (32 bits)
utility:: MESSAGESDRAMSZ: 1024
utility:: VERTEXPTRSSZ: 2162688
utility:: VERTEXPTRSSZ_KVS: 270336
utility:: VERTICESDATASZ: 2097152
utility:: VERTICESDATASZ_KVS: 262144
>> host[baseoffsets]:: BASEOFFSET_MESSAGESDATA: 0
>> host[baseoffsets]:: BASEOFFSET_MESSAGESDATA_KVS: 0
>> host[baseoffsets]:: KVSOURCEDRAMSZ: 33554432
>> host[baseoffsets]:: KVSOURCEDRAMSZ_KVS: 4194304
>> host[baseoffsets]:: PADDEDKVSOURCEDRAMSZ: 33554432
>> host[baseoffsets]:: PADDEDKVSOURCEDRAMSZ_KVS: 4194304
>> host[baseoffsets]:: VDRAMSZ: 33554432
>> host[baseoffsets]:: PADDEDVDRAMSZ: 33554432
>> host[baseoffsets]:: PADDEDVDRAMSZ_KVS: 4194304
>> host[sizes]:: MESSAGESDRAMSZ (keyvalues): 1024 keyvalues
>> host[sizes]:: VERTEXPTRSSZ (keyvalues): 2162688 keyvalues
>> host[sizes]:: VERTICESDATASZ (keyvalues): 2097152 keyvalues
>> host[sizes]:: ACTIVEVERTICESSZ (keyvalues): 0 keyvalues
>> host[sizes]:: VERTICESDATAMASKSZ (keyvalues): 131072 keyvalues
>> host[sizes]:: KVSTATSDRAMSZ (keyvalues): 4096 keyvalues
>> host[sizes]:: PADDEDVDRAMSZ (keyvalues): 33554432 keyvalues
>> host[sizes]:: PADDEDKVSOURCEDRAMSZ (keyvalues): 33554432 keyvalues
>> host[bytes]:: MESSAGESDRAMSZ (bytes): 8192 bytes
>> host[bytes]:: KVSTATSDRAMSZ (bytes): 32768 bytes
>> host[bytes]:: VERTEXPTRSSZ (bytes): 17301504 bytes
>> host[bytes]:: VERTICESDATASZ (bytes): 16777216 bytes
>> host[bytes]:: ACTIVEVERTICESSZ (bytes): 0 bytes
>> host[bytes]:: VERTICESDATAMASKSZ (bytes): 1048576 bytes
>> host[bytes]:: PADDEDVDRAMSZ (bytes): 268435456 bytes
>> host[bytes]:: PADDEDKVSOURCEDRAMSZ (bytes): 268435456 bytes
utility:: KVSTATSDRAMSZ: 4096
utility:: NUMLASTLEVELPARTITIONS: 256
utility:: REDUCESZ_POW: 10
utility:: REDUCESZ: 1024
utility:: REDUCEBUFFERSZ: 512
utility:: VMASKBUFFERSZ_KVS: 32
utility:: NUMLASTLEVELPARTITIONS: 256
utility:: FETFACTOR: 2
utility:: SRCBUFFER_SIZE: 1008
utility:: WORKBUFFER_SIZE: 752
utility:: SOURCEBLOCKRAM_SIZE: 1024
utility:: DESTBLOCKRAM_SIZE: 1024
utility:: ENABLE_KERNEL_PROFILING DEFINED: 
graph::graph constructor:: datasetid: 1, _numedgebanks: 1
graph::loadalldatasets:: 
graph::loadalldatasets finished. 
graph::printdataset: printing dataset parameters...
>>> graphtopname: soc-orkut
>>> graphname: soc-orkut_dup
>>> graph_path: /localtmp/oj2zf/dataset/soc-orkut/soc-orkut.mtx
>>> vertices_path: /localtmp/oj2zf/dataset/soc-orkut/soc-orkut.vertices
>>> edges_path: /localtmp/oj2zf/dataset/soc-orkut/soc-orkut.edges
>>> vertices_path_bin: /localtmp/oj2zf/dataset/soc-orkut/soc-orkut_bin.vertices
>>> edges_path_bin: /localtmp/oj2zf/dataset/soc-orkut/soc-orkut_bin.edges
>>> min_vertex: 0
>>> max_vertex: 2997166
>>> num_vertices: 2997166
>>> num_edges: 212698418
>>> graphdirectiontype: 6
>>> graphorder: 6
>>> graphgroup: 1
app::run_hw:: app algorithm started. 
graph::opentemporaryfilesforwriting : opening temporary files for writing...
Directory already exists.INFO: Successfully opened /localtmp/oj2zf/dataset/soc-orkut/soc-orkut_1by1/soc-orkut_dup.vdata
INFO: Successfully opened /localtmp/oj2zf/dataset/soc-orkut/soc-orkut_1by1/soc-orkut_dup.vproperties
graph::opentemporaryfilesforreading : opening temporary files for reading
INFO: Successfully opened /localtmp/oj2zf/dataset/soc-orkut/soc-orkut_1by1/soc-orkut_dup.vdata
INFO: Successfully opened /localtmp/oj2zf/dataset/soc-orkut/soc-orkut_1by1/soc-orkut_dup.vproperties
generating vertices data... 
graph::openfilesforreading : opening files for reading
INFO: Successfully opened /localtmp/oj2zf/dataset/soc-orkut/soc-orkut_1by1/soc-orkut_dup_0_0.vertexptrs
INFO: Successfully opened /localtmp/oj2zf/dataset/soc-orkut/soc-orkut_1by1/soc-orkut_dup_0_0.vertexptrs
INFO: Successfully opened /localtmp/oj2zf/dataset/soc-orkut/soc-orkut_1by1/soc-orkut_dup_0_0.edges
INFO: Successfully opened /localtmp/oj2zf/dataset/soc-orkut/soc-orkut_1by1/soc-orkut_dup_0_0.edges
loadedges_rowblockwise:: loading Acts... sizes: [[7820368, 7820368, 7820368, 7820368, 7820368, 7820368, 7820368, 7820368, 7820368, 7820368, 7820368, 7820368, 7820368, 7820368, 7820368, 7820368, 7820352, 7820352, 7820352, 7820352, 7820352, 7820352, 7820352, 7820352, 7820352, 7820352, 7820352, 7820352, 7820352, 7820352, 7820352, 7820352]]
loadedges_rowblockwise:: total sizes: 250251520
maxvptr: 7820368
app::loadvertexdata:: loading vertex datas... 
app::setrootvid:: setting root vid(s)... 
app::loadactvvertices:: loading active vertices... 
app::generatevmaskdata:: generating vmask... 
app::loadoffsetmarkers:: loading offset markers... 
app::loadmessages:: loading messages... 
[globalparams.BASEOFFSET_MESSAGESDATA: 0]
[globalparams.BASEOFFSETKVS_MESSAGESDATA: 0]
[globalparams.BASEOFFSET_EDGESDATA: 8192]
[globalparams.BASEOFFSETKVS_EDGESDATA: 1024]
[globalparams.BASEOFFSET_VERTEXPTR: 3983912]
[globalparams.BASEOFFSETKVS_VERTEXPTR: 497989]
[globalparams.BASEOFFSET_VERTICESDATA: 6146600]
[globalparams.BASEOFFSETKVS_VERTICESDATA: 768325]
[globalparams.BASEOFFSET_ACTIVEVERTICES: 8243752]
[globalparams.BASEOFFSETKVS_ACTIVEVERTICES: 1030469]
[globalparams.BASEOFFSET_VERTICESDATAMASK: 8243752]
[globalparams.BASEOFFSETKVS_VERTICESDATAMASK: 1030469]
[globalparams.BASEOFFSET_VERTICESPARTITIONMASK : 8374824]
[globalparams.BASEOFFSETKVS_VERTICESPARTITIONMASK: 1046853]
[globalparams.BASEOFFSET_STATSDRAM: 8378920]
[globalparams.BASEOFFSETKVS_STATSDRAM: 1047365]
[globalparams.BASEOFFSET_KVDRAM: 8411688]
[globalparams.BASEOFFSETKVS_KVDRAM: 1051461]
[globalparams.BASEOFFSET_KVDRAMWORKSPACE: 16232816]
[globalparams.BASEOFFSETKVS_KVDRAMWORKSPACE: 2029102]
[globalparams.SIZE_MESSAGESDRAM: 0]
[globalparams.SIZE_EDGES: 7821368]
[globalparams.SIZE_VERTEXPTRS: 4194304]
[globalparams.SIZE_VERTICESDATA: 4194304]
[globalparams.SIZE_ACTIVEVERTICES: 0]
[globalparams.SIZE_VERTICESDATAMASK: 131072]
[globalparams.SIZE_KVSTATSDRAM: 4096]
[globalparams.SIZE_KVDRAM: 7821128]
[globalparams.SIZE_KVDRAMWORKSPACE: 7821128]
[1m[37m>> host[sizes]:: PADDEDKVSOURCEDRAMSZ (keyvalues): 33554432 keyvalues[0m
[1m[37m>> host[bytes]:: PADDEDKVSOURCEDRAMSZ (bytes): 268435456 bytes[0m
[1m[37m>> host[sizes]:: valid workload space(not including temp space) (keyvalues): 8411688 keyvalues[0m
[1m[37m>> host[bytes]:: valid workload space(not including temp space) (keyvalues): 67293504 bytes. [0m
[1m[37m>> host[sizes]:: valid PADDEDKVSOURCEDRAMSZ (keyvalues): 24053944 keyvalues[0m
[1m[37m>> host[bytes]:: valid PADDEDKVSOURCEDRAMSZ (bytes): 192431552 bytes. (HBM max=268435456 bytes)[0m
loadmessages:: loading Acts... sizes: [[7820368, 7820368, 7820368, 7820368, 7820368, 7820368, 7820368, 7820368, 7820368, 7820368, 7820368, 7820368, 7820368, 7820368, 7820368, 7820368, 7820352, 7820352, 7820352, 7820352, 7820352, 7820352, 7820352, 7820352, 7820352, 7820352, 7820352, 7820352, 7820352, 7820352, 7820352, 7820352]]
loadmessages:: total sizes: 250251520
app::appendkeyvaluecount:: appending value count... 
app::experiements: resetting kvdram & kvdram workspaces...

utility::runsssp_sw:: running traditional sssp... 
utility::runsssp_sw: number of active vertices for iteration 0: 0
utility::runsssp_sw: number of active vertices for iteration 1: 12
utility::runsssp_sw: number of active vertices for iteration 2: 460
utility::runsssp_sw: number of active vertices for iteration 3: 25400
utility::runsssp_sw: number of active vertices for iteration 4: 728870
utility::runsssp_sw: number of active vertices for iteration 5: 2210225
utility::runsssp_sw: number of active vertices for iteration 6: 32166
utility::runsssp_sw: number of active vertices for iteration 7: 32
utility::runsssp_sw: number of active vertices for iteration 8: 0
no more activer vertices to process. breaking out... 
>>> utility::runsssp_sw: total_edges_processed: 212698418 edges (212 million edges)
>>> utility::runsssp_sw: total_time_elapsed: 5254 ms (5.254 s)
[1m[37m>>> utility::runsssp_sw: throughput: 4.04831e+07 edges/sec (40.4831 million edges/sec)[0m

[1m[37m>>> app::run_hw: app started. (1 active vertices)[0m
Found Platform
Platform Name: Xilinx
Found Device=xilinx_u280_xdma_201920_3
INFO: Reading /home/oj2zf/Documents/ActsOfAGraph/synkernels/goldenkernelproc32HW300MHz.xclbin
Loading: '/home/oj2zf/Documents/ActsOfAGraph/synkernels/goldenkernelproc32HW300MHz.xclbin'
INFO: Reading /home/oj2zf/Documents/ActsOfAGraph/synkernels/goldenkernelsync32HW300MHz.xclbin
Loading: '/home/oj2zf/Documents/ActsOfAGraph/synkernels/goldenkernelsync32HW300MHz.xclbin'
>>> goclkernel[actsproc]:: running ACTS PROCESS (Iteration 0)...
>>> kernel (proc) 0 time elapsed: 0.802 ms, 802 microsecs, 
>>> kernel (proc) 1 time elapsed: 0.848 ms, 848 microsecs, 
>>> kernel (proc) 2 time elapsed: 0.66 ms, 660 microsecs, 
>>> kernel (proc) 3 time elapsed: 0.853 ms, 853 microsecs, 
>>> kernel (proc) 4 time elapsed: 0.817 ms, 817 microsecs, 
>>> kernel (proc) 5 time elapsed: 0.844 ms, 844 microsecs, 
>>> kernel (proc) 6 time elapsed: 0.788 ms, 788 microsecs, 
>>> kernel (proc) 7 time elapsed: 0.803 ms, 803 microsecs, 
>>> kernel (proc) 8 time elapsed: 0.845 ms, 845 microsecs, 
>>> kernel (proc) 9 time elapsed: 0.795 ms, 795 microsecs, 
>>> kernel (proc) 10 time elapsed: 0.612 ms, 612 microsecs, 
>>> kernel (proc) 11 time elapsed: 0.658 ms, 658 microsecs, 
>>> kernel (proc) 12 time elapsed: 0.699 ms, 699 microsecs, 
>>> kernel (proc) 13 time elapsed: 0.614 ms, 614 microsecs, 
>>> kernel (proc) 14 time elapsed: 0.634 ms, 634 microsecs, 
>>> kernel (proc) 15 time elapsed: 0.65 ms, 650 microsecs, 
>>> kernel (proc) 16 time elapsed: 0.687 ms, 687 microsecs, 
>>> kernel (proc) 17 time elapsed: 0.798 ms, 798 microsecs, 
>>> kernel (proc) 18 time elapsed: 0.674 ms, 674 microsecs, 
>>> kernel (proc) 19 time elapsed: 0.723 ms, 723 microsecs, 
>>> kernel (proc) 20 time elapsed: 0.678 ms, 678 microsecs, 
>>> kernel (proc) 21 time elapsed: 0.861 ms, 861 microsecs, 
>>> kernel (proc) 22 time elapsed: 0.866 ms, 866 microsecs, 
>>> kernel (proc) 23 time elapsed: 0.716 ms, 716 microsecs, 
>>> kernel (proc) 24 time elapsed: 0.817 ms, 817 microsecs, 
>>> kernel (proc) 25 time elapsed: 0.717 ms, 717 microsecs, 
>>> kernel (proc) 26 time elapsed: 0.709 ms, 709 microsecs, 
>>> kernel (proc) 27 time elapsed: 0.716 ms, 716 microsecs, 
>>> kernel (proc) 28 time elapsed: 0.739 ms, 739 microsecs, 
>>> kernel (proc) 29 time elapsed: 0.867 ms, 867 microsecs, 
>>> kernel (proc) 30 time elapsed: 0.866 ms, 866 microsecs, 
>>> kernel (proc) 31 time elapsed: 0.827 ms, 827 microsecs, 
>>> SUMMARY: kernel (proc) average time elapsed (for LOPs) for Iteration 0: 0.645097(0.645097) ms, 0.612097(-0.033) ms, 0.754226(0.142129) ms, 
--------------- goclkernel[actssync]:: running ACTS SYNCHRONZE (Iteration 0) ---------------

active partitions for iteration 1: 0, 255, 
>>> goclkernel[actsproc]:: running ACTS PROCESS (Iteration 1)...
>>> kernel (proc) 0 time elapsed: 0.683 ms, 683 microsecs, 
>>> kernel (proc) 1 time elapsed: 0.807 ms, 807 microsecs, 
>>> kernel (proc) 2 time elapsed: 0.811 ms, 811 microsecs, 
>>> kernel (proc) 3 time elapsed: 0.797 ms, 797 microsecs, 
>>> kernel (proc) 4 time elapsed: 0.8 ms, 800 microsecs, 
>>> kernel (proc) 5 time elapsed: 0.795 ms, 795 microsecs, 
>>> kernel (proc) 6 time elapsed: 0.82 ms, 820 microsecs, 
>>> kernel (proc) 7 time elapsed: 0.856 ms, 856 microsecs, 
>>> kernel (proc) 8 time elapsed: 0.871 ms, 871 microsecs, 
>>> kernel (proc) 9 time elapsed: 0.701 ms, 701 microsecs, 
>>> kernel (proc) 10 time elapsed: 0.815 ms, 815 microsecs, 
>>> kernel (proc) 11 time elapsed: 0.83 ms, 830 microsecs, 
>>> kernel (proc) 12 time elapsed: 0.931 ms, 931 microsecs, 
>>> kernel (proc) 13 time elapsed: 0.803 ms, 803 microsecs, 
>>> kernel (proc) 14 time elapsed: 0.8 ms, 800 microsecs, 
>>> kernel (proc) 15 time elapsed: 0.809 ms, 809 microsecs, 
>>> kernel (proc) 16 time elapsed: 0.813 ms, 813 microsecs, 
>>> kernel (proc) 17 time elapsed: 0.805 ms, 805 microsecs, 
>>> kernel (proc) 18 time elapsed: 0.797 ms, 797 microsecs, 
>>> kernel (proc) 19 time elapsed: 0.9 ms, 900 microsecs, 
>>> kernel (proc) 20 time elapsed: 0.803 ms, 803 microsecs, 
>>> kernel (proc) 21 time elapsed: 0.885 ms, 885 microsecs, 
>>> kernel (proc) 22 time elapsed: 0.914 ms, 914 microsecs, 
>>> kernel (proc) 23 time elapsed: 0.811 ms, 811 microsecs, 
>>> kernel (proc) 24 time elapsed: 0.811 ms, 811 microsecs, 
>>> kernel (proc) 25 time elapsed: 0.805 ms, 805 microsecs, 
>>> kernel (proc) 26 time elapsed: 0.768 ms, 768 microsecs, 
>>> kernel (proc) 27 time elapsed: 0.756 ms, 756 microsecs, 
>>> kernel (proc) 28 time elapsed: 0.772 ms, 772 microsecs, 
>>> kernel (proc) 29 time elapsed: 0.791 ms, 791 microsecs, 
>>> kernel (proc) 30 time elapsed: 0.781 ms, 781 microsecs, 
>>> kernel (proc) 31 time elapsed: 0.735 ms, 735 microsecs, 
>>> SUMMARY: kernel (proc) average time elapsed (for LOPs) for Iteration 1: 0.638742(0.638742) ms, 0.627129(-0.0116129) ms, 0.812677(0.185548) ms, 
--------------- goclkernel[actssync]:: running ACTS SYNCHRONZE (Iteration 1) ---------------

active partitions for iteration 2: 0, 1, 255, 
>>> goclkernel[actsproc]:: running ACTS PROCESS (Iteration 2)...
>>> kernel (proc) 0 time elapsed: 1.747 ms, 1747 microsecs, 
>>> kernel (proc) 1 time elapsed: 1.831 ms, 1831 microsecs, 
>>> kernel (proc) 2 time elapsed: 1.731 ms, 1731 microsecs, 
>>> kernel (proc) 3 time elapsed: 1.94 ms, 1940 microsecs, 
>>> kernel (proc) 4 time elapsed: 1.817 ms, 1817 microsecs, 
>>> kernel (proc) 5 time elapsed: 1.832 ms, 1832 microsecs, 
>>> kernel (proc) 6 time elapsed: 1.774 ms, 1774 microsecs, 
>>> kernel (proc) 7 time elapsed: 1.768 ms, 1768 microsecs, 
>>> kernel (proc) 8 time elapsed: 1.825 ms, 1825 microsecs, 
>>> kernel (proc) 9 time elapsed: 1.845 ms, 1845 microsecs, 
>>> kernel (proc) 10 time elapsed: 1.862 ms, 1862 microsecs, 
>>> kernel (proc) 11 time elapsed: 1.927 ms, 1927 microsecs, 
>>> kernel (proc) 12 time elapsed: 1.774 ms, 1774 microsecs, 
>>> kernel (proc) 13 time elapsed: 1.852 ms, 1852 microsecs, 
>>> kernel (proc) 14 time elapsed: 1.763 ms, 1763 microsecs, 
>>> kernel (proc) 15 time elapsed: 2.039 ms, 2039 microsecs, 
>>> kernel (proc) 16 time elapsed: 1.857 ms, 1857 microsecs, 
>>> kernel (proc) 17 time elapsed: 1.743 ms, 1743 microsecs, 
>>> kernel (proc) 18 time elapsed: 1.903 ms, 1903 microsecs, 
>>> kernel (proc) 19 time elapsed: 1.794 ms, 1794 microsecs, 
>>> kernel (proc) 20 time elapsed: 1.861 ms, 1861 microsecs, 
>>> kernel (proc) 21 time elapsed: 1.686 ms, 1686 microsecs, 
>>> kernel (proc) 22 time elapsed: 1.692 ms, 1692 microsecs, 
>>> kernel (proc) 23 time elapsed: 1.873 ms, 1873 microsecs, 
>>> kernel (proc) 24 time elapsed: 1.697 ms, 1697 microsecs, 
>>> kernel (proc) 25 time elapsed: 1.818 ms, 1818 microsecs, 
>>> kernel (proc) 26 time elapsed: 1.912 ms, 1912 microsecs, 
>>> kernel (proc) 27 time elapsed: 1.772 ms, 1772 microsecs, 
>>> kernel (proc) 28 time elapsed: 1.691 ms, 1691 microsecs, 
>>> kernel (proc) 29 time elapsed: 1.827 ms, 1827 microsecs, 
>>> kernel (proc) 30 time elapsed: 1.709 ms, 1709 microsecs, 
>>> kernel (proc) 31 time elapsed: 1.849 ms, 1849 microsecs, 
>>> SUMMARY: kernel (proc) average time elapsed (for LOPs) for Iteration 2: 0.906935(0.906935) ms, 0.902548(-0.0043871) ms, 1.81497(0.912419) ms, 
--------------- goclkernel[actssync]:: running ACTS SYNCHRONZE (Iteration 2) ---------------

active partitions for iteration 3: 0, 1, 2, 3, 4, 5, 6, 7, 8, 9, 10, 11, 12, 13, 14, 15, 16, 17, 18, 19, 20, 21, 22, 23, 24, 25, 26, 27, 28, 29, 30, 31, 32, 33, 34, 35, 36, 37, 38, 39, 40, 41, 42, 43, 44, 45, 46, 47, 48, 
>>> goclkernel[actsproc]:: running ACTS PROCESS (Iteration 3)...
>>> kernel (proc) 0 time elapsed: 16.403 ms, 16403 microsecs, 
>>> kernel (proc) 1 time elapsed: 16.392 ms, 16392 microsecs, 
>>> kernel (proc) 2 time elapsed: 16.4 ms, 16400 microsecs, 
>>> kernel (proc) 3 time elapsed: 16.443 ms, 16443 microsecs, 
>>> kernel (proc) 4 time elapsed: 16.374 ms, 16374 microsecs, 
>>> kernel (proc) 5 time elapsed: 16.325 ms, 16325 microsecs, 
>>> kernel (proc) 6 time elapsed: 16.393 ms, 16393 microsecs, 
>>> kernel (proc) 7 time elapsed: 16.443 ms, 16443 microsecs, 
>>> kernel (proc) 8 time elapsed: 16.426 ms, 16426 microsecs, 
>>> kernel (proc) 9 time elapsed: 16.511 ms, 16511 microsecs, 
>>> kernel (proc) 10 time elapsed: 16.526 ms, 16526 microsecs, 
>>> kernel (proc) 11 time elapsed: 16.482 ms, 16482 microsecs, 
>>> kernel (proc) 12 time elapsed: 16.523 ms, 16523 microsecs, 
>>> kernel (proc) 13 time elapsed: 16.635 ms, 16635 microsecs, 
>>> kernel (proc) 14 time elapsed: 16.599 ms, 16599 microsecs, 
>>> kernel (proc) 15 time elapsed: 16.595 ms, 16595 microsecs, 
>>> kernel (proc) 16 time elapsed: 16.45 ms, 16450 microsecs, 
>>> kernel (proc) 17 time elapsed: 16.581 ms, 16581 microsecs, 
>>> kernel (proc) 18 time elapsed: 16.577 ms, 16577 microsecs, 
>>> kernel (proc) 19 time elapsed: 16.414 ms, 16414 microsecs, 
>>> kernel (proc) 20 time elapsed: 16.575 ms, 16575 microsecs, 
>>> kernel (proc) 21 time elapsed: 16.46 ms, 16460 microsecs, 
>>> kernel (proc) 22 time elapsed: 16.526 ms, 16526 microsecs, 
>>> kernel (proc) 23 time elapsed: 16.517 ms, 16517 microsecs, 
>>> kernel (proc) 24 time elapsed: 16.353 ms, 16353 microsecs, 
>>> kernel (proc) 25 time elapsed: 16.333 ms, 16333 microsecs, 
>>> kernel (proc) 26 time elapsed: 16.454 ms, 16454 microsecs, 
>>> kernel (proc) 27 time elapsed: 16.489 ms, 16489 microsecs, 
>>> kernel (proc) 28 time elapsed: 16.381 ms, 16381 microsecs, 
>>> kernel (proc) 29 time elapsed: 16.464 ms, 16464 microsecs, 
>>> kernel (proc) 30 time elapsed: 16.458 ms, 16458 microsecs, 
>>> kernel (proc) 31 time elapsed: 16.348 ms, 16348 microsecs, 
>>> SUMMARY: kernel (proc) average time elapsed (for LOPs) for Iteration 3: 10.1671(10.1671) ms, 10.1538(-0.0132903) ms, 16.466(6.31219) ms, 
--------------- goclkernel[actssync]:: running ACTS SYNCHRONZE (Iteration 3) ---------------

active partitions for iteration 4: 0, 1, 2, 3, 4, 5, 6, 7, 8, 9, 10, 11, 12, 13, 14, 15, 16, 17, 18, 19, 20, 21, 22, 23, 24, 25, 26, 27, 28, 29, 30, 31, 32, 33, 34, 35, 36, 37, 38, 39, 40, 41, 42, 43, 44, 45, 46, 47, 48, 49, 50, 51, 52, 53, 54, 55, 56, 57, 58, 59, 60, 61, 62, 63, 64, 65, 66, 67, 68, 69, 70, 71, 72, 73, 74, 75, 76, 77, 78, 79, 80, 81, 82, 83, 84, 85, 86, 87, 88, 89, 90, 91, 92, 93, 94, 95, 96, 97, 98, 99, 100, 101, 102, 103, 104, 105, 106, 107, 108, 109, 110, 111, 112, 113, 114, 115, 116, 117, 118, 119, 120, 121, 122, 123, 124, 125, 126, 127, 128, 129, 130, 131, 132, 133, 134, 135, 136, 137, 138, 139, 140, 141, 142, 143, 144, 145, 146, 147, 148, 149, 150, 151, 152, 153, 154, 155, 156, 157, 158, 159, 160, 161, 162, 163, 164, 165, 166, 167, 168, 169, 170, 171, 172, 173, 174, 175, 176, 177, 178, 179, 180, 181, 182, 255, 
>>> goclkernel[actsproc]:: running ACTS PROCESS (Iteration 4)...
>>> kernel (proc) 0 time elapsed: 131.988 ms, 131988 microsecs, 
>>> kernel (proc) 1 time elapsed: 132.065 ms, 132065 microsecs, 
>>> kernel (proc) 2 time elapsed: 132.013 ms, 132013 microsecs, 
>>> kernel (proc) 3 time elapsed: 131.674 ms, 131674 microsecs, 
>>> kernel (proc) 4 time elapsed: 131.508 ms, 131508 microsecs, 
>>> kernel (proc) 5 time elapsed: 131.711 ms, 131711 microsecs, 
>>> kernel (proc) 6 time elapsed: 131.612 ms, 131612 microsecs, 
>>> kernel (proc) 7 time elapsed: 131.691 ms, 131691 microsecs, 
>>> kernel (proc) 8 time elapsed: 131.78 ms, 131780 microsecs, 
>>> kernel (proc) 9 time elapsed: 131.55 ms, 131550 microsecs, 
>>> kernel (proc) 10 time elapsed: 131.523 ms, 131523 microsecs, 
>>> kernel (proc) 11 time elapsed: 131.555 ms, 131555 microsecs, 
>>> kernel (proc) 12 time elapsed: 131.736 ms, 131736 microsecs, 
>>> kernel (proc) 13 time elapsed: 131.471 ms, 131471 microsecs, 
>>> kernel (proc) 14 time elapsed: 131.751 ms, 131751 microsecs, 
>>> kernel (proc) 15 time elapsed: 131.385 ms, 131385 microsecs, 
>>> kernel (proc) 16 time elapsed: 131.384 ms, 131384 microsecs, 
>>> kernel (proc) 17 time elapsed: 131.6 ms, 131600 microsecs, 
>>> kernel (proc) 18 time elapsed: 131.651 ms, 131651 microsecs, 
>>> kernel (proc) 19 time elapsed: 131.559 ms, 131559 microsecs, 
>>> kernel (proc) 20 time elapsed: 131.603 ms, 131603 microsecs, 
>>> kernel (proc) 21 time elapsed: 131.455 ms, 131455 microsecs, 
>>> kernel (proc) 22 time elapsed: 131.572 ms, 131572 microsecs, 
>>> kernel (proc) 23 time elapsed: 131.65 ms, 131650 microsecs, 
>>> kernel (proc) 24 time elapsed: 131.652 ms, 131652 microsecs, 
>>> kernel (proc) 25 time elapsed: 131.64 ms, 131640 microsecs, 
>>> kernel (proc) 26 time elapsed: 131.62 ms, 131620 microsecs, 
>>> kernel (proc) 27 time elapsed: 131.586 ms, 131586 microsecs, 
>>> kernel (proc) 28 time elapsed: 131.687 ms, 131687 microsecs, 
>>> kernel (proc) 29 time elapsed: 131.697 ms, 131697 microsecs, 
>>> kernel (proc) 30 time elapsed: 131.943 ms, 131943 microsecs, 
>>> kernel (proc) 31 time elapsed: 132.038 ms, 132038 microsecs, 
>>> SUMMARY: kernel (proc) average time elapsed (for LOPs) for Iteration 4: 82.662(82.662) ms, 82.6379(-0.0240968) ms, 131.657(49.0189) ms, 
--------------- goclkernel[actssync]:: running ACTS SYNCHRONZE (Iteration 4) ---------------

active partitions for iteration 5: 0, 1, 2, 3, 4, 5, 6, 7, 8, 9, 10, 11, 12, 13, 14, 15, 16, 17, 18, 19, 20, 21, 22, 23, 24, 25, 26, 27, 28, 29, 30, 31, 32, 33, 34, 35, 36, 37, 38, 39, 40, 41, 42, 43, 44, 45, 46, 47, 48, 49, 50, 51, 52, 53, 54, 55, 56, 57, 58, 59, 60, 61, 62, 63, 64, 65, 66, 67, 68, 69, 70, 71, 72, 73, 74, 75, 76, 77, 78, 79, 80, 81, 82, 83, 84, 85, 86, 87, 88, 89, 90, 91, 92, 93, 94, 95, 96, 97, 98, 99, 100, 101, 102, 103, 104, 105, 106, 107, 108, 109, 110, 111, 112, 113, 114, 115, 116, 117, 118, 119, 120, 121, 122, 123, 124, 125, 126, 127, 128, 129, 130, 131, 132, 133, 134, 135, 136, 137, 138, 139, 140, 141, 142, 143, 144, 145, 146, 147, 148, 149, 150, 151, 152, 153, 154, 155, 156, 157, 158, 159, 160, 161, 162, 163, 164, 165, 166, 167, 168, 169, 170, 171, 172, 173, 174, 175, 176, 177, 178, 179, 180, 181, 182, 255, 
>>> goclkernel[actsproc]:: running ACTS PROCESS (Iteration 5)...
>>> kernel (proc) 0 time elapsed: 202.525 ms, 202525 microsecs, 
>>> kernel (proc) 1 time elapsed: 202.517 ms, 202517 microsecs, 
>>> kernel (proc) 2 time elapsed: 202.493 ms, 202493 microsecs, 
>>> kernel (proc) 3 time elapsed: 202.708 ms, 202708 microsecs, 
>>> kernel (proc) 4 time elapsed: 202.719 ms, 202719 microsecs, 
>>> kernel (proc) 5 time elapsed: 202.51 ms, 202510 microsecs, 
>>> kernel (proc) 6 time elapsed: 202.781 ms, 202781 microsecs, 
>>> kernel (proc) 7 time elapsed: 202.758 ms, 202758 microsecs, 
>>> kernel (proc) 8 time elapsed: 202.754 ms, 202754 microsecs, 
>>> kernel (proc) 9 time elapsed: 202.71 ms, 202710 microsecs, 
>>> kernel (proc) 10 time elapsed: 202.612 ms, 202612 microsecs, 
>>> kernel (proc) 11 time elapsed: 202.734 ms, 202734 microsecs, 
>>> kernel (proc) 12 time elapsed: 202.623 ms, 202623 microsecs, 
>>> kernel (proc) 13 time elapsed: 202.595 ms, 202595 microsecs, 
>>> kernel (proc) 14 time elapsed: 202.578 ms, 202578 microsecs, 
>>> kernel (proc) 15 time elapsed: 202.781 ms, 202781 microsecs, 
>>> kernel (proc) 16 time elapsed: 202.645 ms, 202645 microsecs, 
>>> kernel (proc) 17 time elapsed: 202.764 ms, 202764 microsecs, 
>>> kernel (proc) 18 time elapsed: 202.6 ms, 202600 microsecs, 
>>> kernel (proc) 19 time elapsed: 202.51 ms, 202510 microsecs, 
>>> kernel (proc) 20 time elapsed: 202.523 ms, 202523 microsecs, 
>>> kernel (proc) 21 time elapsed: 202.411 ms, 202411 microsecs, 
>>> kernel (proc) 22 time elapsed: 202.623 ms, 202623 microsecs, 
>>> kernel (proc) 23 time elapsed: 202.566 ms, 202566 microsecs, 
>>> kernel (proc) 24 time elapsed: 202.462 ms, 202462 microsecs, 
>>> kernel (proc) 25 time elapsed: 202.49 ms, 202490 microsecs, 
>>> kernel (proc) 26 time elapsed: 202.493 ms, 202493 microsecs, 
>>> kernel (proc) 27 time elapsed: 202.678 ms, 202678 microsecs, 
>>> kernel (proc) 28 time elapsed: 202.621 ms, 202621 microsecs, 
>>> kernel (proc) 29 time elapsed: 202.372 ms, 202372 microsecs, 
>>> kernel (proc) 30 time elapsed: 202.569 ms, 202569 microsecs, 
>>> kernel (proc) 31 time elapsed: 202.422 ms, 202422 microsecs, 
>>> SUMMARY: kernel (proc) average time elapsed (for LOPs) for Iteration 5: 118.9(118.9) ms, 118.891(-0.00932258) ms, 202.601(83.71) ms, 
--------------- goclkernel[actssync]:: running ACTS SYNCHRONZE (Iteration 5) ---------------

active partitions for iteration 6: 1, 3, 4, 5, 6, 7, 8, 9, 10, 11, 12, 13, 14, 15, 16, 17, 18, 19, 20, 21, 22, 23, 24, 25, 26, 27, 28, 29, 30, 31, 32, 33, 34, 35, 36, 37, 38, 39, 40, 41, 42, 43, 44, 45, 46, 47, 48, 49, 50, 51, 52, 53, 54, 55, 56, 57, 58, 59, 60, 61, 62, 63, 64, 65, 66, 67, 68, 69, 70, 71, 72, 73, 74, 75, 76, 77, 78, 79, 80, 81, 82, 83, 84, 85, 86, 87, 88, 89, 90, 91, 92, 93, 94, 95, 96, 97, 98, 99, 100, 101, 102, 103, 104, 105, 106, 107, 108, 109, 110, 111, 112, 113, 114, 115, 116, 117, 118, 119, 120, 121, 122, 123, 124, 125, 126, 127, 128, 129, 130, 131, 132, 133, 134, 135, 136, 137, 138, 139, 140, 141, 142, 143, 144, 145, 146, 147, 148, 149, 150, 151, 152, 153, 154, 155, 156, 157, 158, 159, 160, 161, 162, 163, 164, 165, 166, 167, 168, 169, 170, 171, 172, 173, 174, 175, 176, 177, 178, 179, 180, 181, 182, 255, 
>>> goclkernel[actsproc]:: running ACTS PROCESS (Iteration 6)...
>>> kernel (proc) 0 time elapsed: 26.94 ms, 26940 microsecs, 
>>> kernel (proc) 1 time elapsed: 26.755 ms, 26755 microsecs, 
>>> kernel (proc) 2 time elapsed: 26.943 ms, 26943 microsecs, 
>>> kernel (proc) 3 time elapsed: 27.009 ms, 27009 microsecs, 
>>> kernel (proc) 4 time elapsed: 27.14 ms, 27140 microsecs, 
>>> kernel (proc) 5 time elapsed: 27.077 ms, 27077 microsecs, 
>>> kernel (proc) 6 time elapsed: 27.038 ms, 27038 microsecs, 
>>> kernel (proc) 7 time elapsed: 26.886 ms, 26886 microsecs, 
>>> kernel (proc) 8 time elapsed: 26.901 ms, 26901 microsecs, 
>>> kernel (proc) 9 time elapsed: 26.986 ms, 26986 microsecs, 
>>> kernel (proc) 10 time elapsed: 26.978 ms, 26978 microsecs, 
>>> kernel (proc) 11 time elapsed: 26.906 ms, 26906 microsecs, 
>>> kernel (proc) 12 time elapsed: 27.03 ms, 27030 microsecs, 
>>> kernel (proc) 13 time elapsed: 27.013 ms, 27013 microsecs, 
>>> kernel (proc) 14 time elapsed: 27.067 ms, 27067 microsecs, 
>>> kernel (proc) 15 time elapsed: 26.864 ms, 26864 microsecs, 
>>> kernel (proc) 16 time elapsed: 26.927 ms, 26927 microsecs, 
>>> kernel (proc) 17 time elapsed: 26.941 ms, 26941 microsecs, 
>>> kernel (proc) 18 time elapsed: 26.827 ms, 26827 microsecs, 
>>> kernel (proc) 19 time elapsed: 26.981 ms, 26981 microsecs, 
>>> kernel (proc) 20 time elapsed: 26.861 ms, 26861 microsecs, 
>>> kernel (proc) 21 time elapsed: 26.999 ms, 26999 microsecs, 
>>> kernel (proc) 22 time elapsed: 26.969 ms, 26969 microsecs, 
>>> kernel (proc) 23 time elapsed: 26.938 ms, 26938 microsecs, 
>>> kernel (proc) 24 time elapsed: 26.932 ms, 26932 microsecs, 
>>> kernel (proc) 25 time elapsed: 27.111 ms, 27111 microsecs, 
>>> kernel (proc) 26 time elapsed: 27.038 ms, 27038 microsecs, 
>>> kernel (proc) 27 time elapsed: 27.023 ms, 27023 microsecs, 
>>> kernel (proc) 28 time elapsed: 27.051 ms, 27051 microsecs, 
>>> kernel (proc) 29 time elapsed: 26.995 ms, 26995 microsecs, 
>>> kernel (proc) 30 time elapsed: 26.894 ms, 26894 microsecs, 
>>> kernel (proc) 31 time elapsed: 26.933 ms, 26933 microsecs, 
>>> SUMMARY: kernel (proc) average time elapsed (for LOPs) for Iteration 6: 22.0747(22.0747) ms, 22.0493(-0.0253871) ms, 26.9682(4.91887) ms, 
--------------- goclkernel[actssync]:: running ACTS SYNCHRONZE (Iteration 6) ---------------

active partitions for iteration 7: 56, 74, 75, 76, 90, 93, 107, 110, 121, 122, 123, 124, 128, 129, 130, 134, 135, 136, 141, 142, 145, 146, 148, 149, 153, 154, 155, 156, 169, 170, 173, 174, 175, 176, 177, 179, 181, 182, 255, 
>>> goclkernel[actsproc]:: running ACTS PROCESS (Iteration 7)...
>>> kernel (proc) 0 time elapsed: 4.339 ms, 4339 microsecs, 
>>> kernel (proc) 1 time elapsed: 4.351 ms, 4351 microsecs, 
>>> kernel (proc) 2 time elapsed: 4.249 ms, 4249 microsecs, 
>>> kernel (proc) 3 time elapsed: 4.374 ms, 4374 microsecs, 
>>> kernel (proc) 4 time elapsed: 4.104 ms, 4104 microsecs, 
>>> kernel (proc) 5 time elapsed: 4.319 ms, 4319 microsecs, 
>>> kernel (proc) 6 time elapsed: 4.232 ms, 4232 microsecs, 
>>> kernel (proc) 7 time elapsed: 4.099 ms, 4099 microsecs, 
>>> kernel (proc) 8 time elapsed: 4.24 ms, 4240 microsecs, 
>>> kernel (proc) 9 time elapsed: 4.215 ms, 4215 microsecs, 
>>> kernel (proc) 10 time elapsed: 4.168 ms, 4168 microsecs, 
>>> kernel (proc) 11 time elapsed: 4.118 ms, 4118 microsecs, 
>>> kernel (proc) 12 time elapsed: 4.147 ms, 4147 microsecs, 
>>> kernel (proc) 13 time elapsed: 4.217 ms, 4217 microsecs, 
>>> kernel (proc) 14 time elapsed: 4.284 ms, 4284 microsecs, 
>>> kernel (proc) 15 time elapsed: 4.293 ms, 4293 microsecs, 
>>> kernel (proc) 16 time elapsed: 4.211 ms, 4211 microsecs, 
>>> kernel (proc) 17 time elapsed: 4.315 ms, 4315 microsecs, 
>>> kernel (proc) 18 time elapsed: 4.226 ms, 4226 microsecs, 
>>> kernel (proc) 19 time elapsed: 4.231 ms, 4231 microsecs, 
>>> kernel (proc) 20 time elapsed: 4.331 ms, 4331 microsecs, 
>>> kernel (proc) 21 time elapsed: 4.16 ms, 4160 microsecs, 
>>> kernel (proc) 22 time elapsed: 4.292 ms, 4292 microsecs, 
>>> kernel (proc) 23 time elapsed: 4.256 ms, 4256 microsecs, 
>>> kernel (proc) 24 time elapsed: 4.27 ms, 4270 microsecs, 
>>> kernel (proc) 25 time elapsed: 4.269 ms, 4269 microsecs, 
>>> kernel (proc) 26 time elapsed: 4.205 ms, 4205 microsecs, 
>>> kernel (proc) 27 time elapsed: 4.229 ms, 4229 microsecs, 
>>> kernel (proc) 28 time elapsed: 4.245 ms, 4245 microsecs, 
>>> kernel (proc) 29 time elapsed: 4.394 ms, 4394 microsecs, 
>>> kernel (proc) 30 time elapsed: 4.249 ms, 4249 microsecs, 
>>> kernel (proc) 31 time elapsed: 4.294 ms, 4294 microsecs, 
>>> SUMMARY: kernel (proc) average time elapsed (for LOPs) for Iteration 7: 4.06361(4.06361) ms, 4.04235(-0.0212581) ms, 4.24474(0.202387) ms, 
--------------- goclkernel[actssync]:: running ACTS SYNCHRONZE (Iteration 7) ---------------

active partitions for iteration 8: 174, 175, 181, 
>>> goclkernel[actsproc]:: running ACTS PROCESS (Iteration 8)...
>>> kernel (proc) 0 time elapsed: 0.806 ms, 806 microsecs, 
>>> kernel (proc) 1 time elapsed: 0.801 ms, 801 microsecs, 
>>> kernel (proc) 2 time elapsed: 0.981 ms, 981 microsecs, 
>>> kernel (proc) 3 time elapsed: 0.808 ms, 808 microsecs, 
>>> kernel (proc) 4 time elapsed: 0.797 ms, 797 microsecs, 
>>> kernel (proc) 5 time elapsed: 0.801 ms, 801 microsecs, 
>>> kernel (proc) 6 time elapsed: 0.799 ms, 799 microsecs, 
>>> kernel (proc) 7 time elapsed: 0.802 ms, 802 microsecs, 
>>> kernel (proc) 8 time elapsed: 0.858 ms, 858 microsecs, 
>>> kernel (proc) 9 time elapsed: 0.799 ms, 799 microsecs, 
>>> kernel (proc) 10 time elapsed: 0.786 ms, 786 microsecs, 
>>> kernel (proc) 11 time elapsed: 0.892 ms, 892 microsecs, 
>>> kernel (proc) 12 time elapsed: 0.664 ms, 664 microsecs, 
>>> kernel (proc) 13 time elapsed: 0.897 ms, 897 microsecs, 
>>> kernel (proc) 14 time elapsed: 0.798 ms, 798 microsecs, 
>>> kernel (proc) 15 time elapsed: 0.795 ms, 795 microsecs, 
>>> kernel (proc) 16 time elapsed: 0.894 ms, 894 microsecs, 
>>> kernel (proc) 17 time elapsed: 0.799 ms, 799 microsecs, 
>>> kernel (proc) 18 time elapsed: 0.846 ms, 846 microsecs, 
>>> kernel (proc) 19 time elapsed: 0.82 ms, 820 microsecs, 
>>> kernel (proc) 20 time elapsed: 0.795 ms, 795 microsecs, 
>>> kernel (proc) 21 time elapsed: 0.863 ms, 863 microsecs, 
>>> kernel (proc) 22 time elapsed: 0.797 ms, 797 microsecs, 
>>> kernel (proc) 23 time elapsed: 0.743 ms, 743 microsecs, 
>>> kernel (proc) 24 time elapsed: 0.8 ms, 800 microsecs, 
>>> kernel (proc) 25 time elapsed: 0.802 ms, 802 microsecs, 
>>> kernel (proc) 26 time elapsed: 0.799 ms, 799 microsecs, 
>>> kernel (proc) 27 time elapsed: 0.799 ms, 799 microsecs, 
>>> kernel (proc) 28 time elapsed: 0.792 ms, 792 microsecs, 
>>> kernel (proc) 29 time elapsed: 0.704 ms, 704 microsecs, 
>>> kernel (proc) 30 time elapsed: 0.8 ms, 800 microsecs, 
>>> kernel (proc) 31 time elapsed: 0.806 ms, 806 microsecs, 
>>> SUMMARY: kernel (proc) average time elapsed (for LOPs) for Iteration 8: 0.700516(0.700516) ms, 0.669677(-0.0308387) ms, 0.810871(0.141194) ms, 
--------------- goclkernel[actssync]:: running ACTS SYNCHRONZE (Iteration 8) ---------------

active partitions for iteration 9: 
goclkernel::runapp2: no more active vertices to process. exiting... 
[1m[37m>>> SUMMARY: Total kernel time: 386.129 ms[0m

[1m[37m>>> app::run_hw: THROUGHPUT SUMMARY DETAILS: [0m
0.0186019, -0.363636, 0.0119985, [Iter 0 throughput: 0.00744313][Iter 0 edges processed: 12]
0.908035, -49.9444, 0.674773, [Iter 1 throughput: 0.390132][Iter 1 edges processed: 580]
42.5499, -8796.25, 24.1275, [Iter 2 throughput: 15.4239][Iter 2 edges processed: 38590]
324.046, -247896, 471.253, [Iter 3 throughput: 192.162][Iter 3 edges processed: 3.29462e+06]
893.851, -3.06628e+06, 1486.64, [Iter 4 throughput: 558.321][Iter 4 edges processed: 7.38875e+07]
1136.3, -1.44923e+07, 1599.85, [Iter 5 throughput: 664.434][Iter 5 edges processed: 1.35106e+08]
16.8125, -14618.8, 67.0167, [Iter 6 throughput: 13.453][Iter 6 edges processed: 371130]
0.0127965, -2.44613, 0.058599, [Iter 7 throughput: 0.0105482][Iter 7 edges processed: 52]

>>> app::run_hw: total_edges_processed: 212698418 edges (212 million edges)
>>> app::run_hw: total_time_elapsed: 386.129 ms (0.386129 s)
[1m[37m>>> app::run_hw: throughput: 5.50848e+08 edges/sec (550.848 million edges/sec)[0m

utility::runsssp_sw:: running traditional sssp... 
utility::runsssp_sw: number of active vertices for iteration 0: 0
utility::runsssp_sw: number of active vertices for iteration 1: 12
utility::runsssp_sw: number of active vertices for iteration 2: 460
utility::runsssp_sw: number of active vertices for iteration 3: 25400
utility::runsssp_sw: number of active vertices for iteration 4: 728870
utility::runsssp_sw: number of active vertices for iteration 5: 2210225
utility::runsssp_sw: number of active vertices for iteration 6: 32166
utility::runsssp_sw: number of active vertices for iteration 7: 32
utility::runsssp_sw: number of active vertices for iteration 8: 0
no more activer vertices to process. breaking out... 
>>> utility::runsssp_sw: total_edges_processed: 212698418 edges (212 million edges)
>>> utility::runsssp_sw: total_time_elapsed: 4465 ms (4.465 s)
[1m[37m>>> utility::runsssp_sw: throughput: 4.76368e+07 edges/sec (47.6368 million edges/sec)[0m

app::verifyresults_hw: verifying vertex data... 
utility::printvalues::app::verifyresults_hw.vdatas: verifying results after kernel run:: printing first 16 values
values[0]: 14
values[1]: 460
values[2]: 24943
values[3]: 715348
values[4]: 2220688
values[5]: 33544
values[6]: 84
values[7]: 2
values[8]: 0
values[9]: 0
values[10]: 0
values[11]: 0
values[12]: 0
values[13]: 0
values[14]: 0
values[15]: 0
printvalues:: total values: totalvalues: 2995083
graph::closetemporaryfilesforwriting : close temporary files for writing...
graph::closetemporaryfilesforreading : close files for reading...
graph::closefilesforreading : close files for reading...
=== STATS::TIMING AND SUMMARY RESULTS FOR ITERATION: 666 === 
>>> stats::summary Total number of kvReads in bank [0]: 250251520
>>> stats::summary Total number of kvReads for all threads: 250251520
>>> stats::summary Total time spent (SSD access): 0 milliseconds
>>> stats::summary Total time spent (SSD access): 0 seconds
>>> stats::summary Total time spent (OCL data transfers): 0 milliseconds
>>> stats::summary Total time spent (OCL data transfers): 0 seconds
>>> stats::summary Total time spent (Kernel Pre Process execution): 0 milliseconds
>>> stats::summary Total time spent (Kernel Pre Process execution): 0 seconds
>>> stats::summary Total time spent (Kernel execution): 0 milliseconds
>>> stats::summary Total time spent (Kernel execution): 0 seconds
>>> stats::summary Total time spent (Kernel Post Process execution): 0 milliseconds
>>> stats::summary Total time spent (Kernel Post Process execution): 0 seconds
>>> stats::summary Total time spent (Overall Kernel execution): 0 milliseconds
>>> stats::summary Total time spent (Overall Kernel execution): 0 seconds
>>> stats::summary Total time spent (Overall processing): 0 milliseconds
>>> stats::summary Total time spent (Overall processing): 0 seconds
>>> stats::summary Total time spent (Overall processing excluding SSD & OCL data transfers): 0 milliseconds
>>> stats::summary Total time spent (Overall processing excluding SSD & OCL data transfers): 0 seconds
>>> stats::summary Throughput (Kernel processing): inf keyvalues per second
>>> stats::summary Throughput (Kernel processing): inf million keyvalues per second
>>> stats::summary Throughput (Kernel processing): inf MB/s
>>> stats::summary Throughput (Overall processing): inf keyvalues per second
>>> stats::summary Throughput (Overall processing): inf million keyvalues per second
>>> stats::summary Throughput (Overall processing): inf MB/s
>>> stats::summary Throughput (Overall processing excluding SSD & OCL data transfers): inf keyvalues per second
>>> stats::summary Throughput (Overall processing excluding SSD & OCL data transfers): inf million keyvalues per second

graph::printdataset: printing dataset parameters...
>>> graphtopname: soc-orkut
>>> graphname: soc-orkut_dup
>>> graph_path: /localtmp/oj2zf/dataset/soc-orkut/soc-orkut.mtx
>>> vertices_path: /localtmp/oj2zf/dataset/soc-orkut/soc-orkut.vertices
>>> edges_path: /localtmp/oj2zf/dataset/soc-orkut/soc-orkut.edges
>>> vertices_path_bin: /localtmp/oj2zf/dataset/soc-orkut/soc-orkut_bin.vertices
>>> edges_path_bin: /localtmp/oj2zf/dataset/soc-orkut/soc-orkut_bin.edges
>>> min_vertex: 0
>>> max_vertex: 2997166
>>> num_vertices: 2997166
>>> num_edges: 212698418
>>> graphdirectiontype: 6
>>> graphorder: 6
>>> graphgroup: 1
TEST FINISHED
[1m[37m>>> HOSTPROCESS:: TIMING SUMMARY: TOTAL TIME ELAPSED: : Time Elapsed = 1025104478921[nanao seconds](Iteration 666)[0m
[1m[37m>>> HOSTPROCESS:: TIMING SUMMARY: TOTAL TIME ELAPSED: : Time Elapsed = 1025104478[micro seconds](Iteration 666)[0m
[1m[37m>>> HOSTPROCESS:: TIMING SUMMARY: TOTAL TIME ELAPSED: : Time Elapsed = 1025104[milli seconds](Iteration 666)[0m
[1m[37m>>> HOSTPROCESS:: TIMING SUMMARY: TOTAL TIME ELAPSED: : Time Elapsed = 1025[seconds](Iteration 666)[0m

