Hostprocess:: Graph Analytics Started...
utility:: USEHBMMEMORY DEFINED
utility:: NUMDRAMBANKS: 4
utility:: NUMWORKERS: 1
utility:: NUMSUBWORKERS: 1
utility:: NUM_PARTITIONS: 16
utility:: NUMSUBCPUTHREADS: 32
utility:: DATAWIDTH: 512
utility:: VECTOR_SIZE: 8
utility:: KVDATA_RANGE: 4194304
utility:: KVDATA_RANGE_POW: 22
utility:: BATCH_RANGE: 4194304
utility:: BATCH_RANGE_POW: 22
utility:: TREE_DEPTH: 3
utility:: KVDATA_RANGE_POW: 22
utility:: KVDATA_RANGE: 4194304
utility:: MESSAGES_SIZE: 1024
utility:: LOCKE DEFINED
utility:: sizeof(keyvalue_t): 8 bytes (64 bits)
utility:: sizeof(vertex_t): 4 bytes (32 bits)
utility:: sizeof(edge_t): 4 bytes (32 bits)
utility:: MESSAGESDRAMSZ: 1024
utility:: VERTEXPTRSSZ: 2162688
utility:: VERTEXPTRSSZ_KVS: 270336
utility:: VERTICESDATASZ: 2097152
utility:: VERTICESDATASZ_KVS: 262144
>> host[baseoffsets]:: BASEOFFSET_MESSAGESDATA: 0
>> host[baseoffsets]:: BASEOFFSET_MESSAGESDATA_KVS: 0
>> host[baseoffsets]:: KVSOURCEDRAMSZ: 33554432
>> host[baseoffsets]:: KVSOURCEDRAMSZ_KVS: 4194304
>> host[baseoffsets]:: PADDEDKVSOURCEDRAMSZ: 33554432
>> host[baseoffsets]:: PADDEDKVSOURCEDRAMSZ_KVS: 4194304
>> host[baseoffsets]:: VDRAMSZ: 33554432
>> host[baseoffsets]:: PADDEDVDRAMSZ: 33554432
>> host[baseoffsets]:: PADDEDVDRAMSZ_KVS: 4194304
>> host[sizes]:: MESSAGESDRAMSZ (keyvalues): 1024 keyvalues
>> host[sizes]:: VERTEXPTRSSZ (keyvalues): 2162688 keyvalues
>> host[sizes]:: VERTICESDATASZ (keyvalues): 2097152 keyvalues
>> host[sizes]:: ACTIVEVERTICESSZ (keyvalues): 0 keyvalues
>> host[sizes]:: VERTICESDATAMASKSZ (keyvalues): 131072 keyvalues
>> host[sizes]:: KVSTATSDRAMSZ (keyvalues): 65536 keyvalues
>> host[sizes]:: PADDEDVDRAMSZ (keyvalues): 33554432 keyvalues
>> host[sizes]:: PADDEDKVSOURCEDRAMSZ (keyvalues): 33554432 keyvalues
>> host[bytes]:: MESSAGESDRAMSZ (bytes): 8192 bytes
>> host[bytes]:: KVSTATSDRAMSZ (bytes): 524288 bytes
>> host[bytes]:: VERTEXPTRSSZ (bytes): 17301504 bytes
>> host[bytes]:: VERTICESDATASZ (bytes): 16777216 bytes
>> host[bytes]:: ACTIVEVERTICESSZ (bytes): 0 bytes
>> host[bytes]:: VERTICESDATAMASKSZ (bytes): 1048576 bytes
>> host[bytes]:: PADDEDVDRAMSZ (bytes): 268435456 bytes
>> host[bytes]:: PADDEDKVSOURCEDRAMSZ (bytes): 268435456 bytes
utility:: KVSTATSDRAMSZ: 65536
utility:: NUMLASTLEVELPARTITIONS: 4096
utility:: REDUCESZ_POW: 10
utility:: REDUCESZ: 1024
utility:: REDUCEBUFFERSZ: 512
utility:: VMASKBUFFERSZ_KVS: 32
utility:: NUMLASTLEVELPARTITIONS: 4096
utility:: ENABLE_KERNEL_PROFILING DEFINED: 
graph::graph constructor:: datasetid: 1, _numedgebanks: 1
graph::loadalldatasets:: 
graph::loadalldatasets finished. 
graph::printdataset: printing dataset parameters...
>>> graphtopname: soc-orkut
>>> graphname: soc-orkut_dup
>>> graph_path: /localtmp/oj2zf/dataset/soc-orkut/soc-orkut.mtx
>>> vertices_path: /localtmp/oj2zf/dataset/soc-orkut/soc-orkut.vertices
>>> edges_path: /localtmp/oj2zf/dataset/soc-orkut/soc-orkut.edges
>>> vertices_path_bin: /localtmp/oj2zf/dataset/soc-orkut/soc-orkut_bin.vertices
>>> edges_path_bin: /localtmp/oj2zf/dataset/soc-orkut/soc-orkut_bin.edges
>>> min_vertex: 0
>>> max_vertex: 2997166
>>> num_vertices: 2997166
>>> num_edges: 212698418
>>> graphdirectiontype: 6
>>> graphorder: 6
>>> graphgroup: 1
app::run_hw:: app algorithm started. 
graph::opentemporaryfilesforwriting : opening temporary files for writing...
Directory already exists.INFO: Successfully opened /localtmp/oj2zf/dataset/soc-orkut/soc-orkut_1by1/soc-orkut_dup.vdata
INFO: Successfully opened /localtmp/oj2zf/dataset/soc-orkut/soc-orkut_1by1/soc-orkut_dup.vproperties
graph::opentemporaryfilesforreading : opening temporary files for reading
INFO: Successfully opened /localtmp/oj2zf/dataset/soc-orkut/soc-orkut_1by1/soc-orkut_dup.vdata
INFO: Successfully opened /localtmp/oj2zf/dataset/soc-orkut/soc-orkut_1by1/soc-orkut_dup.vproperties
generating vertices data... 
graph::openfilesforreading : opening files for reading
INFO: Successfully opened /localtmp/oj2zf/dataset/soc-orkut/soc-orkut_1by1/soc-orkut_dup_0_0.vertexptrs
INFO: Successfully opened /localtmp/oj2zf/dataset/soc-orkut/soc-orkut_1by1/soc-orkut_dup_0_0.vertexptrs
INFO: Successfully opened /localtmp/oj2zf/dataset/soc-orkut/soc-orkut_1by1/soc-orkut_dup_0_0.edges
INFO: Successfully opened /localtmp/oj2zf/dataset/soc-orkut/soc-orkut_1by1/soc-orkut_dup_0_0.edges
loadedges_rowblockwise:: loading Acts... sizes: [[7820368, 7820368, 7820368, 7820368, 7820368, 7820368, 7820368, 7820368, 7820368, 7820368, 7820368, 7820368, 7820368, 7820368, 7820368, 7820368, 7820352, 7820352, 7820352, 7820352, 7820352, 7820352, 7820352, 7820352, 7820352, 7820352, 7820352, 7820352, 7820352, 7820352, 7820352, 7820352]]
loadedges_rowblockwise:: total sizes: 250251520
maxvptr: 7820368
app::loadvertexdata:: loading vertex datas... 
app::setrootvid:: setting root vid(s)... 
app::loadactvvertices:: loading active vertices... 
app::generatevmaskdata:: generating vmask... 
app::loadoffsetmarkers:: loading offset markers... 
app::loadmessages:: loading messages... 
[globalparams.BASEOFFSET_MESSAGESDATA: 0]
[globalparams.BASEOFFSETKVS_MESSAGESDATA: 0]
[globalparams.BASEOFFSET_EDGESDATA: 8192]
[globalparams.BASEOFFSETKVS_EDGESDATA: 1024]
[globalparams.BASEOFFSET_VERTEXPTR: 3983912]
[globalparams.BASEOFFSETKVS_VERTEXPTR: 497989]
[globalparams.BASEOFFSET_VERTICESDATA: 6146600]
[globalparams.BASEOFFSETKVS_VERTICESDATA: 768325]
[globalparams.BASEOFFSET_ACTIVEVERTICES: 8243752]
[globalparams.BASEOFFSETKVS_ACTIVEVERTICES: 1030469]
[globalparams.BASEOFFSET_VERTICESDATAMASK: 8243752]
[globalparams.BASEOFFSETKVS_VERTICESDATAMASK: 1030469]
[globalparams.BASEOFFSET_VERTICESPARTITIONMASK : 8374824]
[globalparams.BASEOFFSETKVS_VERTICESPARTITIONMASK: 1046853]
[globalparams.BASEOFFSET_STATSDRAM: 8378920]
[globalparams.BASEOFFSETKVS_STATSDRAM: 1047365]
[globalparams.BASEOFFSET_KVDRAM: 8903208]
[globalparams.BASEOFFSETKVS_KVDRAM: 1112901]
[globalparams.BASEOFFSET_KVDRAMWORKSPACE: 16724336]
[globalparams.BASEOFFSETKVS_KVDRAMWORKSPACE: 2090542]
[globalparams.SIZE_MESSAGESDRAM: 0]
[globalparams.SIZE_EDGES: 7821368]
[globalparams.SIZE_VERTEXPTRS: 4194304]
[globalparams.SIZE_VERTICESDATA: 4194304]
[globalparams.SIZE_ACTIVEVERTICES: 0]
[globalparams.SIZE_VERTICESDATAMASK: 131072]
[globalparams.SIZE_KVSTATSDRAM: 65536]
[globalparams.SIZE_KVDRAM: 7821128]
[globalparams.SIZE_KVDRAMWORKSPACE: 7821128]
[1m[37m>> host[sizes]:: PADDEDKVSOURCEDRAMSZ (keyvalues): 33554432 keyvalues[0m
[1m[37m>> host[bytes]:: PADDEDKVSOURCEDRAMSZ (bytes): 268435456 bytes[0m
[1m[37m>> host[sizes]:: valid workload space(not including temp space) (keyvalues): 8903208 keyvalues[0m
[1m[37m>> host[bytes]:: valid workload space(not including temp space) (keyvalues): 71225664 bytes. [0m
[1m[37m>> host[sizes]:: valid PADDEDKVSOURCEDRAMSZ (keyvalues): 24545464 keyvalues[0m
[1m[37m>> host[bytes]:: valid PADDEDKVSOURCEDRAMSZ (bytes): 196363712 bytes. (HBM max=268435456 bytes)[0m
loadmessages:: loading Acts... sizes: [[7820368, 7820368, 7820368, 7820368, 7820368, 7820368, 7820368, 7820368, 7820368, 7820368, 7820368, 7820368, 7820368, 7820368, 7820368, 7820368, 7820352, 7820352, 7820352, 7820352, 7820352, 7820352, 7820352, 7820352, 7820352, 7820352, 7820352, 7820352, 7820352, 7820352, 7820352, 7820352]]
loadmessages:: total sizes: 250251520
app::appendkeyvaluecount:: appending value count... 
app::experiements: resetting kvdram & kvdram workspaces...

utility::runsssp_sw:: running traditional sssp... 
utility::runsssp_sw: number of active vertices for iteration 0: 0
utility::runsssp_sw: number of active vertices for iteration 1: 12
utility::runsssp_sw: number of active vertices for iteration 2: 460
utility::runsssp_sw: number of active vertices for iteration 3: 25400
utility::runsssp_sw: number of active vertices for iteration 4: 728870
utility::runsssp_sw: number of active vertices for iteration 5: 2210225
utility::runsssp_sw: number of active vertices for iteration 6: 32166
utility::runsssp_sw: number of active vertices for iteration 7: 32
utility::runsssp_sw: number of active vertices for iteration 8: 0
no more activer vertices to process. breaking out... 
>>> utility::runsssp_sw: total_edges_processed: 212698418 edges (212 million edges)
>>> utility::runsssp_sw: total_time_elapsed: 3798 ms (3.798 s)
[1m[37m>>> utility::runsssp_sw: throughput: 5.60027e+07 edges/sec (56.0027 million edges/sec)[0m

[1m[37m>>> app::run_hw: app started. (1 active vertices)[0m
Found Platform
Platform Name: Xilinx
Found Device=xilinx_u280_xdma_201910_1
INFO: Reading /home/oj2zf/Documents/ActsOfAGraph/synkernels/goldenkernelproc32HW300MHz.xclbin
Loading: '/home/oj2zf/Documents/ActsOfAGraph/synkernels/goldenkernelproc32HW300MHz.xclbin'
INFO: Reading /home/oj2zf/Documents/ActsOfAGraph/synkernels/goldenkernelsync32HW300MHz.xclbin
Loading: '/home/oj2zf/Documents/ActsOfAGraph/synkernels/goldenkernelsync32HW300MHz.xclbin'
>>> goclkernel[actssync]:: running ACTS PROCESS (Iteration 0)...
>>> kernel (proc) 0 time elapsed: 0.643 ms, 643 microsecs, 
>>> kernel (proc) 1 time elapsed: 0.597 ms, 597 microsecs, 
>>> kernel (proc) 2 time elapsed: 0.634 ms, 634 microsecs, 
>>> kernel (proc) 3 time elapsed: 0.559 ms, 559 microsecs, 
>>> kernel (proc) 4 time elapsed: 0.635 ms, 635 microsecs, 
>>> kernel (proc) 5 time elapsed: 0.531 ms, 531 microsecs, 
>>> kernel (proc) 6 time elapsed: 0.638 ms, 638 microsecs, 
>>> kernel (proc) 7 time elapsed: 0.592 ms, 592 microsecs, 
>>> kernel (proc) 8 time elapsed: 0.632 ms, 632 microsecs, 
>>> kernel (proc) 9 time elapsed: 0.594 ms, 594 microsecs, 
>>> kernel (proc) 10 time elapsed: 0.639 ms, 639 microsecs, 
>>> kernel (proc) 11 time elapsed: 0.6 ms, 600 microsecs, 
>>> kernel (proc) 12 time elapsed: 0.643 ms, 643 microsecs, 
>>> kernel (proc) 13 time elapsed: 0.593 ms, 593 microsecs, 
>>> kernel (proc) 14 time elapsed: 0.582 ms, 582 microsecs, 
>>> kernel (proc) 15 time elapsed: 0.595 ms, 595 microsecs, 
>>> kernel (proc) 16 time elapsed: 0.584 ms, 584 microsecs, 
>>> kernel (proc) 17 time elapsed: 0.592 ms, 592 microsecs, 
>>> kernel (proc) 18 time elapsed: 0.636 ms, 636 microsecs, 
>>> kernel (proc) 19 time elapsed: 0.595 ms, 595 microsecs, 
>>> kernel (proc) 20 time elapsed: 0.64 ms, 640 microsecs, 
>>> kernel (proc) 21 time elapsed: 0.614 ms, 614 microsecs, 
>>> kernel (proc) 22 time elapsed: 0.634 ms, 634 microsecs, 
>>> kernel (proc) 23 time elapsed: 0.61 ms, 610 microsecs, 
>>> kernel (proc) 24 time elapsed: 0.637 ms, 637 microsecs, 
>>> kernel (proc) 25 time elapsed: 0.6 ms, 600 microsecs, 
>>> kernel (proc) 26 time elapsed: 0.632 ms, 632 microsecs, 
>>> kernel (proc) 27 time elapsed: 0.543 ms, 543 microsecs, 
>>> kernel (proc) 28 time elapsed: 0.642 ms, 642 microsecs, 
>>> kernel (proc) 29 time elapsed: 0.596 ms, 596 microsecs, 
>>> kernel (proc) 30 time elapsed: 0.64 ms, 640 microsecs, 
>>> kernel (proc) 31 time elapsed: 0.594 ms, 594 microsecs, 
>>> SUMMARY: kernel (proc) average time elapsed for Iteration 0: 0.517355(0.517355) ms, 0.540871(0.0235161) ms, 0.608161(0.0672903) ms, 
>>> goclkernel[actssync]:: running ACTS SYNCHRONZE (Iteration 0)
>>> kernel (sync) time elapsed: 7.661 ms, 7661 microsecs, 
>>> kernel (sync) time elapsed: 0.875 ms, 875 microsecs, 
>>> kernel (sync) time elapsed: 0.923 ms, 923 microsecs, 
>>> kernel (sync) time elapsed: 0.929 ms, 929 microsecs, 
>>> kernel (sync) time elapsed: 1.012 ms, 1012 microsecs, 
>>> kernel (sync) time elapsed: 1.003 ms, 1003 microsecs, 

active partitions for iteration 1: 0, 
>>> goclkernel[actssync]:: running ACTS PROCESS (Iteration 1)...
>>> kernel (proc) 0 time elapsed: 0.502 ms, 502 microsecs, 
>>> kernel (proc) 1 time elapsed: 0.669 ms, 669 microsecs, 
>>> kernel (proc) 2 time elapsed: 0.671 ms, 671 microsecs, 
>>> kernel (proc) 3 time elapsed: 0.614 ms, 614 microsecs, 
>>> kernel (proc) 4 time elapsed: 0.672 ms, 672 microsecs, 
>>> kernel (proc) 5 time elapsed: 0.668 ms, 668 microsecs, 
>>> kernel (proc) 6 time elapsed: 0.667 ms, 667 microsecs, 
>>> kernel (proc) 7 time elapsed: 0.668 ms, 668 microsecs, 
>>> kernel (proc) 8 time elapsed: 0.679 ms, 679 microsecs, 
>>> kernel (proc) 9 time elapsed: 0.652 ms, 652 microsecs, 
>>> kernel (proc) 10 time elapsed: 0.598 ms, 598 microsecs, 
>>> kernel (proc) 11 time elapsed: 0.648 ms, 648 microsecs, 
>>> kernel (proc) 12 time elapsed: 0.598 ms, 598 microsecs, 
>>> kernel (proc) 13 time elapsed: 0.655 ms, 655 microsecs, 
>>> kernel (proc) 14 time elapsed: 0.652 ms, 652 microsecs, 
>>> kernel (proc) 15 time elapsed: 0.654 ms, 654 microsecs, 
>>> kernel (proc) 16 time elapsed: 0.659 ms, 659 microsecs, 
>>> kernel (proc) 17 time elapsed: 0.652 ms, 652 microsecs, 
>>> kernel (proc) 18 time elapsed: 0.651 ms, 651 microsecs, 
>>> kernel (proc) 19 time elapsed: 0.652 ms, 652 microsecs, 
>>> kernel (proc) 20 time elapsed: 0.656 ms, 656 microsecs, 
>>> kernel (proc) 21 time elapsed: 0.65 ms, 650 microsecs, 
>>> kernel (proc) 22 time elapsed: 0.653 ms, 653 microsecs, 
>>> kernel (proc) 23 time elapsed: 0.658 ms, 658 microsecs, 
>>> kernel (proc) 24 time elapsed: 0.605 ms, 605 microsecs, 
>>> kernel (proc) 25 time elapsed: 0.656 ms, 656 microsecs, 
>>> kernel (proc) 26 time elapsed: 0.656 ms, 656 microsecs, 
>>> kernel (proc) 27 time elapsed: 0.603 ms, 603 microsecs, 
>>> kernel (proc) 28 time elapsed: 0.6 ms, 600 microsecs, 
>>> kernel (proc) 29 time elapsed: 0.661 ms, 661 microsecs, 
>>> kernel (proc) 30 time elapsed: 0.659 ms, 659 microsecs, 
>>> kernel (proc) 31 time elapsed: 0.654 ms, 654 microsecs, 
>>> SUMMARY: kernel (proc) average time elapsed for Iteration 1: 0.542742(0.542742) ms, 0.555419(0.0126774) ms, 0.648065(0.0926452) ms, 
>>> goclkernel[actssync]:: running ACTS SYNCHRONZE (Iteration 1)
>>> kernel (sync) time elapsed: 7.456 ms, 7456 microsecs, 
>>> kernel (sync) time elapsed: 1.123 ms, 1123 microsecs, 
>>> kernel (sync) time elapsed: 0.947 ms, 947 microsecs, 
>>> kernel (sync) time elapsed: 0.953 ms, 953 microsecs, 
>>> kernel (sync) time elapsed: 1.304 ms, 1304 microsecs, 
>>> kernel (sync) time elapsed: 1.038 ms, 1038 microsecs, 

active partitions for iteration 2: 0, 1, 
>>> goclkernel[actssync]:: running ACTS PROCESS (Iteration 2)...
>>> kernel (proc) 0 time elapsed: 1.306 ms, 1306 microsecs, 
>>> kernel (proc) 1 time elapsed: 1.294 ms, 1294 microsecs, 
>>> kernel (proc) 2 time elapsed: 1.248 ms, 1248 microsecs, 
>>> kernel (proc) 3 time elapsed: 1.345 ms, 1345 microsecs, 
>>> kernel (proc) 4 time elapsed: 1.384 ms, 1384 microsecs, 
>>> kernel (proc) 5 time elapsed: 1.298 ms, 1298 microsecs, 
>>> kernel (proc) 6 time elapsed: 1.072 ms, 1072 microsecs, 
>>> kernel (proc) 7 time elapsed: 1.258 ms, 1258 microsecs, 
>>> kernel (proc) 8 time elapsed: 1.324 ms, 1324 microsecs, 
>>> kernel (proc) 9 time elapsed: 1.304 ms, 1304 microsecs, 
>>> kernel (proc) 10 time elapsed: 1.311 ms, 1311 microsecs, 
>>> kernel (proc) 11 time elapsed: 1.349 ms, 1349 microsecs, 
>>> kernel (proc) 12 time elapsed: 1.26 ms, 1260 microsecs, 
>>> kernel (proc) 13 time elapsed: 1.303 ms, 1303 microsecs, 
>>> kernel (proc) 14 time elapsed: 1.248 ms, 1248 microsecs, 
>>> kernel (proc) 15 time elapsed: 1.417 ms, 1417 microsecs, 
>>> kernel (proc) 16 time elapsed: 1.304 ms, 1304 microsecs, 
>>> kernel (proc) 17 time elapsed: 1.237 ms, 1237 microsecs, 
>>> kernel (proc) 18 time elapsed: 1.34 ms, 1340 microsecs, 
>>> kernel (proc) 19 time elapsed: 1.263 ms, 1263 microsecs, 
>>> kernel (proc) 20 time elapsed: 1.316 ms, 1316 microsecs, 
>>> kernel (proc) 21 time elapsed: 1.264 ms, 1264 microsecs, 
>>> kernel (proc) 22 time elapsed: 1.217 ms, 1217 microsecs, 
>>> kernel (proc) 23 time elapsed: 1.306 ms, 1306 microsecs, 
>>> kernel (proc) 24 time elapsed: 1.138 ms, 1138 microsecs, 
>>> kernel (proc) 25 time elapsed: 1.294 ms, 1294 microsecs, 
>>> kernel (proc) 26 time elapsed: 1.329 ms, 1329 microsecs, 
>>> kernel (proc) 27 time elapsed: 1.271 ms, 1271 microsecs, 
>>> kernel (proc) 28 time elapsed: 1.201 ms, 1201 microsecs, 
>>> kernel (proc) 29 time elapsed: 1.327 ms, 1327 microsecs, 
>>> kernel (proc) 30 time elapsed: 1.085 ms, 1085 microsecs, 
>>> kernel (proc) 31 time elapsed: 1.34 ms, 1340 microsecs, 
>>> SUMMARY: kernel (proc) average time elapsed for Iteration 2: 0.614484(0.614484) ms, 0.630258(0.0157742) ms, 1.27894(0.648677) ms, 
>>> goclkernel[actssync]:: running ACTS SYNCHRONZE (Iteration 2)
>>> kernel (sync) time elapsed: 8.553 ms, 8553 microsecs, 
>>> kernel (sync) time elapsed: 1.88 ms, 1880 microsecs, 
>>> kernel (sync) time elapsed: 1.979 ms, 1979 microsecs, 
>>> kernel (sync) time elapsed: 1.905 ms, 1905 microsecs, 
>>> kernel (sync) time elapsed: 2.055 ms, 2055 microsecs, 
>>> kernel (sync) time elapsed: 1.96 ms, 1960 microsecs, 

active partitions for iteration 3: 0, 1, 2, 3, 4, 5, 6, 7, 8, 9, 10, 11, 12, 13, 14, 15, 16, 17, 18, 19, 20, 21, 22, 23, 24, 25, 26, 27, 28, 29, 30, 31, 32, 33, 34, 35, 36, 37, 38, 39, 40, 41, 42, 43, 44, 45, 46, 47, 48, 
>>> goclkernel[actssync]:: running ACTS PROCESS (Iteration 3)...
>>> kernel (proc) 0 time elapsed: 6.655 ms, 6655 microsecs, 
>>> kernel (proc) 1 time elapsed: 6.637 ms, 6637 microsecs, 
>>> kernel (proc) 2 time elapsed: 6.666 ms, 6666 microsecs, 
>>> kernel (proc) 3 time elapsed: 6.677 ms, 6677 microsecs, 
>>> kernel (proc) 4 time elapsed: 6.651 ms, 6651 microsecs, 
>>> kernel (proc) 5 time elapsed: 6.662 ms, 6662 microsecs, 
>>> kernel (proc) 6 time elapsed: 6.686 ms, 6686 microsecs, 
>>> kernel (proc) 7 time elapsed: 6.644 ms, 6644 microsecs, 
>>> kernel (proc) 8 time elapsed: 6.647 ms, 6647 microsecs, 
>>> kernel (proc) 9 time elapsed: 6.662 ms, 6662 microsecs, 
>>> kernel (proc) 10 time elapsed: 6.683 ms, 6683 microsecs, 
>>> kernel (proc) 11 time elapsed: 6.664 ms, 6664 microsecs, 
>>> kernel (proc) 12 time elapsed: 6.664 ms, 6664 microsecs, 
>>> kernel (proc) 13 time elapsed: 6.703 ms, 6703 microsecs, 
>>> kernel (proc) 14 time elapsed: 6.676 ms, 6676 microsecs, 
>>> kernel (proc) 15 time elapsed: 6.658 ms, 6658 microsecs, 
>>> kernel (proc) 16 time elapsed: 6.674 ms, 6674 microsecs, 
>>> kernel (proc) 17 time elapsed: 6.681 ms, 6681 microsecs, 
>>> kernel (proc) 18 time elapsed: 6.656 ms, 6656 microsecs, 
>>> kernel (proc) 19 time elapsed: 6.636 ms, 6636 microsecs, 
>>> kernel (proc) 20 time elapsed: 6.647 ms, 6647 microsecs, 
>>> kernel (proc) 21 time elapsed: 6.673 ms, 6673 microsecs, 
>>> kernel (proc) 22 time elapsed: 6.671 ms, 6671 microsecs, 
>>> kernel (proc) 23 time elapsed: 6.654 ms, 6654 microsecs, 
>>> kernel (proc) 24 time elapsed: 6.641 ms, 6641 microsecs, 
>>> kernel (proc) 25 time elapsed: 6.612 ms, 6612 microsecs, 
>>> kernel (proc) 26 time elapsed: 6.654 ms, 6654 microsecs, 
>>> kernel (proc) 27 time elapsed: 6.661 ms, 6661 microsecs, 
>>> kernel (proc) 28 time elapsed: 6.686 ms, 6686 microsecs, 
>>> kernel (proc) 29 time elapsed: 6.599 ms, 6599 microsecs, 
>>> kernel (proc) 30 time elapsed: 6.654 ms, 6654 microsecs, 
>>> kernel (proc) 31 time elapsed: 6.66 ms, 6660 microsecs, 
>>> SUMMARY: kernel (proc) average time elapsed for Iteration 3: 3.12942(3.12942) ms, 3.52023(0.390806) ms, 6.65932(3.1391) ms, 
>>> goclkernel[actssync]:: running ACTS SYNCHRONZE (Iteration 3)
>>> kernel (sync) time elapsed: 11.354 ms, 11354 microsecs, 
>>> kernel (sync) time elapsed: 4.447 ms, 4447 microsecs, 
>>> kernel (sync) time elapsed: 4.456 ms, 4456 microsecs, 
>>> kernel (sync) time elapsed: 4.561 ms, 4561 microsecs, 
>>> kernel (sync) time elapsed: 4.625 ms, 4625 microsecs, 
>>> kernel (sync) time elapsed: 4.598 ms, 4598 microsecs, 

active partitions for iteration 4: 0, 1, 2, 3, 4, 5, 6, 7, 8, 9, 10, 11, 12, 13, 14, 15, 16, 17, 18, 19, 20, 21, 22, 23, 24, 25, 26, 27, 28, 29, 30, 31, 32, 33, 34, 35, 36, 37, 38, 39, 40, 41, 42, 43, 44, 45, 46, 47, 48, 49, 50, 51, 52, 53, 54, 55, 56, 57, 58, 59, 60, 61, 62, 63, 64, 65, 66, 67, 68, 69, 70, 71, 72, 73, 74, 75, 76, 77, 78, 79, 80, 81, 82, 83, 84, 85, 86, 87, 88, 89, 90, 91, 92, 93, 94, 95, 96, 97, 98, 99, 100, 101, 102, 103, 104, 105, 106, 107, 108, 109, 110, 111, 112, 113, 114, 115, 116, 117, 118, 119, 120, 121, 122, 123, 124, 125, 126, 127, 128, 129, 130, 131, 132, 133, 134, 135, 136, 137, 138, 139, 140, 141, 142, 143, 144, 145, 146, 147, 148, 149, 150, 151, 152, 153, 154, 155, 156, 157, 158, 159, 160, 161, 162, 163, 164, 165, 166, 167, 168, 169, 170, 171, 172, 173, 174, 175, 176, 177, 178, 179, 180, 181, 182, 
>>> goclkernel[actssync]:: running ACTS PROCESS (Iteration 4)...
>>> kernel (proc) 0 time elapsed: 31.683 ms, 31683 microsecs, 
>>> kernel (proc) 1 time elapsed: 31.642 ms, 31642 microsecs, 
>>> kernel (proc) 2 time elapsed: 31.603 ms, 31603 microsecs, 
>>> kernel (proc) 3 time elapsed: 31.605 ms, 31605 microsecs, 
>>> kernel (proc) 4 time elapsed: 31.64 ms, 31640 microsecs, 
>>> kernel (proc) 5 time elapsed: 31.637 ms, 31637 microsecs, 
>>> kernel (proc) 6 time elapsed: 31.606 ms, 31606 microsecs, 
>>> kernel (proc) 7 time elapsed: 31.634 ms, 31634 microsecs, 
>>> kernel (proc) 8 time elapsed: 31.625 ms, 31625 microsecs, 
>>> kernel (proc) 9 time elapsed: 31.606 ms, 31606 microsecs, 
>>> kernel (proc) 10 time elapsed: 31.615 ms, 31615 microsecs, 
>>> kernel (proc) 11 time elapsed: 31.627 ms, 31627 microsecs, 
>>> kernel (proc) 12 time elapsed: 31.62 ms, 31620 microsecs, 
>>> kernel (proc) 13 time elapsed: 31.645 ms, 31645 microsecs, 
>>> kernel (proc) 14 time elapsed: 31.627 ms, 31627 microsecs, 
>>> kernel (proc) 15 time elapsed: 31.563 ms, 31563 microsecs, 
>>> kernel (proc) 16 time elapsed: 31.577 ms, 31577 microsecs, 
>>> kernel (proc) 17 time elapsed: 31.608 ms, 31608 microsecs, 
>>> kernel (proc) 18 time elapsed: 31.62 ms, 31620 microsecs, 
>>> kernel (proc) 19 time elapsed: 31.635 ms, 31635 microsecs, 
>>> kernel (proc) 20 time elapsed: 31.59 ms, 31590 microsecs, 
>>> kernel (proc) 21 time elapsed: 31.578 ms, 31578 microsecs, 
>>> kernel (proc) 22 time elapsed: 31.598 ms, 31598 microsecs, 
>>> kernel (proc) 23 time elapsed: 31.568 ms, 31568 microsecs, 
>>> kernel (proc) 24 time elapsed: 31.585 ms, 31585 microsecs, 
>>> kernel (proc) 25 time elapsed: 31.576 ms, 31576 microsecs, 
>>> kernel (proc) 26 time elapsed: 31.583 ms, 31583 microsecs, 
>>> kernel (proc) 27 time elapsed: 31.61 ms, 31610 microsecs, 
>>> kernel (proc) 28 time elapsed: 31.574 ms, 31574 microsecs, 
>>> kernel (proc) 29 time elapsed: 31.613 ms, 31613 microsecs, 
>>> kernel (proc) 30 time elapsed: 31.604 ms, 31604 microsecs, 
>>> kernel (proc) 31 time elapsed: 31.594 ms, 31594 microsecs, 
>>> SUMMARY: kernel (proc) average time elapsed for Iteration 4: 13.037(13.037) ms, 19.1014(6.06439) ms, 31.6067(12.5054) ms, 
>>> goclkernel[actssync]:: running ACTS SYNCHRONZE (Iteration 4)
>>> kernel (sync) time elapsed: 11.364 ms, 11364 microsecs, 
>>> kernel (sync) time elapsed: 4.54 ms, 4540 microsecs, 
>>> kernel (sync) time elapsed: 4.469 ms, 4469 microsecs, 
>>> kernel (sync) time elapsed: 4.462 ms, 4462 microsecs, 
>>> kernel (sync) time elapsed: 4.738 ms, 4738 microsecs, 
>>> kernel (sync) time elapsed: 4.619 ms, 4619 microsecs, 

active partitions for iteration 5: 0, 1, 2, 3, 4, 5, 6, 7, 8, 9, 10, 11, 12, 13, 14, 15, 16, 17, 18, 19, 20, 21, 22, 23, 24, 25, 26, 27, 28, 29, 30, 31, 32, 33, 34, 35, 36, 37, 38, 39, 40, 41, 42, 43, 44, 45, 46, 47, 48, 49, 50, 51, 52, 53, 54, 55, 56, 57, 58, 59, 60, 61, 62, 63, 64, 65, 66, 67, 68, 69, 70, 71, 72, 73, 74, 75, 76, 77, 78, 79, 80, 81, 82, 83, 84, 85, 86, 87, 88, 89, 90, 91, 92, 93, 94, 95, 96, 97, 98, 99, 100, 101, 102, 103, 104, 105, 106, 107, 108, 109, 110, 111, 112, 113, 114, 115, 116, 117, 118, 119, 120, 121, 122, 123, 124, 125, 126, 127, 128, 129, 130, 131, 132, 133, 134, 135, 136, 137, 138, 139, 140, 141, 142, 143, 144, 145, 146, 147, 148, 149, 150, 151, 152, 153, 154, 155, 156, 157, 158, 159, 160, 161, 162, 163, 164, 165, 166, 167, 168, 169, 170, 171, 172, 173, 174, 175, 176, 177, 178, 179, 180, 181, 182, 
>>> goclkernel[actssync]:: running ACTS PROCESS (Iteration 5)...
>>> kernel (proc) 0 time elapsed: 47.347 ms, 47347 microsecs, 
>>> kernel (proc) 1 time elapsed: 47.297 ms, 47297 microsecs, 
>>> kernel (proc) 2 time elapsed: 47.288 ms, 47288 microsecs, 
>>> kernel (proc) 3 time elapsed: 47.346 ms, 47346 microsecs, 
>>> kernel (proc) 4 time elapsed: 47.352 ms, 47352 microsecs, 
>>> kernel (proc) 5 time elapsed: 47.332 ms, 47332 microsecs, 
>>> kernel (proc) 6 time elapsed: 47.338 ms, 47338 microsecs, 
>>> kernel (proc) 7 time elapsed: 47.43 ms, 47430 microsecs, 
>>> kernel (proc) 8 time elapsed: 47.493 ms, 47493 microsecs, 
>>> kernel (proc) 9 time elapsed: 47.519 ms, 47519 microsecs, 
>>> kernel (proc) 10 time elapsed: 47.355 ms, 47355 microsecs, 
>>> kernel (proc) 11 time elapsed: 47.499 ms, 47499 microsecs, 
>>> kernel (proc) 12 time elapsed: 47.472 ms, 47472 microsecs, 
>>> kernel (proc) 13 time elapsed: 47.507 ms, 47507 microsecs, 
>>> kernel (proc) 14 time elapsed: 47.46 ms, 47460 microsecs, 
>>> kernel (proc) 15 time elapsed: 47.488 ms, 47488 microsecs, 
>>> kernel (proc) 16 time elapsed: 47.472 ms, 47472 microsecs, 
>>> kernel (proc) 17 time elapsed: 47.513 ms, 47513 microsecs, 
>>> kernel (proc) 18 time elapsed: 47.457 ms, 47457 microsecs, 
>>> kernel (proc) 19 time elapsed: 47.512 ms, 47512 microsecs, 
>>> kernel (proc) 20 time elapsed: 47.532 ms, 47532 microsecs, 
>>> kernel (proc) 21 time elapsed: 47.478 ms, 47478 microsecs, 
>>> kernel (proc) 22 time elapsed: 47.533 ms, 47533 microsecs, 
>>> kernel (proc) 23 time elapsed: 47.469 ms, 47469 microsecs, 
>>> kernel (proc) 24 time elapsed: 47.496 ms, 47496 microsecs, 
>>> kernel (proc) 25 time elapsed: 47.449 ms, 47449 microsecs, 
>>> kernel (proc) 26 time elapsed: 47.439 ms, 47439 microsecs, 
>>> kernel (proc) 27 time elapsed: 47.492 ms, 47492 microsecs, 
>>> kernel (proc) 28 time elapsed: 47.448 ms, 47448 microsecs, 
>>> kernel (proc) 29 time elapsed: 47.366 ms, 47366 microsecs, 
>>> kernel (proc) 30 time elapsed: 47.425 ms, 47425 microsecs, 
>>> kernel (proc) 31 time elapsed: 47.41 ms, 47410 microsecs, 
>>> SUMMARY: kernel (proc) average time elapsed for Iteration 5: 15.6905(15.6905) ms, 26.206(10.5155) ms, 47.4409(21.2349) ms, 
>>> goclkernel[actssync]:: running ACTS SYNCHRONZE (Iteration 5)
>>> kernel (sync) time elapsed: 11.168 ms, 11168 microsecs, 
>>> kernel (sync) time elapsed: 4.478 ms, 4478 microsecs, 
>>> kernel (sync) time elapsed: 4.563 ms, 4563 microsecs, 
>>> kernel (sync) time elapsed: 4.473 ms, 4473 microsecs, 
>>> kernel (sync) time elapsed: 4.636 ms, 4636 microsecs, 
>>> kernel (sync) time elapsed: 4.712 ms, 4712 microsecs, 

active partitions for iteration 6: 3, 4, 5, 6, 7, 8, 9, 10, 11, 12, 13, 14, 15, 16, 17, 18, 19, 20, 21, 22, 24, 25, 26, 27, 28, 29, 30, 31, 32, 33, 34, 35, 36, 37, 38, 39, 40, 41, 42, 43, 44, 45, 46, 47, 48, 49, 50, 51, 52, 53, 54, 55, 56, 57, 58, 59, 60, 61, 62, 63, 64, 65, 66, 67, 68, 69, 70, 71, 72, 73, 74, 75, 76, 77, 78, 79, 80, 81, 82, 83, 84, 85, 86, 87, 88, 89, 90, 91, 92, 93, 94, 95, 96, 97, 98, 99, 100, 101, 102, 103, 104, 105, 106, 107, 108, 109, 110, 111, 112, 113, 114, 115, 116, 117, 118, 119, 120, 121, 122, 123, 124, 125, 126, 127, 128, 129, 130, 131, 132, 133, 134, 135, 136, 137, 138, 139, 140, 141, 142, 143, 144, 145, 146, 147, 148, 149, 150, 151, 152, 153, 154, 155, 156, 157, 158, 159, 160, 161, 162, 163, 164, 165, 166, 167, 168, 169, 170, 171, 172, 173, 174, 175, 176, 177, 178, 179, 180, 181, 182, 
>>> goclkernel[actssync]:: running ACTS PROCESS (Iteration 6)...
>>> kernel (proc) 0 time elapsed: 10.488 ms, 10488 microsecs, 
>>> kernel (proc) 1 time elapsed: 10.48 ms, 10480 microsecs, 
>>> kernel (proc) 2 time elapsed: 10.491 ms, 10491 microsecs, 
>>> kernel (proc) 3 time elapsed: 10.56 ms, 10560 microsecs, 
>>> kernel (proc) 4 time elapsed: 10.556 ms, 10556 microsecs, 
>>> kernel (proc) 5 time elapsed: 10.551 ms, 10551 microsecs, 
>>> kernel (proc) 6 time elapsed: 10.533 ms, 10533 microsecs, 
>>> kernel (proc) 7 time elapsed: 10.497 ms, 10497 microsecs, 
>>> kernel (proc) 8 time elapsed: 10.53 ms, 10530 microsecs, 
>>> kernel (proc) 9 time elapsed: 10.53 ms, 10530 microsecs, 
>>> kernel (proc) 10 time elapsed: 10.538 ms, 10538 microsecs, 
>>> kernel (proc) 11 time elapsed: 10.529 ms, 10529 microsecs, 
>>> kernel (proc) 12 time elapsed: 10.484 ms, 10484 microsecs, 
>>> kernel (proc) 13 time elapsed: 10.504 ms, 10504 microsecs, 
>>> kernel (proc) 14 time elapsed: 10.511 ms, 10511 microsecs, 
>>> kernel (proc) 15 time elapsed: 10.509 ms, 10509 microsecs, 
>>> kernel (proc) 16 time elapsed: 10.532 ms, 10532 microsecs, 
>>> kernel (proc) 17 time elapsed: 10.516 ms, 10516 microsecs, 
>>> kernel (proc) 18 time elapsed: 10.478 ms, 10478 microsecs, 
>>> kernel (proc) 19 time elapsed: 10.513 ms, 10513 microsecs, 
>>> kernel (proc) 20 time elapsed: 10.49 ms, 10490 microsecs, 
>>> kernel (proc) 21 time elapsed: 10.524 ms, 10524 microsecs, 
>>> kernel (proc) 22 time elapsed: 10.508 ms, 10508 microsecs, 
>>> kernel (proc) 23 time elapsed: 10.519 ms, 10519 microsecs, 
>>> kernel (proc) 24 time elapsed: 10.537 ms, 10537 microsecs, 
>>> kernel (proc) 25 time elapsed: 10.517 ms, 10517 microsecs, 
>>> kernel (proc) 26 time elapsed: 10.525 ms, 10525 microsecs, 
>>> kernel (proc) 27 time elapsed: 10.528 ms, 10528 microsecs, 
>>> kernel (proc) 28 time elapsed: 10.524 ms, 10524 microsecs, 
>>> kernel (proc) 29 time elapsed: 10.543 ms, 10543 microsecs, 
>>> kernel (proc) 30 time elapsed: 10.534 ms, 10534 microsecs, 
>>> kernel (proc) 31 time elapsed: 10.504 ms, 10504 microsecs, 
>>> SUMMARY: kernel (proc) average time elapsed for Iteration 6: 7.74723(7.74723) ms, 8.06552(0.31829) ms, 10.5192(2.45368) ms, 
>>> goclkernel[actssync]:: running ACTS SYNCHRONZE (Iteration 6)
>>> kernel (sync) time elapsed: 11.3 ms, 11300 microsecs, 
>>> kernel (sync) time elapsed: 4.437 ms, 4437 microsecs, 
>>> kernel (sync) time elapsed: 4.539 ms, 4539 microsecs, 
>>> kernel (sync) time elapsed: 4.477 ms, 4477 microsecs, 
>>> kernel (sync) time elapsed: 4.606 ms, 4606 microsecs, 
>>> kernel (sync) time elapsed: 4.596 ms, 4596 microsecs, 

active partitions for iteration 7: 56, 74, 90, 93, 107, 110, 121, 123, 124, 128, 129, 130, 134, 135, 136, 141, 142, 145, 146, 148, 149, 153, 154, 155, 156, 175, 176, 177, 
>>> goclkernel[actssync]:: running ACTS PROCESS (Iteration 7)...
>>> kernel (proc) 0 time elapsed: 1.667 ms, 1667 microsecs, 
>>> kernel (proc) 1 time elapsed: 1.447 ms, 1447 microsecs, 
>>> kernel (proc) 2 time elapsed: 1.635 ms, 1635 microsecs, 
>>> kernel (proc) 3 time elapsed: 1.531 ms, 1531 microsecs, 
>>> kernel (proc) 4 time elapsed: 1.598 ms, 1598 microsecs, 
>>> kernel (proc) 5 time elapsed: 1.555 ms, 1555 microsecs, 
>>> kernel (proc) 6 time elapsed: 1.608 ms, 1608 microsecs, 
>>> kernel (proc) 7 time elapsed: 1.564 ms, 1564 microsecs, 
>>> kernel (proc) 8 time elapsed: 1.592 ms, 1592 microsecs, 
>>> kernel (proc) 9 time elapsed: 1.529 ms, 1529 microsecs, 
>>> kernel (proc) 10 time elapsed: 1.593 ms, 1593 microsecs, 
>>> kernel (proc) 11 time elapsed: 1.526 ms, 1526 microsecs, 
>>> kernel (proc) 12 time elapsed: 1.62 ms, 1620 microsecs, 
>>> kernel (proc) 13 time elapsed: 1.536 ms, 1536 microsecs, 
>>> kernel (proc) 14 time elapsed: 1.584 ms, 1584 microsecs, 
>>> kernel (proc) 15 time elapsed: 1.571 ms, 1571 microsecs, 
>>> kernel (proc) 16 time elapsed: 1.58 ms, 1580 microsecs, 
>>> kernel (proc) 17 time elapsed: 1.573 ms, 1573 microsecs, 
>>> kernel (proc) 18 time elapsed: 1.614 ms, 1614 microsecs, 
>>> kernel (proc) 19 time elapsed: 1.538 ms, 1538 microsecs, 
>>> kernel (proc) 20 time elapsed: 1.607 ms, 1607 microsecs, 
>>> kernel (proc) 21 time elapsed: 1.528 ms, 1528 microsecs, 
>>> kernel (proc) 22 time elapsed: 1.607 ms, 1607 microsecs, 
>>> kernel (proc) 23 time elapsed: 1.54 ms, 1540 microsecs, 
>>> kernel (proc) 24 time elapsed: 1.613 ms, 1613 microsecs, 
>>> kernel (proc) 25 time elapsed: 1.583 ms, 1583 microsecs, 
>>> kernel (proc) 26 time elapsed: 1.591 ms, 1591 microsecs, 
>>> kernel (proc) 27 time elapsed: 1.571 ms, 1571 microsecs, 
>>> kernel (proc) 28 time elapsed: 1.577 ms, 1577 microsecs, 
>>> kernel (proc) 29 time elapsed: 1.551 ms, 1551 microsecs, 
>>> kernel (proc) 30 time elapsed: 1.633 ms, 1633 microsecs, 
>>> kernel (proc) 31 time elapsed: 1.58 ms, 1580 microsecs, 
>>> SUMMARY: kernel (proc) average time elapsed for Iteration 7: 1.47581(1.47581) ms, 1.47768(0.00187097) ms, 1.57339(0.0957097) ms, 
>>> goclkernel[actssync]:: running ACTS SYNCHRONZE (Iteration 7)
>>> kernel (sync) time elapsed: 8.539 ms, 8539 microsecs, 
>>> kernel (sync) time elapsed: 1.344 ms, 1344 microsecs, 
>>> kernel (sync) time elapsed: 1.379 ms, 1379 microsecs, 
>>> kernel (sync) time elapsed: 1.504 ms, 1504 microsecs, 
>>> kernel (sync) time elapsed: 1.477 ms, 1477 microsecs, 
>>> kernel (sync) time elapsed: 1.456 ms, 1456 microsecs, 

active partitions for iteration 8: 
goclkernel::runapp2: no more active vertices to process. exiting... 
[1m[37m>>> SUMMARY: Total kernel time: 112.326 ms[0m

[1m[37m>>> app::run_hw: THROUGHPUT SUMMARY DETAILS: [0m
0.0231949, 0.510288, 0.0210974, [Iter 0 throughput: 0.0108141][Iter 0 edges processed: 12]
1.06865, 45.7506, 0.948262, [Iter 1 throughput: 0.496973][Iter 1 edges processed: 580]
62.8007, 2446.4, 23.6941, [Iter 2 throughput: 17.0833][Iter 2 edges processed: 38590]
1052.79, 8430.31, 605.84, [Iter 3 throughput: 367.772][Iter 3 edges processed: 3.29462e+06]
5667.54, 12183.8, 4987.4, [Iter 4 throughput: 2178.53][Iter 4 edges processed: 7.38875e+07]
8610.69, 12848.3, 5727.03, [Iter 5 throughput: 2713.14][Iter 5 edges processed: 1.35106e+08]
47.9049, 1166.01, 78.105, [Iter 6 throughput: 28.9556][Iter 6 edges processed: 371130]
0.035235, 27.7931, 0.063129, [Iter 7 throughput: 0.0225951][Iter 7 edges processed: 52]

>>> app::run_hw: total_edges_processed: 212698418 edges (212 million edges)
>>> app::run_hw: total_time_elapsed: 112.326 ms (0.112326 s)
[1m[37m>>> app::run_hw: throughput: 1.89359e+09 edges/sec (1893.59 million edges/sec)[0m

utility::runsssp_sw:: running traditional sssp... 
utility::runsssp_sw: number of active vertices for iteration 0: 0
utility::runsssp_sw: number of active vertices for iteration 1: 12
utility::runsssp_sw: number of active vertices for iteration 2: 460
utility::runsssp_sw: number of active vertices for iteration 3: 25400
utility::runsssp_sw: number of active vertices for iteration 4: 728870
utility::runsssp_sw: number of active vertices for iteration 5: 2210225
utility::runsssp_sw: number of active vertices for iteration 6: 32166
utility::runsssp_sw: number of active vertices for iteration 7: 32
utility::runsssp_sw: number of active vertices for iteration 8: 0
no more activer vertices to process. breaking out... 
>>> utility::runsssp_sw: total_edges_processed: 212698418 edges (212 million edges)
>>> utility::runsssp_sw: total_time_elapsed: 4376 ms (4.376 s)
[1m[37m>>> utility::runsssp_sw: throughput: 4.86057e+07 edges/sec (48.6057 million edges/sec)[0m

app::verifyresults_hw: verifying vertex data... 
utility::printvalues::app::verifyresults_hw.vdatas: verifying results after kernel run:: printing first 16 values
values[0]: 1
values[1]: 12
values[2]: 460
values[3]: 25399
values[4]: 728863
values[5]: 2210230
values[6]: 32167
values[7]: 32
values[8]: 0
values[9]: 0
values[10]: 0
values[11]: 0
values[12]: 0
values[13]: 0
values[14]: 0
values[15]: 0
printvalues:: total values: totalvalues: 2997164
graph::closetemporaryfilesforwriting : close temporary files for writing...
graph::closetemporaryfilesforreading : close files for reading...
graph::closefilesforreading : close files for reading...
=== STATS::TIMING AND SUMMARY RESULTS FOR ITERATION: 666 === 
>>> stats::summary Total number of kvReads in bank [0]: 250251520
>>> stats::summary Total number of kvReads for all threads: 250251520
>>> stats::summary Total time spent (SSD access): 0 milliseconds
>>> stats::summary Total time spent (SSD access): 0 seconds
>>> stats::summary Total time spent (OCL data transfers): 0 milliseconds
>>> stats::summary Total time spent (OCL data transfers): 0 seconds
>>> stats::summary Total time spent (Kernel Pre Process execution): 0 milliseconds
>>> stats::summary Total time spent (Kernel Pre Process execution): 0 seconds
>>> stats::summary Total time spent (Kernel execution): 0 milliseconds
>>> stats::summary Total time spent (Kernel execution): 0 seconds
>>> stats::summary Total time spent (Kernel Post Process execution): 0 milliseconds
>>> stats::summary Total time spent (Kernel Post Process execution): 0 seconds
>>> stats::summary Total time spent (Overall Kernel execution): 0 milliseconds
>>> stats::summary Total time spent (Overall Kernel execution): 0 seconds
>>> stats::summary Total time spent (Overall processing): 0 milliseconds
>>> stats::summary Total time spent (Overall processing): 0 seconds
>>> stats::summary Total time spent (Overall processing excluding SSD & OCL data transfers): 0 milliseconds
>>> stats::summary Total time spent (Overall processing excluding SSD & OCL data transfers): 0 seconds
>>> stats::summary Throughput (Kernel processing): inf keyvalues per second
>>> stats::summary Throughput (Kernel processing): inf million keyvalues per second
>>> stats::summary Throughput (Kernel processing): inf MB/s
>>> stats::summary Throughput (Overall processing): inf keyvalues per second
>>> stats::summary Throughput (Overall processing): inf million keyvalues per second
>>> stats::summary Throughput (Overall processing): inf MB/s
>>> stats::summary Throughput (Overall processing excluding SSD & OCL data transfers): inf keyvalues per second
>>> stats::summary Throughput (Overall processing excluding SSD & OCL data transfers): inf million keyvalues per second

graph::printdataset: printing dataset parameters...
>>> graphtopname: soc-orkut
>>> graphname: soc-orkut_dup
>>> graph_path: /localtmp/oj2zf/dataset/soc-orkut/soc-orkut.mtx
>>> vertices_path: /localtmp/oj2zf/dataset/soc-orkut/soc-orkut.vertices
>>> edges_path: /localtmp/oj2zf/dataset/soc-orkut/soc-orkut.edges
>>> vertices_path_bin: /localtmp/oj2zf/dataset/soc-orkut/soc-orkut_bin.vertices
>>> edges_path_bin: /localtmp/oj2zf/dataset/soc-orkut/soc-orkut_bin.edges
>>> min_vertex: 0
>>> max_vertex: 2997166
>>> num_vertices: 2997166
>>> num_edges: 212698418
>>> graphdirectiontype: 6
>>> graphorder: 6
>>> graphgroup: 1
TEST FINISHED
[1m[37m>>> HOSTPROCESS:: TIMING SUMMARY: TOTAL TIME ELAPSED: : Time Elapsed = 350832748326[nanao seconds](Iteration 666)[0m
[1m[37m>>> HOSTPROCESS:: TIMING SUMMARY: TOTAL TIME ELAPSED: : Time Elapsed = 350832748[micro seconds](Iteration 666)[0m
[1m[37m>>> HOSTPROCESS:: TIMING SUMMARY: TOTAL TIME ELAPSED: : Time Elapsed = 350832[milli seconds](Iteration 666)[0m
[1m[37m>>> HOSTPROCESS:: TIMING SUMMARY: TOTAL TIME ELAPSED: : Time Elapsed = 350[seconds](Iteration 666)[0m

