Hostprocess:: Graph Analytics Started...
utility:: USEHBMMEMORY DEFINED
utility:: NUMDRAMBANKS: 4
utility:: NUMWORKERS: 1
utility:: NUMSUBWORKERS: 3
utility:: NUM_PARTITIONS: 16
utility:: NUMSUBCPUTHREADS: 32
utility:: DATAWIDTH: 512
utility:: VECTOR_SIZE: 8
utility:: KVDATA_RANGE: 4194304
utility:: KVDATA_RANGE_POW: 22
utility:: BATCH_RANGE: 4194304
utility:: BATCH_RANGE_POW: 22
utility:: TREE_DEPTH: 3
utility:: KVDATA_RANGE_POW: 22
utility:: KVDATA_RANGE: 4194304
utility:: MESSAGES_SIZE: 1024
utility:: LOCKE DEFINED
utility:: sizeof(keyvalue_t): 8 bytes (64 bits)
utility:: sizeof(vertex_t): 4 bytes (32 bits)
utility:: sizeof(edge_t): 4 bytes (32 bits)
utility:: MESSAGESDRAMSZ: 1024
utility:: VERTEXPTRSSZ: 2162688
utility:: VERTEXPTRSSZ_KVS: 270336
utility:: VERTICESDATASZ: 2097152
utility:: VERTICESDATASZ_KVS: 262144
>> host[baseoffsets]:: BASEOFFSET_MESSAGESDATA: 0
>> host[baseoffsets]:: BASEOFFSET_MESSAGESDATA_KVS: 0
>> host[baseoffsets]:: KVSOURCEDRAMSZ: 33554432
>> host[baseoffsets]:: KVSOURCEDRAMSZ_KVS: 4194304
>> host[baseoffsets]:: PADDEDKVSOURCEDRAMSZ: 33554432
>> host[baseoffsets]:: PADDEDKVSOURCEDRAMSZ_KVS: 4194304
>> host[baseoffsets]:: VDRAMSZ: 33554432
>> host[baseoffsets]:: PADDEDVDRAMSZ: 33554432
>> host[baseoffsets]:: PADDEDVDRAMSZ_KVS: 4194304
>> host[sizes]:: MESSAGESDRAMSZ (keyvalues): 1024 keyvalues
>> host[sizes]:: VERTEXPTRSSZ (keyvalues): 2162688 keyvalues
>> host[sizes]:: VERTICESDATASZ (keyvalues): 2097152 keyvalues
>> host[sizes]:: ACTIVEVERTICESSZ (keyvalues): 0 keyvalues
>> host[sizes]:: VERTICESDATAMASKSZ (keyvalues): 131072 keyvalues
>> host[sizes]:: KVSTATSDRAMSZ (keyvalues): 65536 keyvalues
>> host[sizes]:: PADDEDVDRAMSZ (keyvalues): 33554432 keyvalues
>> host[sizes]:: PADDEDKVSOURCEDRAMSZ (keyvalues): 33554432 keyvalues
>> host[bytes]:: MESSAGESDRAMSZ (bytes): 8192 bytes
>> host[bytes]:: KVSTATSDRAMSZ (bytes): 524288 bytes
>> host[bytes]:: VERTEXPTRSSZ (bytes): 17301504 bytes
>> host[bytes]:: VERTICESDATASZ (bytes): 16777216 bytes
>> host[bytes]:: ACTIVEVERTICESSZ (bytes): 0 bytes
>> host[bytes]:: VERTICESDATAMASKSZ (bytes): 1048576 bytes
>> host[bytes]:: PADDEDVDRAMSZ (bytes): 268435456 bytes
>> host[bytes]:: PADDEDKVSOURCEDRAMSZ (bytes): 268435456 bytes
utility:: KVSTATSDRAMSZ: 65536
utility:: NUMLASTLEVELPARTITIONS: 4096
utility:: REDUCESZ_POW: 10
utility:: REDUCESZ: 1024
utility:: REDUCEBUFFERSZ: 512
utility:: VMASKBUFFERSZ_KVS: 32
utility:: NUMLASTLEVELPARTITIONS: 4096
utility:: ENABLE_KERNEL_PROFILING DEFINED: 
graph::graph constructor:: datasetid: 30, _numedgebanks: 1
graph::loadalldatasets:: 
graph::loadalldatasets finished. 
graph::printdataset: printing dataset parameters...
>>> graphtopname: soc-orkut
>>> graphname: soc-orkut_dup
>>> graph_path: /localtmp/oj2zf/dataset/soc-orkut/soc-orkut.mtx
>>> vertices_path: /localtmp/oj2zf/dataset/soc-orkut/soc-orkut.vertices
>>> edges_path: /localtmp/oj2zf/dataset/soc-orkut/soc-orkut.edges
>>> vertices_path_bin: /localtmp/oj2zf/dataset/soc-orkut/soc-orkut_bin.vertices
>>> edges_path_bin: /localtmp/oj2zf/dataset/soc-orkut/soc-orkut_bin.edges
>>> min_vertex: 0
>>> max_vertex: 2997166
>>> num_vertices: 2997166
>>> num_edges: 212698418
>>> graphdirectiontype: 5
>>> graphorder: 6
>>> skewratio: 666
app::run_hw:: app algorithm started. 
graph::opentemporaryfilesforwriting : opening temporary files for writing...
Directory already exists.INFO: Successfully opened /localtmp/oj2zf/dataset/soc-orkut/soc-orkut_1by1/soc-orkut_dup.vdata
INFO: Successfully opened /localtmp/oj2zf/dataset/soc-orkut/soc-orkut_1by1/soc-orkut_dup.vproperties
graph::opentemporaryfilesforreading : opening temporary files for reading
INFO: Successfully opened /localtmp/oj2zf/dataset/soc-orkut/soc-orkut_1by1/soc-orkut_dup.vdata
INFO: Successfully opened /localtmp/oj2zf/dataset/soc-orkut/soc-orkut_1by1/soc-orkut_dup.vproperties
generating vertices data... 
graph::openfilesforreading : opening files for reading
INFO: Successfully opened /localtmp/oj2zf/dataset/soc-orkut/soc-orkut_1by1/soc-orkut_dup_0_0.vertexptrs
INFO: Successfully opened /localtmp/oj2zf/dataset/soc-orkut/soc-orkut_1by1/soc-orkut_dup_0_0.vertexptrs
INFO: Successfully opened /localtmp/oj2zf/dataset/soc-orkut/soc-orkut_1by1/soc-orkut_dup_0_0.edges
INFO: Successfully opened /localtmp/oj2zf/dataset/soc-orkut/soc-orkut_1by1/soc-orkut_dup_0_0.edges
loadedges_rowblockwise:: loading Acts... sizes: [[7820368, 7820368, 7820368, 7820368, 7820368, 7820368, 7820368, 7820368, 7820368, 7820368, 7820368, 7820368, 7820368, 7820368, 7820368, 7820368, 7820352, 7820352, 7820352, 7820352, 7820352, 7820352, 7820352, 7820352, 7820352, 7820352, 7820352, 7820352, 7820352, 7820352, 7820352, 7820352]]
loadedges_rowblockwise:: total sizes: 250251520
maxvptr: 7820368
app::loadvertexdata:: loading vertex datas... 
app::setrootvid:: setting root vid(s)... 
app::loadactvvertices:: loading active vertices... 
app::generatevmaskdata:: generating vmask... 
app::loadoffsetmarkers:: loading offset markers... 
app::loadmessages:: loading messages... 
[globalparams.BASEOFFSET_MESSAGESDATA: 0]
[globalparams.BASEOFFSETKVS_MESSAGESDATA: 0]
[globalparams.BASEOFFSET_EDGESDATA: 8192]
[globalparams.BASEOFFSETKVS_EDGESDATA: 1024]
[globalparams.BASEOFFSET_VERTEXPTR: 3983912]
[globalparams.BASEOFFSETKVS_VERTEXPTR: 497989]
[globalparams.BASEOFFSET_VERTICESDATA: 6146600]
[globalparams.BASEOFFSETKVS_VERTICESDATA: 768325]
[globalparams.BASEOFFSET_ACTIVEVERTICES: 8243752]
[globalparams.BASEOFFSETKVS_ACTIVEVERTICES: 1030469]
[globalparams.BASEOFFSET_VERTICESDATAMASK: 8243752]
[globalparams.BASEOFFSETKVS_VERTICESDATAMASK: 1030469]
[globalparams.BASEOFFSET_VERTICESPARTITIONMASK : 8374824]
[globalparams.BASEOFFSETKVS_VERTICESPARTITIONMASK: 1046853]
[globalparams.BASEOFFSET_STATSDRAM: 8378920]
[globalparams.BASEOFFSETKVS_STATSDRAM: 1047365]
[globalparams.BASEOFFSET_KVDRAM: 8903208]
[globalparams.BASEOFFSETKVS_KVDRAM: 1112901]
[globalparams.BASEOFFSET_KVDRAMWORKSPACE: 16724336]
[globalparams.BASEOFFSETKVS_KVDRAMWORKSPACE: 2090542]
[globalparams.SIZE_MESSAGESDRAM: 0]
[globalparams.SIZE_EDGES: 7821368]
[globalparams.SIZE_VERTEXPTRS: 4194304]
[globalparams.SIZE_VERTICESDATA: 4194304]
[globalparams.SIZE_ACTIVEVERTICES: 0]
[globalparams.SIZE_VERTICESDATAMASK: 131072]
[globalparams.SIZE_KVSTATSDRAM: 65536]
[globalparams.SIZE_KVDRAM: 7821128]
[globalparams.SIZE_KVDRAMWORKSPACE: 7821128]
[1m[37m>> host[sizes]:: PADDEDKVSOURCEDRAMSZ (keyvalues): 33554432 keyvalues[0m
[1m[37m>> host[bytes]:: PADDEDKVSOURCEDRAMSZ (bytes): 268435456 bytes[0m
[1m[37m>> host[sizes]:: valid PADDEDKVSOURCEDRAMSZ (keyvalues): 24545464 keyvalues[0m
[1m[37m>> host[bytes]:: valid PADDEDKVSOURCEDRAMSZ (bytes): 196363712 bytes. (HBM max=268435456 bytes)[0m
loadmessages:: loading Acts... sizes: [[7820368, 7820368, 7820368, 7820368, 7820368, 7820368, 7820368, 7820368, 7820368, 7820368, 7820368, 7820368, 7820368, 7820368, 7820368, 7820368, 7820352, 7820352, 7820352, 7820352, 7820352, 7820352, 7820352, 7820352, 7820352, 7820352, 7820352, 7820352, 7820352, 7820352, 7820352, 7820352]]
loadmessages:: total sizes: 250251520
app::appendkeyvaluecount:: appending value count... 
app::experiements: resetting kvdram & kvdram workspaces...

utility::runsssp_sw:: running traditional sssp... 
utility::runsssp_sw: number of active vertices for iteration 0: 0
utility::runsssp_sw: number of active vertices for iteration 1: 12
utility::runsssp_sw: number of active vertices for iteration 2: 460
utility::runsssp_sw: number of active vertices for iteration 3: 25400
utility::runsssp_sw: number of active vertices for iteration 4: 728870
utility::runsssp_sw: number of active vertices for iteration 5: 2210225
utility::runsssp_sw: number of active vertices for iteration 6: 32166
utility::runsssp_sw: number of active vertices for iteration 7: 32
utility::runsssp_sw: number of active vertices for iteration 8: 0
no more activer vertices to process. breaking out... 
>>> utility::runsssp_sw: total_edges_processed: 212698418 edges (212 million edges)
>>> utility::runsssp_sw: total_time_elapsed: 4596 ms (4.596 s)
[1m[37m>>> utility::runsssp_sw: throughput: 4.6279e+07 edges/sec (46.279 million edges/sec)[0m

[1m[37m>>> app::run_hw: app started. (1 active vertices)[0m
Found Platform
Platform Name: Xilinx
Found Device=xilinx_u280_xdma_201910_1
INFO: Reading /home/oj2zf/Documents/ActsOfAGraph/synkernels/goldenkernelprocbfs32HW240MHz.xclbin
Loading: '/home/oj2zf/Documents/ActsOfAGraph/synkernels/goldenkernelprocbfs32HW240MHz.xclbin'
INFO: Reading /home/oj2zf/Documents/ActsOfAGraph/synkernels/goldenkernelsync32HW240MHz.xclbin
Loading: '/home/oj2zf/Documents/ActsOfAGraph/synkernels/goldenkernelsync32HW240MHz.xclbin'
>>> goclkernel[actssync]:: running ACTS PROCESS (Iteration 0)...
>>> kernel (proc) 0 time elapsed: 0.62 ms, 620 microsecs, 
>>> kernel (proc) 1 time elapsed: 0.652 ms, 652 microsecs, 
>>> kernel (proc) 2 time elapsed: 0.678 ms, 678 microsecs, 
>>> kernel (proc) 3 time elapsed: 0.666 ms, 666 microsecs, 
>>> kernel (proc) 4 time elapsed: 0.67 ms, 670 microsecs, 
>>> kernel (proc) 5 time elapsed: 0.639 ms, 639 microsecs, 
>>> kernel (proc) 6 time elapsed: 0.581 ms, 581 microsecs, 
>>> kernel (proc) 7 time elapsed: 0.658 ms, 658 microsecs, 
>>> kernel (proc) 8 time elapsed: 0.594 ms, 594 microsecs, 
>>> kernel (proc) 9 time elapsed: 0.674 ms, 674 microsecs, 
>>> kernel (proc) 10 time elapsed: 0.6 ms, 600 microsecs, 
>>> kernel (proc) 11 time elapsed: 0.657 ms, 657 microsecs, 
>>> kernel (proc) 12 time elapsed: 0.618 ms, 618 microsecs, 
>>> kernel (proc) 13 time elapsed: 0.57 ms, 570 microsecs, 
>>> kernel (proc) 14 time elapsed: 0.605 ms, 605 microsecs, 
>>> kernel (proc) 15 time elapsed: 0.658 ms, 658 microsecs, 
>>> kernel (proc) 16 time elapsed: 0.659 ms, 659 microsecs, 
>>> kernel (proc) 17 time elapsed: 0.67 ms, 670 microsecs, 
>>> kernel (proc) 18 time elapsed: 0.597 ms, 597 microsecs, 
>>> kernel (proc) 19 time elapsed: 0.619 ms, 619 microsecs, 
>>> kernel (proc) 20 time elapsed: 0.631 ms, 631 microsecs, 
>>> kernel (proc) 21 time elapsed: 0.659 ms, 659 microsecs, 
>>> kernel (proc) 22 time elapsed: 0.694 ms, 694 microsecs, 
>>> kernel (proc) 23 time elapsed: 0.656 ms, 656 microsecs, 
>>> kernel (proc) 24 time elapsed: 0.658 ms, 658 microsecs, 
>>> kernel (proc) 25 time elapsed: 0.658 ms, 658 microsecs, 
>>> kernel (proc) 26 time elapsed: 0.639 ms, 639 microsecs, 
>>> kernel (proc) 27 time elapsed: 0.63 ms, 630 microsecs, 
>>> kernel (proc) 28 time elapsed: 0.597 ms, 597 microsecs, 
>>> kernel (proc) 29 time elapsed: 0.612 ms, 612 microsecs, 
>>> kernel (proc) 30 time elapsed: 0.669 ms, 669 microsecs, 
>>> kernel (proc) 31 time elapsed: 0.605 ms, 605 microsecs, 
>>> SUMMARY: kernel (proc) average time elapsed for Iteration 0: 0.542065(0.542065) ms, 0.544194(0.00212903) ms, 0.637839(0.0936452) ms, 
>>> goclkernel[actssync]:: running ACTS SYNCHRONZE (Iteration 0)

active partitions for iteration 1: 0, 
>>> goclkernel[actssync]:: running ACTS PROCESS (Iteration 1)...
>>> kernel (proc) 0 time elapsed: 0.699 ms, 699 microsecs, 
>>> kernel (proc) 1 time elapsed: 0.711 ms, 711 microsecs, 
>>> kernel (proc) 2 time elapsed: 0.691 ms, 691 microsecs, 
>>> kernel (proc) 3 time elapsed: 0.747 ms, 747 microsecs, 
>>> kernel (proc) 4 time elapsed: 0.691 ms, 691 microsecs, 
>>> kernel (proc) 5 time elapsed: 0.695 ms, 695 microsecs, 
>>> kernel (proc) 6 time elapsed: 0.74 ms, 740 microsecs, 
>>> kernel (proc) 7 time elapsed: 0.611 ms, 611 microsecs, 
>>> kernel (proc) 8 time elapsed: 0.564 ms, 564 microsecs, 
>>> kernel (proc) 9 time elapsed: 0.792 ms, 792 microsecs, 
>>> kernel (proc) 10 time elapsed: 0.676 ms, 676 microsecs, 
>>> kernel (proc) 11 time elapsed: 0.647 ms, 647 microsecs, 
>>> kernel (proc) 12 time elapsed: 0.666 ms, 666 microsecs, 
>>> kernel (proc) 13 time elapsed: 0.621 ms, 621 microsecs, 
>>> kernel (proc) 14 time elapsed: 0.676 ms, 676 microsecs, 
>>> kernel (proc) 15 time elapsed: 0.669 ms, 669 microsecs, 
>>> kernel (proc) 16 time elapsed: 0.622 ms, 622 microsecs, 
>>> kernel (proc) 17 time elapsed: 0.618 ms, 618 microsecs, 
>>> kernel (proc) 18 time elapsed: 0.638 ms, 638 microsecs, 
>>> kernel (proc) 19 time elapsed: 0.687 ms, 687 microsecs, 
>>> kernel (proc) 20 time elapsed: 0.617 ms, 617 microsecs, 
>>> kernel (proc) 21 time elapsed: 0.683 ms, 683 microsecs, 
>>> kernel (proc) 22 time elapsed: 0.722 ms, 722 microsecs, 
>>> kernel (proc) 23 time elapsed: 0.607 ms, 607 microsecs, 
>>> kernel (proc) 24 time elapsed: 0.641 ms, 641 microsecs, 
>>> kernel (proc) 25 time elapsed: 0.698 ms, 698 microsecs, 
>>> kernel (proc) 26 time elapsed: 0.68 ms, 680 microsecs, 
>>> kernel (proc) 27 time elapsed: 0.633 ms, 633 microsecs, 
>>> kernel (proc) 28 time elapsed: 0.698 ms, 698 microsecs, 
>>> kernel (proc) 29 time elapsed: 0.7 ms, 700 microsecs, 
>>> kernel (proc) 30 time elapsed: 0.704 ms, 704 microsecs, 
>>> kernel (proc) 31 time elapsed: 0.624 ms, 624 microsecs, 
>>> SUMMARY: kernel (proc) average time elapsed for Iteration 1: 0.535097(0.535097) ms, 0.533387(-0.00170968) ms, 0.669968(0.136581) ms, 
>>> goclkernel[actssync]:: running ACTS SYNCHRONZE (Iteration 1)

active partitions for iteration 2: 0, 1, 
>>> goclkernel[actssync]:: running ACTS PROCESS (Iteration 2)...
>>> kernel (proc) 0 time elapsed: 1.209 ms, 1209 microsecs, 
>>> kernel (proc) 1 time elapsed: 1.292 ms, 1292 microsecs, 
>>> kernel (proc) 2 time elapsed: 1.251 ms, 1251 microsecs, 
>>> kernel (proc) 3 time elapsed: 1.336 ms, 1336 microsecs, 
>>> kernel (proc) 4 time elapsed: 1.228 ms, 1228 microsecs, 
>>> kernel (proc) 5 time elapsed: 1.242 ms, 1242 microsecs, 
>>> kernel (proc) 6 time elapsed: 1.265 ms, 1265 microsecs, 
>>> kernel (proc) 7 time elapsed: 1.3 ms, 1300 microsecs, 
>>> kernel (proc) 8 time elapsed: 1.374 ms, 1374 microsecs, 
>>> kernel (proc) 9 time elapsed: 1.331 ms, 1331 microsecs, 
>>> kernel (proc) 10 time elapsed: 1.33 ms, 1330 microsecs, 
>>> kernel (proc) 11 time elapsed: 1.286 ms, 1286 microsecs, 
>>> kernel (proc) 12 time elapsed: 1.145 ms, 1145 microsecs, 
>>> kernel (proc) 13 time elapsed: 1.254 ms, 1254 microsecs, 
>>> kernel (proc) 14 time elapsed: 1.279 ms, 1279 microsecs, 
>>> kernel (proc) 15 time elapsed: 1.455 ms, 1455 microsecs, 
>>> kernel (proc) 16 time elapsed: 1.349 ms, 1349 microsecs, 
>>> kernel (proc) 17 time elapsed: 1.366 ms, 1366 microsecs, 
>>> kernel (proc) 18 time elapsed: 1.288 ms, 1288 microsecs, 
>>> kernel (proc) 19 time elapsed: 1.116 ms, 1116 microsecs, 
>>> kernel (proc) 20 time elapsed: 1.312 ms, 1312 microsecs, 
>>> kernel (proc) 21 time elapsed: 1.303 ms, 1303 microsecs, 
>>> kernel (proc) 22 time elapsed: 1.124 ms, 1124 microsecs, 
>>> kernel (proc) 23 time elapsed: 1.372 ms, 1372 microsecs, 
>>> kernel (proc) 24 time elapsed: 1.24 ms, 1240 microsecs, 
>>> kernel (proc) 25 time elapsed: 1.188 ms, 1188 microsecs, 
>>> kernel (proc) 26 time elapsed: 1.129 ms, 1129 microsecs, 
>>> kernel (proc) 27 time elapsed: 1.234 ms, 1234 microsecs, 
>>> kernel (proc) 28 time elapsed: 1.21 ms, 1210 microsecs, 
>>> kernel (proc) 29 time elapsed: 1.231 ms, 1231 microsecs, 
>>> kernel (proc) 30 time elapsed: 1.13 ms, 1130 microsecs, 
>>> kernel (proc) 31 time elapsed: 1.27 ms, 1270 microsecs, 
>>> SUMMARY: kernel (proc) average time elapsed for Iteration 2: 0.548129(0.548129) ms, 0.608484(0.0603548) ms, 1.26548(0.657) ms, 
>>> goclkernel[actssync]:: running ACTS SYNCHRONZE (Iteration 2)

active partitions for iteration 3: 0, 1, 2, 3, 4, 5, 6, 7, 8, 9, 10, 11, 12, 13, 14, 15, 16, 17, 18, 19, 20, 21, 22, 23, 24, 25, 26, 27, 28, 29, 30, 31, 32, 33, 34, 35, 36, 37, 38, 39, 40, 41, 42, 43, 44, 45, 46, 47, 48, 
>>> goclkernel[actssync]:: running ACTS PROCESS (Iteration 3)...
>>> kernel (proc) 0 time elapsed: 7.08 ms, 7080 microsecs, 
>>> kernel (proc) 1 time elapsed: 7.064 ms, 7064 microsecs, 
>>> kernel (proc) 2 time elapsed: 7.096 ms, 7096 microsecs, 
>>> kernel (proc) 3 time elapsed: 6.944 ms, 6944 microsecs, 
>>> kernel (proc) 4 time elapsed: 7.178 ms, 7178 microsecs, 
>>> kernel (proc) 5 time elapsed: 7.112 ms, 7112 microsecs, 
>>> kernel (proc) 6 time elapsed: 7.092 ms, 7092 microsecs, 
>>> kernel (proc) 7 time elapsed: 7.086 ms, 7086 microsecs, 
>>> kernel (proc) 8 time elapsed: 7.081 ms, 7081 microsecs, 
>>> kernel (proc) 9 time elapsed: 7.105 ms, 7105 microsecs, 
>>> kernel (proc) 10 time elapsed: 7.122 ms, 7122 microsecs, 
>>> kernel (proc) 11 time elapsed: 7.133 ms, 7133 microsecs, 
>>> kernel (proc) 12 time elapsed: 7.076 ms, 7076 microsecs, 
>>> kernel (proc) 13 time elapsed: 7.146 ms, 7146 microsecs, 
>>> kernel (proc) 14 time elapsed: 7.128 ms, 7128 microsecs, 
>>> kernel (proc) 15 time elapsed: 7.129 ms, 7129 microsecs, 
>>> kernel (proc) 16 time elapsed: 7.142 ms, 7142 microsecs, 
>>> kernel (proc) 17 time elapsed: 7.14 ms, 7140 microsecs, 
>>> kernel (proc) 18 time elapsed: 7.086 ms, 7086 microsecs, 
>>> kernel (proc) 19 time elapsed: 7.127 ms, 7127 microsecs, 
>>> kernel (proc) 20 time elapsed: 7.129 ms, 7129 microsecs, 
>>> kernel (proc) 21 time elapsed: 7.089 ms, 7089 microsecs, 
>>> kernel (proc) 22 time elapsed: 7.111 ms, 7111 microsecs, 
>>> kernel (proc) 23 time elapsed: 7.087 ms, 7087 microsecs, 
>>> kernel (proc) 24 time elapsed: 7.109 ms, 7109 microsecs, 
>>> kernel (proc) 25 time elapsed: 7.082 ms, 7082 microsecs, 
>>> kernel (proc) 26 time elapsed: 6.99 ms, 6990 microsecs, 
>>> kernel (proc) 27 time elapsed: 7.059 ms, 7059 microsecs, 
>>> kernel (proc) 28 time elapsed: 7.092 ms, 7092 microsecs, 
>>> kernel (proc) 29 time elapsed: 7.127 ms, 7127 microsecs, 
>>> kernel (proc) 30 time elapsed: 7.113 ms, 7113 microsecs, 
>>> kernel (proc) 31 time elapsed: 7.088 ms, 7088 microsecs, 
>>> SUMMARY: kernel (proc) average time elapsed for Iteration 3: 3.34552(3.34552) ms, 3.81677(0.471258) ms, 7.09881(3.28203) ms, 
>>> goclkernel[actssync]:: running ACTS SYNCHRONZE (Iteration 3)

active partitions for iteration 4: 0, 1, 2, 3, 4, 5, 6, 7, 8, 9, 10, 11, 12, 13, 14, 15, 16, 17, 18, 19, 20, 21, 22, 23, 24, 25, 26, 27, 28, 29, 30, 31, 32, 33, 34, 35, 36, 37, 38, 39, 40, 41, 42, 43, 44, 45, 46, 47, 48, 49, 50, 51, 52, 53, 54, 55, 56, 57, 58, 59, 60, 61, 62, 63, 64, 65, 66, 67, 68, 69, 70, 71, 72, 73, 74, 75, 76, 77, 78, 79, 80, 81, 82, 83, 84, 85, 86, 87, 88, 89, 90, 91, 92, 93, 94, 95, 96, 97, 98, 99, 100, 101, 102, 103, 104, 105, 106, 107, 108, 109, 110, 111, 112, 113, 114, 115, 116, 117, 118, 119, 120, 121, 122, 123, 124, 125, 126, 127, 128, 129, 130, 131, 132, 133, 134, 135, 136, 137, 138, 139, 140, 141, 142, 143, 144, 145, 146, 147, 148, 149, 150, 151, 152, 153, 154, 155, 156, 157, 158, 159, 160, 161, 162, 163, 164, 165, 166, 167, 168, 169, 170, 171, 172, 173, 174, 175, 176, 177, 178, 179, 180, 181, 182, 
>>> goclkernel[actssync]:: running ACTS PROCESS (Iteration 4)...
>>> kernel (proc) 0 time elapsed: 34.827 ms, 34827 microsecs, 
>>> kernel (proc) 1 time elapsed: 34.713 ms, 34713 microsecs, 
>>> kernel (proc) 2 time elapsed: 34.669 ms, 34669 microsecs, 
>>> kernel (proc) 3 time elapsed: 34.734 ms, 34734 microsecs, 
>>> kernel (proc) 4 time elapsed: 34.828 ms, 34828 microsecs, 
>>> kernel (proc) 5 time elapsed: 34.883 ms, 34883 microsecs, 
>>> kernel (proc) 6 time elapsed: 34.827 ms, 34827 microsecs, 
>>> kernel (proc) 7 time elapsed: 34.839 ms, 34839 microsecs, 
>>> kernel (proc) 8 time elapsed: 34.803 ms, 34803 microsecs, 
>>> kernel (proc) 9 time elapsed: 34.859 ms, 34859 microsecs, 
>>> kernel (proc) 10 time elapsed: 34.818 ms, 34818 microsecs, 
>>> kernel (proc) 11 time elapsed: 34.881 ms, 34881 microsecs, 
>>> kernel (proc) 12 time elapsed: 34.751 ms, 34751 microsecs, 
>>> kernel (proc) 13 time elapsed: 34.895 ms, 34895 microsecs, 
>>> kernel (proc) 14 time elapsed: 34.849 ms, 34849 microsecs, 
>>> kernel (proc) 15 time elapsed: 34.839 ms, 34839 microsecs, 
>>> kernel (proc) 16 time elapsed: 34.798 ms, 34798 microsecs, 
>>> kernel (proc) 17 time elapsed: 34.842 ms, 34842 microsecs, 
>>> kernel (proc) 18 time elapsed: 34.748 ms, 34748 microsecs, 
>>> kernel (proc) 19 time elapsed: 34.825 ms, 34825 microsecs, 
>>> kernel (proc) 20 time elapsed: 34.727 ms, 34727 microsecs, 
>>> kernel (proc) 21 time elapsed: 34.735 ms, 34735 microsecs, 
>>> kernel (proc) 22 time elapsed: 34.799 ms, 34799 microsecs, 
>>> kernel (proc) 23 time elapsed: 34.845 ms, 34845 microsecs, 
>>> kernel (proc) 24 time elapsed: 34.788 ms, 34788 microsecs, 
>>> kernel (proc) 25 time elapsed: 34.771 ms, 34771 microsecs, 
>>> kernel (proc) 26 time elapsed: 34.735 ms, 34735 microsecs, 
>>> kernel (proc) 27 time elapsed: 34.772 ms, 34772 microsecs, 
>>> kernel (proc) 28 time elapsed: 34.713 ms, 34713 microsecs, 
>>> kernel (proc) 29 time elapsed: 34.787 ms, 34787 microsecs, 
>>> kernel (proc) 30 time elapsed: 34.834 ms, 34834 microsecs, 
>>> kernel (proc) 31 time elapsed: 34.793 ms, 34793 microsecs, 
>>> SUMMARY: kernel (proc) average time elapsed for Iteration 4: 14.6408(14.6408) ms, 21.7385(7.09761) ms, 34.7968(13.0583) ms, 
>>> goclkernel[actssync]:: running ACTS SYNCHRONZE (Iteration 4)

active partitions for iteration 5: 0, 1, 2, 3, 4, 5, 6, 7, 8, 9, 10, 11, 12, 13, 14, 15, 16, 17, 18, 19, 20, 21, 22, 23, 24, 25, 26, 27, 28, 29, 30, 31, 32, 33, 34, 35, 36, 37, 38, 39, 40, 41, 42, 43, 44, 45, 46, 47, 48, 49, 50, 51, 52, 53, 54, 55, 56, 57, 58, 59, 60, 61, 62, 63, 64, 65, 66, 67, 68, 69, 70, 71, 72, 73, 74, 75, 76, 77, 78, 79, 80, 81, 82, 83, 84, 85, 86, 87, 88, 89, 90, 91, 92, 93, 94, 95, 96, 97, 98, 99, 100, 101, 102, 103, 104, 105, 106, 107, 108, 109, 110, 111, 112, 113, 114, 115, 116, 117, 118, 119, 120, 121, 122, 123, 124, 125, 126, 127, 128, 129, 130, 131, 132, 133, 134, 135, 136, 137, 138, 139, 140, 141, 142, 143, 144, 145, 146, 147, 148, 149, 150, 151, 152, 153, 154, 155, 156, 157, 158, 159, 160, 161, 162, 163, 164, 165, 166, 167, 168, 169, 170, 171, 172, 173, 174, 175, 176, 177, 178, 179, 180, 181, 182, 
>>> goclkernel[actssync]:: running ACTS PROCESS (Iteration 5)...
>>> kernel (proc) 0 time elapsed: 52.483 ms, 52483 microsecs, 
>>> kernel (proc) 1 time elapsed: 52.36 ms, 52360 microsecs, 
>>> kernel (proc) 2 time elapsed: 52.391 ms, 52391 microsecs, 
>>> kernel (proc) 3 time elapsed: 52.446 ms, 52446 microsecs, 
>>> kernel (proc) 4 time elapsed: 52.436 ms, 52436 microsecs, 
>>> kernel (proc) 5 time elapsed: 52.43 ms, 52430 microsecs, 
>>> kernel (proc) 6 time elapsed: 52.447 ms, 52447 microsecs, 
>>> kernel (proc) 7 time elapsed: 52.291 ms, 52291 microsecs, 
>>> kernel (proc) 8 time elapsed: 52.369 ms, 52369 microsecs, 
>>> kernel (proc) 9 time elapsed: 52.331 ms, 52331 microsecs, 
>>> kernel (proc) 10 time elapsed: 52.356 ms, 52356 microsecs, 
>>> kernel (proc) 11 time elapsed: 52.377 ms, 52377 microsecs, 
>>> kernel (proc) 12 time elapsed: 52.472 ms, 52472 microsecs, 
>>> kernel (proc) 13 time elapsed: 52.419 ms, 52419 microsecs, 
>>> kernel (proc) 14 time elapsed: 52.334 ms, 52334 microsecs, 
>>> kernel (proc) 15 time elapsed: 52.342 ms, 52342 microsecs, 
>>> kernel (proc) 16 time elapsed: 52.4 ms, 52400 microsecs, 
>>> kernel (proc) 17 time elapsed: 52.435 ms, 52435 microsecs, 
>>> kernel (proc) 18 time elapsed: 52.457 ms, 52457 microsecs, 
>>> kernel (proc) 19 time elapsed: 52.445 ms, 52445 microsecs, 
>>> kernel (proc) 20 time elapsed: 52.508 ms, 52508 microsecs, 
>>> kernel (proc) 21 time elapsed: 52.42 ms, 52420 microsecs, 
>>> kernel (proc) 22 time elapsed: 52.563 ms, 52563 microsecs, 
>>> kernel (proc) 23 time elapsed: 52.421 ms, 52421 microsecs, 
>>> kernel (proc) 24 time elapsed: 52.457 ms, 52457 microsecs, 
>>> kernel (proc) 25 time elapsed: 52.374 ms, 52374 microsecs, 
>>> kernel (proc) 26 time elapsed: 52.421 ms, 52421 microsecs, 
>>> kernel (proc) 27 time elapsed: 52.458 ms, 52458 microsecs, 
>>> kernel (proc) 28 time elapsed: 52.377 ms, 52377 microsecs, 
>>> kernel (proc) 29 time elapsed: 52.443 ms, 52443 microsecs, 
>>> kernel (proc) 30 time elapsed: 52.405 ms, 52405 microsecs, 
>>> kernel (proc) 31 time elapsed: 52.371 ms, 52371 microsecs, 
>>> SUMMARY: kernel (proc) average time elapsed for Iteration 5: 18.2132(18.2132) ms, 30.4815(12.2684) ms, 52.4115(21.93) ms, 
>>> goclkernel[actssync]:: running ACTS SYNCHRONZE (Iteration 5)

active partitions for iteration 6: 3, 4, 5, 6, 7, 8, 9, 10, 11, 12, 13, 14, 15, 16, 17, 18, 19, 20, 21, 22, 24, 25, 26, 27, 28, 29, 30, 31, 32, 33, 34, 35, 36, 37, 38, 39, 40, 41, 42, 43, 44, 45, 46, 47, 48, 49, 50, 51, 52, 53, 54, 55, 56, 57, 58, 59, 60, 61, 62, 63, 64, 65, 66, 67, 68, 69, 70, 71, 72, 73, 74, 75, 76, 77, 78, 79, 80, 81, 82, 83, 84, 85, 86, 87, 88, 89, 90, 91, 92, 93, 94, 95, 96, 97, 98, 99, 100, 101, 102, 103, 104, 105, 106, 107, 108, 109, 110, 111, 112, 113, 114, 115, 116, 117, 118, 119, 120, 121, 122, 123, 124, 125, 126, 127, 128, 129, 130, 131, 132, 133, 134, 135, 136, 137, 138, 139, 140, 141, 142, 143, 144, 145, 146, 147, 148, 149, 150, 151, 152, 153, 154, 155, 156, 157, 158, 159, 160, 161, 162, 163, 164, 165, 166, 167, 168, 169, 170, 171, 172, 173, 174, 175, 176, 177, 178, 179, 180, 181, 182, 
>>> goclkernel[actssync]:: running ACTS PROCESS (Iteration 6)...
>>> kernel (proc) 0 time elapsed: 11.118 ms, 11118 microsecs, 
>>> kernel (proc) 1 time elapsed: 11.18 ms, 11180 microsecs, 
>>> kernel (proc) 2 time elapsed: 11.17 ms, 11170 microsecs, 
>>> kernel (proc) 3 time elapsed: 11.221 ms, 11221 microsecs, 
>>> kernel (proc) 4 time elapsed: 11.206 ms, 11206 microsecs, 
>>> kernel (proc) 5 time elapsed: 11.232 ms, 11232 microsecs, 
>>> kernel (proc) 6 time elapsed: 11.2 ms, 11200 microsecs, 
>>> kernel (proc) 7 time elapsed: 11.228 ms, 11228 microsecs, 
>>> kernel (proc) 8 time elapsed: 11.205 ms, 11205 microsecs, 
>>> kernel (proc) 9 time elapsed: 11.197 ms, 11197 microsecs, 
>>> kernel (proc) 10 time elapsed: 11.25 ms, 11250 microsecs, 
>>> kernel (proc) 11 time elapsed: 11.22 ms, 11220 microsecs, 
>>> kernel (proc) 12 time elapsed: 11.165 ms, 11165 microsecs, 
>>> kernel (proc) 13 time elapsed: 11.211 ms, 11211 microsecs, 
>>> kernel (proc) 14 time elapsed: 11.177 ms, 11177 microsecs, 
>>> kernel (proc) 15 time elapsed: 11.073 ms, 11073 microsecs, 
>>> kernel (proc) 16 time elapsed: 11.095 ms, 11095 microsecs, 
>>> kernel (proc) 17 time elapsed: 11.179 ms, 11179 microsecs, 
>>> kernel (proc) 18 time elapsed: 11.146 ms, 11146 microsecs, 
>>> kernel (proc) 19 time elapsed: 11.165 ms, 11165 microsecs, 
>>> kernel (proc) 20 time elapsed: 11.284 ms, 11284 microsecs, 
>>> kernel (proc) 21 time elapsed: 11.356 ms, 11356 microsecs, 
>>> kernel (proc) 22 time elapsed: 11.312 ms, 11312 microsecs, 
>>> kernel (proc) 23 time elapsed: 11.334 ms, 11334 microsecs, 
>>> kernel (proc) 24 time elapsed: 11.247 ms, 11247 microsecs, 
>>> kernel (proc) 25 time elapsed: 11.261 ms, 11261 microsecs, 
>>> kernel (proc) 26 time elapsed: 11.269 ms, 11269 microsecs, 
>>> kernel (proc) 27 time elapsed: 11.32 ms, 11320 microsecs, 
>>> kernel (proc) 28 time elapsed: 11.273 ms, 11273 microsecs, 
>>> kernel (proc) 29 time elapsed: 11.385 ms, 11385 microsecs, 
>>> kernel (proc) 30 time elapsed: 11.322 ms, 11322 microsecs, 
>>> kernel (proc) 31 time elapsed: 11.338 ms, 11338 microsecs, 
>>> SUMMARY: kernel (proc) average time elapsed for Iteration 6: 8.31603(8.31603) ms, 8.53397(0.217935) ms, 11.2329(2.69897) ms, 
>>> goclkernel[actssync]:: running ACTS SYNCHRONZE (Iteration 6)

active partitions for iteration 7: 56, 74, 90, 93, 107, 110, 121, 123, 124, 128, 129, 130, 134, 135, 136, 141, 142, 145, 146, 148, 149, 153, 154, 155, 156, 175, 176, 177, 
>>> goclkernel[actssync]:: running ACTS PROCESS (Iteration 7)...
>>> kernel (proc) 0 time elapsed: 1.755 ms, 1755 microsecs, 
>>> kernel (proc) 1 time elapsed: 1.696 ms, 1696 microsecs, 
>>> kernel (proc) 2 time elapsed: 1.69 ms, 1690 microsecs, 
>>> kernel (proc) 3 time elapsed: 1.674 ms, 1674 microsecs, 
>>> kernel (proc) 4 time elapsed: 1.63 ms, 1630 microsecs, 
>>> kernel (proc) 5 time elapsed: 1.674 ms, 1674 microsecs, 
>>> kernel (proc) 6 time elapsed: 1.639 ms, 1639 microsecs, 
>>> kernel (proc) 7 time elapsed: 1.699 ms, 1699 microsecs, 
>>> kernel (proc) 8 time elapsed: 1.632 ms, 1632 microsecs, 
>>> kernel (proc) 9 time elapsed: 1.683 ms, 1683 microsecs, 
>>> kernel (proc) 10 time elapsed: 1.666 ms, 1666 microsecs, 
>>> kernel (proc) 11 time elapsed: 1.538 ms, 1538 microsecs, 
>>> kernel (proc) 12 time elapsed: 1.669 ms, 1669 microsecs, 
>>> kernel (proc) 13 time elapsed: 1.682 ms, 1682 microsecs, 
>>> kernel (proc) 14 time elapsed: 1.645 ms, 1645 microsecs, 
>>> kernel (proc) 15 time elapsed: 1.709 ms, 1709 microsecs, 
>>> kernel (proc) 16 time elapsed: 1.676 ms, 1676 microsecs, 
>>> kernel (proc) 17 time elapsed: 1.697 ms, 1697 microsecs, 
>>> kernel (proc) 18 time elapsed: 1.548 ms, 1548 microsecs, 
>>> kernel (proc) 19 time elapsed: 1.508 ms, 1508 microsecs, 
>>> kernel (proc) 20 time elapsed: 1.669 ms, 1669 microsecs, 
>>> kernel (proc) 21 time elapsed: 1.648 ms, 1648 microsecs, 
>>> kernel (proc) 22 time elapsed: 1.668 ms, 1668 microsecs, 
>>> kernel (proc) 23 time elapsed: 1.652 ms, 1652 microsecs, 
>>> kernel (proc) 24 time elapsed: 1.669 ms, 1669 microsecs, 
>>> kernel (proc) 25 time elapsed: 1.587 ms, 1587 microsecs, 
>>> kernel (proc) 26 time elapsed: 1.705 ms, 1705 microsecs, 
>>> kernel (proc) 27 time elapsed: 1.578 ms, 1578 microsecs, 
>>> kernel (proc) 28 time elapsed: 1.674 ms, 1674 microsecs, 
>>> kernel (proc) 29 time elapsed: 1.682 ms, 1682 microsecs, 
>>> kernel (proc) 30 time elapsed: 1.702 ms, 1702 microsecs, 
>>> kernel (proc) 31 time elapsed: 1.586 ms, 1586 microsecs, 
>>> SUMMARY: kernel (proc) average time elapsed for Iteration 7: 1.49552(1.49552) ms, 1.52287(0.0273548) ms, 1.65081(0.127935) ms, 
>>> goclkernel[actssync]:: running ACTS SYNCHRONZE (Iteration 7)

active partitions for iteration 8: 
goclkernel::runapp2: no more active vertices to process. exiting... 
[1m[37m>>> SUMMARY: Total kernel time: 109.764 ms[0m
0.0221376, 5.63636, 0.128143, [Iter 0 throughput: 0.0188135]
1.08392, -339.245, 4.24658, [Iter 1 throughput: 0.865713]
70.4031, 639.385, 58.7367, [Iter 2 throughput: 30.4943]
984.786, 6991.11, 1003.84, [Iter 3 throughput: 464.109]
5046.67, 10410.2, 5658.27, [Iter 4 throughput: 2123.4]
7418.04, 11012.6, 6160.79, [Iter 5 throughput: 2577.79]
44.6283, 1702.94, 137.508, [Iter 6 throughput: 33.0394]
0.0347706, 1.90094, 0.406455, [Iter 7 throughput: 0.0314998]
>>> app::run_hw: total_edges_processed: 212698418 edges (212 million edges)
>>> app::run_hw: total_time_elapsed: 109.764 ms (0.109764 s)
[1m[37m>>> app::run_hw: throughput: 1.93778e+09 edges/sec (1937.78 million edges/sec)[0m

utility::runsssp_sw:: running traditional sssp... 
utility::runsssp_sw: number of active vertices for iteration 0: 0
utility::runsssp_sw: number of active vertices for iteration 1: 12
utility::runsssp_sw: number of active vertices for iteration 2: 460
utility::runsssp_sw: number of active vertices for iteration 3: 25400
utility::runsssp_sw: number of active vertices for iteration 4: 728870
utility::runsssp_sw: number of active vertices for iteration 5: 2210225
utility::runsssp_sw: number of active vertices for iteration 6: 32166
utility::runsssp_sw: number of active vertices for iteration 7: 32
utility::runsssp_sw: number of active vertices for iteration 8: 0
no more activer vertices to process. breaking out... 
>>> utility::runsssp_sw: total_edges_processed: 212698418 edges (212 million edges)
>>> utility::runsssp_sw: total_time_elapsed: 4910 ms (4.91 s)
[1m[37m>>> utility::runsssp_sw: throughput: 4.33194e+07 edges/sec (43.3194 million edges/sec)[0m

app::verifyresults_hw: verifying vertex data... 
utility::printvalues::app::verifyresults_hw.vdatas: verifying results after kernel run:: printing first 16 values
values[0]: 1
values[1]: 12
values[2]: 460
values[3]: 25399
values[4]: 728863
values[5]: 2210230
values[6]: 32167
values[7]: 32
values[8]: 0
values[9]: 0
values[10]: 0
values[11]: 0
values[12]: 0
values[13]: 0
values[14]: 0
values[15]: 0
printvalues:: total values: totalvalues: 2997164
graph::closetemporaryfilesforwriting : close temporary files for writing...
graph::closetemporaryfilesforreading : close files for reading...
graph::closefilesforreading : close files for reading...
=== STATS::TIMING AND SUMMARY RESULTS FOR ITERATION: 666 === 
>>> stats::summary Total number of kvReads in bank [0]: 250251520
>>> stats::summary Total number of kvReads for all threads: 250251520
>>> stats::summary Total time spent (SSD access): 0 milliseconds
>>> stats::summary Total time spent (SSD access): 0 seconds
>>> stats::summary Total time spent (OCL data transfers): 0 milliseconds
>>> stats::summary Total time spent (OCL data transfers): 0 seconds
>>> stats::summary Total time spent (Kernel Pre Process execution): 0 milliseconds
>>> stats::summary Total time spent (Kernel Pre Process execution): 0 seconds
>>> stats::summary Total time spent (Kernel execution): 0 milliseconds
>>> stats::summary Total time spent (Kernel execution): 0 seconds
>>> stats::summary Total time spent (Kernel Post Process execution): 0 milliseconds
>>> stats::summary Total time spent (Kernel Post Process execution): 0 seconds
>>> stats::summary Total time spent (Overall Kernel execution): 0 milliseconds
>>> stats::summary Total time spent (Overall Kernel execution): 0 seconds
>>> stats::summary Total time spent (Overall processing): 0 milliseconds
>>> stats::summary Total time spent (Overall processing): 0 seconds
>>> stats::summary Total time spent (Overall processing excluding SSD & OCL data transfers): 0 milliseconds
>>> stats::summary Total time spent (Overall processing excluding SSD & OCL data transfers): 0 seconds
>>> stats::summary Throughput (Kernel processing): inf keyvalues per second
>>> stats::summary Throughput (Kernel processing): inf million keyvalues per second
>>> stats::summary Throughput (Kernel processing): inf MB/s
>>> stats::summary Throughput (Overall processing): inf keyvalues per second
>>> stats::summary Throughput (Overall processing): inf million keyvalues per second
>>> stats::summary Throughput (Overall processing): inf MB/s
>>> stats::summary Throughput (Overall processing excluding SSD & OCL data transfers): inf keyvalues per second
>>> stats::summary Throughput (Overall processing excluding SSD & OCL data transfers): inf million keyvalues per second

graph::printdataset: printing dataset parameters...
>>> graphtopname: soc-orkut
>>> graphname: soc-orkut_dup
>>> graph_path: /localtmp/oj2zf/dataset/soc-orkut/soc-orkut.mtx
>>> vertices_path: /localtmp/oj2zf/dataset/soc-orkut/soc-orkut.vertices
>>> edges_path: /localtmp/oj2zf/dataset/soc-orkut/soc-orkut.edges
>>> vertices_path_bin: /localtmp/oj2zf/dataset/soc-orkut/soc-orkut_bin.vertices
>>> edges_path_bin: /localtmp/oj2zf/dataset/soc-orkut/soc-orkut_bin.edges
>>> min_vertex: 0
>>> max_vertex: 2997166
>>> num_vertices: 2997166
>>> num_edges: 212698418
>>> graphdirectiontype: 5
>>> graphorder: 6
>>> skewratio: 666
TEST FINISHED
[1m[37m>>> HOSTPROCESS:: TIMING SUMMARY: TOTAL TIME ELAPSED: : Time Elapsed = 349783243139[nanao seconds](Iteration 666)[0m
[1m[37m>>> HOSTPROCESS:: TIMING SUMMARY: TOTAL TIME ELAPSED: : Time Elapsed = 349783243[micro seconds](Iteration 666)[0m
[1m[37m>>> HOSTPROCESS:: TIMING SUMMARY: TOTAL TIME ELAPSED: : Time Elapsed = 349783[milli seconds](Iteration 666)[0m
[1m[37m>>> HOSTPROCESS:: TIMING SUMMARY: TOTAL TIME ELAPSED: : Time Elapsed = 349[seconds](Iteration 666)[0m

