Hostprocess:: Graph Analytics Started...
utility:: USEHBMMEMORY DEFINED
utility:: NUMDRAMBANKS: 4
utility:: NUMWORKERS: 1
utility:: NUMSUBWORKERS: 3
utility:: NUM_PARTITIONS: 16
utility:: NUMSUBCPUTHREADS: 32
utility:: DATAWIDTH: 512
utility:: VECTOR_SIZE: 8
utility:: KVDATA_RANGE: 4194304
utility:: KVDATA_RANGE_POW: 22
utility:: BATCH_RANGE: 4194304
utility:: BATCH_RANGE_POW: 22
utility:: TREE_DEPTH: 3
utility:: KVDATA_RANGE_POW: 22
utility:: KVDATA_RANGE: 4194304
utility:: MESSAGES_SIZE: 1024
utility:: LOCKE DEFINED
utility:: sizeof(keyvalue_t): 8 bytes (64 bits)
utility:: sizeof(vertex_t): 4 bytes (32 bits)
utility:: sizeof(edge_t): 4 bytes (32 bits)
utility:: MESSAGESDRAMSZ: 1024
utility:: VERTEXPTRSSZ: 2162688
utility:: VERTEXPTRSSZ_KVS: 270336
utility:: VERTICESDATASZ: 2097152
utility:: VERTICESDATASZ_KVS: 262144
>> host[baseoffsets]:: BASEOFFSET_MESSAGESDATA: 0
>> host[baseoffsets]:: BASEOFFSET_MESSAGESDATA_KVS: 0
>> host[baseoffsets]:: KVSOURCEDRAMSZ: 33554432
>> host[baseoffsets]:: KVSOURCEDRAMSZ_KVS: 4194304
>> host[baseoffsets]:: PADDEDKVSOURCEDRAMSZ: 33554432
>> host[baseoffsets]:: PADDEDKVSOURCEDRAMSZ_KVS: 4194304
>> host[baseoffsets]:: VDRAMSZ: 33554432
>> host[baseoffsets]:: PADDEDVDRAMSZ: 33554432
>> host[baseoffsets]:: PADDEDVDRAMSZ_KVS: 4194304
>> host[sizes]:: MESSAGESDRAMSZ (keyvalues): 1024 keyvalues
>> host[sizes]:: VERTEXPTRSSZ (keyvalues): 2162688 keyvalues
>> host[sizes]:: VERTICESDATASZ (keyvalues): 2097152 keyvalues
>> host[sizes]:: ACTIVEVERTICESSZ (keyvalues): 0 keyvalues
>> host[sizes]:: VERTICESDATAMASKSZ (keyvalues): 131072 keyvalues
>> host[sizes]:: KVSTATSDRAMSZ (keyvalues): 65536 keyvalues
>> host[sizes]:: PADDEDVDRAMSZ (keyvalues): 33554432 keyvalues
>> host[sizes]:: PADDEDKVSOURCEDRAMSZ (keyvalues): 33554432 keyvalues
>> host[bytes]:: MESSAGESDRAMSZ (bytes): 8192 bytes
>> host[bytes]:: KVSTATSDRAMSZ (bytes): 524288 bytes
>> host[bytes]:: VERTEXPTRSSZ (bytes): 17301504 bytes
>> host[bytes]:: VERTICESDATASZ (bytes): 16777216 bytes
>> host[bytes]:: ACTIVEVERTICESSZ (bytes): 0 bytes
>> host[bytes]:: VERTICESDATAMASKSZ (bytes): 1048576 bytes
>> host[bytes]:: PADDEDVDRAMSZ (bytes): 268435456 bytes
>> host[bytes]:: PADDEDKVSOURCEDRAMSZ (bytes): 268435456 bytes
utility:: KVSTATSDRAMSZ: 65536
utility:: NUMLASTLEVELPARTITIONS: 4096
utility:: REDUCESZ_POW: 10
utility:: REDUCESZ: 1024
utility:: REDUCEBUFFERSZ: 512
utility:: VMASKBUFFERSZ_KVS: 32
utility:: NUMLASTLEVELPARTITIONS: 4096
utility:: ENABLE_KERNEL_PROFILING DEFINED: 
graph::graph constructor:: datasetid: 30, _numedgebanks: 1
graph::loadalldatasets:: 
graph::loadalldatasets finished. 
graph::printdataset: printing dataset parameters...
>>> graphtopname: soc-orkut
>>> graphname: soc-orkut_dup
>>> graph_path: /localtmp/oj2zf/dataset/soc-orkut/soc-orkut.mtx
>>> vertices_path: /localtmp/oj2zf/dataset/soc-orkut/soc-orkut.vertices
>>> edges_path: /localtmp/oj2zf/dataset/soc-orkut/soc-orkut.edges
>>> vertices_path_bin: /localtmp/oj2zf/dataset/soc-orkut/soc-orkut_bin.vertices
>>> edges_path_bin: /localtmp/oj2zf/dataset/soc-orkut/soc-orkut_bin.edges
>>> min_vertex: 0
>>> max_vertex: 2997166
>>> num_vertices: 2997166
>>> num_edges: 212698418
>>> graphdirectiontype: 5
>>> graphorder: 6
>>> skewratio: 666
app::run_hw:: app algorithm started. 
graph::opentemporaryfilesforwriting : opening temporary files for writing...
Directory already exists.INFO: Successfully opened /localtmp/oj2zf/dataset/soc-orkut/soc-orkut_1by1/soc-orkut_dup.vdata
INFO: Successfully opened /localtmp/oj2zf/dataset/soc-orkut/soc-orkut_1by1/soc-orkut_dup.vproperties
graph::opentemporaryfilesforreading : opening temporary files for reading
INFO: Successfully opened /localtmp/oj2zf/dataset/soc-orkut/soc-orkut_1by1/soc-orkut_dup.vdata
INFO: Successfully opened /localtmp/oj2zf/dataset/soc-orkut/soc-orkut_1by1/soc-orkut_dup.vproperties
generating vertices data... 
graph::openfilesforreading : opening files for reading
INFO: Successfully opened /localtmp/oj2zf/dataset/soc-orkut/soc-orkut_1by1/soc-orkut_dup_0_0.vertexptrs
INFO: Successfully opened /localtmp/oj2zf/dataset/soc-orkut/soc-orkut_1by1/soc-orkut_dup_0_0.vertexptrs
INFO: Successfully opened /localtmp/oj2zf/dataset/soc-orkut/soc-orkut_1by1/soc-orkut_dup_0_0.edges
INFO: Successfully opened /localtmp/oj2zf/dataset/soc-orkut/soc-orkut_1by1/soc-orkut_dup_0_0.edges
loadedges_rowblockwise:: loading Acts... sizes: [[7820368, 7820368, 7820368, 7820368, 7820368, 7820368, 7820368, 7820368, 7820368, 7820368, 7820368, 7820368, 7820368, 7820368, 7820368, 7820368, 7820352, 7820352, 7820352, 7820352, 7820352, 7820352, 7820352, 7820352, 7820352, 7820352, 7820352, 7820352, 7820352, 7820352, 7820352, 7820352]]
loadedges_rowblockwise:: total sizes: 250251520
maxvptr: 7820368
app::loadvertexdata:: loading vertex datas... 
app::setrootvid:: setting root vid(s)... 
app::loadactvvertices:: loading active vertices... 
app::generatevmaskdata:: generating vmask... 
app::loadoffsetmarkers:: loading offset markers... 
app::loadmessages:: loading messages... 
[globalparams.BASEOFFSET_MESSAGESDATA: 0]
[globalparams.BASEOFFSETKVS_MESSAGESDATA: 0]
[globalparams.BASEOFFSET_EDGESDATA: 8192]
[globalparams.BASEOFFSETKVS_EDGESDATA: 1024]
[globalparams.BASEOFFSET_VERTEXPTR: 3983912]
[globalparams.BASEOFFSETKVS_VERTEXPTR: 497989]
[globalparams.BASEOFFSET_VERTICESDATA: 6146600]
[globalparams.BASEOFFSETKVS_VERTICESDATA: 768325]
[globalparams.BASEOFFSET_ACTIVEVERTICES: 8243752]
[globalparams.BASEOFFSETKVS_ACTIVEVERTICES: 1030469]
[globalparams.BASEOFFSET_VERTICESDATAMASK: 8243752]
[globalparams.BASEOFFSETKVS_VERTICESDATAMASK: 1030469]
[globalparams.BASEOFFSET_VERTICESPARTITIONMASK : 8374824]
[globalparams.BASEOFFSETKVS_VERTICESPARTITIONMASK: 1046853]
[globalparams.BASEOFFSET_STATSDRAM: 8378920]
[globalparams.BASEOFFSETKVS_STATSDRAM: 1047365]
[globalparams.BASEOFFSET_KVDRAM: 8903208]
[globalparams.BASEOFFSETKVS_KVDRAM: 1112901]
[globalparams.BASEOFFSET_KVDRAMWORKSPACE: 16724336]
[globalparams.BASEOFFSETKVS_KVDRAMWORKSPACE: 2090542]
[globalparams.SIZE_MESSAGESDRAM: 0]
[globalparams.SIZE_EDGES: 7821368]
[globalparams.SIZE_VERTEXPTRS: 4194304]
[globalparams.SIZE_VERTICESDATA: 4194304]
[globalparams.SIZE_ACTIVEVERTICES: 0]
[globalparams.SIZE_VERTICESDATAMASK: 131072]
[globalparams.SIZE_KVSTATSDRAM: 65536]
[globalparams.SIZE_KVDRAM: 7821128]
[globalparams.SIZE_KVDRAMWORKSPACE: 7821128]
[1m[37m>> host[sizes]:: PADDEDKVSOURCEDRAMSZ (keyvalues): 33554432 keyvalues[0m
[1m[37m>> host[bytes]:: PADDEDKVSOURCEDRAMSZ (bytes): 268435456 bytes[0m
[1m[37m>> host[sizes]:: valid PADDEDKVSOURCEDRAMSZ (keyvalues): 24545464 keyvalues[0m
[1m[37m>> host[bytes]:: valid PADDEDKVSOURCEDRAMSZ (bytes): 196363712 bytes. (HBM max=268435456 bytes)[0m
loadmessages:: loading Acts... sizes: [[7820368, 7820368, 7820368, 7820368, 7820368, 7820368, 7820368, 7820368, 7820368, 7820368, 7820368, 7820368, 7820368, 7820368, 7820368, 7820368, 7820352, 7820352, 7820352, 7820352, 7820352, 7820352, 7820352, 7820352, 7820352, 7820352, 7820352, 7820352, 7820352, 7820352, 7820352, 7820352]]
loadmessages:: total sizes: 250251520
app::appendkeyvaluecount:: appending value count... 
app::experiements: resetting kvdram & kvdram workspaces...

utility::runsssp_sw:: running traditional sssp... 
utility::runsssp_sw: number of active vertices for iteration 0: 0
utility::runsssp_sw: number of active vertices for iteration 1: 12
utility::runsssp_sw: number of active vertices for iteration 2: 460
utility::runsssp_sw: number of active vertices for iteration 3: 25400
utility::runsssp_sw: number of active vertices for iteration 4: 728870
utility::runsssp_sw: number of active vertices for iteration 5: 2210225
utility::runsssp_sw: number of active vertices for iteration 6: 32166
utility::runsssp_sw: number of active vertices for iteration 7: 32
utility::runsssp_sw: number of active vertices for iteration 8: 0
no more activer vertices to process. breaking out... 
>>> utility::runsssp_sw: total_edges_processed: 212698418 edges (212 million edges)
>>> utility::runsssp_sw: total_time_elapsed: 4498 ms (4.498 s)
[1m[37m>>> utility::runsssp_sw: throughput: 4.72873e+07 edges/sec (47.2873 million edges/sec)[0m

[1m[37m>>> app::run_hw: app started. (1 active vertices)[0m
Found Platform
Platform Name: Xilinx
Found Device=xilinx_u280_xdma_201910_1
INFO: Reading /home/oj2zf/Documents/ActsOfAGraph/synkernels/goldenkernelprocsssp32HW120MHz.xclbin
Loading: '/home/oj2zf/Documents/ActsOfAGraph/synkernels/goldenkernelprocsssp32HW120MHz.xclbin'
INFO: Reading /home/oj2zf/Documents/ActsOfAGraph/synkernels/goldenkernelsync32HW120MHz.xclbin
Loading: '/home/oj2zf/Documents/ActsOfAGraph/synkernels/goldenkernelsync32HW120MHz.xclbin'
>>> goclkernel[actssync]:: running ACTS PROCESS (Iteration 0)...
>>> kernel (proc) 0 time elapsed: 0.946 ms, 946 microsecs, 
>>> kernel (proc) 1 time elapsed: 0.762 ms, 762 microsecs, 
>>> kernel (proc) 2 time elapsed: 0.814 ms, 814 microsecs, 
>>> kernel (proc) 3 time elapsed: 0.766 ms, 766 microsecs, 
>>> kernel (proc) 4 time elapsed: 0.87 ms, 870 microsecs, 
>>> kernel (proc) 5 time elapsed: 0.662 ms, 662 microsecs, 
>>> kernel (proc) 6 time elapsed: 0.787 ms, 787 microsecs, 
>>> kernel (proc) 7 time elapsed: 0.793 ms, 793 microsecs, 
>>> kernel (proc) 8 time elapsed: 0.79 ms, 790 microsecs, 
>>> kernel (proc) 9 time elapsed: 0.793 ms, 793 microsecs, 
>>> kernel (proc) 10 time elapsed: 0.794 ms, 794 microsecs, 
>>> kernel (proc) 11 time elapsed: 0.791 ms, 791 microsecs, 
>>> kernel (proc) 12 time elapsed: 0.729 ms, 729 microsecs, 
>>> kernel (proc) 13 time elapsed: 0.771 ms, 771 microsecs, 
>>> kernel (proc) 14 time elapsed: 0.774 ms, 774 microsecs, 
>>> kernel (proc) 15 time elapsed: 0.793 ms, 793 microsecs, 
>>> kernel (proc) 16 time elapsed: 0.803 ms, 803 microsecs, 
>>> kernel (proc) 17 time elapsed: 0.757 ms, 757 microsecs, 
>>> kernel (proc) 18 time elapsed: 0.687 ms, 687 microsecs, 
>>> kernel (proc) 19 time elapsed: 0.772 ms, 772 microsecs, 
>>> kernel (proc) 20 time elapsed: 0.785 ms, 785 microsecs, 
>>> kernel (proc) 21 time elapsed: 0.787 ms, 787 microsecs, 
>>> kernel (proc) 22 time elapsed: 0.791 ms, 791 microsecs, 
>>> kernel (proc) 23 time elapsed: 0.892 ms, 892 microsecs, 
>>> kernel (proc) 24 time elapsed: 0.863 ms, 863 microsecs, 
>>> kernel (proc) 25 time elapsed: 0.881 ms, 881 microsecs, 
>>> kernel (proc) 26 time elapsed: 0.82 ms, 820 microsecs, 
>>> kernel (proc) 27 time elapsed: 0.691 ms, 691 microsecs, 
>>> kernel (proc) 28 time elapsed: 0.866 ms, 866 microsecs, 
>>> kernel (proc) 29 time elapsed: 0.784 ms, 784 microsecs, 
>>> kernel (proc) 30 time elapsed: 0.873 ms, 873 microsecs, 
>>> kernel (proc) 31 time elapsed: 0.769 ms, 769 microsecs, 
>>> SUMMARY: kernel (proc) average time elapsed for Iteration 0: 0.585839(0.585839) ms, 0.585742(-9.67742e-05) ms, 0.790645(0.204903) ms, 
>>> goclkernel[actssync]:: running ACTS SYNCHRONZE (Iteration 0)

active partitions for iteration 1: 0, 
>>> goclkernel[actssync]:: running ACTS PROCESS (Iteration 1)...
>>> kernel (proc) 0 time elapsed: 0.672 ms, 672 microsecs, 
>>> kernel (proc) 1 time elapsed: 0.751 ms, 751 microsecs, 
>>> kernel (proc) 2 time elapsed: 0.919 ms, 919 microsecs, 
>>> kernel (proc) 3 time elapsed: 0.837 ms, 837 microsecs, 
>>> kernel (proc) 4 time elapsed: 0.787 ms, 787 microsecs, 
>>> kernel (proc) 5 time elapsed: 0.932 ms, 932 microsecs, 
>>> kernel (proc) 6 time elapsed: 0.882 ms, 882 microsecs, 
>>> kernel (proc) 7 time elapsed: 0.83 ms, 830 microsecs, 
>>> kernel (proc) 8 time elapsed: 0.816 ms, 816 microsecs, 
>>> kernel (proc) 9 time elapsed: 0.799 ms, 799 microsecs, 
>>> kernel (proc) 10 time elapsed: 0.753 ms, 753 microsecs, 
>>> kernel (proc) 11 time elapsed: 0.922 ms, 922 microsecs, 
>>> kernel (proc) 12 time elapsed: 0.755 ms, 755 microsecs, 
>>> kernel (proc) 13 time elapsed: 0.8 ms, 800 microsecs, 
>>> kernel (proc) 14 time elapsed: 0.763 ms, 763 microsecs, 
>>> kernel (proc) 15 time elapsed: 0.657 ms, 657 microsecs, 
>>> kernel (proc) 16 time elapsed: 0.774 ms, 774 microsecs, 
>>> kernel (proc) 17 time elapsed: 0.803 ms, 803 microsecs, 
>>> kernel (proc) 18 time elapsed: 0.864 ms, 864 microsecs, 
>>> kernel (proc) 19 time elapsed: 0.804 ms, 804 microsecs, 
>>> kernel (proc) 20 time elapsed: 0.756 ms, 756 microsecs, 
>>> kernel (proc) 21 time elapsed: 0.919 ms, 919 microsecs, 
>>> kernel (proc) 22 time elapsed: 0.777 ms, 777 microsecs, 
>>> kernel (proc) 23 time elapsed: 0.773 ms, 773 microsecs, 
>>> kernel (proc) 24 time elapsed: 0.856 ms, 856 microsecs, 
>>> kernel (proc) 25 time elapsed: 0.899 ms, 899 microsecs, 
>>> kernel (proc) 26 time elapsed: 0.746 ms, 746 microsecs, 
>>> kernel (proc) 27 time elapsed: 0.799 ms, 799 microsecs, 
>>> kernel (proc) 28 time elapsed: 0.754 ms, 754 microsecs, 
>>> kernel (proc) 29 time elapsed: 0.762 ms, 762 microsecs, 
>>> kernel (proc) 30 time elapsed: 0.767 ms, 767 microsecs, 
>>> kernel (proc) 31 time elapsed: 0.804 ms, 804 microsecs, 
>>> SUMMARY: kernel (proc) average time elapsed for Iteration 1: 0.732258(0.732258) ms, 0.602129(-0.130129) ms, 0.808387(0.206258) ms, 
>>> goclkernel[actssync]:: running ACTS SYNCHRONZE (Iteration 1)

active partitions for iteration 2: 0, 1, 
>>> goclkernel[actssync]:: running ACTS PROCESS (Iteration 2)...
>>> kernel (proc) 0 time elapsed: 1.885 ms, 1885 microsecs, 
>>> kernel (proc) 1 time elapsed: 1.902 ms, 1902 microsecs, 
>>> kernel (proc) 2 time elapsed: 1.794 ms, 1794 microsecs, 
>>> kernel (proc) 3 time elapsed: 1.903 ms, 1903 microsecs, 
>>> kernel (proc) 4 time elapsed: 2.047 ms, 2047 microsecs, 
>>> kernel (proc) 5 time elapsed: 1.905 ms, 1905 microsecs, 
>>> kernel (proc) 6 time elapsed: 1.811 ms, 1811 microsecs, 
>>> kernel (proc) 7 time elapsed: 1.816 ms, 1816 microsecs, 
>>> kernel (proc) 8 time elapsed: 1.981 ms, 1981 microsecs, 
>>> kernel (proc) 9 time elapsed: 1.898 ms, 1898 microsecs, 
>>> kernel (proc) 10 time elapsed: 1.762 ms, 1762 microsecs, 
>>> kernel (proc) 11 time elapsed: 1.915 ms, 1915 microsecs, 
>>> kernel (proc) 12 time elapsed: 1.81 ms, 1810 microsecs, 
>>> kernel (proc) 13 time elapsed: 1.898 ms, 1898 microsecs, 
>>> kernel (proc) 14 time elapsed: 1.787 ms, 1787 microsecs, 
>>> kernel (proc) 15 time elapsed: 2.097 ms, 2097 microsecs, 
>>> kernel (proc) 16 time elapsed: 1.773 ms, 1773 microsecs, 
>>> kernel (proc) 17 time elapsed: 1.666 ms, 1666 microsecs, 
>>> kernel (proc) 18 time elapsed: 1.892 ms, 1892 microsecs, 
>>> kernel (proc) 19 time elapsed: 1.838 ms, 1838 microsecs, 
>>> kernel (proc) 20 time elapsed: 1.935 ms, 1935 microsecs, 
>>> kernel (proc) 21 time elapsed: 1.799 ms, 1799 microsecs, 
>>> kernel (proc) 22 time elapsed: 1.623 ms, 1623 microsecs, 
>>> kernel (proc) 23 time elapsed: 1.818 ms, 1818 microsecs, 
>>> kernel (proc) 24 time elapsed: 1.75 ms, 1750 microsecs, 
>>> kernel (proc) 25 time elapsed: 1.759 ms, 1759 microsecs, 
>>> kernel (proc) 26 time elapsed: 2.002 ms, 2002 microsecs, 
>>> kernel (proc) 27 time elapsed: 1.877 ms, 1877 microsecs, 
>>> kernel (proc) 28 time elapsed: 1.709 ms, 1709 microsecs, 
>>> kernel (proc) 29 time elapsed: 1.95 ms, 1950 microsecs, 
>>> kernel (proc) 30 time elapsed: 1.827 ms, 1827 microsecs, 
>>> kernel (proc) 31 time elapsed: 1.86 ms, 1860 microsecs, 
>>> SUMMARY: kernel (proc) average time elapsed for Iteration 2: 0.748613(0.748613) ms, 0.815419(0.0668065) ms, 1.85174(1.03632) ms, 
>>> goclkernel[actssync]:: running ACTS SYNCHRONZE (Iteration 2)

active partitions for iteration 3: 0, 1, 2, 3, 4, 5, 6, 7, 8, 9, 10, 11, 12, 13, 14, 15, 16, 17, 18, 19, 20, 21, 22, 23, 24, 25, 26, 27, 28, 29, 30, 31, 32, 33, 34, 35, 36, 37, 38, 39, 40, 41, 42, 43, 44, 45, 46, 47, 48, 
>>> goclkernel[actssync]:: running ACTS PROCESS (Iteration 3)...
>>> kernel (proc) 0 time elapsed: 11.927 ms, 11927 microsecs, 
>>> kernel (proc) 1 time elapsed: 11.981 ms, 11981 microsecs, 
>>> kernel (proc) 2 time elapsed: 11.981 ms, 11981 microsecs, 
>>> kernel (proc) 3 time elapsed: 11.953 ms, 11953 microsecs, 
>>> kernel (proc) 4 time elapsed: 11.934 ms, 11934 microsecs, 
>>> kernel (proc) 5 time elapsed: 11.965 ms, 11965 microsecs, 
>>> kernel (proc) 6 time elapsed: 11.92 ms, 11920 microsecs, 
>>> kernel (proc) 7 time elapsed: 11.902 ms, 11902 microsecs, 
>>> kernel (proc) 8 time elapsed: 11.97 ms, 11970 microsecs, 
>>> kernel (proc) 9 time elapsed: 11.964 ms, 11964 microsecs, 
>>> kernel (proc) 10 time elapsed: 12.015 ms, 12015 microsecs, 
>>> kernel (proc) 11 time elapsed: 11.964 ms, 11964 microsecs, 
>>> kernel (proc) 12 time elapsed: 11.904 ms, 11904 microsecs, 
>>> kernel (proc) 13 time elapsed: 11.952 ms, 11952 microsecs, 
>>> kernel (proc) 14 time elapsed: 11.974 ms, 11974 microsecs, 
>>> kernel (proc) 15 time elapsed: 11.987 ms, 11987 microsecs, 
>>> kernel (proc) 16 time elapsed: 11.978 ms, 11978 microsecs, 
>>> kernel (proc) 17 time elapsed: 12.012 ms, 12012 microsecs, 
>>> kernel (proc) 18 time elapsed: 12.011 ms, 12011 microsecs, 
>>> kernel (proc) 19 time elapsed: 11.921 ms, 11921 microsecs, 
>>> kernel (proc) 20 time elapsed: 11.939 ms, 11939 microsecs, 
>>> kernel (proc) 21 time elapsed: 11.93 ms, 11930 microsecs, 
>>> kernel (proc) 22 time elapsed: 11.997 ms, 11997 microsecs, 
>>> kernel (proc) 23 time elapsed: 11.932 ms, 11932 microsecs, 
>>> kernel (proc) 24 time elapsed: 11.946 ms, 11946 microsecs, 
>>> kernel (proc) 25 time elapsed: 11.947 ms, 11947 microsecs, 
>>> kernel (proc) 26 time elapsed: 11.947 ms, 11947 microsecs, 
>>> kernel (proc) 27 time elapsed: 11.964 ms, 11964 microsecs, 
>>> kernel (proc) 28 time elapsed: 11.955 ms, 11955 microsecs, 
>>> kernel (proc) 29 time elapsed: 11.965 ms, 11965 microsecs, 
>>> kernel (proc) 30 time elapsed: 11.951 ms, 11951 microsecs, 
>>> kernel (proc) 31 time elapsed: 11.993 ms, 11993 microsecs, 
>>> SUMMARY: kernel (proc) average time elapsed for Iteration 3: 5.28165(5.28165) ms, 6.19787(0.916226) ms, 11.9598(5.76194) ms, 
>>> goclkernel[actssync]:: running ACTS SYNCHRONZE (Iteration 3)

active partitions for iteration 4: 0, 1, 2, 3, 4, 5, 6, 7, 8, 9, 10, 11, 12, 13, 14, 15, 16, 17, 18, 19, 20, 21, 22, 23, 24, 25, 26, 27, 28, 29, 30, 31, 32, 33, 34, 35, 36, 37, 38, 39, 40, 41, 42, 43, 44, 45, 46, 47, 48, 49, 50, 51, 52, 53, 54, 55, 56, 57, 58, 59, 60, 61, 62, 63, 64, 65, 66, 67, 68, 69, 70, 71, 72, 73, 74, 75, 76, 77, 78, 79, 80, 81, 82, 83, 84, 85, 86, 87, 88, 89, 90, 91, 92, 93, 94, 95, 96, 97, 98, 99, 100, 101, 102, 103, 104, 105, 106, 107, 108, 109, 110, 111, 112, 113, 114, 115, 116, 117, 118, 119, 120, 121, 122, 123, 124, 125, 126, 127, 128, 129, 130, 131, 132, 133, 134, 135, 136, 137, 138, 139, 140, 141, 142, 143, 144, 145, 146, 147, 148, 149, 150, 151, 152, 153, 154, 155, 156, 157, 158, 159, 160, 161, 162, 163, 164, 165, 166, 167, 168, 169, 170, 171, 172, 173, 174, 175, 176, 177, 178, 179, 180, 181, 182, 
>>> goclkernel[actssync]:: running ACTS PROCESS (Iteration 4)...
>>> kernel (proc) 0 time elapsed: 62.76 ms, 62760 microsecs, 
>>> kernel (proc) 1 time elapsed: 62.629 ms, 62629 microsecs, 
>>> kernel (proc) 2 time elapsed: 62.624 ms, 62624 microsecs, 
>>> kernel (proc) 3 time elapsed: 62.527 ms, 62527 microsecs, 
>>> kernel (proc) 4 time elapsed: 62.563 ms, 62563 microsecs, 
>>> kernel (proc) 5 time elapsed: 62.587 ms, 62587 microsecs, 
>>> kernel (proc) 6 time elapsed: 62.659 ms, 62659 microsecs, 
>>> kernel (proc) 7 time elapsed: 62.574 ms, 62574 microsecs, 
>>> kernel (proc) 8 time elapsed: 67.506 ms, 67506 microsecs, 
>>> kernel (proc) 9 time elapsed: 62.58 ms, 62580 microsecs, 
>>> kernel (proc) 10 time elapsed: 62.645 ms, 62645 microsecs, 
>>> kernel (proc) 11 time elapsed: 62.548 ms, 62548 microsecs, 
>>> kernel (proc) 12 time elapsed: 62.575 ms, 62575 microsecs, 
>>> kernel (proc) 13 time elapsed: 62.57 ms, 62570 microsecs, 
>>> kernel (proc) 14 time elapsed: 62.615 ms, 62615 microsecs, 
>>> kernel (proc) 15 time elapsed: 62.473 ms, 62473 microsecs, 
>>> kernel (proc) 16 time elapsed: 62.53 ms, 62530 microsecs, 
>>> kernel (proc) 17 time elapsed: 62.541 ms, 62541 microsecs, 
>>> kernel (proc) 18 time elapsed: 62.544 ms, 62544 microsecs, 
>>> kernel (proc) 19 time elapsed: 62.576 ms, 62576 microsecs, 
>>> kernel (proc) 20 time elapsed: 62.611 ms, 62611 microsecs, 
>>> kernel (proc) 21 time elapsed: 62.403 ms, 62403 microsecs, 
>>> kernel (proc) 22 time elapsed: 62.481 ms, 62481 microsecs, 
>>> kernel (proc) 23 time elapsed: 62.5 ms, 62500 microsecs, 
>>> kernel (proc) 24 time elapsed: 62.482 ms, 62482 microsecs, 
>>> kernel (proc) 25 time elapsed: 62.464 ms, 62464 microsecs, 
>>> kernel (proc) 26 time elapsed: 62.506 ms, 62506 microsecs, 
>>> kernel (proc) 27 time elapsed: 62.505 ms, 62505 microsecs, 
>>> kernel (proc) 28 time elapsed: 62.546 ms, 62546 microsecs, 
>>> kernel (proc) 29 time elapsed: 62.546 ms, 62546 microsecs, 
>>> kernel (proc) 30 time elapsed: 62.649 ms, 62649 microsecs, 
>>> kernel (proc) 31 time elapsed: 62.645 ms, 62645 microsecs, 
>>> SUMMARY: kernel (proc) average time elapsed for Iteration 4: 26.4779(26.4779) ms, 40.6825(14.2046) ms, 62.7163(22.0337) ms, 
>>> goclkernel[actssync]:: running ACTS SYNCHRONZE (Iteration 4)

active partitions for iteration 5: 0, 1, 2, 3, 4, 5, 6, 7, 8, 9, 10, 11, 12, 13, 14, 15, 16, 17, 18, 19, 20, 21, 22, 23, 24, 25, 26, 27, 28, 29, 30, 31, 32, 33, 34, 35, 36, 37, 38, 39, 40, 41, 42, 43, 44, 45, 46, 47, 48, 49, 50, 51, 52, 53, 54, 55, 56, 57, 58, 59, 60, 61, 62, 63, 64, 65, 66, 67, 68, 69, 70, 71, 72, 73, 74, 75, 76, 77, 78, 79, 80, 81, 82, 83, 84, 85, 86, 87, 88, 89, 90, 91, 92, 93, 94, 95, 96, 97, 98, 99, 100, 101, 102, 103, 104, 105, 106, 107, 108, 109, 110, 111, 112, 113, 114, 115, 116, 117, 118, 119, 120, 121, 122, 123, 124, 125, 126, 127, 128, 129, 130, 131, 132, 133, 134, 135, 136, 137, 138, 139, 140, 141, 142, 143, 144, 145, 146, 147, 148, 149, 150, 151, 152, 153, 154, 155, 156, 157, 158, 159, 160, 161, 162, 163, 164, 165, 166, 167, 168, 169, 170, 171, 172, 173, 174, 175, 176, 177, 178, 179, 180, 181, 182, 
>>> goclkernel[actssync]:: running ACTS PROCESS (Iteration 5)...
>>> kernel (proc) 0 time elapsed: 95.417 ms, 95417 microsecs, 
>>> kernel (proc) 1 time elapsed: 95.249 ms, 95249 microsecs, 
>>> kernel (proc) 2 time elapsed: 95.234 ms, 95234 microsecs, 
>>> kernel (proc) 3 time elapsed: 95.387 ms, 95387 microsecs, 
>>> kernel (proc) 4 time elapsed: 95.416 ms, 95416 microsecs, 
>>> kernel (proc) 5 time elapsed: 95.352 ms, 95352 microsecs, 
>>> kernel (proc) 6 time elapsed: 95.391 ms, 95391 microsecs, 
>>> kernel (proc) 7 time elapsed: 95.382 ms, 95382 microsecs, 
>>> kernel (proc) 8 time elapsed: 95.509 ms, 95509 microsecs, 
>>> kernel (proc) 9 time elapsed: 95.397 ms, 95397 microsecs, 
>>> kernel (proc) 10 time elapsed: 95.423 ms, 95423 microsecs, 
>>> kernel (proc) 11 time elapsed: 95.481 ms, 95481 microsecs, 
>>> kernel (proc) 12 time elapsed: 95.437 ms, 95437 microsecs, 
>>> kernel (proc) 13 time elapsed: 95.46 ms, 95460 microsecs, 
>>> kernel (proc) 14 time elapsed: 95.325 ms, 95325 microsecs, 
>>> kernel (proc) 15 time elapsed: 95.421 ms, 95421 microsecs, 
>>> kernel (proc) 16 time elapsed: 95.445 ms, 95445 microsecs, 
>>> kernel (proc) 17 time elapsed: 95.518 ms, 95518 microsecs, 
>>> kernel (proc) 18 time elapsed: 95.374 ms, 95374 microsecs, 
>>> kernel (proc) 19 time elapsed: 95.481 ms, 95481 microsecs, 
>>> kernel (proc) 20 time elapsed: 95.495 ms, 95495 microsecs, 
>>> kernel (proc) 21 time elapsed: 95.437 ms, 95437 microsecs, 
>>> kernel (proc) 22 time elapsed: 95.499 ms, 95499 microsecs, 
>>> kernel (proc) 23 time elapsed: 95.308 ms, 95308 microsecs, 
>>> kernel (proc) 24 time elapsed: 95.409 ms, 95409 microsecs, 
>>> kernel (proc) 25 time elapsed: 95.309 ms, 95309 microsecs, 
>>> kernel (proc) 26 time elapsed: 95.401 ms, 95401 microsecs, 
>>> kernel (proc) 27 time elapsed: 95.458 ms, 95458 microsecs, 
>>> kernel (proc) 28 time elapsed: 95.266 ms, 95266 microsecs, 
>>> kernel (proc) 29 time elapsed: 95.435 ms, 95435 microsecs, 
>>> kernel (proc) 30 time elapsed: 95.394 ms, 95394 microsecs, 
>>> kernel (proc) 31 time elapsed: 95.321 ms, 95321 microsecs, 
>>> SUMMARY: kernel (proc) average time elapsed for Iteration 5: 35.0816(35.0816) ms, 59.4672(24.3856) ms, 95.4005(35.9333) ms, 
>>> goclkernel[actssync]:: running ACTS SYNCHRONZE (Iteration 5)

active partitions for iteration 6: 3, 4, 5, 6, 7, 8, 9, 10, 11, 12, 13, 14, 15, 16, 17, 18, 19, 20, 21, 22, 24, 25, 26, 27, 28, 29, 30, 31, 32, 33, 34, 35, 36, 37, 38, 39, 40, 41, 42, 43, 44, 45, 46, 47, 48, 49, 50, 51, 52, 53, 54, 55, 56, 57, 58, 59, 60, 61, 62, 63, 64, 65, 66, 67, 68, 69, 70, 71, 72, 73, 74, 75, 76, 77, 78, 79, 80, 81, 82, 83, 84, 85, 86, 87, 88, 89, 90, 91, 92, 93, 94, 95, 96, 97, 98, 99, 100, 101, 102, 103, 104, 105, 106, 107, 108, 109, 110, 111, 112, 113, 114, 115, 116, 117, 118, 119, 120, 121, 122, 123, 124, 125, 126, 127, 128, 129, 130, 131, 132, 133, 134, 135, 136, 137, 138, 139, 140, 141, 142, 143, 144, 145, 146, 147, 148, 149, 150, 151, 152, 153, 154, 155, 156, 157, 158, 159, 160, 161, 162, 163, 164, 165, 166, 167, 168, 169, 170, 171, 172, 173, 174, 175, 176, 177, 178, 179, 180, 181, 182, 
>>> goclkernel[actssync]:: running ACTS PROCESS (Iteration 6)...
>>> kernel (proc) 0 time elapsed: 19.001 ms, 19001 microsecs, 
>>> kernel (proc) 1 time elapsed: 18.924 ms, 18924 microsecs, 
>>> kernel (proc) 2 time elapsed: 18.974 ms, 18974 microsecs, 
>>> kernel (proc) 3 time elapsed: 18.966 ms, 18966 microsecs, 
>>> kernel (proc) 4 time elapsed: 19.054 ms, 19054 microsecs, 
>>> kernel (proc) 5 time elapsed: 19.058 ms, 19058 microsecs, 
>>> kernel (proc) 6 time elapsed: 18.999 ms, 18999 microsecs, 
>>> kernel (proc) 7 time elapsed: 19.003 ms, 19003 microsecs, 
>>> kernel (proc) 8 time elapsed: 19.032 ms, 19032 microsecs, 
>>> kernel (proc) 9 time elapsed: 19.029 ms, 19029 microsecs, 
>>> kernel (proc) 10 time elapsed: 18.969 ms, 18969 microsecs, 
>>> kernel (proc) 11 time elapsed: 18.979 ms, 18979 microsecs, 
>>> kernel (proc) 12 time elapsed: 18.93 ms, 18930 microsecs, 
>>> kernel (proc) 13 time elapsed: 18.934 ms, 18934 microsecs, 
>>> kernel (proc) 14 time elapsed: 18.999 ms, 18999 microsecs, 
>>> kernel (proc) 15 time elapsed: 18.915 ms, 18915 microsecs, 
>>> kernel (proc) 16 time elapsed: 19.052 ms, 19052 microsecs, 
>>> kernel (proc) 17 time elapsed: 18.846 ms, 18846 microsecs, 
>>> kernel (proc) 18 time elapsed: 18.927 ms, 18927 microsecs, 
>>> kernel (proc) 19 time elapsed: 18.91 ms, 18910 microsecs, 
>>> kernel (proc) 20 time elapsed: 18.915 ms, 18915 microsecs, 
>>> kernel (proc) 21 time elapsed: 18.986 ms, 18986 microsecs, 
>>> kernel (proc) 22 time elapsed: 18.979 ms, 18979 microsecs, 
>>> kernel (proc) 23 time elapsed: 18.96 ms, 18960 microsecs, 
>>> kernel (proc) 24 time elapsed: 18.988 ms, 18988 microsecs, 
>>> kernel (proc) 25 time elapsed: 18.907 ms, 18907 microsecs, 
>>> kernel (proc) 26 time elapsed: 19.03 ms, 19030 microsecs, 
>>> kernel (proc) 27 time elapsed: 18.988 ms, 18988 microsecs, 
>>> kernel (proc) 28 time elapsed: 18.961 ms, 18961 microsecs, 
>>> kernel (proc) 29 time elapsed: 18.997 ms, 18997 microsecs, 
>>> kernel (proc) 30 time elapsed: 19.035 ms, 19035 microsecs, 
>>> kernel (proc) 31 time elapsed: 18.905 ms, 18905 microsecs, 
>>> SUMMARY: kernel (proc) average time elapsed for Iteration 6: 13.7439(13.7439) ms, 14.1429(0.398935) ms, 18.9726(4.82974) ms, 
>>> goclkernel[actssync]:: running ACTS SYNCHRONZE (Iteration 6)

active partitions for iteration 7: 56, 74, 90, 93, 107, 110, 121, 123, 124, 128, 129, 130, 134, 135, 136, 141, 142, 145, 146, 148, 149, 153, 154, 155, 156, 175, 176, 177, 
>>> goclkernel[actssync]:: running ACTS PROCESS (Iteration 7)...
>>> kernel (proc) 0 time elapsed: 2.556 ms, 2556 microsecs, 
>>> kernel (proc) 1 time elapsed: 2.449 ms, 2449 microsecs, 
>>> kernel (proc) 2 time elapsed: 2.466 ms, 2466 microsecs, 
>>> kernel (proc) 3 time elapsed: 2.382 ms, 2382 microsecs, 
>>> kernel (proc) 4 time elapsed: 2.432 ms, 2432 microsecs, 
>>> kernel (proc) 5 time elapsed: 2.429 ms, 2429 microsecs, 
>>> kernel (proc) 6 time elapsed: 2.459 ms, 2459 microsecs, 
>>> kernel (proc) 7 time elapsed: 2.471 ms, 2471 microsecs, 
>>> kernel (proc) 8 time elapsed: 2.372 ms, 2372 microsecs, 
>>> kernel (proc) 9 time elapsed: 2.407 ms, 2407 microsecs, 
>>> kernel (proc) 10 time elapsed: 2.452 ms, 2452 microsecs, 
>>> kernel (proc) 11 time elapsed: 2.386 ms, 2386 microsecs, 
>>> kernel (proc) 12 time elapsed: 2.491 ms, 2491 microsecs, 
>>> kernel (proc) 13 time elapsed: 2.395 ms, 2395 microsecs, 
>>> kernel (proc) 14 time elapsed: 2.439 ms, 2439 microsecs, 
>>> kernel (proc) 15 time elapsed: 2.469 ms, 2469 microsecs, 
>>> kernel (proc) 16 time elapsed: 2.415 ms, 2415 microsecs, 
>>> kernel (proc) 17 time elapsed: 2.452 ms, 2452 microsecs, 
>>> kernel (proc) 18 time elapsed: 2.379 ms, 2379 microsecs, 
>>> kernel (proc) 19 time elapsed: 2.424 ms, 2424 microsecs, 
>>> kernel (proc) 20 time elapsed: 2.459 ms, 2459 microsecs, 
>>> kernel (proc) 21 time elapsed: 2.363 ms, 2363 microsecs, 
>>> kernel (proc) 22 time elapsed: 2.459 ms, 2459 microsecs, 
>>> kernel (proc) 23 time elapsed: 2.457 ms, 2457 microsecs, 
>>> kernel (proc) 24 time elapsed: 2.492 ms, 2492 microsecs, 
>>> kernel (proc) 25 time elapsed: 2.415 ms, 2415 microsecs, 
>>> kernel (proc) 26 time elapsed: 2.435 ms, 2435 microsecs, 
>>> kernel (proc) 27 time elapsed: 2.427 ms, 2427 microsecs, 
>>> kernel (proc) 28 time elapsed: 2.415 ms, 2415 microsecs, 
>>> kernel (proc) 29 time elapsed: 2.423 ms, 2423 microsecs, 
>>> kernel (proc) 30 time elapsed: 2.526 ms, 2526 microsecs, 
>>> kernel (proc) 31 time elapsed: 2.437 ms, 2437 microsecs, 
>>> SUMMARY: kernel (proc) average time elapsed for Iteration 7: 2.224(2.224) ms, 2.25713(0.033129) ms, 2.43474(0.177613) ms, 
>>> goclkernel[actssync]:: running ACTS SYNCHRONZE (Iteration 7)

active partitions for iteration 8: 
goclkernel::runapp2: no more active vertices to process. exiting... 
[1m[37m>>> SUMMARY: Total kernel time: 194.935 ms[0m
0.0204835, -124, 0.0585642, [Iter 0 throughput: 0.0151775]
0.79207, -4.45711, 2.81201, [Iter 1 throughput: 0.717478]
51.5487, 577.639, 37.2374, [Iter 2 throughput: 20.8398]
623.787, 3595.86, 571.79, [Iter 3 throughput: 275.474]
2790.53, 5201.66, 3353.39, [Iter 4 throughput: 1178.12]
3851.19, 5540.4, 3759.91, [Iter 5 throughput: 1416.2]
27.0032, 930.301, 76.8426, [Iter 6 throughput: 19.5614]
0.0233813, 1.56962, 0.292772, [Iter 7 throughput: 0.0213575]
>>> app::run_hw: total_edges_processed: 212698418 edges (212 million edges)
>>> app::run_hw: total_time_elapsed: 194.935 ms (0.194935 s)
[1m[37m>>> app::run_hw: throughput: 1.09113e+09 edges/sec (1091.13 million edges/sec)[0m

utility::runsssp_sw:: running traditional sssp... 
utility::runsssp_sw: number of active vertices for iteration 0: 0
utility::runsssp_sw: number of active vertices for iteration 1: 12
utility::runsssp_sw: number of active vertices for iteration 2: 460
utility::runsssp_sw: number of active vertices for iteration 3: 25400
utility::runsssp_sw: number of active vertices for iteration 4: 728870
utility::runsssp_sw: number of active vertices for iteration 5: 2210225
utility::runsssp_sw: number of active vertices for iteration 6: 32166
utility::runsssp_sw: number of active vertices for iteration 7: 32
utility::runsssp_sw: number of active vertices for iteration 8: 0
no more activer vertices to process. breaking out... 
>>> utility::runsssp_sw: total_edges_processed: 212698418 edges (212 million edges)
>>> utility::runsssp_sw: total_time_elapsed: 4808 ms (4.808 s)
[1m[37m>>> utility::runsssp_sw: throughput: 4.42384e+07 edges/sec (44.2384 million edges/sec)[0m

app::verifyresults_hw: verifying vertex data... 
utility::printvalues::app::verifyresults_hw.vdatas: verifying results after kernel run:: printing first 16 values
values[0]: 1
values[1]: 12
values[2]: 460
values[3]: 25399
values[4]: 728863
values[5]: 2210230
values[6]: 32167
values[7]: 32
values[8]: 0
values[9]: 0
values[10]: 0
values[11]: 0
values[12]: 0
values[13]: 0
values[14]: 0
values[15]: 0
printvalues:: total values: totalvalues: 2997164
graph::closetemporaryfilesforwriting : close temporary files for writing...
graph::closetemporaryfilesforreading : close files for reading...
graph::closefilesforreading : close files for reading...
=== STATS::TIMING AND SUMMARY RESULTS FOR ITERATION: 666 === 
>>> stats::summary Total number of kvReads in bank [0]: 250251520
>>> stats::summary Total number of kvReads for all threads: 250251520
>>> stats::summary Total time spent (SSD access): 0 milliseconds
>>> stats::summary Total time spent (SSD access): 0 seconds
>>> stats::summary Total time spent (OCL data transfers): 0 milliseconds
>>> stats::summary Total time spent (OCL data transfers): 0 seconds
>>> stats::summary Total time spent (Kernel Pre Process execution): 0 milliseconds
>>> stats::summary Total time spent (Kernel Pre Process execution): 0 seconds
>>> stats::summary Total time spent (Kernel execution): 0 milliseconds
>>> stats::summary Total time spent (Kernel execution): 0 seconds
>>> stats::summary Total time spent (Kernel Post Process execution): 0 milliseconds
>>> stats::summary Total time spent (Kernel Post Process execution): 0 seconds
>>> stats::summary Total time spent (Overall Kernel execution): 0 milliseconds
>>> stats::summary Total time spent (Overall Kernel execution): 0 seconds
>>> stats::summary Total time spent (Overall processing): 0 milliseconds
>>> stats::summary Total time spent (Overall processing): 0 seconds
>>> stats::summary Total time spent (Overall processing excluding SSD & OCL data transfers): 0 milliseconds
>>> stats::summary Total time spent (Overall processing excluding SSD & OCL data transfers): 0 seconds
>>> stats::summary Throughput (Kernel processing): inf keyvalues per second
>>> stats::summary Throughput (Kernel processing): inf million keyvalues per second
>>> stats::summary Throughput (Kernel processing): inf MB/s
>>> stats::summary Throughput (Overall processing): inf keyvalues per second
>>> stats::summary Throughput (Overall processing): inf million keyvalues per second
>>> stats::summary Throughput (Overall processing): inf MB/s
>>> stats::summary Throughput (Overall processing excluding SSD & OCL data transfers): inf keyvalues per second
>>> stats::summary Throughput (Overall processing excluding SSD & OCL data transfers): inf million keyvalues per second

graph::printdataset: printing dataset parameters...
>>> graphtopname: soc-orkut
>>> graphname: soc-orkut_dup
>>> graph_path: /localtmp/oj2zf/dataset/soc-orkut/soc-orkut.mtx
>>> vertices_path: /localtmp/oj2zf/dataset/soc-orkut/soc-orkut.vertices
>>> edges_path: /localtmp/oj2zf/dataset/soc-orkut/soc-orkut.edges
>>> vertices_path_bin: /localtmp/oj2zf/dataset/soc-orkut/soc-orkut_bin.vertices
>>> edges_path_bin: /localtmp/oj2zf/dataset/soc-orkut/soc-orkut_bin.edges
>>> min_vertex: 0
>>> max_vertex: 2997166
>>> num_vertices: 2997166
>>> num_edges: 212698418
>>> graphdirectiontype: 5
>>> graphorder: 6
>>> skewratio: 666
TEST FINISHED
[1m[37m>>> HOSTPROCESS:: TIMING SUMMARY: TOTAL TIME ELAPSED: : Time Elapsed = 360080606089[nanao seconds](Iteration 666)[0m
[1m[37m>>> HOSTPROCESS:: TIMING SUMMARY: TOTAL TIME ELAPSED: : Time Elapsed = 360080606[micro seconds](Iteration 666)[0m
[1m[37m>>> HOSTPROCESS:: TIMING SUMMARY: TOTAL TIME ELAPSED: : Time Elapsed = 360080[milli seconds](Iteration 666)[0m
[1m[37m>>> HOSTPROCESS:: TIMING SUMMARY: TOTAL TIME ELAPSED: : Time Elapsed = 360[seconds](Iteration 666)[0m

