Hostprocess:: Graph Analytics Started...
utility:: USEHBMMEMORY DEFINED
utility:: NUMDRAMBANKS: 4
utility:: NUMWORKERS: 1
utility:: NUMSUBWORKERS: 1
utility:: NUM_PARTITIONS: 256
utility:: NUMSUBCPUTHREADS: 32
utility:: DATAWIDTH: 512
utility:: VECTOR_SIZE: 8
utility:: KVDATA_RANGE: 4194304
utility:: KVDATA_RANGE_POW: 22
utility:: BATCH_RANGE: 4194304
utility:: BATCH_RANGE_POW: 22
utility:: SRAMSZ_POW: 14
utility:: TREE_DEPTH: 1
utility:: KVDATA_RANGE_POW: 22
utility:: KVDATA_RANGE: 4194304
utility:: MESSAGES_SIZE: 1024
utility:: LOCKE DEFINED
utility:: sizeof(keyvalue_t): 8 bytes (64 bits)
utility:: sizeof(vertex_t): 4 bytes (32 bits)
utility:: sizeof(edge_t): 4 bytes (32 bits)
utility:: MESSAGESDRAMSZ: 1024
utility:: VERTEXPTRSSZ: 2162688
utility:: VERTEXPTRSSZ_KVS: 270336
utility:: VERTICESDATASZ: 2097152
utility:: VERTICESDATASZ_KVS: 262144
>> host[baseoffsets]:: BASEOFFSET_MESSAGESDATA: 0
>> host[baseoffsets]:: BASEOFFSET_MESSAGESDATA_KVS: 0
>> host[baseoffsets]:: KVSOURCEDRAMSZ: 33554432
>> host[baseoffsets]:: KVSOURCEDRAMSZ_KVS: 4194304
>> host[baseoffsets]:: PADDEDKVSOURCEDRAMSZ: 33554432
>> host[baseoffsets]:: PADDEDKVSOURCEDRAMSZ_KVS: 4194304
>> host[baseoffsets]:: VDRAMSZ: 33554432
>> host[baseoffsets]:: PADDEDVDRAMSZ: 33554432
>> host[baseoffsets]:: PADDEDVDRAMSZ_KVS: 4194304
>> host[sizes]:: MESSAGESDRAMSZ (keyvalues): 1024 keyvalues
>> host[sizes]:: VERTEXPTRSSZ (keyvalues): 2162688 keyvalues
>> host[sizes]:: VERTICESDATASZ (keyvalues): 2097152 keyvalues
>> host[sizes]:: ACTIVEVERTICESSZ (keyvalues): 0 keyvalues
>> host[sizes]:: VERTICESDATAMASKSZ (keyvalues): 131072 keyvalues
>> host[sizes]:: KVSTATSDRAMSZ (keyvalues): 4096 keyvalues
>> host[sizes]:: PADDEDVDRAMSZ (keyvalues): 33554432 keyvalues
>> host[sizes]:: PADDEDKVSOURCEDRAMSZ (keyvalues): 33554432 keyvalues
>> host[bytes]:: MESSAGESDRAMSZ (bytes): 8192 bytes
>> host[bytes]:: KVSTATSDRAMSZ (bytes): 32768 bytes
>> host[bytes]:: VERTEXPTRSSZ (bytes): 17301504 bytes
>> host[bytes]:: VERTICESDATASZ (bytes): 16777216 bytes
>> host[bytes]:: ACTIVEVERTICESSZ (bytes): 0 bytes
>> host[bytes]:: VERTICESDATAMASKSZ (bytes): 1048576 bytes
>> host[bytes]:: PADDEDVDRAMSZ (bytes): 268435456 bytes
>> host[bytes]:: PADDEDKVSOURCEDRAMSZ (bytes): 268435456 bytes
utility:: KVSTATSDRAMSZ: 4096
utility:: NUMLASTLEVELPARTITIONS: 256
utility:: REDUCESZ_POW: 10
utility:: REDUCESZ: 1024
utility:: REDUCEBUFFERSZ: 512
utility:: VMASKBUFFERSZ_KVS: 32
utility:: NUMLASTLEVELPARTITIONS: 256
utility:: FETFACTOR: 2
utility:: SRCBUFFER_SIZE: 1008
utility:: WORKBUFFER_SIZE: 752
utility:: SOURCEBLOCKRAM_SIZE: 1024
utility:: DESTBLOCKRAM_SIZE: 1024
utility:: ENABLE_KERNEL_PROFILING DEFINED: 
graph::graph constructor:: datasetid: 34, _numedgebanks: 1
graph::loadalldatasets:: 
graph::loadalldatasets finished. 
graph::printdataset: printing dataset parameters...
>>> graphtopname: RMAT22_SPARSE4
>>> graphname: RMAT22_SPARSE4_dup
>>> graph_path: /localtmp/oj2zf/dataset/RMAT22_SPARSE4/RMAT22_SPARSE4.mtx
>>> vertices_path: /localtmp/oj2zf/dataset/RMAT22_SPARSE4/RMAT22_SPARSE4.vertices
>>> edges_path: /localtmp/oj2zf/dataset/RMAT22_SPARSE4/RMAT22_SPARSE4.edges
>>> vertices_path_bin: /localtmp/oj2zf/dataset/RMAT22_SPARSE4/RMAT22_SPARSE4.vertices
>>> edges_path_bin: /localtmp/oj2zf/dataset/RMAT22_SPARSE4/RMAT22_SPARSE4.edges
>>> min_vertex: 0
>>> max_vertex: 4194304
>>> num_vertices: 4194304
>>> num_edges: 251658240
>>> graphdirectiontype: 6
>>> graphorder: 6
>>> graphgroup: 2
app::run_hw:: app algorithm started. 
graph::opentemporaryfilesforwriting : opening temporary files for writing...
Directory already exists.INFO: Successfully opened /localtmp/oj2zf/dataset/RMAT22_SPARSE4/RMAT22_SPARSE4_1by1/RMAT22_SPARSE4_dup.vdata
INFO: Successfully opened /localtmp/oj2zf/dataset/RMAT22_SPARSE4/RMAT22_SPARSE4_1by1/RMAT22_SPARSE4_dup.vproperties
graph::opentemporaryfilesforreading : opening temporary files for reading
INFO: Successfully opened /localtmp/oj2zf/dataset/RMAT22_SPARSE4/RMAT22_SPARSE4_1by1/RMAT22_SPARSE4_dup.vdata
INFO: Successfully opened /localtmp/oj2zf/dataset/RMAT22_SPARSE4/RMAT22_SPARSE4_1by1/RMAT22_SPARSE4_dup.vproperties
generating vertices data... 
graph::openfilesforreading : opening files for reading
INFO: Successfully opened /localtmp/oj2zf/dataset/RMAT22_SPARSE4/RMAT22_SPARSE4_1by1/RMAT22_SPARSE4_dup_0_0.vertexptrs
INFO: Successfully opened /localtmp/oj2zf/dataset/RMAT22_SPARSE4/RMAT22_SPARSE4_1by1/RMAT22_SPARSE4_dup_0_0.vertexptrs
INFO: Successfully opened /localtmp/oj2zf/dataset/RMAT22_SPARSE4/RMAT22_SPARSE4_1by1/RMAT22_SPARSE4_dup_0_0.edges
INFO: Successfully opened /localtmp/oj2zf/dataset/RMAT22_SPARSE4/RMAT22_SPARSE4_1by1/RMAT22_SPARSE4_dup_0_0.edges
loadedges_rowblockwise:: loading Acts... sizes: [[9448096, 9448096, 9448096, 9448096, 9448096, 9448096, 9448096, 9448096, 9448096, 9448096, 9448096, 9448096, 9448096, 9448096, 9448096, 9448096, 9448096, 9448096, 9448096, 9448096, 9448096, 9448096, 9448096, 9448096, 9448080, 9448080, 9448080, 9448080, 9448080, 9448080, 9448080, 9448080]]
loadedges_rowblockwise:: total sizes: 302338944
maxvptr: 9448096
app::loadvertexdata:: loading vertex datas... 
app::setrootvid:: setting root vid(s)... 
app::loadactvvertices:: loading active vertices... 
app::generatevmaskdata:: generating vmask... 
app::loadoffsetmarkers:: loading offset markers... 
app::loadmessages:: loading messages... 
[globalparams.BASEOFFSET_MESSAGESDATA: 0]
[globalparams.BASEOFFSETKVS_MESSAGESDATA: 0]
[globalparams.BASEOFFSET_EDGESDATA: 8192]
[globalparams.BASEOFFSETKVS_EDGESDATA: 1024]
[globalparams.BASEOFFSET_VERTEXPTR: 4797776]
[globalparams.BASEOFFSETKVS_VERTEXPTR: 599722]
[globalparams.BASEOFFSET_VERTICESDATA: 6960464]
[globalparams.BASEOFFSETKVS_VERTICESDATA: 870058]
[globalparams.BASEOFFSET_ACTIVEVERTICES: 9057616]
[globalparams.BASEOFFSETKVS_ACTIVEVERTICES: 1132202]
[globalparams.BASEOFFSET_VERTICESDATAMASK: 9057616]
[globalparams.BASEOFFSETKVS_VERTICESDATAMASK: 1132202]
[globalparams.BASEOFFSET_VERTICESPARTITIONMASK : 9188688]
[globalparams.BASEOFFSETKVS_VERTICESPARTITIONMASK: 1148586]
[globalparams.BASEOFFSET_STATSDRAM: 9192784]
[globalparams.BASEOFFSETKVS_STATSDRAM: 1149098]
[globalparams.BASEOFFSET_KVDRAM: 9225552]
[globalparams.BASEOFFSETKVS_KVDRAM: 1153194]
[globalparams.BASEOFFSET_KVDRAMWORKSPACE: 18674656]
[globalparams.BASEOFFSETKVS_KVDRAMWORKSPACE: 2334332]
[globalparams.SIZE_MESSAGESDRAM: 0]
[globalparams.SIZE_EDGES: 9449096]
[globalparams.SIZE_VERTEXPTRS: 4194304]
[globalparams.SIZE_VERTICESDATA: 4194304]
[globalparams.SIZE_ACTIVEVERTICES: 0]
[globalparams.SIZE_VERTICESDATAMASK: 131072]
[globalparams.SIZE_KVSTATSDRAM: 4096]
[globalparams.SIZE_KVDRAM: 9449111]
[globalparams.SIZE_KVDRAMWORKSPACE: 9449111]
[1m[37m>> host[sizes]:: PADDEDKVSOURCEDRAMSZ (keyvalues): 33554432 keyvalues[0m
[1m[37m>> host[bytes]:: PADDEDKVSOURCEDRAMSZ (bytes): 268435456 bytes[0m
[1m[37m>> host[sizes]:: valid workload space(not including temp space) (keyvalues): 9225552 keyvalues[0m
[1m[37m>> host[bytes]:: valid workload space(not including temp space) (keyvalues): 73804416 bytes. [0m
[1m[37m>> host[sizes]:: valid PADDEDKVSOURCEDRAMSZ (keyvalues): 28123767 keyvalues[0m
[1m[37m>> host[bytes]:: valid PADDEDKVSOURCEDRAMSZ (bytes): 224990136 bytes. (HBM max=268435456 bytes)[0m
loadmessages:: loading Acts... sizes: [[9448096, 9448096, 9448096, 9448096, 9448096, 9448096, 9448096, 9448096, 9448096, 9448096, 9448096, 9448096, 9448096, 9448096, 9448096, 9448096, 9448096, 9448096, 9448096, 9448096, 9448096, 9448096, 9448096, 9448096, 9448080, 9448080, 9448080, 9448080, 9448080, 9448080, 9448080, 9448080]]
loadmessages:: total sizes: 302338944
app::appendkeyvaluecount:: appending value count... 
app::experiements: resetting kvdram & kvdram workspaces...

[1m[37m>>> app::run_hw: app started. (1 active vertices)[0m
Found Platform
Platform Name: Xilinx
Found Device=xilinx_u280_xdma_201920_3
INFO: Reading /home/oj2zf/Documents/ActsOfAGraph/synkernels/goldenkernelproc32HW300MHz.xclbin
Loading: '/home/oj2zf/Documents/ActsOfAGraph/synkernels/goldenkernelproc32HW300MHz.xclbin'
INFO: Reading /home/oj2zf/Documents/ActsOfAGraph/synkernels/goldenkernelsync32HW300MHz.xclbin
Loading: '/home/oj2zf/Documents/ActsOfAGraph/synkernels/goldenkernelsync32HW300MHz.xclbin'
>>> goclkernel[actsproc]:: running ACTS PROCESS (Iteration 0)...
>>> kernel (proc) 0 time elapsed: 368.007 ms, 368007 microsecs, 
>>> kernel (proc) 1 time elapsed: 367.942 ms, 367942 microsecs, 
>>> kernel (proc) 2 time elapsed: 368.017 ms, 368017 microsecs, 
>>> kernel (proc) 3 time elapsed: 367.976 ms, 367976 microsecs, 
>>> kernel (proc) 4 time elapsed: 367.884 ms, 367884 microsecs, 
>>> kernel (proc) 5 time elapsed: 367.947 ms, 367947 microsecs, 
>>> kernel (proc) 6 time elapsed: 367.804 ms, 367804 microsecs, 
>>> kernel (proc) 7 time elapsed: 367.843 ms, 367843 microsecs, 
>>> kernel (proc) 8 time elapsed: 367.943 ms, 367943 microsecs, 
>>> kernel (proc) 9 time elapsed: 367.878 ms, 367878 microsecs, 
>>> kernel (proc) 10 time elapsed: 367.909 ms, 367909 microsecs, 
>>> kernel (proc) 11 time elapsed: 368.04 ms, 368040 microsecs, 
>>> kernel (proc) 12 time elapsed: 367.968 ms, 367968 microsecs, 
>>> kernel (proc) 13 time elapsed: 367.909 ms, 367909 microsecs, 
>>> kernel (proc) 14 time elapsed: 367.901 ms, 367901 microsecs, 
>>> kernel (proc) 15 time elapsed: 367.946 ms, 367946 microsecs, 
>>> kernel (proc) 16 time elapsed: 367.79 ms, 367790 microsecs, 
>>> kernel (proc) 17 time elapsed: 367.905 ms, 367905 microsecs, 
>>> kernel (proc) 18 time elapsed: 367.879 ms, 367879 microsecs, 
>>> kernel (proc) 19 time elapsed: 367.979 ms, 367979 microsecs, 
>>> kernel (proc) 20 time elapsed: 367.844 ms, 367844 microsecs, 
>>> kernel (proc) 21 time elapsed: 367.918 ms, 367918 microsecs, 
>>> kernel (proc) 22 time elapsed: 367.904 ms, 367904 microsecs, 
>>> kernel (proc) 23 time elapsed: 367.946 ms, 367946 microsecs, 
>>> kernel (proc) 24 time elapsed: 367.878 ms, 367878 microsecs, 
>>> kernel (proc) 25 time elapsed: 367.984 ms, 367984 microsecs, 
>>> kernel (proc) 26 time elapsed: 367.853 ms, 367853 microsecs, 
>>> kernel (proc) 27 time elapsed: 367.867 ms, 367867 microsecs, 
>>> kernel (proc) 28 time elapsed: 367.826 ms, 367826 microsecs, 
>>> kernel (proc) 29 time elapsed: 368.015 ms, 368015 microsecs, 
>>> kernel (proc) 30 time elapsed: 367.75 ms, 367750 microsecs, 
>>> kernel (proc) 31 time elapsed: 368.02 ms, 368020 microsecs, 
>>> SUMMARY: kernel (proc) average time elapsed (for LOPs) for Iteration 0: 211.866(211.866) ms, 211.873(0.00680645) ms, 367.912(156.038) ms, 
--------------- goclkernel[actssync]:: running ACTS SYNCHRONZE (Iteration 0) ---------------
>>> ====================== Light weight ACTS (NACTS_IN_NSYNCTHREADS.SYNC) Launched... size: 9448096

active partitions for iteration 1: 0, 1, 2, 3, 4, 5, 6, 7, 8, 9, 10, 11, 12, 13, 14, 15, 16, 17, 18, 19, 20, 21, 22, 23, 24, 25, 26, 27, 28, 29, 30, 31, 32, 33, 34, 35, 36, 37, 38, 39, 40, 41, 42, 43, 44, 45, 46, 47, 48, 49, 50, 51, 52, 53, 54, 55, 56, 57, 58, 59, 60, 61, 62, 63, 64, 65, 66, 67, 68, 69, 70, 71, 72, 73, 74, 75, 76, 77, 78, 79, 80, 81, 82, 83, 84, 85, 86, 87, 88, 89, 90, 91, 92, 93, 94, 95, 96, 97, 98, 99, 100, 101, 102, 103, 104, 105, 106, 107, 108, 109, 110, 111, 112, 113, 114, 115, 116, 117, 118, 119, 120, 121, 122, 123, 124, 125, 126, 127, 128, 129, 130, 131, 132, 133, 134, 135, 136, 137, 138, 139, 140, 141, 142, 143, 144, 145, 146, 147, 148, 149, 150, 151, 152, 153, 154, 155, 156, 157, 158, 159, 160, 161, 162, 163, 164, 165, 166, 167, 168, 169, 170, 171, 172, 173, 174, 175, 176, 177, 178, 179, 180, 181, 182, 183, 184, 185, 186, 187, 188, 189, 190, 191, 192, 193, 194, 195, 196, 197, 198, 199, 200, 201, 202, 203, 204, 205, 206, 207, 208, 209, 210, 211, 212, 213, 214, 215, 216, 217, 218, 219, 220, 221, 222, 223, 224, 225, 226, 227, 228, 229, 230, 231, 232, 233, 234, 235, 236, 237, 238, 239, 240, 241, 242, 243, 244, 245, 246, 247, 248, 249, 250, 251, 252, 253, 254, 255, 
[1m[37m>>> SUMMARY: Total kernel time: 367.912 ms[0m

[1m[37m>>> app::run_hw: THROUGHPUT SUMMARY DETAILS: [0m
1187.82, 3.69735e+07, 683.426, [Iter 0 throughput: 433.816][Iter 0 edges processed: 2.51658e+08]

>>> app::run_hw: total_edges_processed: 251658240 edges (251 million edges)
>>> app::run_hw: total_time_elapsed: 367.912 ms (0.367912 s)
[1m[37m>>> app::run_hw: throughput: 6.84018e+08 edges/sec (684.018 million edges/sec)[0m

utility::runsssp_sw:: running traditional sssp... 
utility::runsssp_sw: number of active vertices for iteration 0: 0
utility::runsssp_sw: number of active vertices for iteration 1: 49347
>>> utility::runsssp_sw: total_edges_processed: 73347 edges (0 million edges)
>>> utility::runsssp_sw: total_time_elapsed: 4 ms (0.004 s)
[1m[37m>>> utility::runsssp_sw: throughput: 1.83368e+07 edges/sec (18.3368 million edges/sec)[0m

app::verifyresults_hw: verifying vertex data... 
utility::printvalues::app::verifyresults_hw.vdatas: verifying results after kernel run:: printing first 16 values
values[0]: 0
values[1]: 0
values[2]: 0
values[3]: 0
values[4]: 0
values[5]: 0
values[6]: 0
values[7]: 0
values[8]: 0
values[9]: 0
values[10]: 0
values[11]: 0
values[12]: 0
values[13]: 0
values[14]: 0
values[15]: 0
printvalues:: total values: totalvalues: 0
graph::closetemporaryfilesforwriting : close temporary files for writing...
graph::closetemporaryfilesforreading : close files for reading...
graph::closefilesforreading : close files for reading...
=== STATS::TIMING AND SUMMARY RESULTS FOR ITERATION: 666 === 
>>> stats::summary Total number of kvReads in bank [0]: 302338944
>>> stats::summary Total number of kvReads for all threads: 302338944
>>> stats::summary Total time spent (SSD access): 0 milliseconds
>>> stats::summary Total time spent (SSD access): 0 seconds
>>> stats::summary Total time spent (OCL data transfers): 0 milliseconds
>>> stats::summary Total time spent (OCL data transfers): 0 seconds
>>> stats::summary Total time spent (Kernel Pre Process execution): 0 milliseconds
>>> stats::summary Total time spent (Kernel Pre Process execution): 0 seconds
>>> stats::summary Total time spent (Kernel execution): 0 milliseconds
>>> stats::summary Total time spent (Kernel execution): 0 seconds
>>> stats::summary Total time spent (Kernel Post Process execution): 0 milliseconds
>>> stats::summary Total time spent (Kernel Post Process execution): 0 seconds
>>> stats::summary Total time spent (Overall Kernel execution): 0 milliseconds
>>> stats::summary Total time spent (Overall Kernel execution): 0 seconds
>>> stats::summary Total time spent (Overall processing): 0 milliseconds
>>> stats::summary Total time spent (Overall processing): 0 seconds
>>> stats::summary Total time spent (Overall processing excluding SSD & OCL data transfers): 0 milliseconds
>>> stats::summary Total time spent (Overall processing excluding SSD & OCL data transfers): 0 seconds
>>> stats::summary Throughput (Kernel processing): inf keyvalues per second
>>> stats::summary Throughput (Kernel processing): inf million keyvalues per second
>>> stats::summary Throughput (Kernel processing): inf MB/s
>>> stats::summary Throughput (Overall processing): inf keyvalues per second
>>> stats::summary Throughput (Overall processing): inf million keyvalues per second
>>> stats::summary Throughput (Overall processing): inf MB/s
>>> stats::summary Throughput (Overall processing excluding SSD & OCL data transfers): inf keyvalues per second
>>> stats::summary Throughput (Overall processing excluding SSD & OCL data transfers): inf million keyvalues per second

graph::printdataset: printing dataset parameters...
>>> graphtopname: RMAT22_SPARSE4
>>> graphname: RMAT22_SPARSE4_dup
>>> graph_path: /localtmp/oj2zf/dataset/RMAT22_SPARSE4/RMAT22_SPARSE4.mtx
>>> vertices_path: /localtmp/oj2zf/dataset/RMAT22_SPARSE4/RMAT22_SPARSE4.vertices
>>> edges_path: /localtmp/oj2zf/dataset/RMAT22_SPARSE4/RMAT22_SPARSE4.edges
>>> vertices_path_bin: /localtmp/oj2zf/dataset/RMAT22_SPARSE4/RMAT22_SPARSE4.vertices
>>> edges_path_bin: /localtmp/oj2zf/dataset/RMAT22_SPARSE4/RMAT22_SPARSE4.edges
>>> min_vertex: 0
>>> max_vertex: 4194304
>>> num_vertices: 4194304
>>> num_edges: 251658240
>>> graphdirectiontype: 6
>>> graphorder: 6
>>> graphgroup: 2
TEST FINISHED
[1m[37m>>> HOSTPROCESS:: TIMING SUMMARY: TOTAL TIME ELAPSED: : Time Elapsed = 317159037679[nanao seconds](Iteration 666)[0m
[1m[37m>>> HOSTPROCESS:: TIMING SUMMARY: TOTAL TIME ELAPSED: : Time Elapsed = 317159037[micro seconds](Iteration 666)[0m
[1m[37m>>> HOSTPROCESS:: TIMING SUMMARY: TOTAL TIME ELAPSED: : Time Elapsed = 317159[milli seconds](Iteration 666)[0m
[1m[37m>>> HOSTPROCESS:: TIMING SUMMARY: TOTAL TIME ELAPSED: : Time Elapsed = 317[seconds](Iteration 666)[0m

