Hostprocess:: Graph Analytics Started...
utility:: USEHBMMEMORY DEFINED
utility:: NUMDRAMBANKS: 4
utility:: NUMWORKERS: 1
utility:: NUMSUBWORKERS: 1
utility:: NUM_PARTITIONS: 256
utility:: NUMSUBCPUTHREADS: 32
utility:: DATAWIDTH: 512
utility:: VECTOR_SIZE: 8
utility:: KVDATA_RANGE: 4194304
utility:: KVDATA_RANGE_POW: 22
utility:: BATCH_RANGE: 4194304
utility:: BATCH_RANGE_POW: 22
utility:: SRAMSZ_POW: 14
utility:: TREE_DEPTH: 1
utility:: KVDATA_RANGE_POW: 22
utility:: KVDATA_RANGE: 4194304
utility:: MESSAGES_SIZE: 1024
utility:: LOCKE DEFINED
utility:: sizeof(keyvalue_t): 8 bytes (64 bits)
utility:: sizeof(vertex_t): 4 bytes (32 bits)
utility:: sizeof(edge_t): 4 bytes (32 bits)
utility:: MESSAGESDRAMSZ: 1024
utility:: VERTEXPTRSSZ: 2162688
utility:: VERTEXPTRSSZ_KVS: 270336
utility:: VERTICESDATASZ: 2097152
utility:: VERTICESDATASZ_KVS: 262144
>> host[baseoffsets]:: BASEOFFSET_MESSAGESDATA: 0
>> host[baseoffsets]:: BASEOFFSET_MESSAGESDATA_KVS: 0
>> host[baseoffsets]:: KVSOURCEDRAMSZ: 33554432
>> host[baseoffsets]:: KVSOURCEDRAMSZ_KVS: 4194304
>> host[baseoffsets]:: PADDEDKVSOURCEDRAMSZ: 33554432
>> host[baseoffsets]:: PADDEDKVSOURCEDRAMSZ_KVS: 4194304
>> host[baseoffsets]:: VDRAMSZ: 33554432
>> host[baseoffsets]:: PADDEDVDRAMSZ: 33554432
>> host[baseoffsets]:: PADDEDVDRAMSZ_KVS: 4194304
>> host[sizes]:: MESSAGESDRAMSZ (keyvalues): 1024 keyvalues
>> host[sizes]:: VERTEXPTRSSZ (keyvalues): 2162688 keyvalues
>> host[sizes]:: VERTICESDATASZ (keyvalues): 2097152 keyvalues
>> host[sizes]:: ACTIVEVERTICESSZ (keyvalues): 0 keyvalues
>> host[sizes]:: VERTICESDATAMASKSZ (keyvalues): 131072 keyvalues
>> host[sizes]:: KVSTATSDRAMSZ (keyvalues): 4096 keyvalues
>> host[sizes]:: PADDEDVDRAMSZ (keyvalues): 33554432 keyvalues
>> host[sizes]:: PADDEDKVSOURCEDRAMSZ (keyvalues): 33554432 keyvalues
>> host[bytes]:: MESSAGESDRAMSZ (bytes): 8192 bytes
>> host[bytes]:: KVSTATSDRAMSZ (bytes): 32768 bytes
>> host[bytes]:: VERTEXPTRSSZ (bytes): 17301504 bytes
>> host[bytes]:: VERTICESDATASZ (bytes): 16777216 bytes
>> host[bytes]:: ACTIVEVERTICESSZ (bytes): 0 bytes
>> host[bytes]:: VERTICESDATAMASKSZ (bytes): 1048576 bytes
>> host[bytes]:: PADDEDVDRAMSZ (bytes): 268435456 bytes
>> host[bytes]:: PADDEDKVSOURCEDRAMSZ (bytes): 268435456 bytes
utility:: KVSTATSDRAMSZ: 4096
utility:: NUMLASTLEVELPARTITIONS: 256
utility:: REDUCESZ_POW: 10
utility:: REDUCESZ: 1024
utility:: REDUCEBUFFERSZ: 512
utility:: VMASKBUFFERSZ_KVS: 32
utility:: NUMLASTLEVELPARTITIONS: 256
utility:: FETFACTOR: 2
utility:: SRCBUFFER_SIZE: 1008
utility:: WORKBUFFER_SIZE: 752
utility:: SOURCEBLOCKRAM_SIZE: 1024
utility:: DESTBLOCKRAM_SIZE: 1024
utility:: ENABLE_KERNEL_PROFILING DEFINED: 
graph::graph constructor:: datasetid: 34, _numedgebanks: 1
graph::loadalldatasets:: 
graph::loadalldatasets finished. 
graph::printdataset: printing dataset parameters...
>>> graphtopname: RMAT22_SPARSE4
>>> graphname: RMAT22_SPARSE4_dup
>>> graph_path: /localtmp/oj2zf/dataset/RMAT22_SPARSE4/RMAT22_SPARSE4.mtx
>>> vertices_path: /localtmp/oj2zf/dataset/RMAT22_SPARSE4/RMAT22_SPARSE4.vertices
>>> edges_path: /localtmp/oj2zf/dataset/RMAT22_SPARSE4/RMAT22_SPARSE4.edges
>>> vertices_path_bin: /localtmp/oj2zf/dataset/RMAT22_SPARSE4/RMAT22_SPARSE4.vertices
>>> edges_path_bin: /localtmp/oj2zf/dataset/RMAT22_SPARSE4/RMAT22_SPARSE4.edges
>>> min_vertex: 0
>>> max_vertex: 4194304
>>> num_vertices: 4194304
>>> num_edges: 251658240
>>> graphdirectiontype: 6
>>> graphorder: 6
>>> graphgroup: 2
app::run_hw:: app algorithm started. 
graph::opentemporaryfilesforwriting : opening temporary files for writing...
Directory already exists.INFO: Successfully opened /localtmp/oj2zf/dataset/RMAT22_SPARSE4/RMAT22_SPARSE4_1by1/RMAT22_SPARSE4_dup.vdata
INFO: Successfully opened /localtmp/oj2zf/dataset/RMAT22_SPARSE4/RMAT22_SPARSE4_1by1/RMAT22_SPARSE4_dup.vproperties
graph::opentemporaryfilesforreading : opening temporary files for reading
INFO: Successfully opened /localtmp/oj2zf/dataset/RMAT22_SPARSE4/RMAT22_SPARSE4_1by1/RMAT22_SPARSE4_dup.vdata
INFO: Successfully opened /localtmp/oj2zf/dataset/RMAT22_SPARSE4/RMAT22_SPARSE4_1by1/RMAT22_SPARSE4_dup.vproperties
generating vertices data... 
graph::openfilesforreading : opening files for reading
INFO: Successfully opened /localtmp/oj2zf/dataset/RMAT22_SPARSE4/RMAT22_SPARSE4_1by1/RMAT22_SPARSE4_dup_0_0.vertexptrs
INFO: Successfully opened /localtmp/oj2zf/dataset/RMAT22_SPARSE4/RMAT22_SPARSE4_1by1/RMAT22_SPARSE4_dup_0_0.vertexptrs
INFO: Successfully opened /localtmp/oj2zf/dataset/RMAT22_SPARSE4/RMAT22_SPARSE4_1by1/RMAT22_SPARSE4_dup_0_0.edges
INFO: Successfully opened /localtmp/oj2zf/dataset/RMAT22_SPARSE4/RMAT22_SPARSE4_1by1/RMAT22_SPARSE4_dup_0_0.edges
loadedges_rowblockwise:: loading Acts... sizes: [[9448096, 9448096, 9448096, 9448096, 9448096, 9448096, 9448096, 9448096, 9448096, 9448096, 9448096, 9448096, 9448096, 9448096, 9448096, 9448096, 9448096, 9448096, 9448096, 9448096, 9448096, 9448096, 9448096, 9448096, 9448080, 9448080, 9448080, 9448080, 9448080, 9448080, 9448080, 9448080]]
loadedges_rowblockwise:: total sizes: 302338944
maxvptr: 9448096
app::loadvertexdata:: loading vertex datas... 
app::setrootvid:: setting root vid(s)... 
app::loadactvvertices:: loading active vertices... 
app::generatevmaskdata:: generating vmask... 
app::loadoffsetmarkers:: loading offset markers... 
app::loadmessages:: loading messages... 
[globalparams.BASEOFFSET_MESSAGESDATA: 0]
[globalparams.BASEOFFSETKVS_MESSAGESDATA: 0]
[globalparams.BASEOFFSET_EDGESDATA: 8192]
[globalparams.BASEOFFSETKVS_EDGESDATA: 1024]
[globalparams.BASEOFFSET_VERTEXPTR: 4797776]
[globalparams.BASEOFFSETKVS_VERTEXPTR: 599722]
[globalparams.BASEOFFSET_VERTICESDATA: 6960464]
[globalparams.BASEOFFSETKVS_VERTICESDATA: 870058]
[globalparams.BASEOFFSET_ACTIVEVERTICES: 9057616]
[globalparams.BASEOFFSETKVS_ACTIVEVERTICES: 1132202]
[globalparams.BASEOFFSET_VERTICESDATAMASK: 9057616]
[globalparams.BASEOFFSETKVS_VERTICESDATAMASK: 1132202]
[globalparams.BASEOFFSET_VERTICESPARTITIONMASK : 9188688]
[globalparams.BASEOFFSETKVS_VERTICESPARTITIONMASK: 1148586]
[globalparams.BASEOFFSET_STATSDRAM: 9192784]
[globalparams.BASEOFFSETKVS_STATSDRAM: 1149098]
[globalparams.BASEOFFSET_KVDRAM: 9225552]
[globalparams.BASEOFFSETKVS_KVDRAM: 1153194]
[globalparams.BASEOFFSET_KVDRAMWORKSPACE: 18674656]
[globalparams.BASEOFFSETKVS_KVDRAMWORKSPACE: 2334332]
[globalparams.SIZE_MESSAGESDRAM: 0]
[globalparams.SIZE_EDGES: 9449096]
[globalparams.SIZE_VERTEXPTRS: 4194304]
[globalparams.SIZE_VERTICESDATA: 4194304]
[globalparams.SIZE_ACTIVEVERTICES: 0]
[globalparams.SIZE_VERTICESDATAMASK: 131072]
[globalparams.SIZE_KVSTATSDRAM: 4096]
[globalparams.SIZE_KVDRAM: 9449111]
[globalparams.SIZE_KVDRAMWORKSPACE: 9449111]
[1m[37m>> host[sizes]:: PADDEDKVSOURCEDRAMSZ (keyvalues): 33554432 keyvalues[0m
[1m[37m>> host[bytes]:: PADDEDKVSOURCEDRAMSZ (bytes): 268435456 bytes[0m
[1m[37m>> host[sizes]:: valid workload space(not including temp space) (keyvalues): 9225552 keyvalues[0m
[1m[37m>> host[bytes]:: valid workload space(not including temp space) (keyvalues): 73804416 bytes. [0m
[1m[37m>> host[sizes]:: valid PADDEDKVSOURCEDRAMSZ (keyvalues): 28123767 keyvalues[0m
[1m[37m>> host[bytes]:: valid PADDEDKVSOURCEDRAMSZ (bytes): 224990136 bytes. (HBM max=268435456 bytes)[0m
loadmessages:: loading Acts... sizes: [[9448096, 9448096, 9448096, 9448096, 9448096, 9448096, 9448096, 9448096, 9448096, 9448096, 9448096, 9448096, 9448096, 9448096, 9448096, 9448096, 9448096, 9448096, 9448096, 9448096, 9448096, 9448096, 9448096, 9448096, 9448080, 9448080, 9448080, 9448080, 9448080, 9448080, 9448080, 9448080]]
loadmessages:: total sizes: 302338944
app::appendkeyvaluecount:: appending value count... 
app::experiements: resetting kvdram & kvdram workspaces...

utility::runsssp_sw:: running traditional sssp... 
utility::runsssp_sw: number of active vertices for iteration 0: 0
utility::runsssp_sw: number of active vertices for iteration 1: 49347
utility::runsssp_sw: number of active vertices for iteration 2: 2564517
utility::runsssp_sw: number of active vertices for iteration 3: 1265077
utility::runsssp_sw: number of active vertices for iteration 4: 35244
utility::runsssp_sw: number of active vertices for iteration 5: 464
utility::runsssp_sw: number of active vertices for iteration 6: 6
utility::runsssp_sw: number of active vertices for iteration 7: 0
no more activer vertices to process. breaking out... 
>>> utility::runsssp_sw: total_edges_processed: 251655638 edges (251 million edges)
>>> utility::runsssp_sw: total_time_elapsed: 10707 ms (10.707 s)
[1m[37m>>> utility::runsssp_sw: throughput: 2.35038e+07 edges/sec (23.5038 million edges/sec)[0m

[1m[37m>>> app::run_hw: app started. (1 active vertices)[0m
Found Platform
Platform Name: Xilinx
Found Device=xilinx_u280_xdma_201920_3
INFO: Reading /home/oj2zf/Documents/ActsOfAGraph/synkernels/goldenkernelproc32HW300MHz.xclbin
Loading: '/home/oj2zf/Documents/ActsOfAGraph/synkernels/goldenkernelproc32HW300MHz.xclbin'
INFO: Reading /home/oj2zf/Documents/ActsOfAGraph/synkernels/goldenkernelsync32HW300MHz.xclbin
Loading: '/home/oj2zf/Documents/ActsOfAGraph/synkernels/goldenkernelsync32HW300MHz.xclbin'
>>> goclkernel[actsproc]:: running ACTS PROCESS (Iteration 0)...
>>> kernel (proc) 0 time elapsed: 3.435 ms, 3435 microsecs, 
>>> kernel (proc) 1 time elapsed: 3.111 ms, 3111 microsecs, 
>>> kernel (proc) 2 time elapsed: 3.352 ms, 3352 microsecs, 
>>> kernel (proc) 3 time elapsed: 3.45 ms, 3450 microsecs, 
>>> kernel (proc) 4 time elapsed: 3.453 ms, 3453 microsecs, 
>>> kernel (proc) 5 time elapsed: 3.634 ms, 3634 microsecs, 
>>> kernel (proc) 6 time elapsed: 3.49 ms, 3490 microsecs, 
>>> kernel (proc) 7 time elapsed: 3.556 ms, 3556 microsecs, 
>>> kernel (proc) 8 time elapsed: 3.594 ms, 3594 microsecs, 
>>> kernel (proc) 9 time elapsed: 3.51 ms, 3510 microsecs, 
>>> kernel (proc) 10 time elapsed: 3.532 ms, 3532 microsecs, 
>>> kernel (proc) 11 time elapsed: 3.455 ms, 3455 microsecs, 
>>> kernel (proc) 12 time elapsed: 3.451 ms, 3451 microsecs, 
>>> kernel (proc) 13 time elapsed: 3.396 ms, 3396 microsecs, 
>>> kernel (proc) 14 time elapsed: 3.402 ms, 3402 microsecs, 
>>> kernel (proc) 15 time elapsed: 3.334 ms, 3334 microsecs, 
>>> kernel (proc) 16 time elapsed: 3.437 ms, 3437 microsecs, 
>>> kernel (proc) 17 time elapsed: 3.373 ms, 3373 microsecs, 
>>> kernel (proc) 18 time elapsed: 3.436 ms, 3436 microsecs, 
>>> kernel (proc) 19 time elapsed: 3.508 ms, 3508 microsecs, 
>>> kernel (proc) 20 time elapsed: 3.578 ms, 3578 microsecs, 
>>> kernel (proc) 21 time elapsed: 3.417 ms, 3417 microsecs, 
>>> kernel (proc) 22 time elapsed: 3.647 ms, 3647 microsecs, 
>>> kernel (proc) 23 time elapsed: 3.414 ms, 3414 microsecs, 
>>> kernel (proc) 24 time elapsed: 3.488 ms, 3488 microsecs, 
>>> kernel (proc) 25 time elapsed: 3.621 ms, 3621 microsecs, 
>>> kernel (proc) 26 time elapsed: 3.478 ms, 3478 microsecs, 
>>> kernel (proc) 27 time elapsed: 3.445 ms, 3445 microsecs, 
>>> kernel (proc) 28 time elapsed: 3.283 ms, 3283 microsecs, 
>>> kernel (proc) 29 time elapsed: 3.222 ms, 3222 microsecs, 
>>> kernel (proc) 30 time elapsed: 3.383 ms, 3383 microsecs, 
>>> kernel (proc) 31 time elapsed: 3.353 ms, 3353 microsecs, 
>>> SUMMARY: kernel (proc) average time elapsed (for LOPs) for Iteration 0: 1.31739(1.31739) ms, 1.31126(-0.00612903) ms, 3.44526(2.134) ms, 
--------------- goclkernel[actssync]:: running ACTS SYNCHRONZE (Iteration 0) ---------------

active partitions for iteration 1: 0, 1, 2, 3, 4, 5, 6, 7, 8, 9, 10, 11, 12, 13, 14, 15, 16, 17, 18, 19, 20, 21, 22, 23, 24, 25, 26, 27, 28, 29, 30, 31, 32, 33, 34, 35, 36, 37, 38, 39, 40, 41, 42, 43, 44, 45, 46, 47, 48, 49, 50, 51, 52, 53, 54, 55, 56, 57, 58, 59, 60, 61, 62, 63, 64, 65, 66, 67, 68, 69, 70, 71, 72, 73, 74, 75, 76, 77, 78, 79, 80, 81, 82, 83, 84, 85, 86, 87, 88, 89, 90, 91, 92, 93, 94, 95, 96, 97, 98, 99, 100, 101, 102, 103, 104, 105, 106, 107, 108, 109, 110, 111, 112, 113, 114, 115, 116, 117, 118, 119, 120, 121, 122, 123, 124, 125, 126, 127, 128, 129, 130, 131, 132, 133, 134, 135, 136, 137, 138, 139, 140, 141, 142, 143, 144, 145, 146, 147, 148, 149, 150, 151, 152, 153, 154, 155, 156, 157, 158, 159, 160, 161, 162, 163, 164, 165, 166, 167, 168, 169, 170, 171, 172, 173, 174, 175, 176, 177, 178, 179, 180, 181, 182, 183, 184, 185, 186, 187, 188, 189, 190, 191, 192, 193, 194, 195, 196, 197, 198, 199, 200, 201, 202, 203, 204, 205, 206, 207, 208, 209, 210, 211, 212, 213, 214, 215, 216, 217, 218, 219, 220, 221, 222, 223, 224, 225, 226, 227, 228, 229, 230, 231, 232, 233, 234, 235, 236, 237, 238, 239, 240, 241, 242, 243, 244, 245, 246, 247, 248, 249, 250, 251, 252, 253, 254, 255, 
>>> goclkernel[actsproc]:: running ACTS PROCESS (Iteration 1)...
>>> kernel (proc) 0 time elapsed: 124.491 ms, 124491 microsecs, 
>>> kernel (proc) 1 time elapsed: 124.471 ms, 124471 microsecs, 
>>> kernel (proc) 2 time elapsed: 124.551 ms, 124551 microsecs, 
>>> kernel (proc) 3 time elapsed: 124.552 ms, 124552 microsecs, 
>>> kernel (proc) 4 time elapsed: 124.58 ms, 124580 microsecs, 
>>> kernel (proc) 5 time elapsed: 124.555 ms, 124555 microsecs, 
>>> kernel (proc) 6 time elapsed: 124.624 ms, 124624 microsecs, 
>>> kernel (proc) 7 time elapsed: 124.656 ms, 124656 microsecs, 
>>> kernel (proc) 8 time elapsed: 124.753 ms, 124753 microsecs, 
>>> kernel (proc) 9 time elapsed: 124.403 ms, 124403 microsecs, 
>>> kernel (proc) 10 time elapsed: 124.592 ms, 124592 microsecs, 
>>> kernel (proc) 11 time elapsed: 124.591 ms, 124591 microsecs, 
>>> kernel (proc) 12 time elapsed: 124.686 ms, 124686 microsecs, 
>>> kernel (proc) 13 time elapsed: 124.229 ms, 124229 microsecs, 
>>> kernel (proc) 14 time elapsed: 124.21 ms, 124210 microsecs, 
>>> kernel (proc) 15 time elapsed: 124.291 ms, 124291 microsecs, 
>>> kernel (proc) 16 time elapsed: 124.305 ms, 124305 microsecs, 
>>> kernel (proc) 17 time elapsed: 124.497 ms, 124497 microsecs, 
>>> kernel (proc) 18 time elapsed: 124.355 ms, 124355 microsecs, 
>>> kernel (proc) 19 time elapsed: 124.5 ms, 124500 microsecs, 
>>> kernel (proc) 20 time elapsed: 124.459 ms, 124459 microsecs, 
>>> kernel (proc) 21 time elapsed: 124.259 ms, 124259 microsecs, 
>>> kernel (proc) 22 time elapsed: 124.199 ms, 124199 microsecs, 
>>> kernel (proc) 23 time elapsed: 124.251 ms, 124251 microsecs, 
>>> kernel (proc) 24 time elapsed: 124.23 ms, 124230 microsecs, 
>>> kernel (proc) 25 time elapsed: 123.989 ms, 123989 microsecs, 
>>> kernel (proc) 26 time elapsed: 123.788 ms, 123788 microsecs, 
>>> kernel (proc) 27 time elapsed: 124.154 ms, 124154 microsecs, 
>>> kernel (proc) 28 time elapsed: 123.89 ms, 123890 microsecs, 
>>> kernel (proc) 29 time elapsed: 124.164 ms, 124164 microsecs, 
>>> kernel (proc) 30 time elapsed: 124.16 ms, 124160 microsecs, 
>>> kernel (proc) 31 time elapsed: 124.33 ms, 124330 microsecs, 
>>> SUMMARY: kernel (proc) average time elapsed (for LOPs) for Iteration 1: 83.5274(83.5274) ms, 83.5095(-0.017871) ms, 124.364(40.8542) ms, 
--------------- goclkernel[actssync]:: running ACTS SYNCHRONZE (Iteration 1) ---------------

active partitions for iteration 2: 0, 1, 2, 3, 4, 5, 6, 7, 8, 9, 10, 11, 12, 13, 14, 15, 16, 17, 18, 19, 20, 21, 22, 23, 24, 25, 26, 27, 28, 29, 30, 31, 32, 33, 34, 35, 36, 37, 38, 39, 40, 41, 42, 43, 44, 45, 46, 47, 48, 49, 50, 51, 52, 53, 54, 55, 56, 57, 58, 59, 60, 61, 62, 63, 64, 65, 66, 67, 68, 69, 70, 71, 72, 73, 74, 75, 76, 77, 78, 79, 80, 81, 82, 83, 84, 85, 86, 87, 88, 89, 90, 91, 92, 93, 94, 95, 96, 97, 98, 99, 100, 101, 102, 103, 104, 105, 106, 107, 108, 109, 110, 111, 112, 113, 114, 115, 116, 117, 118, 119, 120, 121, 122, 123, 124, 125, 126, 127, 128, 129, 130, 131, 132, 133, 134, 135, 136, 137, 138, 139, 140, 141, 142, 143, 144, 145, 146, 147, 148, 149, 150, 151, 152, 153, 154, 155, 156, 157, 158, 159, 160, 161, 162, 163, 164, 165, 166, 167, 168, 169, 170, 171, 172, 173, 174, 175, 176, 177, 178, 179, 180, 181, 182, 183, 184, 185, 186, 187, 188, 189, 190, 191, 192, 193, 194, 195, 196, 197, 198, 199, 200, 201, 202, 203, 204, 205, 206, 207, 208, 209, 210, 211, 212, 213, 214, 215, 216, 217, 218, 219, 220, 221, 222, 223, 224, 225, 226, 227, 228, 229, 230, 231, 232, 233, 234, 235, 236, 237, 238, 239, 240, 241, 242, 243, 244, 245, 246, 247, 248, 249, 250, 251, 252, 253, 254, 255, 
>>> goclkernel[actsproc]:: running ACTS PROCESS (Iteration 2)...
>>> kernel (proc) 0 time elapsed: 304.08 ms, 304080 microsecs, 
>>> kernel (proc) 1 time elapsed: 303.991 ms, 303991 microsecs, 
>>> kernel (proc) 2 time elapsed: 304.176 ms, 304176 microsecs, 
>>> kernel (proc) 3 time elapsed: 304.127 ms, 304127 microsecs, 
>>> kernel (proc) 4 time elapsed: 304.162 ms, 304162 microsecs, 
>>> kernel (proc) 5 time elapsed: 304.121 ms, 304121 microsecs, 
>>> kernel (proc) 6 time elapsed: 304.028 ms, 304028 microsecs, 
>>> kernel (proc) 7 time elapsed: 304.142 ms, 304142 microsecs, 
>>> kernel (proc) 8 time elapsed: 304.206 ms, 304206 microsecs, 
>>> kernel (proc) 9 time elapsed: 304.356 ms, 304356 microsecs, 
>>> kernel (proc) 10 time elapsed: 304.163 ms, 304163 microsecs, 
>>> kernel (proc) 11 time elapsed: 304.256 ms, 304256 microsecs, 
>>> kernel (proc) 12 time elapsed: 304.233 ms, 304233 microsecs, 
>>> kernel (proc) 13 time elapsed: 304.213 ms, 304213 microsecs, 
>>> kernel (proc) 14 time elapsed: 304.172 ms, 304172 microsecs, 
>>> kernel (proc) 15 time elapsed: 304.19 ms, 304190 microsecs, 
>>> kernel (proc) 16 time elapsed: 304.129 ms, 304129 microsecs, 
>>> kernel (proc) 17 time elapsed: 304.106 ms, 304106 microsecs, 
>>> kernel (proc) 18 time elapsed: 304.304 ms, 304304 microsecs, 
>>> kernel (proc) 19 time elapsed: 304.305 ms, 304305 microsecs, 
>>> kernel (proc) 20 time elapsed: 304.22 ms, 304220 microsecs, 
>>> kernel (proc) 21 time elapsed: 304.17 ms, 304170 microsecs, 
>>> kernel (proc) 22 time elapsed: 304.222 ms, 304222 microsecs, 
>>> kernel (proc) 23 time elapsed: 304.189 ms, 304189 microsecs, 
>>> kernel (proc) 24 time elapsed: 304.431 ms, 304431 microsecs, 
>>> kernel (proc) 25 time elapsed: 304.332 ms, 304332 microsecs, 
>>> kernel (proc) 26 time elapsed: 304.322 ms, 304322 microsecs, 
>>> kernel (proc) 27 time elapsed: 304.322 ms, 304322 microsecs, 
>>> kernel (proc) 28 time elapsed: 304.404 ms, 304404 microsecs, 
>>> kernel (proc) 29 time elapsed: 304.378 ms, 304378 microsecs, 
>>> kernel (proc) 30 time elapsed: 304.077 ms, 304077 microsecs, 
>>> kernel (proc) 31 time elapsed: 304.278 ms, 304278 microsecs, 
>>> SUMMARY: kernel (proc) average time elapsed (for LOPs) for Iteration 2: 179.839(179.839) ms, 179.828(-0.0119032) ms, 304.217(124.389) ms, 
--------------- goclkernel[actssync]:: running ACTS SYNCHRONZE (Iteration 2) ---------------

active partitions for iteration 3: 0, 1, 2, 3, 4, 5, 6, 7, 8, 9, 10, 11, 12, 13, 14, 15, 16, 17, 18, 19, 20, 21, 22, 23, 24, 25, 26, 27, 28, 29, 30, 31, 32, 33, 34, 35, 36, 37, 38, 39, 40, 41, 42, 43, 44, 45, 46, 47, 48, 49, 50, 51, 52, 53, 54, 55, 56, 57, 58, 59, 60, 61, 62, 63, 64, 65, 66, 67, 68, 69, 70, 71, 72, 73, 74, 75, 76, 77, 78, 79, 80, 81, 82, 83, 84, 85, 86, 87, 88, 89, 90, 91, 92, 93, 94, 95, 96, 97, 98, 99, 100, 101, 102, 103, 104, 105, 106, 107, 108, 109, 110, 111, 112, 113, 114, 115, 116, 117, 118, 119, 120, 121, 122, 123, 124, 125, 126, 127, 128, 129, 130, 131, 132, 133, 134, 135, 136, 137, 138, 139, 140, 141, 142, 143, 144, 145, 146, 147, 148, 149, 150, 151, 152, 153, 154, 155, 156, 157, 158, 159, 160, 161, 162, 163, 164, 165, 166, 167, 168, 169, 170, 171, 172, 173, 174, 175, 176, 177, 178, 179, 180, 181, 182, 183, 184, 185, 186, 187, 188, 189, 190, 191, 192, 193, 194, 195, 196, 197, 198, 199, 200, 201, 202, 203, 204, 205, 206, 207, 208, 209, 210, 211, 212, 213, 214, 215, 216, 217, 218, 219, 220, 221, 222, 223, 224, 225, 226, 227, 228, 229, 230, 231, 232, 233, 234, 235, 236, 237, 238, 239, 240, 241, 242, 243, 244, 245, 246, 247, 248, 249, 250, 251, 252, 253, 254, 255, 
>>> goclkernel[actsproc]:: running ACTS PROCESS (Iteration 3)...
>>> kernel (proc) 0 time elapsed: 76.898 ms, 76898 microsecs, 
>>> kernel (proc) 1 time elapsed: 76.84 ms, 76840 microsecs, 
>>> kernel (proc) 2 time elapsed: 76.575 ms, 76575 microsecs, 
>>> kernel (proc) 3 time elapsed: 76.492 ms, 76492 microsecs, 
>>> kernel (proc) 4 time elapsed: 76.618 ms, 76618 microsecs, 
>>> kernel (proc) 5 time elapsed: 76.331 ms, 76331 microsecs, 
>>> kernel (proc) 6 time elapsed: 76.713 ms, 76713 microsecs, 
>>> kernel (proc) 7 time elapsed: 76.601 ms, 76601 microsecs, 
>>> kernel (proc) 8 time elapsed: 76.493 ms, 76493 microsecs, 
>>> kernel (proc) 9 time elapsed: 76.363 ms, 76363 microsecs, 
>>> kernel (proc) 10 time elapsed: 76.564 ms, 76564 microsecs, 
>>> kernel (proc) 11 time elapsed: 76.714 ms, 76714 microsecs, 
>>> kernel (proc) 12 time elapsed: 76.734 ms, 76734 microsecs, 
>>> kernel (proc) 13 time elapsed: 76.646 ms, 76646 microsecs, 
>>> kernel (proc) 14 time elapsed: 76.891 ms, 76891 microsecs, 
>>> kernel (proc) 15 time elapsed: 76.727 ms, 76727 microsecs, 
>>> kernel (proc) 16 time elapsed: 76.454 ms, 76454 microsecs, 
>>> kernel (proc) 17 time elapsed: 76.377 ms, 76377 microsecs, 
>>> kernel (proc) 18 time elapsed: 76.433 ms, 76433 microsecs, 
>>> kernel (proc) 19 time elapsed: 76.425 ms, 76425 microsecs, 
>>> kernel (proc) 20 time elapsed: 76.512 ms, 76512 microsecs, 
>>> kernel (proc) 21 time elapsed: 76.186 ms, 76186 microsecs, 
>>> kernel (proc) 22 time elapsed: 76.468 ms, 76468 microsecs, 
>>> kernel (proc) 23 time elapsed: 76.671 ms, 76671 microsecs, 
>>> kernel (proc) 24 time elapsed: 76.664 ms, 76664 microsecs, 
>>> kernel (proc) 25 time elapsed: 76.734 ms, 76734 microsecs, 
>>> kernel (proc) 26 time elapsed: 76.534 ms, 76534 microsecs, 
>>> kernel (proc) 27 time elapsed: 76.812 ms, 76812 microsecs, 
>>> kernel (proc) 28 time elapsed: 76.352 ms, 76352 microsecs, 
>>> kernel (proc) 29 time elapsed: 76.321 ms, 76321 microsecs, 
>>> kernel (proc) 30 time elapsed: 76.739 ms, 76739 microsecs, 
>>> kernel (proc) 31 time elapsed: 76.663 ms, 76663 microsecs, 
>>> SUMMARY: kernel (proc) average time elapsed (for LOPs) for Iteration 3: 54.4178(54.4178) ms, 54.3983(-0.0194839) ms, 76.5693(22.1709) ms, 
--------------- goclkernel[actssync]:: running ACTS SYNCHRONZE (Iteration 3) ---------------

active partitions for iteration 4: 0, 1, 2, 3, 4, 5, 6, 7, 8, 9, 10, 11, 12, 13, 14, 15, 16, 17, 18, 19, 20, 21, 22, 23, 24, 25, 26, 27, 28, 29, 30, 31, 32, 33, 34, 35, 36, 37, 38, 39, 40, 41, 42, 43, 44, 45, 46, 47, 48, 49, 50, 51, 52, 53, 54, 55, 56, 57, 58, 59, 60, 61, 62, 63, 64, 65, 66, 67, 68, 69, 70, 71, 72, 73, 74, 75, 76, 77, 78, 79, 80, 81, 82, 83, 84, 85, 86, 87, 88, 89, 90, 91, 92, 93, 94, 95, 96, 97, 98, 99, 100, 101, 102, 103, 104, 105, 106, 107, 108, 109, 110, 111, 112, 113, 114, 115, 116, 117, 118, 119, 120, 121, 122, 123, 124, 125, 126, 127, 128, 129, 130, 131, 132, 133, 134, 135, 136, 137, 138, 139, 140, 141, 142, 143, 144, 145, 146, 147, 148, 149, 150, 151, 152, 153, 154, 155, 156, 157, 158, 159, 160, 161, 162, 163, 164, 165, 166, 167, 168, 169, 170, 171, 172, 173, 174, 175, 176, 177, 178, 179, 180, 181, 182, 183, 184, 185, 186, 187, 188, 189, 190, 191, 192, 193, 194, 195, 196, 197, 198, 199, 200, 201, 202, 203, 204, 205, 206, 207, 208, 209, 210, 211, 212, 213, 214, 215, 216, 217, 218, 219, 220, 221, 222, 223, 224, 225, 226, 227, 228, 229, 230, 231, 232, 233, 234, 235, 236, 237, 238, 239, 240, 241, 242, 243, 244, 245, 246, 247, 248, 249, 250, 251, 252, 253, 254, 255, 
>>> goclkernel[actsproc]:: running ACTS PROCESS (Iteration 4)...
>>> kernel (proc) 0 time elapsed: 34.109 ms, 34109 microsecs, 
>>> kernel (proc) 1 time elapsed: 34.292 ms, 34292 microsecs, 
>>> kernel (proc) 2 time elapsed: 34.152 ms, 34152 microsecs, 
>>> kernel (proc) 3 time elapsed: 34.213 ms, 34213 microsecs, 
>>> kernel (proc) 4 time elapsed: 34.154 ms, 34154 microsecs, 
>>> kernel (proc) 5 time elapsed: 34.15 ms, 34150 microsecs, 
>>> kernel (proc) 6 time elapsed: 34.158 ms, 34158 microsecs, 
>>> kernel (proc) 7 time elapsed: 34.086 ms, 34086 microsecs, 
>>> kernel (proc) 8 time elapsed: 34.153 ms, 34153 microsecs, 
>>> kernel (proc) 9 time elapsed: 34.128 ms, 34128 microsecs, 
>>> kernel (proc) 10 time elapsed: 34.145 ms, 34145 microsecs, 
>>> kernel (proc) 11 time elapsed: 34.115 ms, 34115 microsecs, 
>>> kernel (proc) 12 time elapsed: 34.038 ms, 34038 microsecs, 
>>> kernel (proc) 13 time elapsed: 34.132 ms, 34132 microsecs, 
>>> kernel (proc) 14 time elapsed: 34.064 ms, 34064 microsecs, 
>>> kernel (proc) 15 time elapsed: 34.097 ms, 34097 microsecs, 
>>> kernel (proc) 16 time elapsed: 34.086 ms, 34086 microsecs, 
>>> kernel (proc) 17 time elapsed: 34.173 ms, 34173 microsecs, 
>>> kernel (proc) 18 time elapsed: 34.135 ms, 34135 microsecs, 
>>> kernel (proc) 19 time elapsed: 34.101 ms, 34101 microsecs, 
>>> kernel (proc) 20 time elapsed: 34.163 ms, 34163 microsecs, 
>>> kernel (proc) 21 time elapsed: 34.14 ms, 34140 microsecs, 
>>> kernel (proc) 22 time elapsed: 34.16 ms, 34160 microsecs, 
>>> kernel (proc) 23 time elapsed: 34.025 ms, 34025 microsecs, 
>>> kernel (proc) 24 time elapsed: 34.155 ms, 34155 microsecs, 
>>> kernel (proc) 25 time elapsed: 34.078 ms, 34078 microsecs, 
>>> kernel (proc) 26 time elapsed: 34.135 ms, 34135 microsecs, 
>>> kernel (proc) 27 time elapsed: 34.163 ms, 34163 microsecs, 
>>> kernel (proc) 28 time elapsed: 34.142 ms, 34142 microsecs, 
>>> kernel (proc) 29 time elapsed: 34.093 ms, 34093 microsecs, 
>>> kernel (proc) 30 time elapsed: 34.101 ms, 34101 microsecs, 
>>> kernel (proc) 31 time elapsed: 34.102 ms, 34102 microsecs, 
>>> SUMMARY: kernel (proc) average time elapsed (for LOPs) for Iteration 4: 27.7746(27.7746) ms, 27.7535(-0.0210968) ms, 34.13(6.37648) ms, 
--------------- goclkernel[actssync]:: running ACTS SYNCHRONZE (Iteration 4) ---------------

active partitions for iteration 5: 0, 11, 12, 14, 15, 16, 17, 18, 19, 20, 23, 24, 25, 26, 27, 30, 31, 32, 35, 36, 39, 40, 41, 42, 43, 44, 45, 46, 47, 48, 49, 50, 51, 52, 53, 54, 55, 56, 59, 60, 61, 62, 63, 64, 65, 66, 67, 68, 70, 71, 72, 73, 74, 75, 76, 77, 78, 79, 80, 81, 83, 84, 85, 86, 87, 88, 90, 91, 92, 93, 94, 95, 96, 99, 100, 103, 104, 105, 106, 107, 108, 109, 110, 111, 112, 113, 114, 115, 116, 117, 118, 119, 120, 121, 122, 123, 124, 125, 126, 127, 128, 130, 131, 132, 135, 136, 137, 138, 139, 140, 141, 142, 143, 144, 146, 147, 148, 149, 150, 151, 152, 153, 154, 155, 156, 157, 158, 159, 160, 161, 162, 163, 164, 165, 166, 167, 168, 169, 170, 171, 172, 173, 174, 175, 176, 177, 178, 179, 180, 181, 182, 183, 184, 185, 186, 187, 188, 189, 190, 191, 192, 193, 194, 195, 196, 197, 198, 199, 200, 201, 202, 203, 204, 205, 206, 207, 208, 209, 210, 211, 212, 213, 214, 215, 216, 217, 218, 219, 220, 221, 222, 223, 224, 225, 226, 227, 228, 229, 230, 231, 232, 233, 234, 235, 236, 237, 238, 239, 240, 241, 242, 243, 244, 245, 246, 247, 248, 249, 250, 251, 252, 253, 254, 255, 
>>> goclkernel[actsproc]:: running ACTS PROCESS (Iteration 5)...
>>> kernel (proc) 0 time elapsed: 23.139 ms, 23139 microsecs, 
>>> kernel (proc) 1 time elapsed: 23.308 ms, 23308 microsecs, 
>>> kernel (proc) 2 time elapsed: 23.605 ms, 23605 microsecs, 
>>> kernel (proc) 3 time elapsed: 23.126 ms, 23126 microsecs, 
>>> kernel (proc) 4 time elapsed: 22.985 ms, 22985 microsecs, 
>>> kernel (proc) 5 time elapsed: 23.161 ms, 23161 microsecs, 
>>> kernel (proc) 6 time elapsed: 23.54 ms, 23540 microsecs, 
>>> kernel (proc) 7 time elapsed: 23.425 ms, 23425 microsecs, 
>>> kernel (proc) 8 time elapsed: 23.485 ms, 23485 microsecs, 
>>> kernel (proc) 9 time elapsed: 23.085 ms, 23085 microsecs, 
>>> kernel (proc) 10 time elapsed: 23.717 ms, 23717 microsecs, 
>>> kernel (proc) 11 time elapsed: 23.656 ms, 23656 microsecs, 
>>> kernel (proc) 12 time elapsed: 23.408 ms, 23408 microsecs, 
>>> kernel (proc) 13 time elapsed: 23.043 ms, 23043 microsecs, 
>>> kernel (proc) 14 time elapsed: 23.149 ms, 23149 microsecs, 
>>> kernel (proc) 15 time elapsed: 23.033 ms, 23033 microsecs, 
>>> kernel (proc) 16 time elapsed: 23.523 ms, 23523 microsecs, 
>>> kernel (proc) 17 time elapsed: 23.55 ms, 23550 microsecs, 
>>> kernel (proc) 18 time elapsed: 23.278 ms, 23278 microsecs, 
>>> kernel (proc) 19 time elapsed: 23.574 ms, 23574 microsecs, 
>>> kernel (proc) 20 time elapsed: 23.562 ms, 23562 microsecs, 
>>> kernel (proc) 21 time elapsed: 23.039 ms, 23039 microsecs, 
>>> kernel (proc) 22 time elapsed: 23.244 ms, 23244 microsecs, 
>>> kernel (proc) 23 time elapsed: 22.813 ms, 22813 microsecs, 
>>> kernel (proc) 24 time elapsed: 23.244 ms, 23244 microsecs, 
>>> kernel (proc) 25 time elapsed: 23.434 ms, 23434 microsecs, 
>>> kernel (proc) 26 time elapsed: 23.411 ms, 23411 microsecs, 
>>> kernel (proc) 27 time elapsed: 22.951 ms, 22951 microsecs, 
>>> kernel (proc) 28 time elapsed: 23.298 ms, 23298 microsecs, 
>>> kernel (proc) 29 time elapsed: 23.397 ms, 23397 microsecs, 
>>> kernel (proc) 30 time elapsed: 23.224 ms, 23224 microsecs, 
>>> kernel (proc) 31 time elapsed: 23.165 ms, 23165 microsecs, 
>>> SUMMARY: kernel (proc) average time elapsed (for LOPs) for Iteration 5: 21.9119(21.9119) ms, 21.8888(-0.0230968) ms, 23.3043(1.41552) ms, 
--------------- goclkernel[actssync]:: running ACTS SYNCHRONZE (Iteration 5) ---------------

active partitions for iteration 6: 0, 103, 104, 107, 115, 125, 126, 127, 128, 151, 152, 156, 157, 158, 159, 160, 170, 171, 187, 188, 206, 207, 210, 211, 221, 239, 241, 242, 246, 247, 248, 250, 251, 252, 253, 254, 255, 
>>> goclkernel[actsproc]:: running ACTS PROCESS (Iteration 6)...
>>> kernel (proc) 0 time elapsed: 4.277 ms, 4277 microsecs, 
>>> kernel (proc) 1 time elapsed: 4.16 ms, 4160 microsecs, 
>>> kernel (proc) 2 time elapsed: 4.11 ms, 4110 microsecs, 
>>> kernel (proc) 3 time elapsed: 4.117 ms, 4117 microsecs, 
>>> kernel (proc) 4 time elapsed: 4.177 ms, 4177 microsecs, 
>>> kernel (proc) 5 time elapsed: 4.151 ms, 4151 microsecs, 
>>> kernel (proc) 6 time elapsed: 4.13 ms, 4130 microsecs, 
>>> kernel (proc) 7 time elapsed: 4.215 ms, 4215 microsecs, 
>>> kernel (proc) 8 time elapsed: 4.136 ms, 4136 microsecs, 
>>> kernel (proc) 9 time elapsed: 4.181 ms, 4181 microsecs, 
>>> kernel (proc) 10 time elapsed: 4.182 ms, 4182 microsecs, 
>>> kernel (proc) 11 time elapsed: 4.141 ms, 4141 microsecs, 
>>> kernel (proc) 12 time elapsed: 4.192 ms, 4192 microsecs, 
>>> kernel (proc) 13 time elapsed: 4.248 ms, 4248 microsecs, 
>>> kernel (proc) 14 time elapsed: 4.18 ms, 4180 microsecs, 
>>> kernel (proc) 15 time elapsed: 4.19 ms, 4190 microsecs, 
>>> kernel (proc) 16 time elapsed: 4.195 ms, 4195 microsecs, 
>>> kernel (proc) 17 time elapsed: 4.138 ms, 4138 microsecs, 
>>> kernel (proc) 18 time elapsed: 4.144 ms, 4144 microsecs, 
>>> kernel (proc) 19 time elapsed: 4.227 ms, 4227 microsecs, 
>>> kernel (proc) 20 time elapsed: 4.185 ms, 4185 microsecs, 
>>> kernel (proc) 21 time elapsed: 4.123 ms, 4123 microsecs, 
>>> kernel (proc) 22 time elapsed: 4.115 ms, 4115 microsecs, 
>>> kernel (proc) 23 time elapsed: 4.186 ms, 4186 microsecs, 
>>> kernel (proc) 24 time elapsed: 4.29 ms, 4290 microsecs, 
>>> kernel (proc) 25 time elapsed: 4.119 ms, 4119 microsecs, 
>>> kernel (proc) 26 time elapsed: 4.136 ms, 4136 microsecs, 
>>> kernel (proc) 27 time elapsed: 4.206 ms, 4206 microsecs, 
>>> kernel (proc) 28 time elapsed: 4.17 ms, 4170 microsecs, 
>>> kernel (proc) 29 time elapsed: 4.078 ms, 4078 microsecs, 
>>> kernel (proc) 30 time elapsed: 4.021 ms, 4021 microsecs, 
>>> kernel (proc) 31 time elapsed: 4.331 ms, 4331 microsecs, 
>>> SUMMARY: kernel (proc) average time elapsed (for LOPs) for Iteration 6: 4.0431(4.0431) ms, 4.01777(-0.0253226) ms, 4.1669(0.149129) ms, 
--------------- goclkernel[actssync]:: running ACTS SYNCHRONZE (Iteration 6) ---------------

active partitions for iteration 7: 122, 126, 
>>> goclkernel[actsproc]:: running ACTS PROCESS (Iteration 7)...
>>> kernel (proc) 0 time elapsed: 0.68 ms, 680 microsecs, 
>>> kernel (proc) 1 time elapsed: 0.622 ms, 622 microsecs, 
>>> kernel (proc) 2 time elapsed: 0.657 ms, 657 microsecs, 
>>> kernel (proc) 3 time elapsed: 0.648 ms, 648 microsecs, 
>>> kernel (proc) 4 time elapsed: 0.81 ms, 810 microsecs, 
>>> kernel (proc) 5 time elapsed: 0.705 ms, 705 microsecs, 
>>> kernel (proc) 6 time elapsed: 0.667 ms, 667 microsecs, 
>>> kernel (proc) 7 time elapsed: 0.76 ms, 760 microsecs, 
>>> kernel (proc) 8 time elapsed: 0.62 ms, 620 microsecs, 
>>> kernel (proc) 9 time elapsed: 0.67 ms, 670 microsecs, 
>>> kernel (proc) 10 time elapsed: 0.653 ms, 653 microsecs, 
>>> kernel (proc) 11 time elapsed: 0.654 ms, 654 microsecs, 
>>> kernel (proc) 12 time elapsed: 0.655 ms, 655 microsecs, 
>>> kernel (proc) 13 time elapsed: 0.613 ms, 613 microsecs, 
>>> kernel (proc) 14 time elapsed: 0.665 ms, 665 microsecs, 
>>> kernel (proc) 15 time elapsed: 0.71 ms, 710 microsecs, 
>>> kernel (proc) 16 time elapsed: 0.676 ms, 676 microsecs, 
>>> kernel (proc) 17 time elapsed: 0.555 ms, 555 microsecs, 
>>> kernel (proc) 18 time elapsed: 0.616 ms, 616 microsecs, 
>>> kernel (proc) 19 time elapsed: 0.668 ms, 668 microsecs, 
>>> kernel (proc) 20 time elapsed: 0.665 ms, 665 microsecs, 
>>> kernel (proc) 21 time elapsed: 0.616 ms, 616 microsecs, 
>>> kernel (proc) 22 time elapsed: 0.652 ms, 652 microsecs, 
>>> kernel (proc) 23 time elapsed: 0.658 ms, 658 microsecs, 
>>> kernel (proc) 24 time elapsed: 0.681 ms, 681 microsecs, 
>>> kernel (proc) 25 time elapsed: 0.634 ms, 634 microsecs, 
>>> kernel (proc) 26 time elapsed: 0.643 ms, 643 microsecs, 
>>> kernel (proc) 27 time elapsed: 0.68 ms, 680 microsecs, 
>>> kernel (proc) 28 time elapsed: 0.789 ms, 789 microsecs, 
>>> kernel (proc) 29 time elapsed: 0.661 ms, 661 microsecs, 
>>> kernel (proc) 30 time elapsed: 0.68 ms, 680 microsecs, 
>>> kernel (proc) 31 time elapsed: 0.718 ms, 718 microsecs, 
>>> SUMMARY: kernel (proc) average time elapsed (for LOPs) for Iteration 7: 0.557355(0.557355) ms, 0.553419(-0.00393548) ms, 0.667774(0.114355) ms, 
--------------- goclkernel[actssync]:: running ACTS SYNCHRONZE (Iteration 7) ---------------

active partitions for iteration 8: 
goclkernel::runapp2: no more active vertices to process. exiting... 
[1m[37m>>> SUMMARY: Total kernel time: 570.864 ms[0m

[1m[37m>>> app::run_hw: THROUGHPUT SUMMARY DETAILS: [0m
55.6761, -11967.1, 25.9911, [Iter 0 throughput: 17.7456][Iter 0 edges processed: 73347]
590.09, -2.75803e+06, 1191.26, [Iter 1 throughput: 394.673][Iter 1 edges processed: 4.92886e+07]
1086.86, -1.64207e+07, 1563.08, [Iter 2 throughput: 641.114][Iter 2 edges processed: 1.95459e+08]
124.862, -348735, 298.814, [Iter 3 throughput: 88.0861][Iter 3 edges processed: 6.79472e+06]
1.40395, -1848.34, 5.60139, [Iter 4 throughput: 1.12326][Iter 4 edges processed: 38994]
0.0214496, -20.3492, 0.229434, [Iter 5 throughput: 0.0196346][Iter 5 edges processed: 470]
0.00148401, -0.236943, 0.00855763, [Iter 6 throughput: 0.00127148][Iter 6 edges processed: 6]

>>> app::run_hw: total_edges_processed: 251655638 edges (251 million edges)
>>> app::run_hw: total_time_elapsed: 570.864 ms (0.570864 s)
[1m[37m>>> app::run_hw: throughput: 4.40833e+08 edges/sec (440.833 million edges/sec)[0m

utility::runsssp_sw:: running traditional sssp... 
utility::runsssp_sw: number of active vertices for iteration 0: 0
utility::runsssp_sw: number of active vertices for iteration 1: 49347
utility::runsssp_sw: number of active vertices for iteration 2: 2564517
utility::runsssp_sw: number of active vertices for iteration 3: 1265077
utility::runsssp_sw: number of active vertices for iteration 4: 35244
utility::runsssp_sw: number of active vertices for iteration 5: 464
utility::runsssp_sw: number of active vertices for iteration 6: 6
utility::runsssp_sw: number of active vertices for iteration 7: 0
no more activer vertices to process. breaking out... 
>>> utility::runsssp_sw: total_edges_processed: 251655638 edges (251 million edges)
>>> utility::runsssp_sw: total_time_elapsed: 7555 ms (7.555 s)
[1m[37m>>> utility::runsssp_sw: throughput: 3.33098e+07 edges/sec (33.3098 million edges/sec)[0m

app::verifyresults_hw: verifying vertex data... 
utility::printvalues::app::verifyresults_hw.vdatas: verifying results after kernel run:: printing first 16 values
values[0]: 49023
values[1]: 2537775
values[2]: 1167444
values[3]: 56040
values[4]: 1367
values[5]: 29
values[6]: 1
values[7]: 0
values[8]: 0
values[9]: 0
values[10]: 0
values[11]: 0
values[12]: 0
values[13]: 0
values[14]: 0
values[15]: 0
printvalues:: total values: totalvalues: 3811679
graph::closetemporaryfilesforwriting : close temporary files for writing...
graph::closetemporaryfilesforreading : close files for reading...
graph::closefilesforreading : close files for reading...
=== STATS::TIMING AND SUMMARY RESULTS FOR ITERATION: 666 === 
>>> stats::summary Total number of kvReads in bank [0]: 302338944
>>> stats::summary Total number of kvReads for all threads: 302338944
>>> stats::summary Total time spent (SSD access): 0 milliseconds
>>> stats::summary Total time spent (SSD access): 0 seconds
>>> stats::summary Total time spent (OCL data transfers): 0 milliseconds
>>> stats::summary Total time spent (OCL data transfers): 0 seconds
>>> stats::summary Total time spent (Kernel Pre Process execution): 0 milliseconds
>>> stats::summary Total time spent (Kernel Pre Process execution): 0 seconds
>>> stats::summary Total time spent (Kernel execution): 0 milliseconds
>>> stats::summary Total time spent (Kernel execution): 0 seconds
>>> stats::summary Total time spent (Kernel Post Process execution): 0 milliseconds
>>> stats::summary Total time spent (Kernel Post Process execution): 0 seconds
>>> stats::summary Total time spent (Overall Kernel execution): 0 milliseconds
>>> stats::summary Total time spent (Overall Kernel execution): 0 seconds
>>> stats::summary Total time spent (Overall processing): 0 milliseconds
>>> stats::summary Total time spent (Overall processing): 0 seconds
>>> stats::summary Total time spent (Overall processing excluding SSD & OCL data transfers): 0 milliseconds
>>> stats::summary Total time spent (Overall processing excluding SSD & OCL data transfers): 0 seconds
>>> stats::summary Throughput (Kernel processing): inf keyvalues per second
>>> stats::summary Throughput (Kernel processing): inf million keyvalues per second
>>> stats::summary Throughput (Kernel processing): inf MB/s
>>> stats::summary Throughput (Overall processing): inf keyvalues per second
>>> stats::summary Throughput (Overall processing): inf million keyvalues per second
>>> stats::summary Throughput (Overall processing): inf MB/s
>>> stats::summary Throughput (Overall processing excluding SSD & OCL data transfers): inf keyvalues per second
>>> stats::summary Throughput (Overall processing excluding SSD & OCL data transfers): inf million keyvalues per second

graph::printdataset: printing dataset parameters...
>>> graphtopname: RMAT22_SPARSE4
>>> graphname: RMAT22_SPARSE4_dup
>>> graph_path: /localtmp/oj2zf/dataset/RMAT22_SPARSE4/RMAT22_SPARSE4.mtx
>>> vertices_path: /localtmp/oj2zf/dataset/RMAT22_SPARSE4/RMAT22_SPARSE4.vertices
>>> edges_path: /localtmp/oj2zf/dataset/RMAT22_SPARSE4/RMAT22_SPARSE4.edges
>>> vertices_path_bin: /localtmp/oj2zf/dataset/RMAT22_SPARSE4/RMAT22_SPARSE4.vertices
>>> edges_path_bin: /localtmp/oj2zf/dataset/RMAT22_SPARSE4/RMAT22_SPARSE4.edges
>>> min_vertex: 0
>>> max_vertex: 4194304
>>> num_vertices: 4194304
>>> num_edges: 251658240
>>> graphdirectiontype: 6
>>> graphorder: 6
>>> graphgroup: 2
TEST FINISHED
[1m[37m>>> HOSTPROCESS:: TIMING SUMMARY: TOTAL TIME ELAPSED: : Time Elapsed = 1781368691912[nanao seconds](Iteration 666)[0m
[1m[37m>>> HOSTPROCESS:: TIMING SUMMARY: TOTAL TIME ELAPSED: : Time Elapsed = 1781368691[micro seconds](Iteration 666)[0m
[1m[37m>>> HOSTPROCESS:: TIMING SUMMARY: TOTAL TIME ELAPSED: : Time Elapsed = 1781368[milli seconds](Iteration 666)[0m
[1m[37m>>> HOSTPROCESS:: TIMING SUMMARY: TOTAL TIME ELAPSED: : Time Elapsed = 1781[seconds](Iteration 666)[0m

