Hostprocess:: Graph Analytics Started...
utility:: USEHBMMEMORY DEFINED
utility:: NUMDRAMBANKS: 4
utility:: NUMWORKERS: 1
utility:: NUMSUBWORKERS: 1
utility:: NUM_PARTITIONS: 16
utility:: NUMSUBCPUTHREADS: 32
utility:: DATAWIDTH: 512
utility:: VECTOR_SIZE: 8
utility:: KVDATA_RANGE: 4194304
utility:: KVDATA_RANGE_POW: 22
utility:: BATCH_RANGE: 4194304
utility:: BATCH_RANGE_POW: 22
utility:: TREE_DEPTH: 3
utility:: KVDATA_RANGE_POW: 22
utility:: KVDATA_RANGE: 4194304
utility:: MESSAGES_SIZE: 1024
utility:: LOCKE DEFINED
utility:: sizeof(keyvalue_t): 8 bytes (64 bits)
utility:: sizeof(vertex_t): 4 bytes (32 bits)
utility:: sizeof(edge_t): 4 bytes (32 bits)
utility:: MESSAGESDRAMSZ: 1024
utility:: VERTEXPTRSSZ: 2162688
utility:: VERTEXPTRSSZ_KVS: 270336
utility:: VERTICESDATASZ: 2097152
utility:: VERTICESDATASZ_KVS: 262144
>> host[baseoffsets]:: BASEOFFSET_MESSAGESDATA: 0
>> host[baseoffsets]:: BASEOFFSET_MESSAGESDATA_KVS: 0
>> host[baseoffsets]:: KVSOURCEDRAMSZ: 33554432
>> host[baseoffsets]:: KVSOURCEDRAMSZ_KVS: 4194304
>> host[baseoffsets]:: PADDEDKVSOURCEDRAMSZ: 33554432
>> host[baseoffsets]:: PADDEDKVSOURCEDRAMSZ_KVS: 4194304
>> host[baseoffsets]:: VDRAMSZ: 33554432
>> host[baseoffsets]:: PADDEDVDRAMSZ: 33554432
>> host[baseoffsets]:: PADDEDVDRAMSZ_KVS: 4194304
>> host[sizes]:: MESSAGESDRAMSZ (keyvalues): 1024 keyvalues
>> host[sizes]:: VERTEXPTRSSZ (keyvalues): 2162688 keyvalues
>> host[sizes]:: VERTICESDATASZ (keyvalues): 2097152 keyvalues
>> host[sizes]:: ACTIVEVERTICESSZ (keyvalues): 0 keyvalues
>> host[sizes]:: VERTICESDATAMASKSZ (keyvalues): 131072 keyvalues
>> host[sizes]:: KVSTATSDRAMSZ (keyvalues): 65536 keyvalues
>> host[sizes]:: PADDEDVDRAMSZ (keyvalues): 33554432 keyvalues
>> host[sizes]:: PADDEDKVSOURCEDRAMSZ (keyvalues): 33554432 keyvalues
>> host[bytes]:: MESSAGESDRAMSZ (bytes): 8192 bytes
>> host[bytes]:: KVSTATSDRAMSZ (bytes): 524288 bytes
>> host[bytes]:: VERTEXPTRSSZ (bytes): 17301504 bytes
>> host[bytes]:: VERTICESDATASZ (bytes): 16777216 bytes
>> host[bytes]:: ACTIVEVERTICESSZ (bytes): 0 bytes
>> host[bytes]:: VERTICESDATAMASKSZ (bytes): 1048576 bytes
>> host[bytes]:: PADDEDVDRAMSZ (bytes): 268435456 bytes
>> host[bytes]:: PADDEDKVSOURCEDRAMSZ (bytes): 268435456 bytes
utility:: KVSTATSDRAMSZ: 65536
utility:: NUMLASTLEVELPARTITIONS: 4096
utility:: REDUCESZ_POW: 10
utility:: REDUCESZ: 1024
utility:: REDUCEBUFFERSZ: 512
utility:: VMASKBUFFERSZ_KVS: 32
utility:: NUMLASTLEVELPARTITIONS: 4096
utility:: ENABLE_KERNEL_PROFILING DEFINED: 
graph::graph constructor:: datasetid: 30, _numedgebanks: 1
graph::loadalldatasets:: 
graph::loadalldatasets finished. 
graph::printdataset: printing dataset parameters...
>>> graphtopname: RMAT22_SPARSE0
>>> graphname: RMAT22_SPARSE0_dup
>>> graph_path: /localtmp/oj2zf/dataset/RMAT22_SPARSE0/RMAT22_SPARSE0.mtx
>>> vertices_path: /localtmp/oj2zf/dataset/RMAT22_SPARSE0/RMAT22_SPARSE0.vertices
>>> edges_path: /localtmp/oj2zf/dataset/RMAT22_SPARSE0/RMAT22_SPARSE0.edges
>>> vertices_path_bin: /localtmp/oj2zf/dataset/RMAT22_SPARSE0/RMAT22_SPARSE0.vertices
>>> edges_path_bin: /localtmp/oj2zf/dataset/RMAT22_SPARSE0/RMAT22_SPARSE0.edges
>>> min_vertex: 0
>>> max_vertex: 4194304
>>> num_vertices: 4194304
>>> num_edges: 251658240
>>> graphdirectiontype: 6
>>> graphorder: 6
>>> graphgroup: 2
app::run_hw:: app algorithm started. 
graph::opentemporaryfilesforwriting : opening temporary files for writing...
Directory already exists.INFO: Successfully opened /localtmp/oj2zf/dataset/RMAT22_SPARSE0/RMAT22_SPARSE0_1by1/RMAT22_SPARSE0_dup.vdata
INFO: Successfully opened /localtmp/oj2zf/dataset/RMAT22_SPARSE0/RMAT22_SPARSE0_1by1/RMAT22_SPARSE0_dup.vproperties
graph::opentemporaryfilesforreading : opening temporary files for reading
INFO: Successfully opened /localtmp/oj2zf/dataset/RMAT22_SPARSE0/RMAT22_SPARSE0_1by1/RMAT22_SPARSE0_dup.vdata
INFO: Successfully opened /localtmp/oj2zf/dataset/RMAT22_SPARSE0/RMAT22_SPARSE0_1by1/RMAT22_SPARSE0_dup.vproperties
generating vertices data... 
graph::openfilesforreading : opening files for reading
INFO: Successfully opened /localtmp/oj2zf/dataset/RMAT22_SPARSE0/RMAT22_SPARSE0_1by1/RMAT22_SPARSE0_dup_0_0.vertexptrs
INFO: Successfully opened /localtmp/oj2zf/dataset/RMAT22_SPARSE0/RMAT22_SPARSE0_1by1/RMAT22_SPARSE0_dup_0_0.vertexptrs
INFO: Successfully opened /localtmp/oj2zf/dataset/RMAT22_SPARSE0/RMAT22_SPARSE0_1by1/RMAT22_SPARSE0_dup_0_0.edges
INFO: Successfully opened /localtmp/oj2zf/dataset/RMAT22_SPARSE0/RMAT22_SPARSE0_1by1/RMAT22_SPARSE0_dup_0_0.edges
loadedges_rowblockwise:: loading Acts... sizes: [[9364288, 9364288, 9364288, 9364288, 9364288, 9364288, 9364288, 9364288, 9364288, 9364288, 9364288, 9364288, 9364288, 9364288, 9364288, 9364288, 9364272, 9364272, 9364272, 9364272, 9364272, 9364272, 9364272, 9364272, 9364272, 9364272, 9364272, 9364272, 9364272, 9364272, 9364272, 9364272]]
loadedges_rowblockwise:: total sizes: 299656960
maxvptr: 9364288
app::loadvertexdata:: loading vertex datas... 
app::setrootvid:: setting root vid(s)... 
app::loadactvvertices:: loading active vertices... 
app::generatevmaskdata:: generating vmask... 
app::loadoffsetmarkers:: loading offset markers... 
app::loadmessages:: loading messages... 
[globalparams.BASEOFFSET_MESSAGESDATA: 0]
[globalparams.BASEOFFSETKVS_MESSAGESDATA: 0]
[globalparams.BASEOFFSET_EDGESDATA: 8192]
[globalparams.BASEOFFSETKVS_EDGESDATA: 1024]
[globalparams.BASEOFFSET_VERTEXPTR: 4755872]
[globalparams.BASEOFFSETKVS_VERTEXPTR: 594484]
[globalparams.BASEOFFSET_VERTICESDATA: 6918560]
[globalparams.BASEOFFSETKVS_VERTICESDATA: 864820]
[globalparams.BASEOFFSET_ACTIVEVERTICES: 9015712]
[globalparams.BASEOFFSETKVS_ACTIVEVERTICES: 1126964]
[globalparams.BASEOFFSET_VERTICESDATAMASK: 9015712]
[globalparams.BASEOFFSETKVS_VERTICESDATAMASK: 1126964]
[globalparams.BASEOFFSET_VERTICESPARTITIONMASK : 9146784]
[globalparams.BASEOFFSETKVS_VERTICESPARTITIONMASK: 1143348]
[globalparams.BASEOFFSET_STATSDRAM: 9150880]
[globalparams.BASEOFFSETKVS_STATSDRAM: 1143860]
[globalparams.BASEOFFSET_KVDRAM: 9675168]
[globalparams.BASEOFFSETKVS_KVDRAM: 1209396]
[globalparams.BASEOFFSET_KVDRAMWORKSPACE: 19040472]
[globalparams.BASEOFFSETKVS_KVDRAMWORKSPACE: 2380059]
[globalparams.SIZE_MESSAGESDRAM: 0]
[globalparams.SIZE_EDGES: 9365288]
[globalparams.SIZE_VERTEXPTRS: 4194304]
[globalparams.SIZE_VERTICESDATA: 4194304]
[globalparams.SIZE_ACTIVEVERTICES: 0]
[globalparams.SIZE_VERTICESDATAMASK: 131072]
[globalparams.SIZE_KVSTATSDRAM: 65536]
[globalparams.SIZE_KVDRAM: 9365310]
[globalparams.SIZE_KVDRAMWORKSPACE: 9365310]
[1m[37m>> host[sizes]:: PADDEDKVSOURCEDRAMSZ (keyvalues): 33554432 keyvalues[0m
[1m[37m>> host[bytes]:: PADDEDKVSOURCEDRAMSZ (bytes): 268435456 bytes[0m
[1m[37m>> host[sizes]:: valid workload space(not including temp space) (keyvalues): 9675168 keyvalues[0m
[1m[37m>> host[bytes]:: valid workload space(not including temp space) (keyvalues): 77401344 bytes. [0m
[1m[37m>> host[sizes]:: valid PADDEDKVSOURCEDRAMSZ (keyvalues): 28405782 keyvalues[0m
[1m[37m>> host[bytes]:: valid PADDEDKVSOURCEDRAMSZ (bytes): 227246256 bytes. (HBM max=268435456 bytes)[0m
loadmessages:: loading Acts... sizes: [[9364288, 9364288, 9364288, 9364288, 9364288, 9364288, 9364288, 9364288, 9364288, 9364288, 9364288, 9364288, 9364288, 9364288, 9364288, 9364288, 9364272, 9364272, 9364272, 9364272, 9364272, 9364272, 9364272, 9364272, 9364272, 9364272, 9364272, 9364272, 9364272, 9364272, 9364272, 9364272]]
loadmessages:: total sizes: 299656960
app::appendkeyvaluecount:: appending value count... 
app::experiements: resetting kvdram & kvdram workspaces...

utility::runsssp_sw:: running traditional sssp... 
utility::runsssp_sw: number of active vertices for iteration 0: 0
utility::runsssp_sw: number of active vertices for iteration 1: 115
utility::runsssp_sw: number of active vertices for iteration 2: 6773
utility::runsssp_sw: number of active vertices for iteration 3: 385933
utility::runsssp_sw: number of active vertices for iteration 4: 3786281
utility::runsssp_sw: number of active vertices for iteration 5: 15200
utility::runsssp_sw: number of active vertices for iteration 6: 0
no more activer vertices to process. breaking out... 
>>> utility::runsssp_sw: total_edges_processed: 251658185 edges (251 million edges)
>>> utility::runsssp_sw: total_time_elapsed: 9828 ms (9.828 s)
[1m[37m>>> utility::runsssp_sw: throughput: 2.56062e+07 edges/sec (25.6062 million edges/sec)[0m

[1m[37m>>> app::run_hw: app started. (1 active vertices)[0m
Found Platform
Platform Name: Xilinx
Found Device=xilinx_u280_xdma_201910_1
INFO: Reading /home/oj2zf/Documents/ActsOfAGraph/synkernels/goldenkernelproc32HW300MHz.xclbin
Loading: '/home/oj2zf/Documents/ActsOfAGraph/synkernels/goldenkernelproc32HW300MHz.xclbin'
INFO: Reading /home/oj2zf/Documents/ActsOfAGraph/synkernels/goldenkernelsync32HW300MHz.xclbin
Loading: '/home/oj2zf/Documents/ActsOfAGraph/synkernels/goldenkernelsync32HW300MHz.xclbin'
>>> goclkernel[actssync]:: running ACTS PROCESS (Iteration 0)...
>>> kernel (proc) 0 time elapsed: 0.774 ms, 774 microsecs, 
>>> kernel (proc) 1 time elapsed: 0.76 ms, 760 microsecs, 
>>> kernel (proc) 2 time elapsed: 0.742 ms, 742 microsecs, 
>>> kernel (proc) 3 time elapsed: 0.757 ms, 757 microsecs, 
>>> kernel (proc) 4 time elapsed: 0.766 ms, 766 microsecs, 
>>> kernel (proc) 5 time elapsed: 0.753 ms, 753 microsecs, 
>>> kernel (proc) 6 time elapsed: 0.79 ms, 790 microsecs, 
>>> kernel (proc) 7 time elapsed: 0.828 ms, 828 microsecs, 
>>> kernel (proc) 8 time elapsed: 0.563 ms, 563 microsecs, 
>>> kernel (proc) 9 time elapsed: 0.561 ms, 561 microsecs, 
>>> kernel (proc) 10 time elapsed: 0.558 ms, 558 microsecs, 
>>> kernel (proc) 11 time elapsed: 0.557 ms, 557 microsecs, 
>>> kernel (proc) 12 time elapsed: 0.555 ms, 555 microsecs, 
>>> kernel (proc) 13 time elapsed: 0.556 ms, 556 microsecs, 
>>> kernel (proc) 14 time elapsed: 0.553 ms, 553 microsecs, 
>>> kernel (proc) 15 time elapsed: 0.556 ms, 556 microsecs, 
>>> kernel (proc) 16 time elapsed: 0.562 ms, 562 microsecs, 
>>> kernel (proc) 17 time elapsed: 0.559 ms, 559 microsecs, 
>>> kernel (proc) 18 time elapsed: 0.558 ms, 558 microsecs, 
>>> kernel (proc) 19 time elapsed: 0.557 ms, 557 microsecs, 
>>> kernel (proc) 20 time elapsed: 0.553 ms, 553 microsecs, 
>>> kernel (proc) 21 time elapsed: 0.56 ms, 560 microsecs, 
>>> kernel (proc) 22 time elapsed: 0.56 ms, 560 microsecs, 
>>> kernel (proc) 23 time elapsed: 0.559 ms, 559 microsecs, 
>>> kernel (proc) 24 time elapsed: 0.557 ms, 557 microsecs, 
>>> kernel (proc) 25 time elapsed: 0.558 ms, 558 microsecs, 
>>> kernel (proc) 26 time elapsed: 0.555 ms, 555 microsecs, 
>>> kernel (proc) 27 time elapsed: 0.559 ms, 559 microsecs, 
>>> kernel (proc) 28 time elapsed: 0.556 ms, 556 microsecs, 
>>> kernel (proc) 29 time elapsed: 0.56 ms, 560 microsecs, 
>>> kernel (proc) 30 time elapsed: 0.566 ms, 566 microsecs, 
>>> kernel (proc) 31 time elapsed: 0.555 ms, 555 microsecs, 
>>> SUMMARY: kernel (proc) average time elapsed for Iteration 0: 0.445065(0.445065) ms, 0.459226(0.0141613) ms, 0.606097(0.146871) ms, 
>>> goclkernel[actssync]:: running ACTS SYNCHRONZE (Iteration 0)
>>> kernel (sync) time elapsed: 9.206 ms, 9206 microsecs, 
>>> kernel (sync) time elapsed: 2.609 ms, 2609 microsecs, 
>>> kernel (sync) time elapsed: 2.592 ms, 2592 microsecs, 
>>> kernel (sync) time elapsed: 2.57 ms, 2570 microsecs, 
>>> kernel (sync) time elapsed: 2.703 ms, 2703 microsecs, 
>>> kernel (sync) time elapsed: 2.692 ms, 2692 microsecs, 

active partitions for iteration 1: 0, 1, 3, 4, 9, 12, 14, 15, 16, 18, 19, 23, 25, 27, 37, 38, 40, 44, 45, 50, 52, 55, 56, 60, 64, 69, 70, 73, 74, 78, 81, 94, 95, 96, 97, 98, 102, 104, 109, 110, 112, 113, 119, 128, 130, 132, 133, 134, 144, 145, 146, 149, 151, 153, 154, 156, 160, 161, 162, 167, 170, 171, 172, 173, 176, 178, 179, 185, 188, 189, 190, 192, 194, 195, 203, 204, 205, 212, 216, 217, 221, 222, 223, 224, 225, 226, 227, 229, 246, 247, 253, 
>>> goclkernel[actssync]:: running ACTS PROCESS (Iteration 1)...
>>> kernel (proc) 0 time elapsed: 6.096 ms, 6096 microsecs, 
>>> kernel (proc) 1 time elapsed: 5.831 ms, 5831 microsecs, 
>>> kernel (proc) 2 time elapsed: 6.125 ms, 6125 microsecs, 
>>> kernel (proc) 3 time elapsed: 5.708 ms, 5708 microsecs, 
>>> kernel (proc) 4 time elapsed: 5.949 ms, 5949 microsecs, 
>>> kernel (proc) 5 time elapsed: 6.218 ms, 6218 microsecs, 
>>> kernel (proc) 6 time elapsed: 6.161 ms, 6161 microsecs, 
>>> kernel (proc) 7 time elapsed: 6.007 ms, 6007 microsecs, 
>>> kernel (proc) 8 time elapsed: 5.446 ms, 5446 microsecs, 
>>> kernel (proc) 9 time elapsed: 5.77 ms, 5770 microsecs, 
>>> kernel (proc) 10 time elapsed: 5.84 ms, 5840 microsecs, 
>>> kernel (proc) 11 time elapsed: 5.913 ms, 5913 microsecs, 
>>> kernel (proc) 12 time elapsed: 6.078 ms, 6078 microsecs, 
>>> kernel (proc) 13 time elapsed: 5.908 ms, 5908 microsecs, 
>>> kernel (proc) 14 time elapsed: 5.968 ms, 5968 microsecs, 
>>> kernel (proc) 15 time elapsed: 6.044 ms, 6044 microsecs, 
>>> kernel (proc) 16 time elapsed: 5.808 ms, 5808 microsecs, 
>>> kernel (proc) 17 time elapsed: 5.714 ms, 5714 microsecs, 
>>> kernel (proc) 18 time elapsed: 5.628 ms, 5628 microsecs, 
>>> kernel (proc) 19 time elapsed: 5.585 ms, 5585 microsecs, 
>>> kernel (proc) 20 time elapsed: 5.66 ms, 5660 microsecs, 
>>> kernel (proc) 21 time elapsed: 5.671 ms, 5671 microsecs, 
>>> kernel (proc) 22 time elapsed: 5.58 ms, 5580 microsecs, 
>>> kernel (proc) 23 time elapsed: 5.352 ms, 5352 microsecs, 
>>> kernel (proc) 24 time elapsed: 5.611 ms, 5611 microsecs, 
>>> kernel (proc) 25 time elapsed: 5.456 ms, 5456 microsecs, 
>>> kernel (proc) 26 time elapsed: 5.737 ms, 5737 microsecs, 
>>> kernel (proc) 27 time elapsed: 5.636 ms, 5636 microsecs, 
>>> kernel (proc) 28 time elapsed: 5.51 ms, 5510 microsecs, 
>>> kernel (proc) 29 time elapsed: 5.603 ms, 5603 microsecs, 
>>> kernel (proc) 30 time elapsed: 5.619 ms, 5619 microsecs, 
>>> kernel (proc) 31 time elapsed: 6.231 ms, 6231 microsecs, 
>>> SUMMARY: kernel (proc) average time elapsed for Iteration 1: 3.72468(3.72468) ms, 3.83294(0.108258) ms, 5.78603(1.9531) ms, 
>>> goclkernel[actssync]:: running ACTS SYNCHRONZE (Iteration 1)
>>> kernel (sync) time elapsed: 12.654 ms, 12654 microsecs, 
>>> kernel (sync) time elapsed: 5.837 ms, 5837 microsecs, 
>>> kernel (sync) time elapsed: 5.838 ms, 5838 microsecs, 
>>> kernel (sync) time elapsed: 5.819 ms, 5819 microsecs, 
>>> kernel (sync) time elapsed: 6.006 ms, 6006 microsecs, 
>>> kernel (sync) time elapsed: 5.939 ms, 5939 microsecs, 

active partitions for iteration 2: 0, 1, 2, 3, 4, 5, 6, 7, 8, 9, 10, 11, 12, 13, 14, 15, 16, 17, 18, 19, 20, 21, 22, 23, 24, 25, 26, 27, 28, 29, 30, 31, 32, 33, 34, 35, 36, 37, 38, 39, 40, 41, 42, 43, 44, 45, 46, 47, 48, 49, 50, 51, 52, 53, 54, 55, 56, 57, 58, 59, 60, 61, 62, 63, 64, 65, 66, 67, 68, 69, 70, 71, 72, 73, 74, 75, 76, 77, 78, 79, 80, 81, 82, 83, 84, 85, 86, 87, 88, 89, 90, 91, 92, 93, 94, 95, 96, 97, 98, 99, 100, 101, 102, 103, 104, 105, 106, 107, 108, 109, 110, 111, 112, 113, 114, 115, 116, 117, 118, 119, 120, 121, 122, 123, 124, 125, 126, 127, 128, 129, 130, 131, 132, 133, 134, 135, 136, 137, 138, 139, 140, 141, 142, 143, 144, 145, 146, 147, 148, 149, 150, 151, 152, 153, 154, 155, 156, 157, 158, 159, 160, 161, 162, 163, 164, 165, 166, 167, 168, 169, 170, 171, 172, 173, 174, 175, 176, 177, 178, 179, 180, 181, 182, 183, 184, 185, 186, 187, 188, 189, 190, 191, 192, 193, 194, 195, 196, 197, 198, 199, 200, 201, 202, 203, 204, 205, 206, 207, 208, 209, 210, 211, 212, 213, 214, 215, 216, 217, 218, 219, 220, 221, 222, 223, 224, 225, 226, 227, 228, 229, 230, 231, 232, 233, 234, 235, 236, 237, 238, 239, 240, 241, 242, 243, 244, 245, 246, 247, 248, 249, 250, 251, 252, 253, 254, 255, 
>>> goclkernel[actssync]:: running ACTS PROCESS (Iteration 2)...
>>> kernel (proc) 0 time elapsed: 13.94 ms, 13940 microsecs, 
>>> kernel (proc) 1 time elapsed: 13.914 ms, 13914 microsecs, 
>>> kernel (proc) 2 time elapsed: 13.911 ms, 13911 microsecs, 
>>> kernel (proc) 3 time elapsed: 13.893 ms, 13893 microsecs, 
>>> kernel (proc) 4 time elapsed: 13.863 ms, 13863 microsecs, 
>>> kernel (proc) 5 time elapsed: 13.852 ms, 13852 microsecs, 
>>> kernel (proc) 6 time elapsed: 13.846 ms, 13846 microsecs, 
>>> kernel (proc) 7 time elapsed: 13.855 ms, 13855 microsecs, 
>>> kernel (proc) 8 time elapsed: 13.91 ms, 13910 microsecs, 
>>> kernel (proc) 9 time elapsed: 13.903 ms, 13903 microsecs, 
>>> kernel (proc) 10 time elapsed: 13.896 ms, 13896 microsecs, 
>>> kernel (proc) 11 time elapsed: 13.919 ms, 13919 microsecs, 
>>> kernel (proc) 12 time elapsed: 13.911 ms, 13911 microsecs, 
>>> kernel (proc) 13 time elapsed: 13.855 ms, 13855 microsecs, 
>>> kernel (proc) 14 time elapsed: 13.897 ms, 13897 microsecs, 
>>> kernel (proc) 15 time elapsed: 13.856 ms, 13856 microsecs, 
>>> kernel (proc) 16 time elapsed: 13.908 ms, 13908 microsecs, 
>>> kernel (proc) 17 time elapsed: 13.905 ms, 13905 microsecs, 
>>> kernel (proc) 18 time elapsed: 13.935 ms, 13935 microsecs, 
>>> kernel (proc) 19 time elapsed: 13.937 ms, 13937 microsecs, 
>>> kernel (proc) 20 time elapsed: 13.918 ms, 13918 microsecs, 
>>> kernel (proc) 21 time elapsed: 13.918 ms, 13918 microsecs, 
>>> kernel (proc) 22 time elapsed: 13.909 ms, 13909 microsecs, 
>>> kernel (proc) 23 time elapsed: 13.87 ms, 13870 microsecs, 
>>> kernel (proc) 24 time elapsed: 13.937 ms, 13937 microsecs, 
>>> kernel (proc) 25 time elapsed: 13.966 ms, 13966 microsecs, 
>>> kernel (proc) 26 time elapsed: 13.944 ms, 13944 microsecs, 
>>> kernel (proc) 27 time elapsed: 13.9 ms, 13900 microsecs, 
>>> kernel (proc) 28 time elapsed: 13.896 ms, 13896 microsecs, 
>>> kernel (proc) 29 time elapsed: 13.93 ms, 13930 microsecs, 
>>> kernel (proc) 30 time elapsed: 13.925 ms, 13925 microsecs, 
>>> kernel (proc) 31 time elapsed: 13.919 ms, 13919 microsecs, 
>>> SUMMARY: kernel (proc) average time elapsed for Iteration 2: 9.97003(9.97003) ms, 10.2983(0.328226) ms, 13.9032(3.6049) ms, 
>>> goclkernel[actssync]:: running ACTS SYNCHRONZE (Iteration 2)
>>> kernel (sync) time elapsed: 12.65 ms, 12650 microsecs, 
>>> kernel (sync) time elapsed: 5.777 ms, 5777 microsecs, 
>>> kernel (sync) time elapsed: 5.924 ms, 5924 microsecs, 
>>> kernel (sync) time elapsed: 5.817 ms, 5817 microsecs, 
>>> kernel (sync) time elapsed: 6.01 ms, 6010 microsecs, 
>>> kernel (sync) time elapsed: 5.996 ms, 5996 microsecs, 

active partitions for iteration 3: 0, 1, 2, 3, 4, 5, 6, 7, 8, 9, 10, 11, 12, 13, 14, 15, 16, 17, 18, 19, 20, 21, 22, 23, 24, 25, 26, 27, 28, 29, 30, 31, 32, 33, 34, 35, 36, 37, 38, 39, 40, 41, 42, 43, 44, 45, 46, 47, 48, 49, 50, 51, 52, 53, 54, 55, 56, 57, 58, 59, 60, 61, 62, 63, 64, 65, 66, 67, 68, 69, 70, 71, 72, 73, 74, 75, 76, 77, 78, 79, 80, 81, 82, 83, 84, 85, 86, 87, 88, 89, 90, 91, 92, 93, 94, 95, 96, 97, 98, 99, 100, 101, 102, 103, 104, 105, 106, 107, 108, 109, 110, 111, 112, 113, 114, 115, 116, 117, 118, 119, 120, 121, 122, 123, 124, 125, 126, 127, 128, 129, 130, 131, 132, 133, 134, 135, 136, 137, 138, 139, 140, 141, 142, 143, 144, 145, 146, 147, 148, 149, 150, 151, 152, 153, 154, 155, 156, 157, 158, 159, 160, 161, 162, 163, 164, 165, 166, 167, 168, 169, 170, 171, 172, 173, 174, 175, 176, 177, 178, 179, 180, 181, 182, 183, 184, 185, 186, 187, 188, 189, 190, 191, 192, 193, 194, 195, 196, 197, 198, 199, 200, 201, 202, 203, 204, 205, 206, 207, 208, 209, 210, 211, 212, 213, 214, 215, 216, 217, 218, 219, 220, 221, 222, 223, 224, 225, 226, 227, 228, 229, 230, 231, 232, 233, 234, 235, 236, 237, 238, 239, 240, 241, 242, 243, 244, 245, 246, 247, 248, 249, 250, 251, 252, 253, 254, 255, 
>>> goclkernel[actssync]:: running ACTS PROCESS (Iteration 3)...
>>> kernel (proc) 0 time elapsed: 25.912 ms, 25912 microsecs, 
>>> kernel (proc) 1 time elapsed: 25.907 ms, 25907 microsecs, 
>>> kernel (proc) 2 time elapsed: 25.948 ms, 25948 microsecs, 
>>> kernel (proc) 3 time elapsed: 25.927 ms, 25927 microsecs, 
>>> kernel (proc) 4 time elapsed: 25.977 ms, 25977 microsecs, 
>>> kernel (proc) 5 time elapsed: 25.948 ms, 25948 microsecs, 
>>> kernel (proc) 6 time elapsed: 25.946 ms, 25946 microsecs, 
>>> kernel (proc) 7 time elapsed: 25.921 ms, 25921 microsecs, 
>>> kernel (proc) 8 time elapsed: 25.955 ms, 25955 microsecs, 
>>> kernel (proc) 9 time elapsed: 25.932 ms, 25932 microsecs, 
>>> kernel (proc) 10 time elapsed: 25.946 ms, 25946 microsecs, 
>>> kernel (proc) 11 time elapsed: 25.95 ms, 25950 microsecs, 
>>> kernel (proc) 12 time elapsed: 25.956 ms, 25956 microsecs, 
>>> kernel (proc) 13 time elapsed: 25.923 ms, 25923 microsecs, 
>>> kernel (proc) 14 time elapsed: 25.974 ms, 25974 microsecs, 
>>> kernel (proc) 15 time elapsed: 25.927 ms, 25927 microsecs, 
>>> kernel (proc) 16 time elapsed: 25.9 ms, 25900 microsecs, 
>>> kernel (proc) 17 time elapsed: 25.919 ms, 25919 microsecs, 
>>> kernel (proc) 18 time elapsed: 25.879 ms, 25879 microsecs, 
>>> kernel (proc) 19 time elapsed: 25.902 ms, 25902 microsecs, 
>>> kernel (proc) 20 time elapsed: 25.907 ms, 25907 microsecs, 
>>> kernel (proc) 21 time elapsed: 25.909 ms, 25909 microsecs, 
>>> kernel (proc) 22 time elapsed: 25.946 ms, 25946 microsecs, 
>>> kernel (proc) 23 time elapsed: 25.965 ms, 25965 microsecs, 
>>> kernel (proc) 24 time elapsed: 25.926 ms, 25926 microsecs, 
>>> kernel (proc) 25 time elapsed: 25.946 ms, 25946 microsecs, 
>>> kernel (proc) 26 time elapsed: 25.953 ms, 25953 microsecs, 
>>> kernel (proc) 27 time elapsed: 25.937 ms, 25937 microsecs, 
>>> kernel (proc) 28 time elapsed: 25.945 ms, 25945 microsecs, 
>>> kernel (proc) 29 time elapsed: 25.901 ms, 25901 microsecs, 
>>> kernel (proc) 30 time elapsed: 25.907 ms, 25907 microsecs, 
>>> kernel (proc) 31 time elapsed: 25.897 ms, 25897 microsecs, 
>>> SUMMARY: kernel (proc) average time elapsed for Iteration 3: 15.3492(15.3492) ms, 18.4676(3.11842) ms, 25.9315(7.4639) ms, 
>>> goclkernel[actssync]:: running ACTS SYNCHRONZE (Iteration 3)
>>> kernel (sync) time elapsed: 12.659 ms, 12659 microsecs, 
>>> kernel (sync) time elapsed: 5.841 ms, 5841 microsecs, 
>>> kernel (sync) time elapsed: 5.83 ms, 5830 microsecs, 
>>> kernel (sync) time elapsed: 5.831 ms, 5831 microsecs, 
>>> kernel (sync) time elapsed: 6.003 ms, 6003 microsecs, 
>>> kernel (sync) time elapsed: 6.004 ms, 6004 microsecs, 

active partitions for iteration 4: 0, 1, 2, 3, 4, 5, 6, 7, 8, 9, 10, 11, 12, 13, 14, 15, 16, 17, 18, 19, 20, 21, 22, 23, 24, 25, 26, 27, 28, 29, 30, 31, 32, 33, 34, 35, 36, 37, 38, 39, 40, 41, 42, 43, 44, 45, 46, 47, 48, 49, 50, 51, 52, 53, 54, 55, 56, 57, 58, 59, 60, 61, 62, 63, 64, 65, 66, 67, 68, 69, 70, 71, 72, 73, 74, 75, 76, 77, 78, 79, 80, 81, 82, 83, 84, 85, 86, 87, 88, 89, 90, 91, 92, 93, 94, 95, 96, 97, 98, 99, 100, 101, 102, 103, 104, 105, 106, 107, 108, 109, 110, 111, 112, 113, 114, 115, 116, 117, 118, 119, 120, 121, 122, 123, 124, 125, 126, 127, 128, 129, 130, 131, 132, 133, 134, 135, 136, 137, 138, 139, 140, 141, 142, 143, 144, 145, 146, 147, 148, 149, 150, 151, 152, 153, 154, 155, 156, 157, 158, 159, 160, 161, 162, 163, 164, 165, 166, 167, 168, 169, 170, 171, 172, 173, 174, 175, 176, 177, 178, 179, 180, 181, 182, 183, 184, 185, 186, 187, 188, 189, 190, 191, 192, 193, 194, 195, 196, 197, 198, 199, 200, 201, 202, 203, 204, 205, 206, 207, 208, 209, 210, 211, 212, 213, 214, 215, 216, 217, 218, 219, 220, 221, 222, 223, 224, 225, 226, 227, 228, 229, 230, 231, 232, 233, 234, 235, 236, 237, 238, 239, 240, 241, 242, 243, 244, 245, 246, 247, 248, 249, 250, 251, 252, 253, 254, 255, 
>>> goclkernel[actssync]:: running ACTS PROCESS (Iteration 4)...
>>> kernel (proc) 0 time elapsed: 68.564 ms, 68564 microsecs, 
>>> kernel (proc) 1 time elapsed: 68.519 ms, 68519 microsecs, 
>>> kernel (proc) 2 time elapsed: 68.68 ms, 68680 microsecs, 
>>> kernel (proc) 3 time elapsed: 68.646 ms, 68646 microsecs, 
>>> kernel (proc) 4 time elapsed: 68.588 ms, 68588 microsecs, 
>>> kernel (proc) 5 time elapsed: 68.648 ms, 68648 microsecs, 
>>> kernel (proc) 6 time elapsed: 68.606 ms, 68606 microsecs, 
>>> kernel (proc) 7 time elapsed: 68.65 ms, 68650 microsecs, 
>>> kernel (proc) 8 time elapsed: 68.646 ms, 68646 microsecs, 
>>> kernel (proc) 9 time elapsed: 68.6 ms, 68600 microsecs, 
>>> kernel (proc) 10 time elapsed: 68.621 ms, 68621 microsecs, 
>>> kernel (proc) 11 time elapsed: 68.596 ms, 68596 microsecs, 
>>> kernel (proc) 12 time elapsed: 68.598 ms, 68598 microsecs, 
>>> kernel (proc) 13 time elapsed: 68.632 ms, 68632 microsecs, 
>>> kernel (proc) 14 time elapsed: 68.641 ms, 68641 microsecs, 
>>> kernel (proc) 15 time elapsed: 68.62 ms, 68620 microsecs, 
>>> kernel (proc) 16 time elapsed: 68.681 ms, 68681 microsecs, 
>>> kernel (proc) 17 time elapsed: 68.691 ms, 68691 microsecs, 
>>> kernel (proc) 18 time elapsed: 68.669 ms, 68669 microsecs, 
>>> kernel (proc) 19 time elapsed: 68.646 ms, 68646 microsecs, 
>>> kernel (proc) 20 time elapsed: 68.654 ms, 68654 microsecs, 
>>> kernel (proc) 21 time elapsed: 68.691 ms, 68691 microsecs, 
>>> kernel (proc) 22 time elapsed: 68.622 ms, 68622 microsecs, 
>>> kernel (proc) 23 time elapsed: 68.633 ms, 68633 microsecs, 
>>> kernel (proc) 24 time elapsed: 68.639 ms, 68639 microsecs, 
>>> kernel (proc) 25 time elapsed: 68.63 ms, 68630 microsecs, 
>>> kernel (proc) 26 time elapsed: 68.65 ms, 68650 microsecs, 
>>> kernel (proc) 27 time elapsed: 68.622 ms, 68622 microsecs, 
>>> kernel (proc) 28 time elapsed: 68.635 ms, 68635 microsecs, 
>>> kernel (proc) 29 time elapsed: 68.636 ms, 68636 microsecs, 
>>> kernel (proc) 30 time elapsed: 68.668 ms, 68668 microsecs, 
>>> kernel (proc) 31 time elapsed: 68.68 ms, 68680 microsecs, 
>>> SUMMARY: kernel (proc) average time elapsed for Iteration 4: 23.8828(23.8828) ms, 41.6994(17.8166) ms, 68.6367(26.9373) ms, 
>>> goclkernel[actssync]:: running ACTS SYNCHRONZE (Iteration 4)
>>> kernel (sync) time elapsed: 12.699 ms, 12699 microsecs, 
>>> kernel (sync) time elapsed: 5.809 ms, 5809 microsecs, 
>>> kernel (sync) time elapsed: 5.819 ms, 5819 microsecs, 
>>> kernel (sync) time elapsed: 5.8 ms, 5800 microsecs, 
>>> kernel (sync) time elapsed: 6.003 ms, 6003 microsecs, 
>>> kernel (sync) time elapsed: 5.998 ms, 5998 microsecs, 

active partitions for iteration 5: 0, 1, 2, 3, 4, 5, 6, 7, 8, 9, 10, 11, 12, 13, 14, 15, 16, 17, 18, 19, 20, 21, 22, 23, 24, 25, 26, 27, 28, 29, 30, 31, 32, 33, 34, 35, 36, 37, 38, 39, 40, 41, 42, 43, 44, 45, 46, 47, 48, 49, 50, 51, 52, 53, 54, 55, 56, 57, 58, 59, 60, 61, 62, 63, 64, 65, 66, 67, 68, 69, 70, 71, 72, 73, 74, 75, 76, 77, 78, 79, 80, 81, 82, 83, 84, 85, 86, 87, 88, 89, 90, 91, 92, 93, 94, 95, 96, 97, 98, 99, 100, 101, 102, 103, 104, 105, 106, 107, 108, 109, 110, 111, 112, 113, 114, 115, 116, 117, 118, 119, 120, 121, 122, 123, 124, 125, 126, 127, 128, 129, 130, 131, 132, 133, 134, 135, 136, 137, 138, 139, 140, 141, 142, 143, 144, 145, 146, 147, 148, 149, 150, 151, 152, 153, 154, 155, 156, 157, 158, 159, 160, 161, 162, 163, 164, 165, 166, 167, 168, 169, 170, 171, 172, 173, 174, 175, 176, 177, 178, 179, 180, 181, 182, 183, 184, 185, 186, 187, 188, 189, 190, 191, 192, 193, 194, 195, 196, 197, 198, 199, 200, 201, 202, 203, 204, 205, 206, 207, 208, 209, 210, 211, 212, 213, 214, 215, 216, 217, 218, 219, 220, 221, 222, 223, 224, 225, 226, 227, 228, 229, 230, 231, 232, 233, 234, 235, 236, 237, 238, 239, 240, 241, 242, 243, 244, 245, 246, 247, 248, 249, 250, 251, 252, 253, 254, 255, 
>>> goclkernel[actssync]:: running ACTS PROCESS (Iteration 5)...
>>> kernel (proc) 0 time elapsed: 14.687 ms, 14687 microsecs, 
>>> kernel (proc) 1 time elapsed: 14.678 ms, 14678 microsecs, 
>>> kernel (proc) 2 time elapsed: 14.713 ms, 14713 microsecs, 
>>> kernel (proc) 3 time elapsed: 14.708 ms, 14708 microsecs, 
>>> kernel (proc) 4 time elapsed: 14.718 ms, 14718 microsecs, 
>>> kernel (proc) 5 time elapsed: 14.725 ms, 14725 microsecs, 
>>> kernel (proc) 6 time elapsed: 14.731 ms, 14731 microsecs, 
>>> kernel (proc) 7 time elapsed: 14.672 ms, 14672 microsecs, 
>>> kernel (proc) 8 time elapsed: 14.683 ms, 14683 microsecs, 
>>> kernel (proc) 9 time elapsed: 14.661 ms, 14661 microsecs, 
>>> kernel (proc) 10 time elapsed: 14.736 ms, 14736 microsecs, 
>>> kernel (proc) 11 time elapsed: 14.771 ms, 14771 microsecs, 
>>> kernel (proc) 12 time elapsed: 14.817 ms, 14817 microsecs, 
>>> kernel (proc) 13 time elapsed: 14.787 ms, 14787 microsecs, 
>>> kernel (proc) 14 time elapsed: 14.771 ms, 14771 microsecs, 
>>> kernel (proc) 15 time elapsed: 14.734 ms, 14734 microsecs, 
>>> kernel (proc) 16 time elapsed: 14.724 ms, 14724 microsecs, 
>>> kernel (proc) 17 time elapsed: 14.688 ms, 14688 microsecs, 
>>> kernel (proc) 18 time elapsed: 14.684 ms, 14684 microsecs, 
>>> kernel (proc) 19 time elapsed: 14.676 ms, 14676 microsecs, 
>>> kernel (proc) 20 time elapsed: 14.663 ms, 14663 microsecs, 
>>> kernel (proc) 21 time elapsed: 14.703 ms, 14703 microsecs, 
>>> kernel (proc) 22 time elapsed: 14.705 ms, 14705 microsecs, 
>>> kernel (proc) 23 time elapsed: 14.659 ms, 14659 microsecs, 
>>> kernel (proc) 24 time elapsed: 14.739 ms, 14739 microsecs, 
>>> kernel (proc) 25 time elapsed: 14.68 ms, 14680 microsecs, 
>>> kernel (proc) 26 time elapsed: 14.691 ms, 14691 microsecs, 
>>> kernel (proc) 27 time elapsed: 14.663 ms, 14663 microsecs, 
>>> kernel (proc) 28 time elapsed: 14.67 ms, 14670 microsecs, 
>>> kernel (proc) 29 time elapsed: 14.687 ms, 14687 microsecs, 
>>> kernel (proc) 30 time elapsed: 14.679 ms, 14679 microsecs, 
>>> kernel (proc) 31 time elapsed: 14.627 ms, 14627 microsecs, 
>>> SUMMARY: kernel (proc) average time elapsed for Iteration 5: 10.563(10.563) ms, 10.9966(0.433613) ms, 14.7046(3.708) ms, 
>>> goclkernel[actssync]:: running ACTS SYNCHRONZE (Iteration 5)
>>> kernel (sync) time elapsed: 12.673 ms, 12673 microsecs, 
>>> kernel (sync) time elapsed: 5.807 ms, 5807 microsecs, 
>>> kernel (sync) time elapsed: 5.814 ms, 5814 microsecs, 
>>> kernel (sync) time elapsed: 5.809 ms, 5809 microsecs, 
>>> kernel (sync) time elapsed: 5.978 ms, 5978 microsecs, 
>>> kernel (sync) time elapsed: 6.017 ms, 6017 microsecs, 

active partitions for iteration 6: 
goclkernel::runapp2: no more active vertices to process. exiting... 
[1m[37m>>> SUMMARY: Total kernel time: 145.891 ms[0m

[1m[37m>>> app::run_hw: THROUGHPUT SUMMARY DETAILS: [0m
0.260636, 8.19134, 0.0777026, [Iter 0 throughput: 0.0594233][Iter 0 edges processed: 116]
1.85063, 63.6719, 1.40028, [Iter 1 throughput: 0.787274][Iter 1 edges processed: 6893]
41.3506, 1256.05, 62.4372, [Iter 2 throughput: 24.3928][Iter 2 edges processed: 412267]
1532.62, 7543.7, 2247.72, [Iter 3 throughput: 813.052][Iter 3 edges processed: 2.35244e+07]
9500.03, 12734.6, 7579.02, [Iter 4 throughput: 3167.24][Iter 4 edges processed: 2.26888e+08]
78.266, 1906.59, 123.089, [Iter 5 throughput: 46.673][Iter 5 edges processed: 826724]

>>> app::run_hw: total_edges_processed: 251658185 edges (251 million edges)
>>> app::run_hw: total_time_elapsed: 145.891 ms (0.145891 s)
[1m[37m>>> app::run_hw: throughput: 1.72497e+09 edges/sec (1724.97 million edges/sec)[0m

utility::runsssp_sw:: running traditional sssp... 
utility::runsssp_sw: number of active vertices for iteration 0: 0
utility::runsssp_sw: number of active vertices for iteration 1: 115
utility::runsssp_sw: number of active vertices for iteration 2: 6773
utility::runsssp_sw: number of active vertices for iteration 3: 385933
utility::runsssp_sw: number of active vertices for iteration 4: 3786281
utility::runsssp_sw: number of active vertices for iteration 5: 15200
utility::runsssp_sw: number of active vertices for iteration 6: 0
no more activer vertices to process. breaking out... 
>>> utility::runsssp_sw: total_edges_processed: 251658185 edges (251 million edges)
>>> utility::runsssp_sw: total_time_elapsed: 12683 ms (12.683 s)
[1m[37m>>> utility::runsssp_sw: throughput: 1.98422e+07 edges/sec (19.8422 million edges/sec)[0m

app::verifyresults_hw: verifying vertex data... 
utility::printvalues::app::verifyresults_hw.vdatas: verifying results after kernel run:: printing first 16 values
values[0]: 1
values[1]: 115
values[2]: 6773
values[3]: 385933
values[4]: 3786279
values[5]: 15200
values[6]: 0
values[7]: 0
values[8]: 0
values[9]: 0
values[10]: 0
values[11]: 0
values[12]: 0
values[13]: 0
values[14]: 0
values[15]: 0
printvalues:: total values: totalvalues: 4194301
graph::closetemporaryfilesforwriting : close temporary files for writing...
graph::closetemporaryfilesforreading : close files for reading...
graph::closefilesforreading : close files for reading...
=== STATS::TIMING AND SUMMARY RESULTS FOR ITERATION: 666 === 
>>> stats::summary Total number of kvReads in bank [0]: 299656960
>>> stats::summary Total number of kvReads for all threads: 299656960
>>> stats::summary Total time spent (SSD access): 0 milliseconds
>>> stats::summary Total time spent (SSD access): 0 seconds
>>> stats::summary Total time spent (OCL data transfers): 0 milliseconds
>>> stats::summary Total time spent (OCL data transfers): 0 seconds
>>> stats::summary Total time spent (Kernel Pre Process execution): 0 milliseconds
>>> stats::summary Total time spent (Kernel Pre Process execution): 0 seconds
>>> stats::summary Total time spent (Kernel execution): 0 milliseconds
>>> stats::summary Total time spent (Kernel execution): 0 seconds
>>> stats::summary Total time spent (Kernel Post Process execution): 0 milliseconds
>>> stats::summary Total time spent (Kernel Post Process execution): 0 seconds
>>> stats::summary Total time spent (Overall Kernel execution): 0 milliseconds
>>> stats::summary Total time spent (Overall Kernel execution): 0 seconds
>>> stats::summary Total time spent (Overall processing): 0 milliseconds
>>> stats::summary Total time spent (Overall processing): 0 seconds
>>> stats::summary Total time spent (Overall processing excluding SSD & OCL data transfers): 0 milliseconds
>>> stats::summary Total time spent (Overall processing excluding SSD & OCL data transfers): 0 seconds
>>> stats::summary Throughput (Kernel processing): inf keyvalues per second
>>> stats::summary Throughput (Kernel processing): inf million keyvalues per second
>>> stats::summary Throughput (Kernel processing): inf MB/s
>>> stats::summary Throughput (Overall processing): inf keyvalues per second
>>> stats::summary Throughput (Overall processing): inf million keyvalues per second
>>> stats::summary Throughput (Overall processing): inf MB/s
>>> stats::summary Throughput (Overall processing excluding SSD & OCL data transfers): inf keyvalues per second
>>> stats::summary Throughput (Overall processing excluding SSD & OCL data transfers): inf million keyvalues per second

graph::printdataset: printing dataset parameters...
>>> graphtopname: RMAT22_SPARSE0
>>> graphname: RMAT22_SPARSE0_dup
>>> graph_path: /localtmp/oj2zf/dataset/RMAT22_SPARSE0/RMAT22_SPARSE0.mtx
>>> vertices_path: /localtmp/oj2zf/dataset/RMAT22_SPARSE0/RMAT22_SPARSE0.vertices
>>> edges_path: /localtmp/oj2zf/dataset/RMAT22_SPARSE0/RMAT22_SPARSE0.edges
>>> vertices_path_bin: /localtmp/oj2zf/dataset/RMAT22_SPARSE0/RMAT22_SPARSE0.vertices
>>> edges_path_bin: /localtmp/oj2zf/dataset/RMAT22_SPARSE0/RMAT22_SPARSE0.edges
>>> min_vertex: 0
>>> max_vertex: 4194304
>>> num_vertices: 4194304
>>> num_edges: 251658240
>>> graphdirectiontype: 6
>>> graphorder: 6
>>> graphgroup: 2
TEST FINISHED
[1m[37m>>> HOSTPROCESS:: TIMING SUMMARY: TOTAL TIME ELAPSED: : Time Elapsed = 270610237175[nanao seconds](Iteration 666)[0m
[1m[37m>>> HOSTPROCESS:: TIMING SUMMARY: TOTAL TIME ELAPSED: : Time Elapsed = 270610237[micro seconds](Iteration 666)[0m
[1m[37m>>> HOSTPROCESS:: TIMING SUMMARY: TOTAL TIME ELAPSED: : Time Elapsed = 270610[milli seconds](Iteration 666)[0m
[1m[37m>>> HOSTPROCESS:: TIMING SUMMARY: TOTAL TIME ELAPSED: : Time Elapsed = 270[seconds](Iteration 666)[0m

