Hostprocess:: Graph Analytics Started...
utility:: USEHBMMEMORY DEFINED
utility:: NUMDRAMBANKS: 4
utility:: NUMWORKERS: 1
utility:: NUMSUBWORKERS: 1
utility:: NUM_PARTITIONS: 16
utility:: NUMSUBCPUTHREADS: 32
utility:: DATAWIDTH: 512
utility:: VECTOR_SIZE: 8
utility:: KVDATA_RANGE: 4194304
utility:: KVDATA_RANGE_POW: 22
utility:: BATCH_RANGE: 4194304
utility:: BATCH_RANGE_POW: 22
utility:: TREE_DEPTH: 3
utility:: KVDATA_RANGE_POW: 22
utility:: KVDATA_RANGE: 4194304
utility:: MESSAGES_SIZE: 1024
utility:: LOCKE DEFINED
utility:: sizeof(keyvalue_t): 8 bytes (64 bits)
utility:: sizeof(vertex_t): 4 bytes (32 bits)
utility:: sizeof(edge_t): 4 bytes (32 bits)
utility:: MESSAGESDRAMSZ: 1024
utility:: VERTEXPTRSSZ: 2162688
utility:: VERTEXPTRSSZ_KVS: 270336
utility:: VERTICESDATASZ: 2097152
utility:: VERTICESDATASZ_KVS: 262144
>> host[baseoffsets]:: BASEOFFSET_MESSAGESDATA: 0
>> host[baseoffsets]:: BASEOFFSET_MESSAGESDATA_KVS: 0
>> host[baseoffsets]:: KVSOURCEDRAMSZ: 33554432
>> host[baseoffsets]:: KVSOURCEDRAMSZ_KVS: 4194304
>> host[baseoffsets]:: PADDEDKVSOURCEDRAMSZ: 33554432
>> host[baseoffsets]:: PADDEDKVSOURCEDRAMSZ_KVS: 4194304
>> host[baseoffsets]:: VDRAMSZ: 33554432
>> host[baseoffsets]:: PADDEDVDRAMSZ: 33554432
>> host[baseoffsets]:: PADDEDVDRAMSZ_KVS: 4194304
>> host[sizes]:: MESSAGESDRAMSZ (keyvalues): 1024 keyvalues
>> host[sizes]:: VERTEXPTRSSZ (keyvalues): 2162688 keyvalues
>> host[sizes]:: VERTICESDATASZ (keyvalues): 2097152 keyvalues
>> host[sizes]:: ACTIVEVERTICESSZ (keyvalues): 0 keyvalues
>> host[sizes]:: VERTICESDATAMASKSZ (keyvalues): 131072 keyvalues
>> host[sizes]:: KVSTATSDRAMSZ (keyvalues): 65536 keyvalues
>> host[sizes]:: PADDEDVDRAMSZ (keyvalues): 33554432 keyvalues
>> host[sizes]:: PADDEDKVSOURCEDRAMSZ (keyvalues): 33554432 keyvalues
>> host[bytes]:: MESSAGESDRAMSZ (bytes): 8192 bytes
>> host[bytes]:: KVSTATSDRAMSZ (bytes): 524288 bytes
>> host[bytes]:: VERTEXPTRSSZ (bytes): 17301504 bytes
>> host[bytes]:: VERTICESDATASZ (bytes): 16777216 bytes
>> host[bytes]:: ACTIVEVERTICESSZ (bytes): 0 bytes
>> host[bytes]:: VERTICESDATAMASKSZ (bytes): 1048576 bytes
>> host[bytes]:: PADDEDVDRAMSZ (bytes): 268435456 bytes
>> host[bytes]:: PADDEDKVSOURCEDRAMSZ (bytes): 268435456 bytes
utility:: KVSTATSDRAMSZ: 65536
utility:: NUMLASTLEVELPARTITIONS: 4096
utility:: REDUCESZ_POW: 10
utility:: REDUCESZ: 1024
utility:: REDUCEBUFFERSZ: 512
utility:: VMASKBUFFERSZ_KVS: 32
utility:: NUMLASTLEVELPARTITIONS: 4096
utility:: ENABLE_KERNEL_PROFILING DEFINED: 
graph::graph constructor:: datasetid: 34, _numedgebanks: 1
graph::loadalldatasets:: 
graph::loadalldatasets finished. 
graph::printdataset: printing dataset parameters...
>>> graphtopname: RMAT22_SPARSE4
>>> graphname: RMAT22_SPARSE4_dup
>>> graph_path: /localtmp/oj2zf/dataset/RMAT22_SPARSE4/RMAT22_SPARSE4.mtx
>>> vertices_path: /localtmp/oj2zf/dataset/RMAT22_SPARSE4/RMAT22_SPARSE4.vertices
>>> edges_path: /localtmp/oj2zf/dataset/RMAT22_SPARSE4/RMAT22_SPARSE4.edges
>>> vertices_path_bin: /localtmp/oj2zf/dataset/RMAT22_SPARSE4/RMAT22_SPARSE4.vertices
>>> edges_path_bin: /localtmp/oj2zf/dataset/RMAT22_SPARSE4/RMAT22_SPARSE4.edges
>>> min_vertex: 0
>>> max_vertex: 4194304
>>> num_vertices: 4194304
>>> num_edges: 251658240
>>> graphdirectiontype: 6
>>> graphorder: 6
>>> graphgroup: 2
app::run_hw:: app algorithm started. 
graph::opentemporaryfilesforwriting : opening temporary files for writing...
Directory already exists.INFO: Successfully opened /localtmp/oj2zf/dataset/RMAT22_SPARSE4/RMAT22_SPARSE4_1by1/RMAT22_SPARSE4_dup.vdata
INFO: Successfully opened /localtmp/oj2zf/dataset/RMAT22_SPARSE4/RMAT22_SPARSE4_1by1/RMAT22_SPARSE4_dup.vproperties
graph::opentemporaryfilesforreading : opening temporary files for reading
INFO: Successfully opened /localtmp/oj2zf/dataset/RMAT22_SPARSE4/RMAT22_SPARSE4_1by1/RMAT22_SPARSE4_dup.vdata
INFO: Successfully opened /localtmp/oj2zf/dataset/RMAT22_SPARSE4/RMAT22_SPARSE4_1by1/RMAT22_SPARSE4_dup.vproperties
generating vertices data... 
graph::openfilesforreading : opening files for reading
INFO: Successfully opened /localtmp/oj2zf/dataset/RMAT22_SPARSE4/RMAT22_SPARSE4_1by1/RMAT22_SPARSE4_dup_0_0.vertexptrs
INFO: Successfully opened /localtmp/oj2zf/dataset/RMAT22_SPARSE4/RMAT22_SPARSE4_1by1/RMAT22_SPARSE4_dup_0_0.vertexptrs
INFO: Successfully opened /localtmp/oj2zf/dataset/RMAT22_SPARSE4/RMAT22_SPARSE4_1by1/RMAT22_SPARSE4_dup_0_0.edges
INFO: Successfully opened /localtmp/oj2zf/dataset/RMAT22_SPARSE4/RMAT22_SPARSE4_1by1/RMAT22_SPARSE4_dup_0_0.edges
loadedges_rowblockwise:: loading Acts... sizes: [[9448096, 9448096, 9448096, 9448096, 9448096, 9448096, 9448096, 9448096, 9448096, 9448096, 9448096, 9448096, 9448096, 9448096, 9448096, 9448096, 9448096, 9448096, 9448096, 9448096, 9448096, 9448096, 9448096, 9448096, 9448080, 9448080, 9448080, 9448080, 9448080, 9448080, 9448080, 9448080]]
loadedges_rowblockwise:: total sizes: 302338944
maxvptr: 9448096
app::loadvertexdata:: loading vertex datas... 
app::setrootvid:: setting root vid(s)... 
app::loadactvvertices:: loading active vertices... 
app::generatevmaskdata:: generating vmask... 
app::loadoffsetmarkers:: loading offset markers... 
app::loadmessages:: loading messages... 
[globalparams.BASEOFFSET_MESSAGESDATA: 0]
[globalparams.BASEOFFSETKVS_MESSAGESDATA: 0]
[globalparams.BASEOFFSET_EDGESDATA: 8192]
[globalparams.BASEOFFSETKVS_EDGESDATA: 1024]
[globalparams.BASEOFFSET_VERTEXPTR: 4797776]
[globalparams.BASEOFFSETKVS_VERTEXPTR: 599722]
[globalparams.BASEOFFSET_VERTICESDATA: 6960464]
[globalparams.BASEOFFSETKVS_VERTICESDATA: 870058]
[globalparams.BASEOFFSET_ACTIVEVERTICES: 9057616]
[globalparams.BASEOFFSETKVS_ACTIVEVERTICES: 1132202]
[globalparams.BASEOFFSET_VERTICESDATAMASK: 9057616]
[globalparams.BASEOFFSETKVS_VERTICESDATAMASK: 1132202]
[globalparams.BASEOFFSET_VERTICESPARTITIONMASK : 9188688]
[globalparams.BASEOFFSETKVS_VERTICESPARTITIONMASK: 1148586]
[globalparams.BASEOFFSET_STATSDRAM: 9192784]
[globalparams.BASEOFFSETKVS_STATSDRAM: 1149098]
[globalparams.BASEOFFSET_KVDRAM: 9717072]
[globalparams.BASEOFFSETKVS_KVDRAM: 1214634]
[globalparams.BASEOFFSET_KVDRAMWORKSPACE: 19166176]
[globalparams.BASEOFFSETKVS_KVDRAMWORKSPACE: 2395772]
[globalparams.SIZE_MESSAGESDRAM: 0]
[globalparams.SIZE_EDGES: 9449096]
[globalparams.SIZE_VERTEXPTRS: 4194304]
[globalparams.SIZE_VERTICESDATA: 4194304]
[globalparams.SIZE_ACTIVEVERTICES: 0]
[globalparams.SIZE_VERTICESDATAMASK: 131072]
[globalparams.SIZE_KVSTATSDRAM: 65536]
[globalparams.SIZE_KVDRAM: 9449111]
[globalparams.SIZE_KVDRAMWORKSPACE: 9449111]
[1m[37m>> host[sizes]:: PADDEDKVSOURCEDRAMSZ (keyvalues): 33554432 keyvalues[0m
[1m[37m>> host[bytes]:: PADDEDKVSOURCEDRAMSZ (bytes): 268435456 bytes[0m
[1m[37m>> host[sizes]:: valid workload space(not including temp space) (keyvalues): 9717072 keyvalues[0m
[1m[37m>> host[bytes]:: valid workload space(not including temp space) (keyvalues): 77736576 bytes. [0m
[1m[37m>> host[sizes]:: valid PADDEDKVSOURCEDRAMSZ (keyvalues): 28615287 keyvalues[0m
[1m[37m>> host[bytes]:: valid PADDEDKVSOURCEDRAMSZ (bytes): 228922296 bytes. (HBM max=268435456 bytes)[0m
loadmessages:: loading Acts... sizes: [[9448096, 9448096, 9448096, 9448096, 9448096, 9448096, 9448096, 9448096, 9448096, 9448096, 9448096, 9448096, 9448096, 9448096, 9448096, 9448096, 9448096, 9448096, 9448096, 9448096, 9448096, 9448096, 9448096, 9448096, 9448080, 9448080, 9448080, 9448080, 9448080, 9448080, 9448080, 9448080]]
loadmessages:: total sizes: 302338944
app::appendkeyvaluecount:: appending value count... 
app::experiements: resetting kvdram & kvdram workspaces...

utility::runsssp_sw:: running traditional sssp... 
utility::runsssp_sw: number of active vertices for iteration 0: 0
utility::runsssp_sw: number of active vertices for iteration 1: 49347
utility::runsssp_sw: number of active vertices for iteration 2: 2564517
utility::runsssp_sw: number of active vertices for iteration 3: 1265077
utility::runsssp_sw: number of active vertices for iteration 4: 35244
utility::runsssp_sw: number of active vertices for iteration 5: 464
utility::runsssp_sw: number of active vertices for iteration 6: 6
utility::runsssp_sw: number of active vertices for iteration 7: 0
no more activer vertices to process. breaking out... 
>>> utility::runsssp_sw: total_edges_processed: 251655638 edges (251 million edges)
>>> utility::runsssp_sw: total_time_elapsed: 6748 ms (6.748 s)
[1m[37m>>> utility::runsssp_sw: throughput: 3.72934e+07 edges/sec (37.2934 million edges/sec)[0m

[1m[37m>>> app::run_hw: app started. (1 active vertices)[0m
Found Platform
Platform Name: Xilinx
Found Device=xilinx_u280_xdma_201910_1
INFO: Reading /home/oj2zf/Documents/ActsOfAGraph/synkernels/goldenkernelproc32HW300MHz.xclbin
Loading: '/home/oj2zf/Documents/ActsOfAGraph/synkernels/goldenkernelproc32HW300MHz.xclbin'
INFO: Reading /home/oj2zf/Documents/ActsOfAGraph/synkernels/goldenkernelsync32HW300MHz.xclbin
Loading: '/home/oj2zf/Documents/ActsOfAGraph/synkernels/goldenkernelsync32HW300MHz.xclbin'
>>> goclkernel[actssync]:: running ACTS PROCESS (Iteration 0)...
>>> kernel (proc) 0 time elapsed: 2.256 ms, 2256 microsecs, 
>>> kernel (proc) 1 time elapsed: 2.127 ms, 2127 microsecs, 
>>> kernel (proc) 2 time elapsed: 2.291 ms, 2291 microsecs, 
>>> kernel (proc) 3 time elapsed: 2.296 ms, 2296 microsecs, 
>>> kernel (proc) 4 time elapsed: 2.327 ms, 2327 microsecs, 
>>> kernel (proc) 5 time elapsed: 2.363 ms, 2363 microsecs, 
>>> kernel (proc) 6 time elapsed: 2.349 ms, 2349 microsecs, 
>>> kernel (proc) 7 time elapsed: 2.412 ms, 2412 microsecs, 
>>> kernel (proc) 8 time elapsed: 2.432 ms, 2432 microsecs, 
>>> kernel (proc) 9 time elapsed: 2.341 ms, 2341 microsecs, 
>>> kernel (proc) 10 time elapsed: 2.356 ms, 2356 microsecs, 
>>> kernel (proc) 11 time elapsed: 2.314 ms, 2314 microsecs, 
>>> kernel (proc) 12 time elapsed: 2.264 ms, 2264 microsecs, 
>>> kernel (proc) 13 time elapsed: 2.249 ms, 2249 microsecs, 
>>> kernel (proc) 14 time elapsed: 2.254 ms, 2254 microsecs, 
>>> kernel (proc) 15 time elapsed: 2.189 ms, 2189 microsecs, 
>>> kernel (proc) 16 time elapsed: 2.299 ms, 2299 microsecs, 
>>> kernel (proc) 17 time elapsed: 2.271 ms, 2271 microsecs, 
>>> kernel (proc) 18 time elapsed: 2.297 ms, 2297 microsecs, 
>>> kernel (proc) 19 time elapsed: 2.313 ms, 2313 microsecs, 
>>> kernel (proc) 20 time elapsed: 2.353 ms, 2353 microsecs, 
>>> kernel (proc) 21 time elapsed: 2.256 ms, 2256 microsecs, 
>>> kernel (proc) 22 time elapsed: 2.41 ms, 2410 microsecs, 
>>> kernel (proc) 23 time elapsed: 2.347 ms, 2347 microsecs, 
>>> kernel (proc) 24 time elapsed: 2.282 ms, 2282 microsecs, 
>>> kernel (proc) 25 time elapsed: 2.484 ms, 2484 microsecs, 
>>> kernel (proc) 26 time elapsed: 2.302 ms, 2302 microsecs, 
>>> kernel (proc) 27 time elapsed: 2.296 ms, 2296 microsecs, 
>>> kernel (proc) 28 time elapsed: 2.172 ms, 2172 microsecs, 
>>> kernel (proc) 29 time elapsed: 2.176 ms, 2176 microsecs, 
>>> kernel (proc) 30 time elapsed: 2.178 ms, 2178 microsecs, 
>>> kernel (proc) 31 time elapsed: 2.181 ms, 2181 microsecs, 
>>> SUMMARY: kernel (proc) average time elapsed for Iteration 0: 0.823903(0.823903) ms, 0.889065(0.0651613) ms, 2.29616(1.4071) ms, 
>>> goclkernel[actssync]:: running ACTS SYNCHRONZE (Iteration 0)
>>> kernel (sync) time elapsed: 12.546 ms, 12546 microsecs, 
>>> kernel (sync) time elapsed: 5.932 ms, 5932 microsecs, 
>>> kernel (sync) time elapsed: 5.835 ms, 5835 microsecs, 
>>> kernel (sync) time elapsed: 5.885 ms, 5885 microsecs, 
>>> kernel (sync) time elapsed: 6.017 ms, 6017 microsecs, 
>>> kernel (sync) time elapsed: 6.087 ms, 6087 microsecs, 

active partitions for iteration 1: 0, 1, 2, 3, 4, 5, 6, 7, 8, 9, 10, 11, 12, 13, 14, 15, 16, 17, 18, 19, 20, 21, 22, 23, 24, 25, 26, 27, 28, 29, 30, 31, 32, 33, 34, 35, 36, 37, 38, 39, 40, 41, 42, 43, 44, 45, 46, 47, 48, 49, 50, 51, 52, 53, 54, 55, 56, 57, 58, 59, 60, 61, 62, 63, 64, 65, 66, 67, 68, 69, 70, 71, 72, 73, 74, 75, 76, 77, 78, 79, 80, 81, 82, 83, 84, 85, 86, 87, 88, 89, 90, 91, 92, 93, 94, 95, 96, 97, 98, 99, 100, 101, 102, 103, 104, 105, 106, 107, 108, 109, 110, 111, 112, 113, 114, 115, 116, 117, 118, 119, 120, 121, 122, 123, 124, 125, 126, 127, 128, 129, 130, 131, 132, 133, 134, 135, 136, 137, 138, 139, 140, 141, 142, 143, 144, 145, 146, 147, 148, 149, 150, 151, 152, 153, 154, 155, 156, 157, 158, 159, 160, 161, 162, 163, 164, 165, 166, 167, 168, 169, 170, 171, 172, 173, 174, 175, 176, 177, 178, 179, 180, 181, 182, 183, 184, 185, 186, 187, 188, 189, 190, 191, 192, 193, 194, 195, 196, 197, 198, 199, 200, 201, 202, 203, 204, 205, 206, 207, 208, 209, 210, 211, 212, 213, 214, 215, 216, 217, 218, 219, 220, 221, 222, 223, 224, 225, 226, 227, 228, 229, 230, 231, 232, 233, 234, 235, 236, 237, 238, 239, 240, 241, 242, 243, 244, 245, 246, 247, 248, 249, 250, 251, 252, 253, 254, 
>>> goclkernel[actssync]:: running ACTS PROCESS (Iteration 1)...
>>> kernel (proc) 0 time elapsed: 33.402 ms, 33402 microsecs, 
>>> kernel (proc) 1 time elapsed: 33.428 ms, 33428 microsecs, 
>>> kernel (proc) 2 time elapsed: 33.424 ms, 33424 microsecs, 
>>> kernel (proc) 3 time elapsed: 33.382 ms, 33382 microsecs, 
>>> kernel (proc) 4 time elapsed: 33.439 ms, 33439 microsecs, 
>>> kernel (proc) 5 time elapsed: 33.345 ms, 33345 microsecs, 
>>> kernel (proc) 6 time elapsed: 33.41 ms, 33410 microsecs, 
>>> kernel (proc) 7 time elapsed: 33.41 ms, 33410 microsecs, 
>>> kernel (proc) 8 time elapsed: 33.398 ms, 33398 microsecs, 
>>> kernel (proc) 9 time elapsed: 33.4 ms, 33400 microsecs, 
>>> kernel (proc) 10 time elapsed: 33.401 ms, 33401 microsecs, 
>>> kernel (proc) 11 time elapsed: 33.418 ms, 33418 microsecs, 
>>> kernel (proc) 12 time elapsed: 33.398 ms, 33398 microsecs, 
>>> kernel (proc) 13 time elapsed: 33.409 ms, 33409 microsecs, 
>>> kernel (proc) 14 time elapsed: 33.381 ms, 33381 microsecs, 
>>> kernel (proc) 15 time elapsed: 33.387 ms, 33387 microsecs, 
>>> kernel (proc) 16 time elapsed: 33.39 ms, 33390 microsecs, 
>>> kernel (proc) 17 time elapsed: 33.349 ms, 33349 microsecs, 
>>> kernel (proc) 18 time elapsed: 33.431 ms, 33431 microsecs, 
>>> kernel (proc) 19 time elapsed: 33.35 ms, 33350 microsecs, 
>>> kernel (proc) 20 time elapsed: 33.354 ms, 33354 microsecs, 
>>> kernel (proc) 21 time elapsed: 33.316 ms, 33316 microsecs, 
>>> kernel (proc) 22 time elapsed: 33.412 ms, 33412 microsecs, 
>>> kernel (proc) 23 time elapsed: 33.35 ms, 33350 microsecs, 
>>> kernel (proc) 24 time elapsed: 33.327 ms, 33327 microsecs, 
>>> kernel (proc) 25 time elapsed: 33.292 ms, 33292 microsecs, 
>>> kernel (proc) 26 time elapsed: 33.272 ms, 33272 microsecs, 
>>> kernel (proc) 27 time elapsed: 33.354 ms, 33354 microsecs, 
>>> kernel (proc) 28 time elapsed: 33.344 ms, 33344 microsecs, 
>>> kernel (proc) 29 time elapsed: 33.33 ms, 33330 microsecs, 
>>> kernel (proc) 30 time elapsed: 33.329 ms, 33329 microsecs, 
>>> kernel (proc) 31 time elapsed: 33.381 ms, 33381 microsecs, 
>>> SUMMARY: kernel (proc) average time elapsed for Iteration 1: 14.8458(14.8458) ms, 19.3921(4.54632) ms, 33.3745(13.9825) ms, 
>>> goclkernel[actssync]:: running ACTS SYNCHRONZE (Iteration 1)
>>> kernel (sync) time elapsed: 12.717 ms, 12717 microsecs, 
>>> kernel (sync) time elapsed: 5.911 ms, 5911 microsecs, 
>>> kernel (sync) time elapsed: 5.87 ms, 5870 microsecs, 
>>> kernel (sync) time elapsed: 5.983 ms, 5983 microsecs, 
>>> kernel (sync) time elapsed: 6.083 ms, 6083 microsecs, 
>>> kernel (sync) time elapsed: 6.076 ms, 6076 microsecs, 

active partitions for iteration 2: 0, 1, 2, 3, 4, 5, 6, 7, 8, 9, 10, 11, 12, 13, 14, 15, 16, 17, 18, 19, 20, 21, 22, 23, 24, 25, 26, 27, 28, 29, 30, 31, 32, 33, 34, 35, 36, 37, 38, 39, 40, 41, 42, 43, 44, 45, 46, 47, 48, 49, 50, 51, 52, 53, 54, 55, 56, 57, 58, 59, 60, 61, 62, 63, 64, 65, 66, 67, 68, 69, 70, 71, 72, 73, 74, 75, 76, 77, 78, 79, 80, 81, 82, 83, 84, 85, 86, 87, 88, 89, 90, 91, 92, 93, 94, 95, 96, 97, 98, 99, 100, 101, 102, 103, 104, 105, 106, 107, 108, 109, 110, 111, 112, 113, 114, 115, 116, 117, 118, 119, 120, 121, 122, 123, 124, 125, 126, 127, 128, 129, 130, 131, 132, 133, 134, 135, 136, 137, 138, 139, 140, 141, 142, 143, 144, 145, 146, 147, 148, 149, 150, 151, 152, 153, 154, 155, 156, 157, 158, 159, 160, 161, 162, 163, 164, 165, 166, 167, 168, 169, 170, 171, 172, 173, 174, 175, 176, 177, 178, 179, 180, 181, 182, 183, 184, 185, 186, 187, 188, 189, 190, 191, 192, 193, 194, 195, 196, 197, 198, 199, 200, 201, 202, 203, 204, 205, 206, 207, 208, 209, 210, 211, 212, 213, 214, 215, 216, 217, 218, 219, 220, 221, 222, 223, 224, 225, 226, 227, 228, 229, 230, 231, 232, 233, 234, 235, 236, 237, 238, 239, 240, 241, 242, 243, 244, 245, 246, 247, 248, 249, 250, 251, 252, 253, 254, 255, 
>>> goclkernel[actssync]:: running ACTS PROCESS (Iteration 2)...
>>> kernel (proc) 0 time elapsed: 75.501 ms, 75501 microsecs, 
>>> kernel (proc) 1 time elapsed: 75.494 ms, 75494 microsecs, 
>>> kernel (proc) 2 time elapsed: 75.515 ms, 75515 microsecs, 
>>> kernel (proc) 3 time elapsed: 75.609 ms, 75609 microsecs, 
>>> kernel (proc) 4 time elapsed: 75.516 ms, 75516 microsecs, 
>>> kernel (proc) 5 time elapsed: 75.569 ms, 75569 microsecs, 
>>> kernel (proc) 6 time elapsed: 75.538 ms, 75538 microsecs, 
>>> kernel (proc) 7 time elapsed: 75.609 ms, 75609 microsecs, 
>>> kernel (proc) 8 time elapsed: 75.581 ms, 75581 microsecs, 
>>> kernel (proc) 9 time elapsed: 75.573 ms, 75573 microsecs, 
>>> kernel (proc) 10 time elapsed: 75.597 ms, 75597 microsecs, 
>>> kernel (proc) 11 time elapsed: 75.557 ms, 75557 microsecs, 
>>> kernel (proc) 12 time elapsed: 75.576 ms, 75576 microsecs, 
>>> kernel (proc) 13 time elapsed: 75.558 ms, 75558 microsecs, 
>>> kernel (proc) 14 time elapsed: 75.587 ms, 75587 microsecs, 
>>> kernel (proc) 15 time elapsed: 75.561 ms, 75561 microsecs, 
>>> kernel (proc) 16 time elapsed: 75.613 ms, 75613 microsecs, 
>>> kernel (proc) 17 time elapsed: 75.635 ms, 75635 microsecs, 
>>> kernel (proc) 18 time elapsed: 75.501 ms, 75501 microsecs, 
>>> kernel (proc) 19 time elapsed: 75.598 ms, 75598 microsecs, 
>>> kernel (proc) 20 time elapsed: 75.615 ms, 75615 microsecs, 
>>> kernel (proc) 21 time elapsed: 75.622 ms, 75622 microsecs, 
>>> kernel (proc) 22 time elapsed: 75.617 ms, 75617 microsecs, 
>>> kernel (proc) 23 time elapsed: 75.618 ms, 75618 microsecs, 
>>> kernel (proc) 24 time elapsed: 75.624 ms, 75624 microsecs, 
>>> kernel (proc) 25 time elapsed: 75.615 ms, 75615 microsecs, 
>>> kernel (proc) 26 time elapsed: 75.619 ms, 75619 microsecs, 
>>> kernel (proc) 27 time elapsed: 75.543 ms, 75543 microsecs, 
>>> kernel (proc) 28 time elapsed: 75.65 ms, 75650 microsecs, 
>>> kernel (proc) 29 time elapsed: 75.626 ms, 75626 microsecs, 
>>> kernel (proc) 30 time elapsed: 75.651 ms, 75651 microsecs, 
>>> kernel (proc) 31 time elapsed: 75.559 ms, 75559 microsecs, 
>>> SUMMARY: kernel (proc) average time elapsed for Iteration 2: 22.5074(22.5074) ms, 38.0078(15.5004) ms, 75.5854(37.5775) ms, 
>>> goclkernel[actssync]:: running ACTS SYNCHRONZE (Iteration 2)
>>> kernel (sync) time elapsed: 12.62 ms, 12620 microsecs, 
>>> kernel (sync) time elapsed: 5.908 ms, 5908 microsecs, 
>>> kernel (sync) time elapsed: 5.965 ms, 5965 microsecs, 
>>> kernel (sync) time elapsed: 5.876 ms, 5876 microsecs, 
>>> kernel (sync) time elapsed: 6.038 ms, 6038 microsecs, 
>>> kernel (sync) time elapsed: 6.046 ms, 6046 microsecs, 

active partitions for iteration 3: 0, 1, 2, 3, 4, 5, 6, 7, 8, 9, 10, 11, 12, 13, 14, 15, 16, 17, 18, 19, 20, 21, 22, 23, 24, 25, 26, 27, 28, 29, 30, 31, 32, 33, 34, 35, 36, 37, 38, 39, 40, 41, 42, 43, 44, 45, 46, 47, 48, 49, 50, 51, 52, 53, 54, 55, 56, 57, 58, 59, 60, 61, 62, 63, 64, 65, 66, 67, 68, 69, 70, 71, 72, 73, 74, 75, 76, 77, 78, 79, 80, 81, 82, 83, 84, 85, 86, 87, 88, 89, 90, 91, 92, 93, 94, 95, 96, 97, 98, 99, 100, 101, 102, 103, 104, 105, 106, 107, 108, 109, 110, 111, 112, 113, 114, 115, 116, 117, 118, 119, 120, 121, 122, 123, 124, 125, 126, 127, 128, 129, 130, 131, 132, 133, 134, 135, 136, 137, 138, 139, 140, 141, 142, 143, 144, 145, 146, 147, 148, 149, 150, 151, 152, 153, 154, 155, 156, 157, 158, 159, 160, 161, 162, 163, 164, 165, 166, 167, 168, 169, 170, 171, 172, 173, 174, 175, 176, 177, 178, 179, 180, 181, 182, 183, 184, 185, 186, 187, 188, 189, 190, 191, 192, 193, 194, 195, 196, 197, 198, 199, 200, 201, 202, 203, 204, 205, 206, 207, 208, 209, 210, 211, 212, 213, 214, 215, 216, 217, 218, 219, 220, 221, 222, 223, 224, 225, 226, 227, 228, 229, 230, 231, 232, 233, 234, 235, 236, 237, 238, 239, 240, 241, 242, 243, 244, 245, 246, 247, 248, 249, 250, 251, 252, 253, 254, 255, 
>>> goclkernel[actssync]:: running ACTS PROCESS (Iteration 3)...
>>> kernel (proc) 0 time elapsed: 18.639 ms, 18639 microsecs, 
>>> kernel (proc) 1 time elapsed: 18.611 ms, 18611 microsecs, 
>>> kernel (proc) 2 time elapsed: 18.654 ms, 18654 microsecs, 
>>> kernel (proc) 3 time elapsed: 18.646 ms, 18646 microsecs, 
>>> kernel (proc) 4 time elapsed: 18.581 ms, 18581 microsecs, 
>>> kernel (proc) 5 time elapsed: 18.586 ms, 18586 microsecs, 
>>> kernel (proc) 6 time elapsed: 18.629 ms, 18629 microsecs, 
>>> kernel (proc) 7 time elapsed: 18.648 ms, 18648 microsecs, 
>>> kernel (proc) 8 time elapsed: 18.608 ms, 18608 microsecs, 
>>> kernel (proc) 9 time elapsed: 18.606 ms, 18606 microsecs, 
>>> kernel (proc) 10 time elapsed: 18.625 ms, 18625 microsecs, 
>>> kernel (proc) 11 time elapsed: 18.68 ms, 18680 microsecs, 
>>> kernel (proc) 12 time elapsed: 18.663 ms, 18663 microsecs, 
>>> kernel (proc) 13 time elapsed: 18.625 ms, 18625 microsecs, 
>>> kernel (proc) 14 time elapsed: 18.535 ms, 18535 microsecs, 
>>> kernel (proc) 15 time elapsed: 18.653 ms, 18653 microsecs, 
>>> kernel (proc) 16 time elapsed: 18.611 ms, 18611 microsecs, 
>>> kernel (proc) 17 time elapsed: 18.589 ms, 18589 microsecs, 
>>> kernel (proc) 18 time elapsed: 18.62 ms, 18620 microsecs, 
>>> kernel (proc) 19 time elapsed: 18.616 ms, 18616 microsecs, 
>>> kernel (proc) 20 time elapsed: 18.619 ms, 18619 microsecs, 
>>> kernel (proc) 21 time elapsed: 18.598 ms, 18598 microsecs, 
>>> kernel (proc) 22 time elapsed: 18.672 ms, 18672 microsecs, 
>>> kernel (proc) 23 time elapsed: 18.64 ms, 18640 microsecs, 
>>> kernel (proc) 24 time elapsed: 18.677 ms, 18677 microsecs, 
>>> kernel (proc) 25 time elapsed: 18.594 ms, 18594 microsecs, 
>>> kernel (proc) 26 time elapsed: 18.647 ms, 18647 microsecs, 
>>> kernel (proc) 27 time elapsed: 18.655 ms, 18655 microsecs, 
>>> kernel (proc) 28 time elapsed: 18.6 ms, 18600 microsecs, 
>>> kernel (proc) 29 time elapsed: 18.641 ms, 18641 microsecs, 
>>> kernel (proc) 30 time elapsed: 18.619 ms, 18619 microsecs, 
>>> kernel (proc) 31 time elapsed: 18.61 ms, 18610 microsecs, 
>>> SUMMARY: kernel (proc) average time elapsed for Iteration 3: 12.7177(12.7177) ms, 13.8528(1.13513) ms, 18.6245(4.77165) ms, 
>>> goclkernel[actssync]:: running ACTS SYNCHRONZE (Iteration 3)
>>> kernel (sync) time elapsed: 12.78 ms, 12780 microsecs, 
>>> kernel (sync) time elapsed: 5.902 ms, 5902 microsecs, 
>>> kernel (sync) time elapsed: 5.852 ms, 5852 microsecs, 
>>> kernel (sync) time elapsed: 5.977 ms, 5977 microsecs, 
>>> kernel (sync) time elapsed: 6.083 ms, 6083 microsecs, 
>>> kernel (sync) time elapsed: 6.037 ms, 6037 microsecs, 

active partitions for iteration 4: 1, 2, 3, 4, 5, 6, 7, 8, 9, 10, 11, 12, 13, 14, 15, 16, 17, 18, 19, 20, 21, 22, 23, 24, 25, 26, 27, 28, 29, 30, 31, 32, 33, 34, 35, 36, 37, 38, 39, 40, 41, 42, 43, 44, 45, 46, 47, 48, 49, 50, 51, 52, 53, 54, 55, 56, 57, 58, 59, 60, 61, 62, 63, 64, 65, 66, 67, 68, 69, 70, 71, 72, 73, 74, 75, 76, 77, 78, 79, 80, 81, 82, 83, 84, 85, 86, 87, 88, 89, 90, 91, 92, 93, 94, 95, 96, 97, 98, 99, 100, 101, 102, 103, 104, 105, 106, 107, 108, 109, 110, 111, 112, 113, 114, 115, 116, 117, 118, 119, 120, 121, 122, 123, 124, 125, 126, 127, 128, 129, 130, 131, 132, 133, 134, 135, 136, 137, 138, 139, 140, 141, 142, 143, 144, 145, 146, 147, 148, 149, 150, 151, 152, 153, 154, 155, 156, 157, 158, 159, 160, 161, 162, 163, 164, 165, 166, 167, 168, 169, 170, 171, 172, 173, 174, 175, 176, 177, 178, 179, 180, 181, 182, 183, 184, 185, 186, 187, 188, 189, 190, 191, 192, 193, 194, 195, 196, 197, 198, 199, 200, 201, 202, 203, 204, 205, 206, 207, 208, 209, 210, 211, 212, 213, 214, 215, 216, 217, 218, 219, 220, 221, 222, 223, 224, 225, 226, 227, 228, 229, 230, 231, 232, 233, 234, 235, 236, 237, 238, 239, 240, 241, 242, 243, 244, 245, 246, 247, 248, 249, 250, 251, 252, 253, 254, 255, 
>>> goclkernel[actssync]:: running ACTS PROCESS (Iteration 4)...
>>> kernel (proc) 0 time elapsed: 12.964 ms, 12964 microsecs, 
>>> kernel (proc) 1 time elapsed: 13.084 ms, 13084 microsecs, 
>>> kernel (proc) 2 time elapsed: 13.054 ms, 13054 microsecs, 
>>> kernel (proc) 3 time elapsed: 13.148 ms, 13148 microsecs, 
>>> kernel (proc) 4 time elapsed: 13.147 ms, 13147 microsecs, 
>>> kernel (proc) 5 time elapsed: 12.993 ms, 12993 microsecs, 
>>> kernel (proc) 6 time elapsed: 12.987 ms, 12987 microsecs, 
>>> kernel (proc) 7 time elapsed: 13.032 ms, 13032 microsecs, 
>>> kernel (proc) 8 time elapsed: 13.064 ms, 13064 microsecs, 
>>> kernel (proc) 9 time elapsed: 13.094 ms, 13094 microsecs, 
>>> kernel (proc) 10 time elapsed: 13.056 ms, 13056 microsecs, 
>>> kernel (proc) 11 time elapsed: 13.134 ms, 13134 microsecs, 
>>> kernel (proc) 12 time elapsed: 13.105 ms, 13105 microsecs, 
>>> kernel (proc) 13 time elapsed: 13.057 ms, 13057 microsecs, 
>>> kernel (proc) 14 time elapsed: 13.026 ms, 13026 microsecs, 
>>> kernel (proc) 15 time elapsed: 12.969 ms, 12969 microsecs, 
>>> kernel (proc) 16 time elapsed: 13.053 ms, 13053 microsecs, 
>>> kernel (proc) 17 time elapsed: 13.131 ms, 13131 microsecs, 
>>> kernel (proc) 18 time elapsed: 13.116 ms, 13116 microsecs, 
>>> kernel (proc) 19 time elapsed: 13.06 ms, 13060 microsecs, 
>>> kernel (proc) 20 time elapsed: 13.094 ms, 13094 microsecs, 
>>> kernel (proc) 21 time elapsed: 12.959 ms, 12959 microsecs, 
>>> kernel (proc) 22 time elapsed: 13.031 ms, 13031 microsecs, 
>>> kernel (proc) 23 time elapsed: 13.07 ms, 13070 microsecs, 
>>> kernel (proc) 24 time elapsed: 13.084 ms, 13084 microsecs, 
>>> kernel (proc) 25 time elapsed: 12.937 ms, 12937 microsecs, 
>>> kernel (proc) 26 time elapsed: 13.024 ms, 13024 microsecs, 
>>> kernel (proc) 27 time elapsed: 13.038 ms, 13038 microsecs, 
>>> kernel (proc) 28 time elapsed: 13.002 ms, 13002 microsecs, 
>>> kernel (proc) 29 time elapsed: 13.043 ms, 13043 microsecs, 
>>> kernel (proc) 30 time elapsed: 13.036 ms, 13036 microsecs, 
>>> kernel (proc) 31 time elapsed: 13.048 ms, 13048 microsecs, 
>>> SUMMARY: kernel (proc) average time elapsed for Iteration 4: 9.55113(9.55113) ms, 9.66868(0.117548) ms, 13.0541(3.38539) ms, 
>>> goclkernel[actssync]:: running ACTS SYNCHRONZE (Iteration 4)
>>> kernel (sync) time elapsed: 12.792 ms, 12792 microsecs, 
>>> kernel (sync) time elapsed: 5.931 ms, 5931 microsecs, 
>>> kernel (sync) time elapsed: 5.898 ms, 5898 microsecs, 
>>> kernel (sync) time elapsed: 5.995 ms, 5995 microsecs, 
>>> kernel (sync) time elapsed: 6.062 ms, 6062 microsecs, 
>>> kernel (sync) time elapsed: 6.059 ms, 6059 microsecs, 

active partitions for iteration 5: 11, 12, 14, 15, 16, 17, 18, 19, 20, 23, 24, 26, 27, 30, 31, 35, 36, 39, 40, 41, 42, 43, 45, 46, 47, 48, 49, 50, 51, 52, 53, 54, 55, 56, 59, 60, 61, 62, 63, 64, 65, 66, 67, 68, 70, 71, 75, 76, 77, 78, 79, 80, 81, 82, 85, 86, 87, 88, 90, 91, 92, 93, 94, 95, 96, 99, 100, 102, 103, 104, 105, 106, 107, 109, 110, 111, 112, 113, 114, 117, 118, 119, 120, 121, 122, 123, 124, 125, 126, 127, 128, 130, 131, 135, 136, 138, 139, 140, 141, 142, 143, 144, 145, 146, 147, 148, 149, 150, 151, 152, 153, 154, 155, 156, 157, 158, 159, 160, 161, 162, 163, 164, 165, 166, 167, 168, 169, 170, 171, 172, 173, 174, 175, 176, 177, 178, 179, 180, 181, 182, 183, 184, 185, 186, 187, 188, 189, 190, 191, 192, 193, 194, 195, 196, 197, 198, 199, 200, 201, 202, 203, 204, 205, 206, 207, 208, 209, 210, 211, 212, 213, 214, 215, 216, 217, 218, 219, 220, 221, 222, 223, 224, 226, 227, 229, 230, 231, 232, 233, 234, 235, 236, 237, 238, 239, 240, 241, 242, 243, 244, 245, 246, 247, 248, 249, 250, 251, 252, 253, 254, 255, 
>>> goclkernel[actssync]:: running ACTS PROCESS (Iteration 5)...
>>> kernel (proc) 0 time elapsed: 7.473 ms, 7473 microsecs, 
>>> kernel (proc) 1 time elapsed: 7.389 ms, 7389 microsecs, 
>>> kernel (proc) 2 time elapsed: 7.455 ms, 7455 microsecs, 
>>> kernel (proc) 3 time elapsed: 7.364 ms, 7364 microsecs, 
>>> kernel (proc) 4 time elapsed: 7.354 ms, 7354 microsecs, 
>>> kernel (proc) 5 time elapsed: 7.469 ms, 7469 microsecs, 
>>> kernel (proc) 6 time elapsed: 7.475 ms, 7475 microsecs, 
>>> kernel (proc) 7 time elapsed: 7.401 ms, 7401 microsecs, 
>>> kernel (proc) 8 time elapsed: 7.519 ms, 7519 microsecs, 
>>> kernel (proc) 9 time elapsed: 7.403 ms, 7403 microsecs, 
>>> kernel (proc) 10 time elapsed: 7.467 ms, 7467 microsecs, 
>>> kernel (proc) 11 time elapsed: 7.403 ms, 7403 microsecs, 
>>> kernel (proc) 12 time elapsed: 7.424 ms, 7424 microsecs, 
>>> kernel (proc) 13 time elapsed: 7.397 ms, 7397 microsecs, 
>>> kernel (proc) 14 time elapsed: 7.451 ms, 7451 microsecs, 
>>> kernel (proc) 15 time elapsed: 7.406 ms, 7406 microsecs, 
>>> kernel (proc) 16 time elapsed: 7.419 ms, 7419 microsecs, 
>>> kernel (proc) 17 time elapsed: 7.48 ms, 7480 microsecs, 
>>> kernel (proc) 18 time elapsed: 7.412 ms, 7412 microsecs, 
>>> kernel (proc) 19 time elapsed: 7.412 ms, 7412 microsecs, 
>>> kernel (proc) 20 time elapsed: 7.52 ms, 7520 microsecs, 
>>> kernel (proc) 21 time elapsed: 7.347 ms, 7347 microsecs, 
>>> kernel (proc) 22 time elapsed: 7.446 ms, 7446 microsecs, 
>>> kernel (proc) 23 time elapsed: 7.345 ms, 7345 microsecs, 
>>> kernel (proc) 24 time elapsed: 7.507 ms, 7507 microsecs, 
>>> kernel (proc) 25 time elapsed: 7.519 ms, 7519 microsecs, 
>>> kernel (proc) 26 time elapsed: 7.468 ms, 7468 microsecs, 
>>> kernel (proc) 27 time elapsed: 7.46 ms, 7460 microsecs, 
>>> kernel (proc) 28 time elapsed: 7.38 ms, 7380 microsecs, 
>>> kernel (proc) 29 time elapsed: 7.5 ms, 7500 microsecs, 
>>> kernel (proc) 30 time elapsed: 7.563 ms, 7563 microsecs, 
>>> kernel (proc) 31 time elapsed: 7.373 ms, 7373 microsecs, 
>>> SUMMARY: kernel (proc) average time elapsed for Iteration 5: 7.12455(7.12455) ms, 7.16832(0.0437742) ms, 7.43639(0.268065) ms, 
>>> goclkernel[actssync]:: running ACTS SYNCHRONZE (Iteration 5)
>>> kernel (sync) time elapsed: 11.21 ms, 11210 microsecs, 
>>> kernel (sync) time elapsed: 4.309 ms, 4309 microsecs, 
>>> kernel (sync) time elapsed: 4.434 ms, 4434 microsecs, 
>>> kernel (sync) time elapsed: 4.315 ms, 4315 microsecs, 
>>> kernel (sync) time elapsed: 4.448 ms, 4448 microsecs, 
>>> kernel (sync) time elapsed: 4.471 ms, 4471 microsecs, 

active partitions for iteration 6: 158, 159, 187, 188, 210, 211, 241, 242, 247, 251, 252, 
>>> goclkernel[actssync]:: running ACTS PROCESS (Iteration 6)...
>>> kernel (proc) 0 time elapsed: 0.817 ms, 817 microsecs, 
>>> kernel (proc) 1 time elapsed: 0.811 ms, 811 microsecs, 
>>> kernel (proc) 2 time elapsed: 0.923 ms, 923 microsecs, 
>>> kernel (proc) 3 time elapsed: 0.89 ms, 890 microsecs, 
>>> kernel (proc) 4 time elapsed: 0.787 ms, 787 microsecs, 
>>> kernel (proc) 5 time elapsed: 0.79 ms, 790 microsecs, 
>>> kernel (proc) 6 time elapsed: 0.909 ms, 909 microsecs, 
>>> kernel (proc) 7 time elapsed: 0.798 ms, 798 microsecs, 
>>> kernel (proc) 8 time elapsed: 0.812 ms, 812 microsecs, 
>>> kernel (proc) 9 time elapsed: 0.91 ms, 910 microsecs, 
>>> kernel (proc) 10 time elapsed: 0.894 ms, 894 microsecs, 
>>> kernel (proc) 11 time elapsed: 0.792 ms, 792 microsecs, 
>>> kernel (proc) 12 time elapsed: 0.791 ms, 791 microsecs, 
>>> kernel (proc) 13 time elapsed: 0.899 ms, 899 microsecs, 
>>> kernel (proc) 14 time elapsed: 0.914 ms, 914 microsecs, 
>>> kernel (proc) 15 time elapsed: 0.792 ms, 792 microsecs, 
>>> kernel (proc) 16 time elapsed: 0.799 ms, 799 microsecs, 
>>> kernel (proc) 17 time elapsed: 0.91 ms, 910 microsecs, 
>>> kernel (proc) 18 time elapsed: 0.796 ms, 796 microsecs, 
>>> kernel (proc) 19 time elapsed: 0.932 ms, 932 microsecs, 
>>> kernel (proc) 20 time elapsed: 0.804 ms, 804 microsecs, 
>>> kernel (proc) 21 time elapsed: 0.922 ms, 922 microsecs, 
>>> kernel (proc) 22 time elapsed: 0.791 ms, 791 microsecs, 
>>> kernel (proc) 23 time elapsed: 0.933 ms, 933 microsecs, 
>>> kernel (proc) 24 time elapsed: 0.909 ms, 909 microsecs, 
>>> kernel (proc) 25 time elapsed: 0.796 ms, 796 microsecs, 
>>> kernel (proc) 26 time elapsed: 0.796 ms, 796 microsecs, 
>>> kernel (proc) 27 time elapsed: 0.8 ms, 800 microsecs, 
>>> kernel (proc) 28 time elapsed: 0.809 ms, 809 microsecs, 
>>> kernel (proc) 29 time elapsed: 0.798 ms, 798 microsecs, 
>>> kernel (proc) 30 time elapsed: 0.797 ms, 797 microsecs, 
>>> kernel (proc) 31 time elapsed: 0.798 ms, 798 microsecs, 
>>> SUMMARY: kernel (proc) average time elapsed for Iteration 6: 0.72429(0.72429) ms, 0.730548(0.00625806) ms, 0.842(0.111452) ms, 
>>> goclkernel[actssync]:: running ACTS SYNCHRONZE (Iteration 6)
>>> kernel (sync) time elapsed: 7.827 ms, 7827 microsecs, 
>>> kernel (sync) time elapsed: 1.032 ms, 1032 microsecs, 
>>> kernel (sync) time elapsed: 0.997 ms, 997 microsecs, 
>>> kernel (sync) time elapsed: 1.116 ms, 1116 microsecs, 
>>> kernel (sync) time elapsed: 1.103 ms, 1103 microsecs, 
>>> kernel (sync) time elapsed: 1.087 ms, 1087 microsecs, 

active partitions for iteration 7: 
goclkernel::runapp2: no more active vertices to process. exiting... 
[1m[37m>>> SUMMARY: Total kernel time: 169.144 ms[0m

[1m[37m>>> app::run_hw: THROUGHPUT SUMMARY DETAILS: [0m
89.0238, 1125.62, 16.4803, [Iter 0 throughput: 13.7363][Iter 0 edges processed: 73347]
3320.05, 10841.4, 2895.85, [Iter 1 throughput: 1353.62][Iter 1 edges processed: 4.92886e+07]
8684.22, 12609.9, 4814.21, [Iter 2 throughput: 2486.5][Iter 2 edges processed: 1.95459e+08]
534.273, 5985.85, 872.22, [Iter 3 throughput: 313.946][Iter 3 edges processed: 6.79472e+06]
4.08266, 331.727, 6.07867, [Iter 4 throughput: 2.42446][Iter 4 edges processed: 38994]
0.0659691, 10.7369, 0.187732, [Iter 5 throughput: 0.0485944][Iter 5 edges processed: 470]
0.00828397, 0.958763, 0.00916098, [Iter 6 throughput: 0.00433057][Iter 6 edges processed: 6]

>>> app::run_hw: total_edges_processed: 251655638 edges (251 million edges)
>>> app::run_hw: total_time_elapsed: 169.144 ms (0.169144 s)
[1m[37m>>> app::run_hw: throughput: 1.48781e+09 edges/sec (1487.81 million edges/sec)[0m

utility::runsssp_sw:: running traditional sssp... 
utility::runsssp_sw: number of active vertices for iteration 0: 0
utility::runsssp_sw: number of active vertices for iteration 1: 49347
utility::runsssp_sw: number of active vertices for iteration 2: 2564517
utility::runsssp_sw: number of active vertices for iteration 3: 1265077
utility::runsssp_sw: number of active vertices for iteration 4: 35244
utility::runsssp_sw: number of active vertices for iteration 5: 464
utility::runsssp_sw: number of active vertices for iteration 6: 6
utility::runsssp_sw: number of active vertices for iteration 7: 0
no more activer vertices to process. breaking out... 
>>> utility::runsssp_sw: total_edges_processed: 251655638 edges (251 million edges)
>>> utility::runsssp_sw: total_time_elapsed: 10367 ms (10.367 s)
[1m[37m>>> utility::runsssp_sw: throughput: 2.42747e+07 edges/sec (24.2747 million edges/sec)[0m

app::verifyresults_hw: verifying vertex data... 
utility::printvalues::app::verifyresults_hw.vdatas: verifying results after kernel run:: printing first 16 values
values[0]: 1
values[1]: 49347
values[2]: 2564516
values[3]: 1264232
values[4]: 35346
values[5]: 470
values[6]: 6
values[7]: 0
values[8]: 0
values[9]: 0
values[10]: 0
values[11]: 0
values[12]: 0
values[13]: 0
values[14]: 0
values[15]: 0
printvalues:: total values: totalvalues: 3913918
graph::closetemporaryfilesforwriting : close temporary files for writing...
graph::closetemporaryfilesforreading : close files for reading...
graph::closefilesforreading : close files for reading...
=== STATS::TIMING AND SUMMARY RESULTS FOR ITERATION: 666 === 
>>> stats::summary Total number of kvReads in bank [0]: 302338944
>>> stats::summary Total number of kvReads for all threads: 302338944
>>> stats::summary Total time spent (SSD access): 0 milliseconds
>>> stats::summary Total time spent (SSD access): 0 seconds
>>> stats::summary Total time spent (OCL data transfers): 0 milliseconds
>>> stats::summary Total time spent (OCL data transfers): 0 seconds
>>> stats::summary Total time spent (Kernel Pre Process execution): 0 milliseconds
>>> stats::summary Total time spent (Kernel Pre Process execution): 0 seconds
>>> stats::summary Total time spent (Kernel execution): 0 milliseconds
>>> stats::summary Total time spent (Kernel execution): 0 seconds
>>> stats::summary Total time spent (Kernel Post Process execution): 0 milliseconds
>>> stats::summary Total time spent (Kernel Post Process execution): 0 seconds
>>> stats::summary Total time spent (Overall Kernel execution): 0 milliseconds
>>> stats::summary Total time spent (Overall Kernel execution): 0 seconds
>>> stats::summary Total time spent (Overall processing): 0 milliseconds
>>> stats::summary Total time spent (Overall processing): 0 seconds
>>> stats::summary Total time spent (Overall processing excluding SSD & OCL data transfers): 0 milliseconds
>>> stats::summary Total time spent (Overall processing excluding SSD & OCL data transfers): 0 seconds
>>> stats::summary Throughput (Kernel processing): inf keyvalues per second
>>> stats::summary Throughput (Kernel processing): inf million keyvalues per second
>>> stats::summary Throughput (Kernel processing): inf MB/s
>>> stats::summary Throughput (Overall processing): inf keyvalues per second
>>> stats::summary Throughput (Overall processing): inf million keyvalues per second
>>> stats::summary Throughput (Overall processing): inf MB/s
>>> stats::summary Throughput (Overall processing excluding SSD & OCL data transfers): inf keyvalues per second
>>> stats::summary Throughput (Overall processing excluding SSD & OCL data transfers): inf million keyvalues per second

graph::printdataset: printing dataset parameters...
>>> graphtopname: RMAT22_SPARSE4
>>> graphname: RMAT22_SPARSE4_dup
>>> graph_path: /localtmp/oj2zf/dataset/RMAT22_SPARSE4/RMAT22_SPARSE4.mtx
>>> vertices_path: /localtmp/oj2zf/dataset/RMAT22_SPARSE4/RMAT22_SPARSE4.vertices
>>> edges_path: /localtmp/oj2zf/dataset/RMAT22_SPARSE4/RMAT22_SPARSE4.edges
>>> vertices_path_bin: /localtmp/oj2zf/dataset/RMAT22_SPARSE4/RMAT22_SPARSE4.vertices
>>> edges_path_bin: /localtmp/oj2zf/dataset/RMAT22_SPARSE4/RMAT22_SPARSE4.edges
>>> min_vertex: 0
>>> max_vertex: 4194304
>>> num_vertices: 4194304
>>> num_edges: 251658240
>>> graphdirectiontype: 6
>>> graphorder: 6
>>> graphgroup: 2
TEST FINISHED
[1m[37m>>> HOSTPROCESS:: TIMING SUMMARY: TOTAL TIME ELAPSED: : Time Elapsed = 327687815641[nanao seconds](Iteration 666)[0m
[1m[37m>>> HOSTPROCESS:: TIMING SUMMARY: TOTAL TIME ELAPSED: : Time Elapsed = 327687815[micro seconds](Iteration 666)[0m
[1m[37m>>> HOSTPROCESS:: TIMING SUMMARY: TOTAL TIME ELAPSED: : Time Elapsed = 327687[milli seconds](Iteration 666)[0m
[1m[37m>>> HOSTPROCESS:: TIMING SUMMARY: TOTAL TIME ELAPSED: : Time Elapsed = 327[seconds](Iteration 666)[0m

