Hostprocess:: Graph Analytics Started...
utility:: USEHBMMEMORY DEFINED
utility:: NUMDRAMBANKS: 4
utility:: NUMWORKERS: 1
utility:: NUMSUBWORKERS: 1
utility:: NUM_PARTITIONS: 256
utility:: NUMSUBCPUTHREADS: 32
utility:: DATAWIDTH: 512
utility:: VECTOR_SIZE: 8
utility:: KVDATA_RANGE: 4194304
utility:: KVDATA_RANGE_POW: 22
utility:: BATCH_RANGE: 4194304
utility:: BATCH_RANGE_POW: 22
utility:: SRAMSZ_POW: 14
utility:: TREE_DEPTH: 1
utility:: KVDATA_RANGE_POW: 22
utility:: KVDATA_RANGE: 4194304
utility:: MESSAGES_SIZE: 1024
utility:: LOCKE DEFINED
utility:: sizeof(keyvalue_t): 8 bytes (64 bits)
utility:: sizeof(vertex_t): 4 bytes (32 bits)
utility:: sizeof(edge_t): 4 bytes (32 bits)
utility:: MESSAGESDRAMSZ: 1024
utility:: VERTEXPTRSSZ: 2162688
utility:: VERTEXPTRSSZ_KVS: 270336
utility:: VERTICESDATASZ: 2097152
utility:: VERTICESDATASZ_KVS: 262144
>> host[baseoffsets]:: BASEOFFSET_MESSAGESDATA: 0
>> host[baseoffsets]:: BASEOFFSET_MESSAGESDATA_KVS: 0
>> host[baseoffsets]:: KVSOURCEDRAMSZ: 33554432
>> host[baseoffsets]:: KVSOURCEDRAMSZ_KVS: 4194304
>> host[baseoffsets]:: PADDEDKVSOURCEDRAMSZ: 33554432
>> host[baseoffsets]:: PADDEDKVSOURCEDRAMSZ_KVS: 4194304
>> host[baseoffsets]:: VDRAMSZ: 33554432
>> host[baseoffsets]:: PADDEDVDRAMSZ: 33554432
>> host[baseoffsets]:: PADDEDVDRAMSZ_KVS: 4194304
>> host[sizes]:: MESSAGESDRAMSZ (keyvalues): 1024 keyvalues
>> host[sizes]:: VERTEXPTRSSZ (keyvalues): 2162688 keyvalues
>> host[sizes]:: VERTICESDATASZ (keyvalues): 2097152 keyvalues
>> host[sizes]:: ACTIVEVERTICESSZ (keyvalues): 0 keyvalues
>> host[sizes]:: VERTICESDATAMASKSZ (keyvalues): 131072 keyvalues
>> host[sizes]:: KVSTATSDRAMSZ (keyvalues): 4096 keyvalues
>> host[sizes]:: PADDEDVDRAMSZ (keyvalues): 33554432 keyvalues
>> host[sizes]:: PADDEDKVSOURCEDRAMSZ (keyvalues): 33554432 keyvalues
>> host[bytes]:: MESSAGESDRAMSZ (bytes): 8192 bytes
>> host[bytes]:: KVSTATSDRAMSZ (bytes): 32768 bytes
>> host[bytes]:: VERTEXPTRSSZ (bytes): 17301504 bytes
>> host[bytes]:: VERTICESDATASZ (bytes): 16777216 bytes
>> host[bytes]:: ACTIVEVERTICESSZ (bytes): 0 bytes
>> host[bytes]:: VERTICESDATAMASKSZ (bytes): 1048576 bytes
>> host[bytes]:: PADDEDVDRAMSZ (bytes): 268435456 bytes
>> host[bytes]:: PADDEDKVSOURCEDRAMSZ (bytes): 268435456 bytes
utility:: KVSTATSDRAMSZ: 4096
utility:: NUMLASTLEVELPARTITIONS: 256
utility:: REDUCESZ_POW: 10
utility:: REDUCESZ: 1024
utility:: REDUCEBUFFERSZ: 512
utility:: VMASKBUFFERSZ_KVS: 32
utility:: NUMLASTLEVELPARTITIONS: 256
utility:: FETFACTOR: 2
utility:: SRCBUFFER_SIZE: 1008
utility:: WORKBUFFER_SIZE: 752
utility:: SOURCEBLOCKRAM_SIZE: 1024
utility:: DESTBLOCKRAM_SIZE: 1024
utility:: ENABLE_KERNEL_PROFILING DEFINED: 
graph::graph constructor:: datasetid: 30, _numedgebanks: 1
graph::loadalldatasets:: 
graph::loadalldatasets finished. 
graph::printdataset: printing dataset parameters...
>>> graphtopname: RMAT22_SPARSE0
>>> graphname: RMAT22_SPARSE0_dup
>>> graph_path: /localtmp/oj2zf/dataset/RMAT22_SPARSE0/RMAT22_SPARSE0.mtx
>>> vertices_path: /localtmp/oj2zf/dataset/RMAT22_SPARSE0/RMAT22_SPARSE0.vertices
>>> edges_path: /localtmp/oj2zf/dataset/RMAT22_SPARSE0/RMAT22_SPARSE0.edges
>>> vertices_path_bin: /localtmp/oj2zf/dataset/RMAT22_SPARSE0/RMAT22_SPARSE0.vertices
>>> edges_path_bin: /localtmp/oj2zf/dataset/RMAT22_SPARSE0/RMAT22_SPARSE0.edges
>>> min_vertex: 0
>>> max_vertex: 4194304
>>> num_vertices: 4194304
>>> num_edges: 251658240
>>> graphdirectiontype: 6
>>> graphorder: 6
>>> graphgroup: 2
app::run_hw:: app algorithm started. 
graph::opentemporaryfilesforwriting : opening temporary files for writing...
Directory already exists.INFO: Successfully opened /localtmp/oj2zf/dataset/RMAT22_SPARSE0/RMAT22_SPARSE0_1by1/RMAT22_SPARSE0_dup.vdata
INFO: Successfully opened /localtmp/oj2zf/dataset/RMAT22_SPARSE0/RMAT22_SPARSE0_1by1/RMAT22_SPARSE0_dup.vproperties
graph::opentemporaryfilesforreading : opening temporary files for reading
INFO: Successfully opened /localtmp/oj2zf/dataset/RMAT22_SPARSE0/RMAT22_SPARSE0_1by1/RMAT22_SPARSE0_dup.vdata
INFO: Successfully opened /localtmp/oj2zf/dataset/RMAT22_SPARSE0/RMAT22_SPARSE0_1by1/RMAT22_SPARSE0_dup.vproperties
generating vertices data... 
graph::openfilesforreading : opening files for reading
INFO: Successfully opened /localtmp/oj2zf/dataset/RMAT22_SPARSE0/RMAT22_SPARSE0_1by1/RMAT22_SPARSE0_dup_0_0.vertexptrs
INFO: Successfully opened /localtmp/oj2zf/dataset/RMAT22_SPARSE0/RMAT22_SPARSE0_1by1/RMAT22_SPARSE0_dup_0_0.vertexptrs
INFO: Successfully opened /localtmp/oj2zf/dataset/RMAT22_SPARSE0/RMAT22_SPARSE0_1by1/RMAT22_SPARSE0_dup_0_0.edges
INFO: Successfully opened /localtmp/oj2zf/dataset/RMAT22_SPARSE0/RMAT22_SPARSE0_1by1/RMAT22_SPARSE0_dup_0_0.edges
loadedges_rowblockwise:: loading Acts... sizes: [[9364288, 9364288, 9364288, 9364288, 9364288, 9364288, 9364288, 9364288, 9364288, 9364288, 9364288, 9364288, 9364288, 9364288, 9364288, 9364288, 9364272, 9364272, 9364272, 9364272, 9364272, 9364272, 9364272, 9364272, 9364272, 9364272, 9364272, 9364272, 9364272, 9364272, 9364272, 9364272]]
loadedges_rowblockwise:: total sizes: 299656960
maxvptr: 9364288
app::loadvertexdata:: loading vertex datas... 
app::setrootvid:: setting root vid(s)... 
app::loadactvvertices:: loading active vertices... 
app::generatevmaskdata:: generating vmask... 
app::loadoffsetmarkers:: loading offset markers... 
app::loadmessages:: loading messages... 
[globalparams.BASEOFFSET_MESSAGESDATA: 0]
[globalparams.BASEOFFSETKVS_MESSAGESDATA: 0]
[globalparams.BASEOFFSET_EDGESDATA: 8192]
[globalparams.BASEOFFSETKVS_EDGESDATA: 1024]
[globalparams.BASEOFFSET_VERTEXPTR: 4755872]
[globalparams.BASEOFFSETKVS_VERTEXPTR: 594484]
[globalparams.BASEOFFSET_VERTICESDATA: 6918560]
[globalparams.BASEOFFSETKVS_VERTICESDATA: 864820]
[globalparams.BASEOFFSET_ACTIVEVERTICES: 9015712]
[globalparams.BASEOFFSETKVS_ACTIVEVERTICES: 1126964]
[globalparams.BASEOFFSET_VERTICESDATAMASK: 9015712]
[globalparams.BASEOFFSETKVS_VERTICESDATAMASK: 1126964]
[globalparams.BASEOFFSET_VERTICESPARTITIONMASK : 9146784]
[globalparams.BASEOFFSETKVS_VERTICESPARTITIONMASK: 1143348]
[globalparams.BASEOFFSET_STATSDRAM: 9150880]
[globalparams.BASEOFFSETKVS_STATSDRAM: 1143860]
[globalparams.BASEOFFSET_KVDRAM: 9183648]
[globalparams.BASEOFFSETKVS_KVDRAM: 1147956]
[globalparams.BASEOFFSET_KVDRAMWORKSPACE: 18548952]
[globalparams.BASEOFFSETKVS_KVDRAMWORKSPACE: 2318619]
[globalparams.SIZE_MESSAGESDRAM: 0]
[globalparams.SIZE_EDGES: 9365288]
[globalparams.SIZE_VERTEXPTRS: 4194304]
[globalparams.SIZE_VERTICESDATA: 4194304]
[globalparams.SIZE_ACTIVEVERTICES: 0]
[globalparams.SIZE_VERTICESDATAMASK: 131072]
[globalparams.SIZE_KVSTATSDRAM: 4096]
[globalparams.SIZE_KVDRAM: 9365310]
[globalparams.SIZE_KVDRAMWORKSPACE: 9365310]
[1m[37m>> host[sizes]:: PADDEDKVSOURCEDRAMSZ (keyvalues): 33554432 keyvalues[0m
[1m[37m>> host[bytes]:: PADDEDKVSOURCEDRAMSZ (bytes): 268435456 bytes[0m
[1m[37m>> host[sizes]:: valid workload space(not including temp space) (keyvalues): 9183648 keyvalues[0m
[1m[37m>> host[bytes]:: valid workload space(not including temp space) (keyvalues): 73469184 bytes. [0m
[1m[37m>> host[sizes]:: valid PADDEDKVSOURCEDRAMSZ (keyvalues): 27914262 keyvalues[0m
[1m[37m>> host[bytes]:: valid PADDEDKVSOURCEDRAMSZ (bytes): 223314096 bytes. (HBM max=268435456 bytes)[0m
loadmessages:: loading Acts... sizes: [[9364288, 9364288, 9364288, 9364288, 9364288, 9364288, 9364288, 9364288, 9364288, 9364288, 9364288, 9364288, 9364288, 9364288, 9364288, 9364288, 9364272, 9364272, 9364272, 9364272, 9364272, 9364272, 9364272, 9364272, 9364272, 9364272, 9364272, 9364272, 9364272, 9364272, 9364272, 9364272]]
loadmessages:: total sizes: 299656960
app::appendkeyvaluecount:: appending value count... 
app::experiements: resetting kvdram & kvdram workspaces...

utility::runsssp_sw:: running traditional sssp... 
utility::runsssp_sw: number of active vertices for iteration 0: 0
utility::runsssp_sw: number of active vertices for iteration 1: 115
utility::runsssp_sw: number of active vertices for iteration 2: 6773
utility::runsssp_sw: number of active vertices for iteration 3: 385933
utility::runsssp_sw: number of active vertices for iteration 4: 3786281
utility::runsssp_sw: number of active vertices for iteration 5: 15200
utility::runsssp_sw: number of active vertices for iteration 6: 0
no more activer vertices to process. breaking out... 
>>> utility::runsssp_sw: total_edges_processed: 251658185 edges (251 million edges)
>>> utility::runsssp_sw: total_time_elapsed: 11849 ms (11.849 s)
[1m[37m>>> utility::runsssp_sw: throughput: 2.12388e+07 edges/sec (21.2388 million edges/sec)[0m

[1m[37m>>> app::run_hw: app started. (1 active vertices)[0m
Found Platform
Platform Name: Xilinx
Found Device=xilinx_u280_xdma_201920_3
INFO: Reading /home/oj2zf/Documents/ActsOfAGraph/synkernels/goldenkernelproc32HW300MHz.xclbin
Loading: '/home/oj2zf/Documents/ActsOfAGraph/synkernels/goldenkernelproc32HW300MHz.xclbin'
INFO: Reading /home/oj2zf/Documents/ActsOfAGraph/synkernels/goldenkernelsync32HW300MHz.xclbin
Loading: '/home/oj2zf/Documents/ActsOfAGraph/synkernels/goldenkernelsync32HW300MHz.xclbin'
>>> goclkernel[actsproc]:: running ACTS PROCESS (Iteration 0)...
>>> kernel (proc) 0 time elapsed: 0.971 ms, 971 microsecs, 
>>> kernel (proc) 1 time elapsed: 1.061 ms, 1061 microsecs, 
>>> kernel (proc) 2 time elapsed: 0.946 ms, 946 microsecs, 
>>> kernel (proc) 3 time elapsed: 0.97 ms, 970 microsecs, 
>>> kernel (proc) 4 time elapsed: 1.053 ms, 1053 microsecs, 
>>> kernel (proc) 5 time elapsed: 0.917 ms, 917 microsecs, 
>>> kernel (proc) 6 time elapsed: 1.079 ms, 1079 microsecs, 
>>> kernel (proc) 7 time elapsed: 1.009 ms, 1009 microsecs, 
>>> kernel (proc) 8 time elapsed: 0.606 ms, 606 microsecs, 
>>> kernel (proc) 9 time elapsed: 0.598 ms, 598 microsecs, 
>>> kernel (proc) 10 time elapsed: 0.551 ms, 551 microsecs, 
>>> kernel (proc) 11 time elapsed: 0.676 ms, 676 microsecs, 
>>> kernel (proc) 12 time elapsed: 0.603 ms, 603 microsecs, 
>>> kernel (proc) 13 time elapsed: 0.607 ms, 607 microsecs, 
>>> kernel (proc) 14 time elapsed: 0.601 ms, 601 microsecs, 
>>> kernel (proc) 15 time elapsed: 0.598 ms, 598 microsecs, 
>>> kernel (proc) 16 time elapsed: 0.56 ms, 560 microsecs, 
>>> kernel (proc) 17 time elapsed: 0.546 ms, 546 microsecs, 
>>> kernel (proc) 18 time elapsed: 0.611 ms, 611 microsecs, 
>>> kernel (proc) 19 time elapsed: 0.647 ms, 647 microsecs, 
>>> kernel (proc) 20 time elapsed: 0.624 ms, 624 microsecs, 
>>> kernel (proc) 21 time elapsed: 0.65 ms, 650 microsecs, 
>>> kernel (proc) 22 time elapsed: 0.715 ms, 715 microsecs, 
>>> kernel (proc) 23 time elapsed: 0.61 ms, 610 microsecs, 
>>> kernel (proc) 24 time elapsed: 0.658 ms, 658 microsecs, 
>>> kernel (proc) 25 time elapsed: 0.66 ms, 660 microsecs, 
>>> kernel (proc) 26 time elapsed: 0.613 ms, 613 microsecs, 
>>> kernel (proc) 27 time elapsed: 0.693 ms, 693 microsecs, 
>>> kernel (proc) 28 time elapsed: 0.706 ms, 706 microsecs, 
>>> kernel (proc) 29 time elapsed: 0.734 ms, 734 microsecs, 
>>> kernel (proc) 30 time elapsed: 0.641 ms, 641 microsecs, 
>>> kernel (proc) 31 time elapsed: 0.632 ms, 632 microsecs, 
>>> SUMMARY: kernel (proc) average time elapsed (for LOPs) for Iteration 0: 0.547903(0.547903) ms, 0.540355(-0.00754839) ms, 0.715323(0.174968) ms, 
--------------- goclkernel[actssync]:: running ACTS SYNCHRONZE (Iteration 0) ---------------

active partitions for iteration 1: 0, 1, 3, 4, 9, 12, 14, 15, 16, 18, 19, 23, 25, 27, 37, 38, 40, 44, 45, 50, 52, 55, 56, 60, 64, 69, 70, 73, 74, 78, 81, 94, 95, 96, 97, 98, 102, 104, 109, 110, 112, 113, 119, 128, 130, 132, 133, 134, 144, 145, 146, 149, 151, 153, 154, 156, 160, 161, 162, 167, 170, 171, 172, 173, 176, 178, 179, 185, 188, 189, 190, 192, 194, 195, 203, 204, 205, 212, 216, 217, 221, 222, 223, 224, 225, 226, 227, 229, 246, 247, 253, 255, 
>>> goclkernel[actsproc]:: running ACTS PROCESS (Iteration 1)...
>>> kernel (proc) 0 time elapsed: 14.49 ms, 14490 microsecs, 
>>> kernel (proc) 1 time elapsed: 14.066 ms, 14066 microsecs, 
>>> kernel (proc) 2 time elapsed: 14.538 ms, 14538 microsecs, 
>>> kernel (proc) 3 time elapsed: 13.807 ms, 13807 microsecs, 
>>> kernel (proc) 4 time elapsed: 14.285 ms, 14285 microsecs, 
>>> kernel (proc) 5 time elapsed: 14.641 ms, 14641 microsecs, 
>>> kernel (proc) 6 time elapsed: 14.605 ms, 14605 microsecs, 
>>> kernel (proc) 7 time elapsed: 14.299 ms, 14299 microsecs, 
>>> kernel (proc) 8 time elapsed: 13.448 ms, 13448 microsecs, 
>>> kernel (proc) 9 time elapsed: 13.969 ms, 13969 microsecs, 
>>> kernel (proc) 10 time elapsed: 14.178 ms, 14178 microsecs, 
>>> kernel (proc) 11 time elapsed: 14.147 ms, 14147 microsecs, 
>>> kernel (proc) 12 time elapsed: 14.338 ms, 14338 microsecs, 
>>> kernel (proc) 13 time elapsed: 14.079 ms, 14079 microsecs, 
>>> kernel (proc) 14 time elapsed: 14.08 ms, 14080 microsecs, 
>>> kernel (proc) 15 time elapsed: 14.296 ms, 14296 microsecs, 
>>> kernel (proc) 16 time elapsed: 14.066 ms, 14066 microsecs, 
>>> kernel (proc) 17 time elapsed: 13.748 ms, 13748 microsecs, 
>>> kernel (proc) 18 time elapsed: 13.671 ms, 13671 microsecs, 
>>> kernel (proc) 19 time elapsed: 13.642 ms, 13642 microsecs, 
>>> kernel (proc) 20 time elapsed: 13.755 ms, 13755 microsecs, 
>>> kernel (proc) 21 time elapsed: 13.583 ms, 13583 microsecs, 
>>> kernel (proc) 22 time elapsed: 13.646 ms, 13646 microsecs, 
>>> kernel (proc) 23 time elapsed: 13.214 ms, 13214 microsecs, 
>>> kernel (proc) 24 time elapsed: 13.708 ms, 13708 microsecs, 
>>> kernel (proc) 25 time elapsed: 13.404 ms, 13404 microsecs, 
>>> kernel (proc) 26 time elapsed: 13.926 ms, 13926 microsecs, 
>>> kernel (proc) 27 time elapsed: 13.759 ms, 13759 microsecs, 
>>> kernel (proc) 28 time elapsed: 13.503 ms, 13503 microsecs, 
>>> kernel (proc) 29 time elapsed: 13.602 ms, 13602 microsecs, 
>>> kernel (proc) 30 time elapsed: 13.655 ms, 13655 microsecs, 
>>> kernel (proc) 31 time elapsed: 14.731 ms, 14731 microsecs, 
>>> SUMMARY: kernel (proc) average time elapsed (for LOPs) for Iteration 1: 10.7628(10.7628) ms, 10.7805(0.0176452) ms, 13.948(3.16758) ms, 
--------------- goclkernel[actssync]:: running ACTS SYNCHRONZE (Iteration 1) ---------------

active partitions for iteration 2: 0, 1, 2, 3, 4, 5, 6, 7, 8, 9, 10, 11, 12, 13, 14, 15, 16, 17, 18, 19, 20, 21, 22, 23, 24, 25, 26, 27, 28, 29, 30, 31, 32, 33, 34, 35, 36, 37, 38, 39, 40, 41, 42, 43, 44, 45, 46, 47, 48, 49, 50, 51, 52, 53, 54, 55, 56, 57, 58, 59, 60, 61, 62, 63, 64, 65, 66, 67, 68, 69, 70, 71, 72, 73, 74, 75, 76, 77, 78, 79, 80, 81, 82, 83, 84, 85, 86, 87, 88, 89, 90, 91, 92, 93, 94, 95, 96, 97, 98, 99, 100, 101, 102, 103, 104, 105, 106, 107, 108, 109, 110, 111, 112, 113, 114, 115, 116, 117, 118, 119, 120, 121, 122, 123, 124, 125, 126, 127, 128, 129, 130, 131, 132, 133, 134, 135, 136, 137, 138, 139, 140, 141, 142, 143, 144, 145, 146, 147, 148, 149, 150, 151, 152, 153, 154, 155, 156, 157, 158, 159, 160, 161, 162, 163, 164, 165, 166, 167, 168, 169, 170, 171, 172, 173, 174, 175, 176, 177, 178, 179, 180, 181, 182, 183, 184, 185, 186, 187, 188, 189, 190, 191, 192, 193, 194, 195, 196, 197, 198, 199, 200, 201, 202, 203, 204, 205, 206, 207, 208, 209, 210, 211, 212, 213, 214, 215, 216, 217, 218, 219, 220, 221, 222, 223, 224, 225, 226, 227, 228, 229, 230, 231, 232, 233, 234, 235, 236, 237, 238, 239, 240, 241, 242, 243, 244, 245, 246, 247, 248, 249, 250, 251, 252, 253, 254, 255, 
>>> goclkernel[actsproc]:: running ACTS PROCESS (Iteration 2)...
>>> kernel (proc) 0 time elapsed: 38.439 ms, 38439 microsecs, 
>>> kernel (proc) 1 time elapsed: 38.424 ms, 38424 microsecs, 
>>> kernel (proc) 2 time elapsed: 38.461 ms, 38461 microsecs, 
>>> kernel (proc) 3 time elapsed: 38.389 ms, 38389 microsecs, 
>>> kernel (proc) 4 time elapsed: 38.17 ms, 38170 microsecs, 
>>> kernel (proc) 5 time elapsed: 38.174 ms, 38174 microsecs, 
>>> kernel (proc) 6 time elapsed: 38.202 ms, 38202 microsecs, 
>>> kernel (proc) 7 time elapsed: 38.177 ms, 38177 microsecs, 
>>> kernel (proc) 8 time elapsed: 38.221 ms, 38221 microsecs, 
>>> kernel (proc) 9 time elapsed: 38.385 ms, 38385 microsecs, 
>>> kernel (proc) 10 time elapsed: 38.395 ms, 38395 microsecs, 
>>> kernel (proc) 11 time elapsed: 38.467 ms, 38467 microsecs, 
>>> kernel (proc) 12 time elapsed: 38.371 ms, 38371 microsecs, 
>>> kernel (proc) 13 time elapsed: 38.276 ms, 38276 microsecs, 
>>> kernel (proc) 14 time elapsed: 38.243 ms, 38243 microsecs, 
>>> kernel (proc) 15 time elapsed: 38.065 ms, 38065 microsecs, 
>>> kernel (proc) 16 time elapsed: 38.217 ms, 38217 microsecs, 
>>> kernel (proc) 17 time elapsed: 38.328 ms, 38328 microsecs, 
>>> kernel (proc) 18 time elapsed: 38.364 ms, 38364 microsecs, 
>>> kernel (proc) 19 time elapsed: 38.368 ms, 38368 microsecs, 
>>> kernel (proc) 20 time elapsed: 38.335 ms, 38335 microsecs, 
>>> kernel (proc) 21 time elapsed: 38.269 ms, 38269 microsecs, 
>>> kernel (proc) 22 time elapsed: 38.202 ms, 38202 microsecs, 
>>> kernel (proc) 23 time elapsed: 38.123 ms, 38123 microsecs, 
>>> kernel (proc) 24 time elapsed: 38.407 ms, 38407 microsecs, 
>>> kernel (proc) 25 time elapsed: 38.581 ms, 38581 microsecs, 
>>> kernel (proc) 26 time elapsed: 38.521 ms, 38521 microsecs, 
>>> kernel (proc) 27 time elapsed: 38.304 ms, 38304 microsecs, 
>>> kernel (proc) 28 time elapsed: 38.329 ms, 38329 microsecs, 
>>> kernel (proc) 29 time elapsed: 38.442 ms, 38442 microsecs, 
>>> kernel (proc) 30 time elapsed: 38.481 ms, 38481 microsecs, 
>>> kernel (proc) 31 time elapsed: 38.436 ms, 38436 microsecs, 
>>> SUMMARY: kernel (proc) average time elapsed (for LOPs) for Iteration 2: 31.2797(31.2797) ms, 31.2918(0.012129) ms, 38.3267(7.03484) ms, 
--------------- goclkernel[actssync]:: running ACTS SYNCHRONZE (Iteration 2) ---------------

active partitions for iteration 3: 0, 1, 2, 3, 4, 5, 6, 7, 8, 9, 10, 11, 12, 13, 14, 15, 16, 17, 18, 19, 20, 21, 22, 23, 24, 25, 26, 27, 28, 29, 30, 31, 32, 33, 34, 35, 36, 37, 38, 39, 40, 41, 42, 43, 44, 45, 46, 47, 48, 49, 50, 51, 52, 53, 54, 55, 56, 57, 58, 59, 60, 61, 62, 63, 64, 65, 66, 67, 68, 69, 70, 71, 72, 73, 74, 75, 76, 77, 78, 79, 80, 81, 82, 83, 84, 85, 86, 87, 88, 89, 90, 91, 92, 93, 94, 95, 96, 97, 98, 99, 100, 101, 102, 103, 104, 105, 106, 107, 108, 109, 110, 111, 112, 113, 114, 115, 116, 117, 118, 119, 120, 121, 122, 123, 124, 125, 126, 127, 128, 129, 130, 131, 132, 133, 134, 135, 136, 137, 138, 139, 140, 141, 142, 143, 144, 145, 146, 147, 148, 149, 150, 151, 152, 153, 154, 155, 156, 157, 158, 159, 160, 161, 162, 163, 164, 165, 166, 167, 168, 169, 170, 171, 172, 173, 174, 175, 176, 177, 178, 179, 180, 181, 182, 183, 184, 185, 186, 187, 188, 189, 190, 191, 192, 193, 194, 195, 196, 197, 198, 199, 200, 201, 202, 203, 204, 205, 206, 207, 208, 209, 210, 211, 212, 213, 214, 215, 216, 217, 218, 219, 220, 221, 222, 223, 224, 225, 226, 227, 228, 229, 230, 231, 232, 233, 234, 235, 236, 237, 238, 239, 240, 241, 242, 243, 244, 245, 246, 247, 248, 249, 250, 251, 252, 253, 254, 255, 
>>> goclkernel[actsproc]:: running ACTS PROCESS (Iteration 3)...
>>> kernel (proc) 0 time elapsed: 158.747 ms, 158747 microsecs, 
>>> kernel (proc) 1 time elapsed: 159.196 ms, 159196 microsecs, 
>>> kernel (proc) 2 time elapsed: 159.292 ms, 159292 microsecs, 
>>> kernel (proc) 3 time elapsed: 159.314 ms, 159314 microsecs, 
>>> kernel (proc) 4 time elapsed: 159.502 ms, 159502 microsecs, 
>>> kernel (proc) 5 time elapsed: 159.542 ms, 159542 microsecs, 
>>> kernel (proc) 6 time elapsed: 159.259 ms, 159259 microsecs, 
>>> kernel (proc) 7 time elapsed: 159.026 ms, 159026 microsecs, 
>>> kernel (proc) 8 time elapsed: 159.206 ms, 159206 microsecs, 
>>> kernel (proc) 9 time elapsed: 159.213 ms, 159213 microsecs, 
>>> kernel (proc) 10 time elapsed: 159.104 ms, 159104 microsecs, 
>>> kernel (proc) 11 time elapsed: 159.081 ms, 159081 microsecs, 
>>> kernel (proc) 12 time elapsed: 159.257 ms, 159257 microsecs, 
>>> kernel (proc) 13 time elapsed: 158.763 ms, 158763 microsecs, 
>>> kernel (proc) 14 time elapsed: 159.028 ms, 159028 microsecs, 
>>> kernel (proc) 15 time elapsed: 159.027 ms, 159027 microsecs, 
>>> kernel (proc) 16 time elapsed: 158.865 ms, 158865 microsecs, 
>>> kernel (proc) 17 time elapsed: 158.756 ms, 158756 microsecs, 
>>> kernel (proc) 18 time elapsed: 158.854 ms, 158854 microsecs, 
>>> kernel (proc) 19 time elapsed: 159.039 ms, 159039 microsecs, 
>>> kernel (proc) 20 time elapsed: 159.193 ms, 159193 microsecs, 
>>> kernel (proc) 21 time elapsed: 159.038 ms, 159038 microsecs, 
>>> kernel (proc) 22 time elapsed: 159.226 ms, 159226 microsecs, 
>>> kernel (proc) 23 time elapsed: 159.116 ms, 159116 microsecs, 
>>> kernel (proc) 24 time elapsed: 159.178 ms, 159178 microsecs, 
>>> kernel (proc) 25 time elapsed: 159.312 ms, 159312 microsecs, 
>>> kernel (proc) 26 time elapsed: 159.201 ms, 159201 microsecs, 
>>> kernel (proc) 27 time elapsed: 159.275 ms, 159275 microsecs, 
>>> kernel (proc) 28 time elapsed: 159.122 ms, 159122 microsecs, 
>>> kernel (proc) 29 time elapsed: 158.894 ms, 158894 microsecs, 
>>> kernel (proc) 30 time elapsed: 158.857 ms, 158857 microsecs, 
>>> kernel (proc) 31 time elapsed: 158.878 ms, 158878 microsecs, 
>>> SUMMARY: kernel (proc) average time elapsed (for LOPs) for Iteration 3: 114.982(114.982) ms, 114.984(0.00193548) ms, 159.117(44.1322) ms, 
--------------- goclkernel[actssync]:: running ACTS SYNCHRONZE (Iteration 3) ---------------

active partitions for iteration 4: 0, 1, 2, 3, 4, 5, 6, 7, 8, 9, 10, 11, 12, 13, 14, 15, 16, 17, 18, 19, 20, 21, 22, 23, 24, 25, 26, 27, 28, 29, 30, 31, 32, 33, 34, 35, 36, 37, 38, 39, 40, 41, 42, 43, 44, 45, 46, 47, 48, 49, 50, 51, 52, 53, 54, 55, 56, 57, 58, 59, 60, 61, 62, 63, 64, 65, 66, 67, 68, 69, 70, 71, 72, 73, 74, 75, 76, 77, 78, 79, 80, 81, 82, 83, 84, 85, 86, 87, 88, 89, 90, 91, 92, 93, 94, 95, 96, 97, 98, 99, 100, 101, 102, 103, 104, 105, 106, 107, 108, 109, 110, 111, 112, 113, 114, 115, 116, 117, 118, 119, 120, 121, 122, 123, 124, 125, 126, 127, 128, 129, 130, 131, 132, 133, 134, 135, 136, 137, 138, 139, 140, 141, 142, 143, 144, 145, 146, 147, 148, 149, 150, 151, 152, 153, 154, 155, 156, 157, 158, 159, 160, 161, 162, 163, 164, 165, 166, 167, 168, 169, 170, 171, 172, 173, 174, 175, 176, 177, 178, 179, 180, 181, 182, 183, 184, 185, 186, 187, 188, 189, 190, 191, 192, 193, 194, 195, 196, 197, 198, 199, 200, 201, 202, 203, 204, 205, 206, 207, 208, 209, 210, 211, 212, 213, 214, 215, 216, 217, 218, 219, 220, 221, 222, 223, 224, 225, 226, 227, 228, 229, 230, 231, 232, 233, 234, 235, 236, 237, 238, 239, 240, 241, 242, 243, 244, 245, 246, 247, 248, 249, 250, 251, 252, 253, 254, 255, 
>>> goclkernel[actsproc]:: running ACTS PROCESS (Iteration 4)...
>>> kernel (proc) 0 time elapsed: 354.278 ms, 354278 microsecs, 
>>> kernel (proc) 1 time elapsed: 354.304 ms, 354304 microsecs, 
>>> kernel (proc) 2 time elapsed: 354.181 ms, 354181 microsecs, 
>>> kernel (proc) 3 time elapsed: 354.06 ms, 354060 microsecs, 
>>> kernel (proc) 4 time elapsed: 354.128 ms, 354128 microsecs, 
>>> kernel (proc) 5 time elapsed: 354.084 ms, 354084 microsecs, 
>>> kernel (proc) 6 time elapsed: 354.337 ms, 354337 microsecs, 
>>> kernel (proc) 7 time elapsed: 354.338 ms, 354338 microsecs, 
>>> kernel (proc) 8 time elapsed: 354.106 ms, 354106 microsecs, 
>>> kernel (proc) 9 time elapsed: 354.189 ms, 354189 microsecs, 
>>> kernel (proc) 10 time elapsed: 354.188 ms, 354188 microsecs, 
>>> kernel (proc) 11 time elapsed: 353.948 ms, 353948 microsecs, 
>>> kernel (proc) 12 time elapsed: 353.847 ms, 353847 microsecs, 
>>> kernel (proc) 13 time elapsed: 354.178 ms, 354178 microsecs, 
>>> kernel (proc) 14 time elapsed: 354.145 ms, 354145 microsecs, 
>>> kernel (proc) 15 time elapsed: 354.385 ms, 354385 microsecs, 
>>> kernel (proc) 16 time elapsed: 354.248 ms, 354248 microsecs, 
>>> kernel (proc) 17 time elapsed: 354.242 ms, 354242 microsecs, 
>>> kernel (proc) 18 time elapsed: 354.199 ms, 354199 microsecs, 
>>> kernel (proc) 19 time elapsed: 354.373 ms, 354373 microsecs, 
>>> kernel (proc) 20 time elapsed: 354.319 ms, 354319 microsecs, 
>>> kernel (proc) 21 time elapsed: 354.163 ms, 354163 microsecs, 
>>> kernel (proc) 22 time elapsed: 354.138 ms, 354138 microsecs, 
>>> kernel (proc) 23 time elapsed: 354.232 ms, 354232 microsecs, 
>>> kernel (proc) 24 time elapsed: 354.108 ms, 354108 microsecs, 
>>> kernel (proc) 25 time elapsed: 354.13 ms, 354130 microsecs, 
>>> kernel (proc) 26 time elapsed: 354.215 ms, 354215 microsecs, 
>>> kernel (proc) 27 time elapsed: 354.245 ms, 354245 microsecs, 
>>> kernel (proc) 28 time elapsed: 354.325 ms, 354325 microsecs, 
>>> kernel (proc) 29 time elapsed: 354.361 ms, 354361 microsecs, 
>>> kernel (proc) 30 time elapsed: 354.315 ms, 354315 microsecs, 
>>> kernel (proc) 31 time elapsed: 354.398 ms, 354398 microsecs, 
>>> SUMMARY: kernel (proc) average time elapsed (for LOPs) for Iteration 4: 208.718(208.718) ms, 208.728(0.00980645) ms, 354.207(145.48) ms, 
--------------- goclkernel[actssync]:: running ACTS SYNCHRONZE (Iteration 4) ---------------

active partitions for iteration 5: 0, 1, 2, 3, 4, 5, 6, 7, 8, 9, 10, 11, 12, 13, 14, 15, 16, 17, 18, 19, 20, 21, 22, 23, 24, 25, 26, 27, 28, 29, 30, 31, 32, 33, 34, 35, 36, 37, 38, 39, 40, 41, 42, 43, 44, 45, 46, 47, 48, 49, 50, 51, 52, 53, 54, 55, 56, 57, 58, 59, 60, 61, 62, 63, 64, 65, 66, 67, 68, 69, 70, 71, 72, 73, 74, 75, 76, 77, 78, 79, 80, 81, 82, 83, 84, 85, 86, 87, 88, 89, 90, 91, 92, 93, 94, 95, 96, 97, 98, 99, 100, 101, 102, 103, 104, 105, 106, 107, 108, 109, 110, 111, 112, 113, 114, 115, 116, 117, 118, 119, 120, 121, 122, 123, 124, 125, 126, 127, 128, 129, 130, 131, 132, 133, 134, 135, 136, 137, 138, 139, 140, 141, 142, 143, 144, 145, 146, 147, 148, 149, 150, 151, 152, 153, 154, 155, 156, 157, 158, 159, 160, 161, 162, 163, 164, 165, 166, 167, 168, 169, 170, 171, 172, 173, 174, 175, 176, 177, 178, 179, 180, 181, 182, 183, 184, 185, 186, 187, 188, 189, 190, 191, 192, 193, 194, 195, 196, 197, 198, 199, 200, 201, 202, 203, 204, 205, 206, 207, 208, 209, 210, 211, 212, 213, 214, 215, 216, 217, 218, 219, 220, 221, 222, 223, 224, 225, 226, 227, 228, 229, 230, 231, 232, 233, 234, 235, 236, 237, 238, 239, 240, 241, 242, 243, 244, 245, 246, 247, 248, 249, 250, 251, 252, 253, 254, 255, 
>>> goclkernel[actsproc]:: running ACTS PROCESS (Iteration 5)...
>>> kernel (proc) 0 time elapsed: 42.028 ms, 42028 microsecs, 
>>> kernel (proc) 1 time elapsed: 42.222 ms, 42222 microsecs, 
>>> kernel (proc) 2 time elapsed: 42.386 ms, 42386 microsecs, 
>>> kernel (proc) 3 time elapsed: 42.513 ms, 42513 microsecs, 
>>> kernel (proc) 4 time elapsed: 42.431 ms, 42431 microsecs, 
>>> kernel (proc) 5 time elapsed: 42.605 ms, 42605 microsecs, 
>>> kernel (proc) 6 time elapsed: 42.638 ms, 42638 microsecs, 
>>> kernel (proc) 7 time elapsed: 42.382 ms, 42382 microsecs, 
>>> kernel (proc) 8 time elapsed: 42.339 ms, 42339 microsecs, 
>>> kernel (proc) 9 time elapsed: 42.355 ms, 42355 microsecs, 
>>> kernel (proc) 10 time elapsed: 42.641 ms, 42641 microsecs, 
>>> kernel (proc) 11 time elapsed: 42.945 ms, 42945 microsecs, 
>>> kernel (proc) 12 time elapsed: 42.995 ms, 42995 microsecs, 
>>> kernel (proc) 13 time elapsed: 42.98 ms, 42980 microsecs, 
>>> kernel (proc) 14 time elapsed: 42.878 ms, 42878 microsecs, 
>>> kernel (proc) 15 time elapsed: 42.726 ms, 42726 microsecs, 
>>> kernel (proc) 16 time elapsed: 42.573 ms, 42573 microsecs, 
>>> kernel (proc) 17 time elapsed: 42.399 ms, 42399 microsecs, 
>>> kernel (proc) 18 time elapsed: 42.371 ms, 42371 microsecs, 
>>> kernel (proc) 19 time elapsed: 42.301 ms, 42301 microsecs, 
>>> kernel (proc) 20 time elapsed: 42.379 ms, 42379 microsecs, 
>>> kernel (proc) 21 time elapsed: 42.363 ms, 42363 microsecs, 
>>> kernel (proc) 22 time elapsed: 42.349 ms, 42349 microsecs, 
>>> kernel (proc) 23 time elapsed: 42.196 ms, 42196 microsecs, 
>>> kernel (proc) 24 time elapsed: 42.319 ms, 42319 microsecs, 
>>> kernel (proc) 25 time elapsed: 42.337 ms, 42337 microsecs, 
>>> kernel (proc) 26 time elapsed: 42.223 ms, 42223 microsecs, 
>>> kernel (proc) 27 time elapsed: 42.338 ms, 42338 microsecs, 
>>> kernel (proc) 28 time elapsed: 42.161 ms, 42161 microsecs, 
>>> kernel (proc) 29 time elapsed: 42.28 ms, 42280 microsecs, 
>>> kernel (proc) 30 time elapsed: 42.205 ms, 42205 microsecs, 
>>> kernel (proc) 31 time elapsed: 42.002 ms, 42002 microsecs, 
>>> SUMMARY: kernel (proc) average time elapsed (for LOPs) for Iteration 5: 34.0201(34.0201) ms, 34.0072(-0.0128387) ms, 42.4462(8.43897) ms, 
--------------- goclkernel[actssync]:: running ACTS SYNCHRONZE (Iteration 5) ---------------

active partitions for iteration 6: 0, 
>>> goclkernel[actsproc]:: running ACTS PROCESS (Iteration 6)...
>>> kernel (proc) 0 time elapsed: 0.671 ms, 671 microsecs, 
>>> kernel (proc) 1 time elapsed: 0.594 ms, 594 microsecs, 
>>> kernel (proc) 2 time elapsed: 0.66 ms, 660 microsecs, 
>>> kernel (proc) 3 time elapsed: 0.566 ms, 566 microsecs, 
>>> kernel (proc) 4 time elapsed: 0.692 ms, 692 microsecs, 
>>> kernel (proc) 5 time elapsed: 0.671 ms, 671 microsecs, 
>>> kernel (proc) 6 time elapsed: 0.548 ms, 548 microsecs, 
>>> kernel (proc) 7 time elapsed: 0.593 ms, 593 microsecs, 
>>> kernel (proc) 8 time elapsed: 0.669 ms, 669 microsecs, 
>>> kernel (proc) 9 time elapsed: 0.615 ms, 615 microsecs, 
>>> kernel (proc) 10 time elapsed: 0.612 ms, 612 microsecs, 
>>> kernel (proc) 11 time elapsed: 0.58 ms, 580 microsecs, 
>>> kernel (proc) 12 time elapsed: 0.598 ms, 598 microsecs, 
>>> kernel (proc) 13 time elapsed: 0.618 ms, 618 microsecs, 
>>> kernel (proc) 14 time elapsed: 0.593 ms, 593 microsecs, 
>>> kernel (proc) 15 time elapsed: 0.668 ms, 668 microsecs, 
>>> kernel (proc) 16 time elapsed: 0.649 ms, 649 microsecs, 
>>> kernel (proc) 17 time elapsed: 0.645 ms, 645 microsecs, 
>>> kernel (proc) 18 time elapsed: 0.672 ms, 672 microsecs, 
>>> kernel (proc) 19 time elapsed: 0.651 ms, 651 microsecs, 
>>> kernel (proc) 20 time elapsed: 0.619 ms, 619 microsecs, 
>>> kernel (proc) 21 time elapsed: 0.616 ms, 616 microsecs, 
>>> kernel (proc) 22 time elapsed: 0.609 ms, 609 microsecs, 
>>> kernel (proc) 23 time elapsed: 0.704 ms, 704 microsecs, 
>>> kernel (proc) 24 time elapsed: 0.663 ms, 663 microsecs, 
>>> kernel (proc) 25 time elapsed: 0.653 ms, 653 microsecs, 
>>> kernel (proc) 26 time elapsed: 0.7 ms, 700 microsecs, 
>>> kernel (proc) 27 time elapsed: 0.605 ms, 605 microsecs, 
>>> kernel (proc) 28 time elapsed: 0.709 ms, 709 microsecs, 
>>> kernel (proc) 29 time elapsed: 0.68 ms, 680 microsecs, 
>>> kernel (proc) 30 time elapsed: 0.709 ms, 709 microsecs, 
>>> kernel (proc) 31 time elapsed: 0.641 ms, 641 microsecs, 
>>> SUMMARY: kernel (proc) average time elapsed (for LOPs) for Iteration 6: 0.549194(0.549194) ms, 0.536452(-0.0127419) ms, 0.638774(0.102323) ms, 
--------------- goclkernel[actssync]:: running ACTS SYNCHRONZE (Iteration 6) ---------------

active partitions for iteration 7: 
goclkernel::runapp2: no more active vertices to process. exiting... 
[1m[37m>>> SUMMARY: Total kernel time: 609.399 ms[0m

[1m[37m>>> app::run_hw: THROUGHPUT SUMMARY DETAILS: [0m
0.211716, -15.3675, 0.142687, [Iter 0 throughput: 0.085715][Iter 0 edges processed: 116]
0.640446, 390.645, 1.86167, [Iter 1 throughput: 0.475936][Iter 1 edges processed: 6893]
13.18, 33990.1, 54.9262, [Iter 2 throughput: 10.6261][Iter 2 edges processed: 412267]
204.591, 1.21543e+07, 526.684, [Iter 3 throughput: 147.35][Iter 3 edges processed: 2.35244e+07]
1087.06, 2.31366e+07, 1553.89, [Iter 4 throughput: 639.588][Iter 4 edges processed: 2.26888e+08]
24.3011, -64393.1, 92.1144, [Iter 5 throughput: 19.2341][Iter 5 edges processed: 826724]

>>> app::run_hw: total_edges_processed: 251658185 edges (251 million edges)
>>> app::run_hw: total_time_elapsed: 609.399 ms (0.609399 s)
[1m[37m>>> app::run_hw: throughput: 4.12961e+08 edges/sec (412.961 million edges/sec)[0m

utility::runsssp_sw:: running traditional sssp... 
utility::runsssp_sw: number of active vertices for iteration 0: 0
utility::runsssp_sw: number of active vertices for iteration 1: 115
utility::runsssp_sw: number of active vertices for iteration 2: 6773
utility::runsssp_sw: number of active vertices for iteration 3: 385933
utility::runsssp_sw: number of active vertices for iteration 4: 3786281
utility::runsssp_sw: number of active vertices for iteration 5: 15200
utility::runsssp_sw: number of active vertices for iteration 6: 0
no more activer vertices to process. breaking out... 
>>> utility::runsssp_sw: total_edges_processed: 251658185 edges (251 million edges)
>>> utility::runsssp_sw: total_time_elapsed: 10960 ms (10.96 s)
[1m[37m>>> utility::runsssp_sw: throughput: 2.29615e+07 edges/sec (22.9615 million edges/sec)[0m

app::verifyresults_hw: verifying vertex data... 
utility::printvalues::app::verifyresults_hw.vdatas: verifying results after kernel run:: printing first 16 values
values[0]: 117
values[1]: 6773
values[2]: 385933
values[3]: 3786141
values[4]: 15338
values[5]: 0
values[6]: 0
values[7]: 0
values[8]: 0
values[9]: 0
values[10]: 0
values[11]: 0
values[12]: 0
values[13]: 0
values[14]: 0
values[15]: 0
printvalues:: total values: totalvalues: 4194302
graph::closetemporaryfilesforwriting : close temporary files for writing...
graph::closetemporaryfilesforreading : close files for reading...
graph::closefilesforreading : close files for reading...
=== STATS::TIMING AND SUMMARY RESULTS FOR ITERATION: 666 === 
>>> stats::summary Total number of kvReads in bank [0]: 299656960
>>> stats::summary Total number of kvReads for all threads: 299656960
>>> stats::summary Total time spent (SSD access): 0 milliseconds
>>> stats::summary Total time spent (SSD access): 0 seconds
>>> stats::summary Total time spent (OCL data transfers): 0 milliseconds
>>> stats::summary Total time spent (OCL data transfers): 0 seconds
>>> stats::summary Total time spent (Kernel Pre Process execution): 0 milliseconds
>>> stats::summary Total time spent (Kernel Pre Process execution): 0 seconds
>>> stats::summary Total time spent (Kernel execution): 0 milliseconds
>>> stats::summary Total time spent (Kernel execution): 0 seconds
>>> stats::summary Total time spent (Kernel Post Process execution): 0 milliseconds
>>> stats::summary Total time spent (Kernel Post Process execution): 0 seconds
>>> stats::summary Total time spent (Overall Kernel execution): 0 milliseconds
>>> stats::summary Total time spent (Overall Kernel execution): 0 seconds
>>> stats::summary Total time spent (Overall processing): 0 milliseconds
>>> stats::summary Total time spent (Overall processing): 0 seconds
>>> stats::summary Total time spent (Overall processing excluding SSD & OCL data transfers): 0 milliseconds
>>> stats::summary Total time spent (Overall processing excluding SSD & OCL data transfers): 0 seconds
>>> stats::summary Throughput (Kernel processing): inf keyvalues per second
>>> stats::summary Throughput (Kernel processing): inf million keyvalues per second
>>> stats::summary Throughput (Kernel processing): inf MB/s
>>> stats::summary Throughput (Overall processing): inf keyvalues per second
>>> stats::summary Throughput (Overall processing): inf million keyvalues per second
>>> stats::summary Throughput (Overall processing): inf MB/s
>>> stats::summary Throughput (Overall processing excluding SSD & OCL data transfers): inf keyvalues per second
>>> stats::summary Throughput (Overall processing excluding SSD & OCL data transfers): inf million keyvalues per second

graph::printdataset: printing dataset parameters...
>>> graphtopname: RMAT22_SPARSE0
>>> graphname: RMAT22_SPARSE0_dup
>>> graph_path: /localtmp/oj2zf/dataset/RMAT22_SPARSE0/RMAT22_SPARSE0.mtx
>>> vertices_path: /localtmp/oj2zf/dataset/RMAT22_SPARSE0/RMAT22_SPARSE0.vertices
>>> edges_path: /localtmp/oj2zf/dataset/RMAT22_SPARSE0/RMAT22_SPARSE0.edges
>>> vertices_path_bin: /localtmp/oj2zf/dataset/RMAT22_SPARSE0/RMAT22_SPARSE0.vertices
>>> edges_path_bin: /localtmp/oj2zf/dataset/RMAT22_SPARSE0/RMAT22_SPARSE0.edges
>>> min_vertex: 0
>>> max_vertex: 4194304
>>> num_vertices: 4194304
>>> num_edges: 251658240
>>> graphdirectiontype: 6
>>> graphorder: 6
>>> graphgroup: 2
TEST FINISHED
[1m[37m>>> HOSTPROCESS:: TIMING SUMMARY: TOTAL TIME ELAPSED: : Time Elapsed = 1562654660511[nanao seconds](Iteration 666)[0m
[1m[37m>>> HOSTPROCESS:: TIMING SUMMARY: TOTAL TIME ELAPSED: : Time Elapsed = 1562654660[micro seconds](Iteration 666)[0m
[1m[37m>>> HOSTPROCESS:: TIMING SUMMARY: TOTAL TIME ELAPSED: : Time Elapsed = 1562654[milli seconds](Iteration 666)[0m
[1m[37m>>> HOSTPROCESS:: TIMING SUMMARY: TOTAL TIME ELAPSED: : Time Elapsed = 1562[seconds](Iteration 666)[0m

