Hostprocess:: Graph Analytics Started...
utility:: USEHBMMEMORY DEFINED
utility:: NUMDRAMBANKS: 4
utility:: NUMWORKERS: 1
utility:: NUMSUBWORKERS: 1
utility:: NUM_PARTITIONS: 16
utility:: NUMSUBCPUTHREADS: 32
utility:: DATAWIDTH: 512
utility:: VECTOR_SIZE: 8
utility:: KVDATA_RANGE: 4194304
utility:: KVDATA_RANGE_POW: 22
utility:: BATCH_RANGE: 4194304
utility:: BATCH_RANGE_POW: 22
utility:: TREE_DEPTH: 3
utility:: KVDATA_RANGE_POW: 22
utility:: KVDATA_RANGE: 4194304
utility:: MESSAGES_SIZE: 1024
utility:: LOCKE DEFINED
utility:: sizeof(keyvalue_t): 8 bytes (64 bits)
utility:: sizeof(vertex_t): 4 bytes (32 bits)
utility:: sizeof(edge_t): 4 bytes (32 bits)
utility:: MESSAGESDRAMSZ: 1024
utility:: VERTEXPTRSSZ: 2162688
utility:: VERTEXPTRSSZ_KVS: 270336
utility:: VERTICESDATASZ: 2097152
utility:: VERTICESDATASZ_KVS: 262144
>> host[baseoffsets]:: BASEOFFSET_MESSAGESDATA: 0
>> host[baseoffsets]:: BASEOFFSET_MESSAGESDATA_KVS: 0
>> host[baseoffsets]:: KVSOURCEDRAMSZ: 33554432
>> host[baseoffsets]:: KVSOURCEDRAMSZ_KVS: 4194304
>> host[baseoffsets]:: PADDEDKVSOURCEDRAMSZ: 33554432
>> host[baseoffsets]:: PADDEDKVSOURCEDRAMSZ_KVS: 4194304
>> host[baseoffsets]:: VDRAMSZ: 33554432
>> host[baseoffsets]:: PADDEDVDRAMSZ: 33554432
>> host[baseoffsets]:: PADDEDVDRAMSZ_KVS: 4194304
>> host[sizes]:: MESSAGESDRAMSZ (keyvalues): 1024 keyvalues
>> host[sizes]:: VERTEXPTRSSZ (keyvalues): 2162688 keyvalues
>> host[sizes]:: VERTICESDATASZ (keyvalues): 2097152 keyvalues
>> host[sizes]:: ACTIVEVERTICESSZ (keyvalues): 0 keyvalues
>> host[sizes]:: VERTICESDATAMASKSZ (keyvalues): 131072 keyvalues
>> host[sizes]:: KVSTATSDRAMSZ (keyvalues): 65536 keyvalues
>> host[sizes]:: PADDEDVDRAMSZ (keyvalues): 33554432 keyvalues
>> host[sizes]:: PADDEDKVSOURCEDRAMSZ (keyvalues): 33554432 keyvalues
>> host[bytes]:: MESSAGESDRAMSZ (bytes): 8192 bytes
>> host[bytes]:: KVSTATSDRAMSZ (bytes): 524288 bytes
>> host[bytes]:: VERTEXPTRSSZ (bytes): 17301504 bytes
>> host[bytes]:: VERTICESDATASZ (bytes): 16777216 bytes
>> host[bytes]:: ACTIVEVERTICESSZ (bytes): 0 bytes
>> host[bytes]:: VERTICESDATAMASKSZ (bytes): 1048576 bytes
>> host[bytes]:: PADDEDVDRAMSZ (bytes): 268435456 bytes
>> host[bytes]:: PADDEDKVSOURCEDRAMSZ (bytes): 268435456 bytes
utility:: KVSTATSDRAMSZ: 65536
utility:: NUMLASTLEVELPARTITIONS: 4096
utility:: REDUCESZ_POW: 10
utility:: REDUCESZ: 1024
utility:: REDUCEBUFFERSZ: 512
utility:: VMASKBUFFERSZ_KVS: 32
utility:: NUMLASTLEVELPARTITIONS: 4096
utility:: ENABLE_KERNEL_PROFILING DEFINED: 
graph::graph constructor:: datasetid: 32, _numedgebanks: 1
graph::loadalldatasets:: 
graph::loadalldatasets finished. 
graph::printdataset: printing dataset parameters...
>>> graphtopname: RMAT22_SPARSE2
>>> graphname: RMAT22_SPARSE2_dup
>>> graph_path: /localtmp/oj2zf/dataset/RMAT22_SPARSE2/RMAT22_SPARSE2.mtx
>>> vertices_path: /localtmp/oj2zf/dataset/RMAT22_SPARSE2/RMAT22_SPARSE2.vertices
>>> edges_path: /localtmp/oj2zf/dataset/RMAT22_SPARSE2/RMAT22_SPARSE2.edges
>>> vertices_path_bin: /localtmp/oj2zf/dataset/RMAT22_SPARSE2/RMAT22_SPARSE2.vertices
>>> edges_path_bin: /localtmp/oj2zf/dataset/RMAT22_SPARSE2/RMAT22_SPARSE2.edges
>>> min_vertex: 0
>>> max_vertex: 4194304
>>> num_vertices: 4194304
>>> num_edges: 251658240
>>> graphdirectiontype: 6
>>> graphorder: 6
>>> graphgroup: 2
app::run_hw:: app algorithm started. 
graph::opentemporaryfilesforwriting : opening temporary files for writing...
Directory already exists.INFO: Successfully opened /localtmp/oj2zf/dataset/RMAT22_SPARSE2/RMAT22_SPARSE2_1by1/RMAT22_SPARSE2_dup.vdata
INFO: Successfully opened /localtmp/oj2zf/dataset/RMAT22_SPARSE2/RMAT22_SPARSE2_1by1/RMAT22_SPARSE2_dup.vproperties
graph::opentemporaryfilesforreading : opening temporary files for reading
INFO: Successfully opened /localtmp/oj2zf/dataset/RMAT22_SPARSE2/RMAT22_SPARSE2_1by1/RMAT22_SPARSE2_dup.vdata
INFO: Successfully opened /localtmp/oj2zf/dataset/RMAT22_SPARSE2/RMAT22_SPARSE2_1by1/RMAT22_SPARSE2_dup.vproperties
generating vertices data... 
graph::openfilesforreading : opening files for reading
INFO: Successfully opened /localtmp/oj2zf/dataset/RMAT22_SPARSE2/RMAT22_SPARSE2_1by1/RMAT22_SPARSE2_dup_0_0.vertexptrs
INFO: Successfully opened /localtmp/oj2zf/dataset/RMAT22_SPARSE2/RMAT22_SPARSE2_1by1/RMAT22_SPARSE2_dup_0_0.vertexptrs
INFO: Successfully opened /localtmp/oj2zf/dataset/RMAT22_SPARSE2/RMAT22_SPARSE2_1by1/RMAT22_SPARSE2_dup_0_0.edges
INFO: Successfully opened /localtmp/oj2zf/dataset/RMAT22_SPARSE2/RMAT22_SPARSE2_1by1/RMAT22_SPARSE2_dup_0_0.edges
loadedges_rowblockwise:: loading Acts... sizes: [[9363600, 9363600, 9363600, 9363600, 9363600, 9363600, 9363584, 9363584, 9363584, 9363584, 9363584, 9363584, 9363584, 9363584, 9363584, 9363584, 9363584, 9363584, 9363584, 9363584, 9363584, 9363584, 9363584, 9363584, 9363584, 9363584, 9363584, 9363584, 9363584, 9363584, 9363584, 9363584]]
loadedges_rowblockwise:: total sizes: 299634784
maxvptr: 9363600
app::loadvertexdata:: loading vertex datas... 
app::setrootvid:: setting root vid(s)... 
app::loadactvvertices:: loading active vertices... 
app::generatevmaskdata:: generating vmask... 
app::loadoffsetmarkers:: loading offset markers... 
app::loadmessages:: loading messages... 
[globalparams.BASEOFFSET_MESSAGESDATA: 0]
[globalparams.BASEOFFSETKVS_MESSAGESDATA: 0]
[globalparams.BASEOFFSET_EDGESDATA: 8192]
[globalparams.BASEOFFSETKVS_EDGESDATA: 1024]
[globalparams.BASEOFFSET_VERTEXPTR: 4755528]
[globalparams.BASEOFFSETKVS_VERTEXPTR: 594441]
[globalparams.BASEOFFSET_VERTICESDATA: 6918216]
[globalparams.BASEOFFSETKVS_VERTICESDATA: 864777]
[globalparams.BASEOFFSET_ACTIVEVERTICES: 9015368]
[globalparams.BASEOFFSETKVS_ACTIVEVERTICES: 1126921]
[globalparams.BASEOFFSET_VERTICESDATAMASK: 9015368]
[globalparams.BASEOFFSETKVS_VERTICESDATAMASK: 1126921]
[globalparams.BASEOFFSET_VERTICESPARTITIONMASK : 9146440]
[globalparams.BASEOFFSETKVS_VERTICESPARTITIONMASK: 1143305]
[globalparams.BASEOFFSET_STATSDRAM: 9150536]
[globalparams.BASEOFFSETKVS_STATSDRAM: 1143817]
[globalparams.BASEOFFSET_KVDRAM: 9674824]
[globalparams.BASEOFFSETKVS_KVDRAM: 1209353]
[globalparams.BASEOFFSET_KVDRAMWORKSPACE: 19039416]
[globalparams.BASEOFFSETKVS_KVDRAMWORKSPACE: 2379927]
[globalparams.SIZE_MESSAGESDRAM: 0]
[globalparams.SIZE_EDGES: 9364600]
[globalparams.SIZE_VERTEXPTRS: 4194304]
[globalparams.SIZE_VERTICESDATA: 4194304]
[globalparams.SIZE_ACTIVEVERTICES: 0]
[globalparams.SIZE_VERTICESDATAMASK: 131072]
[globalparams.SIZE_KVSTATSDRAM: 65536]
[globalparams.SIZE_KVDRAM: 9364597]
[globalparams.SIZE_KVDRAMWORKSPACE: 9364597]
[1m[37m>> host[sizes]:: PADDEDKVSOURCEDRAMSZ (keyvalues): 33554432 keyvalues[0m
[1m[37m>> host[bytes]:: PADDEDKVSOURCEDRAMSZ (bytes): 268435456 bytes[0m
[1m[37m>> host[sizes]:: valid workload space(not including temp space) (keyvalues): 9674824 keyvalues[0m
[1m[37m>> host[bytes]:: valid workload space(not including temp space) (keyvalues): 77398592 bytes. [0m
[1m[37m>> host[sizes]:: valid PADDEDKVSOURCEDRAMSZ (keyvalues): 28404013 keyvalues[0m
[1m[37m>> host[bytes]:: valid PADDEDKVSOURCEDRAMSZ (bytes): 227232104 bytes. (HBM max=268435456 bytes)[0m
loadmessages:: loading Acts... sizes: [[9363600, 9363600, 9363600, 9363600, 9363600, 9363600, 9363584, 9363584, 9363584, 9363584, 9363584, 9363584, 9363584, 9363584, 9363584, 9363584, 9363584, 9363584, 9363584, 9363584, 9363584, 9363584, 9363584, 9363584, 9363584, 9363584, 9363584, 9363584, 9363584, 9363584, 9363584, 9363584]]
loadmessages:: total sizes: 299634784
app::appendkeyvaluecount:: appending value count... 
app::experiements: resetting kvdram & kvdram workspaces...

utility::runsssp_sw:: running traditional sssp... 
utility::runsssp_sw: number of active vertices for iteration 0: 0
utility::runsssp_sw: number of active vertices for iteration 1: 5239
utility::runsssp_sw: number of active vertices for iteration 2: 850212
utility::runsssp_sw: number of active vertices for iteration 3: 3280729
utility::runsssp_sw: number of active vertices for iteration 4: 55734
utility::runsssp_sw: number of active vertices for iteration 5: 48
utility::runsssp_sw: number of active vertices for iteration 6: 0
no more activer vertices to process. breaking out... 
>>> utility::runsssp_sw: total_edges_processed: 251658241 edges (251 million edges)
>>> utility::runsssp_sw: total_time_elapsed: 8612 ms (8.612 s)
[1m[37m>>> utility::runsssp_sw: throughput: 2.92218e+07 edges/sec (29.2218 million edges/sec)[0m

[1m[37m>>> app::run_hw: app started. (1 active vertices)[0m
Found Platform
Platform Name: Xilinx
Found Device=xilinx_u280_xdma_201910_1
INFO: Reading /home/oj2zf/Documents/ActsOfAGraph/synkernels/goldenkernelproc32HW300MHz.xclbin
Loading: '/home/oj2zf/Documents/ActsOfAGraph/synkernels/goldenkernelproc32HW300MHz.xclbin'
INFO: Reading /home/oj2zf/Documents/ActsOfAGraph/synkernels/goldenkernelsync32HW300MHz.xclbin
Loading: '/home/oj2zf/Documents/ActsOfAGraph/synkernels/goldenkernelsync32HW300MHz.xclbin'
>>> goclkernel[actssync]:: running ACTS PROCESS (Iteration 0)...
>>> kernel (proc) 0 time elapsed: 1.093 ms, 1093 microsecs, 
>>> kernel (proc) 1 time elapsed: 1.132 ms, 1132 microsecs, 
>>> kernel (proc) 2 time elapsed: 1.11 ms, 1110 microsecs, 
>>> kernel (proc) 3 time elapsed: 1.243 ms, 1243 microsecs, 
>>> kernel (proc) 4 time elapsed: 1.013 ms, 1013 microsecs, 
>>> kernel (proc) 5 time elapsed: 1.095 ms, 1095 microsecs, 
>>> kernel (proc) 6 time elapsed: 1.135 ms, 1135 microsecs, 
>>> kernel (proc) 7 time elapsed: 1.098 ms, 1098 microsecs, 
>>> kernel (proc) 8 time elapsed: 1.157 ms, 1157 microsecs, 
>>> kernel (proc) 9 time elapsed: 1.301 ms, 1301 microsecs, 
>>> kernel (proc) 10 time elapsed: 1.133 ms, 1133 microsecs, 
>>> kernel (proc) 11 time elapsed: 1.284 ms, 1284 microsecs, 
>>> kernel (proc) 12 time elapsed: 1.2 ms, 1200 microsecs, 
>>> kernel (proc) 13 time elapsed: 1.196 ms, 1196 microsecs, 
>>> kernel (proc) 14 time elapsed: 1.287 ms, 1287 microsecs, 
>>> kernel (proc) 15 time elapsed: 1.203 ms, 1203 microsecs, 
>>> kernel (proc) 16 time elapsed: 1.254 ms, 1254 microsecs, 
>>> kernel (proc) 17 time elapsed: 1.18 ms, 1180 microsecs, 
>>> kernel (proc) 18 time elapsed: 1.187 ms, 1187 microsecs, 
>>> kernel (proc) 19 time elapsed: 1.176 ms, 1176 microsecs, 
>>> kernel (proc) 20 time elapsed: 1.168 ms, 1168 microsecs, 
>>> kernel (proc) 21 time elapsed: 1.155 ms, 1155 microsecs, 
>>> kernel (proc) 22 time elapsed: 1.152 ms, 1152 microsecs, 
>>> kernel (proc) 23 time elapsed: 1.167 ms, 1167 microsecs, 
>>> kernel (proc) 24 time elapsed: 0.94 ms, 940 microsecs, 
>>> kernel (proc) 25 time elapsed: 1.161 ms, 1161 microsecs, 
>>> kernel (proc) 26 time elapsed: 1.218 ms, 1218 microsecs, 
>>> kernel (proc) 27 time elapsed: 1.178 ms, 1178 microsecs, 
>>> kernel (proc) 28 time elapsed: 1.208 ms, 1208 microsecs, 
>>> kernel (proc) 29 time elapsed: 1.263 ms, 1263 microsecs, 
>>> kernel (proc) 30 time elapsed: 1.261 ms, 1261 microsecs, 
>>> kernel (proc) 31 time elapsed: 1.152 ms, 1152 microsecs, 
>>> SUMMARY: kernel (proc) average time elapsed for Iteration 0: 0.602581(0.602581) ms, 0.654903(0.0523226) ms, 1.17442(0.519516) ms, 
>>> goclkernel[actssync]:: running ACTS SYNCHRONZE (Iteration 0)
>>> kernel (sync) time elapsed: 12.392 ms, 12392 microsecs, 
>>> kernel (sync) time elapsed: 5.835 ms, 5835 microsecs, 
>>> kernel (sync) time elapsed: 5.745 ms, 5745 microsecs, 
>>> kernel (sync) time elapsed: 5.861 ms, 5861 microsecs, 
>>> kernel (sync) time elapsed: 6.102 ms, 6102 microsecs, 
>>> kernel (sync) time elapsed: 5.981 ms, 5981 microsecs, 

active partitions for iteration 1: 0, 1, 2, 3, 4, 5, 6, 7, 8, 9, 10, 11, 12, 13, 14, 15, 16, 17, 18, 19, 20, 21, 22, 23, 24, 25, 26, 27, 28, 29, 30, 31, 32, 33, 34, 35, 36, 37, 38, 39, 40, 41, 42, 43, 44, 45, 46, 47, 48, 49, 50, 51, 52, 53, 54, 55, 56, 57, 58, 59, 60, 61, 62, 63, 64, 65, 66, 67, 68, 69, 70, 71, 72, 73, 74, 75, 76, 77, 78, 79, 80, 81, 82, 83, 84, 85, 86, 87, 88, 89, 90, 91, 92, 93, 94, 95, 96, 97, 98, 99, 100, 101, 102, 103, 104, 105, 106, 107, 108, 109, 110, 112, 113, 114, 115, 116, 117, 118, 120, 121, 122, 123, 124, 125, 126, 127, 128, 129, 130, 131, 132, 133, 134, 135, 136, 137, 138, 139, 140, 141, 142, 143, 144, 145, 146, 147, 148, 149, 150, 151, 152, 153, 154, 155, 156, 157, 158, 159, 160, 161, 162, 163, 164, 165, 166, 167, 168, 169, 170, 171, 172, 173, 174, 175, 176, 177, 178, 179, 180, 181, 182, 183, 184, 185, 186, 187, 188, 189, 190, 191, 192, 193, 194, 195, 196, 197, 198, 199, 200, 201, 202, 204, 205, 206, 207, 208, 209, 210, 211, 212, 213, 214, 215, 216, 217, 218, 219, 220, 221, 222, 223, 224, 225, 226, 227, 228, 229, 230, 231, 232, 233, 234, 235, 236, 237, 238, 239, 240, 241, 242, 243, 244, 245, 246, 247, 248, 249, 250, 251, 252, 253, 254, 
>>> goclkernel[actssync]:: running ACTS PROCESS (Iteration 1)...
>>> kernel (proc) 0 time elapsed: 14.449 ms, 14449 microsecs, 
>>> kernel (proc) 1 time elapsed: 14.403 ms, 14403 microsecs, 
>>> kernel (proc) 2 time elapsed: 14.424 ms, 14424 microsecs, 
>>> kernel (proc) 3 time elapsed: 14.436 ms, 14436 microsecs, 
>>> kernel (proc) 4 time elapsed: 14.419 ms, 14419 microsecs, 
>>> kernel (proc) 5 time elapsed: 14.406 ms, 14406 microsecs, 
>>> kernel (proc) 6 time elapsed: 14.371 ms, 14371 microsecs, 
>>> kernel (proc) 7 time elapsed: 14.414 ms, 14414 microsecs, 
>>> kernel (proc) 8 time elapsed: 14.402 ms, 14402 microsecs, 
>>> kernel (proc) 9 time elapsed: 14.348 ms, 14348 microsecs, 
>>> kernel (proc) 10 time elapsed: 14.405 ms, 14405 microsecs, 
>>> kernel (proc) 11 time elapsed: 14.373 ms, 14373 microsecs, 
>>> kernel (proc) 12 time elapsed: 14.382 ms, 14382 microsecs, 
>>> kernel (proc) 13 time elapsed: 14.376 ms, 14376 microsecs, 
>>> kernel (proc) 14 time elapsed: 14.379 ms, 14379 microsecs, 
>>> kernel (proc) 15 time elapsed: 14.391 ms, 14391 microsecs, 
>>> kernel (proc) 16 time elapsed: 14.36 ms, 14360 microsecs, 
>>> kernel (proc) 17 time elapsed: 14.374 ms, 14374 microsecs, 
>>> kernel (proc) 18 time elapsed: 14.381 ms, 14381 microsecs, 
>>> kernel (proc) 19 time elapsed: 14.329 ms, 14329 microsecs, 
>>> kernel (proc) 20 time elapsed: 14.396 ms, 14396 microsecs, 
>>> kernel (proc) 21 time elapsed: 14.378 ms, 14378 microsecs, 
>>> kernel (proc) 22 time elapsed: 14.386 ms, 14386 microsecs, 
>>> kernel (proc) 23 time elapsed: 14.356 ms, 14356 microsecs, 
>>> kernel (proc) 24 time elapsed: 14.344 ms, 14344 microsecs, 
>>> kernel (proc) 25 time elapsed: 14.383 ms, 14383 microsecs, 
>>> kernel (proc) 26 time elapsed: 14.407 ms, 14407 microsecs, 
>>> kernel (proc) 27 time elapsed: 14.418 ms, 14418 microsecs, 
>>> kernel (proc) 28 time elapsed: 14.454 ms, 14454 microsecs, 
>>> kernel (proc) 29 time elapsed: 14.469 ms, 14469 microsecs, 
>>> kernel (proc) 30 time elapsed: 14.446 ms, 14446 microsecs, 
>>> kernel (proc) 31 time elapsed: 14.451 ms, 14451 microsecs, 
>>> SUMMARY: kernel (proc) average time elapsed for Iteration 1: 10.1271(10.1271) ms, 10.6128(0.485677) ms, 14.3955(3.78274) ms, 
>>> goclkernel[actssync]:: running ACTS SYNCHRONZE (Iteration 1)
>>> kernel (sync) time elapsed: 12.739 ms, 12739 microsecs, 
>>> kernel (sync) time elapsed: 5.834 ms, 5834 microsecs, 
>>> kernel (sync) time elapsed: 5.947 ms, 5947 microsecs, 
>>> kernel (sync) time elapsed: 5.871 ms, 5871 microsecs, 
>>> kernel (sync) time elapsed: 6.035 ms, 6035 microsecs, 
>>> kernel (sync) time elapsed: 6.119 ms, 6119 microsecs, 

active partitions for iteration 2: 0, 1, 2, 3, 4, 5, 6, 7, 8, 9, 10, 11, 12, 13, 14, 15, 16, 17, 18, 19, 20, 21, 22, 23, 24, 25, 26, 27, 28, 29, 30, 31, 32, 33, 34, 35, 36, 37, 38, 39, 40, 41, 42, 43, 44, 45, 46, 47, 48, 49, 50, 51, 52, 53, 54, 55, 56, 57, 58, 59, 60, 61, 62, 63, 64, 65, 66, 67, 68, 69, 70, 71, 72, 73, 74, 75, 76, 77, 78, 79, 80, 81, 82, 83, 84, 85, 86, 87, 88, 89, 90, 91, 92, 93, 94, 95, 96, 97, 98, 99, 100, 101, 102, 103, 104, 105, 106, 107, 108, 109, 110, 111, 112, 113, 114, 115, 116, 117, 118, 119, 120, 121, 122, 123, 124, 125, 126, 127, 128, 129, 130, 131, 132, 133, 134, 135, 136, 137, 138, 139, 140, 141, 142, 143, 144, 145, 146, 147, 148, 149, 150, 151, 152, 153, 154, 155, 156, 157, 158, 159, 160, 161, 162, 163, 164, 165, 166, 167, 168, 169, 170, 171, 172, 173, 174, 175, 176, 177, 178, 179, 180, 181, 182, 183, 184, 185, 186, 187, 188, 189, 190, 191, 192, 193, 194, 195, 196, 197, 198, 199, 200, 201, 202, 203, 204, 205, 206, 207, 208, 209, 210, 211, 212, 213, 214, 215, 216, 217, 218, 219, 220, 221, 222, 223, 224, 225, 226, 227, 228, 229, 230, 231, 232, 233, 234, 235, 236, 237, 238, 239, 240, 241, 242, 243, 244, 245, 246, 247, 248, 249, 250, 251, 252, 253, 254, 255, 
>>> goclkernel[actssync]:: running ACTS PROCESS (Iteration 2)...
>>> kernel (proc) 0 time elapsed: 46.28 ms, 46280 microsecs, 
>>> kernel (proc) 1 time elapsed: 46.291 ms, 46291 microsecs, 
>>> kernel (proc) 2 time elapsed: 46.347 ms, 46347 microsecs, 
>>> kernel (proc) 3 time elapsed: 46.276 ms, 46276 microsecs, 
>>> kernel (proc) 4 time elapsed: 46.307 ms, 46307 microsecs, 
>>> kernel (proc) 5 time elapsed: 46.39 ms, 46390 microsecs, 
>>> kernel (proc) 6 time elapsed: 46.367 ms, 46367 microsecs, 
>>> kernel (proc) 7 time elapsed: 46.344 ms, 46344 microsecs, 
>>> kernel (proc) 8 time elapsed: 46.262 ms, 46262 microsecs, 
>>> kernel (proc) 9 time elapsed: 46.24 ms, 46240 microsecs, 
>>> kernel (proc) 10 time elapsed: 46.228 ms, 46228 microsecs, 
>>> kernel (proc) 11 time elapsed: 46.204 ms, 46204 microsecs, 
>>> kernel (proc) 12 time elapsed: 46.225 ms, 46225 microsecs, 
>>> kernel (proc) 13 time elapsed: 46.217 ms, 46217 microsecs, 
>>> kernel (proc) 14 time elapsed: 46.221 ms, 46221 microsecs, 
>>> kernel (proc) 15 time elapsed: 46.241 ms, 46241 microsecs, 
>>> kernel (proc) 16 time elapsed: 46.257 ms, 46257 microsecs, 
>>> kernel (proc) 17 time elapsed: 46.271 ms, 46271 microsecs, 
>>> kernel (proc) 18 time elapsed: 46.301 ms, 46301 microsecs, 
>>> kernel (proc) 19 time elapsed: 46.225 ms, 46225 microsecs, 
>>> kernel (proc) 20 time elapsed: 46.294 ms, 46294 microsecs, 
>>> kernel (proc) 21 time elapsed: 46.292 ms, 46292 microsecs, 
>>> kernel (proc) 22 time elapsed: 46.34 ms, 46340 microsecs, 
>>> kernel (proc) 23 time elapsed: 46.347 ms, 46347 microsecs, 
>>> kernel (proc) 24 time elapsed: 46.336 ms, 46336 microsecs, 
>>> kernel (proc) 25 time elapsed: 46.31 ms, 46310 microsecs, 
>>> kernel (proc) 26 time elapsed: 46.332 ms, 46332 microsecs, 
>>> kernel (proc) 27 time elapsed: 46.392 ms, 46392 microsecs, 
>>> kernel (proc) 28 time elapsed: 46.354 ms, 46354 microsecs, 
>>> kernel (proc) 29 time elapsed: 46.381 ms, 46381 microsecs, 
>>> kernel (proc) 30 time elapsed: 46.434 ms, 46434 microsecs, 
>>> kernel (proc) 31 time elapsed: 46.45 ms, 46450 microsecs, 
>>> SUMMARY: kernel (proc) average time elapsed for Iteration 2: 18.3998(18.3998) ms, 27.2286(8.82884) ms, 46.3057(19.077) ms, 
>>> goclkernel[actssync]:: running ACTS SYNCHRONZE (Iteration 2)
>>> kernel (sync) time elapsed: 12.636 ms, 12636 microsecs, 
>>> kernel (sync) time elapsed: 5.913 ms, 5913 microsecs, 
>>> kernel (sync) time elapsed: 5.91 ms, 5910 microsecs, 
>>> kernel (sync) time elapsed: 5.911 ms, 5911 microsecs, 
>>> kernel (sync) time elapsed: 6.169 ms, 6169 microsecs, 
>>> kernel (sync) time elapsed: 6.057 ms, 6057 microsecs, 

active partitions for iteration 3: 0, 1, 2, 3, 4, 5, 6, 7, 8, 9, 10, 11, 12, 13, 14, 15, 16, 17, 18, 19, 20, 21, 22, 23, 24, 25, 26, 27, 28, 29, 30, 31, 32, 33, 34, 35, 36, 37, 38, 39, 40, 41, 42, 43, 44, 45, 46, 47, 48, 49, 50, 51, 52, 53, 54, 55, 56, 57, 58, 59, 60, 61, 62, 63, 64, 65, 66, 67, 68, 69, 70, 71, 72, 73, 74, 75, 76, 77, 78, 79, 80, 81, 82, 83, 84, 85, 86, 87, 88, 89, 90, 91, 92, 93, 94, 95, 96, 97, 98, 99, 100, 101, 102, 103, 104, 105, 106, 107, 108, 109, 110, 111, 112, 113, 114, 115, 116, 117, 118, 119, 120, 121, 122, 123, 124, 125, 126, 127, 128, 129, 130, 131, 132, 133, 134, 135, 136, 137, 138, 139, 140, 141, 142, 143, 144, 145, 146, 147, 148, 149, 150, 151, 152, 153, 154, 155, 156, 157, 158, 159, 160, 161, 162, 163, 164, 165, 166, 167, 168, 169, 170, 171, 172, 173, 174, 175, 176, 177, 178, 179, 180, 181, 182, 183, 184, 185, 186, 187, 188, 189, 190, 191, 192, 193, 194, 195, 196, 197, 198, 199, 200, 201, 202, 203, 204, 205, 206, 207, 208, 209, 210, 211, 212, 213, 214, 215, 216, 217, 218, 219, 220, 221, 222, 223, 224, 225, 226, 227, 228, 229, 230, 231, 232, 233, 234, 235, 236, 237, 238, 239, 240, 241, 242, 243, 244, 245, 246, 247, 248, 249, 250, 251, 252, 253, 254, 255, 
>>> goclkernel[actssync]:: running ACTS PROCESS (Iteration 3)...
>>> kernel (proc) 0 time elapsed: 55.735 ms, 55735 microsecs, 
>>> kernel (proc) 1 time elapsed: 55.776 ms, 55776 microsecs, 
>>> kernel (proc) 2 time elapsed: 55.719 ms, 55719 microsecs, 
>>> kernel (proc) 3 time elapsed: 55.731 ms, 55731 microsecs, 
>>> kernel (proc) 4 time elapsed: 55.769 ms, 55769 microsecs, 
>>> kernel (proc) 5 time elapsed: 55.73 ms, 55730 microsecs, 
>>> kernel (proc) 6 time elapsed: 55.737 ms, 55737 microsecs, 
>>> kernel (proc) 7 time elapsed: 55.85 ms, 55850 microsecs, 
>>> kernel (proc) 8 time elapsed: 55.846 ms, 55846 microsecs, 
>>> kernel (proc) 9 time elapsed: 55.958 ms, 55958 microsecs, 
>>> kernel (proc) 10 time elapsed: 55.952 ms, 55952 microsecs, 
>>> kernel (proc) 11 time elapsed: 55.96 ms, 55960 microsecs, 
>>> kernel (proc) 12 time elapsed: 55.981 ms, 55981 microsecs, 
>>> kernel (proc) 13 time elapsed: 55.981 ms, 55981 microsecs, 
>>> kernel (proc) 14 time elapsed: 55.947 ms, 55947 microsecs, 
>>> kernel (proc) 15 time elapsed: 55.945 ms, 55945 microsecs, 
>>> kernel (proc) 16 time elapsed: 55.987 ms, 55987 microsecs, 
>>> kernel (proc) 17 time elapsed: 55.898 ms, 55898 microsecs, 
>>> kernel (proc) 18 time elapsed: 55.916 ms, 55916 microsecs, 
>>> kernel (proc) 19 time elapsed: 55.933 ms, 55933 microsecs, 
>>> kernel (proc) 20 time elapsed: 55.866 ms, 55866 microsecs, 
>>> kernel (proc) 21 time elapsed: 55.871 ms, 55871 microsecs, 
>>> kernel (proc) 22 time elapsed: 55.864 ms, 55864 microsecs, 
>>> kernel (proc) 23 time elapsed: 55.786 ms, 55786 microsecs, 
>>> kernel (proc) 24 time elapsed: 55.8 ms, 55800 microsecs, 
>>> kernel (proc) 25 time elapsed: 55.893 ms, 55893 microsecs, 
>>> kernel (proc) 26 time elapsed: 55.799 ms, 55799 microsecs, 
>>> kernel (proc) 27 time elapsed: 55.841 ms, 55841 microsecs, 
>>> kernel (proc) 28 time elapsed: 55.87 ms, 55870 microsecs, 
>>> kernel (proc) 29 time elapsed: 55.861 ms, 55861 microsecs, 
>>> kernel (proc) 30 time elapsed: 55.71 ms, 55710 microsecs, 
>>> kernel (proc) 31 time elapsed: 55.737 ms, 55737 microsecs, 
>>> SUMMARY: kernel (proc) average time elapsed for Iteration 3: 20.4385(20.4385) ms, 32.4022(11.9637) ms, 55.8553(23.4531) ms, 
>>> goclkernel[actssync]:: running ACTS SYNCHRONZE (Iteration 3)
>>> kernel (sync) time elapsed: 12.554 ms, 12554 microsecs, 
>>> kernel (sync) time elapsed: 5.884 ms, 5884 microsecs, 
>>> kernel (sync) time elapsed: 5.986 ms, 5986 microsecs, 
>>> kernel (sync) time elapsed: 5.868 ms, 5868 microsecs, 
>>> kernel (sync) time elapsed: 6.055 ms, 6055 microsecs, 
>>> kernel (sync) time elapsed: 5.971 ms, 5971 microsecs, 

active partitions for iteration 4: 2, 3, 4, 5, 6, 7, 8, 9, 10, 11, 12, 13, 14, 15, 16, 17, 18, 19, 20, 21, 22, 23, 24, 25, 26, 27, 28, 29, 30, 31, 32, 33, 34, 35, 36, 37, 38, 39, 40, 41, 42, 43, 44, 45, 46, 47, 48, 49, 50, 51, 52, 53, 54, 55, 56, 57, 58, 59, 60, 61, 62, 63, 64, 65, 66, 67, 68, 69, 70, 71, 72, 73, 74, 75, 76, 77, 78, 79, 80, 81, 82, 83, 84, 85, 86, 87, 88, 89, 90, 91, 92, 93, 94, 95, 96, 97, 98, 99, 100, 101, 102, 103, 104, 105, 106, 107, 108, 109, 110, 111, 112, 113, 114, 115, 116, 117, 118, 119, 120, 121, 122, 123, 124, 125, 126, 127, 128, 129, 130, 131, 132, 133, 134, 135, 136, 137, 138, 139, 140, 141, 142, 143, 144, 145, 146, 147, 148, 149, 150, 151, 152, 153, 154, 155, 156, 157, 158, 159, 160, 161, 162, 163, 164, 165, 166, 167, 168, 169, 170, 171, 172, 173, 174, 175, 176, 177, 178, 179, 180, 181, 182, 183, 184, 185, 186, 187, 188, 189, 190, 191, 192, 193, 194, 195, 196, 197, 198, 199, 200, 201, 202, 203, 204, 205, 206, 207, 208, 209, 210, 211, 212, 213, 214, 215, 216, 217, 218, 219, 220, 221, 222, 223, 224, 225, 226, 227, 228, 229, 230, 231, 232, 233, 234, 235, 236, 237, 238, 239, 240, 241, 242, 243, 244, 245, 246, 247, 248, 249, 250, 251, 252, 253, 254, 255, 
>>> goclkernel[actssync]:: running ACTS PROCESS (Iteration 4)...
>>> kernel (proc) 0 time elapsed: 13.701 ms, 13701 microsecs, 
>>> kernel (proc) 1 time elapsed: 13.717 ms, 13717 microsecs, 
>>> kernel (proc) 2 time elapsed: 13.724 ms, 13724 microsecs, 
>>> kernel (proc) 3 time elapsed: 13.751 ms, 13751 microsecs, 
>>> kernel (proc) 4 time elapsed: 13.719 ms, 13719 microsecs, 
>>> kernel (proc) 5 time elapsed: 13.747 ms, 13747 microsecs, 
>>> kernel (proc) 6 time elapsed: 13.734 ms, 13734 microsecs, 
>>> kernel (proc) 7 time elapsed: 13.757 ms, 13757 microsecs, 
>>> kernel (proc) 8 time elapsed: 13.743 ms, 13743 microsecs, 
>>> kernel (proc) 9 time elapsed: 13.71 ms, 13710 microsecs, 
>>> kernel (proc) 10 time elapsed: 13.726 ms, 13726 microsecs, 
>>> kernel (proc) 11 time elapsed: 13.724 ms, 13724 microsecs, 
>>> kernel (proc) 12 time elapsed: 13.732 ms, 13732 microsecs, 
>>> kernel (proc) 13 time elapsed: 13.756 ms, 13756 microsecs, 
>>> kernel (proc) 14 time elapsed: 13.784 ms, 13784 microsecs, 
>>> kernel (proc) 15 time elapsed: 13.712 ms, 13712 microsecs, 
>>> kernel (proc) 16 time elapsed: 13.753 ms, 13753 microsecs, 
>>> kernel (proc) 17 time elapsed: 13.772 ms, 13772 microsecs, 
>>> kernel (proc) 18 time elapsed: 13.735 ms, 13735 microsecs, 
>>> kernel (proc) 19 time elapsed: 13.757 ms, 13757 microsecs, 
>>> kernel (proc) 20 time elapsed: 13.736 ms, 13736 microsecs, 
>>> kernel (proc) 21 time elapsed: 13.759 ms, 13759 microsecs, 
>>> kernel (proc) 22 time elapsed: 13.754 ms, 13754 microsecs, 
>>> kernel (proc) 23 time elapsed: 13.764 ms, 13764 microsecs, 
>>> kernel (proc) 24 time elapsed: 13.766 ms, 13766 microsecs, 
>>> kernel (proc) 25 time elapsed: 13.749 ms, 13749 microsecs, 
>>> kernel (proc) 26 time elapsed: 13.778 ms, 13778 microsecs, 
>>> kernel (proc) 27 time elapsed: 13.703 ms, 13703 microsecs, 
>>> kernel (proc) 28 time elapsed: 13.758 ms, 13758 microsecs, 
>>> kernel (proc) 29 time elapsed: 13.687 ms, 13687 microsecs, 
>>> kernel (proc) 30 time elapsed: 13.755 ms, 13755 microsecs, 
>>> kernel (proc) 31 time elapsed: 13.732 ms, 13732 microsecs, 
>>> SUMMARY: kernel (proc) average time elapsed for Iteration 4: 9.97777(9.97777) ms, 10.1792(0.201452) ms, 13.7417(3.56252) ms, 
>>> goclkernel[actssync]:: running ACTS SYNCHRONZE (Iteration 4)
>>> kernel (sync) time elapsed: 12.812 ms, 12812 microsecs, 
>>> kernel (sync) time elapsed: 5.927 ms, 5927 microsecs, 
>>> kernel (sync) time elapsed: 6 ms, 6000 microsecs, 
>>> kernel (sync) time elapsed: 5.904 ms, 5904 microsecs, 
>>> kernel (sync) time elapsed: 6.045 ms, 6045 microsecs, 
>>> kernel (sync) time elapsed: 6.064 ms, 6064 microsecs, 

active partitions for iteration 5: 31, 39, 40, 63, 64, 73, 74, 95, 96, 109, 110, 111, 112, 121, 122, 127, 128, 171, 172, 186, 187, 188, 189, 190, 191, 192, 215, 220, 223, 224, 238, 239, 241, 242, 243, 244, 245, 246, 247, 248, 249, 250, 251, 252, 255, 
>>> goclkernel[actssync]:: running ACTS PROCESS (Iteration 5)...
>>> kernel (proc) 0 time elapsed: 2.013 ms, 2013 microsecs, 
>>> kernel (proc) 1 time elapsed: 2.052 ms, 2052 microsecs, 
>>> kernel (proc) 2 time elapsed: 1.991 ms, 1991 microsecs, 
>>> kernel (proc) 3 time elapsed: 2.028 ms, 2028 microsecs, 
>>> kernel (proc) 4 time elapsed: 1.993 ms, 1993 microsecs, 
>>> kernel (proc) 5 time elapsed: 2.065 ms, 2065 microsecs, 
>>> kernel (proc) 6 time elapsed: 2.025 ms, 2025 microsecs, 
>>> kernel (proc) 7 time elapsed: 2.017 ms, 2017 microsecs, 
>>> kernel (proc) 8 time elapsed: 2.134 ms, 2134 microsecs, 
>>> kernel (proc) 9 time elapsed: 2.004 ms, 2004 microsecs, 
>>> kernel (proc) 10 time elapsed: 2.015 ms, 2015 microsecs, 
>>> kernel (proc) 11 time elapsed: 2.029 ms, 2029 microsecs, 
>>> kernel (proc) 12 time elapsed: 2.037 ms, 2037 microsecs, 
>>> kernel (proc) 13 time elapsed: 2.057 ms, 2057 microsecs, 
>>> kernel (proc) 14 time elapsed: 2.049 ms, 2049 microsecs, 
>>> kernel (proc) 15 time elapsed: 2.024 ms, 2024 microsecs, 
>>> kernel (proc) 16 time elapsed: 2.068 ms, 2068 microsecs, 
>>> kernel (proc) 17 time elapsed: 1.976 ms, 1976 microsecs, 
>>> kernel (proc) 18 time elapsed: 2.039 ms, 2039 microsecs, 
>>> kernel (proc) 19 time elapsed: 2.075 ms, 2075 microsecs, 
>>> kernel (proc) 20 time elapsed: 2.027 ms, 2027 microsecs, 
>>> kernel (proc) 21 time elapsed: 2.03 ms, 2030 microsecs, 
>>> kernel (proc) 22 time elapsed: 2.044 ms, 2044 microsecs, 
>>> kernel (proc) 23 time elapsed: 2.036 ms, 2036 microsecs, 
>>> kernel (proc) 24 time elapsed: 2.016 ms, 2016 microsecs, 
>>> kernel (proc) 25 time elapsed: 2.053 ms, 2053 microsecs, 
>>> kernel (proc) 26 time elapsed: 2.054 ms, 2054 microsecs, 
>>> kernel (proc) 27 time elapsed: 1.943 ms, 1943 microsecs, 
>>> kernel (proc) 28 time elapsed: 2 ms, 2000 microsecs, 
>>> kernel (proc) 29 time elapsed: 2.105 ms, 2105 microsecs, 
>>> kernel (proc) 30 time elapsed: 2.048 ms, 2048 microsecs, 
>>> kernel (proc) 31 time elapsed: 2.047 ms, 2047 microsecs, 
>>> SUMMARY: kernel (proc) average time elapsed for Iteration 5: 1.93129(1.93129) ms, 1.93481(0.00351613) ms, 2.03487(0.100065) ms, 
>>> goclkernel[actssync]:: running ACTS SYNCHRONZE (Iteration 5)
>>> kernel (sync) time elapsed: 8.555 ms, 8555 microsecs, 
>>> kernel (sync) time elapsed: 1.522 ms, 1522 microsecs, 
>>> kernel (sync) time elapsed: 1.749 ms, 1749 microsecs, 
>>> kernel (sync) time elapsed: 1.639 ms, 1639 microsecs, 
>>> kernel (sync) time elapsed: 1.72 ms, 1720 microsecs, 
>>> kernel (sync) time elapsed: 1.744 ms, 1744 microsecs, 

active partitions for iteration 6: 
goclkernel::runapp2: no more active vertices to process. exiting... 
[1m[37m>>> SUMMARY: Total kernel time: 149.476 ms[0m

[1m[37m>>> app::run_hw: THROUGHPUT SUMMARY DETAILS: [0m
8.7341, 100.588, 1.49942, [Iter 0 throughput: 1.26365][Iter 0 edges processed: 5263]
120.191, 2506.16, 177.892, [Iter 1 throughput: 69.7326][Iter 1 edges processed: 1.21718e+06]
5636.25, 11746.3, 4691.4, [Iter 2 throughput: 2102.11][Iter 2 edges processed: 1.03706e+08]
7165.96, 12242.1, 5539.67, [Iter 3 throughput: 2489.11][Iter 3 edges processed: 1.46461e+08]
26.9156, 1333.11, 40.7244, [Iter 4 throughput: 16.0106][Iter 4 edges processed: 268558]
0.0248539, 13.6514, 0.0493794, [Iter 5 throughput: 0.0165126][Iter 5 edges processed: 48]

>>> app::run_hw: total_edges_processed: 251658241 edges (251 million edges)
>>> app::run_hw: total_time_elapsed: 149.476 ms (0.149476 s)
[1m[37m>>> app::run_hw: throughput: 1.68361e+09 edges/sec (1683.61 million edges/sec)[0m

utility::runsssp_sw:: running traditional sssp... 
utility::runsssp_sw: number of active vertices for iteration 0: 0
utility::runsssp_sw: number of active vertices for iteration 1: 5239
utility::runsssp_sw: number of active vertices for iteration 2: 850212
utility::runsssp_sw: number of active vertices for iteration 3: 3280729
utility::runsssp_sw: number of active vertices for iteration 4: 55734
utility::runsssp_sw: number of active vertices for iteration 5: 48
utility::runsssp_sw: number of active vertices for iteration 6: 0
no more activer vertices to process. breaking out... 
>>> utility::runsssp_sw: total_edges_processed: 251658241 edges (251 million edges)
>>> utility::runsssp_sw: total_time_elapsed: 11722 ms (11.722 s)
[1m[37m>>> utility::runsssp_sw: throughput: 2.14689e+07 edges/sec (21.4689 million edges/sec)[0m

app::verifyresults_hw: verifying vertex data... 
utility::printvalues::app::verifyresults_hw.vdatas: verifying results after kernel run:: printing first 16 values
values[0]: 5240
values[1]: 850212
values[2]: 3280728
values[3]: 55733
values[4]: 48
values[5]: 0
values[6]: 0
values[7]: 0
values[8]: 0
values[9]: 0
values[10]: 0
values[11]: 0
values[12]: 0
values[13]: 0
values[14]: 0
values[15]: 0
printvalues:: total values: totalvalues: 4191961
graph::closetemporaryfilesforwriting : close temporary files for writing...
graph::closetemporaryfilesforreading : close files for reading...
graph::closefilesforreading : close files for reading...
=== STATS::TIMING AND SUMMARY RESULTS FOR ITERATION: 666 === 
>>> stats::summary Total number of kvReads in bank [0]: 299634784
>>> stats::summary Total number of kvReads for all threads: 299634784
>>> stats::summary Total time spent (SSD access): 0 milliseconds
>>> stats::summary Total time spent (SSD access): 0 seconds
>>> stats::summary Total time spent (OCL data transfers): 0 milliseconds
>>> stats::summary Total time spent (OCL data transfers): 0 seconds
>>> stats::summary Total time spent (Kernel Pre Process execution): 0 milliseconds
>>> stats::summary Total time spent (Kernel Pre Process execution): 0 seconds
>>> stats::summary Total time spent (Kernel execution): 0 milliseconds
>>> stats::summary Total time spent (Kernel execution): 0 seconds
>>> stats::summary Total time spent (Kernel Post Process execution): 0 milliseconds
>>> stats::summary Total time spent (Kernel Post Process execution): 0 seconds
>>> stats::summary Total time spent (Overall Kernel execution): 0 milliseconds
>>> stats::summary Total time spent (Overall Kernel execution): 0 seconds
>>> stats::summary Total time spent (Overall processing): 0 milliseconds
>>> stats::summary Total time spent (Overall processing): 0 seconds
>>> stats::summary Total time spent (Overall processing excluding SSD & OCL data transfers): 0 milliseconds
>>> stats::summary Total time spent (Overall processing excluding SSD & OCL data transfers): 0 seconds
>>> stats::summary Throughput (Kernel processing): inf keyvalues per second
>>> stats::summary Throughput (Kernel processing): inf million keyvalues per second
>>> stats::summary Throughput (Kernel processing): inf MB/s
>>> stats::summary Throughput (Overall processing): inf keyvalues per second
>>> stats::summary Throughput (Overall processing): inf million keyvalues per second
>>> stats::summary Throughput (Overall processing): inf MB/s
>>> stats::summary Throughput (Overall processing excluding SSD & OCL data transfers): inf keyvalues per second
>>> stats::summary Throughput (Overall processing excluding SSD & OCL data transfers): inf million keyvalues per second

graph::printdataset: printing dataset parameters...
>>> graphtopname: RMAT22_SPARSE2
>>> graphname: RMAT22_SPARSE2_dup
>>> graph_path: /localtmp/oj2zf/dataset/RMAT22_SPARSE2/RMAT22_SPARSE2.mtx
>>> vertices_path: /localtmp/oj2zf/dataset/RMAT22_SPARSE2/RMAT22_SPARSE2.vertices
>>> edges_path: /localtmp/oj2zf/dataset/RMAT22_SPARSE2/RMAT22_SPARSE2.edges
>>> vertices_path_bin: /localtmp/oj2zf/dataset/RMAT22_SPARSE2/RMAT22_SPARSE2.vertices
>>> edges_path_bin: /localtmp/oj2zf/dataset/RMAT22_SPARSE2/RMAT22_SPARSE2.edges
>>> min_vertex: 0
>>> max_vertex: 4194304
>>> num_vertices: 4194304
>>> num_edges: 251658240
>>> graphdirectiontype: 6
>>> graphorder: 6
>>> graphgroup: 2
TEST FINISHED
[1m[37m>>> HOSTPROCESS:: TIMING SUMMARY: TOTAL TIME ELAPSED: : Time Elapsed = 285039782087[nanao seconds](Iteration 666)[0m
[1m[37m>>> HOSTPROCESS:: TIMING SUMMARY: TOTAL TIME ELAPSED: : Time Elapsed = 285039782[micro seconds](Iteration 666)[0m
[1m[37m>>> HOSTPROCESS:: TIMING SUMMARY: TOTAL TIME ELAPSED: : Time Elapsed = 285039[milli seconds](Iteration 666)[0m
[1m[37m>>> HOSTPROCESS:: TIMING SUMMARY: TOTAL TIME ELAPSED: : Time Elapsed = 285[seconds](Iteration 666)[0m

