Hostprocess:: Graph Analytics Started...
utility:: USEHBMMEMORY DEFINED
utility:: NUMDRAMBANKS: 4
utility:: NUMWORKERS: 1
utility:: NUMSUBWORKERS: 1
utility:: NUM_PARTITIONS: 256
utility:: NUMSUBCPUTHREADS: 32
utility:: DATAWIDTH: 512
utility:: VECTOR_SIZE: 8
utility:: KVDATA_RANGE: 4194304
utility:: KVDATA_RANGE_POW: 22
utility:: BATCH_RANGE: 4194304
utility:: BATCH_RANGE_POW: 22
utility:: SRAMSZ_POW: 14
utility:: TREE_DEPTH: 1
utility:: KVDATA_RANGE_POW: 22
utility:: KVDATA_RANGE: 4194304
utility:: MESSAGES_SIZE: 1024
utility:: LOCKE DEFINED
utility:: sizeof(keyvalue_t): 8 bytes (64 bits)
utility:: sizeof(vertex_t): 4 bytes (32 bits)
utility:: sizeof(edge_t): 4 bytes (32 bits)
utility:: MESSAGESDRAMSZ: 1024
utility:: VERTEXPTRSSZ: 2162688
utility:: VERTEXPTRSSZ_KVS: 270336
utility:: VERTICESDATASZ: 2097152
utility:: VERTICESDATASZ_KVS: 262144
>> host[baseoffsets]:: BASEOFFSET_MESSAGESDATA: 0
>> host[baseoffsets]:: BASEOFFSET_MESSAGESDATA_KVS: 0
>> host[baseoffsets]:: KVSOURCEDRAMSZ: 33554432
>> host[baseoffsets]:: KVSOURCEDRAMSZ_KVS: 4194304
>> host[baseoffsets]:: PADDEDKVSOURCEDRAMSZ: 33554432
>> host[baseoffsets]:: PADDEDKVSOURCEDRAMSZ_KVS: 4194304
>> host[baseoffsets]:: VDRAMSZ: 33554432
>> host[baseoffsets]:: PADDEDVDRAMSZ: 33554432
>> host[baseoffsets]:: PADDEDVDRAMSZ_KVS: 4194304
>> host[sizes]:: MESSAGESDRAMSZ (keyvalues): 1024 keyvalues
>> host[sizes]:: VERTEXPTRSSZ (keyvalues): 2162688 keyvalues
>> host[sizes]:: VERTICESDATASZ (keyvalues): 2097152 keyvalues
>> host[sizes]:: ACTIVEVERTICESSZ (keyvalues): 0 keyvalues
>> host[sizes]:: VERTICESDATAMASKSZ (keyvalues): 131072 keyvalues
>> host[sizes]:: KVSTATSDRAMSZ (keyvalues): 4096 keyvalues
>> host[sizes]:: PADDEDVDRAMSZ (keyvalues): 33554432 keyvalues
>> host[sizes]:: PADDEDKVSOURCEDRAMSZ (keyvalues): 33554432 keyvalues
>> host[bytes]:: MESSAGESDRAMSZ (bytes): 8192 bytes
>> host[bytes]:: KVSTATSDRAMSZ (bytes): 32768 bytes
>> host[bytes]:: VERTEXPTRSSZ (bytes): 17301504 bytes
>> host[bytes]:: VERTICESDATASZ (bytes): 16777216 bytes
>> host[bytes]:: ACTIVEVERTICESSZ (bytes): 0 bytes
>> host[bytes]:: VERTICESDATAMASKSZ (bytes): 1048576 bytes
>> host[bytes]:: PADDEDVDRAMSZ (bytes): 268435456 bytes
>> host[bytes]:: PADDEDKVSOURCEDRAMSZ (bytes): 268435456 bytes
utility:: KVSTATSDRAMSZ: 4096
utility:: NUMLASTLEVELPARTITIONS: 256
utility:: REDUCESZ_POW: 10
utility:: REDUCESZ: 1024
utility:: REDUCEBUFFERSZ: 512
utility:: VMASKBUFFERSZ_KVS: 32
utility:: NUMLASTLEVELPARTITIONS: 256
utility:: FETFACTOR: 2
utility:: SRCBUFFER_SIZE: 1008
utility:: WORKBUFFER_SIZE: 752
utility:: SOURCEBLOCKRAM_SIZE: 1024
utility:: DESTBLOCKRAM_SIZE: 1024
utility:: ENABLE_KERNEL_PROFILING DEFINED: 
graph::graph constructor:: datasetid: 32, _numedgebanks: 1
graph::loadalldatasets:: 
graph::loadalldatasets finished. 
graph::printdataset: printing dataset parameters...
>>> graphtopname: RMAT22_SPARSE2
>>> graphname: RMAT22_SPARSE2_dup
>>> graph_path: /localtmp/oj2zf/dataset/RMAT22_SPARSE2/RMAT22_SPARSE2.mtx
>>> vertices_path: /localtmp/oj2zf/dataset/RMAT22_SPARSE2/RMAT22_SPARSE2.vertices
>>> edges_path: /localtmp/oj2zf/dataset/RMAT22_SPARSE2/RMAT22_SPARSE2.edges
>>> vertices_path_bin: /localtmp/oj2zf/dataset/RMAT22_SPARSE2/RMAT22_SPARSE2.vertices
>>> edges_path_bin: /localtmp/oj2zf/dataset/RMAT22_SPARSE2/RMAT22_SPARSE2.edges
>>> min_vertex: 0
>>> max_vertex: 4194304
>>> num_vertices: 4194304
>>> num_edges: 251658240
>>> graphdirectiontype: 6
>>> graphorder: 6
>>> graphgroup: 2
app::run_hw:: app algorithm started. 
graph::opentemporaryfilesforwriting : opening temporary files for writing...
Directory already exists.INFO: Successfully opened /localtmp/oj2zf/dataset/RMAT22_SPARSE2/RMAT22_SPARSE2_1by1/RMAT22_SPARSE2_dup.vdata
INFO: Successfully opened /localtmp/oj2zf/dataset/RMAT22_SPARSE2/RMAT22_SPARSE2_1by1/RMAT22_SPARSE2_dup.vproperties
graph::opentemporaryfilesforreading : opening temporary files for reading
INFO: Successfully opened /localtmp/oj2zf/dataset/RMAT22_SPARSE2/RMAT22_SPARSE2_1by1/RMAT22_SPARSE2_dup.vdata
INFO: Successfully opened /localtmp/oj2zf/dataset/RMAT22_SPARSE2/RMAT22_SPARSE2_1by1/RMAT22_SPARSE2_dup.vproperties
generating vertices data... 
graph::openfilesforreading : opening files for reading
INFO: Successfully opened /localtmp/oj2zf/dataset/RMAT22_SPARSE2/RMAT22_SPARSE2_1by1/RMAT22_SPARSE2_dup_0_0.vertexptrs
INFO: Successfully opened /localtmp/oj2zf/dataset/RMAT22_SPARSE2/RMAT22_SPARSE2_1by1/RMAT22_SPARSE2_dup_0_0.vertexptrs
INFO: Successfully opened /localtmp/oj2zf/dataset/RMAT22_SPARSE2/RMAT22_SPARSE2_1by1/RMAT22_SPARSE2_dup_0_0.edges
INFO: Successfully opened /localtmp/oj2zf/dataset/RMAT22_SPARSE2/RMAT22_SPARSE2_1by1/RMAT22_SPARSE2_dup_0_0.edges
loadedges_rowblockwise:: loading Acts... sizes: [[9363600, 9363600, 9363600, 9363600, 9363600, 9363600, 9363584, 9363584, 9363584, 9363584, 9363584, 9363584, 9363584, 9363584, 9363584, 9363584, 9363584, 9363584, 9363584, 9363584, 9363584, 9363584, 9363584, 9363584, 9363584, 9363584, 9363584, 9363584, 9363584, 9363584, 9363584, 9363584]]
loadedges_rowblockwise:: total sizes: 299634784
maxvptr: 9363600
app::loadvertexdata:: loading vertex datas... 
app::setrootvid:: setting root vid(s)... 
app::loadactvvertices:: loading active vertices... 
app::generatevmaskdata:: generating vmask... 
app::loadoffsetmarkers:: loading offset markers... 
app::loadmessages:: loading messages... 
[globalparams.BASEOFFSET_MESSAGESDATA: 0]
[globalparams.BASEOFFSETKVS_MESSAGESDATA: 0]
[globalparams.BASEOFFSET_EDGESDATA: 8192]
[globalparams.BASEOFFSETKVS_EDGESDATA: 1024]
[globalparams.BASEOFFSET_VERTEXPTR: 4755528]
[globalparams.BASEOFFSETKVS_VERTEXPTR: 594441]
[globalparams.BASEOFFSET_VERTICESDATA: 6918216]
[globalparams.BASEOFFSETKVS_VERTICESDATA: 864777]
[globalparams.BASEOFFSET_ACTIVEVERTICES: 9015368]
[globalparams.BASEOFFSETKVS_ACTIVEVERTICES: 1126921]
[globalparams.BASEOFFSET_VERTICESDATAMASK: 9015368]
[globalparams.BASEOFFSETKVS_VERTICESDATAMASK: 1126921]
[globalparams.BASEOFFSET_VERTICESPARTITIONMASK : 9146440]
[globalparams.BASEOFFSETKVS_VERTICESPARTITIONMASK: 1143305]
[globalparams.BASEOFFSET_STATSDRAM: 9150536]
[globalparams.BASEOFFSETKVS_STATSDRAM: 1143817]
[globalparams.BASEOFFSET_KVDRAM: 9183304]
[globalparams.BASEOFFSETKVS_KVDRAM: 1147913]
[globalparams.BASEOFFSET_KVDRAMWORKSPACE: 18547896]
[globalparams.BASEOFFSETKVS_KVDRAMWORKSPACE: 2318487]
[globalparams.SIZE_MESSAGESDRAM: 0]
[globalparams.SIZE_EDGES: 9364600]
[globalparams.SIZE_VERTEXPTRS: 4194304]
[globalparams.SIZE_VERTICESDATA: 4194304]
[globalparams.SIZE_ACTIVEVERTICES: 0]
[globalparams.SIZE_VERTICESDATAMASK: 131072]
[globalparams.SIZE_KVSTATSDRAM: 4096]
[globalparams.SIZE_KVDRAM: 9364597]
[globalparams.SIZE_KVDRAMWORKSPACE: 9364597]
[1m[37m>> host[sizes]:: PADDEDKVSOURCEDRAMSZ (keyvalues): 33554432 keyvalues[0m
[1m[37m>> host[bytes]:: PADDEDKVSOURCEDRAMSZ (bytes): 268435456 bytes[0m
[1m[37m>> host[sizes]:: valid workload space(not including temp space) (keyvalues): 9183304 keyvalues[0m
[1m[37m>> host[bytes]:: valid workload space(not including temp space) (keyvalues): 73466432 bytes. [0m
[1m[37m>> host[sizes]:: valid PADDEDKVSOURCEDRAMSZ (keyvalues): 27912493 keyvalues[0m
[1m[37m>> host[bytes]:: valid PADDEDKVSOURCEDRAMSZ (bytes): 223299944 bytes. (HBM max=268435456 bytes)[0m
loadmessages:: loading Acts... sizes: [[9363600, 9363600, 9363600, 9363600, 9363600, 9363600, 9363584, 9363584, 9363584, 9363584, 9363584, 9363584, 9363584, 9363584, 9363584, 9363584, 9363584, 9363584, 9363584, 9363584, 9363584, 9363584, 9363584, 9363584, 9363584, 9363584, 9363584, 9363584, 9363584, 9363584, 9363584, 9363584]]
loadmessages:: total sizes: 299634784
app::appendkeyvaluecount:: appending value count... 
app::experiements: resetting kvdram & kvdram workspaces...

utility::runsssp_sw:: running traditional sssp... 
utility::runsssp_sw: number of active vertices for iteration 0: 0
utility::runsssp_sw: number of active vertices for iteration 1: 5239
utility::runsssp_sw: number of active vertices for iteration 2: 850212
utility::runsssp_sw: number of active vertices for iteration 3: 3280729
utility::runsssp_sw: number of active vertices for iteration 4: 55734
utility::runsssp_sw: number of active vertices for iteration 5: 48
utility::runsssp_sw: number of active vertices for iteration 6: 0
no more activer vertices to process. breaking out... 
>>> utility::runsssp_sw: total_edges_processed: 251658241 edges (251 million edges)
>>> utility::runsssp_sw: total_time_elapsed: 9734 ms (9.734 s)
[1m[37m>>> utility::runsssp_sw: throughput: 2.58535e+07 edges/sec (25.8535 million edges/sec)[0m

[1m[37m>>> app::run_hw: app started. (1 active vertices)[0m
Found Platform
Platform Name: Xilinx
Found Device=xilinx_u280_xdma_201920_3
INFO: Reading /home/oj2zf/Documents/ActsOfAGraph/synkernels/goldenkernelproc32HW300MHz.xclbin
Loading: '/home/oj2zf/Documents/ActsOfAGraph/synkernels/goldenkernelproc32HW300MHz.xclbin'
INFO: Reading /home/oj2zf/Documents/ActsOfAGraph/synkernels/goldenkernelsync32HW300MHz.xclbin
Loading: '/home/oj2zf/Documents/ActsOfAGraph/synkernels/goldenkernelsync32HW300MHz.xclbin'
>>> goclkernel[actsproc]:: running ACTS PROCESS (Iteration 0)...
>>> kernel (proc) 0 time elapsed: 1.335 ms, 1335 microsecs, 
>>> kernel (proc) 1 time elapsed: 1.373 ms, 1373 microsecs, 
>>> kernel (proc) 2 time elapsed: 1.34 ms, 1340 microsecs, 
>>> kernel (proc) 3 time elapsed: 1.575 ms, 1575 microsecs, 
>>> kernel (proc) 4 time elapsed: 1.434 ms, 1434 microsecs, 
>>> kernel (proc) 5 time elapsed: 1.347 ms, 1347 microsecs, 
>>> kernel (proc) 6 time elapsed: 1.37 ms, 1370 microsecs, 
>>> kernel (proc) 7 time elapsed: 1.293 ms, 1293 microsecs, 
>>> kernel (proc) 8 time elapsed: 1.412 ms, 1412 microsecs, 
>>> kernel (proc) 9 time elapsed: 1.631 ms, 1631 microsecs, 
>>> kernel (proc) 10 time elapsed: 1.371 ms, 1371 microsecs, 
>>> kernel (proc) 11 time elapsed: 1.592 ms, 1592 microsecs, 
>>> kernel (proc) 12 time elapsed: 1.403 ms, 1403 microsecs, 
>>> kernel (proc) 13 time elapsed: 1.457 ms, 1457 microsecs, 
>>> kernel (proc) 14 time elapsed: 1.584 ms, 1584 microsecs, 
>>> kernel (proc) 15 time elapsed: 1.415 ms, 1415 microsecs, 
>>> kernel (proc) 16 time elapsed: 1.556 ms, 1556 microsecs, 
>>> kernel (proc) 17 time elapsed: 1.406 ms, 1406 microsecs, 
>>> kernel (proc) 18 time elapsed: 1.492 ms, 1492 microsecs, 
>>> kernel (proc) 19 time elapsed: 1.473 ms, 1473 microsecs, 
>>> kernel (proc) 20 time elapsed: 1.352 ms, 1352 microsecs, 
>>> kernel (proc) 21 time elapsed: 1.307 ms, 1307 microsecs, 
>>> kernel (proc) 22 time elapsed: 1.379 ms, 1379 microsecs, 
>>> kernel (proc) 23 time elapsed: 1.359 ms, 1359 microsecs, 
>>> kernel (proc) 24 time elapsed: 1.259 ms, 1259 microsecs, 
>>> kernel (proc) 25 time elapsed: 1.27 ms, 1270 microsecs, 
>>> kernel (proc) 26 time elapsed: 1.484 ms, 1484 microsecs, 
>>> kernel (proc) 27 time elapsed: 1.438 ms, 1438 microsecs, 
>>> kernel (proc) 28 time elapsed: 1.444 ms, 1444 microsecs, 
>>> kernel (proc) 29 time elapsed: 1.549 ms, 1549 microsecs, 
>>> kernel (proc) 30 time elapsed: 1.469 ms, 1469 microsecs, 
>>> kernel (proc) 31 time elapsed: 1.309 ms, 1309 microsecs, 
>>> SUMMARY: kernel (proc) average time elapsed (for LOPs) for Iteration 0: 0.755258(0.755258) ms, 0.704581(-0.0506774) ms, 1.42397(0.719387) ms, 
--------------- goclkernel[actssync]:: running ACTS SYNCHRONZE (Iteration 0) ---------------

active partitions for iteration 1: 0, 1, 2, 3, 4, 5, 6, 7, 8, 9, 10, 11, 12, 13, 14, 15, 16, 17, 18, 19, 20, 21, 22, 23, 24, 25, 26, 27, 28, 29, 30, 31, 32, 33, 34, 35, 36, 37, 38, 39, 40, 41, 42, 43, 44, 45, 46, 47, 48, 49, 50, 51, 52, 53, 54, 55, 56, 57, 58, 59, 60, 61, 62, 63, 64, 65, 66, 67, 68, 69, 70, 71, 72, 73, 74, 75, 76, 77, 78, 79, 80, 81, 82, 83, 84, 85, 86, 87, 88, 89, 90, 91, 92, 93, 94, 95, 96, 97, 98, 99, 100, 101, 102, 103, 104, 105, 106, 107, 108, 109, 110, 112, 113, 114, 115, 116, 117, 118, 120, 121, 122, 123, 124, 125, 126, 127, 128, 129, 130, 131, 132, 133, 134, 135, 136, 137, 138, 139, 140, 141, 142, 143, 144, 145, 146, 147, 148, 149, 150, 151, 152, 153, 154, 155, 156, 157, 158, 159, 160, 161, 162, 163, 164, 165, 166, 167, 168, 169, 170, 171, 172, 173, 174, 175, 176, 177, 178, 179, 180, 181, 182, 183, 184, 185, 186, 187, 188, 189, 190, 191, 192, 193, 194, 195, 196, 197, 198, 199, 200, 201, 202, 204, 205, 206, 207, 208, 209, 210, 211, 212, 213, 214, 215, 216, 217, 218, 219, 220, 221, 222, 223, 224, 225, 226, 227, 228, 229, 230, 231, 232, 233, 234, 235, 236, 237, 238, 239, 240, 241, 242, 243, 244, 245, 246, 247, 248, 249, 250, 251, 252, 253, 254, 255, 
>>> goclkernel[actsproc]:: running ACTS PROCESS (Iteration 1)...
>>> kernel (proc) 0 time elapsed: 38.852 ms, 38852 microsecs, 
>>> kernel (proc) 1 time elapsed: 38.749 ms, 38749 microsecs, 
>>> kernel (proc) 2 time elapsed: 38.817 ms, 38817 microsecs, 
>>> kernel (proc) 3 time elapsed: 38.866 ms, 38866 microsecs, 
>>> kernel (proc) 4 time elapsed: 38.837 ms, 38837 microsecs, 
>>> kernel (proc) 5 time elapsed: 38.822 ms, 38822 microsecs, 
>>> kernel (proc) 6 time elapsed: 38.719 ms, 38719 microsecs, 
>>> kernel (proc) 7 time elapsed: 38.747 ms, 38747 microsecs, 
>>> kernel (proc) 8 time elapsed: 38.616 ms, 38616 microsecs, 
>>> kernel (proc) 9 time elapsed: 38.593 ms, 38593 microsecs, 
>>> kernel (proc) 10 time elapsed: 38.631 ms, 38631 microsecs, 
>>> kernel (proc) 11 time elapsed: 38.61 ms, 38610 microsecs, 
>>> kernel (proc) 12 time elapsed: 38.601 ms, 38601 microsecs, 
>>> kernel (proc) 13 time elapsed: 38.564 ms, 38564 microsecs, 
>>> kernel (proc) 14 time elapsed: 38.651 ms, 38651 microsecs, 
>>> kernel (proc) 15 time elapsed: 38.5 ms, 38500 microsecs, 
>>> kernel (proc) 16 time elapsed: 38.518 ms, 38518 microsecs, 
>>> kernel (proc) 17 time elapsed: 38.554 ms, 38554 microsecs, 
>>> kernel (proc) 18 time elapsed: 38.403 ms, 38403 microsecs, 
>>> kernel (proc) 19 time elapsed: 38.49 ms, 38490 microsecs, 
>>> kernel (proc) 20 time elapsed: 38.507 ms, 38507 microsecs, 
>>> kernel (proc) 21 time elapsed: 38.541 ms, 38541 microsecs, 
>>> kernel (proc) 22 time elapsed: 38.652 ms, 38652 microsecs, 
>>> kernel (proc) 23 time elapsed: 38.535 ms, 38535 microsecs, 
>>> kernel (proc) 24 time elapsed: 38.556 ms, 38556 microsecs, 
>>> kernel (proc) 25 time elapsed: 38.654 ms, 38654 microsecs, 
>>> kernel (proc) 26 time elapsed: 38.587 ms, 38587 microsecs, 
>>> kernel (proc) 27 time elapsed: 38.767 ms, 38767 microsecs, 
>>> kernel (proc) 28 time elapsed: 38.692 ms, 38692 microsecs, 
>>> kernel (proc) 29 time elapsed: 38.85 ms, 38850 microsecs, 
>>> kernel (proc) 30 time elapsed: 38.958 ms, 38958 microsecs, 
>>> kernel (proc) 31 time elapsed: 38.954 ms, 38954 microsecs, 
>>> SUMMARY: kernel (proc) average time elapsed (for LOPs) for Iteration 1: 30.5579(30.5579) ms, 30.5556(-0.00235484) ms, 38.6626(8.10703) ms, 
--------------- goclkernel[actssync]:: running ACTS SYNCHRONZE (Iteration 1) ---------------

active partitions for iteration 2: 0, 1, 2, 3, 4, 5, 6, 7, 8, 9, 10, 11, 12, 13, 14, 15, 16, 17, 18, 19, 20, 21, 22, 23, 24, 25, 26, 27, 28, 29, 30, 31, 32, 33, 34, 35, 36, 37, 38, 39, 40, 41, 42, 43, 44, 45, 46, 47, 48, 49, 50, 51, 52, 53, 54, 55, 56, 57, 58, 59, 60, 61, 62, 63, 64, 65, 66, 67, 68, 69, 70, 71, 72, 73, 74, 75, 76, 77, 78, 79, 80, 81, 82, 83, 84, 85, 86, 87, 88, 89, 90, 91, 92, 93, 94, 95, 96, 97, 98, 99, 100, 101, 102, 103, 104, 105, 106, 107, 108, 109, 110, 111, 112, 113, 114, 115, 116, 117, 118, 119, 120, 121, 122, 123, 124, 125, 126, 127, 128, 129, 130, 131, 132, 133, 134, 135, 136, 137, 138, 139, 140, 141, 142, 143, 144, 145, 146, 147, 148, 149, 150, 151, 152, 153, 154, 155, 156, 157, 158, 159, 160, 161, 162, 163, 164, 165, 166, 167, 168, 169, 170, 171, 172, 173, 174, 175, 176, 177, 178, 179, 180, 181, 182, 183, 184, 185, 186, 187, 188, 189, 190, 191, 192, 193, 194, 195, 196, 197, 198, 199, 200, 201, 202, 203, 204, 205, 206, 207, 208, 209, 210, 211, 212, 213, 214, 215, 216, 217, 218, 219, 220, 221, 222, 223, 224, 225, 226, 227, 228, 229, 230, 231, 232, 233, 234, 235, 236, 237, 238, 239, 240, 241, 242, 243, 244, 245, 246, 247, 248, 249, 250, 251, 252, 253, 254, 255, 
>>> goclkernel[actsproc]:: running ACTS PROCESS (Iteration 2)...
>>> kernel (proc) 0 time elapsed: 223.7 ms, 223700 microsecs, 
>>> kernel (proc) 1 time elapsed: 223.477 ms, 223477 microsecs, 
>>> kernel (proc) 2 time elapsed: 223.455 ms, 223455 microsecs, 
>>> kernel (proc) 3 time elapsed: 223.402 ms, 223402 microsecs, 
>>> kernel (proc) 4 time elapsed: 223.465 ms, 223465 microsecs, 
>>> kernel (proc) 5 time elapsed: 223.667 ms, 223667 microsecs, 
>>> kernel (proc) 6 time elapsed: 223.422 ms, 223422 microsecs, 
>>> kernel (proc) 7 time elapsed: 223.404 ms, 223404 microsecs, 
>>> kernel (proc) 8 time elapsed: 223.167 ms, 223167 microsecs, 
>>> kernel (proc) 9 time elapsed: 223.109 ms, 223109 microsecs, 
>>> kernel (proc) 10 time elapsed: 223.179 ms, 223179 microsecs, 
>>> kernel (proc) 11 time elapsed: 223.078 ms, 223078 microsecs, 
>>> kernel (proc) 12 time elapsed: 222.913 ms, 222913 microsecs, 
>>> kernel (proc) 13 time elapsed: 222.944 ms, 222944 microsecs, 
>>> kernel (proc) 14 time elapsed: 222.861 ms, 222861 microsecs, 
>>> kernel (proc) 15 time elapsed: 223.101 ms, 223101 microsecs, 
>>> kernel (proc) 16 time elapsed: 223.157 ms, 223157 microsecs, 
>>> kernel (proc) 17 time elapsed: 223.141 ms, 223141 microsecs, 
>>> kernel (proc) 18 time elapsed: 223.245 ms, 223245 microsecs, 
>>> kernel (proc) 19 time elapsed: 223.139 ms, 223139 microsecs, 
>>> kernel (proc) 20 time elapsed: 223.134 ms, 223134 microsecs, 
>>> kernel (proc) 21 time elapsed: 223.287 ms, 223287 microsecs, 
>>> kernel (proc) 22 time elapsed: 223.343 ms, 223343 microsecs, 
>>> kernel (proc) 23 time elapsed: 223.455 ms, 223455 microsecs, 
>>> kernel (proc) 24 time elapsed: 223.43 ms, 223430 microsecs, 
>>> kernel (proc) 25 time elapsed: 223.318 ms, 223318 microsecs, 
>>> kernel (proc) 26 time elapsed: 223.264 ms, 223264 microsecs, 
>>> kernel (proc) 27 time elapsed: 223.377 ms, 223377 microsecs, 
>>> kernel (proc) 28 time elapsed: 223.315 ms, 223315 microsecs, 
>>> kernel (proc) 29 time elapsed: 223.304 ms, 223304 microsecs, 
>>> kernel (proc) 30 time elapsed: 223.567 ms, 223567 microsecs, 
>>> kernel (proc) 31 time elapsed: 223.656 ms, 223656 microsecs, 
>>> SUMMARY: kernel (proc) average time elapsed (for LOPs) for Iteration 2: 145.568(145.568) ms, 145.589(0.0206774) ms, 223.283(77.6943) ms, 
--------------- goclkernel[actssync]:: running ACTS SYNCHRONZE (Iteration 2) ---------------

active partitions for iteration 3: 0, 1, 2, 3, 4, 5, 6, 7, 8, 9, 10, 11, 12, 13, 14, 15, 16, 17, 18, 19, 20, 21, 22, 23, 24, 25, 26, 27, 28, 29, 30, 31, 32, 33, 34, 35, 36, 37, 38, 39, 40, 41, 42, 43, 44, 45, 46, 47, 48, 49, 50, 51, 52, 53, 54, 55, 56, 57, 58, 59, 60, 61, 62, 63, 64, 65, 66, 67, 68, 69, 70, 71, 72, 73, 74, 75, 76, 77, 78, 79, 80, 81, 82, 83, 84, 85, 86, 87, 88, 89, 90, 91, 92, 93, 94, 95, 96, 97, 98, 99, 100, 101, 102, 103, 104, 105, 106, 107, 108, 109, 110, 111, 112, 113, 114, 115, 116, 117, 118, 119, 120, 121, 122, 123, 124, 125, 126, 127, 128, 129, 130, 131, 132, 133, 134, 135, 136, 137, 138, 139, 140, 141, 142, 143, 144, 145, 146, 147, 148, 149, 150, 151, 152, 153, 154, 155, 156, 157, 158, 159, 160, 161, 162, 163, 164, 165, 166, 167, 168, 169, 170, 171, 172, 173, 174, 175, 176, 177, 178, 179, 180, 181, 182, 183, 184, 185, 186, 187, 188, 189, 190, 191, 192, 193, 194, 195, 196, 197, 198, 199, 200, 201, 202, 203, 204, 205, 206, 207, 208, 209, 210, 211, 212, 213, 214, 215, 216, 217, 218, 219, 220, 221, 222, 223, 224, 225, 226, 227, 228, 229, 230, 231, 232, 233, 234, 235, 236, 237, 238, 239, 240, 241, 242, 243, 244, 245, 246, 247, 248, 249, 250, 251, 252, 253, 254, 255, 
>>> goclkernel[actsproc]:: running ACTS PROCESS (Iteration 3)...
>>> kernel (proc) 0 time elapsed: 276.668 ms, 276668 microsecs, 
>>> kernel (proc) 1 time elapsed: 276.733 ms, 276733 microsecs, 
>>> kernel (proc) 2 time elapsed: 276.789 ms, 276789 microsecs, 
>>> kernel (proc) 3 time elapsed: 276.759 ms, 276759 microsecs, 
>>> kernel (proc) 4 time elapsed: 276.707 ms, 276707 microsecs, 
>>> kernel (proc) 5 time elapsed: 276.565 ms, 276565 microsecs, 
>>> kernel (proc) 6 time elapsed: 276.675 ms, 276675 microsecs, 
>>> kernel (proc) 7 time elapsed: 276.857 ms, 276857 microsecs, 
>>> kernel (proc) 8 time elapsed: 276.993 ms, 276993 microsecs, 
>>> kernel (proc) 9 time elapsed: 277.13 ms, 277130 microsecs, 
>>> kernel (proc) 10 time elapsed: 277.157 ms, 277157 microsecs, 
>>> kernel (proc) 11 time elapsed: 277.274 ms, 277274 microsecs, 
>>> kernel (proc) 12 time elapsed: 277.46 ms, 277460 microsecs, 
>>> kernel (proc) 13 time elapsed: 277.459 ms, 277459 microsecs, 
>>> kernel (proc) 14 time elapsed: 277.295 ms, 277295 microsecs, 
>>> kernel (proc) 15 time elapsed: 277.243 ms, 277243 microsecs, 
>>> kernel (proc) 16 time elapsed: 277.23 ms, 277230 microsecs, 
>>> kernel (proc) 17 time elapsed: 277.07 ms, 277070 microsecs, 
>>> kernel (proc) 18 time elapsed: 277.092 ms, 277092 microsecs, 
>>> kernel (proc) 19 time elapsed: 277.103 ms, 277103 microsecs, 
>>> kernel (proc) 20 time elapsed: 277.158 ms, 277158 microsecs, 
>>> kernel (proc) 21 time elapsed: 276.924 ms, 276924 microsecs, 
>>> kernel (proc) 22 time elapsed: 276.837 ms, 276837 microsecs, 
>>> kernel (proc) 23 time elapsed: 276.897 ms, 276897 microsecs, 
>>> kernel (proc) 24 time elapsed: 276.632 ms, 276632 microsecs, 
>>> kernel (proc) 25 time elapsed: 276.811 ms, 276811 microsecs, 
>>> kernel (proc) 26 time elapsed: 276.851 ms, 276851 microsecs, 
>>> kernel (proc) 27 time elapsed: 276.968 ms, 276968 microsecs, 
>>> kernel (proc) 28 time elapsed: 277.025 ms, 277025 microsecs, 
>>> kernel (proc) 29 time elapsed: 276.839 ms, 276839 microsecs, 
>>> kernel (proc) 30 time elapsed: 276.724 ms, 276724 microsecs, 
>>> kernel (proc) 31 time elapsed: 276.587 ms, 276587 microsecs, 
>>> SUMMARY: kernel (proc) average time elapsed (for LOPs) for Iteration 3: 169.456(169.456) ms, 169.458(0.00158065) ms, 276.963(107.505) ms, 
--------------- goclkernel[actssync]:: running ACTS SYNCHRONZE (Iteration 3) ---------------

active partitions for iteration 4: 0, 2, 3, 4, 5, 6, 7, 8, 9, 10, 11, 12, 13, 14, 15, 16, 17, 18, 19, 20, 21, 22, 23, 24, 25, 26, 27, 28, 29, 30, 31, 32, 33, 34, 35, 36, 37, 38, 39, 40, 41, 42, 43, 44, 45, 46, 47, 48, 49, 50, 51, 52, 53, 54, 55, 56, 57, 58, 59, 60, 61, 62, 63, 64, 65, 66, 67, 68, 69, 70, 71, 72, 73, 74, 75, 76, 77, 78, 79, 80, 81, 82, 83, 84, 85, 86, 87, 88, 89, 90, 91, 92, 93, 94, 95, 96, 97, 98, 99, 100, 101, 102, 103, 104, 105, 106, 107, 108, 109, 110, 111, 112, 113, 114, 115, 116, 117, 118, 119, 120, 121, 122, 123, 124, 125, 126, 127, 128, 129, 130, 131, 132, 133, 134, 135, 136, 137, 138, 139, 140, 141, 142, 143, 144, 145, 146, 147, 148, 149, 150, 151, 152, 153, 154, 155, 156, 157, 158, 159, 160, 161, 162, 163, 164, 165, 166, 167, 168, 169, 170, 171, 172, 173, 174, 175, 176, 177, 178, 179, 180, 181, 182, 183, 184, 185, 186, 187, 188, 189, 190, 191, 192, 193, 194, 195, 196, 197, 198, 199, 200, 201, 202, 203, 204, 205, 206, 207, 208, 209, 210, 211, 212, 213, 214, 215, 216, 217, 218, 219, 220, 221, 222, 223, 224, 225, 226, 227, 228, 229, 230, 231, 232, 233, 234, 235, 236, 237, 238, 239, 240, 241, 242, 243, 244, 245, 246, 247, 248, 249, 250, 251, 252, 253, 254, 255, 
>>> goclkernel[actsproc]:: running ACTS PROCESS (Iteration 4)...
>>> kernel (proc) 0 time elapsed: 35.415 ms, 35415 microsecs, 
>>> kernel (proc) 1 time elapsed: 35.512 ms, 35512 microsecs, 
>>> kernel (proc) 2 time elapsed: 35.557 ms, 35557 microsecs, 
>>> kernel (proc) 3 time elapsed: 35.546 ms, 35546 microsecs, 
>>> kernel (proc) 4 time elapsed: 35.476 ms, 35476 microsecs, 
>>> kernel (proc) 5 time elapsed: 35.498 ms, 35498 microsecs, 
>>> kernel (proc) 6 time elapsed: 35.615 ms, 35615 microsecs, 
>>> kernel (proc) 7 time elapsed: 35.742 ms, 35742 microsecs, 
>>> kernel (proc) 8 time elapsed: 35.623 ms, 35623 microsecs, 
>>> kernel (proc) 9 time elapsed: 35.432 ms, 35432 microsecs, 
>>> kernel (proc) 10 time elapsed: 35.617 ms, 35617 microsecs, 
>>> kernel (proc) 11 time elapsed: 35.442 ms, 35442 microsecs, 
>>> kernel (proc) 12 time elapsed: 35.575 ms, 35575 microsecs, 
>>> kernel (proc) 13 time elapsed: 35.646 ms, 35646 microsecs, 
>>> kernel (proc) 14 time elapsed: 35.79 ms, 35790 microsecs, 
>>> kernel (proc) 15 time elapsed: 35.537 ms, 35537 microsecs, 
>>> kernel (proc) 16 time elapsed: 35.671 ms, 35671 microsecs, 
>>> kernel (proc) 17 time elapsed: 35.707 ms, 35707 microsecs, 
>>> kernel (proc) 18 time elapsed: 35.672 ms, 35672 microsecs, 
>>> kernel (proc) 19 time elapsed: 35.502 ms, 35502 microsecs, 
>>> kernel (proc) 20 time elapsed: 35.573 ms, 35573 microsecs, 
>>> kernel (proc) 21 time elapsed: 35.573 ms, 35573 microsecs, 
>>> kernel (proc) 22 time elapsed: 35.401 ms, 35401 microsecs, 
>>> kernel (proc) 23 time elapsed: 35.533 ms, 35533 microsecs, 
>>> kernel (proc) 24 time elapsed: 35.62 ms, 35620 microsecs, 
>>> kernel (proc) 25 time elapsed: 35.529 ms, 35529 microsecs, 
>>> kernel (proc) 26 time elapsed: 35.626 ms, 35626 microsecs, 
>>> kernel (proc) 27 time elapsed: 35.386 ms, 35386 microsecs, 
>>> kernel (proc) 28 time elapsed: 35.501 ms, 35501 microsecs, 
>>> kernel (proc) 29 time elapsed: 35.72 ms, 35720 microsecs, 
>>> kernel (proc) 30 time elapsed: 35.5 ms, 35500 microsecs, 
>>> kernel (proc) 31 time elapsed: 35.631 ms, 35631 microsecs, 
>>> SUMMARY: kernel (proc) average time elapsed (for LOPs) for Iteration 4: 28.4665(28.4665) ms, 28.4499(-0.0165484) ms, 35.5727(7.12277) ms, 
--------------- goclkernel[actssync]:: running ACTS SYNCHRONZE (Iteration 4) ---------------

active partitions for iteration 5: 0, 31, 39, 40, 47, 48, 63, 64, 73, 74, 93, 94, 95, 96, 109, 110, 111, 112, 121, 122, 126, 127, 128, 171, 172, 175, 176, 186, 187, 188, 189, 190, 191, 192, 206, 207, 208, 215, 216, 220, 223, 224, 237, 238, 239, 240, 241, 242, 243, 244, 245, 246, 247, 248, 249, 250, 251, 252, 253, 254, 255, 
>>> goclkernel[actsproc]:: running ACTS PROCESS (Iteration 5)...
>>> kernel (proc) 0 time elapsed: 6.118 ms, 6118 microsecs, 
>>> kernel (proc) 1 time elapsed: 6.159 ms, 6159 microsecs, 
>>> kernel (proc) 2 time elapsed: 6.149 ms, 6149 microsecs, 
>>> kernel (proc) 3 time elapsed: 6.127 ms, 6127 microsecs, 
>>> kernel (proc) 4 time elapsed: 6.084 ms, 6084 microsecs, 
>>> kernel (proc) 5 time elapsed: 6.185 ms, 6185 microsecs, 
>>> kernel (proc) 6 time elapsed: 6.275 ms, 6275 microsecs, 
>>> kernel (proc) 7 time elapsed: 6.114 ms, 6114 microsecs, 
>>> kernel (proc) 8 time elapsed: 6.162 ms, 6162 microsecs, 
>>> kernel (proc) 9 time elapsed: 6.181 ms, 6181 microsecs, 
>>> kernel (proc) 10 time elapsed: 6.243 ms, 6243 microsecs, 
>>> kernel (proc) 11 time elapsed: 6.09 ms, 6090 microsecs, 
>>> kernel (proc) 12 time elapsed: 6.133 ms, 6133 microsecs, 
>>> kernel (proc) 13 time elapsed: 6.029 ms, 6029 microsecs, 
>>> kernel (proc) 14 time elapsed: 6.147 ms, 6147 microsecs, 
>>> kernel (proc) 15 time elapsed: 6.097 ms, 6097 microsecs, 
>>> kernel (proc) 16 time elapsed: 6.204 ms, 6204 microsecs, 
>>> kernel (proc) 17 time elapsed: 6.173 ms, 6173 microsecs, 
>>> kernel (proc) 18 time elapsed: 6.074 ms, 6074 microsecs, 
>>> kernel (proc) 19 time elapsed: 6.142 ms, 6142 microsecs, 
>>> kernel (proc) 20 time elapsed: 6.119 ms, 6119 microsecs, 
>>> kernel (proc) 21 time elapsed: 6.203 ms, 6203 microsecs, 
>>> kernel (proc) 22 time elapsed: 6.172 ms, 6172 microsecs, 
>>> kernel (proc) 23 time elapsed: 6.174 ms, 6174 microsecs, 
>>> kernel (proc) 24 time elapsed: 6.121 ms, 6121 microsecs, 
>>> kernel (proc) 25 time elapsed: 6.076 ms, 6076 microsecs, 
>>> kernel (proc) 26 time elapsed: 6.119 ms, 6119 microsecs, 
>>> kernel (proc) 27 time elapsed: 6.123 ms, 6123 microsecs, 
>>> kernel (proc) 28 time elapsed: 6.146 ms, 6146 microsecs, 
>>> kernel (proc) 29 time elapsed: 6.18 ms, 6180 microsecs, 
>>> kernel (proc) 30 time elapsed: 6.218 ms, 6218 microsecs, 
>>> kernel (proc) 31 time elapsed: 6.021 ms, 6021 microsecs, 
>>> SUMMARY: kernel (proc) average time elapsed (for LOPs) for Iteration 5: 5.9709(5.9709) ms, 5.95448(-0.0164194) ms, 6.14323(0.188742) ms, 
--------------- goclkernel[actssync]:: running ACTS SYNCHRONZE (Iteration 5) ---------------

active partitions for iteration 6: 1, 
>>> goclkernel[actsproc]:: running ACTS PROCESS (Iteration 6)...
>>> kernel (proc) 0 time elapsed: 0.656 ms, 656 microsecs, 
>>> kernel (proc) 1 time elapsed: 0.695 ms, 695 microsecs, 
>>> kernel (proc) 2 time elapsed: 0.663 ms, 663 microsecs, 
>>> kernel (proc) 3 time elapsed: 0.662 ms, 662 microsecs, 
>>> kernel (proc) 4 time elapsed: 0.608 ms, 608 microsecs, 
>>> kernel (proc) 5 time elapsed: 0.681 ms, 681 microsecs, 
>>> kernel (proc) 6 time elapsed: 0.665 ms, 665 microsecs, 
>>> kernel (proc) 7 time elapsed: 0.741 ms, 741 microsecs, 
>>> kernel (proc) 8 time elapsed: 0.733 ms, 733 microsecs, 
>>> kernel (proc) 9 time elapsed: 0.733 ms, 733 microsecs, 
>>> kernel (proc) 10 time elapsed: 0.627 ms, 627 microsecs, 
>>> kernel (proc) 11 time elapsed: 0.653 ms, 653 microsecs, 
>>> kernel (proc) 12 time elapsed: 0.738 ms, 738 microsecs, 
>>> kernel (proc) 13 time elapsed: 0.687 ms, 687 microsecs, 
>>> kernel (proc) 14 time elapsed: 0.651 ms, 651 microsecs, 
>>> kernel (proc) 15 time elapsed: 0.686 ms, 686 microsecs, 
>>> kernel (proc) 16 time elapsed: 0.649 ms, 649 microsecs, 
>>> kernel (proc) 17 time elapsed: 0.673 ms, 673 microsecs, 
>>> kernel (proc) 18 time elapsed: 0.745 ms, 745 microsecs, 
>>> kernel (proc) 19 time elapsed: 0.644 ms, 644 microsecs, 
>>> kernel (proc) 20 time elapsed: 0.671 ms, 671 microsecs, 
>>> kernel (proc) 21 time elapsed: 0.611 ms, 611 microsecs, 
>>> kernel (proc) 22 time elapsed: 0.668 ms, 668 microsecs, 
>>> kernel (proc) 23 time elapsed: 0.66 ms, 660 microsecs, 
>>> kernel (proc) 24 time elapsed: 0.63 ms, 630 microsecs, 
>>> kernel (proc) 25 time elapsed: 0.645 ms, 645 microsecs, 
>>> kernel (proc) 26 time elapsed: 0.676 ms, 676 microsecs, 
>>> kernel (proc) 27 time elapsed: 0.651 ms, 651 microsecs, 
>>> kernel (proc) 28 time elapsed: 0.703 ms, 703 microsecs, 
>>> kernel (proc) 29 time elapsed: 0.66 ms, 660 microsecs, 
>>> kernel (proc) 30 time elapsed: 0.662 ms, 662 microsecs, 
>>> kernel (proc) 31 time elapsed: 0.754 ms, 754 microsecs, 
>>> SUMMARY: kernel (proc) average time elapsed (for LOPs) for Iteration 6: 0.635258(0.635258) ms, 0.607355(-0.0279032) ms, 0.675(0.0676452) ms, 
--------------- goclkernel[actssync]:: running ACTS SYNCHRONZE (Iteration 6) ---------------

active partitions for iteration 7: 
goclkernel::runapp2: no more active vertices to process. exiting... 
[1m[37m>>> SUMMARY: Total kernel time: 582.723 ms[0m

[1m[37m>>> app::run_hw: THROUGHPUT SUMMARY DETAILS: [0m
6.96848, -103.853, 3.51714, [Iter 0 throughput: 2.39122][Iter 0 edges processed: 5263]
39.832, -516886, 139.649, [Iter 1 throughput: 30.994][Iter 1 edges processed: 1.21718e+06]
712.422, 5.01542e+06, 1323.11, [Iter 2 throughput: 463.037][Iter 2 edges processed: 1.03706e+08]
864.301, 9.26591e+07, 1354.04, [Iter 3 throughput: 527.553][Iter 3 edges processed: 1.46461e+08]
9.43419, -16228.7, 34.847, [Iter 4 throughput: 7.42762][Iter 4 edges processed: 268558]
0.00803898, -2.92338, 0.0619561, [Iter 5 throughput: 0.00713306][Iter 5 edges processed: 48]

>>> app::run_hw: total_edges_processed: 251658241 edges (251 million edges)
>>> app::run_hw: total_time_elapsed: 582.723 ms (0.582723 s)
[1m[37m>>> app::run_hw: throughput: 4.31866e+08 edges/sec (431.866 million edges/sec)[0m

utility::runsssp_sw:: running traditional sssp... 
utility::runsssp_sw: number of active vertices for iteration 0: 0
utility::runsssp_sw: number of active vertices for iteration 1: 5239
utility::runsssp_sw: number of active vertices for iteration 2: 850212
utility::runsssp_sw: number of active vertices for iteration 3: 3280729
utility::runsssp_sw: number of active vertices for iteration 4: 55734
utility::runsssp_sw: number of active vertices for iteration 5: 48
utility::runsssp_sw: number of active vertices for iteration 6: 0
no more activer vertices to process. breaking out... 
>>> utility::runsssp_sw: total_edges_processed: 251658241 edges (251 million edges)
>>> utility::runsssp_sw: total_time_elapsed: 9479 ms (9.479 s)
[1m[37m>>> utility::runsssp_sw: throughput: 2.6549e+07 edges/sec (26.549 million edges/sec)[0m

app::verifyresults_hw: verifying vertex data... 
utility::printvalues::app::verifyresults_hw.vdatas: verifying results after kernel run:: printing first 16 values
values[0]: 1
values[1]: 4994
values[2]: 816564
values[3]: 3302835
values[4]: 66456
values[5]: 85
values[6]: 0
values[7]: 0
values[8]: 0
values[9]: 0
values[10]: 0
values[11]: 0
values[12]: 0
values[13]: 0
values[14]: 0
values[15]: 0
printvalues:: total values: totalvalues: 4190935
graph::closetemporaryfilesforwriting : close temporary files for writing...
graph::closetemporaryfilesforreading : close files for reading...
graph::closefilesforreading : close files for reading...
=== STATS::TIMING AND SUMMARY RESULTS FOR ITERATION: 666 === 
>>> stats::summary Total number of kvReads in bank [0]: 299634784
>>> stats::summary Total number of kvReads for all threads: 299634784
>>> stats::summary Total time spent (SSD access): 0 milliseconds
>>> stats::summary Total time spent (SSD access): 0 seconds
>>> stats::summary Total time spent (OCL data transfers): 0 milliseconds
>>> stats::summary Total time spent (OCL data transfers): 0 seconds
>>> stats::summary Total time spent (Kernel Pre Process execution): 0 milliseconds
>>> stats::summary Total time spent (Kernel Pre Process execution): 0 seconds
>>> stats::summary Total time spent (Kernel execution): 0 milliseconds
>>> stats::summary Total time spent (Kernel execution): 0 seconds
>>> stats::summary Total time spent (Kernel Post Process execution): 0 milliseconds
>>> stats::summary Total time spent (Kernel Post Process execution): 0 seconds
>>> stats::summary Total time spent (Overall Kernel execution): 0 milliseconds
>>> stats::summary Total time spent (Overall Kernel execution): 0 seconds
>>> stats::summary Total time spent (Overall processing): 0 milliseconds
>>> stats::summary Total time spent (Overall processing): 0 seconds
>>> stats::summary Total time spent (Overall processing excluding SSD & OCL data transfers): 0 milliseconds
>>> stats::summary Total time spent (Overall processing excluding SSD & OCL data transfers): 0 seconds
>>> stats::summary Throughput (Kernel processing): inf keyvalues per second
>>> stats::summary Throughput (Kernel processing): inf million keyvalues per second
>>> stats::summary Throughput (Kernel processing): inf MB/s
>>> stats::summary Throughput (Overall processing): inf keyvalues per second
>>> stats::summary Throughput (Overall processing): inf million keyvalues per second
>>> stats::summary Throughput (Overall processing): inf MB/s
>>> stats::summary Throughput (Overall processing excluding SSD & OCL data transfers): inf keyvalues per second
>>> stats::summary Throughput (Overall processing excluding SSD & OCL data transfers): inf million keyvalues per second

graph::printdataset: printing dataset parameters...
>>> graphtopname: RMAT22_SPARSE2
>>> graphname: RMAT22_SPARSE2_dup
>>> graph_path: /localtmp/oj2zf/dataset/RMAT22_SPARSE2/RMAT22_SPARSE2.mtx
>>> vertices_path: /localtmp/oj2zf/dataset/RMAT22_SPARSE2/RMAT22_SPARSE2.vertices
>>> edges_path: /localtmp/oj2zf/dataset/RMAT22_SPARSE2/RMAT22_SPARSE2.edges
>>> vertices_path_bin: /localtmp/oj2zf/dataset/RMAT22_SPARSE2/RMAT22_SPARSE2.vertices
>>> edges_path_bin: /localtmp/oj2zf/dataset/RMAT22_SPARSE2/RMAT22_SPARSE2.edges
>>> min_vertex: 0
>>> max_vertex: 4194304
>>> num_vertices: 4194304
>>> num_edges: 251658240
>>> graphdirectiontype: 6
>>> graphorder: 6
>>> graphgroup: 2
TEST FINISHED
[1m[37m>>> HOSTPROCESS:: TIMING SUMMARY: TOTAL TIME ELAPSED: : Time Elapsed = 1539173597835[nanao seconds](Iteration 666)[0m
[1m[37m>>> HOSTPROCESS:: TIMING SUMMARY: TOTAL TIME ELAPSED: : Time Elapsed = 1539173597[micro seconds](Iteration 666)[0m
[1m[37m>>> HOSTPROCESS:: TIMING SUMMARY: TOTAL TIME ELAPSED: : Time Elapsed = 1539173[milli seconds](Iteration 666)[0m
[1m[37m>>> HOSTPROCESS:: TIMING SUMMARY: TOTAL TIME ELAPSED: : Time Elapsed = 1539[seconds](Iteration 666)[0m

