Loading Matrix-market coordinate-formatted graph ...
  Reading meta data from /net/bigtemp/oj2zf/gunrock_wole/dataset/large/kron_g500-logn21/kron_g500-logn21.mtx.meta
  Reading edge lists from /net/bigtemp/oj2zf/gunrock_wole/dataset/large/kron_g500-logn21/kron_g500-logn21.mtx.coo_edge_pairs
Reading from /net/bigtemp/oj2zf/gunrock_wole/dataset/large/kron_g500-logn21/kron_g500-logn21.mtx.coo_edge_pairs, typeId = 262, targetId = 262, length = 91042010
  Substracting 1 from node Ids...
  Edge doubleing: 91042010 -> 182084020 edges
  Removed 2156 duplicate edges and self circles.
  graph loaded as COO in 19.527719s.
Converting 2097152 vertices, 182081864 directed edges (unordered tuples) to CSC format...Done (16s).
Degree Histogram (2097152 vertices, 182081864 edges):
    Degree 0: 553065 (26.372194 %)
    Degree 2^0: 238482 (11.371708 %)
    Degree 2^1: 241389 (11.510324 %)
    Degree 2^2: 253643 (12.094641 %)
    Degree 2^3: 156277 (7.451868 %)
    Degree 2^4: 249285 (11.886835 %)
    Degree 2^5: 104845 (4.999399 %)
    Degree 2^6: 101726 (4.850674 %)
    Degree 2^7: 116250 (5.543232 %)
    Degree 2^8: 39 (0.001860 %)
    Degree 2^9: 54255 (2.587080 %)
    Degree 2^10: 20273 (0.966692 %)
    Degree 2^11: 76 (0.003624 %)
    Degree 2^12: 5985 (0.285387 %)
    Degree 2^13: 1330 (0.063419 %)
    Degree 2^14: 0 (0.000000 %)
    Degree 2^15: 210 (0.010014 %)
    Degree 2^16: 21 (0.001001 %)
    Degree 2^17: 1 (0.000048 %)

Adding 1 vertex and 2650217 edges to compensate 0 degree vertices
Converting 2097153 vertices, 184732081 directed edges (unordered tuples) to CSC format...Done (1s).
==============================================
64bit-VertexT=false 64bit-SizeT=false 64bit-ValueT=true undirected=true normalize=1 delta=0.85 threshold=0.01 max-iter=5 pull=0
Computing reference value ...
__________________________
--------------------------
Run 0 elapsed: 33594.191406 ms, src = 4294967295
==============================================
64bit-VertexT=false 64bit-SizeT=false 64bit-ValueT=true undirected=true scale=0 advance-mode=LB
nodes = 2097153
Using advance mode LB
Using filter mode CULL
__________________________

Run 0 num_runs: 1, num_runs = 1, num_runs = 1
Launch Enactor. (/net/bigtemp/oj2zf/gunrock_wole/gunrock/app/pr/pr_app.cu/RunTests)


Run Enactor. (/net/bigtemp/oj2zf/gunrock_wole/gunrock/app/enactor_base.cuh/Run_Threads)


Iteration_Loop started. (/net/bigtemp/oj2zf/gunrock_wole/gunrock/app/enactor_loop.cuh/Iteration_Loop)

Core started. (/net/bigtemp/oj2zf/gunrock_wole/gunrock/app/pr/pr_enactor/Core)

>>> AdvanceOp time elapsed (/net/bigtemp/oj2zf/gunrock_wole/gunrock/app/pr/pr_enactor.cuh/Core): 330.539942 milliseconds

>>> Core time elapsed (t8) (/net/bigtemp/oj2zf/gunrock_wole/gunrock/app/enactor_loop.cuh/Iteration_Loop): 330.554962 milliseconds


Core started. (/net/bigtemp/oj2zf/gunrock_wole/gunrock/app/pr/pr_enactor/Core)

>>> FilterOp time elapsed (/net/bigtemp/oj2zf/gunrock_wole/gunrock/app/pr/pr_enactor.cuh/Core): 0.164986 milliseconds


>>> AdvanceOp time elapsed (/net/bigtemp/oj2zf/gunrock_wole/gunrock/app/pr/pr_enactor.cuh/Core): 308.398962 milliseconds

>>> Core time elapsed (t8) (/net/bigtemp/oj2zf/gunrock_wole/gunrock/app/enactor_loop.cuh/Iteration_Loop): 308.648825 milliseconds


Core started. (/net/bigtemp/oj2zf/gunrock_wole/gunrock/app/pr/pr_enactor/Core)

>>> FilterOp time elapsed (/net/bigtemp/oj2zf/gunrock_wole/gunrock/app/pr/pr_enactor.cuh/Core): 0.154972 milliseconds


>>> AdvanceOp time elapsed (/net/bigtemp/oj2zf/gunrock_wole/gunrock/app/pr/pr_enactor.cuh/Core): 308.417082 milliseconds

>>> Core time elapsed (t8) (/net/bigtemp/oj2zf/gunrock_wole/gunrock/app/enactor_loop.cuh/Iteration_Loop): 308.653116 milliseconds


Core started. (/net/bigtemp/oj2zf/gunrock_wole/gunrock/app/pr/pr_enactor/Core)

>>> FilterOp time elapsed (/net/bigtemp/oj2zf/gunrock_wole/gunrock/app/pr/pr_enactor.cuh/Core): 0.153780 milliseconds


>>> AdvanceOp time elapsed (/net/bigtemp/oj2zf/gunrock_wole/gunrock/app/pr/pr_enactor.cuh/Core): 308.394909 milliseconds

>>> Core time elapsed (t8) (/net/bigtemp/oj2zf/gunrock_wole/gunrock/app/enactor_loop.cuh/Iteration_Loop): 308.629036 milliseconds


Core started. (/net/bigtemp/oj2zf/gunrock_wole/gunrock/app/pr/pr_enactor/Core)

>>> FilterOp time elapsed (/net/bigtemp/oj2zf/gunrock_wole/gunrock/app/pr/pr_enactor.cuh/Core): 0.149012 milliseconds


>>> AdvanceOp time elapsed (/net/bigtemp/oj2zf/gunrock_wole/gunrock/app/pr/pr_enactor.cuh/Core): 308.425903 milliseconds

>>> Core time elapsed (t8) (/net/bigtemp/oj2zf/gunrock_wole/gunrock/app/enactor_loop.cuh/Iteration_Loop): 308.653116 milliseconds

>>> Iteration_Loop time elapsed (/net/bigtemp/oj2zf/gunrock_wole/gunrock/app/pr/pr_enactor.cuh/Run): 1565.562010 milliseconds


GPU PageRank Done. (/net/bigtemp/oj2zf/gunrock_wole/gunrock/app/pr/pr_enactor.cuh): 1565.582037 milliseconds


>>> Enactor time elapsed. (/net/bigtemp/oj2zf/gunrock_wole/gunrock/app/pr/pr_app.cu/RunTests): 1565.591097 milliseconds

Run 0 elapsed: 1565.591097 ms, src = 4294967295, #iterations = 5
Total_rank = 0.150000
Top 10 Ranked vertices and PageRanks:
Vertex ID: 0, PageRank: 0.000000
Vertex ID: 1, PageRank: 0.000000
Vertex ID: 2, PageRank: 0.000000
Vertex ID: 3, PageRank: 0.000000
Vertex ID: 4, PageRank: 0.000000
Vertex ID: 5, PageRank: 0.000000
Vertex ID: 6, PageRank: 0.000000
Vertex ID: 7, PageRank: 0.000000
Vertex ID: 8, PageRank: 0.000000
Vertex ID: 9, PageRank: 0.000000
Rank Validity: PASS
Reference total rank : 0.150000
Maximum difference : rank[0] 0.000000 vs. 0.000000, 0.000000
Maximum relative difference :rank[0] 0.000000 vs. 0.000000, 0.000000
Order Validity: PASS
[pr] finished.
 avg. elapsed: 1565.591097 ms
 iterations: 5
 min. elapsed: 1565.591097 ms
 max. elapsed: 1565.591097 ms
 nodes queued: 8388612
 edges queued: 923660405
 nodes redundance: inf
 edges redundance: inf
 load time: 35429.4 ms
 preprocess time: 383.598000 ms
 postprocess time: 52.077055 ms
 total time: 2001.444101 ms
