rm -rf host ./xclbin/{*sw_emu*,*hw_emu*} 
rm -rf profile_* TempConfig system_estimate.xtxt *.rpt *.csv 
rm -rf src/*.ll _xocc_* .Xil emconfig.json dltmp* xmltmp* *.log *.jou *.wcfg *.wdb
mkdir -p obj
g++ -o ./sr_nthreads examples/hostprocess.cpp src/algorithm/algorithm.cpp examples/helperfunctions/postprocess.cpp examples/helperfunctions/loadgraph.cpp examples/helperfunctions/setupkernel.cpp examples/helperfunctions/procedges.cpp examples/pagerank/pagerank.cpp examples/bfs/bfs.cpp examples/sssp/sssp.cpp examples/test/test.cpp src/graphs/graph.cpp src/heuristics/heuristics.cpp src/stats/stats.cpp src/utility/utility.cpp src/parameters/parameters.cpp src/dataset/dataset.cpp kernels/kernel.cpp kernels/swkernel.cpp kernels/goclkernel.cpp src/graphs/creategraphs.cpp acts/sortreduce/sr.cpp acts/acts_lw/actslw.cpp acts/actsutility/actsutility.cpp  sortreduce-master/examples/graph/src//FileReaderAio.cpp sortreduce-master/examples/graph/src//EdgeProcess.cpp sortreduce-master/examples/graph/src//VertexValues.cpp sortreduce-master/examples/graph/src//BCMergeFlip.cpp -DKVTYPES1='uint64_t,uint32_t'  -DKVTYPES2='uint32_t,uint32_t' -Isortreduce-master/include/ -Isortreduce-master/examples/graph/src/ -Lsortreduce-master/obj/ -std=c++11 -lsortreduce -pthread -laio -march=native -lrt -g
./sr_nthreads
Hostprocess:: Graph Analytics Started...
host:: NUMDRAMBANKS: 4
host:: NUMWORKERS: 1
host:: NUMSUBWORKERS: 3
host:: NUM_PARTITIONS: 16
host:: NUMSUPERCPUTHREADS: 1
host:: NUMCPUTHREADS: 1
host:: NUMSUBCPUTHREADS: 16
host:: NUMUTILITYTHREADS: 16
host:: DATAWIDTH: 512
host:: VECTOR_SIZE: 8
host:: KVDATA_BATCHSIZE: 10000000
host:: KVDATA_BATCHSIZE_KVS: 1250000
host:: EDGES_BATCHSIZE: 80000000
host:: EDGES_BATCHSIZE_KVS: 10000000
host:: KVDATA_RANGE: 2097152
host:: KVDATA_RANGE_POW: 21
host:: BATCH_RANGE: 2097152
host:: BATCH_RANGE_POW: 21
host:: BATCH_RANGE2: 16384
host:: BATCH_RANGE2_POW: 14
host:: EDGESSZ: 0
host:: (float)APPROXTREE_DEPTH: 3
host:: APPROXTREE_DEPTH: 3
host:: TREE_DEPTH: 3
host:: TREE_DEPTH2: 1
host:: NUMSSDPARTITIONS: 1
host:: KVDATA_RANGE_PERSSDPARTITION_POW: 21
host:: KVDATA_RANGE_PERSSDPARTITION: 2097152
host:: KVDATA_RANGE_PERSSDPARTITION2_POW: 14
host:: KVDATA_RANGE_PERSSDPARTITION2: 16384
host:: MESSAGES_SIZE: 1024
host:: NUMSSDPARTITIONS: 1
host:: NUMSSDPARTITIONS_POW: 0
host:: MAXNUMSSDPARTITIONS: 1
host:: LOCKE NOT DEFINED
host:: STREAMEDGESSETUP DEFINED
host:: sizeof(keyvalue_t): 8 bytes (64 bits)
host:: sizeof(vertex_t): 4 bytes (32 bits)
host:: sizeof(edge_t): 4 bytes (32 bits)
host:: MESSAGESDRAMSZ: 1024
host:: KVDRAMSZ: 11311232
host:: KVDRAMSZ_KVS: 1413904
host:: KVDRAMWORKSPACESZ: 11311232
host:: KVDRAMWORKSPACESZ_KVS: 1413904
host:: EDGESSZ: 0
host:: EDGESSZ_KVS: 0
host:: VERTEXPTRSSZ: 0
host:: VERTEXPTRSSZ_KVS: 0
host:: VERTICESDATASZ: 1048576
host:: VERTICESDATASZ_KVS: 131072
host:: BASEOFFSET_KVDRAM: 1024
host:: BASEOFFSET_KVDRAM_KVS: 128
host:: BASEOFFSET_KVDRAMWORKSPACE: 11312256
host:: BASEOFFSET_KVDRAMWORKSPACE_KVS: 1414032
host:: BASEOFFSET_STATSDRAM: 22623488
host:: BASEOFFSET_EDGESDATA: 22754560
host:: BASEOFFSET_EDGESDATA_KVS: 2844320
host:: BASEOFFSET_VERTEXPTR: 22754560
host:: BASEOFFSET_VERTEXPTR_KVS: 2844320
host:: BASEOFFSET_VERTICESDATA: 22754560
host:: BASEOFFSET_VERTICESDATA_KVS: 2844320
host:: KVSOURCEDRAMSZ: 23803136
host:: KVSOURCEDRAMSZ_KVS: 2975392
host:: PADDEDKVSOURCEDRAMSZ: 23803136
host:: PADDEDKVSOURCEDRAMSZ_KVS: 2975392
>> host:: MESSAGESDRAMSZ (bytes): 8192 bytes
>> host:: KVDRAMBUFFERSZ (bytes): 0 bytes
>> host:: KVDRAMSZ (bytes): 90489856 bytes
>> host:: KVDRAMWORKSPACESZ (bytes): 90489856 bytes
>> host:: KVSTATSDRAMSZ (bytes): 1048576 bytes
>> host:: ACTIVEVERTICESSZ (bytes): 0 bytes
>> host:: EDGESSZ (bytes): 0 bytes
>> host:: VERTEXPTRSSZ (bytes): 0 bytes
>> host:: VERTICESDATASZ (bytes): 8388608 bytes
>> host:: PADDEDKVSOURCEDRAMSZ (bytes): 190425088 bytes
host:: KVSTATSDRAMSZ: 131072
host:: KVDRAMPADDING: 1311232
host:: APPLYVERTEXBUFFERSZ: 512
host:: APPLYVERTEXBUFFERSZ_KVS: 64
host:: APPLYVERTEXBUFFERSZ2: 1024
host:: APPLYVERTEXBUFFERSZ2_KVS: 128
host:: NUMLASTLEVELPARTITIONS: 4096
host:: NUMLASTLEVELPARTITIONS2: 16
host:: INMEMORYGP disabled 
graph::graph constructor:: datasetid: 31, _numedgebanks: 1
graph::loadalldatasets:: 
graph::loadalldatasets finished. 
graph::printdataset: printing dataset parameters...
>>> graphname: hollywood-2009
>>> graph_path: /localtmp/oj2zf/dataset/hollywood-2009/hollywood-2009.mtx
>>> vertices_path: /localtmp/oj2zf/dataset/hollywood-2009/hollywood-2009.vertices
>>> edges_path: /localtmp/oj2zf/dataset/hollywood-2009/hollywood-2009.edges
>>> vertices_path_bin: /localtmp/oj2zf/dataset/hollywood-2009/hollywood-2009_bin.vertices
>>> edges_path_bin: /localtmp/oj2zf/dataset/hollywood-2009/hollywood-2009_bin.edges
>>> min_vertex: 0
>>> max_vertex: 1139905
>>> num_vertices: 1139905
>>> num_edges: 57515616
>>> graphdirectiontype: 5
>>> graphorder: 6
>>> skewratio: 128
setupkernel::loadSRstructures:: tmp_dir: /localtmp/oj2zf/tmpdata_grafboost
setupkernel::loadSRstructures:: idx_path: /localtmp/oj2zf/dataset/hollywood-2009/ridx.dat
setupkernel::loadSRstructures:: mat_path: /localtmp/oj2zf/dataset/hollywood-2009/matrix.dat
setupkernel::loadSRstructures:: vertex_count: 1139905
Created vertex values file at /localtmp/oj2zf/tmpdata_grafboost/vertex_data.dat -- 1139905
VertexValues default init done : 64 ms
pagerank::run:: pagerank algorithm started. 
graph::opentemporaryfilesforwriting : opening temporary files for writing...
Directory already exists.INFO: Successfully opened /localtmp/oj2zf/dataset/hollywood-2009/hollywood-2009_1by1/hollywood-2009.vdata
INFO: Successfully opened /localtmp/oj2zf/dataset/hollywood-2009/hollywood-2009_1by1/hollywood-2009.vproperties
graph::opentemporaryfilesforreading : opening temporary files for reading
INFO: Successfully opened /localtmp/oj2zf/dataset/hollywood-2009/hollywood-2009_1by1/hollywood-2009.vdata
INFO: Successfully opened /localtmp/oj2zf/dataset/hollywood-2009/hollywood-2009_1by1/hollywood-2009.vproperties
generating vertices data... 
generating temp vertices data... 
graph::openfilesforreading : opening files for reading
INFO: Successfully opened /localtmp/oj2zf/dataset/hollywood-2009/hollywood-2009_1by1/hollywood-2009_0_0.vertexptrs
INFO: Successfully opened /localtmp/oj2zf/dataset/hollywood-2009/hollywood-2009_1by1/hollywood-2009_0_0.vertexptrs
INFO: Successfully opened /localtmp/oj2zf/dataset/hollywood-2009/hollywood-2009_1by1/hollywood-2009_0_0.edges
INFO: Successfully opened /localtmp/oj2zf/dataset/hollywood-2009/hollywood-2009_1by1/hollywood-2009_0_0.edges
[1m[37m>>> pagerank::run: graph iteration 0 of pagerank started[0m
SortReduce Starting...

[1m[37m>>> pagerank::start2: super iteration: [col: 0][size: 1][step: 1][0m
>>> WorkerThread:: total number of edges in file[0]: 57515616

PP&A:: [col:0][size:1][step:1], [iteration_idx:0][size:1][step:1]
loadmessages:: loading Acts... sizes: [[3594579, 3593813, 3593545, 3596661, 3594852, 3592257, 3590328, 3600594, 3595809, 3594416, 3593755, 3589223, 3601593, 3588936, 3600208, 3595045]]
>>> SortReduce Launched... runsize: 3594579
>>> SortReduce Launched... runsize: 3593813
>>> SortReduce Launched... runsize: 3593545
>>> SortReduce Launched... runsize: 3596661
>>> SortReduce Launched... runsize: 3594852
>>> SortReduce Launched... runsize: 3592257
>>> SortReduce Launched... runsize: 3590328
>>> SortReduce Launched... runsize: 3600594
>>> SortReduce Launched... runsize: 3595809
>>> SortReduce Launched... runsize: 3594416
>>> SortReduce Launched... runsize: 3593755
>>> SortReduce Launched... runsize: 3589223
>>> SortReduce Launched... runsize: 3601593
>>> SortReduce Launched... runsize: 3588936
>>> SortReduce Launched... runsize: 3600208
>>> SortReduce Launched... runsize: 3595045
>>> pagerank::start2 Finished: all threads joined...
Loading file output.dat size 13678836 -- 12
yes yes:0-0 yes:0-1
		++ Iteration 0 done: 1139903
>>> setupkernel::finishSR:: active vertices after iteration: 1139903
Loading file fd 13 size 9119224
>>> pagerank::run: finished run. Time Elapsed: : Time Elapsed = 5257841669[nanao seconds](Iteration 666)
>>> pagerank::run: finished run. Time Elapsed: : Time Elapsed = 5257841[micro seconds](Iteration 666)
>>> pagerank::run: finished run. Time Elapsed: : Time Elapsed = 5257[milli seconds](Iteration 666)
>>> pagerank::run: finished run. Time Elapsed: : Time Elapsed = 5[seconds](Iteration 666)

graph::closefilesforreading : close files for reading...
graph::closetemporaryfilesforwriting : close temporary files for writing...
graph::closetemporaryfilesforreading : close files for reading...
=== STATS::TIMING AND SUMMARY RESULTS FOR ITERATION: 666 === 
>>> stats::summary Total number of kvReads in bank [0]: 57515614
[1m[37m>>> stats::summary Total number of kvReads for all threads: 57515614[0m
[1m[37m>>> stats::summary Total time spent (SSD access): 0 milliseconds[0m
[1m[37m>>> stats::summary Total time spent (SSD access): 0 seconds[0m
[1m[37m>>> stats::summary Total time spent (OCL data transfers): 0 milliseconds[0m
[1m[37m>>> stats::summary Total time spent (OCL data transfers): 0 seconds[0m
[1m[37m>>> stats::summary Total time spent (Kernel Pre Process execution): 482 milliseconds[0m
[1m[37m>>> stats::summary Total time spent (Kernel Pre Process execution): 0.482 seconds[0m
[1m[37m>>> stats::summary Total time spent (Kernel execution): 1559 milliseconds[0m
[1m[37m>>> stats::summary Total time spent (Kernel execution): 1.559 seconds[0m
[1m[37m>>> stats::summary Total time spent (Kernel Post Process execution): 49 milliseconds[0m
[1m[37m>>> stats::summary Total time spent (Kernel Post Process execution): 0.049 seconds[0m
[1m[37m>>> stats::summary Total time spent (Overall Kernel execution): 2090 milliseconds[0m
[1m[37m>>> stats::summary Total time spent (Overall Kernel execution): 2.09 seconds[0m
[1m[37m>>> stats::summary Total time spent (Overall processing): 5257 milliseconds[0m
[1m[37m>>> stats::summary Total time spent (Overall processing): 5.257 seconds[0m
[1m[37m>>> stats::summary Total time spent (Overall processing excluding SSD & OCL data transfers): 5257 milliseconds[0m
[1m[37m>>> stats::summary Total time spent (Overall processing excluding SSD & OCL data transfers): 5.257 seconds[0m
[1m[37m>>> stats::summary Throughput (Kernel processing): 2.75194e+07 keyvalues per second[0m
[1m[37m>>> stats::summary Throughput (Kernel processing): 27.5194 million keyvalues per second[0m
[1m[37m>>> stats::summary Throughput (Kernel processing): 220.155 MB/s[0m
[1m[37m>>> stats::summary Throughput (Overall processing): 2.75194e+07 keyvalues per second[0m
[1m[37m>>> stats::summary Throughput (Overall processing): 27.5194 million keyvalues per second[0m
[1m[37m>>> stats::summary Throughput (Overall processing): 220.155 MB/s[0m
[1m[37m>>> stats::summary Throughput (Overall processing excluding SSD & OCL data transfers): 1.09408e+07 keyvalues per second[0m
[1m[37m>>> stats::summary Throughput (Overall processing excluding SSD & OCL data transfers): 10.9408 million keyvalues per second[0m

graph::printdataset: printing dataset parameters...
>>> graphname: hollywood-2009
>>> graph_path: /localtmp/oj2zf/dataset/hollywood-2009/hollywood-2009.mtx
>>> vertices_path: /localtmp/oj2zf/dataset/hollywood-2009/hollywood-2009.vertices
>>> edges_path: /localtmp/oj2zf/dataset/hollywood-2009/hollywood-2009.edges
>>> vertices_path_bin: /localtmp/oj2zf/dataset/hollywood-2009/hollywood-2009_bin.vertices
>>> edges_path_bin: /localtmp/oj2zf/dataset/hollywood-2009/hollywood-2009_bin.edges
>>> min_vertex: 0
>>> max_vertex: 1139905
>>> num_vertices: 1139905
>>> num_edges: 57515616
>>> graphdirectiontype: 5
>>> graphorder: 6
>>> skewratio: 128
TEST FINISHED
[1m[37m>>> HOSTPROCESS:: TIMING SUMMARY: TOTAL TIME ELAPSED: : Time Elapsed = 5360185079[nanao seconds](Iteration 666)[0m
[1m[37m>>> HOSTPROCESS:: TIMING SUMMARY: TOTAL TIME ELAPSED: : Time Elapsed = 5360185[micro seconds](Iteration 666)[0m
[1m[37m>>> HOSTPROCESS:: TIMING SUMMARY: TOTAL TIME ELAPSED: : Time Elapsed = 5360[milli seconds](Iteration 666)[0m
[1m[37m>>> HOSTPROCESS:: TIMING SUMMARY: TOTAL TIME ELAPSED: : Time Elapsed = 5[seconds](Iteration 666)[0m

