rm -rf host ./xclbin/{*sw_emu*,*hw_emu*} 
rm -rf profile_* TempConfig system_estimate.xtxt *.rpt *.csv 
rm -rf src/*.ll _xocc_* .Xil emconfig.json dltmp* xmltmp* *.log *.jou *.wcfg *.wdb
mkdir -p obj
g++ -o ./sr_nthreads examples/hostprocess.cpp src/algorithm/algorithm.cpp examples/helperfunctions/postprocess.cpp examples/helperfunctions/loadgraph.cpp examples/helperfunctions/setupkernel.cpp examples/helperfunctions/procedges.cpp examples/pagerank/pagerank.cpp examples/bfs/bfs.cpp examples/sssp/sssp.cpp examples/test/test.cpp src/graphs/graph.cpp src/heuristics/heuristics.cpp src/stats/stats.cpp src/utility/utility.cpp src/parameters/parameters.cpp src/dataset/dataset.cpp kernels/kernel.cpp kernels/swkernel.cpp kernels/goclkernel.cpp src/graphs/creategraphs.cpp acts/sortreduce/sr.cpp acts/acts_lw/actslw.cpp acts/actsutility/actsutility.cpp  sortreduce-master/examples/graph/src//FileReaderAio.cpp sortreduce-master/examples/graph/src//EdgeProcess.cpp sortreduce-master/examples/graph/src//VertexValues.cpp sortreduce-master/examples/graph/src//BCMergeFlip.cpp -DKVTYPES1='uint64_t,uint32_t'  -DKVTYPES2='uint32_t,uint32_t' -Isortreduce-master/include/ -Isortreduce-master/examples/graph/src/ -Lsortreduce-master/obj/ -std=c++11 -lsortreduce -pthread -laio -march=native -lrt -g
./sr_nthreads
Hostprocess:: Graph Analytics Started...
host:: NUMDRAMBANKS: 4
host:: NUMWORKERS: 1
host:: NUMSUBWORKERS: 3
host:: NUM_PARTITIONS: 16
host:: NUMSUPERCPUTHREADS: 1
host:: NUMCPUTHREADS: 1
host:: NUMSUBCPUTHREADS: 16
host:: NUMUTILITYTHREADS: 16
host:: DATAWIDTH: 512
host:: VECTOR_SIZE: 8
host:: KVDATA_BATCHSIZE: 10000000
host:: KVDATA_BATCHSIZE_KVS: 1250000
host:: EDGES_BATCHSIZE: 80000000
host:: EDGES_BATCHSIZE_KVS: 10000000
host:: KVDATA_RANGE: 4194304
host:: KVDATA_RANGE_POW: 22
host:: BATCH_RANGE: 4194304
host:: BATCH_RANGE_POW: 22
host:: BATCH_RANGE2: 32768
host:: BATCH_RANGE2_POW: 15
host:: EDGESSZ: 0
host:: (float)APPROXTREE_DEPTH: 3
host:: APPROXTREE_DEPTH: 3
host:: TREE_DEPTH: 3
host:: TREE_DEPTH2: 2
host:: NUMSSDPARTITIONS: 1
host:: KVDATA_RANGE_PERSSDPARTITION_POW: 22
host:: KVDATA_RANGE_PERSSDPARTITION: 4194304
host:: KVDATA_RANGE_PERSSDPARTITION2_POW: 15
host:: KVDATA_RANGE_PERSSDPARTITION2: 32768
host:: MESSAGES_SIZE: 1024
host:: NUMSSDPARTITIONS: 1
host:: NUMSSDPARTITIONS_POW: 0
host:: MAXNUMSSDPARTITIONS: 1
host:: LOCKE NOT DEFINED
host:: STREAMEDGESSETUP DEFINED
host:: sizeof(keyvalue_t): 8 bytes (64 bits)
host:: sizeof(vertex_t): 4 bytes (32 bits)
host:: sizeof(edge_t): 4 bytes (32 bits)
host:: MESSAGESDRAMSZ: 1024
host:: KVDRAMSZ: 11311232
host:: KVDRAMSZ_KVS: 1413904
host:: KVDRAMWORKSPACESZ: 11311232
host:: KVDRAMWORKSPACESZ_KVS: 1413904
host:: EDGESSZ: 0
host:: EDGESSZ_KVS: 0
host:: VERTEXPTRSSZ: 0
host:: VERTEXPTRSSZ_KVS: 0
host:: VERTICESDATASZ: 2097152
host:: VERTICESDATASZ_KVS: 262144
host:: BASEOFFSET_KVDRAM: 1024
host:: BASEOFFSET_KVDRAM_KVS: 128
host:: BASEOFFSET_KVDRAMWORKSPACE: 11312256
host:: BASEOFFSET_KVDRAMWORKSPACE_KVS: 1414032
host:: BASEOFFSET_STATSDRAM: 22623488
host:: BASEOFFSET_EDGESDATA: 22754560
host:: BASEOFFSET_EDGESDATA_KVS: 2844320
host:: BASEOFFSET_VERTEXPTR: 22754560
host:: BASEOFFSET_VERTEXPTR_KVS: 2844320
host:: BASEOFFSET_VERTICESDATA: 22754560
host:: BASEOFFSET_VERTICESDATA_KVS: 2844320
host:: KVSOURCEDRAMSZ: 24851712
host:: KVSOURCEDRAMSZ_KVS: 3106464
host:: PADDEDKVSOURCEDRAMSZ: 24851712
host:: PADDEDKVSOURCEDRAMSZ_KVS: 3106464
>> host:: MESSAGESDRAMSZ (bytes): 8192 bytes
>> host:: KVDRAMBUFFERSZ (bytes): 0 bytes
>> host:: KVDRAMSZ (bytes): 90489856 bytes
>> host:: KVDRAMWORKSPACESZ (bytes): 90489856 bytes
>> host:: KVSTATSDRAMSZ (bytes): 1048576 bytes
>> host:: ACTIVEVERTICESSZ (bytes): 0 bytes
>> host:: EDGESSZ (bytes): 0 bytes
>> host:: VERTEXPTRSSZ (bytes): 0 bytes
>> host:: VERTICESDATASZ (bytes): 16777216 bytes
>> host:: PADDEDKVSOURCEDRAMSZ (bytes): 198813696 bytes
host:: KVSTATSDRAMSZ: 131072
host:: KVDRAMPADDING: 1311232
host:: APPLYVERTEXBUFFERSZ: 1024
host:: APPLYVERTEXBUFFERSZ_KVS: 128
host:: APPLYVERTEXBUFFERSZ2: 128
host:: APPLYVERTEXBUFFERSZ2_KVS: 16
host:: NUMLASTLEVELPARTITIONS: 4096
host:: NUMLASTLEVELPARTITIONS2: 256
host:: INMEMORYGP disabled 
graph::graph constructor:: datasetid: 30, _numedgebanks: 1
graph::loadalldatasets:: 
graph::loadalldatasets finished. 
graph::printdataset: printing dataset parameters...
>>> graphname: soc-orkut
>>> graph_path: /localtmp/oj2zf/dataset/soc-orkut/soc-orkut.mtx
>>> vertices_path: /localtmp/oj2zf/dataset/soc-orkut/soc-orkut.vertices
>>> edges_path: /localtmp/oj2zf/dataset/soc-orkut/soc-orkut.edges
>>> vertices_path_bin: /localtmp/oj2zf/dataset/soc-orkut/soc-orkut_bin.vertices
>>> edges_path_bin: /localtmp/oj2zf/dataset/soc-orkut/soc-orkut_bin.edges
>>> min_vertex: 0
>>> max_vertex: 2997166
>>> num_vertices: 2997166
>>> num_edges: 106349209
>>> graphdirectiontype: 5
>>> graphorder: 6
>>> skewratio: 128
setupkernel::loadSRstructures:: tmp_dir: /localtmp/oj2zf/tmpdata_grafboost
setupkernel::loadSRstructures:: idx_path: /localtmp/oj2zf/dataset/soc-orkut/ridx.dat
setupkernel::loadSRstructures:: mat_path: /localtmp/oj2zf/dataset/soc-orkut/matrix.dat
setupkernel::loadSRstructures:: vertex_count: 2997166
Created vertex values file at /localtmp/oj2zf/tmpdata_grafboost/vertex_data.dat -- 2997166
VertexValues default init done : 150 ms
bfs::run:: bfs algorithm started. 
graph::opentemporaryfilesforwriting : opening temporary files for writing...
Directory already exists.INFO: Successfully opened /localtmp/oj2zf/dataset/soc-orkut/soc-orkut_1by1/soc-orkut.vdata
INFO: Successfully opened /localtmp/oj2zf/dataset/soc-orkut/soc-orkut_1by1/soc-orkut.vproperties
graph::opentemporaryfilesforreading : opening temporary files for reading
INFO: Successfully opened /localtmp/oj2zf/dataset/soc-orkut/soc-orkut_1by1/soc-orkut.vdata
INFO: Successfully opened /localtmp/oj2zf/dataset/soc-orkut/soc-orkut_1by1/soc-orkut.vproperties
generating vertices data... 
generating temp vertices data... 
graph::openfilesforreading : opening files for reading
INFO: Successfully opened /localtmp/oj2zf/dataset/soc-orkut/soc-orkut_1by1/soc-orkut_0_0.vertexptrs
INFO: Successfully opened /localtmp/oj2zf/dataset/soc-orkut/soc-orkut_1by1/soc-orkut_0_0.vertexptrs
INFO: Successfully opened /localtmp/oj2zf/dataset/soc-orkut/soc-orkut_1by1/soc-orkut_0_0.edges
INFO: Successfully opened /localtmp/oj2zf/dataset/soc-orkut/soc-orkut_1by1/soc-orkut_0_0.edges

[1m[37m>>> bfs::run: graph iteration 0 of bfs started. (1 active vertices)[0m
SortReduce Starting...
SortReduce writing inmem directly to file /localtmp/oj2zf/tmpdata_grafboost/output.dat
Loading file output.dat size 144 -- 12
yes yes:0-0 yes:0-1
		++ Iteration 0 done: 12
>>> setupkernel::finishSR:: active vertices after iteration: 12
Loading file fd 13 size 96

[1m[37m>>> bfs::run: graph iteration 1 of bfs started. (12 active vertices)[0m
SortReduce Starting...
SortReduce writing inmem directly to file /localtmp/oj2zf/tmpdata_grafboost/output.dat
Loading file output.dat size 5604 -- 14
yes yes:0-0 yes:0-1
		++ Iteration 1 done: 467
>>> setupkernel::finishSR:: active vertices after iteration: 460
Loading file fd 15 size 3680

[1m[37m>>> bfs::run: graph iteration 2 of bfs started. (460 active vertices)[0m
SortReduce Starting...
SortReduce writing inmem directly to file /localtmp/oj2zf/tmpdata_grafboost/output.dat
Loading file output.dat size 301200 -- 16
yes yes:0-0 yes:0-1
		++ Iteration 2 done: 25100
>>> setupkernel::finishSR:: active vertices after iteration: 24744
Loading file fd 17 size 197952

[1m[37m>>> bfs::run: graph iteration 3 of bfs started. (24744 active vertices)[0m
SortReduce Starting...
Loading file output.dat size 8255028 -- 18
yes yes:0-0 yes:0-1
		++ Iteration 3 done: 687919
>>> setupkernel::finishSR:: active vertices after iteration: 665170
Loading file fd 19 size 5321360

[1m[37m>>> bfs::run: graph iteration 4 of bfs started. (665170 active vertices)[0m
SortReduce Starting...
yes no:1-0 no:0-1
yes yes:0-0 no:1-0
Loading file output.dat size 34887420 -- 20
yes yes:0-0 yes:0-1
		++ Iteration 4 done: 2907285
>>> setupkernel::finishSR:: active vertices after iteration: 2246283
Loading file fd 21 size 17970264

[1m[37m>>> bfs::run: graph iteration 5 of bfs started. (2246283 active vertices)[0m
SortReduce Starting...
yes no:1-0 no:0-2
yes yes:0-0 no:1-0
Loading file output.dat size 31119948 -- 22
yes yes:0-0 yes:0-1
		++ Iteration 5 done: 2593329
>>> setupkernel::finishSR:: active vertices after iteration: 56731
Loading file fd 23 size 453848

[1m[37m>>> bfs::run: graph iteration 6 of bfs started. (56731 active vertices)[0m
SortReduce Starting...
SortReduce writing inmem directly to file /localtmp/oj2zf/tmpdata_grafboost/output.dat
Loading file output.dat size 1905288 -- 24
yes yes:0-0 yes:0-1
		++ Iteration 6 done: 158774
>>> setupkernel::finishSR:: active vertices after iteration: 515
Loading file fd 25 size 4120

[1m[37m>>> bfs::run: graph iteration 7 of bfs started. (515 active vertices)[0m
SortReduce Starting...
SortReduce writing inmem directly to file /localtmp/oj2zf/tmpdata_grafboost/output.dat
Loading file output.dat size 4788 -- 26
yes yes:0-0 yes:0-1
		++ Iteration 7 done: 399
>>> setupkernel::finishSR:: active vertices after iteration: 0
Loading file fd 27 size 0

>>> bfs::start2: finished start2. Time Elapsed: : Time Elapsed = 31351915094[nanao seconds](Iteration 666)
>>> bfs::start2: finished start2. Time Elapsed: : Time Elapsed = 31351915[micro seconds](Iteration 666)
>>> bfs::start2: finished start2. Time Elapsed: : Time Elapsed = 31351[milli seconds](Iteration 666)
>>> bfs::start2: finished start2. Time Elapsed: : Time Elapsed = 31[seconds](Iteration 666)

graph::closetemporaryfilesforwriting : close temporary files for writing...
graph::closetemporaryfilesforreading : close files for reading...
graph::closefilesforreading : close files for reading...
=== STATS::TIMING AND SUMMARY RESULTS FOR ITERATION: 666 === 
>>> stats::summary Total number of kvReads in bank [0]: 106346292
[1m[37m>>> stats::summary Total number of kvReads for all threads: 106346292[0m
[1m[37m>>> stats::summary Total time spent (SSD access): 0 milliseconds[0m
[1m[37m>>> stats::summary Total time spent (SSD access): 0 seconds[0m
[1m[37m>>> stats::summary Total time spent (OCL data transfers): 0 milliseconds[0m
[1m[37m>>> stats::summary Total time spent (OCL data transfers): 0 seconds[0m
[1m[37m>>> stats::summary Total time spent (Kernel Pre Process execution): 794 milliseconds[0m
[1m[37m>>> stats::summary Total time spent (Kernel Pre Process execution): 0.794 seconds[0m
[1m[37m>>> stats::summary Total time spent (Kernel execution): 25692 milliseconds[0m
[1m[37m>>> stats::summary Total time spent (Kernel execution): 25.692 seconds[0m
[1m[37m>>> stats::summary Total time spent (Kernel Post Process execution): 0 milliseconds[0m
[1m[37m>>> stats::summary Total time spent (Kernel Post Process execution): 0 seconds[0m
[1m[37m>>> stats::summary Total time spent (Overall Kernel execution): 26486 milliseconds[0m
[1m[37m>>> stats::summary Total time spent (Overall Kernel execution): 26.486 seconds[0m
[1m[37m>>> stats::summary Total time spent (Overall processing): 31351 milliseconds[0m
[1m[37m>>> stats::summary Total time spent (Overall processing): 31.351 seconds[0m
[1m[37m>>> stats::summary Total time spent (Overall processing excluding SSD & OCL data transfers): 31351 milliseconds[0m
[1m[37m>>> stats::summary Total time spent (Overall processing excluding SSD & OCL data transfers): 31.351 seconds[0m
[1m[37m>>> stats::summary Throughput (Kernel processing): 4.01519e+06 keyvalues per second[0m
[1m[37m>>> stats::summary Throughput (Kernel processing): 4.01519 million keyvalues per second[0m
[1m[37m>>> stats::summary Throughput (Kernel processing): 32.1215 MB/s[0m
[1m[37m>>> stats::summary Throughput (Overall processing): 4.01519e+06 keyvalues per second[0m
[1m[37m>>> stats::summary Throughput (Overall processing): 4.01519 million keyvalues per second[0m
[1m[37m>>> stats::summary Throughput (Overall processing): 32.1215 MB/s[0m
[1m[37m>>> stats::summary Throughput (Overall processing excluding SSD & OCL data transfers): 3.39212e+06 keyvalues per second[0m
[1m[37m>>> stats::summary Throughput (Overall processing excluding SSD & OCL data transfers): 3.39212 million keyvalues per second[0m

graph::printdataset: printing dataset parameters...
>>> graphname: soc-orkut
>>> graph_path: /localtmp/oj2zf/dataset/soc-orkut/soc-orkut.mtx
>>> vertices_path: /localtmp/oj2zf/dataset/soc-orkut/soc-orkut.vertices
>>> edges_path: /localtmp/oj2zf/dataset/soc-orkut/soc-orkut.edges
>>> vertices_path_bin: /localtmp/oj2zf/dataset/soc-orkut/soc-orkut_bin.vertices
>>> edges_path_bin: /localtmp/oj2zf/dataset/soc-orkut/soc-orkut_bin.edges
>>> min_vertex: 0
>>> max_vertex: 2997166
>>> num_vertices: 2997166
>>> num_edges: 106349209
>>> graphdirectiontype: 5
>>> graphorder: 6
>>> skewratio: 128
TEST FINISHED
[1m[37m>>> HOSTPROCESS:: TIMING SUMMARY: TOTAL TIME ELAPSED: : Time Elapsed = 31555529433[nanao seconds](Iteration 666)[0m
[1m[37m>>> HOSTPROCESS:: TIMING SUMMARY: TOTAL TIME ELAPSED: : Time Elapsed = 31555529[micro seconds](Iteration 666)[0m
[1m[37m>>> HOSTPROCESS:: TIMING SUMMARY: TOTAL TIME ELAPSED: : Time Elapsed = 31555[milli seconds](Iteration 666)[0m
[1m[37m>>> HOSTPROCESS:: TIMING SUMMARY: TOTAL TIME ELAPSED: : Time Elapsed = 31[seconds](Iteration 666)[0m

