rm -rf host ./xclbin/{*sw_emu*,*hw_emu*} 
rm -rf profile_* TempConfig system_estimate.xtxt *.rpt *.csv 
rm -rf src/*.ll _xocc_* .Xil emconfig.json dltmp* xmltmp* *.log *.jou *.wcfg *.wdb
mkdir -p obj
g++ -o ./sr_nthreads examples/hostprocess.cpp src/algorithm/algorithm.cpp examples/helperfunctions/postprocess.cpp examples/helperfunctions/loadgraph.cpp examples/helperfunctions/setupkernel.cpp examples/helperfunctions/procedges.cpp examples/pagerank/pagerank.cpp examples/bfs/bfs.cpp examples/sssp/sssp.cpp examples/test/test.cpp src/graphs/graph.cpp src/heuristics/heuristics.cpp src/stats/stats.cpp src/utility/utility.cpp src/parameters/parameters.cpp src/dataset/dataset.cpp kernels/kernel.cpp kernels/swkernel.cpp kernels/goclkernel.cpp src/graphs/creategraphs.cpp acts/sortreduce/sr.cpp acts/acts_lw/actslw.cpp acts/actsutility/actsutility.cpp  sortreduce-master/examples/graph/src//FileReaderAio.cpp sortreduce-master/examples/graph/src//EdgeProcess.cpp sortreduce-master/examples/graph/src//VertexValues.cpp sortreduce-master/examples/graph/src//BCMergeFlip.cpp -DKVTYPES1='uint64_t,uint32_t'  -DKVTYPES2='uint32_t,uint32_t' -Isortreduce-master/include/ -Isortreduce-master/examples/graph/src/ -Lsortreduce-master/obj/ -std=c++11 -lsortreduce -pthread -laio -march=native -lrt -g
./sr_nthreads
Hostprocess:: Graph Analytics Started...
host:: NUMDRAMBANKS: 4
host:: NUMWORKERS: 1
host:: NUMSUBWORKERS: 3
host:: NUM_PARTITIONS: 16
host:: NUMSUPERCPUTHREADS: 1
host:: NUMCPUTHREADS: 1
host:: NUMSUBCPUTHREADS: 16
host:: NUMUTILITYTHREADS: 16
host:: DATAWIDTH: 512
host:: VECTOR_SIZE: 8
host:: KVDATA_BATCHSIZE: 10000000
host:: KVDATA_BATCHSIZE_KVS: 1250000
host:: EDGES_BATCHSIZE: 80000000
host:: EDGES_BATCHSIZE_KVS: 10000000
host:: KVDATA_RANGE: 2097152
host:: KVDATA_RANGE_POW: 21
host:: BATCH_RANGE: 2097152
host:: BATCH_RANGE_POW: 21
host:: BATCH_RANGE2: 16384
host:: BATCH_RANGE2_POW: 14
host:: EDGESSZ: 0
host:: (float)APPROXTREE_DEPTH: 3
host:: APPROXTREE_DEPTH: 3
host:: TREE_DEPTH: 3
host:: TREE_DEPTH2: 1
host:: NUMSSDPARTITIONS: 1
host:: KVDATA_RANGE_PERSSDPARTITION_POW: 21
host:: KVDATA_RANGE_PERSSDPARTITION: 2097152
host:: KVDATA_RANGE_PERSSDPARTITION2_POW: 14
host:: KVDATA_RANGE_PERSSDPARTITION2: 16384
host:: MESSAGES_SIZE: 1024
host:: NUMSSDPARTITIONS: 1
host:: NUMSSDPARTITIONS_POW: 0
host:: MAXNUMSSDPARTITIONS: 1
host:: LOCKE NOT DEFINED
host:: STREAMEDGESSETUP DEFINED
host:: sizeof(keyvalue_t): 8 bytes (64 bits)
host:: sizeof(vertex_t): 4 bytes (32 bits)
host:: sizeof(edge_t): 4 bytes (32 bits)
host:: MESSAGESDRAMSZ: 1024
host:: KVDRAMSZ: 11311232
host:: KVDRAMSZ_KVS: 1413904
host:: KVDRAMWORKSPACESZ: 11311232
host:: KVDRAMWORKSPACESZ_KVS: 1413904
host:: EDGESSZ: 0
host:: EDGESSZ_KVS: 0
host:: VERTEXPTRSSZ: 0
host:: VERTEXPTRSSZ_KVS: 0
host:: VERTICESDATASZ: 1048576
host:: VERTICESDATASZ_KVS: 131072
host:: BASEOFFSET_KVDRAM: 1024
host:: BASEOFFSET_KVDRAM_KVS: 128
host:: BASEOFFSET_KVDRAMWORKSPACE: 11312256
host:: BASEOFFSET_KVDRAMWORKSPACE_KVS: 1414032
host:: BASEOFFSET_STATSDRAM: 22623488
host:: BASEOFFSET_EDGESDATA: 22754560
host:: BASEOFFSET_EDGESDATA_KVS: 2844320
host:: BASEOFFSET_VERTEXPTR: 22754560
host:: BASEOFFSET_VERTEXPTR_KVS: 2844320
host:: BASEOFFSET_VERTICESDATA: 22754560
host:: BASEOFFSET_VERTICESDATA_KVS: 2844320
host:: KVSOURCEDRAMSZ: 23803136
host:: KVSOURCEDRAMSZ_KVS: 2975392
host:: PADDEDKVSOURCEDRAMSZ: 23803136
host:: PADDEDKVSOURCEDRAMSZ_KVS: 2975392
>> host:: MESSAGESDRAMSZ (bytes): 8192 bytes
>> host:: KVDRAMBUFFERSZ (bytes): 0 bytes
>> host:: KVDRAMSZ (bytes): 90489856 bytes
>> host:: KVDRAMWORKSPACESZ (bytes): 90489856 bytes
>> host:: KVSTATSDRAMSZ (bytes): 1048576 bytes
>> host:: ACTIVEVERTICESSZ (bytes): 0 bytes
>> host:: EDGESSZ (bytes): 0 bytes
>> host:: VERTEXPTRSSZ (bytes): 0 bytes
>> host:: VERTICESDATASZ (bytes): 8388608 bytes
>> host:: PADDEDKVSOURCEDRAMSZ (bytes): 190425088 bytes
host:: KVSTATSDRAMSZ: 131072
host:: KVDRAMPADDING: 1311232
host:: APPLYVERTEXBUFFERSZ: 512
host:: APPLYVERTEXBUFFERSZ_KVS: 64
host:: APPLYVERTEXBUFFERSZ2: 1024
host:: APPLYVERTEXBUFFERSZ2_KVS: 128
host:: NUMLASTLEVELPARTITIONS: 4096
host:: NUMLASTLEVELPARTITIONS2: 16
host:: INMEMORYGP disabled 
graph::graph constructor:: datasetid: 35, _numedgebanks: 1
graph::loadalldatasets:: 
graph::loadalldatasets finished. 
graph::printdataset: printing dataset parameters...
>>> graphname: roadNet-CA
>>> graph_path: /localtmp/oj2zf/dataset/roadNet-CA/roadNet-CA.mtx
>>> vertices_path: /localtmp/oj2zf/dataset/roadNet-CA/roadNet-CA.vertices
>>> edges_path: /localtmp/oj2zf/dataset/roadNet-CA/roadNet-CA.edges
>>> vertices_path_bin: /localtmp/oj2zf/dataset/roadNet-CA/roadNet-CA_bin.vertices
>>> edges_path_bin: /localtmp/oj2zf/dataset/roadNet-CA/roadNet-CA_bin.edges
>>> min_vertex: 0
>>> max_vertex: 1971281
>>> num_vertices: 1971281
>>> num_edges: 2766607
>>> graphdirectiontype: 5
>>> graphorder: 6
>>> skewratio: 128
setupkernel::loadSRstructures:: tmp_dir: /localtmp/oj2zf/tmpdata_grafboost
setupkernel::loadSRstructures:: idx_path: /localtmp/oj2zf/dataset/roadNet-CA/ridx.dat
setupkernel::loadSRstructures:: mat_path: /localtmp/oj2zf/dataset/roadNet-CA/matrix.dat
setupkernel::loadSRstructures:: vertex_count: 1971281
Created vertex values file at /localtmp/oj2zf/tmpdata_grafboost/vertex_data.dat -- 1971281
VertexValues default init done : 157 ms
bfs::run:: bfs algorithm started. 
graph::opentemporaryfilesforwriting : opening temporary files for writing...
Directory already exists.INFO: Successfully opened /localtmp/oj2zf/dataset/roadNet-CA/roadNet-CA_1by1/roadNet-CA.vdata
INFO: Successfully opened /localtmp/oj2zf/dataset/roadNet-CA/roadNet-CA_1by1/roadNet-CA.vproperties
graph::opentemporaryfilesforreading : opening temporary files for reading
INFO: Successfully opened /localtmp/oj2zf/dataset/roadNet-CA/roadNet-CA_1by1/roadNet-CA.vdata
INFO: Successfully opened /localtmp/oj2zf/dataset/roadNet-CA/roadNet-CA_1by1/roadNet-CA.vproperties
generating vertices data... 
generating temp vertices data... 
graph::openfilesforreading : opening files for reading
INFO: Successfully opened /localtmp/oj2zf/dataset/roadNet-CA/roadNet-CA_1by1/roadNet-CA_0_0.vertexptrs
INFO: Successfully opened /localtmp/oj2zf/dataset/roadNet-CA/roadNet-CA_1by1/roadNet-CA_0_0.vertexptrs
INFO: Successfully opened /localtmp/oj2zf/dataset/roadNet-CA/roadNet-CA_1by1/roadNet-CA_0_0.edges
INFO: Successfully opened /localtmp/oj2zf/dataset/roadNet-CA/roadNet-CA_1by1/roadNet-CA_0_0.edges

[1m[37m>>> bfs::run: graph iteration 0 of bfs started. (1 active vertices)[0m
SortReduce Starting...
SortReduce writing inmem directly to file /localtmp/oj2zf/tmpdata_grafboost/output.dat
Loading file output.dat size 36 -- 12
yes yes:0-0 yes:0-1
		++ Iteration 0 done: 3
>>> setupkernel::finishSR:: active vertices after iteration: 3
Loading file fd 13 size 24

[1m[37m>>> bfs::run: graph iteration 1 of bfs started. (3 active vertices)[0m
SortReduce Starting...
SortReduce writing inmem directly to file /localtmp/oj2zf/tmpdata_grafboost/output.dat
Loading file output.dat size 48 -- 14
yes yes:0-0 yes:0-1
		++ Iteration 1 done: 4
>>> setupkernel::finishSR:: active vertices after iteration: 4
Loading file fd 15 size 32

[1m[37m>>> bfs::run: graph iteration 2 of bfs started. (4 active vertices)[0m
SortReduce Starting...
yes yes:0-0 no:0-0
yes yes:0-0 no:0-0
yes yes:0-0 no:0-0
yes yes:0-0 no:0-0
yes yes:0-0 no:0-0
yes yes:0-0 no:0-0
yes yes:0-0 no:0-0
yes yes:0-0 no:0-0
yes yes:0-0 no:0-0
yes yes:0-0 no:0-0
yes yes:0-0 no:0-0
yes yes:0-0 no:0-0
yes yes:0-0 no:0-0
yes yes:0-0 no:0-0
yes yes:0-0 no:0-0
yes yes:0-0 no:0-0
yes yes:0-0 no:0-0
yes yes:0-0 no:0-0
yes yes:0-0 no:0-0
yes yes:0-0 no:0-0
yes yes:0-0 no:0-0
yes yes:0-0 no:0-0
yes yes:0-0 no:0-0
yes yes:0-0 no:0-0
yes yes:0-0 no:0-0
yes yes:0-0 no:0-0
yes yes:0-0 no:0-0
yes yes:0-0 no:0-0
yes yes:0-0 no:0-0
yes yes:0-0 no:0-0
yes yes:0-0 no:0-0
yes yes:0-0 no:0-0
yes yes:0-0 no:0-0
yes yes:0-0 no:0-0
yes yes:0-0 no:0-0
yes yes:0-0 no:0-0
yes yes:0-0 no:0-0
yes yes:0-0 no:0-0
yes yes:0-0 no:0-0
yes yes:0-0 no:0-0
yes yes:0-0 no:0-0
yes yes:0-0 no:0-0
yes yes:0-0 no:0-0
yes yes:0-0 no:0-0
yes yes:0-0 no:0-0
yes yes:0-0 no:0-0
yes yes:0-0 no:0-0
yes yes:0-0 no:0-0
yes yes:0-0 no:0-0
yes yes:0-0 no:0-0
yes yes:0-0 no:0-0
yes yes:0-0 no:0-0
yes yes:0-0 no:0-0
yes yes:0-0 no:0-0
yes yes:0-0 no:0-0
yes yes:0-0 no:0-0
yes yes:0-0 no:0-0
yes yes:0-0 no:0-0
yes yes:0-0 no:0-0
yes yes:0-0 no:0-0
yes yes:0-0 no:0-0
yes yes:0-0 no:0-0
yes yes:0-0 no:0-0
yes yes:0-0 no:0-0
yes yes:0-0 no:0-0
yes yes:0-0 no:0-0
yes yes:0-0 no:0-0
yes yes:0-0 no:0-0
yes yes:0-0 no:0-0
yes yes:0-0 no:0-0
yes yes:0-0 no:0-0
yes yes:0-0 no:0-0
yes yes:0-0 no:0-0
yes yes:0-0 no:0-0
yes yes:0-0 no:0-0
yes yes:0-0 no:0-0
yes yes:0-0 no:0-0
yes yes:0-0 no:0-0
yes yes:0-0 no:0-0
yes yes:0-0 no:0-0
yes yes:0-0 no:0-0
yes yes:0-0 no:0-0
yes yes:0-0 no:0-0
yes yes:0-0 no:0-0
yes yes:0-0 no:0-0
yes yes:0-0 no:0-0
yes yes:0-0 no:0-0
yes yes:0-0 no:0-0
yes yes:0-0 no:0-0
yes yes:0-0 no:0-0
yes yes:0-0 no:0-0
yes yes:0-0 no:0-0
yes yes:0-0 no:0-0
yes yes:0-0 no:0-0
yes yes:0-0 no:0-0
yes yes:0-0 no:0-0
yes yes:0-0 no:0-0
yes yes:0-0 no:0-0
yes yes:0-0 no:0-0
yes yes:0-0 no:0-0
yes yes:0-0 no:0-0
yes yes:0-0 no:0-0
yes yes:0-0 no:0-0
yes yes:0-0 no:0-0
yes yes:0-0 no:0-0
yes yes:0-0 no:0-0
yes yes:0-0 no:0-0
yes yes:0-0 no:0-0
yes yes:0-0 no:0-0
yes yes:0-0 no:0-0
yes yes:0-0 no:0-0
yes yes:0-0 no:0-0
yes yes:0-0 no:0-0
yes yes:0-0 no:0-0
yes yes:0-0 no:0-0
yes yes:0-0 no:0-0
yes yes:0-0 no:0-0
yes yes:0-0 no:0-0
yes yes:0-0 no:0-0
yes yes:0-0 no:0-0
yes yes:0-0 no:0-0
yes yes:0-0 no:0-0
yes yes:0-0 no:0-0
yes yes:0-0 no:0-0
yes yes:0-0 no:0-0
yes yes:0-0 no:0-0
yes yes:0-0 no:0-0
yes yes:0-0 no:0-0
yes yes:0-0 no:0-0
yes yes:0-0 no:0-0
yes yes:0-0 no:0-0
yes yes:0-0 no:0-0
yes yes:0-0 no:0-0
yes yes:0-0 no:0-0
yes yes:0-0 no:0-0
yes yes:0-0 no:0-0
yes yes:0-0 no:0-0
yes yes:0-0 no:0-0
yes yes:0-0 no:0-0
yes yes:0-0 no:0-0
yes yes:0-0 no:0-0
yes yes:0-0 no:0-0
yes yes:0-0 no:0-0
yes yes:0-0 no:0-0
yes yes:0-0 no:0-0
yes yes:0-0 no:0-0
yes yes:0-0 no:0-0
yes yes:0-0 no:0-0
yes yes:0-0 no:0-0
yes yes:0-0 no:0-0
yes yes:0-0 no:0-0
yes yes:0-0 no:0-0
yes yes:0-0 no:0-0
yes yes:0-0 no:0-0
yes yes:0-0 no:0-0
yes yes:0-0 no:0-0
yes yes:0-0 no:0-0
yes yes:0-0 no:0-0
yes yes:0-0 no:0-0
yes yes:0-0 no:0-0
yes yes:0-0 no:0-0
yes yes:0-0 no:0-0
yes yes:0-0 no:0-0
yes yes:0-0 no:0-0
yes yes:0-0 no:0-0
yes yes:0-0 no:0-0
yes yes:0-0 no:0-0
yes yes:0-0 no:0-0
yes yes:0-0 no:0-0
yes yes:0-0 no:0-0
yes yes:0-0 no:0-0
yes yes:0-0 no:0-0
yes yes:0-0 no:0-0
yes yes:0-0 no:0-0
yes yes:0-0 no:0-0
yes yes:0-0 no:0-0
yes yes:0-0 no:0-0
yes yes:0-0 no:0-0
yes yes:0-0 no:0-0
yes yes:0-0 no:0-0
yes yes:0-0 no:0-0
yes yes:0-0 no:0-0
yes yes:0-0 no:0-0
yes yes:0-0 no:0-0
yes yes:0-0 no:0-0
yes yes:0-0 no:0-0
yes yes:0-0 no:0-0
yes yes:0-0 no:0-0
yes yes:0-0 no:0-0
yes yes:0-0 no:0-0
yes yes:0-0 no:0-0
yes yes:0-0 no:0-0
yes yes:0-0 no:0-0
yes yes:0-0 no:0-0
yes yes:0-0 no:0-0
yes yes:0-0 no:0-0
yes yes:0-0 no:0-0
yes yes:0-0 no:0-0
yes yes:0-0 no:0-0
yes yes:0-0 no:0-0
yes yes:0-0 no:0-0
yes yes:0-0 no:0-0
yes yes:0-0 no:0-0
yes yes:0-0 no:0-0
yes yes:0-0 no:0-0
yes yes:0-0 no:0-0
yes yes:0-0 no:0-0
yes yes:0-0 no:0-0
yes yes:0-0 no:0-0
yes yes:0-0 no:0-0
yes yes:0-0 no:0-0
yes yes:0-0 no:0-0
yes yes:0-0 no:0-0
yes yes:0-0 no:0-0
yes yes:0-0 no:0-0
yes yes:0-0 no:0-0
yes yes:0-0 no:0-0
yes yes:0-0 no:0-0
yes yes:0-0 no:0-0
yes yes:0-0 no:0-0
yes yes:0-0 no:0-0
yes yes:0-0 no:0-0
yes yes:0-0 no:0-0
yes yes:0-0 no:0-0
yes yes:0-0 no:0-0
yes yes:0-0 no:0-0
yes yes:0-0 no:0-0
yes yes:0-0 no:0-0
yes yes:0-0 no:0-0
yes yes:0-0 no:0-0
yes yes:0-0 no:0-0
yes yes:0-0 no:0-0
yes yes:0-0 no:0-0
yes yes:0-0 no:0-0
yes yes:0-0 no:0-0
yes yes:0-0 no:0-0
yes yes:0-0 no:0-0
yes yes:0-0 no:0-0
yes yes:0-0 no:0-0
yes yes:0-0 no:0-0
yes yes:0-0 no:0-0
yes yes:0-0 no:0-0
yes yes:0-0 no:0-0
yes yes:0-0 no:0-0
yes yes:0-0 no:0-0
yes yes:0-0 no:0-0
yes yes:0-0 no:0-0
yes yes:0-0 no:0-0
yes yes:0-0 no:0-0
yes yes:0-0 no:0-0
yes yes:0-0 no:0-0
yes yes:0-0 no:0-0
yes yes:0-0 no:0-0
yes yes:0-0 no:0-0
yes yes:0-0 no:0-0
yes yes:0-0 no:0-0
yes yes:0-0 no:0-0
yes yes:0-0 no:0-0
yes yes:0-0 no:0-0
yes yes:0-0 no:0-0
yes yes:0-0 no:0-0
yes yes:0-0 no:0-0
yes yes:0-0 no:0-0
yes yes:0-0 no:0-0
yes yes:0-0 no:0-0
yes yes:0-0 no:0-0
yes yes:0-0 no:0-0
yes yes:0-0 no:0-0
yes yes:0-0 no:0-0
yes yes:0-0 no:0-0
yes yes:0-0 no:0-0
yes yes:0-0 no:0-0
yes yes:0-0 no:0-0
yes yes:0-0 no:0-0
yes yes:0-0 no:0-0
yes yes:0-0 no:0-0
yes yes:0-0 no:0-0
yes yes:0-0 no:0-0
yes yes:0-0 no:0-0
yes yes:0-0 no:0-0
yes yes:0-0 no:0-0
yes yes:0-0 no:0-0
yes yes:0-0 no:0-0
yes yes:0-0 no:0-0
yes yes:0-0 no:0-0
yes yes:0-0 no:0-0
yes yes:0-0 no:0-0
yes yes:0-0 no:0-0
yes yes:0-0 no:0-0
yes yes:0-0 no:0-0
yes yes:0-0 no:0-0
yes yes:0-0 no:0-0
yes yes:0-0 no:0-0
yes yes:0-0 no:0-0
yes yes:0-0 no:0-0
yes yes:0-0 no:0-0
yes yes:0-0 no:0-0
yes yes:0-0 no:0-0
yes yes:0-0 no:0-0
yes yes:0-0 no:0-0
yes yes:0-0 no:0-0
yes yes:0-0 no:0-0
yes yes:0-0 no:0-0
yes yes:0-0 no:0-0
yes yes:0-0 no:0-0
yes yes:0-0 no:0-0
yes yes:0-0 no:0-0
yes yes:0-0 no:0-0
yes yes:0-0 no:0-0
yes yes:0-0 no:0-0
yes yes:0-0 no:0-0
yes yes:0-0 no:0-0
yes yes:0-0 no:0-0
yes yes:0-0 no:0-0
yes yes:0-0 no:0-0
yes yes:0-0 no:0-0
yes yes:0-0 no:0-0
yes yes:0-0 no:0-0
yes yes:0-0 no:0-0
yes yes:0-0 no:0-0
yes yes:0-0 no:0-0
yes yes:0-0 no:0-0
yes yes:0-0 no:0-0
yes yes:0-0 no:0-0
yes yes:0-0 no:0-0
yes yes:0-0 no:0-0
yes yes:0-0 no:0-0
yes yes:0-0 no:0-0
yes yes:0-0 no:0-0
yes yes:0-0 no:0-0
yes yes:0-0 no:0-0
yes yes:0-0 no:0-0
yes yes:0-0 no:0-0
yes yes:0-0 no:0-0
yes yes:0-0 no:0-0
yes yes:0-0 no:0-0
yes yes:0-0 no:0-0
yes yes:0-0 no:0-0
yes yes:0-0 no:0-0
yes yes:0-0 no:0-0
yes yes:0-0 no:0-0
yes yes:0-0 no:0-0
yes yes:0-0 no:0-0
yes yes:0-0 no:0-0
yes yes:0-0 no:0-0
yes yes:0-0 no:0-0
yes yes:0-0 no:0-0
yes yes:0-0 no:0-0
yes yes:0-0 no:0-0
yes yes:0-0 no:0-0
yes yes:0-0 no:0-0
yes yes:0-0 no:0-0
yes yes:0-0 no:0-0
yes yes:0-0 no:0-0
yes yes:0-0 no:0-0
yes yes:0-0 no:0-0
yes yes:0-0 no:0-0
yes yes:0-0 no:0-0
yes yes:0-0 no:0-0
yes yes:0-0 no:0-0
yes yes:0-0 no:0-0
yes yes:0-0 no:0-0
yes yes:0-0 no:0-0
yes yes:0-0 no:0-0
yes yes:0-0 no:0-0
yes yes:0-0 no:0-0
yes yes:0-0 no:0-0
yes yes:0-0 no:0-0
yes yes:0-0 no:0-0
yes yes:0-0 no:0-0
yes yes:0-0 no:0-0
yes yes:0-0 no:0-0
yes yes:0-0 no:0-0
yes yes:0-0 no:0-0
yes yes:0-0 no:0-0
yes yes:0-0 no:0-0
yes yes:0-0 no:0-0
yes yes:0-0 no:0-0
yes yes:0-0 no:0-0
yes yes:0-0 no:0-0
yes yes:0-0 no:0-0
yes yes:0-0 no:0-0
yes yes:0-0 no:0-0
yes yes:0-0 no:0-0
yes yes:0-0 no:0-0
yes yes:0-0 no:0-0
yes yes:0-0 no:0-0
yes yes:0-0 no:0-0
yes yes:0-0 no:0-0
yes yes:0-0 no:0-0
yes yes:0-0 no:0-0
yes yes:0-0 no:0-0
yes yes:0-0 no:0-0
yes yes:0-0 no:0-0
yes yes:0-0 no:0-0
yes yes:0-0 no:0-0
yes yes:0-0 no:0-0
yes yes:0-0 no:0-0
yes yes:0-0 no:0-0
yes yes:0-0 no:0-0
yes yes:0-0 no:0-0
yes yes:0-0 no:0-0
yes yes:0-0 no:0-0
yes yes:0-0 no:0-0
yes yes:0-0 no:0-0
yes yes:0-0 no:0-0
yes yes:0-0 no:0-0
yes yes:0-0 no:0-0
yes yes:0-0 no:0-0
yes yes:0-0 no:0-0
yes yes:0-0 no:0-0
yes yes:0-0 no:0-0
yes yes:0-0 no:0-0
yes yes:0-0 no:0-0
yes yes:0-0 no:0-0
yes yes:0-0 no:0-0
yes yes:0-0 no:0-0
yes yes:0-0 no:0-0
yes yes:0-0 no:0-0
yes yes:0-0 no:0-0
yes yes:0-0 no:0-0
yes yes:0-0 no:0-0
yes yes:0-0 no:0-0
yes yes:0-0 no:0-0
yes yes:0-0 no:0-0
yes yes:0-0 no:0-0
yes yes:0-0 no:0-0
yes yes:0-0 no:0-0
yes yes:0-0 no:0-0
yes yes:0-0 no:0-0
yes yes:0-0 no:0-0
yes yes:0-0 no:0-0
yes yes:0-0 no:0-0
yes yes:0-0 no:0-0
yes yes:0-0 no:0-0
yes yes:0-0 no:0-0
yes yes:0-0 no:0-0
yes yes:0-0 no:0-0
yes yes:0-0 no:0-0
yes yes:0-0 no:0-0
yes yes:0-0 no:0-0
yes yes:0-0 no:0-0
yes yes:0-0 no:0-0
yes yes:0-0 no:0-0
yes yes:0-0 no:0-0
yes yes:0-0 no:0-0
yes yes:0-0 no:0-0
yes yes:0-0 no:0-0
yes yes:0-0 no:0-0
yes yes:0-0 no:0-0
yes yes:0-0 no:0-0
yes yes:0-0 no:0-0
yes yes:0-0 no:0-0
yes yes:0-0 no:0-0
yes yes:0-0 no:0-0
yes yes:0-0 no:0-0
yes yes:0-0 no:0-0
yes yes:0-0 no:0-0
yes yes:0-0 no:0-0
yes yes:0-0 no:0-0
yes yes:0-0 no:0-0
yes yes:0-0 no:0-0
yes yes:0-0 no:0-0
yes yes:0-0 no:0-0
yes yes:0-0 no:0-0
yes yes:0-0 no:0-0
yes yes:0-0 no:0-0
yes yes:0-0 no:0-0
yes yes:0-0 no:0-0
yes yes:0-0 no:0-0
yes yes:0-0 no:0-0
yes yes:0-0 no:0-0
yes yes:0-0 no:0-0
yes yes:0-0 no:0-0
yes yes:0-0 no:0-0
yes yes:0-0 no:0-0
yes yes:0-0 no:0-0
yes yes:0-0 no:0-0
yes yes:0-0 no:0-0
yes yes:0-0 no:0-0
yes yes:0-0 no:0-0
yes yes:0-0 no:0-0
yes yes:0-0 no:0-0
yes yes:0-0 no:0-0
yes yes:0-0 no:0-0
yes yes:0-0 no:0-0
yes yes:0-0 no:0-0
yes yes:0-0 no:0-0
yes yes:0-0 no:0-0
yes yes:0-0 no:0-0
yes yes:0-0 no:0-0
yes yes:0-0 no:0-0
yes yes:0-0 no:0-0
yes yes:0-0 no:0-0
yes yes:0-0 no:0-0
yes yes:0-0 no:0-0
yes yes:0-0 no:0-0
yes yes:0-0 no:0-0
yes yes:0-0 no:0-0
yes yes:0-0 no:0-0
yes yes:0-0 no:0-0
yes yes:0-0 no:0-0
yes yes:0-0 no:0-0
yes yes:0-0 no:0-0
yes yes:0-0 no:0-0
yes yes:0-0 no:0-0
yes yes:0-0 no:0-0
yes yes:0-0 no:0-0
yes yes:0-0 no:0-0
yes yes:0-0 no:0-0
yes yes:0-0 no:0-0
yes yes:0-0 no:0-0
yes yes:0-0 no:0-0
yes yes:0-0 no:0-0
yes yes:0-0 no:0-0
yes yes:0-0 no:0-0
yes yes:0-0 no:0-0
yes yes:0-0 no:0-0
yes yes:0-0 no:0-0
yes yes:0-0 no:0-0
yes yes:0-0 no:0-0
yes yes:0-0 no:0-0
yes yes:0-0 no:0-0
yes yes:0-0 no:0-0
yes yes:0-0 no:0-0
yes yes:0-0 no:0-0
yes yes:0-0 no:0-0
yes yes:0-0 no:0-0
yes yes:0-0 no:0-0
yes yes:0-0 no:0-0
yes yes:0-0 no:0-0
yes yes:0-0 no:0-0
yes yes:0-0 no:0-0
yes yes:0-0 no:0-0
yes yes:0-0 no:0-0
yes yes:0-0 no:0-0
yes yes:0-0 no:0-0
yes yes:0-0 no:0-0
yes yes:0-0 no:0-0
yes yes:0-0 no:0-0
yes yes:0-0 no:0-0
yes yes:0-0 no:0-0
yes yes:0-0 no:0-0
yes yes:0-0 no:0-0
yes yes:0-0 no:0-0
yes yes:0-0 no:0-0
yes yes:0-0 no:0-0
yes yes:0-0 no:0-0
yes yes:0-0 no:0-0
yes yes:0-0 no:0-0
yes yes:0-0 no:0-0
yes yes:0-0 no:0-0
yes yes:0-0 no:0-0
yes yes:0-0 no:0-0
yes yes:0-0 no:0-0
yes yes:0-0 no:0-0
yes yes:0-0 no:0-0
yes yes:0-0 no:0-0
yes yes:0-0 no:0-0
yes yes:0-0 no:0-0
yes yes:0-0 no:0-0
yes yes:0-0 no:0-0
yes yes:0-0 no:0-0
yes yes:0-0 no:0-0
yes yes:0-0 no:0-0
yes yes:0-0 no:0-0
yes yes:0-0 no:0-0
yes yes:0-0 no:0-0
yes yes:0-0 no:0-0
yes yes:0-0 no:0-0
yes yes:0-0 no:0-0
yes yes:0-0 no:0-0
yes yes:0-0 no:0-0
yes yes:0-0 no:0-0
yes yes:0-0 no:0-0
yes yes:0-0 no:0-0
yes yes:0-0 no:0-0
yes yes:0-0 no:0-0
yes yes:0-0 no:0-0
yes yes:0-0 no:0-0
yes yes:0-0 no:0-0
yes yes:0-0 no:0-0
yes yes:0-0 no:0-0
yes yes:0-0 no:0-0
yes yes:0-0 no:0-0
yes yes:0-0 no:0-0
yes yes:0-0 no:0-0
yes yes:0-0 no:0-0
yes yes:0-0 no:0-0
yes yes:0-0 no:0-0
yes yes:0-0 no:0-0
yes yes:0-0 no:0-0
yes yes:0-0 no:0-0
yes yes:0-0 no:0-0
yes yes:0-0 no:0-0
yes yes:0-0 no:0-0
yes yes:0-0 no:0-0
yes yes:0-0 no:0-0
yes yes:0-0 no:0-0
yes yes:0-0 no:0-0
yes yes:0-0 no:0-0
yes yes:0-0 no:0-0
yes yes:0-0 no:0-0
yes yes:0-0 no:0-0
yes yes:0-0 no:0-0
yes yes:0-0 no:0-0
yes yes:0-0 no:0-0
yes yes:0-0 no:0-0
yes yes:0-0 no:0-0
yes yes:0-0 no:0-0
yes yes:0-0 no:0-0
yes yes:0-0 no:0-0
yes yes:0-0 no:0-0
yes yes:0-0 no:0-0
yes yes:0-0 no:0-0
yes yes:0-0 no:0-0
yes yes:0-0 no:0-0
yes yes:0-0 no:0-0
yes yes:0-0 no:0-0
yes yes:0-0 no:0-0
yes yes:0-0 no:0-0
yes yes:0-0 no:0-0
yes yes:0-0 no:0-0
yes yes:0-0 no:0-0
yes yes:0-0 no:0-0
yes yes:0-0 no:0-0
yes yes:0-0 no:0-0
yes yes:0-0 no:0-0
yes yes:0-0 no:0-0
yes yes:0-0 no:0-0
yes yes:0-0 no:0-0
yes yes:0-0 no:0-0
yes yes:0-0 no:0-0
yes yes:0-0 no:0-0
yes yes:0-0 no:0-0
yes yes:0-0 no:0-0
yes yes:0-0 no:0-0
yes yes:0-0 no:0-0
yes yes:0-0 no:0-0
yes yes:0-0 no:0-0
yes yes:0-0 no:0-0
yes yes:0-0 no:0-0
yes yes:0-0 no:0-0
yes yes:0-0 no:0-0
yes yes:0-0 no:0-0
yes yes:0-0 no:0-0
yes yes:0-0 no:0-0
yes yes:0-0 no:0-0
yes yes:0-0 no:0-0
yes yes:0-0 no:0-0
yes yes:0-0 no:0-0
yes yes:0-0 no:0-0
yes yes:0-0 no:0-0
yes yes:0-0 no:0-0
yes yes:0-0 no:0-0
yes yes:0-0 no:0-0
yes yes:0-0 no:0-0
yes yes:0-0 no:0-0
yes yes:0-0 no:0-0
yes yes:0-0 no:0-0
yes yes:0-0 no:0-0
yes yes:0-0 no:0-0
yes yes:0-0 no:0-0
yes yes:0-0 no:0-0
yes yes:0-0 no:0-0
yes yes:0-0 no:0-0
yes yes:0-0 no:0-0
yes yes:0-0 no:0-0
yes yes:0-0 no:0-0
yes yes:0-0 no:0-0
yes yes:0-0 no:0-0
yes yes:0-0 no:0-0
yes yes:0-0 no:0-0
yes yes:0-0 no:0-0
yes yes:0-0 no:0-0
yes yes:0-0 no:0-0
yes yes:0-0 no:0-0
yes yes:0-0 no:0-0
yes yes:0-0 no:0-0
yes yes:0-0 no:0-0
yes yes:0-0 no:0-0
yes yes:0-0 no:0-0
yes yes:0-0 no:0-0
yes yes:0-0 no:0-0
yes yes:0-0 no:0-0
yes yes:0-0 no:0-0
yes yes:0-0 no:0-0
yes yes:0-0 no:0-0
yes yes:0-0 no:0-0
yes yes:0-0 no:0-0
yes yes:0-0 no:0-0
yes yes:0-0 no:0-0
yes yes:0-0 no:0-0
yes yes:0-0 no:0-0
yes yes:0-0 no:0-0
yes yes:0-0 no:0-0
yes yes:0-0 no:0-0
yes yes:0-0 no:0-0
yes yes:0-0 no:0-0
yes yes:0-0 no:0-0
yes yes:0-0 no:0-0
yes yes:0-0 no:0-0
yes yes:0-0 no:0-0
yes yes:0-0 no:0-0
yes yes:0-0 no:0-0
yes yes:0-0 no:0-0
yes yes:0-0 no:0-0
yes yes:0-0 no:0-0
yes yes:0-0 no:0-0
yes yes:0-0 no:0-0
yes yes:0-0 no:0-0
yes yes:0-0 no:0-0
yes yes:0-0 no:0-0
yes yes:0-0 no:0-0
yes yes:0-0 no:0-0
yes yes:0-0 no:0-0
yes yes:0-0 no:0-0
yes yes:0-0 no:0-0
yes yes:0-0 no:0-0
yes yes:0-0 no:0-0
yes yes:0-0 no:0-0
yes yes:0-0 no:0-0
yes yes:0-0 no:0-0
yes yes:0-0 no:0-0
yes yes:0-0 no:0-0
yes yes:0-0 no:0-0
yes yes:0-0 no:0-0
yes yes:0-0 no:0-0
yes yes:0-0 no:0-0
yes yes:0-0 no:0-0
yes yes:0-0 no:0-0
yes yes:0-0 no:0-0
yes yes:0-0 no:0-0
yes yes:0-0 no:0-0
yes yes:0-0 no:0-0
yes yes:0-0 no:0-0
yes yes:0-0 no:0-0
yes yes:0-0 no:0-0
yes yes:0-0 no:0-0
yes yes:0-0 no:0-0
yes yes:0-0 no:0-0
yes yes:0-0 no:0-0
yes yes:0-0 no:0-0
yes yes:0-0 no:0-0
yes yes:0-0 no:0-0
yes yes:0-0 no:0-0
yes yes:0-0 no:0-0
yes yes:0-0 no:0-0
yes yes:0-0 no:0-0
yes yes:0-0 no:0-0
yes yes:0-0 no:0-0
yes yes:0-0 no:0-0
yes yes:0-0 no:0-0
yes yes:0-0 no:0-0
yes yes:0-0 no:0-0
yes yes:0-0 no:0-0
yes yes:0-0 no:0-0
yes yes:0-0 no:0-0
yes yes:0-0 no:0-0
yes yes:0-0 no:0-0
yes yes:0-0 no:0-0
yes yes:0-0 no:0-0
yes yes:0-0 no:0-0
yes yes:0-0 no:0-0
yes yes:0-0 no:0-0
yes yes:0-0 no:0-0
yes yes:0-0 no:0-0
yes yes:0-0 no:0-0
yes yes:0-0 no:0-0
yes yes:0-0 no:0-0
yes yes:0-0 no:0-0
yes yes:0-0 no:0-0
yes yes:0-0 no:0-0
yes yes:0-0 no:0-0
yes yes:0-0 no:0-0
yes yes:0-0 no:0-0
yes yes:0-0 no:0-0
yes yes:0-0 no:0-0
yes yes:0-0 no:0-0
yes yes:0-0 no:0-0
yes yes:0-0 no:0-0
yes yes:0-0 no:0-0
yes yes:0-0 no:0-0
yes yes:0-0 no:0-0
yes yes:0-0 no:0-0
yes yes:0-0 no:0-0
yes yes:0-0 no:0-0
yes yes:0-0 no:0-0
yes yes:0-0 no:0-0
yes yes:0-0 no:0-0
yes yes:0-0 no:0-0
yes yes:0-0 no:0-0
yes yes:0-0 no:0-0
yes yes:0-0 no:0-0
yes yes:0-0 no:0-0
yes yes:0-0 no:0-0
yes yes:0-0 no:0-0
yes yes:0-0 no:0-0
yes yes:0-0 no:0-0
yes yes:0-0 no:0-0
yes yes:0-0 no:0-0
yes yes:0-0 no:0-0
yes yes:0-0 no:0-0
yes yes:0-0 no:0-0
yes yes:0-0 no:0-0
yes yes:0-0 no:0-0
yes yes:0-0 no:0-0
yes yes:0-0 no:0-0
yes yes:0-0 no:0-0
yes yes:0-0 no:0-0
yes yes:0-0 no:0-0
yes yes:0-0 no:0-0
yes yes:0-0 no:0-0
yes yes:0-0 no:0-0
yes yes:0-0 no:0-0
yes yes:0-0 no:0-0
yes yes:0-0 no:0-0
yes yes:0-0 no:0-0
yes yes:0-0 no:0-0
yes yes:0-0 no:0-0
yes yes:0-0 no:0-0
yes yes:0-0 no:0-0
yes yes:0-0 no:0-0
yes yes:0-0 no:0-0
yes yes:0-0 no:0-0
yes yes:0-0 no:0-0
yes yes:0-0 no:0-0
yes yes:0-0 no:0-0
yes yes:0-0 no:0-0
yes yes:0-0 no:0-0
yes yes:0-0 no:0-0
yes yes:0-0 no:0-0
yes yes:0-0 no:0-0
yes yes:0-0 no:0-0
yes yes:0-0 no:0-0
yes yes:0-0 no:0-0
yes yes:0-0 no:0-0
yes yes:0-0 no:0-0
yes yes:0-0 no:0-0
yes yes:0-0 no:0-0
yes yes:0-0 no:0-0
yes yes:0-0 no:0-0
yes yes:0-0 no:0-0
yes yes:0-0 no:0-0
yes yes:0-0 no:0-0
yes yes:0-0 no:0-0
yes yes:0-0 no:0-0
yes yes:0-0 no:0-0
yes yes:0-0 no:0-0
yes yes:0-0 no:0-0
yes yes:0-0 no:0-0
yes yes:0-0 no:0-0
yes yes:0-0 no:0-0
yes yes:0-0 no:0-0
yes yes:0-0 no:0-0
yes yes:0-0 no:0-0
yes yes:0-0 no:0-0
yes yes:0-0 no:0-0
yes yes:0-0 no:0-0
yes yes:0-0 no:0-0
yes yes:0-0 no:0-0
yes yes:0-0 no:0-0
yes yes:0-0 no:0-0
yes yes:0-0 no:0-0
yes yes:0-0 no:0-0
yes yes:0-0 no:0-0
yes yes:0-0 no:0-0
yes yes:0-0 no:0-0
yes yes:0-0 no:0-0
yes yes:0-0 no:0-0
yes yes:0-0 no:0-0
yes yes:0-0 no:0-0
yes yes:0-0 no:0-0
yes yes:0-0 no:0-0
yes yes:0-0 no:0-0
yes yes:0-0 no:0-0
yes yes:0-0 no:0-0
yes yes:0-0 no:0-0
yes yes:0-0 no:0-0
yes yes:0-0 no:0-0
yes yes:0-0 no:0-0
yes yes:0-0 no:0-0
yes yes:0-0 no:0-0
yes yes:0-0 no:0-0
yes yes:0-0 no:0-0
yes yes:0-0 no:0-0
yes yes:0-0 no:0-0
yes yes:0-0 no:0-0
yes yes:0-0 no:0-0
yes yes:0-0 no:0-0
yes yes:0-0 no:0-0
yes yes:0-0 no:0-0
yes yes:0-0 no:0-0
yes yes:0-0 no:0-0
yes yes:0-0 no:0-0
yes yes:0-0 no:0-0
yes yes:0-0 no:0-0
yes yes:0-0 no:0-0
yes yes:0-0 no:0-0
yes yes:0-0 no:0-0
yes yes:0-0 no:0-0
yes yes:0-0 no:0-0
yes yes:0-0 no:0-0
yes yes:0-0 no:0-0
yes yes:0-0 no:0-0
yes yes:0-0 no:0-0
yes yes:0-0 no:0-0
yes yes:0-0 no:0-0
yes yes:0-0 no:0-0
yes yes:0-0 no:0-0
yes yes:0-0 no:0-0
yes yes:0-0 no:0-0
yes yes:0-0 no:0-0
yes yes:0-0 no:0-0
yes yes:0-0 no:0-0
yes yes:0-0 no:0-0
yes yes:0-0 no:0-0
yes yes:0-0 no:0-0
yes yes:0-0 no:0-0
yes yes:0-0 no:0-0
yes yes:0-0 no:0-0
yes yes:0-0 no:0-0
yes yes:0-0 no:0-0
yes yes:0-0 no:0-0
yes yes:0-0 no:0-0
yes yes:0-0 no:0-0
yes yes:0-0 no:0-0
yes yes:0-0 no:0-0
yes yes:0-0 no:0-0
yes yes:0-0 no:0-0
yes yes:0-0 no:0-0
yes yes:0-0 no:0-0
yes yes:0-0 no:0-0
yes yes:0-0 no:0-0
yes yes:0-0 no:0-0
yes yes:0-0 no:0-0
yes yes:0-0 no:0-0
yes yes:0-0 no:0-0
yes yes:0-0 no:0-0
yes yes:0-0 no:0-0
yes yes:0-0 no:0-0
yes yes:0-0 no:0-0
yes yes:0-0 no:0-0
yes yes:0-0 no:0-0
yes yes:0-0 no:0-0
yes yes:0-0 no:0-0
yes yes:0-0 no:0-0
yes yes:0-0 no:0-0
yes yes:0-0 no:0-0
yes yes:0-0 no:0-0
yes yes:0-0 no:0-0
yes yes:0-0 no:0-0
yes yes:0-0 no:0-0
yes yes:0-0 no:0-0
yes yes:0-0 no:0-0
yes yes:0-0 no:0-0
yes yes:0-0 no:0-0
yes yes:0-0 no:0-0
yes yes:0-0 no:0-0
yes yes:0-0 no:0-0
yes yes:0-0 no:0-0
yes yes:0-0 no:0-0
yes yes:0-0 no:0-0
yes yes:0-0 no:0-0
yes yes:0-0 no:0-0
yes yes:0-0 no:0-0
yes yes:0-0 no:0-0
yes yes:0-0 no:0-0
yes yes:0-0 no:0-0
yes yes:0-0 no:0-0
yes yes:0-0 no:0-0
yes yes:0-0 no:0-0
yes yes:0-0 no:0-0
yes yes:0-0 no:0-0
yes yes:0-0 no:0-0
yes yes:0-0 no:0-0
yes yes:0-0 no:0-0
yes yes:0-0 no:0-0
yes yes:0-0 no:0-0
yes yes:0-0 no:0-0
yes yes:0-0 no:0-0
yes yes:0-0 no:0-0
yes yes:0-0 no:0-0
yes yes:0-0 no:0-0
yes yes:0-0 no:0-0
yes yes:0-0 no:0-0
yes yes:0-0 no:0-0
yes yes:0-0 no:0-0
yes yes:0-0 no:0-0
yes yes:0-0 no:0-0
yes yes:0-0 no:0-0
yes yes:0-0 no:0-0
yes yes:0-0 no:0-0
yes yes:0-0 no:0-0
yes yes:0-0 no:0-0
yes yes:0-0 no:0-0
yes yes:0-0 no:0-0
yes yes:0-0 no:0-0
yes yes:0-0 no:0-0
yes yes:0-0 no:0-0
yes yes:0-0 no:0-0
yes yes:0-0 no:0-0
yes yes:0-0 no:0-0
yes yes:0-0 no:0-0
yes yes:0-0 no:0-0
yes yes:0-0 no:0-0
yes yes:0-0 no:0-0
yes yes:0-0 no:0-0
yes yes:0-0 no:0-0
yes yes:0-0 no:0-0
yes yes:0-0 no:0-0
yes yes:0-0 no:0-0
yes yes:0-0 no:0-0
yes yes:0-0 no:0-0
yes yes:0-0 no:0-0
yes yes:0-0 no:0-0
yes yes:0-0 no:0-0
yes yes:0-0 no:0-0
yes yes:0-0 no:0-0
yes yes:0-0 no:0-0
yes yes:0-0 no:0-0
yes yes:0-0 no:0-0
yes yes:0-0 no:0-0
yes yes:0-0 no:0-0
yes yes:0-0 no:0-0
yes yes:0-0 no:0-0
yes yes:0-0 no:0-0
yes yes:0-0 no:0-0
yes yes:0-0 no:0-0
yes yes:0-0 no:0-0
yes yes:0-0 no:0-0
yes yes:0-0 no:0-0
yes yes:0-0 no:0-0
yes yes:0-0 no:0-0
yes yes:0-0 no:0-0
yes yes:0-0 no:0-0
yes yes:0-0 no:0-0
yes yes:0-0 no:0-0
yes yes:0-0 no:0-0
yes yes:0-0 no:0-0
yes yes:0-0 no:0-0
yes yes:0-0 no:0-0
yes yes:0-0 no:0-0
yes yes:0-0 no:0-0
yes yes:0-0 no:0-0
yes yes:0-0 no:0-0
yes yes:0-0 no:0-0
yes yes:0-0 no:0-0
yes yes:0-0 no:0-0
yes yes:0-0 no:0-0
yes yes:0-0 no:0-0
yes yes:0-0 no:0-0
yes yes:0-0 no:0-0
yes yes:0-0 no:0-0
yes yes:0-0 no:0-0
yes yes:0-0 no:0-0
yes yes:0-0 no:0-0
yes yes:0-0 no:0-0
yes yes:0-0 no:0-0
yes yes:0-0 no:0-0
yes yes:0-0 no:0-0
yes yes:0-0 no:0-0
yes yes:0-0 no:0-0
yes yes:0-0 no:0-0
yes yes:0-0 no:0-0
yes yes:0-0 no:0-0
yes yes:0-0 no:0-0
yes yes:0-0 no:0-0
yes yes:0-0 no:0-0
yes yes:0-0 no:0-0
yes yes:0-0 no:0-0
yes yes:0-0 no:0-0
yes yes:0-0 no:0-0
yes yes:0-0 no:0-0
yes yes:0-0 no:0-0
yes yes:0-0 no:0-0
yes yes:0-0 no:0-0
yes yes:0-0 no:0-0
yes yes:0-0 no:0-0
yes yes:0-0 no:0-0
yes yes:0-0 no:0-0
yes yes:0-0 no:0-0
yes yes:0-0 no:0-0
yes yes:0-0 no:0-0
yes yes:0-0 no:0-0
yes yes:0-0 no:0-0
yes yes:0-0 no:0-0
yes yes:0-0 no:0-0
yes yes:0-0 no:0-0
yes yes:0-0 no:0-0
yes yes:0-0 no:0-0
yes yes:0-0 no:0-0
yes yes:0-0 no:0-0
yes yes:0-0 no:0-0
yes yes:0-0 no:0-0
yes yes:0-0 no:0-0
yes yes:0-0 no:0-0
yes yes:0-0 no:0-0
yes yes:0-0 no:0-0
yes yes:0-0 no:0-0
yes yes:0-0 no:0-0
yes yes:0-0 no:0-0
yes yes:0-0 no:0-0
yes yes:0-0 no:0-0
yes yes:0-0 no:0-0
yes yes:0-0 no:0-0
yes yes:0-0 no:0-0
yes yes:0-0 no:0-0
yes yes:0-0 no:0-0
yes yes:0-0 no:0-0
yes yes:0-0 no:0-0
yes yes:0-0 no:0-0
yes yes:0-0 no:0-0
yes yes:0-0 no:0-0
yes yes:0-0 no:0-0
yes yes:0-0 no:0-0
yes yes:0-0 no:0-0
yes yes:0-0 no:0-0
yes yes:0-0 no:0-0
yes yes:0-0 no:0-0
yes yes:0-0 no:0-0
yes yes:0-0 no:0-0
yes yes:0-0 no:0-0
yes yes:0-0 no:0-0
yes yes:0-0 no:0-0
yes yes:0-0 no:0-0
yes yes:0-0 no:0-0
yes yes:0-0 no:0-0
yes yes:0-0 no:0-0
yes yes:0-0 no:0-0
yes yes:0-0 no:0-0
yes yes:0-0 no:0-0
yes yes:0-0 no:0-0
yes yes:0-0 no:0-0
yes yes:0-0 no:0-0
yes yes:0-0 no:0-0
yes yes:0-0 no:0-0
yes yes:0-0 no:0-0
yes yes:0-0 no:0-0
yes yes:0-0 no:0-0
yes yes:0-0 no:0-0
yes yes:0-0 no:0-0
yes yes:0-0 no:0-0
yes yes:0-0 no:0-0
yes yes:0-0 no:0-0
yes yes:0-0 no:0-0
yes yes:0-0 no:0-0
yes yes:0-0 no:0-0
yes yes:0-0 no:0-0
yes yes:0-0 no:0-0
yes yes:0-0 no:0-0
yes yes:0-0 no:0-0
yes yes:0-0 no:0-0
yes yes:0-0 no:0-0
yes yes:0-0 no:0-0
yes yes:0-0 no:0-0
yes yes:0-0 no:0-0
yes yes:0-0 no:0-0
yes yes:0-0 no:0-0
yes yes:0-0 no:0-0
yes yes:0-0 no:0-0
yes yes:0-0 no:0-0
yes yes:0-0 no:0-0
yes yes:0-0 no:0-0
yes yes:0-0 no:0-0
yes yes:0-0 no:0-0
yes yes:0-0 no:0-0
yes yes:0-0 no:0-0
yes yes:0-0 no:0-0
yes yes:0-0 no:0-0
yes yes:0-0 no:0-0
yes yes:0-0 no:0-0
yes yes:0-0 no:0-0
yes yes:0-0 no:0-0
yes yes:0-0 no:0-0
yes yes:0-0 no:0-0
yes yes:0-0 no:0-0
yes yes:0-0 no:0-0
yes yes:0-0 no:0-0
yes yes:0-0 no:0-0
yes yes:0-0 no:0-0
yes yes:0-0 no:0-0
yes yes:0-0 no:0-0
yes yes:0-0 no:0-0
yes yes:0-0 no:0-0
yes yes:0-0 no:0-0
yes yes:0-0 no:0-0
yes yes:0-0 no:0-0
yes yes:0-0 no:0-0
yes yes:0-0 no:0-0
yes yes:0-0 no:0-0
yes yes:0-0 no:0-0
yes yes:0-0 no:0-0
yes yes:0-0 no:0-0
yes yes:0-0 no:0-0
yes yes:0-0 no:0-0
yes yes:0-0 no:0-0
yes yes:0-0 no:0-0
yes yes:0-0 no:0-0
yes yes:0-0 no:0-0
yes yes:0-0 no:0-0
yes yes:0-0 no:0-0
yes yes:0-0 no:0-0
yes yes:0-0 no:0-0
yes yes:0-0 no:0-0
yes yes:0-0 no:0-0
yes yes:0-0 no:0-0
yes yes:0-0 no:0-0
yes yes:0-0 no:0-0
yes yes:0-0 no:0-0
yes yes:0-0 no:0-0
yes yes:0-0 no:0-0
yes yes:0-0 no:0-0
yes yes:0-0 no:0-0
yes yes:0-0 no:0-0
yes yes:0-0 no:0-0
yes yes:0-0 no:0-0
yes yes:0-0 no:0-0
yes yes:0-0 no:0-0
yes yes:0-0 no:0-0
yes yes:0-0 no:0-0
yes yes:0-0 no:0-0
yes yes:0-0 no:0-0
yes yes:0-0 no:0-0
yes yes:0-0 no:0-0
yes yes:0-0 no:0-0
yes yes:0-0 no:0-0
yes yes:0-0 no:0-0
yes yes:0-0 no:0-0
yes yes:0-0 no:0-0
yes yes:0-0 no:0-0
yes yes:0-0 no:0-0
yes yes:0-0 no:0-0
yes yes:0-0 no:0-0
yes yes:0-0 no:0-0
yes yes:0-0 no:0-0
yes yes:0-0 no:0-0
yes yes:0-0 no:0-0
yes yes:0-0 no:0-0
yes yes:0-0 no:0-0
yes yes:0-0 no:0-0
yes yes:0-0 no:0-0
yes yes:0-0 no:0-0
yes yes:0-0 no:0-0
yes yes:0-0 no:0-0
yes yes:0-0 no:0-0
yes yes:0-0 no:0-0
yes yes:0-0 no:0-0
yes yes:0-0 no:0-0
yes yes:0-0 no:0-0
yes yes:0-0 no:0-0
yes yes:0-0 no:0-0
yes yes:0-0 no:0-0
yes yes:0-0 no:0-0
yes yes:0-0 no:0-0
yes yes:0-0 no:0-0
yes yes:0-0 no:0-0
yes yes:0-0 no:0-0
yes yes:0-0 no:0-0
yes yes:0-0 no:0-0
yes yes:0-0 no:0-0
yes yes:0-0 no:0-0
yes yes:0-0 no:0-0
yes yes:0-0 no:0-0
yes yes:0-0 no:0-0
yes yes:0-0 no:0-0
yes yes:0-0 no:0-0
yes yes:0-0 no:0-0
yes yes:0-0 no:0-0
yes yes:0-0 no:0-0
yes yes:0-0 no:0-0
yes yes:0-0 no:0-0
yes yes:0-0 no:0-0
yes yes:0-0 no:0-0
yes yes:0-0 no:0-0
yes yes:0-0 no:0-0
yes yes:0-0 no:0-0
yes yes:0-0 no:0-0
yes yes:0-0 no:0-0
yes yes:0-0 no:0-0
yes yes:0-0 no:0-0
yes yes:0-0 no:0-0
yes yes:0-0 no:0-0
yes yes:0-0 no:0-0
yes yes:0-0 no:0-0
yes yes:0-0 no:0-0
yes yes:0-0 no:0-0
yes yes:0-0 no:0-0
yes yes:0-0 no:0-0
yes yes:0-0 no:0-0
yes yes:0-0 no:0-0
yes yes:0-0 no:0-0
yes yes:0-0 no:0-0
yes yes:0-0 no:0-0
yes yes:0-0 no:0-0
yes yes:0-0 no:0-0
yes yes:0-0 no:0-0
yes yes:0-0 no:0-0
yes yes:0-0 no:0-0
yes yes:0-0 no:0-0
yes yes:0-0 no:0-0
yes yes:0-0 no:0-0
yes yes:0-0 no:0-0
yes yes:0-0 no:0-0
yes yes:0-0 no:0-0
yes yes:0-0 no:0-0
yes yes:0-0 no:0-0
yes yes:0-0 no:0-0
yes yes:0-0 no:0-0
yes yes:0-0 no:0-0
yes yes:0-0 no:0-0
yes yes:0-0 no:0-0
yes yes:0-0 no:0-0
yes yes:0-0 no:0-0
yes yes:0-0 no:0-0
yes yes:0-0 no:0-0
yes yes:0-0 no:0-0
yes yes:0-0 no:0-0
yes yes:0-0 no:0-0
yes yes:0-0 no:0-0
yes yes:0-0 no:0-0
yes yes:0-0 no:0-0
yes yes:0-0 no:0-0
yes yes:0-0 no:0-0
yes yes:0-0 no:0-0
yes yes:0-0 no:0-0
yes yes:0-0 no:0-0
yes yes:0-0 no:0-0
yes yes:0-0 no:0-0
yes yes:0-0 no:0-0
yes yes:0-0 no:0-0
yes yes:0-0 no:0-0
yes yes:0-0 no:0-0
yes yes:0-0 no:0-0
yes yes:0-0 no:0-0
yes yes:0-0 no:0-0
yes yes:0-0 no:0-0
yes yes:0-0 no:0-0
yes yes:0-0 no:0-0
yes yes:0-0 no:0-0
yes yes:0-0 no:0-0
yes yes:0-0 no:0-0
yes yes:0-0 no:0-0
yes yes:0-0 no:0-0
yes yes:0-0 no:0-0
yes yes:0-0 no:0-0
yes yes:0-0 no:0-0
yes yes:0-0 no:0-0
yes yes:0-0 no:0-0
yes yes:0-0 no:0-0
yes yes:0-0 no:0-0
yes yes:0-0 no:0-0
yes yes:0-0 no:0-0
yes yes:0-0 no:0-0
yes yes:0-0 no:0-0
yes yes:0-0 no:0-0
yes yes:0-0 no:0-0
yes yes:0-0 no:0-0
yes yes:0-0 no:0-0
yes yes:0-0 no:0-0
yes yes:0-0 no:0-0
yes yes:0-0 no:0-0
yes yes:0-0 no:0-0
yes yes:0-0 no:0-0
yes yes:0-0 no:0-0
yes yes:0-0 no:0-0
yes yes:0-0 no:0-0
yes yes:0-0 no:0-0
yes yes:0-0 no:0-0
yes yes:0-0 no:0-0
yes yes:0-0 no:0-0
yes yes:0-0 no:0-0
yes yes:0-0 no:0-0
yes yes:0-0 no:0-0
yes yes:0-0 no:0-0
yes yes:0-0 no:0-0
yes yes:0-0 no:0-0
yes yes:0-0 no:0-0
yes yes:0-0 no:0-0
yes yes:0-0 no:0-0
yes yes:0-0 no:0-0
yes yes:0-0 no:0-0
yes yes:0-0 no:0-0
yes yes:0-0 no:0-0
yes yes:0-0 no:0-0
yes yes:0-0 no:0-0
yes yes:0-0 no:0-0
yes yes:0-0 no:0-0
yes yes:0-0 no:0-0
yes yes:0-0 no:0-0
yes yes:0-0 no:0-0
yes yes:0-0 no:0-0
yes yes:0-0 no:0-0
yes yes:0-0 no:0-0
yes yes:0-0 no:0-0
yes yes:0-0 no:0-0
yes yes:0-0 no:0-0
yes yes:0-0 no:0-0
yes yes:0-0 no:0-0
yes yes:0-0 no:0-0
yes yes:0-0 no:0-0
yes yes:0-0 no:0-0
yes yes:0-0 no:0-0
yes yes:0-0 no:0-0
yes yes:0-0 no:0-0
yes yes:0-0 no:0-0
yes yes:0-0 no:0-0
yes yes:0-0 no:0-0
yes yes:0-0 no:0-0
yes yes:0-0 no:0-0
yes yes:0-0 no:0-0
yes yes:0-0 no:0-0
yes yes:0-0 no:0-0
yes yes:0-0 no:0-0
yes yes:0-0 no:0-0
yes yes:0-0 no:0-0
yes yes:0-0 no:0-0
yes yes:0-0 no:0-0
yes yes:0-0 no:0-0
yes yes:0-0 no:0-0
yes yes:0-0 no:0-0
yes yes:0-0 no:0-0
yes yes:0-0 no:0-0
yes yes:0-0 no:0-0
yes yes:0-0 no:0-0
yes yes:0-0 no:0-0
yes yes:0-0 no:0-0
yes yes:0-0 no:0-0
yes yes:0-0 no:0-0
yes yes:0-0 no:0-0
yes yes:0-0 no:0-0
yes yes:0-0 no:0-0
yes yes:0-0 no:0-0
yes yes:0-0 no:0-0
yes yes:0-0 no:0-0
yes yes:0-0 no:0-0
yes yes:0-0 no:0-0
yes yes:0-0 no:0-0
yes yes:0-0 no:0-0
yes yes:0-0 no:0-0
yes yes:0-0 no:0-0
yes yes:0-0 no:0-0
yes yes:0-0 no:0-0
yes yes:0-0 no:0-0
yes yes:0-0 no:0-0
yes yes:0-0 no:0-0
yes yes:0-0 no:0-0
yes yes:0-0 no:0-0
yes yes:0-0 no:0-0
yes yes:0-0 no:0-0
yes yes:0-0 no:0-0
yes yes:0-0 no:0-0
yes yes:0-0 no:0-0
yes yes:0-0 no:0-0
yes yes:0-0 no:0-0
yes yes:0-0 no:0-0
yes yes:0-0 no:0-0
yes yes:0-0 no:0-0
yes yes:0-0 no:0-0
yes yes:0-0 no:0-0
yes yes:0-0 no:0-0
yes yes:0-0 no:0-0
yes yes:0-0 no:0-0
yes yes:0-0 no:0-0
yes yes:0-0 no:0-0
yes yes:0-0 no:0-0
yes yes:0-0 no:0-0
yes yes:0-0 no:0-0
yes yes:0-0 no:0-0
yes yes:0-0 no:0-0
yes yes:0-0 no:0-0
yes yes:0-0 no:0-0
yes yes:0-0 no:0-0
yes yes:0-0 no:0-0
yes yes:0-0 no:0-0
yes yes:0-0 no:0-0
yes yes:0-0 no:0-0
yes yes:0-0 no:0-0
yes yes:0-0 no:0-0
yes yes:0-0 no:0-0
yes yes:0-0 no:0-0
yes yes:0-0 no:0-0
yes yes:0-0 no:0-0
yes yes:0-0 no:0-0
yes yes:0-0 no:0-0
yes yes:0-0 no:0-0
yes yes:0-0 no:0-0
yes yes:0-0 no:0-0
yes yes:0-0 no:0-0
yes yes:0-0 no:0-0
yes yes:0-0 no:0-0
yes yes:0-0 no:0-0
yes yes:0-0 no:0-0
yes yes:0-0 no:0-0
yes yes:0-0 no:0-0
yes yes:0-0 no:0-0
yes yes:0-0 no:0-0
yes yes:0-0 no:0-0
yes yes:0-0 no:0-0
yes yes:0-0 no:0-0
yes yes:0-0 no:0-0
yes yes:0-0 no:0-0
yes yes:0-0 no:0-0
yes yes:0-0 no:0-0
yes yes:0-0 no:0-0
yes yes:0-0 no:0-0
yes yes:0-0 no:0-0
yes yes:0-0 no:0-0
yes yes:0-0 no:0-0
yes yes:0-0 no:0-0
yes yes:0-0 no:0-0
yes yes:0-0 no:0-0
yes yes:0-0 no:0-0
yes yes:0-0 no:0-0
yes yes:0-0 no:0-0
yes yes:0-0 no:0-0
yes yes:0-0 no:0-0
yes yes:0-0 no:0-0
yes yes:0-0 no:0-0
yes yes:0-0 no:0-0
yes yes:0-0 no:0-0
yes yes:0-0 no:0-0
yes yes:0-0 no:0-0
yes yes:0-0 no:0-0
yes yes:0-0 no:0-0
yes yes:0-0 no:0-0
yes yes:0-0 no:0-0
yes yes:0-0 no:0-0
yes yes:0-0 no:0-0
yes yes:0-0 no:0-0
yes yes:0-0 no:0-0
yes yes:0-0 no:0-0
yes yes:0-0 no:0-0
yes yes:0-0 no:0-0
yes yes:0-0 no:0-0
yes yes:0-0 no:0-0
yes yes:0-0 no:0-0
yes yes:0-0 no:0-0
yes yes:0-0 no:0-0
yes yes:0-0 no:0-0
yes yes:0-0 no:0-0
yes yes:0-0 no:0-0
yes yes:0-0 no:0-0
yes yes:0-0 no:0-0
yes yes:0-0 no:0-0
yes yes:0-0 no:0-0
yes yes:0-0 no:0-0
yes yes:0-0 no:0-0
yes yes:0-0 no:0-0
yes yes:0-0 no:0-0
yes yes:0-0 no:0-0
yes yes:0-0 no:0-0
yes yes:0-0 no:0-0
yes yes:0-0 no:0-0
yes yes:0-0 no:0-0
yes yes:0-0 no:0-0
yes yes:0-0 no:0-0
yes yes:0-0 no:0-0
yes yes:0-0 no:0-0
yes yes:0-0 no:0-0
yes yes:0-0 no:0-0
yes yes:0-0 no:0-0
yes yes:0-0 no:0-0
yes yes:0-0 no:0-0
yes yes:0-0 no:0-0
yes yes:0-0 no:0-0
yes yes:0-0 no:0-0
yes yes:0-0 no:0-0
yes yes:0-0 no:0-0
yes yes:0-0 no:0-0
yes yes:0-0 no:0-0
yes yes:0-0 no:0-0
yes yes:0-0 no:0-0
yes yes:0-0 no:0-0
yes yes:0-0 no:0-0
yes yes:0-0 no:0-0
yes yes:0-0 no:0-0
yes yes:0-0 no:0-0
yes yes:0-0 no:0-0
yes yes:0-0 no:0-0
yes yes:0-0 no:0-0
yes yes:0-0 no:0-0
yes yes:0-0 no:0-0
yes yes:0-0 no:0-0
yes yes:0-0 no:0-0
yes yes:0-0 no:0-0
yes yes:0-0 no:0-0
yes yes:0-0 no:0-0
yes yes:0-0 no:0-0
yes yes:0-0 no:0-0
yes yes:0-0 no:0-0
yes yes:0-0 no:0-0
yes yes:0-0 no:0-0
yes yes:0-0 no:0-0
yes yes:0-0 no:0-0
yes yes:0-0 no:0-0
yes yes:0-0 no:0-0
yes yes:0-0 no:0-0
yes yes:0-0 no:0-0
yes yes:0-0 no:0-0
yes yes:0-0 no:0-0
yes yes:0-0 no:0-0
yes yes:0-0 no:0-0
yes yes:0-0 no:0-0
yes yes:0-0 no:0-0
yes yes:0-0 no:0-0
yes yes:0-0 no:0-0
yes yes:0-0 no:0-0
yes yes:0-0 no:0-0
yes yes:0-0 no:0-0
yes yes:0-0 no:0-0
yes yes:0-0 no:0-0
yes yes:0-0 no:0-0
yes yes:0-0 no:0-0
yes yes:0-0 no:0-0
yes yes:0-0 no:0-0
yes yes:0-0 no:0-0
yes yes:0-0 no:0-0
yes yes:0-0 no:0-0
yes yes:0-0 no:0-0
yes yes:0-0 no:0-0
yes yes:0-0 no:0-0
yes yes:0-0 no:0-0
yes yes:0-0 no:0-0
yes yes:0-0 no:0-0
yes yes:0-0 no:0-0
yes yes:0-0 no:0-0
yes yes:0-0 no:0-0
yes yes:0-0 no:0-0
yes yes:0-0 no:0-0
yes yes:0-0 no:0-0
yes yes:0-0 no:0-0
yes yes:0-0 no:0-0
yes yes:0-0 no:0-0
yes yes:0-0 no:0-0
yes yes:0-0 no:0-0
yes yes:0-0 no:0-0
yes yes:0-0 no:0-0
yes yes:0-0 no:0-0
yes yes:0-0 no:0-0
yes yes:0-0 no:0-0
yes yes:0-0 no:0-0
yes yes:0-0 no:0-0
yes yes:0-0 no:0-0
yes yes:0-0 no:0-0
yes yes:0-0 no:0-0
yes yes:0-0 no:0-0
yes yes:0-0 no:0-0
yes yes:0-0 no:0-0
yes yes:0-0 no:0-0
yes yes:0-0 no:0-0
yes yes:0-0 no:0-0
yes yes:0-0 no:0-0
yes yes:0-0 no:0-0
yes yes:0-0 no:0-0
yes yes:0-0 no:0-0
yes yes:0-0 no:0-0
yes yes:0-0 no:0-0
yes yes:0-0 no:0-0
yes yes:0-0 no:0-0
yes yes:0-0 no:0-0
yes yes:0-0 no:0-0
yes yes:0-0 no:0-0
yes yes:0-0 no:0-0
yes yes:0-0 no:0-0
yes yes:0-0 no:0-0
yes yes:0-0 no:0-0
yes yes:0-0 no:0-0
yes yes:0-0 no:0-0
yes yes:0-0 no:0-0
yes yes:0-0 no:0-0
yes yes:0-0 no:0-0
yes yes:0-0 no:0-0
yes yes:0-0 no:0-0
yes yes:0-0 no:0-0
yes yes:0-0 no:0-0
yes yes:0-0 no:0-0
yes yes:0-0 no:0-0
yes yes:0-0 no:0-0
yes yes:0-0 no:0-0
yes yes:0-0 no:0-0
yes yes:0-0 no:0-0
yes yes:0-0 no:0-0
yes yes:0-0 no:0-0
yes yes:0-0 no:0-0
yes yes:0-0 no:0-0
yes yes:0-0 no:0-0
yes yes:0-0 no:0-0
yes yes:0-0 no:0-0
yes yes:0-0 no:0-0
yes yes:0-0 no:0-0
yes yes:0-0 no:0-0
yes yes:0-0 no:0-0
yes yes:0-0 no:0-0
yes yes:0-0 no:0-0
yes yes:0-0 no:0-0
yes yes:0-0 no:0-0
yes yes:0-0 no:0-0
yes yes:0-0 no:0-0
yes yes:0-0 no:0-0
yes yes:0-0 no:0-0
yes yes:0-0 no:0-0
yes yes:0-0 no:0-0
yes yes:0-0 no:0-0
yes yes:0-0 no:0-0
yes yes:0-0 no:0-0
yes yes:0-0 no:0-0
yes yes:0-0 no:0-0
yes yes:0-0 no:0-0
yes yes:0-0 no:0-0
yes yes:0-0 no:0-0
yes yes:0-0 no:0-0
yes yes:0-0 no:0-0
yes yes:0-0 no:0-0
yes yes:0-0 no:0-0
yes yes:0-0 no:0-0
yes yes:0-0 no:0-0
yes yes:0-0 no:0-0
yes yes:0-0 no:0-0
yes yes:0-0 no:0-0
yes yes:0-0 no:0-0
yes yes:0-0 no:0-0
yes yes:0-0 no:0-0
yes yes:0-0 no:0-0
yes yes:0-0 no:0-0
yes yes:0-0 no:0-0
yes yes:0-0 no:0-0
yes yes:0-0 no:0-0
yes yes:0-0 no:0-0
yes yes:0-0 no:0-0
yes yes:0-0 no:0-0
yes yes:0-0 no:0-0
yes yes:0-0 no:0-0
yes yes:0-0 no:0-0
yes yes:0-0 no:0-0
yes yes:0-0 no:0-0
yes yes:0-0 no:0-0
yes yes:0-0 no:0-0
yes yes:0-0 no:0-0
yes yes:0-0 no:0-0
yes yes:0-0 no:0-0
yes yes:0-0 no:0-0
yes yes:0-0 no:0-0
yes yes:0-0 no:0-0
yes yes:0-0 no:0-0
yes yes:0-0 no:0-0
yes yes:0-0 no:0-0
yes yes:0-0 no:0-0
yes yes:0-0 no:0-0
yes yes:0-0 no:0-0
yes yes:0-0 no:0-0
yes yes:0-0 no:0-0
yes yes:0-0 no:0-0
yes yes:0-0 no:0-0
yes yes:0-0 no:0-0
yes yes:0-0 no:0-0
yes yes:0-0 no:0-0
yes yes:0-0 no:0-0
yes yes:0-0 no:0-0
yes yes:0-0 no:0-0
yes yes:0-0 no:0-0
yes yes:0-0 no:0-0
yes yes:0-0 no:0-0
yes yes:0-0 no:0-0
yes yes:0-0 no:0-0
yes yes:0-0 no:0-0
yes yes:0-0 no:0-0
yes yes:0-0 no:0-0
yes yes:0-0 no:0-0
yes yes:0-0 no:0-0
yes yes:0-0 no:0-0
yes yes:0-0 no:0-0
yes yes:0-0 no:0-0
yes yes:0-0 no:0-0
yes yes:0-0 no:0-0
yes yes:0-0 no:0-0
yes yes:0-0 no:0-0
yes yes:0-0 no:0-0
yes yes:0-0 no:0-0
yes yes:0-0 no:0-0
yes yes:0-0 no:0-0
yes yes:0-0 no:0-0
yes yes:0-0 no:0-0
yes yes:0-0 no:0-0
yes yes:0-0 no:0-0
yes yes:0-0 no:0-0
yes yes:0-0 no:0-0
yes yes:0-0 no:0-0
yes yes:0-0 no:0-0
yes yes:0-0 no:0-0
yes yes:0-0 no:0-0
yes yes:0-0 no:0-0
yes yes:0-0 no:0-0
yes yes:0-0 no:0-0
yes yes:0-0 no:0-0
yes yes:0-0 no:0-0
yes yes:0-0 no:0-0
yes yes:0-0 no:0-0
yes yes:0-0 no:0-0
yes yes:0-0 no:0-0
yes yes:0-0 no:0-0
yes yes:0-0 no:0-0
yes yes:0-0 no:0-0
yes yes:0-0 no:0-0
yes yes:0-0 no:0-0
yes yes:0-0 no:0-0
yes yes:0-0 no:0-0
yes yes:0-0 no:0-0
yes yes:0-0 no:0-0
yes yes:0-0 no:0-0
yes yes:0-0 no:0-0
yes yes:0-0 no:0-0
yes yes:0-0 no:0-0
yes yes:0-0 no:0-0
yes yes:0-0 no:0-0
yes yes:0-0 no:0-0
yes yes:0-0 no:0-0
yes yes:0-0 no:0-0
yes yes:0-0 no:0-0
yes yes:0-0 no:0-0
yes yes:0-0 no:0-0
yes yes:0-0 no:0-0
yes yes:0-0 no:0-0
yes yes:0-0 no:0-0
yes yes:0-0 no:0-0
yes yes:0-0 no:0-0
yes yes:0-0 no:0-0
yes yes:0-0 no:0-0
yes yes:0-0 no:0-0
yes yes:0-0 no:0-0
yes yes:0-0 no:0-0
yes yes:0-0 no:0-0
yes yes:0-0 no:0-0
yes yes:0-0 no:0-0
yes yes:0-0 no:0-0
yes yes:0-0 no:0-0
yes yes:0-0 no:0-0
yes yes:0-0 no:0-0
yes yes:0-0 no:0-0
yes yes:0-0 no:0-0
yes yes:0-0 no:0-0
yes yes:0-0 no:0-0
yes yes:0-0 no:0-0
yes yes:0-0 no:0-0
yes yes:0-0 no:0-0
yes yes:0-0 no:0-0
yes yes:0-0 no:0-0
yes yes:0-0 no:0-0
yes yes:0-0 no:0-0
yes yes:0-0 no:0-0
yes yes:0-0 no:0-0
yes yes:0-0 no:0-0
yes yes:0-0 no:0-0
yes yes:0-0 no:0-0
yes yes:0-0 no:0-0
yes yes:0-0 no:0-0
yes yes:0-0 no:0-0
yes yes:0-0 no:0-0
yes yes:0-0 no:0-0
yes yes:0-0 no:0-0
yes yes:0-0 no:0-0
yes yes:0-0 no:0-0
yes yes:0-0 no:0-0
yes yes:0-0 no:0-0
yes yes:0-0 no:0-0
yes yes:0-0 no:0-0
yes yes:0-0 no:0-0
yes yes:0-0 no:0-0
yes yes:0-0 no:0-0
yes yes:0-0 no:0-0
yes yes:0-0 no:0-0
yes yes:0-0 no:0-0
yes yes:0-0 no:0-0
yes yes:0-0 no:0-0
yes yes:0-0 no:0-0
yes yes:0-0 no:0-0
yes yes:0-0 no:0-0
yes yes:0-0 no:0-0
yes yes:0-0 no:0-0
yes yes:0-0 no:0-0
yes yes:0-0 no:0-0
yes yes:0-0 no:0-0
yes yes:0-0 no:0-0
yes yes:0-0 no:0-0
yes yes:0-0 no:0-0
yes yes:0-0 no:0-0
yes yes:0-0 no:0-0
yes yes:0-0 no:0-0
yes yes:0-0 no:0-0
yes yes:0-0 no:0-0
yes yes:0-0 no:0-0
yes yes:0-0 no:0-0
yes yes:0-0 no:0-0
yes yes:0-0 no:0-0
yes yes:0-0 no:0-0
yes yes:0-0 no:0-0
yes yes:0-0 no:0-0
yes yes:0-0 no:0-0
yes yes:0-0 no:0-0
yes yes:0-0 no:0-0
yes yes:0-0 no:0-0
yes yes:0-0 no:0-0
yes yes:0-0 no:0-0
yes yes:0-0 no:0-0
yes yes:0-0 no:0-0
yes yes:0-0 no:0-0
yes yes:0-0 no:0-0
yes yes:0-0 no:0-0
yes yes:0-0 no:0-0
yes yes:0-0 no:0-0
yes yes:0-0 no:0-0
yes yes:0-0 no:0-0
yes yes:0-0 no:0-0
yes yes:0-0 no:0-0
yes yes:0-0 no:0-0
yes yes:0-0 no:0-0
yes yes:0-0 no:0-0
yes yes:0-0 no:0-0
yes yes:0-0 no:0-0
yes yes:0-0 no:0-0
yes yes:0-0 no:0-0
yes yes:0-0 no:0-0
yes yes:0-0 no:0-0
yes yes:0-0 no:0-0
yes yes:0-0 no:0-0
yes yes:0-0 no:0-0
yes yes:0-0 no:0-0
yes yes:0-0 no:0-0
yes yes:0-0 no:0-0
yes yes:0-0 no:0-0
yes yes:0-0 no:0-0
yes yes:0-0 no:0-0
yes yes:0-0 no:0-0
yes yes:0-0 no:0-0
yes yes:0-0 no:0-0
yes yes:0-0 no:0-0
yes yes:0-0 no:0-0
yes yes:0-0 no:0-0
yes yes:0-0 no:0-0
yes yes:0-0 no:0-0
yes yes:0-0 no:0-0
yes yes:0-0 no:0-0
yes yes:0-0 no:0-0
yes yes:0-0 no:0-0
yes yes:0-0 no:0-0
yes yes:0-0 no:0-0
yes yes:0-0 no:0-0
yes yes:0-0 no:0-0
yes yes:0-0 no:0-0
yes yes:0-0 no:0-0
yes yes:0-0 no:0-0
yes yes:0-0 no:0-0
yes yes:0-0 no:0-0
yes yes:0-0 no:0-0
yes yes:0-0 no:0-0
yes yes:0-0 no:0-0
yes yes:0-0 no:0-0
yes yes:0-0 no:0-0
yes yes:0-0 no:0-0
yes yes:0-0 no:0-0
yes yes:0-0 no:0-0
yes yes:0-0 no:0-0
yes yes:0-0 no:0-0
yes yes:0-0 no:0-0
yes yes:0-0 no:0-0
yes yes:0-0 no:0-0
yes yes:0-0 no:0-0
yes yes:0-0 no:0-0
yes yes:0-0 no:0-0
yes yes:0-0 no:0-0
yes yes:0-0 no:0-0
yes yes:0-0 no:0-0
yes yes:0-0 no:0-0
yes yes:0-0 no:0-0
yes yes:0-0 no:0-0
yes yes:0-0 no:0-0
yes yes:0-0 no:0-0
yes yes:0-0 no:0-0
yes yes:0-0 no:0-0
yes yes:0-0 no:0-0
yes yes:0-0 no:0-0
yes yes:0-0 no:0-0
yes yes:0-0 no:0-0
yes yes:0-0 no:0-0
yes yes:0-0 no:0-0
yes yes:0-0 no:0-0
yes yes:0-0 no:0-0
yes yes:0-0 no:0-0
yes yes:0-0 no:0-0
yes yes:0-0 no:0-0
yes yes:0-0 no:0-0
yes yes:0-0 no:0-0
yes yes:0-0 no:0-0
yes yes:0-0 no:0-0
yes yes:0-0 no:0-0
yes yes:0-0 no:0-0
yes yes:0-0 no:0-0
yes yes:0-0 no:0-0
yes yes:0-0 no:0-0
yes yes:0-0 no:0-0
yes yes:0-0 no:0-0
yes yes:0-0 no:0-0
yes yes:0-0 no:0-0
yes yes:0-0 no:0-0
yes yes:0-0 no:0-0
yes yes:0-0 no:0-0
yes yes:0-0 no:0-0
yes yes:0-0 no:0-0
yes yes:0-0 no:0-0
yes yes:0-0 no:0-0
yes yes:0-0 no:0-0
yes yes:0-0 no:0-0
yes yes:0-0 no:0-0
yes yes:0-0 no:0-0
yes yes:0-0 no:0-0
yes yes:0-0 no:0-0
yes yes:0-0 no:0-0
yes yes:0-0 no:0-0
yes yes:0-0 no:0-0
yes yes:0-0 no:0-0
yes yes:0-0 no:0-0
yes yes:0-0 no:0-0
yes yes:0-0 no:0-0
yes yes:0-0 no:0-0
yes yes:0-0 no:0-0
yes yes:0-0 no:0-0
yes yes:0-0 no:0-0
yes yes:0-0 no:0-0
yes yes:0-0 no:0-0
yes yes:0-0 no:0-0
yes yes:0-0 no:0-0
yes yes:0-0 no:0-0
yes yes:0-0 no:0-0
yes yes:0-0 no:0-0
yes yes:0-0 no:0-0
yes yes:0-0 no:0-0
yes yes:0-0 no:0-0
yes yes:0-0 no:0-0
yes yes:0-0 no:0-0
yes yes:0-0 no:0-0
yes yes:0-0 no:0-0
yes yes:0-0 no:0-0
yes yes:0-0 no:0-0
yes yes:0-0 no:0-0
yes yes:0-0 no:0-0
yes yes:0-0 no:0-0
yes yes:0-0 no:0-0
yes yes:0-0 no:0-0
yes yes:0-0 no:0-0
yes yes:0-0 no:0-0
yes yes:0-0 no:0-0
yes yes:0-0 no:0-0
yes yes:0-0 no:0-0
yes yes:0-0 no:0-0
yes yes:0-0 no:0-0
yes yes:0-0 no:0-0
yes yes:0-0 no:0-0
yes yes:0-0 no:0-0
yes yes:0-0 no:0-0
yes yes:0-0 no:0-0
yes yes:0-0 no:0-0
yes yes:0-0 no:0-0
yes yes:0-0 no:0-0
yes yes:0-0 no:0-0
yes yes:0-0 no:0-0
yes yes:0-0 no:0-0
yes yes:0-0 no:0-0
yes yes:0-0 no:0-0
yes yes:0-0 no:0-0
yes yes:0-0 no:0-0
yes yes:0-0 no:0-0
yes yes:0-0 no:0-0
yes yes:0-0 no:0-0
yes yes:0-0 no:0-0
yes yes:0-0 no:0-0
yes yes:0-0 no:0-0
yes yes:0-0 no:0-0
yes yes:0-0 no:0-0
yes yes:0-0 no:0-0
yes yes:0-0 no:0-0
yes yes:0-0 no:0-0
yes yes:0-0 no:0-0
yes yes:0-0 no:0-0
yes yes:0-0 no:0-0
yes yes:0-0 no:0-0
yes yes:0-0 no:0-0
yes yes:0-0 no:0-0
yes yes:0-0 no:0-0
yes yes:0-0 no:0-0
yes yes:0-0 no:0-0
yes yes:0-0 no:0-0
yes yes:0-0 no:0-0
yes yes:0-0 no:0-0
yes yes:0-0 no:0-0
yes yes:0-0 no:0-0
yes yes:0-0 no:0-0
yes yes:0-0 no:0-0
yes yes:0-0 no:0-0
yes yes:0-0 no:0-0
yes yes:0-0 no:0-0
yes yes:0-0 no:0-0
yes yes:0-0 no:0-0
yes yes:0-0 no:0-0
yes yes:0-0 no:0-0
yes yes:0-0 no:0-0
yes yes:0-0 no:0-0
yes yes:0-0 no:0-0
yes yes:0-0 no:0-0
yes yes:0-0 no:0-0
yes yes:0-0 no:0-0
yes yes:0-0 no:0-0
yes yes:0-0 no:0-0
yes yes:0-0 no:0-0
yes yes:0-0 no:0-0
yes yes:0-0 no:0-0
yes yes:0-0 no:0-0
yes yes:0-0 no:0-0
yes yes:0-0 no:0-0
yes yes:0-0 no:0-0
yes yes:0-0 no:0-0
yes yes:0-0 no:0-0
yes yes:0-0 no:0-0
yes yes:0-0 no:0-0
yes yes:0-0 no:0-0
yes yes:0-0 no:0-0
yes yes:0-0 no:0-0
yes yes:0-0 no:0-0
yes yes:0-0 no:0-0
yes yes:0-0 no:0-0
yes yes:0-0 no:0-0
yes yes:0-0 no:0-0
yes yes:0-0 no:0-0
yes yes:0-0 no:0-0
yes yes:0-0 no:0-0
yes yes:0-0 no:0-0
yes yes:0-0 no:0-0
yes yes:0-0 no:0-0
yes yes:0-0 no:0-0
yes yes:0-0 no:0-0
yes yes:0-0 no:0-0
yes yes:0-0 no:0-0
yes yes:0-0 no:0-0
yes yes:0-0 no:0-0
yes yes:0-0 no:0-0
yes yes:0-0 no:0-0
yes yes:0-0 no:0-0
yes yes:0-0 no:0-0
yes yes:0-0 no:0-0
yes yes:0-0 no:0-0
yes yes:0-0 no:0-0
yes yes:0-0 no:0-0
yes yes:0-0 no:0-0
yes yes:0-0 no:0-0
yes yes:0-0 no:0-0
yes yes:0-0 no:0-0
yes yes:0-0 no:0-0
yes yes:0-0 no:0-0
yes yes:0-0 no:0-0
yes yes:0-0 no:0-0
yes yes:0-0 no:0-0
yes yes:0-0 no:0-0
yes yes:0-0 no:0-0
yes yes:0-0 no:0-0
yes yes:0-0 no:0-0
yes yes:0-0 no:0-0
yes yes:0-0 no:0-0
yes yes:0-0 no:0-0
yes yes:0-0 no:0-0
yes yes:0-0 no:0-0
yes yes:0-0 no:0-0
yes yes:0-0 no:0-0
yes yes:0-0 no:0-0
yes yes:0-0 no:0-0
yes yes:0-0 no:0-0
yes yes:0-0 no:0-0
yes yes:0-0 no:0-0
yes yes:0-0 no:0-0
yes yes:0-0 no:0-0
yes yes:0-0 no:0-0
yes yes:0-0 no:0-0
yes yes:0-0 no:0-0
yes yes:0-0 no:0-0
yes yes:0-0 no:0-0
yes yes:0-0 no:0-0
yes yes:0-0 no:0-0
yes yes:0-0 no:0-0
yes yes:0-0 no:0-0
yes yes:0-0 no:0-0
yes yes:0-0 no:0-0
yes yes:0-0 no:0-0
yes yes:0-0 no:0-0
yes yes:0-0 no:0-0
yes yes:0-0 no:0-0
yes yes:0-0 no:0-0
yes yes:0-0 no:0-0
yes yes:0-0 no:0-0
yes yes:0-0 no:0-0
yes yes:0-0 no:0-0
yes yes:0-0 no:0-0
yes yes:0-0 no:0-0
yes yes:0-0 no:0-0
yes yes:0-0 no:0-0
yes yes:0-0 no:0-0
yes yes:0-0 no:0-0
yes yes:0-0 no:0-0
yes yes:0-0 no:0-0
yes yes:0-0 no:0-0
yes yes:0-0 no:0-0
yes yes:0-0 no:0-0
yes yes:0-0 no:0-0
yes yes:0-0 no:0-0
yes yes:0-0 no:0-0
yes yes:0-0 no:0-0
yes yes:0-0 no:0-0
yes yes:0-0 no:0-0
yes yes:0-0 no:0-0
yes yes:0-0 no:0-0
yes yes:0-0 no:0-0
yes yes:0-0 no:0-0
yes yes:0-0 no:0-0
yes yes:0-0 no:0-0
yes yes:0-0 no:0-0
yes yes:0-0 no:0-0
yes yes:0-0 no:0-0
yes yes:0-0 no:0-0
yes yes:0-0 no:0-0
yes yes:0-0 no:0-0
yes yes:0-0 no:0-0
yes yes:0-0 no:0-0
yes yes:0-0 no:0-0
yes yes:0-0 no:0-0
yes yes:0-0 no:0-0
yes yes:0-0 no:0-0
yes yes:0-0 no:0-0
yes yes:0-0 no:0-0
yes yes:0-0 no:0-0
yes yes:0-0 no:0-0
yes yes:0-0 no:0-0
yes yes:0-0 no:0-0
yes yes:0-0 no:0-0
yes yes:0-0 no:0-0
yes yes:0-0 no:0-0
yes yes:0-0 no:0-0
yes yes:0-0 no:0-0
yes yes:0-0 no:0-0
yes yes:0-0 no:0-0
yes yes:0-0 no:0-0
yes yes:0-0 no:0-0
yes yes:0-0 no:0-0
yes yes:0-0 no:0-0
yes yes:0-0 no:0-0
yes yes:0-0 no:0-0
yes yes:0-0 no:0-0
yes yes:0-0 no:0-0
yes yes:0-0 no:0-0
yes yes:0-0 no:0-0
yes yes:0-0 no:0-0
yes yes:0-0 no:0-0
yes yes:0-0 no:0-0
yes yes:0-0 no:0-0
yes yes:0-0 no:0-0
yes yes:0-0 no:0-0
yes yes:0-0 no:0-0
yes yes:0-0 no:0-0
yes yes:0-0 no:0-0
yes yes:0-0 no:0-0
yes yes:0-0 no:0-0
yes yes:0-0 no:0-0
yes yes:0-0 no:0-0
yes yes:0-0 no:0-0
yes yes:0-0 no:0-0
yes yes:0-0 no:0-0
yes yes:0-0 no:0-0
yes yes:0-0 no:0-0
yes yes:0-0 no:0-0
yes yes:0-0 no:0-0
yes yes:0-0 no:0-0
yes yes:0-0 no:0-0
yes yes:0-0 no:0-0
yes yes:0-0 no:0-0
yes yes:0-0 no:0-0
yes yes:0-0 no:0-0
yes yes:0-0 no:0-0
yes yes:0-0 no:0-0
yes yes:0-0 no:0-0
yes yes:0-0 no:0-0
yes yes:0-0 no:0-0
yes yes:0-0 no:0-0
yes yes:0-0 no:0-0
yes yes:0-0 no:0-0
yes yes:0-0 no:0-0
yes yes:0-0 no:0-0
yes yes:0-0 no:0-0
yes yes:0-0 no:0-0
yes yes:0-0 no:0-0
yes yes:0-0 no:0-0
yes yes:0-0 no:0-0
yes yes:0-0 no:0-0
yes yes:0-0 no:0-0
yes yes:0-0 no:0-0
yes yes:0-0 no:0-0
yes yes:0-0 no:0-0
yes yes:0-0 no:0-0
yes yes:0-0 no:0-0
yes yes:0-0 no:0-0
yes yes:0-0 no:0-0
yes yes:0-0 no:0-0
yes yes:0-0 no:0-0
yes yes:0-0 no:0-0
yes yes:0-0 no:0-0
yes yes:0-0 no:0-0
yes yes:0-0 no:0-0
yes yes:0-0 no:0-0
yes yes:0-0 no:0-0
yes yes:0-0 no:0-0
yes yes:0-0 no:0-0
yes yes:0-0 no:0-0
yes yes:0-0 no:0-0
yes yes:0-0 no:0-0
yes yes:0-0 no:0-0
yes yes:0-0 no:0-0
yes yes:0-0 no:0-0
yes yes:0-0 no:0-0
yes yes:0-0 no:0-0
yes yes:0-0 no:0-0
yes yes:0-0 no:0-0
yes yes:0-0 no:0-0
yes yes:0-0 no:0-0
yes yes:0-0 no:0-0
yes yes:0-0 no:0-0
yes yes:0-0 no:0-0
yes yes:0-0 no:0-0
yes yes:0-0 no:0-0
yes yes:0-0 no:0-0
yes yes:0-0 no:0-0
yes yes:0-0 no:0-0
yes yes:0-0 no:0-0
yes yes:0-0 no:0-0
yes yes:0-0 no:0-0
yes yes:0-0 no:0-0
yes yes:0-0 no:0-0
yes yes:0-0 no:0-0
yes yes:0-0 no:0-0
yes yes:0-0 no:0-0
yes yes:0-0 no:0-0
yes yes:0-0 no:0-0
yes yes:0-0 no:0-0
yes yes:0-0 no:0-0
yes yes:0-0 no:0-0
yes yes:0-0 no:0-0
yes yes:0-0 no:0-0
yes yes:0-0 no:0-0
yes yes:0-0 no:0-0
yes yes:0-0 no:0-0
yes yes:0-0 no:0-0
yes yes:0-0 no:0-0
yes yes:0-0 no:0-0
yes yes:0-0 no:0-0
yes yes:0-0 no:0-0
yes yes:0-0 no:0-0
yes yes:0-0 no:0-0
yes yes:0-0 no:0-0
yes yes:0-0 no:0-0
yes yes:0-0 no:0-0
yes yes:0-0 no:0-0
yes yes:0-0 no:0-0
yes yes:0-0 no:0-0
yes yes:0-0 no:0-0
yes yes:0-0 no:0-0
yes yes:0-0 no:0-0
yes yes:0-0 no:0-0
yes yes:0-0 no:0-0
yes yes:0-0 no:0-0
yes yes:0-0 no:0-0
yes yes:0-0 no:0-0
yes yes:0-0 no:0-0
yes yes:0-0 no:0-0
yes yes:0-0 no:0-0
yes yes:0-0 no:0-0
yes yes:0-0 no:0-0
yes yes:0-0 no:0-0
yes yes:0-0 no:0-0
yes yes:0-0 no:0-0
yes yes:0-0 no:0-0
yes yes:0-0 no:0-0
yes yes:0-0 no:0-0
yes yes:0-0 no:0-0
yes yes:0-0 no:0-0
yes yes:0-0 no:0-0
yes yes:0-0 no:0-0
yes yes:0-0 no:0-0
yes yes:0-0 no:0-0
yes yes:0-0 no:0-0
yes yes:0-0 no:0-0
yes yes:0-0 no:0-0
yes yes:0-0 no:0-0
yes yes:0-0 no:0-0
yes yes:0-0 no:0-0
yes yes:0-0 no:0-0
yes yes:0-0 no:0-0
yes yes:0-0 no:0-0
yes yes:0-0 no:0-0
yes yes:0-0 no:0-0
yes yes:0-0 no:0-0
yes yes:0-0 no:0-0
yes yes:0-0 no:0-0
yes yes:0-0 no:0-0
yes yes:0-0 no:0-0
yes yes:0-0 no:0-0
yes yes:0-0 no:0-0
yes yes:0-0 no:0-0
yes yes:0-0 no:0-0
yes yes:0-0 no:0-0
yes yes:0-0 no:0-0
yes yes:0-0 no:0-0
yes yes:0-0 no:0-0
yes yes:0-0 no:0-0
yes yes:0-0 no:0-0
yes yes:0-0 no:0-0
yes yes:0-0 no:0-0
yes yes:0-0 no:0-0
yes yes:0-0 no:0-0
yes yes:0-0 no:0-0
yes yes:0-0 no:0-0
yes yes:0-0 no:0-0
yes yes:0-0 no:0-0
yes yes:0-0 no:0-0
yes yes:0-0 no:0-0
yes yes:0-0 no:0-0
yes yes:0-0 no:0-0
yes yes:0-0 no:0-0
yes yes:0-0 no:0-0
yes yes:0-0 no:0-0
yes yes:0-0 no:0-0
yes yes:0-0 no:0-0
yes yes:0-0 no:0-0
yes yes:0-0 no:0-0
yes yes:0-0 no:0-0
yes yes:0-0 no:0-0
yes yes:0-0 no:0-0
yes yes:0-0 no:0-0
yes yes:0-0 no:0-0
yes yes:0-0 no:0-0
yes yes:0-0 no:0-0
yes yes:0-0 no:0-0
yes yes:0-0 no:0-0
yes yes:0-0 no:0-0
yes yes:0-0 no:0-0
yes yes:0-0 no:0-0
yes yes:0-0 no:0-0
yes yes:0-0 no:0-0
yes yes:0-0 no:0-0
yes yes:0-0 no:0-0
yes yes:0-0 no:0-0
yes yes:0-0 no:0-0
yes yes:0-0 no:0-0
yes yes:0-0 no:0-0
yes yes:0-0 no:0-0
yes yes:0-0 no:0-0
yes yes:0-0 no:0-0
yes yes:0-0 no:0-0
yes yes:0-0 no:0-0
yes yes:0-0 no:0-0
yes yes:0-0 no:0-0
yes yes:0-0 no:0-0
yes yes:0-0 no:0-0
yes yes:0-0 no:0-0
yes yes:0-0 no:0-0
yes yes:0-0 no:0-0
yes yes:0-0 no:0-0
yes yes:0-0 no:0-0
yes yes:0-0 no:0-0
yes yes:0-0 no:0-0
yes yes:0-0 no:0-0
yes yes:0-0 no:0-0
yes yes:0-0 no:0-0
yes yes:0-0 no:0-0
yes yes:0-0 no:0-0
yes yes:0-0 no:0-0
yes yes:0-0 no:0-0
yes yes:0-0 no:0-0
yes yes:0-0 no:0-0
yes yes:0-0 no:0-0
yes yes:0-0 no:0-0
yes yes:0-0 no:0-0
yes yes:0-0 no:0-0
yes yes:0-0 no:0-0
yes yes:0-0 no:0-0
yes yes:0-0 no:0-0
yes yes:0-0 no:0-0
yes yes:0-0 no:0-0
yes yes:0-0 no:0-0
yes yes:0-0 no:0-0
yes yes:0-0 no:0-0
yes yes:0-0 no:0-0
yes yes:0-0 no:0-0
yes yes:0-0 no:0-0
yes yes:0-0 no:0-0
yes yes:0-0 no:0-0
yes yes:0-0 no:0-0
yes yes:0-0 no:0-0
yes yes:0-0 no:0-0
yes yes:0-0 no:0-0
yes yes:0-0 no:0-0
yes yes:0-0 no:0-0
yes yes:0-0 no:0-0
yes yes:0-0 no:0-0
yes yes:0-0 no:0-0
yes yes:0-0 no:0-0
yes yes:0-0 no:0-0
yes yes:0-0 no:0-0
yes yes:0-0 no:0-0
yes yes:0-0 no:0-0
yes yes:0-0 no:0-0
yes yes:0-0 no:0-0
yes yes:0-0 no:0-0
yes yes:0-0 no:0-0
yes yes:0-0 no:0-0
yes yes:0-0 no:0-0
yes yes:0-0 no:0-0
yes yes:0-0 no:0-0
yes yes:0-0 no:0-0
yes yes:0-0 no:0-0
yes yes:0-0 no:0-0
yes yes:0-0 no:0-0
yes yes:0-0 no:0-0
yes yes:0-0 no:0-0
yes yes:0-0 no:0-0
yes yes:0-0 no:0-0
yes yes:0-0 no:0-0
yes yes:0-0 no:0-0
yes yes:0-0 no:0-0
yes yes:0-0 no:0-0
yes yes:0-0 no:0-0
yes yes:0-0 no:0-0
yes yes:0-0 no:0-0
yes yes:0-0 no:0-0
yes yes:0-0 no:0-0
yes yes:0-0 no:0-0
yes yes:0-0 no:0-0
yes yes:0-0 no:0-0
yes yes:0-0 no:0-0
yes yes:0-0 no:0-0
yes yes:0-0 no:0-0
yes yes:0-0 no:0-0
yes yes:0-0 no:0-0
yes yes:0-0 no:0-0
yes yes:0-0 no:0-0
yes yes:0-0 no:0-0
yes yes:0-0 no:0-0
yes yes:0-0 no:0-0
yes yes:0-0 no:0-0
yes yes:0-0 no:0-0
yes yes:0-0 no:0-0
yes yes:0-0 no:0-0
yes yes:0-0 no:0-0
yes yes:0-0 no:0-0
yes yes:0-0 no:0-0
yes yes:0-0 no:0-0
yes yes:0-0 no:0-0
yes yes:0-0 no:0-0
yes yes:0-0 no:0-0
yes yes:0-0 no:0-0
yes yes:0-0 no:0-0
yes yes:0-0 no:0-0
yes yes:0-0 no:0-0
yes yes:0-0 no:0-0
yes yes:0-0 no:0-0
yes yes:0-0 no:0-0
yes yes:0-0 no:0-0
yes yes:0-0 no:0-0
yes yes:0-0 no:0-0
yes yes:0-0 no:0-0
yes yes:0-0 no:0-0
yes yes:0-0 no:0-0
yes yes:0-0 no:0-0
yes yes:0-0 no:0-0
yes yes:0-0 no:0-0
yes yes:0-0 no:0-0
yes yes:0-0 no:0-0
yes yes:0-0 no:0-0
yes yes:0-0 no:0-0
yes yes:0-0 no:0-0
yes yes:0-0 no:0-0
yes yes:0-0 no:0-0
yes yes:0-0 no:0-0
yes yes:0-0 no:0-0
yes yes:0-0 no:0-0
yes yes:0-0 no:0-0
yes yes:0-0 no:0-0
yes yes:0-0 no:0-0
yes yes:0-0 no:0-0
yes yes:0-0 no:0-0
yes yes:0-0 no:0-0
yes yes:0-0 no:0-0
yes yes:0-0 no:0-0
yes yes:0-0 no:0-0
yes yes:0-0 no:0-0
yes yes:0-0 no:0-0
yes yes:0-0 no:0-0
yes yes:0-0 no:0-0
yes yes:0-0 no:0-0
yes yes:0-0 no:0-0
yes yes:0-0 no:0-0
yes yes:0-0 no:0-0
yes yes:0-0 no:0-0
yes yes:0-0 no:0-0
yes yes:0-0 no:0-0
yes yes:0-0 no:0-0
yes yes:0-0 no:0-0
yes yes:0-0 no:0-0
yes yes:0-0 no:0-0
yes yes:0-0 no:0-0
yes yes:0-0 no:0-0
yes yes:0-0 no:0-0
yes yes:0-0 no:0-0
yes yes:0-0 no:0-0
yes yes:0-0 no:0-0
yes yes:0-0 no:0-0
yes yes:0-0 no:0-0
yes yes:0-0 no:0-0
yes yes:0-0 no:0-0
yes yes:0-0 no:0-0
yes yes:0-0 no:0-0
yes yes:0-0 no:0-0
yes yes:0-0 no:0-0
yes yes:0-0 no:0-0
yes yes:0-0 no:0-0
yes yes:0-0 no:0-0
yes yes:0-0 no:0-0
yes yes:0-0 no:0-0
yes yes:0-0 no:0-0
yes yes:0-0 no:0-0
yes yes:0-0 no:0-0
yes yes:0-0 no:0-0
yes yes:0-0 no:0-0
yes yes:0-0 no:0-0
yes yes:0-0 no:0-0
yes yes:0-0 no:0-0
yes yes:0-0 no:0-0
yes yes:0-0 no:0-0
yes yes:0-0 no:0-0
yes yes:0-0 no:0-0
yes yes:0-0 no:0-0
yes yes:0-0 no:0-0
yes yes:0-0 no:0-0
yes yes:0-0 no:0-0
yes yes:0-0 no:0-0
yes yes:0-0 no:0-0
yes yes:0-0 no:0-0
yes yes:0-0 no:0-0
yes yes:0-0 no:0-0
yes yes:0-0 no:0-0
yes yes:0-0 no:0-0
yes yes:0-0 no:0-0
yes yes:0-0 no:0-0
yes yes:0-0 no:0-0
yes yes:0-0 no:0-0
yes yes:0-0 no:0-0
yes yes:0-0 no:0-0
yes yes:0-0 no:0-0
yes yes:0-0 no:0-0
yes yes:0-0 no:0-0
yes yes:0-0 no:0-0
yes yes:0-0 no:0-0
yes yes:0-0 no:0-0
yes yes:0-0 no:0-0
yes yes:0-0 no:0-0
yes yes:0-0 no:0-0
yes yes:0-0 no:0-0
yes yes:0-0 no:0-0
yes yes:0-0 no:0-0
yes yes:0-0 no:0-0
yes yes:0-0 no:0-0
yes yes:0-0 no:0-0
yes yes:0-0 no:0-0
yes yes:0-0 no:0-0
yes yes:0-0 no:0-0
yes yes:0-0 no:0-0
yes yes:0-0 no:0-0
yes yes:0-0 no:0-0
yes yes:0-0 no:0-0
yes yes:0-0 no:0-0
yes yes:0-0 no:0-0
yes yes:0-0 no:0-0
yes yes:0-0 no:0-0
yes yes:0-0 no:0-0
yes yes:0-0 no:0-0
yes yes:0-0 no:0-0
yes yes:0-0 no:0-0
yes yes:0-0 no:0-0
yes yes:0-0 no:0-0
yes yes:0-0 no:0-0
yes yes:0-0 no:0-0
yes yes:0-0 no:0-0
yes yes:0-0 no:0-0
yes yes:0-0 no:0-0
yes yes:0-0 no:0-0
yes yes:0-0 no:0-0
yes yes:0-0 no:0-0
yes yes:0-0 no:0-0
yes yes:0-0 no:0-0
yes yes:0-0 no:0-0
yes yes:0-0 no:0-0
yes yes:0-0 no:0-0
yes yes:0-0 no:0-0
yes yes:0-0 no:0-0
yes yes:0-0 no:0-0
yes yes:0-0 no:0-0
yes yes:0-0 no:0-0
yes yes:0-0 no:0-0
yes yes:0-0 no:0-0
yes yes:0-0 no:0-0
yes yes:0-0 no:0-0
yes yes:0-0 no:0-0
yes yes:0-0 no:0-0
yes yes:0-0 no:0-0
yes yes:0-0 no:0-0
yes yes:0-0 no:0-0
yes yes:0-0 no:0-0
yes yes:0-0 no:0-0
yes yes:0-0 no:0-0
yes yes:0-0 no:0-0
yes yes:0-0 no:0-0
yes yes:0-0 no:0-0
yes yes:0-0 no:0-0
yes yes:0-0 no:0-0
yes yes:0-0 no:0-0
yes yes:0-0 no:0-0
yes yes:0-0 no:0-0
yes yes:0-0 no:0-0
yes yes:0-0 no:0-0
yes yes:0-0 no:0-0
yes yes:0-0 no:0-0
yes yes:0-0 no:0-0
yes yes:0-0 no:0-0
yes yes:0-0 no:0-0
yes yes:0-0 no:0-0
yes yes:0-0 no:0-0
yes yes:0-0 no:0-0
yes yes:0-0 no:0-0
yes yes:0-0 no:0-0
yes yes:0-0 no:0-0
yes yes:0-0 no:0-0
yes yes:0-0 no:0-0
yes yes:0-0 no:0-0
yes yes:0-0 no:0-0
yes yes:0-0 no:0-0
yes yes:0-0 no:0-0
yes yes:0-0 no:0-0
yes yes:0-0 no:0-0
yes yes:0-0 no:0-0
yes yes:0-0 no:0-0
yes yes:0-0 no:0-0
yes yes:0-0 no:0-0
yes yes:0-0 no:0-0
yes yes:0-0 no:0-0
yes yes:0-0 no:0-0
yes yes:0-0 no:0-0
yes yes:0-0 no:0-0
yes yes:0-0 no:0-0
yes yes:0-0 no:0-0
yes yes:0-0 no:0-0
yes yes:0-0 no:0-0
yes yes:0-0 no:0-0
yes yes:0-0 no:0-0
yes yes:0-0 no:0-0
yes yes:0-0 no:0-0
yes yes:0-0 no:0-0
yes yes:0-0 no:0-0
yes yes:0-0 no:0-0
yes yes:0-0 no:0-0
yes yes:0-0 no:0-0
yes yes:0-0 no:0-0
yes yes:0-0 no:0-0
yes yes:0-0 no:0-0
yes yes:0-0 no:0-0
yes yes:0-0 no:0-0
yes yes:0-0 no:0-0
yes yes:0-0 no:0-0
yes yes:0-0 no:0-0
yes yes:0-0 no:0-0
yes yes:0-0 no:0-0
yes yes:0-0 no:0-0
yes yes:0-0 no:0-0
yes yes:0-0 no:0-0
yes yes:0-0 no:0-0
yes yes:0-0 no:0-0
yes yes:0-0 no:0-0
yes yes:0-0 no:0-0
yes yes:0-0 no:0-0
yes yes:0-0 no:0-0
yes yes:0-0 no:0-0
yes yes:0-0 no:0-0
yes yes:0-0 no:0-0
yes yes:0-0 no:0-0
yes yes:0-0 no:0-0
yes yes:0-0 no:0-0
yes yes:0-0 no:0-0
yes yes:0-0 no:0-0
yes yes:0-0 no:0-0
yes yes:0-0 no:0-0
yes yes:0-0 no:0-0
yes yes:0-0 no:0-0
yes yes:0-0 no:0-0
yes yes:0-0 no:0-0
yes yes:0-0 no:0-0
yes yes:0-0 no:0-0
yes yes:0-0 no:0-0
yes yes:0-0 no:0-0
yes yes:0-0 no:0-0
yes yes:0-0 no:0-0
yes yes:0-0 no:0-0
yes yes:0-0 no:0-0
yes yes:0-0 no:0-0
yes yes:0-0 no:0-0
yes yes:0-0 no:0-0
yes yes:0-0 no:0-0
yes yes:0-0 no:0-0
yes yes:0-0 no:0-0
yes yes:0-0 no:0-0
yes yes:0-0 no:0-0
yes yes:0-0 no:0-0
yes yes:0-0 no:0-0
yes yes:0-0 no:0-0
yes yes:0-0 no:0-0
yes yes:0-0 no:0-0
yes yes:0-0 no:0-0
yes yes:0-0 no:0-0
yes yes:0-0 no:0-0
yes yes:0-0 no:0-0
yes yes:0-0 no:0-0
yes yes:0-0 no:0-0
yes yes:0-0 no:0-0
yes yes:0-0 no:0-0
yes yes:0-0 no:0-0
yes yes:0-0 no:0-0
yes yes:0-0 no:0-0
yes yes:0-0 no:0-0
yes yes:0-0 no:0-0
yes yes:0-0 no:0-0
yes yes:0-0 no:0-0
yes yes:0-0 no:0-0
yes yes:0-0 no:0-0
yes yes:0-0 no:0-0
yes yes:0-0 no:0-0
yes yes:0-0 no:0-0
yes yes:0-0 no:0-0
yes yes:0-0 no:0-0
yes yes:0-0 no:0-0
yes yes:0-0 no:0-0
yes yes:0-0 no:0-0
yes yes:0-0 no:0-0
yes yes:0-0 no:0-0
yes yes:0-0 no:0-0
yes yes:0-0 no:0-0
yes yes:0-0 no:0-0
yes yes:0-0 no:0-0
yes yes:0-0 no:0-0
yes yes:0-0 no:0-0
yes yes:0-0 no:0-0
yes yes:0-0 no:0-0
yes yes:0-0 no:0-0
yes yes:0-0 no:0-0
yes yes:0-0 no:0-0
yes yes:0-0 no:0-0
yes yes:0-0 no:0-0
yes yes:0-0 no:0-0
yes yes:0-0 no:0-0
yes yes:0-0 no:0-0
yes yes:0-0 no:0-0
yes yes:0-0 no:0-0
yes yes:0-0 no:0-0
yes yes:0-0 no:0-0
yes yes:0-0 no:0-0
yes yes:0-0 no:0-0
yes yes:0-0 no:0-0
yes yes:0-0 no:0-0
yes yes:0-0 no:0-0
yes yes:0-0 no:0-0
yes yes:0-0 no:0-0
yes yes:0-0 no:0-0
yes yes:0-0 no:0-0
yes yes:0-0 no:0-0
yes yes:0-0 no:0-0
yes yes:0-0 no:0-0
yes yes:0-0 no:0-0
yes yes:0-0 no:0-0
yes yes:0-0 no:0-0
yes yes:0-0 no:0-0
yes yes:0-0 no:0-0
yes yes:0-0 no:0-0
yes yes:0-0 no:0-0
yes yes:0-0 no:0-0
yes yes:0-0 no:0-0
yes yes:0-0 no:0-0
yes yes:0-0 no:0-0
yes yes:0-0 no:0-0
yes yes:0-0 no:0-0
yes yes:0-0 no:0-0
yes yes:0-0 no:0-0
yes yes:0-0 no:0-0
yes yes:0-0 no:0-0
yes yes:0-0 no:0-0
yes yes:0-0 no:0-0
yes yes:0-0 no:0-0
yes yes:0-0 no:0-0
yes yes:0-0 no:0-0
yes yes:0-0 no:0-0
yes yes:0-0 no:0-0
yes yes:0-0 no:0-0
yes yes:0-0 no:0-0
yes yes:0-0 no:0-0
yes yes:0-0 no:0-0
yes yes:0-0 no:0-0
yes yes:0-0 no:0-0
yes yes:0-0 no:0-0
yes yes:0-0 no:0-0
yes yes:0-0 no:0-0
yes yes:0-0 no:0-0
yes yes:0-0 no:0-0
yes yes:0-0 no:0-0
yes yes:0-0 no:0-0
yes yes:0-0 no:0-0
yes yes:0-0 no:0-0
yes yes:0-0 no:0-0
yes yes:0-0 no:0-0
yes yes:0-0 no:0-0
yes yes:0-0 no:0-0
yes yes:0-0 no:0-0
yes yes:0-0 no:0-0
yes yes:0-0 no:0-0
yes yes:0-0 no:0-0
yes yes:0-0 no:0-0
yes yes:0-0 no:0-0
yes yes:0-0 no:0-0
yes yes:0-0 no:0-0
yes yes:0-0 no:0-0
yes yes:0-0 no:0-0
yes yes:0-0 no:0-0
yes yes:0-0 no:0-0
yes yes:0-0 no:0-0
yes yes:0-0 no:0-0
yes yes:0-0 no:0-0
yes yes:0-0 no:0-0
yes yes:0-0 no:0-0
yes yes:0-0 no:0-0
yes yes:0-0 no:0-0
yes yes:0-0 no:0-0
yes yes:0-0 no:0-0
yes yes:0-0 no:0-0
yes yes:0-0 no:0-0
yes yes:0-0 no:0-0
yes yes:0-0 no:0-0
yes yes:0-0 no:0-0
yes yes:0-0 no:0-0
yes yes:0-0 no:0-0
yes yes:0-0 no:0-0
yes yes:0-0 no:0-0
yes yes:0-0 no:0-0
yes yes:0-0 no:0-0
yes yes:0-0 no:0-0
yes yes:0-0 no:0-0
yes yes:0-0 no:0-0
yes yes:0-0 no:0-0
yes yes:0-0 no:0-0
yes yes:0-0 no:0-0
yes yes:0-0 no:0-0
yes yes:0-0 no:0-0
yes yes:0-0 no:0-0
yes yes:0-0 no:0-0
yes yes:0-0 no:0-0
yes yes:0-0 no:0-0
yes yes:0-0 no:0-0
yes yes:0-0 no:0-0
yes yes:0-0 no:0-0
yes yes:0-0 no:0-0
yes yes:0-0 no:0-0
yes yes:0-0 no:0-0
yes yes:0-0 no:0-0
yes yes:0-0 no:0-0
yes yes:0-0 no:0-0
yes yes:0-0 no:0-0
yes yes:0-0 no:0-0
yes yes:0-0 no:0-0
yes yes:0-0 no:0-0
yes yes:0-0 no:0-0
yes yes:0-0 no:0-0
yes yes:0-0 no:0-0
yes yes:0-0 no:0-0
yes yes:0-0 no:0-0
yes yes:0-0 no:0-0
yes yes:0-0 no:0-0
yes yes:0-0 no:0-0
yes yes:0-0 no:0-0
yes yes:0-0 no:0-0
yes yes:0-0 no:0-0
yes yes:0-0 no:0-0
yes yes:0-0 no:0-0
yes yes:0-0 no:0-0
yes yes:0-0 no:0-0
yes yes:0-0 no:0-0
yes yes:0-0 no:0-0
yes yes:0-0 no:0-0
yes yes:0-0 no:0-0
yes yes:0-0 no:0-0
yes yes:0-0 no:0-0
yes yes:0-0 no:0-0
yes yes:0-0 no:0-0
yes yes:0-0 no:0-0
yes yes:0-0 no:0-0
yes yes:0-0 no:0-0
yes yes:0-0 no:0-0
yes yes:0-0 no:0-0
yes yes:0-0 no:0-0
yes yes:0-0 no:0-0
yes yes:0-0 no:0-0
yes yes:0-0 no:0-0
yes yes:0-0 no:0-0
yes yes:0-0 no:0-0
yes yes:0-0 no:0-0
yes yes:0-0 no:0-0
yes yes:0-0 no:0-0
yes yes:0-0 no:0-0
yes yes:0-0 no:0-0
yes yes:0-0 no:0-0
yes yes:0-0 no:0-0
yes yes:0-0 no:0-0
yes yes:0-0 no:0-0
yes yes:0-0 no:0-0
yes yes:0-0 no:0-0
yes yes:0-0 no:0-0
yes yes:0-0 no:0-0
yes yes:0-0 no:0-0
yes yes:0-0 no:0-0
yes yes:0-0 no:0-0
yes yes:0-0 no:0-0
yes yes:0-0 no:0-0
yes yes:0-0 no:0-0
yes yes:0-0 no:0-0
yes yes:0-0 no:0-0
yes yes:0-0 no:0-0
yes yes:0-0 no:0-0
yes yes:0-0 no:0-0
yes yes:0-0 no:0-0
yes yes:0-0 no:0-0
yes yes:0-0 no:0-0
yes yes:0-0 no:0-0
yes yes:0-0 no:0-0
yes yes:0-0 no:0-0
yes yes:0-0 no:0-0
yes yes:0-0 no:0-0
yes yes:0-0 no:0-0
yes yes:0-0 no:0-0
yes yes:0-0 no:0-0
yes yes:0-0 no:0-0
yes yes:0-0 no:0-0
yes yes:0-0 no:0-0
yes yes:0-0 no:0-0
yes yes:0-0 no:0-0
yes yes:0-0 no:0-0
yes yes:0-0 no:0-0
yes yes:0-0 no:0-0
yes yes:0-0 no:0-0
yes yes:0-0 no:0-0
yes yes:0-0 no:0-0
yes yes:0-0 no:0-0
yes yes:0-0 no:0-0
yes yes:0-0 no:0-0
yes yes:0-0 no:0-0
yes yes:0-0 no:0-0
yes yes:0-0 no:0-0
yes yes:0-0 no:0-0
yes yes:0-0 no:0-0
yes yes:0-0 no:0-0
yes yes:0-0 no:0-0
yes yes:0-0 no:0-0
yes yes:0-0 no:0-0
yes yes:0-0 no:0-0
yes yes:0-0 no:0-0
yes yes:0-0 no:0-0
yes yes:0-0 no:0-0
yes yes:0-0 no:0-0
yes yes:0-0 no:0-0
yes yes:0-0 no:0-0
yes yes:0-0 no:0-0
yes yes:0-0 no:0-0
yes yes:0-0 no:0-0
yes yes:0-0 no:0-0
yes yes:0-0 no:0-0
yes yes:0-0 no:0-0
yes yes:0-0 no:0-0
yes yes:0-0 no:0-0
yes yes:0-0 no:0-0
yes yes:0-0 no:0-0
yes yes:0-0 no:0-0
yes yes:0-0 no:0-0
yes yes:0-0 no:0-0
yes yes:0-0 no:0-0
yes yes:0-0 no:0-0
yes yes:0-0 no:0-0
yes yes:0-0 no:0-0
yes yes:0-0 no:0-0
yes yes:0-0 no:0-0
yes yes:0-0 no:0-0
yes yes:0-0 no:0-0
yes yes:0-0 no:0-0
yes yes:0-0 no:0-0
yes yes:0-0 no:0-0
yes yes:0-0 no:0-0
yes yes:0-0 no:0-0
yes yes:0-0 no:0-0
yes yes:0-0 no:0-0
yes yes:0-0 no:0-0
yes yes:0-0 no:0-0
yes yes:0-0 no:0-0
yes yes:0-0 no:0-0
yes yes:0-0 no:0-0
yes yes:0-0 no:0-0
yes yes:0-0 no:0-0
yes yes:0-0 no:0-0
yes yes:0-0 no:0-0
yes yes:0-0 no:0-0
yes yes:0-0 no:0-0
yes yes:0-0 no:0-0
yes yes:0-0 no:0-0
yes yes:0-0 no:0-0
yes yes:0-0 no:0-0
yes yes:0-0 no:0-0
yes yes:0-0 no:0-0
yes yes:0-0 no:0-0
yes yes:0-0 no:0-0
yes yes:0-0 no:0-0
yes yes:0-0 no:0-0
yes yes:0-0 no:0-0
yes yes:0-0 no:0-0
yes yes:0-0 no:0-0
yes yes:0-0 no:0-0
yes yes:0-0 no:0-0
yes yes:0-0 no:0-0
yes yes:0-0 no:0-0
yes yes:0-0 no:0-0
yes yes:0-0 no:0-0
yes yes:0-0 no:0-0
yes yes:0-0 no:0-0
yes yes:0-0 no:0-0
yes yes:0-0 no:0-0
yes yes:0-0 no:0-0
yes yes:0-0 no:0-0
yes yes:0-0 no:0-0
yes yes:0-0 no:0-0
yes yes:0-0 no:0-0
yes yes:0-0 no:0-0
yes yes:0-0 no:0-0
yes yes:0-0 no:0-0
yes yes:0-0 no:0-0
yes yes:0-0 no:0-0
yes yes:0-0 no:0-0
yes yes:0-0 no:0-0
yes yes:0-0 no:0-0
yes yes:0-0 no:0-0
yes yes:0-0 no:0-0
yes yes:0-0 no:0-0
yes yes:0-0 no:0-0
yes yes:0-0 no:0-0
yes yes:0-0 no:0-0
yes yes:0-0 no:0-0
yes yes:0-0 no:0-0
yes yes:0-0 no:0-0
yes yes:0-0 no:0-0
yes yes:0-0 no:0-0
yes yes:0-0 no:0-0
yes yes:0-0 no:0-0
yes yes:0-0 no:0-0
yes yes:0-0 no:0-0
yes yes:0-0 no:0-0
yes yes:0-0 no:0-0
yes yes:0-0 no:0-0
yes yes:0-0 no:0-0
yes yes:0-0 no:0-0
yes yes:0-0 no:0-0
yes yes:0-0 no:0-0
yes yes:0-0 no:0-0
yes yes:0-0 no:0-0
yes yes:0-0 no:0-0
yes yes:0-0 no:0-0
Makefile:265: recipe for target 'run_grafboost_nthreads' failed
