rm -rf host ./xclbin/{*sw_emu*,*hw_emu*} 
rm -rf profile_* TempConfig system_estimate.xtxt *.rpt *.csv 
rm -rf src/*.ll _xocc_* .Xil emconfig.json dltmp* xmltmp* *.log *.jou *.wcfg *.wdb
mkdir -p obj
g++ -o ./sr_nthreads examples/hostprocess.cpp src/algorithm/algorithm.cpp examples/helperfunctions/postprocess.cpp examples/helperfunctions/loadgraph.cpp examples/helperfunctions/setupkernel.cpp examples/helperfunctions/procedges.cpp examples/pagerank/pagerank.cpp examples/bfs/bfs.cpp examples/sssp/sssp.cpp examples/test/test.cpp src/graphs/graph.cpp src/heuristics/heuristics.cpp src/stats/stats.cpp src/utility/utility.cpp src/parameters/parameters.cpp src/dataset/dataset.cpp kernels/kernel.cpp kernels/swkernel.cpp kernels/goclkernel.cpp src/graphs/creategraphs.cpp acts/sortreduce/sr.cpp acts/acts_lw/actslw.cpp acts/actsutility/actsutility.cpp  sortreduce-master/examples/graph/src//FileReaderAio.cpp sortreduce-master/examples/graph/src//EdgeProcess.cpp sortreduce-master/examples/graph/src//VertexValues.cpp sortreduce-master/examples/graph/src//BCMergeFlip.cpp -DKVTYPES1='uint64_t,uint32_t'  -DKVTYPES2='uint32_t,uint32_t' -Isortreduce-master/include/ -Isortreduce-master/examples/graph/src/ -Lsortreduce-master/obj/ -std=c++11 -lsortreduce -pthread -laio -march=native -lrt -g
./sr_nthreads
Hostprocess:: Graph Analytics Started...
host:: NUMDRAMBANKS: 4
host:: NUMWORKERS: 1
host:: NUMSUBWORKERS: 3
host:: NUM_PARTITIONS: 16
host:: NUMSUPERCPUTHREADS: 1
host:: NUMCPUTHREADS: 1
host:: NUMSUBCPUTHREADS: 16
host:: NUMUTILITYTHREADS: 16
host:: DATAWIDTH: 512
host:: VECTOR_SIZE: 8
host:: KVDATA_BATCHSIZE: 10000000
host:: KVDATA_BATCHSIZE_KVS: 1250000
host:: EDGES_BATCHSIZE: 80000000
host:: EDGES_BATCHSIZE_KVS: 10000000
host:: KVDATA_RANGE: 33554432
host:: KVDATA_RANGE_POW: 25
host:: BATCH_RANGE: 33554432
host:: BATCH_RANGE_POW: 25
host:: BATCH_RANGE2: 262144
host:: BATCH_RANGE2_POW: 18
host:: EDGESSZ: 0
host:: (float)APPROXTREE_DEPTH: 4
host:: APPROXTREE_DEPTH: 4
host:: TREE_DEPTH: 4
host:: TREE_DEPTH2: 2
host:: NUMSSDPARTITIONS: 1
host:: KVDATA_RANGE_PERSSDPARTITION_POW: 25
host:: KVDATA_RANGE_PERSSDPARTITION: 33554432
host:: KVDATA_RANGE_PERSSDPARTITION2_POW: 18
host:: KVDATA_RANGE_PERSSDPARTITION2: 262144
host:: MESSAGES_SIZE: 1024
host:: NUMSSDPARTITIONS: 1
host:: NUMSSDPARTITIONS_POW: 0
host:: MAXNUMSSDPARTITIONS: 1
host:: LOCKE NOT DEFINED
host:: STREAMEDGESSETUP DEFINED
host:: sizeof(keyvalue_t): 8 bytes (64 bits)
host:: sizeof(vertex_t): 4 bytes (32 bits)
host:: sizeof(edge_t): 4 bytes (32 bits)
host:: MESSAGESDRAMSZ: 1024
host:: KVDRAMSZ: 11311232
host:: KVDRAMSZ_KVS: 1413904
host:: KVDRAMWORKSPACESZ: 11311232
host:: KVDRAMWORKSPACESZ_KVS: 1413904
host:: EDGESSZ: 0
host:: EDGESSZ_KVS: 0
host:: VERTEXPTRSSZ: 0
host:: VERTEXPTRSSZ_KVS: 0
host:: VERTICESDATASZ: 16777216
host:: VERTICESDATASZ_KVS: 2097152
host:: BASEOFFSET_KVDRAM: 1024
host:: BASEOFFSET_KVDRAM_KVS: 128
host:: BASEOFFSET_KVDRAMWORKSPACE: 11312256
host:: BASEOFFSET_KVDRAMWORKSPACE_KVS: 1414032
host:: BASEOFFSET_STATSDRAM: 22623488
host:: BASEOFFSET_EDGESDATA: 25244928
host:: BASEOFFSET_EDGESDATA_KVS: 3155616
host:: BASEOFFSET_VERTEXPTR: 25244928
host:: BASEOFFSET_VERTEXPTR_KVS: 3155616
host:: BASEOFFSET_VERTICESDATA: 25244928
host:: BASEOFFSET_VERTICESDATA_KVS: 3155616
host:: KVSOURCEDRAMSZ: 42022144
host:: KVSOURCEDRAMSZ_KVS: 5252768
host:: PADDEDKVSOURCEDRAMSZ: 42022144
host:: PADDEDKVSOURCEDRAMSZ_KVS: 5252768
>> host:: MESSAGESDRAMSZ (bytes): 8192 bytes
>> host:: KVDRAMBUFFERSZ (bytes): 0 bytes
>> host:: KVDRAMSZ (bytes): 90489856 bytes
>> host:: KVDRAMWORKSPACESZ (bytes): 90489856 bytes
>> host:: KVSTATSDRAMSZ (bytes): 20971520 bytes
>> host:: ACTIVEVERTICESSZ (bytes): 0 bytes
>> host:: EDGESSZ (bytes): 0 bytes
>> host:: VERTEXPTRSSZ (bytes): 0 bytes
>> host:: VERTICESDATASZ (bytes): 134217728 bytes
>> host:: PADDEDKVSOURCEDRAMSZ (bytes): 336177152 bytes
host:: KVSTATSDRAMSZ: 2621440
host:: KVDRAMPADDING: 1311232
host:: APPLYVERTEXBUFFERSZ: 512
host:: APPLYVERTEXBUFFERSZ_KVS: 64
host:: APPLYVERTEXBUFFERSZ2: 1024
host:: APPLYVERTEXBUFFERSZ2_KVS: 128
host:: NUMLASTLEVELPARTITIONS: 65536
host:: NUMLASTLEVELPARTITIONS2: 256
host:: INMEMORYGP disabled 
graph::graph constructor:: datasetid: 34, _numedgebanks: 1
graph::loadalldatasets:: 
graph::loadalldatasets finished. 
graph::printdataset: printing dataset parameters...
>>> graphname: rgg_n_2_24_s0
>>> graph_path: /localtmp/oj2zf/dataset/rgg_n_2_24_s0/rgg_n_2_24_s0.mtx
>>> vertices_path: /localtmp/oj2zf/dataset/rgg_n_2_24_s0/rgg_n_2_24_s0.vertices
>>> edges_path: /localtmp/oj2zf/dataset/rgg_n_2_24_s0/rgg_n_2_24_s0.edges
>>> vertices_path_bin: /localtmp/oj2zf/dataset/rgg_n_2_24_s0/rgg_n_2_24_s0_bin.vertices
>>> edges_path_bin: /localtmp/oj2zf/dataset/rgg_n_2_24_s0/rgg_n_2_24_s0_bin.edges
>>> min_vertex: 0
>>> max_vertex: 16777216
>>> num_vertices: 16777216
>>> num_edges: 132557200
>>> graphdirectiontype: 5
>>> graphorder: 6
>>> skewratio: 128
setupkernel::loadSRstructures:: tmp_dir: /localtmp/oj2zf/tmpdata_grafboost
setupkernel::loadSRstructures:: idx_path: /localtmp/oj2zf/dataset/rgg_n_2_24_s0/ridx.dat
setupkernel::loadSRstructures:: mat_path: /localtmp/oj2zf/dataset/rgg_n_2_24_s0/matrix.dat
setupkernel::loadSRstructures:: vertex_count: 16777216
Created vertex values file at /localtmp/oj2zf/tmpdata_grafboost/vertex_data.dat -- 16777216
VertexValues default init done : 924 ms
bfs::run:: bfs algorithm started. 
graph::opentemporaryfilesforwriting : opening temporary files for writing...
Directory already exists.INFO: Successfully opened /localtmp/oj2zf/dataset/rgg_n_2_24_s0/rgg_n_2_24_s0_1by1/rgg_n_2_24_s0.vdata
INFO: Successfully opened /localtmp/oj2zf/dataset/rgg_n_2_24_s0/rgg_n_2_24_s0_1by1/rgg_n_2_24_s0.vproperties
graph::opentemporaryfilesforreading : opening temporary files for reading
INFO: Successfully opened /localtmp/oj2zf/dataset/rgg_n_2_24_s0/rgg_n_2_24_s0_1by1/rgg_n_2_24_s0.vdata
INFO: Successfully opened /localtmp/oj2zf/dataset/rgg_n_2_24_s0/rgg_n_2_24_s0_1by1/rgg_n_2_24_s0.vproperties
generating vertices data... 
generating temp vertices data... 
graph::openfilesforreading : opening files for reading
INFO: Successfully opened /localtmp/oj2zf/dataset/rgg_n_2_24_s0/rgg_n_2_24_s0_1by1/rgg_n_2_24_s0_0_0.vertexptrs
INFO: Successfully opened /localtmp/oj2zf/dataset/rgg_n_2_24_s0/rgg_n_2_24_s0_1by1/rgg_n_2_24_s0_0_0.vertexptrs
INFO: Successfully opened /localtmp/oj2zf/dataset/rgg_n_2_24_s0/rgg_n_2_24_s0_1by1/rgg_n_2_24_s0_0_0.edges
INFO: Successfully opened /localtmp/oj2zf/dataset/rgg_n_2_24_s0/rgg_n_2_24_s0_1by1/rgg_n_2_24_s0_0_0.edges

[1m[37m>>> bfs::run: graph iteration 0 of bfs started. (1 active vertices)[0m
SortReduce Starting...
SortReduce writing inmem directly to file /localtmp/oj2zf/tmpdata_grafboost/output.dat
Loading file output.dat size 72 -- 12
yes yes:0-0 yes:0-1
		++ Iteration 0 done: 6
>>> setupkernel::finishSR:: active vertices after iteration: 6
Loading file fd 13 size 48

[1m[37m>>> bfs::run: graph iteration 1 of bfs started. (6 active vertices)[0m
SortReduce Starting...
SortReduce writing inmem directly to file /localtmp/oj2zf/tmpdata_grafboost/output.dat
Loading file output.dat size 180 -- 14
yes yes:0-0 yes:0-1
		++ Iteration 1 done: 15
>>> setupkernel::finishSR:: active vertices after iteration: 10
Loading file fd 15 size 80

[1m[37m>>> bfs::run: graph iteration 2 of bfs started. (10 active vertices)[0m
SortReduce Starting...
SortReduce writing inmem directly to file /localtmp/oj2zf/tmpdata_grafboost/output.dat
Loading file output.dat size 312 -- 16
yes yes:0-0 yes:0-1
		++ Iteration 2 done: 26
>>> setupkernel::finishSR:: active vertices after iteration: 18
Loading file fd 17 size 144

[1m[37m>>> bfs::run: graph iteration 3 of bfs started. (18 active vertices)[0m
SortReduce Starting...
SortReduce writing inmem directly to file /localtmp/oj2zf/tmpdata_grafboost/output.dat
Loading file output.dat size 564 -- 18
yes yes:0-0 yes:0-1
		++ Iteration 3 done: 47
>>> setupkernel::finishSR:: active vertices after iteration: 26
Loading file fd 19 size 208

[1m[37m>>> bfs::run: graph iteration 4 of bfs started. (26 active vertices)[0m
SortReduce Starting...
SortReduce writing inmem directly to file /localtmp/oj2zf/tmpdata_grafboost/output.dat
Loading file output.dat size 708 -- 20
yes yes:0-0 yes:0-1
		++ Iteration 4 done: 59
>>> setupkernel::finishSR:: active vertices after iteration: 32
Loading file fd 21 size 256

[1m[37m>>> bfs::run: graph iteration 5 of bfs started. (32 active vertices)[0m
SortReduce Starting...
SortReduce writing inmem directly to file /localtmp/oj2zf/tmpdata_grafboost/output.dat
Loading file output.dat size 924 -- 22
yes yes:0-0 yes:0-1
		++ Iteration 5 done: 77
>>> setupkernel::finishSR:: active vertices after iteration: 42
Loading file fd 23 size 336

[1m[37m>>> bfs::run: graph iteration 6 of bfs started. (42 active vertices)[0m
SortReduce Starting...
SortReduce writing inmem directly to file /localtmp/oj2zf/tmpdata_grafboost/output.dat
Loading file output.dat size 1032 -- 24
yes yes:0-0 yes:0-1
		++ Iteration 6 done: 86
>>> setupkernel::finishSR:: active vertices after iteration: 39
Loading file fd 25 size 312

[1m[37m>>> bfs::run: graph iteration 7 of bfs started. (39 active vertices)[0m
SortReduce Starting...
SortReduce writing inmem directly to file /localtmp/oj2zf/tmpdata_grafboost/output.dat
Loading file output.dat size 1032 -- 26
yes yes:0-0 yes:0-1
		++ Iteration 7 done: 86
>>> setupkernel::finishSR:: active vertices after iteration: 41
Loading file fd 27 size 328

[1m[37m>>> bfs::run: graph iteration 8 of bfs started. (41 active vertices)[0m
SortReduce Starting...
SortReduce writing inmem directly to file /localtmp/oj2zf/tmpdata_grafboost/output.dat
Loading file output.dat size 1164 -- 28
yes yes:0-0 yes:0-1
		++ Iteration 8 done: 97
>>> setupkernel::finishSR:: active vertices after iteration: 48
Loading file fd 29 size 384

[1m[37m>>> bfs::run: graph iteration 9 of bfs started. (48 active vertices)[0m
SortReduce Starting...
SortReduce writing inmem directly to file /localtmp/oj2zf/tmpdata_grafboost/output.dat
Loading file output.dat size 1368 -- 30
yes yes:0-0 yes:0-1
		++ Iteration 9 done: 114
>>> setupkernel::finishSR:: active vertices after iteration: 60
Loading file fd 31 size 480

[1m[37m>>> bfs::run: graph iteration 10 of bfs started. (60 active vertices)[0m
SortReduce Starting...
SortReduce writing inmem directly to file /localtmp/oj2zf/tmpdata_grafboost/output.dat
Loading file output.dat size 1548 -- 32
yes yes:0-0 yes:0-1
		++ Iteration 10 done: 129
>>> setupkernel::finishSR:: active vertices after iteration: 69
Loading file fd 33 size 552

[1m[37m>>> bfs::run: graph iteration 11 of bfs started. (69 active vertices)[0m
SortReduce Starting...
SortReduce writing inmem directly to file /localtmp/oj2zf/tmpdata_grafboost/output.dat
Loading file output.dat size 1908 -- 34
yes yes:0-0 yes:0-1
		++ Iteration 11 done: 159
>>> setupkernel::finishSR:: active vertices after iteration: 69
Loading file fd 35 size 552

[1m[37m>>> bfs::run: graph iteration 12 of bfs started. (69 active vertices)[0m
SortReduce Starting...
SortReduce writing inmem directly to file /localtmp/oj2zf/tmpdata_grafboost/output.dat
Loading file output.dat size 1884 -- 36
yes yes:0-0 yes:0-1
		++ Iteration 12 done: 157
>>> setupkernel::finishSR:: active vertices after iteration: 63
Loading file fd 37 size 504

[1m[37m>>> bfs::run: graph iteration 13 of bfs started. (63 active vertices)[0m
SortReduce Starting...
SortReduce writing inmem directly to file /localtmp/oj2zf/tmpdata_grafboost/output.dat
Loading file output.dat size 1944 -- 38
yes yes:0-0 yes:0-1
		++ Iteration 13 done: 162
>>> setupkernel::finishSR:: active vertices after iteration: 93
Loading file fd 39 size 744

[1m[37m>>> bfs::run: graph iteration 14 of bfs started. (93 active vertices)[0m
SortReduce Starting...
SortReduce writing inmem directly to file /localtmp/oj2zf/tmpdata_grafboost/output.dat
Loading file output.dat size 2520 -- 40
yes yes:0-0 yes:0-1
		++ Iteration 14 done: 210
>>> setupkernel::finishSR:: active vertices after iteration: 115
Loading file fd 41 size 920

[1m[37m>>> bfs::run: graph iteration 15 of bfs started. (115 active vertices)[0m
SortReduce Starting...
SortReduce writing inmem directly to file /localtmp/oj2zf/tmpdata_grafboost/output.dat
Loading file output.dat size 3024 -- 42
yes yes:0-0 yes:0-1
		++ Iteration 15 done: 252
>>> setupkernel::finishSR:: active vertices after iteration: 122
Loading file fd 43 size 976

[1m[37m>>> bfs::run: graph iteration 16 of bfs started. (122 active vertices)[0m
SortReduce Starting...
SortReduce writing inmem directly to file /localtmp/oj2zf/tmpdata_grafboost/output.dat
Loading file output.dat size 3432 -- 44
yes yes:0-0 yes:0-1
		++ Iteration 16 done: 286
>>> setupkernel::finishSR:: active vertices after iteration: 128
Loading file fd 45 size 1024

[1m[37m>>> bfs::run: graph iteration 17 of bfs started. (128 active vertices)[0m
SortReduce Starting...
SortReduce writing inmem directly to file /localtmp/oj2zf/tmpdata_grafboost/output.dat
Loading file output.dat size 3648 -- 46
yes yes:0-0 yes:0-1
		++ Iteration 17 done: 304
>>> setupkernel::finishSR:: active vertices after iteration: 140
Loading file fd 47 size 1120

[1m[37m>>> bfs::run: graph iteration 18 of bfs started. (140 active vertices)[0m
SortReduce Starting...
SortReduce writing inmem directly to file /localtmp/oj2zf/tmpdata_grafboost/output.dat
Loading file output.dat size 3672 -- 48
yes yes:0-0 yes:0-1
		++ Iteration 18 done: 306
>>> setupkernel::finishSR:: active vertices after iteration: 129
Loading file fd 49 size 1032

[1m[37m>>> bfs::run: graph iteration 19 of bfs started. (129 active vertices)[0m
SortReduce Starting...
SortReduce writing inmem directly to file /localtmp/oj2zf/tmpdata_grafboost/output.dat
Loading file output.dat size 3648 -- 50
yes yes:0-0 yes:0-1
		++ Iteration 19 done: 304
>>> setupkernel::finishSR:: active vertices after iteration: 146
Loading file fd 51 size 1168

[1m[37m>>> bfs::run: graph iteration 20 of bfs started. (146 active vertices)[0m
SortReduce Starting...
SortReduce writing inmem directly to file /localtmp/oj2zf/tmpdata_grafboost/output.dat
Loading file output.dat size 3864 -- 52
yes yes:0-0 yes:0-1
		++ Iteration 20 done: 322
>>> setupkernel::finishSR:: active vertices after iteration: 142
Loading file fd 53 size 1136

[1m[37m>>> bfs::run: graph iteration 21 of bfs started. (142 active vertices)[0m
SortReduce Starting...
SortReduce writing inmem directly to file /localtmp/oj2zf/tmpdata_grafboost/output.dat
Loading file output.dat size 4104 -- 54
yes yes:0-0 yes:0-1
		++ Iteration 21 done: 342
>>> setupkernel::finishSR:: active vertices after iteration: 167
Loading file fd 55 size 1336

[1m[37m>>> bfs::run: graph iteration 22 of bfs started. (167 active vertices)[0m
SortReduce Starting...
SortReduce writing inmem directly to file /localtmp/oj2zf/tmpdata_grafboost/output.dat
Loading file output.dat size 4560 -- 56
yes yes:0-0 yes:0-1
		++ Iteration 22 done: 380
>>> setupkernel::finishSR:: active vertices after iteration: 182
Loading file fd 57 size 1456

[1m[37m>>> bfs::run: graph iteration 23 of bfs started. (182 active vertices)[0m
SortReduce Starting...
SortReduce writing inmem directly to file /localtmp/oj2zf/tmpdata_grafboost/output.dat
Loading file output.dat size 5148 -- 58
yes yes:0-0 yes:0-1
		++ Iteration 23 done: 429
>>> setupkernel::finishSR:: active vertices after iteration: 196
Loading file fd 59 size 1568

[1m[37m>>> bfs::run: graph iteration 24 of bfs started. (196 active vertices)[0m
SortReduce Starting...
SortReduce writing inmem directly to file /localtmp/oj2zf/tmpdata_grafboost/output.dat
Loading file output.dat size 5112 -- 60
yes yes:0-0 yes:0-1
		++ Iteration 24 done: 426
>>> setupkernel::finishSR:: active vertices after iteration: 183
Loading file fd 61 size 1464

[1m[37m>>> bfs::run: graph iteration 25 of bfs started. (183 active vertices)[0m
SortReduce Starting...
SortReduce writing inmem directly to file /localtmp/oj2zf/tmpdata_grafboost/output.dat
Loading file output.dat size 4968 -- 62
yes yes:0-0 yes:0-1
		++ Iteration 25 done: 414
>>> setupkernel::finishSR:: active vertices after iteration: 191
Loading file fd 63 size 1528

[1m[37m>>> bfs::run: graph iteration 26 of bfs started. (191 active vertices)[0m
SortReduce Starting...
SortReduce writing inmem directly to file /localtmp/oj2zf/tmpdata_grafboost/output.dat
Loading file output.dat size 5460 -- 64
yes yes:0-0 yes:0-1
		++ Iteration 26 done: 455
>>> setupkernel::finishSR:: active vertices after iteration: 210
Loading file fd 65 size 1680

[1m[37m>>> bfs::run: graph iteration 27 of bfs started. (210 active vertices)[0m
SortReduce Starting...
SortReduce writing inmem directly to file /localtmp/oj2zf/tmpdata_grafboost/output.dat
Loading file output.dat size 6024 -- 66
yes yes:0-0 yes:0-1
		++ Iteration 27 done: 502
>>> setupkernel::finishSR:: active vertices after iteration: 238
Loading file fd 67 size 1904

[1m[37m>>> bfs::run: graph iteration 28 of bfs started. (238 active vertices)[0m
SortReduce Starting...
SortReduce writing inmem directly to file /localtmp/oj2zf/tmpdata_grafboost/output.dat
Loading file output.dat size 6252 -- 68
yes yes:0-0 yes:0-1
		++ Iteration 28 done: 521
>>> setupkernel::finishSR:: active vertices after iteration: 219
Loading file fd 69 size 1752

[1m[37m>>> bfs::run: graph iteration 29 of bfs started. (219 active vertices)[0m
SortReduce Starting...
SortReduce writing inmem directly to file /localtmp/oj2zf/tmpdata_grafboost/output.dat
Loading file output.dat size 6252 -- 70
yes yes:0-0 yes:0-1
		++ Iteration 29 done: 521
>>> setupkernel::finishSR:: active vertices after iteration: 231
Loading file fd 71 size 1848

[1m[37m>>> bfs::run: graph iteration 30 of bfs started. (231 active vertices)[0m
SortReduce Starting...
SortReduce writing inmem directly to file /localtmp/oj2zf/tmpdata_grafboost/output.dat
Loading file output.dat size 6300 -- 72
yes yes:0-0 yes:0-1
		++ Iteration 30 done: 525
>>> setupkernel::finishSR:: active vertices after iteration: 233
Loading file fd 73 size 1864

>>> bfs::start2: finished start2. Time Elapsed: : Time Elapsed = 50165787957[nanao seconds](Iteration 666)
>>> bfs::start2: finished start2. Time Elapsed: : Time Elapsed = 50165787[micro seconds](Iteration 666)
>>> bfs::start2: finished start2. Time Elapsed: : Time Elapsed = 50165[milli seconds](Iteration 666)
>>> bfs::start2: finished start2. Time Elapsed: : Time Elapsed = 50[seconds](Iteration 666)

graph::closetemporaryfilesforwriting : close temporary files for writing...
graph::closetemporaryfilesforreading : close files for reading...
graph::closefilesforreading : close files for reading...
=== STATS::TIMING AND SUMMARY RESULTS FOR ITERATION: 666 === 
>>> stats::summary Total number of kvReads in bank [0]: 26934
[1m[37m>>> stats::summary Total number of kvReads for all threads: 26934[0m
[1m[37m>>> stats::summary Total time spent (SSD access): 0 milliseconds[0m
[1m[37m>>> stats::summary Total time spent (SSD access): 0 seconds[0m
[1m[37m>>> stats::summary Total time spent (OCL data transfers): 0 milliseconds[0m
[1m[37m>>> stats::summary Total time spent (OCL data transfers): 0 seconds[0m
[1m[37m>>> stats::summary Total time spent (Kernel Pre Process execution): 27 milliseconds[0m
[1m[37m>>> stats::summary Total time spent (Kernel Pre Process execution): 0.027 seconds[0m
[1m[37m>>> stats::summary Total time spent (Kernel execution): 34035 milliseconds[0m
[1m[37m>>> stats::summary Total time spent (Kernel execution): 34.035 seconds[0m
[1m[37m>>> stats::summary Total time spent (Kernel Post Process execution): 0 milliseconds[0m
[1m[37m>>> stats::summary Total time spent (Kernel Post Process execution): 0 seconds[0m
[1m[37m>>> stats::summary Total time spent (Overall Kernel execution): 34062 milliseconds[0m
[1m[37m>>> stats::summary Total time spent (Overall Kernel execution): 34.062 seconds[0m
[1m[37m>>> stats::summary Total time spent (Overall processing): 50165 milliseconds[0m
[1m[37m>>> stats::summary Total time spent (Overall processing): 50.165 seconds[0m
[1m[37m>>> stats::summary Total time spent (Overall processing excluding SSD & OCL data transfers): 50165 milliseconds[0m
[1m[37m>>> stats::summary Total time spent (Overall processing excluding SSD & OCL data transfers): 50.165 seconds[0m
[1m[37m>>> stats::summary Throughput (Kernel processing): 790.735 keyvalues per second[0m
[1m[37m>>> stats::summary Throughput (Kernel processing): 0.000790735 million keyvalues per second[0m
[1m[37m>>> stats::summary Throughput (Kernel processing): 0.00632588 MB/s[0m
[1m[37m>>> stats::summary Throughput (Overall processing): 790.735 keyvalues per second[0m
[1m[37m>>> stats::summary Throughput (Overall processing): 0.000790735 million keyvalues per second[0m
[1m[37m>>> stats::summary Throughput (Overall processing): 0.00632588 MB/s[0m
[1m[37m>>> stats::summary Throughput (Overall processing excluding SSD & OCL data transfers): 536.908 keyvalues per second[0m
[1m[37m>>> stats::summary Throughput (Overall processing excluding SSD & OCL data transfers): 0.000536908 million keyvalues per second[0m

graph::printdataset: printing dataset parameters...
>>> graphname: rgg_n_2_24_s0
>>> graph_path: /localtmp/oj2zf/dataset/rgg_n_2_24_s0/rgg_n_2_24_s0.mtx
>>> vertices_path: /localtmp/oj2zf/dataset/rgg_n_2_24_s0/rgg_n_2_24_s0.vertices
>>> edges_path: /localtmp/oj2zf/dataset/rgg_n_2_24_s0/rgg_n_2_24_s0.edges
>>> vertices_path_bin: /localtmp/oj2zf/dataset/rgg_n_2_24_s0/rgg_n_2_24_s0_bin.vertices
>>> edges_path_bin: /localtmp/oj2zf/dataset/rgg_n_2_24_s0/rgg_n_2_24_s0_bin.edges
>>> min_vertex: 0
>>> max_vertex: 16777216
>>> num_vertices: 16777216
>>> num_edges: 132557200
>>> graphdirectiontype: 5
>>> graphorder: 6
>>> skewratio: 128
TEST FINISHED
[1m[37m>>> HOSTPROCESS:: TIMING SUMMARY: TOTAL TIME ELAPSED: : Time Elapsed = 51391830608[nanao seconds](Iteration 666)[0m
[1m[37m>>> HOSTPROCESS:: TIMING SUMMARY: TOTAL TIME ELAPSED: : Time Elapsed = 51391830[micro seconds](Iteration 666)[0m
[1m[37m>>> HOSTPROCESS:: TIMING SUMMARY: TOTAL TIME ELAPSED: : Time Elapsed = 51391[milli seconds](Iteration 666)[0m
[1m[37m>>> HOSTPROCESS:: TIMING SUMMARY: TOTAL TIME ELAPSED: : Time Elapsed = 51[seconds](Iteration 666)[0m

