rm -rf host ./xclbin/{*sw_emu*,*hw_emu*} 
rm -rf profile_* TempConfig system_estimate.xtxt *.rpt *.csv 
rm -rf src/*.ll _xocc_* .Xil emconfig.json dltmp* xmltmp* *.log *.jou *.wcfg *.wdb
mkdir -p obj
g++ -o ./sr_nthreads examples/hostprocess.cpp src/algorithm/algorithm.cpp examples/helperfunctions/postprocess.cpp examples/helperfunctions/loadgraph.cpp examples/helperfunctions/setupkernel.cpp examples/helperfunctions/procedges.cpp examples/pagerank/pagerank.cpp examples/bfs/bfs.cpp examples/sssp/sssp.cpp examples/test/test.cpp src/graphs/graph.cpp src/heuristics/heuristics.cpp src/stats/stats.cpp src/utility/utility.cpp src/parameters/parameters.cpp src/dataset/dataset.cpp kernels/kernel.cpp kernels/swkernel.cpp kernels/goclkernel.cpp src/graphs/creategraphs.cpp acts/sortreduce/sr.cpp acts/acts_lw/actslw.cpp acts/actsutility/actsutility.cpp  sortreduce-master/examples/graph/src//FileReaderAio.cpp sortreduce-master/examples/graph/src//EdgeProcess.cpp sortreduce-master/examples/graph/src//VertexValues.cpp sortreduce-master/examples/graph/src//BCMergeFlip.cpp -DKVTYPES1='uint64_t,uint32_t'  -DKVTYPES2='uint32_t,uint32_t' -Isortreduce-master/include/ -Isortreduce-master/examples/graph/src/ -Lsortreduce-master/obj/ -std=c++11 -lsortreduce -pthread -laio -march=native -lrt -g
./sr_nthreads
Hostprocess:: Graph Analytics Started...
host:: NUMDRAMBANKS: 4
host:: NUMWORKERS: 1
host:: NUMSUBWORKERS: 3
host:: NUM_PARTITIONS: 16
host:: NUMSUPERCPUTHREADS: 1
host:: NUMCPUTHREADS: 1
host:: NUMSUBCPUTHREADS: 16
host:: NUMUTILITYTHREADS: 16
host:: DATAWIDTH: 512
host:: VECTOR_SIZE: 8
host:: KVDATA_BATCHSIZE: 10000000
host:: KVDATA_BATCHSIZE_KVS: 1250000
host:: EDGES_BATCHSIZE: 80000000
host:: EDGES_BATCHSIZE_KVS: 10000000
host:: KVDATA_RANGE: 2097152
host:: KVDATA_RANGE_POW: 21
host:: BATCH_RANGE: 2097152
host:: BATCH_RANGE_POW: 21
host:: BATCH_RANGE2: 16384
host:: BATCH_RANGE2_POW: 14
host:: EDGESSZ: 0
host:: (float)APPROXTREE_DEPTH: 3
host:: APPROXTREE_DEPTH: 3
host:: TREE_DEPTH: 3
host:: TREE_DEPTH2: 1
host:: NUMSSDPARTITIONS: 1
host:: KVDATA_RANGE_PERSSDPARTITION_POW: 21
host:: KVDATA_RANGE_PERSSDPARTITION: 2097152
host:: KVDATA_RANGE_PERSSDPARTITION2_POW: 14
host:: KVDATA_RANGE_PERSSDPARTITION2: 16384
host:: MESSAGES_SIZE: 1024
host:: NUMSSDPARTITIONS: 1
host:: NUMSSDPARTITIONS_POW: 0
host:: MAXNUMSSDPARTITIONS: 1
host:: LOCKE NOT DEFINED
host:: STREAMEDGESSETUP DEFINED
host:: sizeof(keyvalue_t): 8 bytes (64 bits)
host:: sizeof(vertex_t): 4 bytes (32 bits)
host:: sizeof(edge_t): 4 bytes (32 bits)
host:: MESSAGESDRAMSZ: 1024
host:: KVDRAMSZ: 11311232
host:: KVDRAMSZ_KVS: 1413904
host:: KVDRAMWORKSPACESZ: 11311232
host:: KVDRAMWORKSPACESZ_KVS: 1413904
host:: EDGESSZ: 0
host:: EDGESSZ_KVS: 0
host:: VERTEXPTRSSZ: 0
host:: VERTEXPTRSSZ_KVS: 0
host:: VERTICESDATASZ: 1048576
host:: VERTICESDATASZ_KVS: 131072
host:: BASEOFFSET_KVDRAM: 1024
host:: BASEOFFSET_KVDRAM_KVS: 128
host:: BASEOFFSET_KVDRAMWORKSPACE: 11312256
host:: BASEOFFSET_KVDRAMWORKSPACE_KVS: 1414032
host:: BASEOFFSET_STATSDRAM: 22623488
host:: BASEOFFSET_EDGESDATA: 22754560
host:: BASEOFFSET_EDGESDATA_KVS: 2844320
host:: BASEOFFSET_VERTEXPTR: 22754560
host:: BASEOFFSET_VERTEXPTR_KVS: 2844320
host:: BASEOFFSET_VERTICESDATA: 22754560
host:: BASEOFFSET_VERTICESDATA_KVS: 2844320
host:: KVSOURCEDRAMSZ: 23803136
host:: KVSOURCEDRAMSZ_KVS: 2975392
host:: PADDEDKVSOURCEDRAMSZ: 23803136
host:: PADDEDKVSOURCEDRAMSZ_KVS: 2975392
>> host:: MESSAGESDRAMSZ (bytes): 8192 bytes
>> host:: KVDRAMBUFFERSZ (bytes): 0 bytes
>> host:: KVDRAMSZ (bytes): 90489856 bytes
>> host:: KVDRAMWORKSPACESZ (bytes): 90489856 bytes
>> host:: KVSTATSDRAMSZ (bytes): 1048576 bytes
>> host:: ACTIVEVERTICESSZ (bytes): 0 bytes
>> host:: EDGESSZ (bytes): 0 bytes
>> host:: VERTEXPTRSSZ (bytes): 0 bytes
>> host:: VERTICESDATASZ (bytes): 8388608 bytes
>> host:: PADDEDKVSOURCEDRAMSZ (bytes): 190425088 bytes
host:: KVSTATSDRAMSZ: 131072
host:: KVDRAMPADDING: 1311232
host:: APPLYVERTEXBUFFERSZ: 512
host:: APPLYVERTEXBUFFERSZ_KVS: 64
host:: APPLYVERTEXBUFFERSZ2: 1024
host:: APPLYVERTEXBUFFERSZ2_KVS: 128
host:: NUMLASTLEVELPARTITIONS: 4096
host:: NUMLASTLEVELPARTITIONS2: 16
host:: INMEMORYGP disabled 
graph::graph constructor:: datasetid: 33, _numedgebanks: 1
graph::loadalldatasets:: 
graph::loadalldatasets finished. 
graph::printdataset: printing dataset parameters...
>>> graphname: kron-g500-logn21
>>> graph_path: /localtmp/oj2zf/dataset/kron-g500-logn21/kron-g500-logn21.mtx
>>> vertices_path: /localtmp/oj2zf/dataset/kron-g500-logn21/kron-g500-logn21.vertices
>>> edges_path: /localtmp/oj2zf/dataset/kron-g500-logn21/kron-g500-logn21.edges
>>> vertices_path_bin: /localtmp/oj2zf/dataset/kron-g500-logn21/kron-g500-logn21_bin.vertices
>>> edges_path_bin: /localtmp/oj2zf/dataset/kron-g500-logn21/kron-g500-logn21_bin.edges
>>> min_vertex: 0
>>> max_vertex: 2097152
>>> num_vertices: 2097152
>>> num_edges: 91042010
>>> graphdirectiontype: 5
>>> graphorder: 6
>>> skewratio: 128
setupkernel::loadSRstructures:: tmp_dir: /localtmp/oj2zf/tmpdata_grafboost
setupkernel::loadSRstructures:: idx_path: /localtmp/oj2zf/dataset/kron-g500-logn21/ridx.dat
setupkernel::loadSRstructures:: mat_path: /localtmp/oj2zf/dataset/kron-g500-logn21/matrix.dat
setupkernel::loadSRstructures:: vertex_count: 2097152
Created vertex values file at /localtmp/oj2zf/tmpdata_grafboost/vertex_data.dat -- 2097152
VertexValues default init done : 55 ms
bfs::run:: bfs algorithm started. 
graph::opentemporaryfilesforwriting : opening temporary files for writing...
Directory already exists.INFO: Successfully opened /localtmp/oj2zf/dataset/kron-g500-logn21/kron-g500-logn21_1by1/kron-g500-logn21.vdata
INFO: Successfully opened /localtmp/oj2zf/dataset/kron-g500-logn21/kron-g500-logn21_1by1/kron-g500-logn21.vproperties
graph::opentemporaryfilesforreading : opening temporary files for reading
INFO: Successfully opened /localtmp/oj2zf/dataset/kron-g500-logn21/kron-g500-logn21_1by1/kron-g500-logn21.vdata
INFO: Successfully opened /localtmp/oj2zf/dataset/kron-g500-logn21/kron-g500-logn21_1by1/kron-g500-logn21.vproperties
generating vertices data... 
generating temp vertices data... 
graph::openfilesforreading : opening files for reading
INFO: Successfully opened /localtmp/oj2zf/dataset/kron-g500-logn21/kron-g500-logn21_1by1/kron-g500-logn21_0_0.vertexptrs
INFO: Successfully opened /localtmp/oj2zf/dataset/kron-g500-logn21/kron-g500-logn21_1by1/kron-g500-logn21_0_0.vertexptrs
INFO: Successfully opened /localtmp/oj2zf/dataset/kron-g500-logn21/kron-g500-logn21_1by1/kron-g500-logn21_0_0.edges
INFO: Successfully opened /localtmp/oj2zf/dataset/kron-g500-logn21/kron-g500-logn21_1by1/kron-g500-logn21_0_0.edges

[1m[37m>>> bfs::run: graph iteration 0 of bfs started. (1 active vertices)[0m
SortReduce Starting...
SortReduce writing inmem directly to file /localtmp/oj2zf/tmpdata_grafboost/output.dat
Loading file output.dat size 36 -- 12
yes yes:0-0 yes:0-1
		++ Iteration 0 done: 3
>>> setupkernel::finishSR:: active vertices after iteration: 3
Loading file fd 13 size 24

[1m[37m>>> bfs::run: graph iteration 1 of bfs started. (3 active vertices)[0m
SortReduce Starting...
SortReduce writing inmem directly to file /localtmp/oj2zf/tmpdata_grafboost/output.dat
Loading file output.dat size 240264 -- 14
yes yes:0-0 yes:0-1
		++ Iteration 1 done: 20022
>>> setupkernel::finishSR:: active vertices after iteration: 20020
Loading file fd 15 size 160160

[1m[37m>>> bfs::run: graph iteration 2 of bfs started. (20020 active vertices)[0m
SortReduce Starting...
yes yes:0-0 no:0-0
Loading file output.dat size 12064020 -- 16
yes yes:0-0 yes:0-1
		++ Iteration 2 done: 1005335
>>> setupkernel::finishSR:: active vertices after iteration: 985775
Loading file fd 17 size 7886200

[1m[37m>>> bfs::run: graph iteration 3 of bfs started. (985775 active vertices)[0m
SortReduce Starting...
yes yes:0-0 no:0-1
Loading file output.dat size 12514740 -- 18
yes yes:0-0 yes:0-1
		++ Iteration 3 done: 1042895
>>> setupkernel::finishSR:: active vertices after iteration: 203711
Loading file fd 19 size 1629688

[1m[37m>>> bfs::run: graph iteration 4 of bfs started. (203711 active vertices)[0m
SortReduce Starting...
Loading file output.dat size 1931796 -- 20
yes yes:0-0 yes:0-1
		++ Iteration 4 done: 160983
>>> setupkernel::finishSR:: active vertices after iteration: 2226
Loading file fd 21 size 17808

[1m[37m>>> bfs::run: graph iteration 5 of bfs started. (2226 active vertices)[0m
SortReduce Starting...
SortReduce writing inmem directly to file /localtmp/oj2zf/tmpdata_grafboost/output.dat
Loading file output.dat size 137928 -- 22
yes yes:0-0 yes:0-1
		++ Iteration 5 done: 11494
>>> setupkernel::finishSR:: active vertices after iteration: 61
Loading file fd 23 size 488

[1m[37m>>> bfs::run: graph iteration 6 of bfs started. (61 active vertices)[0m
SortReduce Starting...
SortReduce writing inmem directly to file /localtmp/oj2zf/tmpdata_grafboost/output.dat
Loading file output.dat size 12012 -- 24
yes yes:0-0 yes:0-1
		++ Iteration 6 done: 1001
>>> setupkernel::finishSR:: active vertices after iteration: 2
Loading file fd 25 size 16

[1m[37m>>> bfs::run: graph iteration 7 of bfs started. (2 active vertices)[0m
SortReduce Starting...
SortReduce writing inmem directly to file /localtmp/oj2zf/tmpdata_grafboost/output.dat
Loading file output.dat size 264 -- 26
yes yes:0-0 yes:0-1
		++ Iteration 7 done: 22
>>> setupkernel::finishSR:: active vertices after iteration: 0
Loading file fd 27 size 0

>>> bfs::start2: finished start2. Time Elapsed: : Time Elapsed = 25379669839[nanao seconds](Iteration 666)
>>> bfs::start2: finished start2. Time Elapsed: : Time Elapsed = 25379669[micro seconds](Iteration 666)
>>> bfs::start2: finished start2. Time Elapsed: : Time Elapsed = 25379[milli seconds](Iteration 666)
>>> bfs::start2: finished start2. Time Elapsed: : Time Elapsed = 25[seconds](Iteration 666)

graph::closetemporaryfilesforwriting : close temporary files for writing...
graph::closetemporaryfilesforreading : close files for reading...
graph::closefilesforreading : close files for reading...
=== STATS::TIMING AND SUMMARY RESULTS FOR ITERATION: 666 === 
>>> stats::summary Total number of kvReads in bank [0]: 86113268
[1m[37m>>> stats::summary Total number of kvReads for all threads: 86113268[0m
[1m[37m>>> stats::summary Total time spent (SSD access): 0 milliseconds[0m
[1m[37m>>> stats::summary Total time spent (SSD access): 0 seconds[0m
[1m[37m>>> stats::summary Total time spent (OCL data transfers): 0 milliseconds[0m
[1m[37m>>> stats::summary Total time spent (OCL data transfers): 0 seconds[0m
[1m[37m>>> stats::summary Total time spent (Kernel Pre Process execution): 670 milliseconds[0m
[1m[37m>>> stats::summary Total time spent (Kernel Pre Process execution): 0.67 seconds[0m
[1m[37m>>> stats::summary Total time spent (Kernel execution): 22263 milliseconds[0m
[1m[37m>>> stats::summary Total time spent (Kernel execution): 22.263 seconds[0m
[1m[37m>>> stats::summary Total time spent (Kernel Post Process execution): 0 milliseconds[0m
[1m[37m>>> stats::summary Total time spent (Kernel Post Process execution): 0 seconds[0m
[1m[37m>>> stats::summary Total time spent (Overall Kernel execution): 22933 milliseconds[0m
[1m[37m>>> stats::summary Total time spent (Overall Kernel execution): 22.933 seconds[0m
[1m[37m>>> stats::summary Total time spent (Overall processing): 25379 milliseconds[0m
[1m[37m>>> stats::summary Total time spent (Overall processing): 25.379 seconds[0m
[1m[37m>>> stats::summary Total time spent (Overall processing excluding SSD & OCL data transfers): 25379 milliseconds[0m
[1m[37m>>> stats::summary Total time spent (Overall processing excluding SSD & OCL data transfers): 25.379 seconds[0m
[1m[37m>>> stats::summary Throughput (Kernel processing): 3.75499e+06 keyvalues per second[0m
[1m[37m>>> stats::summary Throughput (Kernel processing): 3.75499 million keyvalues per second[0m
[1m[37m>>> stats::summary Throughput (Kernel processing): 30.0399 MB/s[0m
[1m[37m>>> stats::summary Throughput (Overall processing): 3.75499e+06 keyvalues per second[0m
[1m[37m>>> stats::summary Throughput (Overall processing): 3.75499 million keyvalues per second[0m
[1m[37m>>> stats::summary Throughput (Overall processing): 30.0399 MB/s[0m
[1m[37m>>> stats::summary Throughput (Overall processing excluding SSD & OCL data transfers): 3.39309e+06 keyvalues per second[0m
[1m[37m>>> stats::summary Throughput (Overall processing excluding SSD & OCL data transfers): 3.39309 million keyvalues per second[0m

graph::printdataset: printing dataset parameters...
>>> graphname: kron-g500-logn21
>>> graph_path: /localtmp/oj2zf/dataset/kron-g500-logn21/kron-g500-logn21.mtx
>>> vertices_path: /localtmp/oj2zf/dataset/kron-g500-logn21/kron-g500-logn21.vertices
>>> edges_path: /localtmp/oj2zf/dataset/kron-g500-logn21/kron-g500-logn21.edges
>>> vertices_path_bin: /localtmp/oj2zf/dataset/kron-g500-logn21/kron-g500-logn21_bin.vertices
>>> edges_path_bin: /localtmp/oj2zf/dataset/kron-g500-logn21/kron-g500-logn21_bin.edges
>>> min_vertex: 0
>>> max_vertex: 2097152
>>> num_vertices: 2097152
>>> num_edges: 91042010
>>> graphdirectiontype: 5
>>> graphorder: 6
>>> skewratio: 128
TEST FINISHED
[1m[37m>>> HOSTPROCESS:: TIMING SUMMARY: TOTAL TIME ELAPSED: : Time Elapsed = 25470924662[nanao seconds](Iteration 666)[0m
[1m[37m>>> HOSTPROCESS:: TIMING SUMMARY: TOTAL TIME ELAPSED: : Time Elapsed = 25470924[micro seconds](Iteration 666)[0m
[1m[37m>>> HOSTPROCESS:: TIMING SUMMARY: TOTAL TIME ELAPSED: : Time Elapsed = 25470[milli seconds](Iteration 666)[0m
[1m[37m>>> HOSTPROCESS:: TIMING SUMMARY: TOTAL TIME ELAPSED: : Time Elapsed = 25[seconds](Iteration 666)[0m

