Hostprocess:: Graph Analytics Started...
host:: NUMDRAMBANKS: 4
host:: NUMWORKERS: 1
host:: NUMSUBWORKERS: 3
host:: NUM_PARTITIONS: 16
host:: NUMSUPERCPUTHREADS: 1
host:: NUMCPUTHREADS: 1
host:: NUMSUBCPUTHREADS: 16
host:: NUMUTILITYTHREADS: 16
host:: DATAWIDTH: 512
host:: VECTOR_SIZE: 8
host:: KVDATA_BATCHSIZE: 6000000
host:: KVDATA_BATCHSIZE_KVS: 750000
host:: EDGES_BATCHSIZE: 48000000
host:: EDGES_BATCHSIZE_KVS: 6000000
host:: KVDATA_RANGE: 2097152
host:: KVDATA_RANGE_POW: 21
host:: BATCH_RANGE: 131072
host:: BATCH_RANGE_POW: 17
host:: BATCH_RANGE2: 1024
host:: BATCH_RANGE2_POW: 10
host:: EDGESSZ: 6000000
host:: (float)APPROXTREE_DEPTH: 2
host:: APPROXTREE_DEPTH: 2
host:: TREE_DEPTH: 2
host:: TREE_DEPTH2: 0
host:: NUMSSDPARTITIONS: 16
host:: KVDATA_RANGE_PERSSDPARTITION_POW: 17
host:: KVDATA_RANGE_PERSSDPARTITION: 131072
host:: KVDATA_RANGE_PERSSDPARTITION2_POW: 10
host:: KVDATA_RANGE_PERSSDPARTITION2: 1024
host:: MESSAGES_SIZE: 1024
host:: NUMSSDPARTITIONS: 16
host:: NUMSSDPARTITIONS_POW: 4
host:: MAXNUMSSDPARTITIONS: 16
host:: LOCKE NOT DEFINED
host:: STREAMEDGESSETUP DEFINED
host:: sizeof(keyvalue_t): 8 bytes (64 bits)
host:: sizeof(vertex_t): 4 bytes (32 bits)
host:: sizeof(edge_t): 4 bytes (32 bits)
host:: MESSAGESDRAMSZ: 1024
host:: KVDRAMSZ: 6786432
host:: KVDRAMSZ_KVS: 848304
host:: KVDRAMWORKSPACESZ: 6786432
host:: KVDRAMWORKSPACESZ_KVS: 848304
host:: EDGESSZ: 6000000
host:: EDGESSZ_KVS: 750000
host:: VERTEXPTRSSZ: 2097152
host:: VERTEXPTRSSZ_KVS: 262144
host:: VERTICESDATASZ: 65536
host:: VERTICESDATASZ_KVS: 8192
host:: BASEOFFSET_KVDRAM: 1024
host:: BASEOFFSET_KVDRAM_KVS: 128
host:: BASEOFFSET_KVDRAMWORKSPACE: 6787456
host:: BASEOFFSET_KVDRAMWORKSPACE_KVS: 848432
host:: BASEOFFSET_STATSDRAM: 13573888
host:: BASEOFFSET_EDGESDATA: 13580032
host:: BASEOFFSET_EDGESDATA_KVS: 1697504
host:: BASEOFFSET_VERTEXPTR: 19580032
host:: BASEOFFSET_VERTEXPTR_KVS: 2447504
host:: BASEOFFSET_VERTICESDATA: 21677184
host:: BASEOFFSET_VERTICESDATA_KVS: 2709648
host:: KVSOURCEDRAMSZ: 21742720
host:: KVSOURCEDRAMSZ_KVS: 2717840
host:: PADDEDKVSOURCEDRAMSZ: 21742720
host:: PADDEDKVSOURCEDRAMSZ_KVS: 2717840
>> host:: MESSAGESDRAMSZ (bytes): 8192 bytes
>> host:: KVDRAMBUFFERSZ (bytes): 0 bytes
>> host:: KVDRAMSZ (bytes): 54291456 bytes
>> host:: KVDRAMWORKSPACESZ (bytes): 54291456 bytes
>> host:: KVSTATSDRAMSZ (bytes): 49152 bytes
>> host:: ACTIVEVERTICESSZ (bytes): 0 bytes
>> host:: EDGESSZ (bytes): 48000000 bytes
>> host:: VERTEXPTRSSZ (bytes): 16777216 bytes
>> host:: VERTICESDATASZ (bytes): 524288 bytes
>> host:: PADDEDKVSOURCEDRAMSZ (bytes): 173941760 bytes
host:: KVSTATSDRAMSZ: 6144
host:: KVDRAMPADDING: 786432
host:: APPLYVERTEXBUFFERSZ: 512
host:: APPLYVERTEXBUFFERSZ_KVS: 64
host:: APPLYVERTEXBUFFERSZ2: 1024
host:: APPLYVERTEXBUFFERSZ2_KVS: 128
host:: NUMLASTLEVELPARTITIONS: 256
host:: NUMLASTLEVELPARTITIONS2: 1
host:: INMEMORYGP enabled 
graph::graph constructor:: datasetid: 33, _numedgebanks: 16
graph::loadalldatasets:: 
graph::loadalldatasets finished. 
graph::printdataset: printing dataset parameters...
>>> graphname: kron-g500-logn21
>>> graph_path: /localtmp/oj2zf/dataset/kron-g500-logn21/kron-g500-logn21.mtx
>>> vertices_path: /localtmp/oj2zf/dataset/kron-g500-logn21/kron-g500-logn21.vertices
>>> edges_path: /localtmp/oj2zf/dataset/kron-g500-logn21/kron-g500-logn21.edges
>>> vertices_path_bin: /localtmp/oj2zf/dataset/kron-g500-logn21/kron-g500-logn21_bin.vertices
>>> edges_path_bin: /localtmp/oj2zf/dataset/kron-g500-logn21/kron-g500-logn21_bin.edges
>>> min_vertex: 0
>>> max_vertex: 2097152
>>> num_vertices: 2097152
>>> num_edges: 91042010
>>> graphdirectiontype: 5
>>> graphorder: 6
>>> skewratio: 128
goclkernel::loadOCLstructures:: inputdata_size_bytes: 173941760
Found Platform
Platform Name: Xilinx
Found Device=xilinx_u280_xdma_201910_1
INFO: Reading /home/oj2zf/Documents/ActsOfAGraph_Kernels/goldenkernelpr4.xclbin
Loading: '/home/oj2zf/Documents/ActsOfAGraph_Kernels/goldenkernelpr4.xclbin'
Creating a kernel [topkernel:{topkernel_1}] for CU(1)
Creating a kernel [topkernel:{topkernel_2}] for CU(2)
Creating a kernel [topkernel:{topkernel_3}] for CU(3)
Creating a kernel [topkernel:{topkernel_4}] for CU(4)
Creating a kernel [topkernel:{topkernel_5}] for CU(5)
Creating a kernel [topkernel:{topkernel_6}] for CU(6)
Creating a kernel [topkernel:{topkernel_7}] for CU(7)
Creating a kernel [topkernel:{topkernel_8}] for CU(8)
Creating a kernel [topkernel:{topkernel_9}] for CU(9)
Creating a kernel [topkernel:{topkernel_10}] for CU(10)
Creating a kernel [topkernel:{topkernel_11}] for CU(11)
Creating a kernel [topkernel:{topkernel_12}] for CU(12)
Creating a kernel [topkernel:{topkernel_13}] for CU(13)
Creating a kernel [topkernel:{topkernel_14}] for CU(14)
Creating a kernel [topkernel:{topkernel_15}] for CU(15)
Creating a kernel [topkernel:{topkernel_16}] for CU(16)
attaching bufferExt 0 to HBM bank: 0
attaching bufferExt 1 to HBM bank: 1
attaching bufferExt 2 to HBM bank: 2
attaching bufferExt 3 to HBM bank: 3
attaching bufferExt 4 to HBM bank: 4
attaching bufferExt 5 to HBM bank: 5
attaching bufferExt 6 to HBM bank: 6
attaching bufferExt 7 to HBM bank: 7
attaching bufferExt 8 to HBM bank: 8
attaching bufferExt 9 to HBM bank: 9
attaching bufferExt 10 to HBM bank: 10
attaching bufferExt 11 to HBM bank: 11
attaching bufferExt 12 to HBM bank: 12
attaching bufferExt 13 to HBM bank: 13
attaching bufferExt 14 to HBM bank: 14
attaching bufferExt 15 to HBM bank: 15
creating buffer for ACTS: 0
creating buffer for ACTS: 1
creating buffer for ACTS: 2
creating buffer for ACTS: 3
creating buffer for ACTS: 4
creating buffer for ACTS: 5
creating buffer for ACTS: 6
creating buffer for ACTS: 7
creating buffer for ACTS: 8
creating buffer for ACTS: 9
creating buffer for ACTS: 10
creating buffer for ACTS: 11
creating buffer for ACTS: 12
creating buffer for ACTS: 13
creating buffer for ACTS: 14
creating buffer for ACTS: 15
pagerank::run:: pagerank algorithm started. 
graph::opentemporaryfilesforwriting : opening temporary files for writing...
Directory already exists.INFO: Successfully opened /localtmp/oj2zf/dataset/kron-g500-logn21/kron-g500-logn21_1by16/kron-g500-logn21.vdata
INFO: Successfully opened /localtmp/oj2zf/dataset/kron-g500-logn21/kron-g500-logn21_1by16/kron-g500-logn21.vproperties
graph::opentemporaryfilesforreading : opening temporary files for reading
INFO: Successfully opened /localtmp/oj2zf/dataset/kron-g500-logn21/kron-g500-logn21_1by16/kron-g500-logn21.vdata
INFO: Successfully opened /localtmp/oj2zf/dataset/kron-g500-logn21/kron-g500-logn21_1by16/kron-g500-logn21.vproperties
generating vertices data... 
generating temp vertices data... 
graph::openfilesforreading : opening files for reading
INFO: Successfully opened /localtmp/oj2zf/dataset/kron-g500-logn21/kron-g500-logn21_1by16/kron-g500-logn21_0_0.vertexptrs
INFO: Successfully opened /localtmp/oj2zf/dataset/kron-g500-logn21/kron-g500-logn21_1by16/kron-g500-logn21_0_1.vertexptrs
INFO: Successfully opened /localtmp/oj2zf/dataset/kron-g500-logn21/kron-g500-logn21_1by16/kron-g500-logn21_0_2.vertexptrs
INFO: Successfully opened /localtmp/oj2zf/dataset/kron-g500-logn21/kron-g500-logn21_1by16/kron-g500-logn21_0_3.vertexptrs
INFO: Successfully opened /localtmp/oj2zf/dataset/kron-g500-logn21/kron-g500-logn21_1by16/kron-g500-logn21_0_4.vertexptrs
INFO: Successfully opened /localtmp/oj2zf/dataset/kron-g500-logn21/kron-g500-logn21_1by16/kron-g500-logn21_0_5.vertexptrs
INFO: Successfully opened /localtmp/oj2zf/dataset/kron-g500-logn21/kron-g500-logn21_1by16/kron-g500-logn21_0_6.vertexptrs
INFO: Successfully opened /localtmp/oj2zf/dataset/kron-g500-logn21/kron-g500-logn21_1by16/kron-g500-logn21_0_7.vertexptrs
INFO: Successfully opened /localtmp/oj2zf/dataset/kron-g500-logn21/kron-g500-logn21_1by16/kron-g500-logn21_0_8.vertexptrs
INFO: Successfully opened /localtmp/oj2zf/dataset/kron-g500-logn21/kron-g500-logn21_1by16/kron-g500-logn21_0_9.vertexptrs
INFO: Successfully opened /localtmp/oj2zf/dataset/kron-g500-logn21/kron-g500-logn21_1by16/kron-g500-logn21_0_10.vertexptrs
INFO: Successfully opened /localtmp/oj2zf/dataset/kron-g500-logn21/kron-g500-logn21_1by16/kron-g500-logn21_0_11.vertexptrs
INFO: Successfully opened /localtmp/oj2zf/dataset/kron-g500-logn21/kron-g500-logn21_1by16/kron-g500-logn21_0_12.vertexptrs
INFO: Successfully opened /localtmp/oj2zf/dataset/kron-g500-logn21/kron-g500-logn21_1by16/kron-g500-logn21_0_13.vertexptrs
INFO: Successfully opened /localtmp/oj2zf/dataset/kron-g500-logn21/kron-g500-logn21_1by16/kron-g500-logn21_0_14.vertexptrs
INFO: Successfully opened /localtmp/oj2zf/dataset/kron-g500-logn21/kron-g500-logn21_1by16/kron-g500-logn21_0_15.vertexptrs
INFO: Successfully opened /localtmp/oj2zf/dataset/kron-g500-logn21/kron-g500-logn21_1by16/kron-g500-logn21_0_0.vertexptrs
INFO: Successfully opened /localtmp/oj2zf/dataset/kron-g500-logn21/kron-g500-logn21_1by16/kron-g500-logn21_0_1.vertexptrs
INFO: Successfully opened /localtmp/oj2zf/dataset/kron-g500-logn21/kron-g500-logn21_1by16/kron-g500-logn21_0_2.vertexptrs
INFO: Successfully opened /localtmp/oj2zf/dataset/kron-g500-logn21/kron-g500-logn21_1by16/kron-g500-logn21_0_3.vertexptrs
INFO: Successfully opened /localtmp/oj2zf/dataset/kron-g500-logn21/kron-g500-logn21_1by16/kron-g500-logn21_0_4.vertexptrs
INFO: Successfully opened /localtmp/oj2zf/dataset/kron-g500-logn21/kron-g500-logn21_1by16/kron-g500-logn21_0_5.vertexptrs
INFO: Successfully opened /localtmp/oj2zf/dataset/kron-g500-logn21/kron-g500-logn21_1by16/kron-g500-logn21_0_6.vertexptrs
INFO: Successfully opened /localtmp/oj2zf/dataset/kron-g500-logn21/kron-g500-logn21_1by16/kron-g500-logn21_0_7.vertexptrs
INFO: Successfully opened /localtmp/oj2zf/dataset/kron-g500-logn21/kron-g500-logn21_1by16/kron-g500-logn21_0_8.vertexptrs
INFO: Successfully opened /localtmp/oj2zf/dataset/kron-g500-logn21/kron-g500-logn21_1by16/kron-g500-logn21_0_9.vertexptrs
INFO: Successfully opened /localtmp/oj2zf/dataset/kron-g500-logn21/kron-g500-logn21_1by16/kron-g500-logn21_0_10.vertexptrs
INFO: Successfully opened /localtmp/oj2zf/dataset/kron-g500-logn21/kron-g500-logn21_1by16/kron-g500-logn21_0_11.vertexptrs
INFO: Successfully opened /localtmp/oj2zf/dataset/kron-g500-logn21/kron-g500-logn21_1by16/kron-g500-logn21_0_12.vertexptrs
INFO: Successfully opened /localtmp/oj2zf/dataset/kron-g500-logn21/kron-g500-logn21_1by16/kron-g500-logn21_0_13.vertexptrs
INFO: Successfully opened /localtmp/oj2zf/dataset/kron-g500-logn21/kron-g500-logn21_1by16/kron-g500-logn21_0_14.vertexptrs
INFO: Successfully opened /localtmp/oj2zf/dataset/kron-g500-logn21/kron-g500-logn21_1by16/kron-g500-logn21_0_15.vertexptrs
INFO: Successfully opened /localtmp/oj2zf/dataset/kron-g500-logn21/kron-g500-logn21_1by16/kron-g500-logn21_0_0.edges
INFO: Successfully opened /localtmp/oj2zf/dataset/kron-g500-logn21/kron-g500-logn21_1by16/kron-g500-logn21_0_1.edges
INFO: Successfully opened /localtmp/oj2zf/dataset/kron-g500-logn21/kron-g500-logn21_1by16/kron-g500-logn21_0_2.edges
INFO: Successfully opened /localtmp/oj2zf/dataset/kron-g500-logn21/kron-g500-logn21_1by16/kron-g500-logn21_0_3.edges
INFO: Successfully opened /localtmp/oj2zf/dataset/kron-g500-logn21/kron-g500-logn21_1by16/kron-g500-logn21_0_4.edges
INFO: Successfully opened /localtmp/oj2zf/dataset/kron-g500-logn21/kron-g500-logn21_1by16/kron-g500-logn21_0_5.edges
INFO: Successfully opened /localtmp/oj2zf/dataset/kron-g500-logn21/kron-g500-logn21_1by16/kron-g500-logn21_0_6.edges
INFO: Successfully opened /localtmp/oj2zf/dataset/kron-g500-logn21/kron-g500-logn21_1by16/kron-g500-logn21_0_7.edges
INFO: Successfully opened /localtmp/oj2zf/dataset/kron-g500-logn21/kron-g500-logn21_1by16/kron-g500-logn21_0_8.edges
INFO: Successfully opened /localtmp/oj2zf/dataset/kron-g500-logn21/kron-g500-logn21_1by16/kron-g500-logn21_0_9.edges
INFO: Successfully opened /localtmp/oj2zf/dataset/kron-g500-logn21/kron-g500-logn21_1by16/kron-g500-logn21_0_10.edges
INFO: Successfully opened /localtmp/oj2zf/dataset/kron-g500-logn21/kron-g500-logn21_1by16/kron-g500-logn21_0_11.edges
INFO: Successfully opened /localtmp/oj2zf/dataset/kron-g500-logn21/kron-g500-logn21_1by16/kron-g500-logn21_0_12.edges
INFO: Successfully opened /localtmp/oj2zf/dataset/kron-g500-logn21/kron-g500-logn21_1by16/kron-g500-logn21_0_13.edges
INFO: Successfully opened /localtmp/oj2zf/dataset/kron-g500-logn21/kron-g500-logn21_1by16/kron-g500-logn21_0_14.edges
INFO: Successfully opened /localtmp/oj2zf/dataset/kron-g500-logn21/kron-g500-logn21_1by16/kron-g500-logn21_0_15.edges
INFO: Successfully opened /localtmp/oj2zf/dataset/kron-g500-logn21/kron-g500-logn21_1by16/kron-g500-logn21_0_0.edges
INFO: Successfully opened /localtmp/oj2zf/dataset/kron-g500-logn21/kron-g500-logn21_1by16/kron-g500-logn21_0_1.edges
INFO: Successfully opened /localtmp/oj2zf/dataset/kron-g500-logn21/kron-g500-logn21_1by16/kron-g500-logn21_0_2.edges
INFO: Successfully opened /localtmp/oj2zf/dataset/kron-g500-logn21/kron-g500-logn21_1by16/kron-g500-logn21_0_3.edges
INFO: Successfully opened /localtmp/oj2zf/dataset/kron-g500-logn21/kron-g500-logn21_1by16/kron-g500-logn21_0_4.edges
INFO: Successfully opened /localtmp/oj2zf/dataset/kron-g500-logn21/kron-g500-logn21_1by16/kron-g500-logn21_0_5.edges
INFO: Successfully opened /localtmp/oj2zf/dataset/kron-g500-logn21/kron-g500-logn21_1by16/kron-g500-logn21_0_6.edges
INFO: Successfully opened /localtmp/oj2zf/dataset/kron-g500-logn21/kron-g500-logn21_1by16/kron-g500-logn21_0_7.edges
INFO: Successfully opened /localtmp/oj2zf/dataset/kron-g500-logn21/kron-g500-logn21_1by16/kron-g500-logn21_0_8.edges
INFO: Successfully opened /localtmp/oj2zf/dataset/kron-g500-logn21/kron-g500-logn21_1by16/kron-g500-logn21_0_9.edges
INFO: Successfully opened /localtmp/oj2zf/dataset/kron-g500-logn21/kron-g500-logn21_1by16/kron-g500-logn21_0_10.edges
INFO: Successfully opened /localtmp/oj2zf/dataset/kron-g500-logn21/kron-g500-logn21_1by16/kron-g500-logn21_0_11.edges
INFO: Successfully opened /localtmp/oj2zf/dataset/kron-g500-logn21/kron-g500-logn21_1by16/kron-g500-logn21_0_12.edges
INFO: Successfully opened /localtmp/oj2zf/dataset/kron-g500-logn21/kron-g500-logn21_1by16/kron-g500-logn21_0_13.edges
INFO: Successfully opened /localtmp/oj2zf/dataset/kron-g500-logn21/kron-g500-logn21_1by16/kron-g500-logn21_0_14.edges
INFO: Successfully opened /localtmp/oj2zf/dataset/kron-g500-logn21/kron-g500-logn21_1by16/kron-g500-logn21_0_15.edges
[1m[37m>>> pagerank::run: graph iteration 0 of pagerank started[0m

[1m[37m>>> pagerank::start2: super iteration: [col: 0][size: 16][step: 1][0m
>>> WorkerThread:: total number of edges in file[0]: 332455

PP&A:: [col:0][size:16][step:1], [iteration_idx:0][size:1][step:1]
loadmessages:: loading Acts... sizes: [[20735, 20795, 20779, 20783, 20727, 20848, 20628, 20893, 20804, 20647, 20913, 20780, 20482, 21043, 20811, 20786]]
>>> pagerank::start2 Finished: all threads joined...

[1m[37m>>> pagerank::start2: super iteration: [col: 1][size: 16][step: 1][0m
>>> WorkerThread:: total number of edges in file[1]: 1022586

PP&A:: [col:1][size:16][step:1], [iteration_idx:0][size:1][step:1]
loadmessages:: loading Acts... sizes: [[63896, 63924, 63818, 63950, 63624, 63537, 64603, 63931, 63846, 62741, 65147, 63912, 63812, 63999, 63868, 63977]]
>>> pagerank::start2 Finished: all threads joined...

[1m[37m>>> pagerank::start2: super iteration: [col: 2][size: 16][step: 1][0m
>>> WorkerThread:: total number of edges in file[2]: 1751657

PP&A:: [col:2][size:16][step:1], [iteration_idx:0][size:1][step:1]
loadmessages:: loading Acts... sizes: [[109398, 109534, 109179, 109471, 109701, 108659, 110395, 108954, 109988, 108588, 110277, 109336, 109725, 109399, 109543, 109508]]
>>> pagerank::start2 Finished: all threads joined...

[1m[37m>>> pagerank::start2: super iteration: [col: 3][size: 16][step: 1][0m
>>> WorkerThread:: total number of edges in file[3]: 2521262

PP&A:: [col:3][size:16][step:1], [iteration_idx:0][size:1][step:1]
loadmessages:: loading Acts... sizes: [[157132, 157991, 157592, 157472, 157688, 157314, 157727, 157582, 157686, 157586, 157571, 157473, 157567, 157698, 157556, 157626]]
>>> pagerank::start2 Finished: all threads joined...

[1m[37m>>> pagerank::start2: super iteration: [col: 4][size: 16][step: 1][0m
>>> WorkerThread:: total number of edges in file[4]: 3210782

PP&A:: [col:4][size:16][step:1], [iteration_idx:0][size:1][step:1]
loadmessages:: loading Acts... sizes: [[200562, 200731, 200663, 200711, 200667, 200690, 200626, 200724, 200579, 200754, 200546, 200791, 200678, 200678, 200555, 200826]]
>>> pagerank::start2 Finished: all threads joined...

[1m[37m>>> pagerank::start2: super iteration: [col: 5][size: 16][step: 1][0m
>>> WorkerThread:: total number of edges in file[5]: 3899273

PP&A:: [col:5][size:16][step:1], [iteration_idx:0][size:1][step:1]
loadmessages:: loading Acts... sizes: [[243679, 243691, 241508, 245896, 243746, 243627, 242598, 244506, 244031, 243743, 243612, 243717, 243755, 241788, 245603, 243772]]
>>> pagerank::start2 Finished: all threads joined...

[1m[37m>>> pagerank::start2: super iteration: [col: 6][size: 16][step: 1][0m
>>> WorkerThread:: total number of edges in file[6]: 4570946

PP&A:: [col:6][size:16][step:1], [iteration_idx:0][size:1][step:1]
loadmessages:: loading Acts... sizes: [[284795, 286361, 285894, 285685, 285561, 284858, 286599, 285713, 285534, 285723, 285749, 285603, 285797, 285686, 285590, 285796]]
>>> pagerank::start2 Finished: all threads joined...

[1m[37m>>> pagerank::start2: super iteration: [col: 7][size: 16][step: 1][0m
>>> WorkerThread:: total number of edges in file[7]: 5667671

PP&A:: [col:7][size:16][step:1], [iteration_idx:0][size:1][step:1]
loadmessages:: loading Acts... sizes: [[354189, 354222, 353872, 354556, 354306, 354162, 354290, 354210, 354134, 354339, 354209, 354156, 354314, 354082, 354215, 354414]]
>>> pagerank::start2 Finished: all threads joined...

[1m[37m>>> pagerank::start2: super iteration: [col: 8][size: 16][step: 1][0m
>>> WorkerThread:: total number of edges in file[8]: 5893351

PP&A:: [col:8][size:16][step:1], [iteration_idx:0][size:1][step:1]
loadmessages:: loading Acts... sizes: [[366988, 369677, 368220, 368451, 367148, 369518, 368331, 368321, 368293, 367968, 368687, 368381, 368341, 368347, 368337, 368342]]
>>> pagerank::start2 Finished: all threads joined...

[1m[37m>>> pagerank::start2: super iteration: [col: 9][size: 16][step: 1][0m
>>> WorkerThread:: total number of edges in file[9]: 6912739

PP&A:: [col:9][size:16][step:1], [iteration_idx:0][size:1][step:1]
loadmessages:: loading Acts... sizes: [[431316, 432762, 432038, 431710, 430473, 433697, 431384, 432029, 432956, 432059, 432052, 431968, 432058, 431925, 432220, 432091]]
>>> pagerank::start2 Finished: all threads joined...

[1m[37m>>> pagerank::start2: super iteration: [col: 10][size: 16][step: 1][0m
>>> WorkerThread:: total number of edges in file[10]: 7520946

PP&A:: [col:10][size:16][step:1], [iteration_idx:0][size:1][step:1]
loadmessages:: loading Acts... sizes: [[469997, 470094, 470008, 469845, 470308, 469984, 470148, 469180, 470852, 470147, 469108, 470974, 470086, 470036, 470024, 470154]]
>>> pagerank::start2 Finished: all threads joined...

[1m[37m>>> pagerank::start2: super iteration: [col: 11][size: 16][step: 1][0m
>>> WorkerThread:: total number of edges in file[11]: 8320220

PP&A:: [col:11][size:16][step:1], [iteration_idx:0][size:1][step:1]
loadmessages:: loading Acts... sizes: [[519707, 520280, 520021, 519854, 518428, 519470, 521101, 521068, 520063, 520128, 520010, 519962, 520070, 519654, 520348, 520055]]
>>> pagerank::start2 Finished: all threads joined...

[1m[37m>>> pagerank::start2: super iteration: [col: 12][size: 16][step: 1][0m
>>> WorkerThread:: total number of edges in file[12]: 8733915

PP&A:: [col:12][size:16][step:1], [iteration_idx:0][size:1][step:1]
loadmessages:: loading Acts... sizes: [[545792, 545516, 546060, 546040, 545920, 545849, 545895, 545878, 545868, 545832, 545868, 545743, 545984, 545921, 545868, 545878]]
>>> pagerank::start2 Finished: all threads joined...

[1m[37m>>> pagerank::start2: super iteration: [col: 13][size: 16][step: 1][0m
>>> WorkerThread:: total number of edges in file[13]: 9682851

PP&A:: [col:13][size:16][step:1], [iteration_idx:0][size:1][step:1]
loadmessages:: loading Acts... sizes: [[605177, 604834, 605512, 605163, 604979, 605381, 602823, 607453, 605280, 604996, 605352, 605185, 605162, 604260, 606075, 605213]]
>>> pagerank::start2 Finished: all threads joined...

[1m[37m>>> pagerank::start2: super iteration: [col: 14][size: 16][step: 1][0m
>>> WorkerThread:: total number of edges in file[14]: 10098856

PP&A:: [col:14][size:16][step:1], [iteration_idx:0][size:1][step:1]
loadmessages:: loading Acts... sizes: [[631111, 630467, 631938, 631170, 631185, 631192, 631126, 630896, 631502, 630338, 631994, 631201, 630856, 631477, 631203, 631195]]
>>> pagerank::start2 Finished: all threads joined...

[1m[37m>>> pagerank::start2: super iteration: [col: 15][size: 16][step: 1][0m
>>> WorkerThread:: total number of edges in file[15]: 10902500

PP&A:: [col:15][size:16][step:1], [iteration_idx:0][size:1][step:1]
loadmessages:: loading Acts... sizes: [[681048, 680979, 681970, 681617, 681247, 681569, 681411, 681404, 681369, 681446, 681049, 680265, 682594, 681595, 681526, 681410]]
>>> pagerank::start2 Finished: all threads joined...
applyvertices2: number of active vertices for next iteration: 0
applyvertices2: number of active vertices for next iteration: 0
applyvertices2: number of active vertices for next iteration: 0
applyvertices2: number of active vertices for next iteration: 0
applyvertices2: number of active vertices for next iteration: 0
applyvertices2: number of active vertices for next iteration: 0
applyvertices2: number of active vertices for next iteration: 0
applyvertices2: number of active vertices for next iteration: 0
applyvertices2: number of active vertices for next iteration: 0
applyvertices2: number of active vertices for next iteration: 0
applyvertices2: number of active vertices for next iteration: 0
applyvertices2: number of active vertices for next iteration: 0
applyvertices2: number of active vertices for next iteration: 0
applyvertices2: number of active vertices for next iteration: 0
applyvertices2: number of active vertices for next iteration: 0
applyvertices2: number of active vertices for next iteration: 0
test::finish destroying memory structures... 
>>> pagerank::run: finished run. Time Elapsed: : Time Elapsed = 4808549724[nanao seconds](Iteration 666)
>>> pagerank::run: finished run. Time Elapsed: : Time Elapsed = 4808549[micro seconds](Iteration 666)
>>> pagerank::run: finished run. Time Elapsed: : Time Elapsed = 4808[milli seconds](Iteration 666)
>>> pagerank::run: finished run. Time Elapsed: : Time Elapsed = 4[seconds](Iteration 666)

graph::closefilesforreading : close files for reading...
graph::closetemporaryfilesforwriting : close temporary files for writing...
graph::closetemporaryfilesforreading : close files for reading...
=== STATS::TIMING AND SUMMARY RESULTS FOR ITERATION: 666 === 
>>> stats::summary Total number of kvReads in bank [0]: 332454
>>> stats::summary Total number of kvReads in bank [1]: 1022585
>>> stats::summary Total number of kvReads in bank [2]: 1751655
>>> stats::summary Total number of kvReads in bank [3]: 2521261
>>> stats::summary Total number of kvReads in bank [4]: 3210781
>>> stats::summary Total number of kvReads in bank [5]: 3899272
>>> stats::summary Total number of kvReads in bank [6]: 4570944
>>> stats::summary Total number of kvReads in bank [7]: 5667670
>>> stats::summary Total number of kvReads in bank [8]: 5893350
>>> stats::summary Total number of kvReads in bank [9]: 6912738
>>> stats::summary Total number of kvReads in bank [10]: 7520945
>>> stats::summary Total number of kvReads in bank [11]: 8320219
>>> stats::summary Total number of kvReads in bank [12]: 8733912
>>> stats::summary Total number of kvReads in bank [13]: 9682845
>>> stats::summary Total number of kvReads in bank [14]: 10098851
>>> stats::summary Total number of kvReads in bank [15]: 10902499
[1m[37m>>> stats::summary Total number of kvReads for all threads: 91041981[0m
[1m[37m>>> stats::summary Total time spent (SSD access): 0 milliseconds[0m
[1m[37m>>> stats::summary Total time spent (SSD access): 0 seconds[0m
[1m[37m>>> stats::summary Total time spent (OCL data transfers): 0 milliseconds[0m
[1m[37m>>> stats::summary Total time spent (OCL data transfers): 0 seconds[0m
[1m[37m>>> stats::summary Total time spent (Kernel Pre Process execution): 0 milliseconds[0m
[1m[37m>>> stats::summary Total time spent (Kernel Pre Process execution): 0 seconds[0m
[1m[37m>>> stats::summary Total time spent (Kernel execution): 753 milliseconds[0m
[1m[37m>>> stats::summary Total time spent (Kernel execution): 0.753 seconds[0m
[1m[37m>>> stats::summary Total time spent (Kernel Post Process execution): 140 milliseconds[0m
[1m[37m>>> stats::summary Total time spent (Kernel Post Process execution): 0.14 seconds[0m
[1m[37m>>> stats::summary Total time spent (Overall Kernel execution): 893 milliseconds[0m
[1m[37m>>> stats::summary Total time spent (Overall Kernel execution): 0.893 seconds[0m
[1m[37m>>> stats::summary Total time spent (Overall processing): 4808 milliseconds[0m
[1m[37m>>> stats::summary Total time spent (Overall processing): 4.808 seconds[0m
[1m[37m>>> stats::summary Total time spent (Overall processing excluding SSD & OCL data transfers): 4808 milliseconds[0m
[1m[37m>>> stats::summary Total time spent (Overall processing excluding SSD & OCL data transfers): 4.808 seconds[0m
[1m[37m>>> stats::summary Throughput (Kernel processing): 1.01951e+08 keyvalues per second[0m
[1m[37m>>> stats::summary Throughput (Kernel processing): 101.951 million keyvalues per second[0m
[1m[37m>>> stats::summary Throughput (Kernel processing): 815.606 MB/s[0m
[1m[37m>>> stats::summary Throughput (Overall processing): 1.01951e+08 keyvalues per second[0m
[1m[37m>>> stats::summary Throughput (Overall processing): 101.951 million keyvalues per second[0m
[1m[37m>>> stats::summary Throughput (Overall processing): 815.606 MB/s[0m
[1m[37m>>> stats::summary Throughput (Overall processing excluding SSD & OCL data transfers): 1.89355e+07 keyvalues per second[0m
[1m[37m>>> stats::summary Throughput (Overall processing excluding SSD & OCL data transfers): 18.9355 million keyvalues per second[0m

graph::printdataset: printing dataset parameters...
>>> graphname: kron-g500-logn21
>>> graph_path: /localtmp/oj2zf/dataset/kron-g500-logn21/kron-g500-logn21.mtx
>>> vertices_path: /localtmp/oj2zf/dataset/kron-g500-logn21/kron-g500-logn21.vertices
>>> edges_path: /localtmp/oj2zf/dataset/kron-g500-logn21/kron-g500-logn21.edges
>>> vertices_path_bin: /localtmp/oj2zf/dataset/kron-g500-logn21/kron-g500-logn21_bin.vertices
>>> edges_path_bin: /localtmp/oj2zf/dataset/kron-g500-logn21/kron-g500-logn21_bin.edges
>>> min_vertex: 0
>>> max_vertex: 2097152
>>> num_vertices: 2097152
>>> num_edges: 91042010
>>> graphdirectiontype: 5
>>> graphorder: 6
>>> skewratio: 128
TEST FINISHED
[1m[37m>>> HOSTPROCESS:: TIMING SUMMARY: TOTAL TIME ELAPSED: : Time Elapsed = 5810667655[nanao seconds](Iteration 666)[0m
[1m[37m>>> HOSTPROCESS:: TIMING SUMMARY: TOTAL TIME ELAPSED: : Time Elapsed = 5810667[micro seconds](Iteration 666)[0m
[1m[37m>>> HOSTPROCESS:: TIMING SUMMARY: TOTAL TIME ELAPSED: : Time Elapsed = 5810[milli seconds](Iteration 666)[0m
[1m[37m>>> HOSTPROCESS:: TIMING SUMMARY: TOTAL TIME ELAPSED: : Time Elapsed = 5[seconds](Iteration 666)[0m

XRT build version: 2.3.1301
Build hash: 192e706aea53163a04c574f9b3fe9ed76b6ca471
Build date: 2019-10-24 20:05:16
Git branch: 2019.2
PID: 15556
UID: 1007
[Mon Nov 23 16:25:55 2020]
HOST: crabtree
EXE: /home/oj2zf/Documents/ActsOfAGraph/host
[XRT] WARNING: Profiling may contain incomplete information. Please ensure all OpenCL objects are released by your host code (e.g., clReleaseProgram()).
