Hostprocess:: Graph Analytics Started...
host:: NUMDRAMBANKS: 4
host:: NUMWORKERS: 1
host:: NUMSUBWORKERS: 3
host:: NUM_PARTITIONS: 16
host:: NUMSUPERCPUTHREADS: 1
host:: NUMCPUTHREADS: 1
host:: NUMSUBCPUTHREADS: 16
host:: NUMUTILITYTHREADS: 16
host:: DATAWIDTH: 512
host:: VECTOR_SIZE: 8
host:: KVDATA_BATCHSIZE: 10000000
host:: KVDATA_BATCHSIZE_KVS: 1250000
host:: EDGES_BATCHSIZE: 80000000
host:: EDGES_BATCHSIZE_KVS: 10000000
host:: KVDATA_RANGE: 33554432
host:: KVDATA_RANGE_POW: 25
host:: BATCH_RANGE: 2097152
host:: BATCH_RANGE_POW: 21
host:: BATCH_RANGE2: 16384
host:: BATCH_RANGE2_POW: 14
host:: EDGESSZ: 0
host:: (float)APPROXTREE_DEPTH: 3
host:: APPROXTREE_DEPTH: 3
host:: TREE_DEPTH: 3
host:: TREE_DEPTH2: 1
host:: NUMSSDPARTITIONS: 16
host:: KVDATA_RANGE_PERSSDPARTITION_POW: 21
host:: KVDATA_RANGE_PERSSDPARTITION: 2097152
host:: KVDATA_RANGE_PERSSDPARTITION2_POW: 14
host:: KVDATA_RANGE_PERSSDPARTITION2: 16384
host:: MESSAGES_SIZE: 1024
host:: NUMSSDPARTITIONS: 16
host:: NUMSSDPARTITIONS_POW: 4
host:: MAXNUMSSDPARTITIONS: 16
host:: LOCKE NOT DEFINED
host:: STREAMEDGESSETUP DEFINED
host:: sizeof(keyvalue_t): 8 bytes (64 bits)
host:: sizeof(vertex_t): 4 bytes (32 bits)
host:: sizeof(edge_t): 4 bytes (32 bits)
host:: MESSAGESDRAMSZ: 1024
host:: KVDRAMSZ: 11311232
host:: KVDRAMSZ_KVS: 1413904
host:: KVDRAMWORKSPACESZ: 11311232
host:: KVDRAMWORKSPACESZ_KVS: 1413904
host:: EDGESSZ: 0
host:: EDGESSZ_KVS: 0
host:: VERTEXPTRSSZ: 0
host:: VERTEXPTRSSZ_KVS: 0
host:: VERTICESDATASZ: 1048576
host:: VERTICESDATASZ_KVS: 131072
host:: BASEOFFSET_KVDRAM: 1024
host:: BASEOFFSET_KVDRAM_KVS: 128
host:: BASEOFFSET_KVDRAMWORKSPACE: 11312256
host:: BASEOFFSET_KVDRAMWORKSPACE_KVS: 1414032
host:: BASEOFFSET_STATSDRAM: 22623488
host:: BASEOFFSET_EDGESDATA: 22754560
host:: BASEOFFSET_EDGESDATA_KVS: 2844320
host:: BASEOFFSET_VERTEXPTR: 22754560
host:: BASEOFFSET_VERTEXPTR_KVS: 2844320
host:: BASEOFFSET_VERTICESDATA: 22754560
host:: BASEOFFSET_VERTICESDATA_KVS: 2844320
host:: KVSOURCEDRAMSZ: 23803136
host:: KVSOURCEDRAMSZ_KVS: 2975392
host:: PADDEDKVSOURCEDRAMSZ: 23803136
host:: PADDEDKVSOURCEDRAMSZ_KVS: 2975392
>> host:: MESSAGESDRAMSZ (bytes): 8192 bytes
>> host:: KVDRAMBUFFERSZ (bytes): 0 bytes
>> host:: KVDRAMSZ (bytes): 90489856 bytes
>> host:: KVDRAMWORKSPACESZ (bytes): 90489856 bytes
>> host:: KVSTATSDRAMSZ (bytes): 1048576 bytes
>> host:: ACTIVEVERTICESSZ (bytes): 0 bytes
>> host:: EDGESSZ (bytes): 0 bytes
>> host:: VERTEXPTRSSZ (bytes): 0 bytes
>> host:: VERTICESDATASZ (bytes): 8388608 bytes
>> host:: PADDEDKVSOURCEDRAMSZ (bytes): 190425088 bytes
host:: KVSTATSDRAMSZ: 131072
host:: KVDRAMPADDING: 1311232
host:: APPLYVERTEXBUFFERSZ: 512
host:: APPLYVERTEXBUFFERSZ_KVS: 64
host:: APPLYVERTEXBUFFERSZ2: 1024
host:: APPLYVERTEXBUFFERSZ2_KVS: 128
host:: NUMLASTLEVELPARTITIONS: 4096
host:: NUMLASTLEVELPARTITIONS2: 16
host:: INMEMORYGP disabled 
graph::graph constructor:: datasetid: 34, _numedgebanks: 16
graph::loadalldatasets:: 
graph::loadalldatasets finished. 
graph::printdataset: printing dataset parameters...
>>> graphname: rgg_n_2_24_s0
>>> graph_path: /localtmp/oj2zf/dataset/rgg_n_2_24_s0/rgg_n_2_24_s0.mtx
>>> vertices_path: /localtmp/oj2zf/dataset/rgg_n_2_24_s0/rgg_n_2_24_s0.vertices
>>> edges_path: /localtmp/oj2zf/dataset/rgg_n_2_24_s0/rgg_n_2_24_s0.edges
>>> vertices_path_bin: /localtmp/oj2zf/dataset/rgg_n_2_24_s0/rgg_n_2_24_s0_bin.vertices
>>> edges_path_bin: /localtmp/oj2zf/dataset/rgg_n_2_24_s0/rgg_n_2_24_s0_bin.edges
>>> min_vertex: 0
>>> max_vertex: 16777216
>>> num_vertices: 16777216
>>> num_edges: 132557200
>>> graphdirectiontype: 5
>>> graphorder: 6
>>> skewratio: 128
goclkernel::loadOCLstructures:: inputdata_size_bytes: 190425088
Found Platform
Platform Name: Xilinx
Found Device=xilinx_u280_xdma_201910_1
INFO: Reading /home/oj2zf/Documents/ActsOfAGraph_Kernels/goldenkernelpr4.xclbin
Loading: '/home/oj2zf/Documents/ActsOfAGraph_Kernels/goldenkernelpr4.xclbin'
Creating a kernel [topkernel:{topkernel_1}] for CU(1)
Creating a kernel [topkernel:{topkernel_2}] for CU(2)
Creating a kernel [topkernel:{topkernel_3}] for CU(3)
Creating a kernel [topkernel:{topkernel_4}] for CU(4)
Creating a kernel [topkernel:{topkernel_5}] for CU(5)
Creating a kernel [topkernel:{topkernel_6}] for CU(6)
Creating a kernel [topkernel:{topkernel_7}] for CU(7)
Creating a kernel [topkernel:{topkernel_8}] for CU(8)
Creating a kernel [topkernel:{topkernel_9}] for CU(9)
Creating a kernel [topkernel:{topkernel_10}] for CU(10)
Creating a kernel [topkernel:{topkernel_11}] for CU(11)
Creating a kernel [topkernel:{topkernel_12}] for CU(12)
Creating a kernel [topkernel:{topkernel_13}] for CU(13)
Creating a kernel [topkernel:{topkernel_14}] for CU(14)
Creating a kernel [topkernel:{topkernel_15}] for CU(15)
Creating a kernel [topkernel:{topkernel_16}] for CU(16)
attaching bufferExt 0 to HBM bank: 0
attaching bufferExt 1 to HBM bank: 1
attaching bufferExt 2 to HBM bank: 2
attaching bufferExt 3 to HBM bank: 3
attaching bufferExt 4 to HBM bank: 4
attaching bufferExt 5 to HBM bank: 5
attaching bufferExt 6 to HBM bank: 6
attaching bufferExt 7 to HBM bank: 7
attaching bufferExt 8 to HBM bank: 8
attaching bufferExt 9 to HBM bank: 9
attaching bufferExt 10 to HBM bank: 10
attaching bufferExt 11 to HBM bank: 11
attaching bufferExt 12 to HBM bank: 12
attaching bufferExt 13 to HBM bank: 13
attaching bufferExt 14 to HBM bank: 14
attaching bufferExt 15 to HBM bank: 15
creating buffer for ACTS: 0
creating buffer for ACTS: 1
creating buffer for ACTS: 2
creating buffer for ACTS: 3
creating buffer for ACTS: 4
creating buffer for ACTS: 5
creating buffer for ACTS: 6
creating buffer for ACTS: 7
creating buffer for ACTS: 8
creating buffer for ACTS: 9
creating buffer for ACTS: 10
creating buffer for ACTS: 11
creating buffer for ACTS: 12
creating buffer for ACTS: 13
creating buffer for ACTS: 14
creating buffer for ACTS: 15
pagerank::run:: pagerank algorithm started. 
graph::opentemporaryfilesforwriting : opening temporary files for writing...
Directory already exists.INFO: Successfully opened /localtmp/oj2zf/dataset/rgg_n_2_24_s0/rgg_n_2_24_s0_1by16/rgg_n_2_24_s0.vdata
INFO: Successfully opened /localtmp/oj2zf/dataset/rgg_n_2_24_s0/rgg_n_2_24_s0_1by16/rgg_n_2_24_s0.vproperties
graph::opentemporaryfilesforreading : opening temporary files for reading
INFO: Successfully opened /localtmp/oj2zf/dataset/rgg_n_2_24_s0/rgg_n_2_24_s0_1by16/rgg_n_2_24_s0.vdata
INFO: Successfully opened /localtmp/oj2zf/dataset/rgg_n_2_24_s0/rgg_n_2_24_s0_1by16/rgg_n_2_24_s0.vproperties
generating vertices data... 
generating temp vertices data... 
graph::openfilesforreading : opening files for reading
INFO: Successfully opened /localtmp/oj2zf/dataset/rgg_n_2_24_s0/rgg_n_2_24_s0_1by16/rgg_n_2_24_s0_0_0.vertexptrs
INFO: Successfully opened /localtmp/oj2zf/dataset/rgg_n_2_24_s0/rgg_n_2_24_s0_1by16/rgg_n_2_24_s0_0_1.vertexptrs
INFO: Successfully opened /localtmp/oj2zf/dataset/rgg_n_2_24_s0/rgg_n_2_24_s0_1by16/rgg_n_2_24_s0_0_2.vertexptrs
INFO: Successfully opened /localtmp/oj2zf/dataset/rgg_n_2_24_s0/rgg_n_2_24_s0_1by16/rgg_n_2_24_s0_0_3.vertexptrs
INFO: Successfully opened /localtmp/oj2zf/dataset/rgg_n_2_24_s0/rgg_n_2_24_s0_1by16/rgg_n_2_24_s0_0_4.vertexptrs
INFO: Successfully opened /localtmp/oj2zf/dataset/rgg_n_2_24_s0/rgg_n_2_24_s0_1by16/rgg_n_2_24_s0_0_5.vertexptrs
INFO: Successfully opened /localtmp/oj2zf/dataset/rgg_n_2_24_s0/rgg_n_2_24_s0_1by16/rgg_n_2_24_s0_0_6.vertexptrs
INFO: Successfully opened /localtmp/oj2zf/dataset/rgg_n_2_24_s0/rgg_n_2_24_s0_1by16/rgg_n_2_24_s0_0_7.vertexptrs
INFO: Successfully opened /localtmp/oj2zf/dataset/rgg_n_2_24_s0/rgg_n_2_24_s0_1by16/rgg_n_2_24_s0_0_8.vertexptrs
INFO: Successfully opened /localtmp/oj2zf/dataset/rgg_n_2_24_s0/rgg_n_2_24_s0_1by16/rgg_n_2_24_s0_0_9.vertexptrs
INFO: Successfully opened /localtmp/oj2zf/dataset/rgg_n_2_24_s0/rgg_n_2_24_s0_1by16/rgg_n_2_24_s0_0_10.vertexptrs
INFO: Successfully opened /localtmp/oj2zf/dataset/rgg_n_2_24_s0/rgg_n_2_24_s0_1by16/rgg_n_2_24_s0_0_11.vertexptrs
INFO: Successfully opened /localtmp/oj2zf/dataset/rgg_n_2_24_s0/rgg_n_2_24_s0_1by16/rgg_n_2_24_s0_0_12.vertexptrs
INFO: Successfully opened /localtmp/oj2zf/dataset/rgg_n_2_24_s0/rgg_n_2_24_s0_1by16/rgg_n_2_24_s0_0_13.vertexptrs
INFO: Successfully opened /localtmp/oj2zf/dataset/rgg_n_2_24_s0/rgg_n_2_24_s0_1by16/rgg_n_2_24_s0_0_14.vertexptrs
INFO: Successfully opened /localtmp/oj2zf/dataset/rgg_n_2_24_s0/rgg_n_2_24_s0_1by16/rgg_n_2_24_s0_0_15.vertexptrs
INFO: Successfully opened /localtmp/oj2zf/dataset/rgg_n_2_24_s0/rgg_n_2_24_s0_1by16/rgg_n_2_24_s0_0_0.vertexptrs
INFO: Successfully opened /localtmp/oj2zf/dataset/rgg_n_2_24_s0/rgg_n_2_24_s0_1by16/rgg_n_2_24_s0_0_1.vertexptrs
INFO: Successfully opened /localtmp/oj2zf/dataset/rgg_n_2_24_s0/rgg_n_2_24_s0_1by16/rgg_n_2_24_s0_0_2.vertexptrs
INFO: Successfully opened /localtmp/oj2zf/dataset/rgg_n_2_24_s0/rgg_n_2_24_s0_1by16/rgg_n_2_24_s0_0_3.vertexptrs
INFO: Successfully opened /localtmp/oj2zf/dataset/rgg_n_2_24_s0/rgg_n_2_24_s0_1by16/rgg_n_2_24_s0_0_4.vertexptrs
INFO: Successfully opened /localtmp/oj2zf/dataset/rgg_n_2_24_s0/rgg_n_2_24_s0_1by16/rgg_n_2_24_s0_0_5.vertexptrs
INFO: Successfully opened /localtmp/oj2zf/dataset/rgg_n_2_24_s0/rgg_n_2_24_s0_1by16/rgg_n_2_24_s0_0_6.vertexptrs
INFO: Successfully opened /localtmp/oj2zf/dataset/rgg_n_2_24_s0/rgg_n_2_24_s0_1by16/rgg_n_2_24_s0_0_7.vertexptrs
INFO: Successfully opened /localtmp/oj2zf/dataset/rgg_n_2_24_s0/rgg_n_2_24_s0_1by16/rgg_n_2_24_s0_0_8.vertexptrs
INFO: Successfully opened /localtmp/oj2zf/dataset/rgg_n_2_24_s0/rgg_n_2_24_s0_1by16/rgg_n_2_24_s0_0_9.vertexptrs
INFO: Successfully opened /localtmp/oj2zf/dataset/rgg_n_2_24_s0/rgg_n_2_24_s0_1by16/rgg_n_2_24_s0_0_10.vertexptrs
INFO: Successfully opened /localtmp/oj2zf/dataset/rgg_n_2_24_s0/rgg_n_2_24_s0_1by16/rgg_n_2_24_s0_0_11.vertexptrs
INFO: Successfully opened /localtmp/oj2zf/dataset/rgg_n_2_24_s0/rgg_n_2_24_s0_1by16/rgg_n_2_24_s0_0_12.vertexptrs
INFO: Successfully opened /localtmp/oj2zf/dataset/rgg_n_2_24_s0/rgg_n_2_24_s0_1by16/rgg_n_2_24_s0_0_13.vertexptrs
INFO: Successfully opened /localtmp/oj2zf/dataset/rgg_n_2_24_s0/rgg_n_2_24_s0_1by16/rgg_n_2_24_s0_0_14.vertexptrs
INFO: Successfully opened /localtmp/oj2zf/dataset/rgg_n_2_24_s0/rgg_n_2_24_s0_1by16/rgg_n_2_24_s0_0_15.vertexptrs
INFO: Successfully opened /localtmp/oj2zf/dataset/rgg_n_2_24_s0/rgg_n_2_24_s0_1by16/rgg_n_2_24_s0_0_0.edges
INFO: Successfully opened /localtmp/oj2zf/dataset/rgg_n_2_24_s0/rgg_n_2_24_s0_1by16/rgg_n_2_24_s0_0_1.edges
INFO: Successfully opened /localtmp/oj2zf/dataset/rgg_n_2_24_s0/rgg_n_2_24_s0_1by16/rgg_n_2_24_s0_0_2.edges
INFO: Successfully opened /localtmp/oj2zf/dataset/rgg_n_2_24_s0/rgg_n_2_24_s0_1by16/rgg_n_2_24_s0_0_3.edges
INFO: Successfully opened /localtmp/oj2zf/dataset/rgg_n_2_24_s0/rgg_n_2_24_s0_1by16/rgg_n_2_24_s0_0_4.edges
INFO: Successfully opened /localtmp/oj2zf/dataset/rgg_n_2_24_s0/rgg_n_2_24_s0_1by16/rgg_n_2_24_s0_0_5.edges
INFO: Successfully opened /localtmp/oj2zf/dataset/rgg_n_2_24_s0/rgg_n_2_24_s0_1by16/rgg_n_2_24_s0_0_6.edges
INFO: Successfully opened /localtmp/oj2zf/dataset/rgg_n_2_24_s0/rgg_n_2_24_s0_1by16/rgg_n_2_24_s0_0_7.edges
INFO: Successfully opened /localtmp/oj2zf/dataset/rgg_n_2_24_s0/rgg_n_2_24_s0_1by16/rgg_n_2_24_s0_0_8.edges
INFO: Successfully opened /localtmp/oj2zf/dataset/rgg_n_2_24_s0/rgg_n_2_24_s0_1by16/rgg_n_2_24_s0_0_9.edges
INFO: Successfully opened /localtmp/oj2zf/dataset/rgg_n_2_24_s0/rgg_n_2_24_s0_1by16/rgg_n_2_24_s0_0_10.edges
INFO: Successfully opened /localtmp/oj2zf/dataset/rgg_n_2_24_s0/rgg_n_2_24_s0_1by16/rgg_n_2_24_s0_0_11.edges
INFO: Successfully opened /localtmp/oj2zf/dataset/rgg_n_2_24_s0/rgg_n_2_24_s0_1by16/rgg_n_2_24_s0_0_12.edges
INFO: Successfully opened /localtmp/oj2zf/dataset/rgg_n_2_24_s0/rgg_n_2_24_s0_1by16/rgg_n_2_24_s0_0_13.edges
INFO: Successfully opened /localtmp/oj2zf/dataset/rgg_n_2_24_s0/rgg_n_2_24_s0_1by16/rgg_n_2_24_s0_0_14.edges
INFO: Successfully opened /localtmp/oj2zf/dataset/rgg_n_2_24_s0/rgg_n_2_24_s0_1by16/rgg_n_2_24_s0_0_15.edges
INFO: Successfully opened /localtmp/oj2zf/dataset/rgg_n_2_24_s0/rgg_n_2_24_s0_1by16/rgg_n_2_24_s0_0_0.edges
INFO: Successfully opened /localtmp/oj2zf/dataset/rgg_n_2_24_s0/rgg_n_2_24_s0_1by16/rgg_n_2_24_s0_0_1.edges
INFO: Successfully opened /localtmp/oj2zf/dataset/rgg_n_2_24_s0/rgg_n_2_24_s0_1by16/rgg_n_2_24_s0_0_2.edges
INFO: Successfully opened /localtmp/oj2zf/dataset/rgg_n_2_24_s0/rgg_n_2_24_s0_1by16/rgg_n_2_24_s0_0_3.edges
INFO: Successfully opened /localtmp/oj2zf/dataset/rgg_n_2_24_s0/rgg_n_2_24_s0_1by16/rgg_n_2_24_s0_0_4.edges
INFO: Successfully opened /localtmp/oj2zf/dataset/rgg_n_2_24_s0/rgg_n_2_24_s0_1by16/rgg_n_2_24_s0_0_5.edges
INFO: Successfully opened /localtmp/oj2zf/dataset/rgg_n_2_24_s0/rgg_n_2_24_s0_1by16/rgg_n_2_24_s0_0_6.edges
INFO: Successfully opened /localtmp/oj2zf/dataset/rgg_n_2_24_s0/rgg_n_2_24_s0_1by16/rgg_n_2_24_s0_0_7.edges
INFO: Successfully opened /localtmp/oj2zf/dataset/rgg_n_2_24_s0/rgg_n_2_24_s0_1by16/rgg_n_2_24_s0_0_8.edges
INFO: Successfully opened /localtmp/oj2zf/dataset/rgg_n_2_24_s0/rgg_n_2_24_s0_1by16/rgg_n_2_24_s0_0_9.edges
INFO: Successfully opened /localtmp/oj2zf/dataset/rgg_n_2_24_s0/rgg_n_2_24_s0_1by16/rgg_n_2_24_s0_0_10.edges
INFO: Successfully opened /localtmp/oj2zf/dataset/rgg_n_2_24_s0/rgg_n_2_24_s0_1by16/rgg_n_2_24_s0_0_11.edges
INFO: Successfully opened /localtmp/oj2zf/dataset/rgg_n_2_24_s0/rgg_n_2_24_s0_1by16/rgg_n_2_24_s0_0_12.edges
INFO: Successfully opened /localtmp/oj2zf/dataset/rgg_n_2_24_s0/rgg_n_2_24_s0_1by16/rgg_n_2_24_s0_0_13.edges
INFO: Successfully opened /localtmp/oj2zf/dataset/rgg_n_2_24_s0/rgg_n_2_24_s0_1by16/rgg_n_2_24_s0_0_14.edges
INFO: Successfully opened /localtmp/oj2zf/dataset/rgg_n_2_24_s0/rgg_n_2_24_s0_1by16/rgg_n_2_24_s0_0_15.edges
[1m[37m>>> pagerank::run: graph iteration 0 of pagerank started[0m

[1m[37m>>> pagerank::start2: super iteration: [col: 0][size: 16][step: 1][0m
>>> WorkerThread:: total number of edges in file[0]: 16532269

PP&A:: [col:0][size:16][step:1], [iteration_idx:0][size:1][step:1]
loadmessages:: loading Acts... sizes: [[1033228, 1033266, 1033275, 1033292, 1033227, 1033257, 1033262, 1033316, 1033247, 1033275, 1033226, 1033304, 1033227, 1033320, 1033252, 1033293]]
>>> pagerank::start2 Finished: all threads joined...

[1m[37m>>> pagerank::start2: super iteration: [col: 1][size: 16][step: 1][0m
>>> WorkerThread:: total number of edges in file[1]: 16583546

PP&A:: [col:1][size:16][step:1], [iteration_idx:0][size:1][step:1]
loadmessages:: loading Acts... sizes: [[1036446, 1036495, 1036426, 1036461, 1036495, 1036447, 1036490, 1036464, 1036498, 1036457, 1036479, 1036464, 1036483, 1036451, 1036487, 1036502]]
>>> pagerank::start2 Finished: all threads joined...

[1m[37m>>> pagerank::start2: super iteration: [col: 2][size: 16][step: 1][0m
>>> WorkerThread:: total number of edges in file[2]: 16578238

PP&A:: [col:2][size:16][step:1], [iteration_idx:0][size:1][step:1]
loadmessages:: loading Acts... sizes: [[1036102, 1036140, 1036152, 1036128, 1036115, 1036144, 1036151, 1036132, 1036178, 1036081, 1036206, 1036127, 1036146, 1036108, 1036102, 1036224]]
>>> pagerank::start2 Finished: all threads joined...

[1m[37m>>> pagerank::start2: super iteration: [col: 3][size: 16][step: 1][0m
>>> WorkerThread:: total number of edges in file[3]: 16587937

PP&A:: [col:3][size:16][step:1], [iteration_idx:0][size:1][step:1]
loadmessages:: loading Acts... sizes: [[1036696, 1036764, 1036759, 1036706, 1036794, 1036731, 1036732, 1036766, 1036750, 1036758, 1036731, 1036759, 1036724, 1036746, 1036764, 1036756]]
>>> pagerank::start2 Finished: all threads joined...

[1m[37m>>> pagerank::start2: super iteration: [col: 4][size: 16][step: 1][0m
>>> WorkerThread:: total number of edges in file[4]: 16556765

PP&A:: [col:4][size:16][step:1], [iteration_idx:0][size:1][step:1]
loadmessages:: loading Acts... sizes: [[1034768, 1034823, 1034778, 1034758, 1034825, 1034754, 1034848, 1034800, 1034813, 1034739, 1034814, 1034832, 1034807, 1034784, 1034751, 1034870]]
>>> pagerank::start2 Finished: all threads joined...

[1m[37m>>> pagerank::start2: super iteration: [col: 5][size: 16][step: 1][0m
>>> WorkerThread:: total number of edges in file[5]: 16563338

PP&A:: [col:5][size:16][step:1], [iteration_idx:0][size:1][step:1]
loadmessages:: loading Acts... sizes: [[1035191, 1035172, 1035214, 1035236, 1035168, 1035265, 1035152, 1035233, 1035187, 1035241, 1035189, 1035197, 1035259, 1035154, 1035194, 1035284]]
>>> pagerank::start2 Finished: all threads joined...

[1m[37m>>> pagerank::start2: super iteration: [col: 6][size: 16][step: 1][0m
>>> WorkerThread:: total number of edges in file[6]: 16575019

PP&A:: [col:6][size:16][step:1], [iteration_idx:0][size:1][step:1]
loadmessages:: loading Acts... sizes: [[1035938, 1035932, 1035891, 1035981, 1035915, 1035952, 1035898, 1035984, 1035918, 1035956, 1035904, 1035978, 1035904, 1035967, 1035934, 1035966]]
>>> pagerank::start2 Finished: all threads joined...

[1m[37m>>> pagerank::start2: super iteration: [col: 7][size: 16][step: 1][0m
>>> WorkerThread:: total number of edges in file[7]: 16580080

PP&A:: [col:7][size:16][step:1], [iteration_idx:0][size:1][step:1]
loadmessages:: loading Acts... sizes: [[1036243, 1036254, 1036228, 1036261, 1036284, 1036213, 1036261, 1036267, 1036261, 1036245, 1036269, 1036254, 1036248, 1036271, 1036264, 1036256]]
>>> pagerank::start2 Finished: all threads joined...

[1m[37m>>> pagerank::start2: super iteration: [col: 8][size: 16][step: 1][0m
>>> WorkerThread:: total number of edges in file[8]: 8

PP&A:: [col:8][size:16][step:1], [iteration_idx:0][size:1][step:1]
loadmessages:: loading Acts... sizes: [[0, 0, 0, 0, 0, 0, 0, 0, 0, 0, 0, 0, 0, 0, 0, 7]]
>>> pagerank::start2 Finished: all threads joined...

[1m[37m>>> pagerank::start2: super iteration: [col: 9][size: 16][step: 1][0m
>>> WorkerThread:: total number of edges in file[9]: 0
>>> pagerank::start2 Finished: all threads joined...

[1m[37m>>> pagerank::start2: super iteration: [col: 10][size: 16][step: 1][0m
>>> WorkerThread:: total number of edges in file[10]: 0
>>> pagerank::start2 Finished: all threads joined...

[1m[37m>>> pagerank::start2: super iteration: [col: 11][size: 16][step: 1][0m
>>> WorkerThread:: total number of edges in file[11]: 0
>>> pagerank::start2 Finished: all threads joined...

[1m[37m>>> pagerank::start2: super iteration: [col: 12][size: 16][step: 1][0m
>>> WorkerThread:: total number of edges in file[12]: 0
>>> pagerank::start2 Finished: all threads joined...

[1m[37m>>> pagerank::start2: super iteration: [col: 13][size: 16][step: 1][0m
>>> WorkerThread:: total number of edges in file[13]: 0
>>> pagerank::start2 Finished: all threads joined...

[1m[37m>>> pagerank::start2: super iteration: [col: 14][size: 16][step: 1][0m
>>> WorkerThread:: total number of edges in file[14]: 0
>>> pagerank::start2 Finished: all threads joined...

[1m[37m>>> pagerank::start2: super iteration: [col: 15][size: 16][step: 1][0m
>>> WorkerThread:: total number of edges in file[15]: 0
>>> pagerank::start2 Finished: all threads joined...
applyvertices2: number of active vertices for next iteration: 0
applyvertices2: number of active vertices for next iteration: 0
applyvertices2: number of active vertices for next iteration: 0
applyvertices2: number of active vertices for next iteration: 0
applyvertices2: number of active vertices for next iteration: 0
applyvertices2: number of active vertices for next iteration: 0
applyvertices2: number of active vertices for next iteration: 0
applyvertices2: number of active vertices for next iteration: 0
applyvertices2: number of active vertices for next iteration: 0
applyvertices2: number of active vertices for next iteration: 0
applyvertices2: number of active vertices for next iteration: 0
applyvertices2: number of active vertices for next iteration: 0
applyvertices2: number of active vertices for next iteration: 0
applyvertices2: number of active vertices for next iteration: 0
applyvertices2: number of active vertices for next iteration: 0
applyvertices2: number of active vertices for next iteration: 0
test::finish destroying memory structures... 
>>> pagerank::run: finished run. Time Elapsed: : Time Elapsed = 7264846874[nanao seconds](Iteration 666)
>>> pagerank::run: finished run. Time Elapsed: : Time Elapsed = 7264846[micro seconds](Iteration 666)
>>> pagerank::run: finished run. Time Elapsed: : Time Elapsed = 7264[milli seconds](Iteration 666)
>>> pagerank::run: finished run. Time Elapsed: : Time Elapsed = 7[seconds](Iteration 666)

graph::closefilesforreading : close files for reading...
graph::closetemporaryfilesforwriting : close temporary files for writing...
graph::closetemporaryfilesforreading : close files for reading...
=== STATS::TIMING AND SUMMARY RESULTS FOR ITERATION: 666 === 
>>> stats::summary Total number of kvReads in bank [0]: 16532267
>>> stats::summary Total number of kvReads in bank [1]: 16583545
>>> stats::summary Total number of kvReads in bank [2]: 16578236
>>> stats::summary Total number of kvReads in bank [3]: 16587936
>>> stats::summary Total number of kvReads in bank [4]: 16556764
>>> stats::summary Total number of kvReads in bank [5]: 16563336
>>> stats::summary Total number of kvReads in bank [6]: 16575018
>>> stats::summary Total number of kvReads in bank [7]: 16580079
>>> stats::summary Total number of kvReads in bank [8]: 7
>>> stats::summary Total number of kvReads in bank [9]: 0
>>> stats::summary Total number of kvReads in bank [10]: 0
>>> stats::summary Total number of kvReads in bank [11]: 0
>>> stats::summary Total number of kvReads in bank [12]: 0
>>> stats::summary Total number of kvReads in bank [13]: 0
>>> stats::summary Total number of kvReads in bank [14]: 0
>>> stats::summary Total number of kvReads in bank [15]: 0
[1m[37m>>> stats::summary Total number of kvReads for all threads: 132557188[0m
[1m[37m>>> stats::summary Total time spent (SSD access): 0 milliseconds[0m
[1m[37m>>> stats::summary Total time spent (SSD access): 0 seconds[0m
[1m[37m>>> stats::summary Total time spent (OCL data transfers): 0 milliseconds[0m
[1m[37m>>> stats::summary Total time spent (OCL data transfers): 0 seconds[0m
[1m[37m>>> stats::summary Total time spent (Kernel Pre Process execution): 712 milliseconds[0m
[1m[37m>>> stats::summary Total time spent (Kernel Pre Process execution): 0.712 seconds[0m
[1m[37m>>> stats::summary Total time spent (Kernel execution): 2893 milliseconds[0m
[1m[37m>>> stats::summary Total time spent (Kernel execution): 2.893 seconds[0m
[1m[37m>>> stats::summary Total time spent (Kernel Post Process execution): 809 milliseconds[0m
[1m[37m>>> stats::summary Total time spent (Kernel Post Process execution): 0.809 seconds[0m
[1m[37m>>> stats::summary Total time spent (Overall Kernel execution): 4414 milliseconds[0m
[1m[37m>>> stats::summary Total time spent (Overall Kernel execution): 4.414 seconds[0m
[1m[37m>>> stats::summary Total time spent (Overall processing): 7264 milliseconds[0m
[1m[37m>>> stats::summary Total time spent (Overall processing): 7.264 seconds[0m
[1m[37m>>> stats::summary Total time spent (Overall processing excluding SSD & OCL data transfers): 7264 milliseconds[0m
[1m[37m>>> stats::summary Total time spent (Overall processing excluding SSD & OCL data transfers): 7.264 seconds[0m
[1m[37m>>> stats::summary Throughput (Kernel processing): 3.00311e+07 keyvalues per second[0m
[1m[37m>>> stats::summary Throughput (Kernel processing): 30.0311 million keyvalues per second[0m
[1m[37m>>> stats::summary Throughput (Kernel processing): 240.249 MB/s[0m
[1m[37m>>> stats::summary Throughput (Overall processing): 3.00311e+07 keyvalues per second[0m
[1m[37m>>> stats::summary Throughput (Overall processing): 30.0311 million keyvalues per second[0m
[1m[37m>>> stats::summary Throughput (Overall processing): 240.249 MB/s[0m
[1m[37m>>> stats::summary Throughput (Overall processing excluding SSD & OCL data transfers): 1.82485e+07 keyvalues per second[0m
[1m[37m>>> stats::summary Throughput (Overall processing excluding SSD & OCL data transfers): 18.2485 million keyvalues per second[0m

graph::printdataset: printing dataset parameters...
>>> graphname: rgg_n_2_24_s0
>>> graph_path: /localtmp/oj2zf/dataset/rgg_n_2_24_s0/rgg_n_2_24_s0.mtx
>>> vertices_path: /localtmp/oj2zf/dataset/rgg_n_2_24_s0/rgg_n_2_24_s0.vertices
>>> edges_path: /localtmp/oj2zf/dataset/rgg_n_2_24_s0/rgg_n_2_24_s0.edges
>>> vertices_path_bin: /localtmp/oj2zf/dataset/rgg_n_2_24_s0/rgg_n_2_24_s0_bin.vertices
>>> edges_path_bin: /localtmp/oj2zf/dataset/rgg_n_2_24_s0/rgg_n_2_24_s0_bin.edges
>>> min_vertex: 0
>>> max_vertex: 16777216
>>> num_vertices: 16777216
>>> num_edges: 132557200
>>> graphdirectiontype: 5
>>> graphorder: 6
>>> skewratio: 128
TEST FINISHED
[1m[37m>>> HOSTPROCESS:: TIMING SUMMARY: TOTAL TIME ELAPSED: : Time Elapsed = 8584602928[nanao seconds](Iteration 666)[0m
[1m[37m>>> HOSTPROCESS:: TIMING SUMMARY: TOTAL TIME ELAPSED: : Time Elapsed = 8584602[micro seconds](Iteration 666)[0m
[1m[37m>>> HOSTPROCESS:: TIMING SUMMARY: TOTAL TIME ELAPSED: : Time Elapsed = 8584[milli seconds](Iteration 666)[0m
[1m[37m>>> HOSTPROCESS:: TIMING SUMMARY: TOTAL TIME ELAPSED: : Time Elapsed = 8[seconds](Iteration 666)[0m

XRT build version: 2.3.1301
Build hash: 192e706aea53163a04c574f9b3fe9ed76b6ca471
Build date: 2019-10-24 20:05:16
Git branch: 2019.2
PID: 16142
UID: 1007
[Mon Nov 23 16:26:43 2020]
HOST: crabtree
EXE: /home/oj2zf/Documents/ActsOfAGraph/host
[XRT] WARNING: Profiling may contain incomplete information. Please ensure all OpenCL objects are released by your host code (e.g., clReleaseProgram()).
