rm -rf host ./xclbin/{*sw_emu*,*hw_emu*} 
rm -rf profile_* TempConfig system_estimate.xtxt *.rpt *.csv 
rm -rf src/*.ll _xocc_* .Xil emconfig.json dltmp* xmltmp* *.log *.jou *.wcfg *.wdb
mkdir -p obj
g++ -o ./sr_nthreads examples/hostprocess.cpp src/algorithm/algorithm.cpp examples/helperfunctions/postprocess.cpp examples/helperfunctions/loadgraph.cpp examples/helperfunctions/setupkernel.cpp examples/helperfunctions/procedges.cpp examples/pagerank/pagerank.cpp examples/bfs/bfs.cpp examples/sssp/sssp.cpp examples/test/test.cpp src/graphs/graph.cpp src/heuristics/heuristics.cpp src/stats/stats.cpp src/utility/utility.cpp src/parameters/parameters.cpp src/dataset/dataset.cpp kernels/kernel.cpp kernels/swkernel.cpp kernels/goclkernel.cpp src/graphs/creategraphs.cpp acts/sortreduce/sr.cpp acts/acts_lw/actslw.cpp acts/actsutility/actsutility.cpp  sortreduce-master/examples/graph/src//FileReaderAio.cpp sortreduce-master/examples/graph/src//EdgeProcess.cpp sortreduce-master/examples/graph/src//VertexValues.cpp sortreduce-master/examples/graph/src//BCMergeFlip.cpp -DKVTYPES1='uint64_t,uint32_t'  -DKVTYPES2='uint32_t,uint32_t' -Isortreduce-master/include/ -Isortreduce-master/examples/graph/src/ -Lsortreduce-master/obj/ -std=c++11 -lsortreduce -pthread -laio -march=native -lrt -g
./sr_nthreads
Hostprocess:: Graph Analytics Started...
host:: NUMDRAMBANKS: 4
host:: NUMWORKERS: 1
host:: NUMSUBWORKERS: 3
host:: NUM_PARTITIONS: 16
host:: NUMSUPERCPUTHREADS: 1
host:: NUMCPUTHREADS: 1
host:: NUMSUBCPUTHREADS: 16
host:: NUMUTILITYTHREADS: 16
host:: DATAWIDTH: 512
host:: VECTOR_SIZE: 8
host:: KVDATA_BATCHSIZE: 10000000
host:: KVDATA_BATCHSIZE_KVS: 1250000
host:: EDGES_BATCHSIZE: 80000000
host:: EDGES_BATCHSIZE_KVS: 10000000
host:: KVDATA_RANGE: 8388608
host:: KVDATA_RANGE_POW: 23
host:: BATCH_RANGE: 8388608
host:: BATCH_RANGE_POW: 23
host:: BATCH_RANGE2: 65536
host:: BATCH_RANGE2_POW: 16
host:: EDGESSZ: 0
host:: (float)APPROXTREE_DEPTH: 4
host:: APPROXTREE_DEPTH: 4
host:: TREE_DEPTH: 4
host:: TREE_DEPTH2: 2
host:: NUMSSDPARTITIONS: 1
host:: KVDATA_RANGE_PERSSDPARTITION_POW: 23
host:: KVDATA_RANGE_PERSSDPARTITION: 8388608
host:: KVDATA_RANGE_PERSSDPARTITION2_POW: 16
host:: KVDATA_RANGE_PERSSDPARTITION2: 65536
host:: MESSAGES_SIZE: 1024
host:: NUMSSDPARTITIONS: 1
host:: NUMSSDPARTITIONS_POW: 0
host:: MAXNUMSSDPARTITIONS: 1
host:: LOCKE NOT DEFINED
host:: STREAMEDGESSETUP DEFINED
host:: sizeof(keyvalue_t): 8 bytes (64 bits)
host:: sizeof(vertex_t): 4 bytes (32 bits)
host:: sizeof(edge_t): 4 bytes (32 bits)
host:: MESSAGESDRAMSZ: 1024
host:: KVDRAMSZ: 11311232
host:: KVDRAMSZ_KVS: 1413904
host:: KVDRAMWORKSPACESZ: 11311232
host:: KVDRAMWORKSPACESZ_KVS: 1413904
host:: EDGESSZ: 0
host:: EDGESSZ_KVS: 0
host:: VERTEXPTRSSZ: 0
host:: VERTEXPTRSSZ_KVS: 0
host:: VERTICESDATASZ: 4194304
host:: VERTICESDATASZ_KVS: 524288
host:: BASEOFFSET_KVDRAM: 1024
host:: BASEOFFSET_KVDRAM_KVS: 128
host:: BASEOFFSET_KVDRAMWORKSPACE: 11312256
host:: BASEOFFSET_KVDRAMWORKSPACE_KVS: 1414032
host:: BASEOFFSET_STATSDRAM: 22623488
host:: BASEOFFSET_EDGESDATA: 25244928
host:: BASEOFFSET_EDGESDATA_KVS: 3155616
host:: BASEOFFSET_VERTEXPTR: 25244928
host:: BASEOFFSET_VERTEXPTR_KVS: 3155616
host:: BASEOFFSET_VERTICESDATA: 25244928
host:: BASEOFFSET_VERTICESDATA_KVS: 3155616
host:: KVSOURCEDRAMSZ: 29439232
host:: KVSOURCEDRAMSZ_KVS: 3679904
host:: PADDEDKVSOURCEDRAMSZ: 29439232
host:: PADDEDKVSOURCEDRAMSZ_KVS: 3679904
>> host:: MESSAGESDRAMSZ (bytes): 8192 bytes
>> host:: KVDRAMBUFFERSZ (bytes): 0 bytes
>> host:: KVDRAMSZ (bytes): 90489856 bytes
>> host:: KVDRAMWORKSPACESZ (bytes): 90489856 bytes
>> host:: KVSTATSDRAMSZ (bytes): 20971520 bytes
>> host:: ACTIVEVERTICESSZ (bytes): 0 bytes
>> host:: EDGESSZ (bytes): 0 bytes
>> host:: VERTEXPTRSSZ (bytes): 0 bytes
>> host:: VERTICESDATASZ (bytes): 33554432 bytes
>> host:: PADDEDKVSOURCEDRAMSZ (bytes): 235513856 bytes
host:: KVSTATSDRAMSZ: 2621440
host:: KVDRAMPADDING: 1311232
host:: APPLYVERTEXBUFFERSZ: 128
host:: APPLYVERTEXBUFFERSZ_KVS: 16
host:: APPLYVERTEXBUFFERSZ2: 256
host:: APPLYVERTEXBUFFERSZ2_KVS: 32
host:: NUMLASTLEVELPARTITIONS: 65536
host:: NUMLASTLEVELPARTITIONS2: 256
host:: INMEMORYGP disabled 
graph::graph constructor:: datasetid: 32, _numedgebanks: 1
graph::loadalldatasets:: 
graph::loadalldatasets finished. 
graph::printdataset: printing dataset parameters...
>>> graphname: indochina-04
>>> graph_path: /localtmp/oj2zf/dataset/indochina-04/indochina-2004.mtx
>>> vertices_path: /localtmp/oj2zf/dataset/indochina-04/indochina-2004.vertices
>>> edges_path: /localtmp/oj2zf/dataset/indochina-04/indochina-2004.edges
>>> vertices_path_bin: /localtmp/oj2zf/dataset/indochina-04/indochina-2004_bin.vertices
>>> edges_path_bin: /localtmp/oj2zf/dataset/indochina-04/indochina-2004_bin.edges
>>> min_vertex: 0
>>> max_vertex: 7414866
>>> num_vertices: 7414866
>>> num_edges: 194109311
>>> graphdirectiontype: 5
>>> graphorder: 6
>>> skewratio: 128
setupkernel::loadSRstructures:: tmp_dir: /localtmp/oj2zf/tmpdata_grafboost
setupkernel::loadSRstructures:: idx_path: /localtmp/oj2zf/dataset/indochina-04/ridx.dat
setupkernel::loadSRstructures:: mat_path: /localtmp/oj2zf/dataset/indochina-04/matrix.dat
setupkernel::loadSRstructures:: vertex_count: 7414866
Created vertex values file at /localtmp/oj2zf/tmpdata_grafboost/vertex_data.dat -- 7414866
VertexValues default init done : 456 ms
bfs::run:: bfs algorithm started. 
graph::opentemporaryfilesforwriting : opening temporary files for writing...
Directory already exists.INFO: Successfully opened /localtmp/oj2zf/dataset/indochina-04/indochina-04_1by1/indochina-04.vdata
INFO: Successfully opened /localtmp/oj2zf/dataset/indochina-04/indochina-04_1by1/indochina-04.vproperties
graph::opentemporaryfilesforreading : opening temporary files for reading
INFO: Successfully opened /localtmp/oj2zf/dataset/indochina-04/indochina-04_1by1/indochina-04.vdata
INFO: Successfully opened /localtmp/oj2zf/dataset/indochina-04/indochina-04_1by1/indochina-04.vproperties
generating vertices data... 
generating temp vertices data... 
graph::openfilesforreading : opening files for reading
INFO: Successfully opened /localtmp/oj2zf/dataset/indochina-04/indochina-04_1by1/indochina-04_0_0.vertexptrs
INFO: Successfully opened /localtmp/oj2zf/dataset/indochina-04/indochina-04_1by1/indochina-04_0_0.vertexptrs
INFO: Successfully opened /localtmp/oj2zf/dataset/indochina-04/indochina-04_1by1/indochina-04_0_0.edges
INFO: Successfully opened /localtmp/oj2zf/dataset/indochina-04/indochina-04_1by1/indochina-04_0_0.edges

[1m[37m>>> bfs::run: graph iteration 0 of bfs started. (1 active vertices)[0m
SortReduce Starting...
SortReduce writing inmem directly to file /localtmp/oj2zf/tmpdata_grafboost/output.dat
Loading file output.dat size 12 -- 12
yes yes:0-0 yes:0-1
		++ Iteration 0 done: 1
>>> setupkernel::finishSR:: active vertices after iteration: 1
Loading file fd 13 size 8

[1m[37m>>> bfs::run: graph iteration 1 of bfs started. (1 active vertices)[0m
SortReduce Starting...
SortReduce writing inmem directly to file /localtmp/oj2zf/tmpdata_grafboost/output.dat
Loading file output.dat size 48 -- 14
yes yes:0-0 yes:0-1
		++ Iteration 1 done: 4
>>> setupkernel::finishSR:: active vertices after iteration: 3
Loading file fd 15 size 24

[1m[37m>>> bfs::run: graph iteration 2 of bfs started. (3 active vertices)[0m
SortReduce Starting...
SortReduce writing inmem directly to file /localtmp/oj2zf/tmpdata_grafboost/output.dat
Loading file output.dat size 120 -- 16
yes yes:0-0 yes:0-1
		++ Iteration 2 done: 10
>>> setupkernel::finishSR:: active vertices after iteration: 8
Loading file fd 17 size 64

[1m[37m>>> bfs::run: graph iteration 3 of bfs started. (8 active vertices)[0m
SortReduce Starting...
SortReduce writing inmem directly to file /localtmp/oj2zf/tmpdata_grafboost/output.dat
Loading file output.dat size 516 -- 18
yes yes:0-0 yes:0-1
		++ Iteration 3 done: 43
>>> setupkernel::finishSR:: active vertices after iteration: 40
Loading file fd 19 size 320

[1m[37m>>> bfs::run: graph iteration 4 of bfs started. (40 active vertices)[0m
SortReduce Starting...
SortReduce writing inmem directly to file /localtmp/oj2zf/tmpdata_grafboost/output.dat
Loading file output.dat size 9180 -- 20
yes yes:0-0 yes:0-1
		++ Iteration 4 done: 765
>>> setupkernel::finishSR:: active vertices after iteration: 730
Loading file fd 21 size 5840

[1m[37m>>> bfs::run: graph iteration 5 of bfs started. (730 active vertices)[0m
SortReduce Starting...
SortReduce writing inmem directly to file /localtmp/oj2zf/tmpdata_grafboost/output.dat
Loading file output.dat size 70272 -- 22
yes yes:0-0 yes:0-1
		++ Iteration 5 done: 5856
>>> setupkernel::finishSR:: active vertices after iteration: 5147
Loading file fd 23 size 41176

[1m[37m>>> bfs::run: graph iteration 6 of bfs started. (5147 active vertices)[0m
SortReduce Starting...
SortReduce writing inmem directly to file /localtmp/oj2zf/tmpdata_grafboost/output.dat
Loading file output.dat size 1281840 -- 24
yes yes:0-0 yes:0-1
		++ Iteration 6 done: 106820
>>> setupkernel::finishSR:: active vertices after iteration: 101252
Loading file fd 25 size 810016

[1m[37m>>> bfs::run: graph iteration 7 of bfs started. (101252 active vertices)[0m
SortReduce Starting...
Loading file output.dat size 4173876 -- 26
yes yes:0-0 yes:0-1
		++ Iteration 7 done: 347823
>>> setupkernel::finishSR:: active vertices after iteration: 244196
Loading file fd 27 size 1953568

[1m[37m>>> bfs::run: graph iteration 8 of bfs started. (244196 active vertices)[0m
SortReduce Starting...
Loading file output.dat size 10949256 -- 28
yes yes:0-0 yes:0-1
		++ Iteration 8 done: 912438
>>> setupkernel::finishSR:: active vertices after iteration: 607794
Loading file fd 29 size 4862352

[1m[37m>>> bfs::run: graph iteration 9 of bfs started. (607794 active vertices)[0m
SortReduce Starting...
yes yes:0-0 no:1-0
Loading file output.dat size 16909872 -- 30
yes yes:0-0 yes:0-1
		++ Iteration 9 done: 1409156
>>> setupkernel::finishSR:: active vertices after iteration: 551456
Loading file fd 31 size 4411648

[1m[37m>>> bfs::run: graph iteration 10 of bfs started. (551456 active vertices)[0m
SortReduce Starting...
yes yes:0-0 no:0-1
Loading file output.dat size 19053228 -- 32
yes yes:0-0 yes:0-1
		++ Iteration 10 done: 1587769
>>> setupkernel::finishSR:: active vertices after iteration: 544744
Loading file fd 33 size 4357952

[1m[37m>>> bfs::run: graph iteration 11 of bfs started. (544744 active vertices)[0m
SortReduce Starting...
Loading file output.dat size 14422692 -- 34
yes yes:0-0 yes:0-1
		++ Iteration 11 done: 1201891
>>> setupkernel::finishSR:: active vertices after iteration: 349332
Loading file fd 35 size 2794656

[1m[37m>>> bfs::run: graph iteration 12 of bfs started. (349332 active vertices)[0m
SortReduce Starting...
Loading file output.dat size 10437516 -- 36
yes yes:0-0 yes:0-1
		++ Iteration 12 done: 869793
>>> setupkernel::finishSR:: active vertices after iteration: 251370
Loading file fd 37 size 2010960

[1m[37m>>> bfs::run: graph iteration 13 of bfs started. (251370 active vertices)[0m
SortReduce Starting...
Loading file output.dat size 8215704 -- 38
yes yes:0-0 yes:0-1
		++ Iteration 13 done: 684642
>>> setupkernel::finishSR:: active vertices after iteration: 245357
Loading file fd 39 size 1962856

[1m[37m>>> bfs::run: graph iteration 14 of bfs started. (245357 active vertices)[0m
SortReduce Starting...
Loading file output.dat size 7998036 -- 40
yes yes:0-0 yes:0-1
		++ Iteration 14 done: 666503
>>> setupkernel::finishSR:: active vertices after iteration: 307235
Loading file fd 41 size 2457880

[1m[37m>>> bfs::run: graph iteration 15 of bfs started. (307235 active vertices)[0m
SortReduce Starting...
Loading file output.dat size 7687704 -- 42
yes yes:0-0 yes:0-1
		++ Iteration 15 done: 640642
>>> setupkernel::finishSR:: active vertices after iteration: 199475
Loading file fd 43 size 1595800

[1m[37m>>> bfs::run: graph iteration 16 of bfs started. (199475 active vertices)[0m
SortReduce Starting...
Loading file output.dat size 6158772 -- 44
yes yes:0-0 yes:0-1
		++ Iteration 16 done: 513231
>>> setupkernel::finishSR:: active vertices after iteration: 142775
Loading file fd 45 size 1142200

[1m[37m>>> bfs::run: graph iteration 17 of bfs started. (142775 active vertices)[0m
SortReduce Starting...
yes no:1-4 no:0-0
Loading file output.dat size 4519608 -- 46
yes yes:0-0 yes:0-1
		++ Iteration 17 done: 376634
>>> setupkernel::finishSR:: active vertices after iteration: 85016
Loading file fd 47 size 680128

[1m[37m>>> bfs::run: graph iteration 18 of bfs started. (85016 active vertices)[0m
SortReduce Starting...
Loading file output.dat size 3798324 -- 48
yes yes:0-0 yes:0-1
		++ Iteration 18 done: 316527
>>> setupkernel::finishSR:: active vertices after iteration: 54880
Loading file fd 49 size 439040

[1m[37m>>> bfs::run: graph iteration 19 of bfs started. (54880 active vertices)[0m
SortReduce Starting...
Loading file output.dat size 2498328 -- 50
yes yes:0-0 yes:0-1
		++ Iteration 19 done: 208194
>>> setupkernel::finishSR:: active vertices after iteration: 45667
Loading file fd 51 size 365336

[1m[37m>>> bfs::run: graph iteration 20 of bfs started. (45667 active vertices)[0m
SortReduce Starting...
Loading file output.dat size 1677528 -- 52
yes yes:0-0 yes:0-1
		++ Iteration 20 done: 139794
>>> setupkernel::finishSR:: active vertices after iteration: 55938
Loading file fd 53 size 447504

[1m[37m>>> bfs::run: graph iteration 21 of bfs started. (55938 active vertices)[0m
SortReduce Starting...
Loading file output.dat size 1131024 -- 54
yes yes:0-0 yes:0-1
		++ Iteration 21 done: 94252
>>> setupkernel::finishSR:: active vertices after iteration: 19779
Loading file fd 55 size 158232

[1m[37m>>> bfs::run: graph iteration 22 of bfs started. (19779 active vertices)[0m
SortReduce Starting...
SortReduce writing inmem directly to file /localtmp/oj2zf/tmpdata_grafboost/output.dat
Loading file output.dat size 526704 -- 56
yes yes:0-0 yes:0-1
		++ Iteration 22 done: 43892
>>> setupkernel::finishSR:: active vertices after iteration: 6519
Loading file fd 57 size 52152

[1m[37m>>> bfs::run: graph iteration 23 of bfs started. (6519 active vertices)[0m
SortReduce Starting...
SortReduce writing inmem directly to file /localtmp/oj2zf/tmpdata_grafboost/output.dat
Loading file output.dat size 415872 -- 58
yes yes:0-0 yes:0-1
		++ Iteration 23 done: 34656
>>> setupkernel::finishSR:: active vertices after iteration: 11786
Loading file fd 59 size 94288

[1m[37m>>> bfs::run: graph iteration 24 of bfs started. (11786 active vertices)[0m
SortReduce Starting...
SortReduce writing inmem directly to file /localtmp/oj2zf/tmpdata_grafboost/output.dat
Loading file output.dat size 306684 -- 60
yes yes:0-0 yes:0-1
		++ Iteration 24 done: 25557
>>> setupkernel::finishSR:: active vertices after iteration: 4047
Loading file fd 61 size 32376

[1m[37m>>> bfs::run: graph iteration 25 of bfs started. (4047 active vertices)[0m
SortReduce Starting...
SortReduce writing inmem directly to file /localtmp/oj2zf/tmpdata_grafboost/output.dat
Loading file output.dat size 54792 -- 62
yes yes:0-0 yes:0-1
		++ Iteration 25 done: 4566
>>> setupkernel::finishSR:: active vertices after iteration: 957
Loading file fd 63 size 7656

[1m[37m>>> bfs::run: graph iteration 26 of bfs started. (957 active vertices)[0m
SortReduce Starting...
SortReduce writing inmem directly to file /localtmp/oj2zf/tmpdata_grafboost/output.dat
Loading file output.dat size 106224 -- 64
yes yes:0-0 yes:0-1
		++ Iteration 26 done: 8852
>>> setupkernel::finishSR:: active vertices after iteration: 6861
Loading file fd 65 size 54888

[1m[37m>>> bfs::run: graph iteration 27 of bfs started. (6861 active vertices)[0m
SortReduce Starting...
SortReduce writing inmem directly to file /localtmp/oj2zf/tmpdata_grafboost/output.dat
Loading file output.dat size 95880 -- 66
yes yes:0-0 yes:0-1
		++ Iteration 27 done: 7990
>>> setupkernel::finishSR:: active vertices after iteration: 585
Loading file fd 67 size 4680

[1m[37m>>> bfs::run: graph iteration 28 of bfs started. (585 active vertices)[0m
SortReduce Starting...
SortReduce writing inmem directly to file /localtmp/oj2zf/tmpdata_grafboost/output.dat
Loading file output.dat size 107232 -- 68
yes yes:0-0 yes:0-1
		++ Iteration 28 done: 8936
>>> setupkernel::finishSR:: active vertices after iteration: 591
Loading file fd 69 size 4728

[1m[37m>>> bfs::run: graph iteration 29 of bfs started. (591 active vertices)[0m
SortReduce Starting...
SortReduce writing inmem directly to file /localtmp/oj2zf/tmpdata_grafboost/output.dat
Loading file output.dat size 25812 -- 70
yes yes:0-0 yes:0-1
		++ Iteration 29 done: 2151
>>> setupkernel::finishSR:: active vertices after iteration: 734
Loading file fd 71 size 5872

[1m[37m>>> bfs::run: graph iteration 30 of bfs started. (734 active vertices)[0m
SortReduce Starting...
SortReduce writing inmem directly to file /localtmp/oj2zf/tmpdata_grafboost/output.dat
Loading file output.dat size 88428 -- 72
yes yes:0-0 yes:0-1
		++ Iteration 30 done: 7369
>>> setupkernel::finishSR:: active vertices after iteration: 5898
Loading file fd 73 size 47184

>>> bfs::start2: finished start2. Time Elapsed: : Time Elapsed = 108329327100[nanao seconds](Iteration 666)
>>> bfs::start2: finished start2. Time Elapsed: : Time Elapsed = 108329327[micro seconds](Iteration 666)
>>> bfs::start2: finished start2. Time Elapsed: : Time Elapsed = 108329[milli seconds](Iteration 666)
>>> bfs::start2: finished start2. Time Elapsed: : Time Elapsed = 108[seconds](Iteration 666)

graph::closetemporaryfilesforwriting : close temporary files for writing...
graph::closetemporaryfilesforreading : close files for reading...
graph::closefilesforreading : close files for reading...
=== STATS::TIMING AND SUMMARY RESULTS FOR ITERATION: 666 === 
>>> stats::summary Total number of kvReads in bank [0]: 99672706
[1m[37m>>> stats::summary Total number of kvReads for all threads: 99672706[0m
[1m[37m>>> stats::summary Total time spent (SSD access): 0 milliseconds[0m
[1m[37m>>> stats::summary Total time spent (SSD access): 0 seconds[0m
[1m[37m>>> stats::summary Total time spent (OCL data transfers): 0 milliseconds[0m
[1m[37m>>> stats::summary Total time spent (OCL data transfers): 0 seconds[0m
[1m[37m>>> stats::summary Total time spent (Kernel Pre Process execution): 1019 milliseconds[0m
[1m[37m>>> stats::summary Total time spent (Kernel Pre Process execution): 1.019 seconds[0m
[1m[37m>>> stats::summary Total time spent (Kernel execution): 96203 milliseconds[0m
[1m[37m>>> stats::summary Total time spent (Kernel execution): 96.203 seconds[0m
[1m[37m>>> stats::summary Total time spent (Kernel Post Process execution): 0 milliseconds[0m
[1m[37m>>> stats::summary Total time spent (Kernel Post Process execution): 0 seconds[0m
[1m[37m>>> stats::summary Total time spent (Overall Kernel execution): 97222 milliseconds[0m
[1m[37m>>> stats::summary Total time spent (Overall Kernel execution): 97.222 seconds[0m
[1m[37m>>> stats::summary Total time spent (Overall processing): 108329 milliseconds[0m
[1m[37m>>> stats::summary Total time spent (Overall processing): 108.329 seconds[0m
[1m[37m>>> stats::summary Total time spent (Overall processing excluding SSD & OCL data transfers): 108329 milliseconds[0m
[1m[37m>>> stats::summary Total time spent (Overall processing excluding SSD & OCL data transfers): 108.329 seconds[0m
[1m[37m>>> stats::summary Throughput (Kernel processing): 1.02521e+06 keyvalues per second[0m
[1m[37m>>> stats::summary Throughput (Kernel processing): 1.02521 million keyvalues per second[0m
[1m[37m>>> stats::summary Throughput (Kernel processing): 8.20166 MB/s[0m
[1m[37m>>> stats::summary Throughput (Overall processing): 1.02521e+06 keyvalues per second[0m
[1m[37m>>> stats::summary Throughput (Overall processing): 1.02521 million keyvalues per second[0m
[1m[37m>>> stats::summary Throughput (Overall processing): 8.20166 MB/s[0m
[1m[37m>>> stats::summary Throughput (Overall processing excluding SSD & OCL data transfers): 920093 keyvalues per second[0m
[1m[37m>>> stats::summary Throughput (Overall processing excluding SSD & OCL data transfers): 0.920093 million keyvalues per second[0m

graph::printdataset: printing dataset parameters...
>>> graphname: indochina-04
>>> graph_path: /localtmp/oj2zf/dataset/indochina-04/indochina-2004.mtx
>>> vertices_path: /localtmp/oj2zf/dataset/indochina-04/indochina-2004.vertices
>>> edges_path: /localtmp/oj2zf/dataset/indochina-04/indochina-2004.edges
>>> vertices_path_bin: /localtmp/oj2zf/dataset/indochina-04/indochina-2004_bin.vertices
>>> edges_path_bin: /localtmp/oj2zf/dataset/indochina-04/indochina-2004_bin.edges
>>> min_vertex: 0
>>> max_vertex: 7414866
>>> num_vertices: 7414866
>>> num_edges: 194109311
>>> graphdirectiontype: 5
>>> graphorder: 6
>>> skewratio: 128
TEST FINISHED
[1m[37m>>> HOSTPROCESS:: TIMING SUMMARY: TOTAL TIME ELAPSED: : Time Elapsed = 108877199164[nanao seconds](Iteration 666)[0m
[1m[37m>>> HOSTPROCESS:: TIMING SUMMARY: TOTAL TIME ELAPSED: : Time Elapsed = 108877199[micro seconds](Iteration 666)[0m
[1m[37m>>> HOSTPROCESS:: TIMING SUMMARY: TOTAL TIME ELAPSED: : Time Elapsed = 108877[milli seconds](Iteration 666)[0m
[1m[37m>>> HOSTPROCESS:: TIMING SUMMARY: TOTAL TIME ELAPSED: : Time Elapsed = 108[seconds](Iteration 666)[0m

