Hostprocess:: Graph Analytics Started...
host:: NUMDRAMBANKS: 4
host:: NUMWORKERS: 1
host:: NUMSUBWORKERS: 3
host:: NUM_PARTITIONS: 16
host:: NUMSUPERCPUTHREADS: 1
host:: NUMCPUTHREADS: 1
host:: NUMSUBCPUTHREADS: 16
host:: NUMUTILITYTHREADS: 16
host:: DATAWIDTH: 512
host:: VECTOR_SIZE: 8
host:: KVDATA_BATCHSIZE: 6000000
host:: KVDATA_BATCHSIZE_KVS: 750000
host:: EDGES_BATCHSIZE: 48000000
host:: EDGES_BATCHSIZE_KVS: 6000000
host:: KVDATA_RANGE: 4194304
host:: KVDATA_RANGE_POW: 22
host:: BATCH_RANGE: 262144
host:: BATCH_RANGE_POW: 18
host:: BATCH_RANGE2: 2048
host:: BATCH_RANGE2_POW: 11
host:: EDGESSZ: 6000000
host:: (float)APPROXTREE_DEPTH: 2
host:: APPROXTREE_DEPTH: 2
host:: TREE_DEPTH: 2
host:: TREE_DEPTH2: 1
host:: NUMSSDPARTITIONS: 16
host:: KVDATA_RANGE_PERSSDPARTITION_POW: 18
host:: KVDATA_RANGE_PERSSDPARTITION: 262144
host:: KVDATA_RANGE_PERSSDPARTITION2_POW: 11
host:: KVDATA_RANGE_PERSSDPARTITION2: 2048
host:: MESSAGES_SIZE: 1024
host:: NUMSSDPARTITIONS: 16
host:: NUMSSDPARTITIONS_POW: 4
host:: MAXNUMSSDPARTITIONS: 16
host:: LOCKE NOT DEFINED
host:: STREAMEDGESSETUP DEFINED
host:: sizeof(keyvalue_t): 8 bytes (64 bits)
host:: sizeof(vertex_t): 4 bytes (32 bits)
host:: sizeof(edge_t): 4 bytes (32 bits)
host:: MESSAGESDRAMSZ: 1024
host:: KVDRAMSZ: 6786432
host:: KVDRAMSZ_KVS: 848304
host:: KVDRAMWORKSPACESZ: 6786432
host:: KVDRAMWORKSPACESZ_KVS: 848304
host:: EDGESSZ: 6000000
host:: EDGESSZ_KVS: 750000
host:: VERTEXPTRSSZ: 4194304
host:: VERTEXPTRSSZ_KVS: 524288
host:: VERTICESDATASZ: 131072
host:: VERTICESDATASZ_KVS: 16384
host:: BASEOFFSET_KVDRAM: 1024
host:: BASEOFFSET_KVDRAM_KVS: 128
host:: BASEOFFSET_KVDRAMWORKSPACE: 6787456
host:: BASEOFFSET_KVDRAMWORKSPACE_KVS: 848432
host:: BASEOFFSET_STATSDRAM: 13573888
host:: BASEOFFSET_EDGESDATA: 13580032
host:: BASEOFFSET_EDGESDATA_KVS: 1697504
host:: BASEOFFSET_VERTEXPTR: 19580032
host:: BASEOFFSET_VERTEXPTR_KVS: 2447504
host:: BASEOFFSET_VERTICESDATA: 23774336
host:: BASEOFFSET_VERTICESDATA_KVS: 2971792
host:: KVSOURCEDRAMSZ: 23905408
host:: KVSOURCEDRAMSZ_KVS: 2988176
host:: PADDEDKVSOURCEDRAMSZ: 23905408
host:: PADDEDKVSOURCEDRAMSZ_KVS: 2988176
>> host:: MESSAGESDRAMSZ (bytes): 8192 bytes
>> host:: KVDRAMBUFFERSZ (bytes): 0 bytes
>> host:: KVDRAMSZ (bytes): 54291456 bytes
>> host:: KVDRAMWORKSPACESZ (bytes): 54291456 bytes
>> host:: KVSTATSDRAMSZ (bytes): 49152 bytes
>> host:: ACTIVEVERTICESSZ (bytes): 0 bytes
>> host:: EDGESSZ (bytes): 48000000 bytes
>> host:: VERTEXPTRSSZ (bytes): 33554432 bytes
>> host:: VERTICESDATASZ (bytes): 1048576 bytes
>> host:: PADDEDKVSOURCEDRAMSZ (bytes): 191243264 bytes
host:: KVSTATSDRAMSZ: 6144
host:: KVDRAMPADDING: 786432
host:: APPLYVERTEXBUFFERSZ: 1024
host:: APPLYVERTEXBUFFERSZ_KVS: 128
host:: APPLYVERTEXBUFFERSZ2: 128
host:: APPLYVERTEXBUFFERSZ2_KVS: 16
host:: NUMLASTLEVELPARTITIONS: 256
host:: NUMLASTLEVELPARTITIONS2: 16
host:: INMEMORYGP enabled 
graph::graph constructor:: datasetid: 30, _numedgebanks: 16
graph::loadalldatasets:: 
graph::loadalldatasets finished. 
graph::printdataset: printing dataset parameters...
>>> graphname: soc-orkut
>>> graph_path: /localtmp/oj2zf/dataset/soc-orkut/soc-orkut.mtx
>>> vertices_path: /localtmp/oj2zf/dataset/soc-orkut/soc-orkut.vertices
>>> edges_path: /localtmp/oj2zf/dataset/soc-orkut/soc-orkut.edges
>>> vertices_path_bin: /localtmp/oj2zf/dataset/soc-orkut/soc-orkut_bin.vertices
>>> edges_path_bin: /localtmp/oj2zf/dataset/soc-orkut/soc-orkut_bin.edges
>>> min_vertex: 0
>>> max_vertex: 2997166
>>> num_vertices: 2997166
>>> num_edges: 106349209
>>> graphdirectiontype: 5
>>> graphorder: 6
>>> skewratio: 128
goclkernel::loadOCLstructures:: inputdata_size_bytes: 191243264
Found Platform
Platform Name: Xilinx
Found Device=xilinx_u280_xdma_201910_1
INFO: Reading /home/oj2zf/Documents/ActsOfAGraph_Kernels/goldenkernelpr4.xclbin
Loading: '/home/oj2zf/Documents/ActsOfAGraph_Kernels/goldenkernelpr4.xclbin'
Creating a kernel [topkernel:{topkernel_1}] for CU(1)
Creating a kernel [topkernel:{topkernel_2}] for CU(2)
Creating a kernel [topkernel:{topkernel_3}] for CU(3)
Creating a kernel [topkernel:{topkernel_4}] for CU(4)
Creating a kernel [topkernel:{topkernel_5}] for CU(5)
Creating a kernel [topkernel:{topkernel_6}] for CU(6)
Creating a kernel [topkernel:{topkernel_7}] for CU(7)
Creating a kernel [topkernel:{topkernel_8}] for CU(8)
Creating a kernel [topkernel:{topkernel_9}] for CU(9)
Creating a kernel [topkernel:{topkernel_10}] for CU(10)
Creating a kernel [topkernel:{topkernel_11}] for CU(11)
Creating a kernel [topkernel:{topkernel_12}] for CU(12)
Creating a kernel [topkernel:{topkernel_13}] for CU(13)
Creating a kernel [topkernel:{topkernel_14}] for CU(14)
Creating a kernel [topkernel:{topkernel_15}] for CU(15)
Creating a kernel [topkernel:{topkernel_16}] for CU(16)
attaching bufferExt 0 to HBM bank: 0
attaching bufferExt 1 to HBM bank: 1
attaching bufferExt 2 to HBM bank: 2
attaching bufferExt 3 to HBM bank: 3
attaching bufferExt 4 to HBM bank: 4
attaching bufferExt 5 to HBM bank: 5
attaching bufferExt 6 to HBM bank: 6
attaching bufferExt 7 to HBM bank: 7
attaching bufferExt 8 to HBM bank: 8
attaching bufferExt 9 to HBM bank: 9
attaching bufferExt 10 to HBM bank: 10
attaching bufferExt 11 to HBM bank: 11
attaching bufferExt 12 to HBM bank: 12
attaching bufferExt 13 to HBM bank: 13
attaching bufferExt 14 to HBM bank: 14
attaching bufferExt 15 to HBM bank: 15
creating buffer for ACTS: 0
creating buffer for ACTS: 1
creating buffer for ACTS: 2
creating buffer for ACTS: 3
creating buffer for ACTS: 4
creating buffer for ACTS: 5
creating buffer for ACTS: 6
creating buffer for ACTS: 7
creating buffer for ACTS: 8
creating buffer for ACTS: 9
creating buffer for ACTS: 10
creating buffer for ACTS: 11
creating buffer for ACTS: 12
creating buffer for ACTS: 13
creating buffer for ACTS: 14
creating buffer for ACTS: 15
pagerank::run:: pagerank algorithm started. 
graph::opentemporaryfilesforwriting : opening temporary files for writing...
Directory already exists.INFO: Successfully opened /localtmp/oj2zf/dataset/soc-orkut/soc-orkut_1by16/soc-orkut.vdata
INFO: Successfully opened /localtmp/oj2zf/dataset/soc-orkut/soc-orkut_1by16/soc-orkut.vproperties
graph::opentemporaryfilesforreading : opening temporary files for reading
INFO: Successfully opened /localtmp/oj2zf/dataset/soc-orkut/soc-orkut_1by16/soc-orkut.vdata
INFO: Successfully opened /localtmp/oj2zf/dataset/soc-orkut/soc-orkut_1by16/soc-orkut.vproperties
generating vertices data... 
generating temp vertices data... 
graph::openfilesforreading : opening files for reading
INFO: Successfully opened /localtmp/oj2zf/dataset/soc-orkut/soc-orkut_1by16/soc-orkut_0_0.vertexptrs
INFO: Successfully opened /localtmp/oj2zf/dataset/soc-orkut/soc-orkut_1by16/soc-orkut_0_1.vertexptrs
INFO: Successfully opened /localtmp/oj2zf/dataset/soc-orkut/soc-orkut_1by16/soc-orkut_0_2.vertexptrs
INFO: Successfully opened /localtmp/oj2zf/dataset/soc-orkut/soc-orkut_1by16/soc-orkut_0_3.vertexptrs
INFO: Successfully opened /localtmp/oj2zf/dataset/soc-orkut/soc-orkut_1by16/soc-orkut_0_4.vertexptrs
INFO: Successfully opened /localtmp/oj2zf/dataset/soc-orkut/soc-orkut_1by16/soc-orkut_0_5.vertexptrs
INFO: Successfully opened /localtmp/oj2zf/dataset/soc-orkut/soc-orkut_1by16/soc-orkut_0_6.vertexptrs
INFO: Successfully opened /localtmp/oj2zf/dataset/soc-orkut/soc-orkut_1by16/soc-orkut_0_7.vertexptrs
INFO: Successfully opened /localtmp/oj2zf/dataset/soc-orkut/soc-orkut_1by16/soc-orkut_0_8.vertexptrs
INFO: Successfully opened /localtmp/oj2zf/dataset/soc-orkut/soc-orkut_1by16/soc-orkut_0_9.vertexptrs
INFO: Successfully opened /localtmp/oj2zf/dataset/soc-orkut/soc-orkut_1by16/soc-orkut_0_10.vertexptrs
INFO: Successfully opened /localtmp/oj2zf/dataset/soc-orkut/soc-orkut_1by16/soc-orkut_0_11.vertexptrs
INFO: Successfully opened /localtmp/oj2zf/dataset/soc-orkut/soc-orkut_1by16/soc-orkut_0_12.vertexptrs
INFO: Successfully opened /localtmp/oj2zf/dataset/soc-orkut/soc-orkut_1by16/soc-orkut_0_13.vertexptrs
INFO: Successfully opened /localtmp/oj2zf/dataset/soc-orkut/soc-orkut_1by16/soc-orkut_0_14.vertexptrs
INFO: Successfully opened /localtmp/oj2zf/dataset/soc-orkut/soc-orkut_1by16/soc-orkut_0_15.vertexptrs
INFO: Successfully opened /localtmp/oj2zf/dataset/soc-orkut/soc-orkut_1by16/soc-orkut_0_0.vertexptrs
INFO: Successfully opened /localtmp/oj2zf/dataset/soc-orkut/soc-orkut_1by16/soc-orkut_0_1.vertexptrs
INFO: Successfully opened /localtmp/oj2zf/dataset/soc-orkut/soc-orkut_1by16/soc-orkut_0_2.vertexptrs
INFO: Successfully opened /localtmp/oj2zf/dataset/soc-orkut/soc-orkut_1by16/soc-orkut_0_3.vertexptrs
INFO: Successfully opened /localtmp/oj2zf/dataset/soc-orkut/soc-orkut_1by16/soc-orkut_0_4.vertexptrs
INFO: Successfully opened /localtmp/oj2zf/dataset/soc-orkut/soc-orkut_1by16/soc-orkut_0_5.vertexptrs
INFO: Successfully opened /localtmp/oj2zf/dataset/soc-orkut/soc-orkut_1by16/soc-orkut_0_6.vertexptrs
INFO: Successfully opened /localtmp/oj2zf/dataset/soc-orkut/soc-orkut_1by16/soc-orkut_0_7.vertexptrs
INFO: Successfully opened /localtmp/oj2zf/dataset/soc-orkut/soc-orkut_1by16/soc-orkut_0_8.vertexptrs
INFO: Successfully opened /localtmp/oj2zf/dataset/soc-orkut/soc-orkut_1by16/soc-orkut_0_9.vertexptrs
INFO: Successfully opened /localtmp/oj2zf/dataset/soc-orkut/soc-orkut_1by16/soc-orkut_0_10.vertexptrs
INFO: Successfully opened /localtmp/oj2zf/dataset/soc-orkut/soc-orkut_1by16/soc-orkut_0_11.vertexptrs
INFO: Successfully opened /localtmp/oj2zf/dataset/soc-orkut/soc-orkut_1by16/soc-orkut_0_12.vertexptrs
INFO: Successfully opened /localtmp/oj2zf/dataset/soc-orkut/soc-orkut_1by16/soc-orkut_0_13.vertexptrs
INFO: Successfully opened /localtmp/oj2zf/dataset/soc-orkut/soc-orkut_1by16/soc-orkut_0_14.vertexptrs
INFO: Successfully opened /localtmp/oj2zf/dataset/soc-orkut/soc-orkut_1by16/soc-orkut_0_15.vertexptrs
INFO: Successfully opened /localtmp/oj2zf/dataset/soc-orkut/soc-orkut_1by16/soc-orkut_0_0.edges
INFO: Successfully opened /localtmp/oj2zf/dataset/soc-orkut/soc-orkut_1by16/soc-orkut_0_1.edges
INFO: Successfully opened /localtmp/oj2zf/dataset/soc-orkut/soc-orkut_1by16/soc-orkut_0_2.edges
INFO: Successfully opened /localtmp/oj2zf/dataset/soc-orkut/soc-orkut_1by16/soc-orkut_0_3.edges
INFO: Successfully opened /localtmp/oj2zf/dataset/soc-orkut/soc-orkut_1by16/soc-orkut_0_4.edges
INFO: Successfully opened /localtmp/oj2zf/dataset/soc-orkut/soc-orkut_1by16/soc-orkut_0_5.edges
INFO: Successfully opened /localtmp/oj2zf/dataset/soc-orkut/soc-orkut_1by16/soc-orkut_0_6.edges
INFO: Successfully opened /localtmp/oj2zf/dataset/soc-orkut/soc-orkut_1by16/soc-orkut_0_7.edges
INFO: Successfully opened /localtmp/oj2zf/dataset/soc-orkut/soc-orkut_1by16/soc-orkut_0_8.edges
INFO: Successfully opened /localtmp/oj2zf/dataset/soc-orkut/soc-orkut_1by16/soc-orkut_0_9.edges
INFO: Successfully opened /localtmp/oj2zf/dataset/soc-orkut/soc-orkut_1by16/soc-orkut_0_10.edges
INFO: Successfully opened /localtmp/oj2zf/dataset/soc-orkut/soc-orkut_1by16/soc-orkut_0_11.edges
INFO: Successfully opened /localtmp/oj2zf/dataset/soc-orkut/soc-orkut_1by16/soc-orkut_0_12.edges
INFO: Successfully opened /localtmp/oj2zf/dataset/soc-orkut/soc-orkut_1by16/soc-orkut_0_13.edges
INFO: Successfully opened /localtmp/oj2zf/dataset/soc-orkut/soc-orkut_1by16/soc-orkut_0_14.edges
INFO: Successfully opened /localtmp/oj2zf/dataset/soc-orkut/soc-orkut_1by16/soc-orkut_0_15.edges
INFO: Successfully opened /localtmp/oj2zf/dataset/soc-orkut/soc-orkut_1by16/soc-orkut_0_0.edges
INFO: Successfully opened /localtmp/oj2zf/dataset/soc-orkut/soc-orkut_1by16/soc-orkut_0_1.edges
INFO: Successfully opened /localtmp/oj2zf/dataset/soc-orkut/soc-orkut_1by16/soc-orkut_0_2.edges
INFO: Successfully opened /localtmp/oj2zf/dataset/soc-orkut/soc-orkut_1by16/soc-orkut_0_3.edges
INFO: Successfully opened /localtmp/oj2zf/dataset/soc-orkut/soc-orkut_1by16/soc-orkut_0_4.edges
INFO: Successfully opened /localtmp/oj2zf/dataset/soc-orkut/soc-orkut_1by16/soc-orkut_0_5.edges
INFO: Successfully opened /localtmp/oj2zf/dataset/soc-orkut/soc-orkut_1by16/soc-orkut_0_6.edges
INFO: Successfully opened /localtmp/oj2zf/dataset/soc-orkut/soc-orkut_1by16/soc-orkut_0_7.edges
INFO: Successfully opened /localtmp/oj2zf/dataset/soc-orkut/soc-orkut_1by16/soc-orkut_0_8.edges
INFO: Successfully opened /localtmp/oj2zf/dataset/soc-orkut/soc-orkut_1by16/soc-orkut_0_9.edges
INFO: Successfully opened /localtmp/oj2zf/dataset/soc-orkut/soc-orkut_1by16/soc-orkut_0_10.edges
INFO: Successfully opened /localtmp/oj2zf/dataset/soc-orkut/soc-orkut_1by16/soc-orkut_0_11.edges
INFO: Successfully opened /localtmp/oj2zf/dataset/soc-orkut/soc-orkut_1by16/soc-orkut_0_12.edges
INFO: Successfully opened /localtmp/oj2zf/dataset/soc-orkut/soc-orkut_1by16/soc-orkut_0_13.edges
INFO: Successfully opened /localtmp/oj2zf/dataset/soc-orkut/soc-orkut_1by16/soc-orkut_0_14.edges
INFO: Successfully opened /localtmp/oj2zf/dataset/soc-orkut/soc-orkut_1by16/soc-orkut_0_15.edges
[1m[37m>>> pagerank::run: graph iteration 0 of pagerank started[0m

[1m[37m>>> pagerank::start2: super iteration: [col: 0][size: 16][step: 1][0m
>>> WorkerThread:: total number of edges in file[0]: 7160975

PP&A:: [col:0][size:16][step:1], [iteration_idx:0][size:1][step:1]
loadmessages:: loading Acts... sizes: [[447557, 447181, 447892, 447274, 447534, 447726, 447642, 447669, 447355, 447423, 447858, 447361, 447686, 447681, 447411, 447721]]
>>> pagerank::start2 Finished: all threads joined...

[1m[37m>>> pagerank::start2: super iteration: [col: 1][size: 16][step: 1][0m
>>> WorkerThread:: total number of edges in file[1]: 7684030

PP&A:: [col:1][size:16][step:1], [iteration_idx:0][size:1][step:1]
loadmessages:: loading Acts... sizes: [[480192, 478064, 482441, 480225, 480250, 480164, 480344, 479852, 480644, 480197, 480171, 480365, 480283, 480261, 480296, 480277]]
>>> pagerank::start2 Finished: all threads joined...

[1m[37m>>> pagerank::start2: super iteration: [col: 2][size: 16][step: 1][0m
>>> WorkerThread:: total number of edges in file[2]: 8054911

PP&A:: [col:2][size:16][step:1], [iteration_idx:0][size:1][step:1]
loadmessages:: loading Acts... sizes: [[503365, 503420, 503450, 503434, 503480, 503303, 503460, 503528, 503405, 503446, 503404, 503436, 503454, 503403, 503445, 503475]]
>>> pagerank::start2 Finished: all threads joined...

[1m[37m>>> pagerank::start2: super iteration: [col: 3][size: 16][step: 1][0m
>>> WorkerThread:: total number of edges in file[3]: 9398942

PP&A:: [col:3][size:16][step:1], [iteration_idx:0][size:1][step:1]
loadmessages:: loading Acts... sizes: [[587112, 587688, 587470, 587416, 587466, 587026, 587853, 587390, 587436, 587446, 587425, 587439, 587263, 587356, 587596, 587559]]
>>> pagerank::start2 Finished: all threads joined...

[1m[37m>>> pagerank::start2: super iteration: [col: 4][size: 16][step: 1][0m
>>> WorkerThread:: total number of edges in file[4]: 13294040

PP&A:: [col:4][size:16][step:1], [iteration_idx:0][size:1][step:1]
loadmessages:: loading Acts... sizes: [[830045, 831525, 830406, 831446, 830907, 830832, 830069, 830666, 831955, 830547, 831137, 830431, 831275, 831009, 830785, 831003]]
>>> pagerank::start2 Finished: all threads joined...

[1m[37m>>> pagerank::start2: super iteration: [col: 5][size: 16][step: 1][0m
>>> WorkerThread:: total number of edges in file[5]: 12040215

PP&A:: [col:5][size:16][step:1], [iteration_idx:0][size:1][step:1]
loadmessages:: loading Acts... sizes: [[752257, 752618, 752612, 752543, 752490, 752391, 752636, 752414, 752569, 752442, 752343, 752628, 752713, 752497, 752449, 752612]]
>>> pagerank::start2 Finished: all threads joined...

[1m[37m>>> pagerank::start2: super iteration: [col: 6][size: 16][step: 1][0m
>>> WorkerThread:: total number of edges in file[6]: 12074132

PP&A:: [col:6][size:16][step:1], [iteration_idx:0][size:1][step:1]
loadmessages:: loading Acts... sizes: [[754475, 754751, 754402, 754767, 754767, 754546, 754711, 754518, 754752, 754563, 754692, 754615, 754619, 754592, 754715, 754646]]
>>> pagerank::start2 Finished: all threads joined...

[1m[37m>>> pagerank::start2: super iteration: [col: 7][size: 16][step: 1][0m
>>> WorkerThread:: total number of edges in file[7]: 9304517

PP&A:: [col:7][size:16][step:1], [iteration_idx:0][size:1][step:1]
loadmessages:: loading Acts... sizes: [[581485, 581579, 581464, 581586, 581545, 581510, 581532, 581542, 581413, 581645, 581537, 581532, 581498, 581571, 581402, 581675]]
>>> pagerank::start2 Finished: all threads joined...

[1m[37m>>> pagerank::start2: super iteration: [col: 8][size: 16][step: 1][0m
>>> WorkerThread:: total number of edges in file[8]: 7623332

PP&A:: [col:8][size:16][step:1], [iteration_idx:0][size:1][step:1]
loadmessages:: loading Acts... sizes: [[476366, 476533, 476446, 476467, 476439, 476491, 476447, 476451, 476465, 476471, 476456, 476463, 476443, 476423, 476418, 476550]]
>>> pagerank::start2 Finished: all threads joined...

[1m[37m>>> pagerank::start2: super iteration: [col: 9][size: 16][step: 1][0m
>>> WorkerThread:: total number of edges in file[9]: 9032578

PP&A:: [col:9][size:16][step:1], [iteration_idx:0][size:1][step:1]
loadmessages:: loading Acts... sizes: [[564479, 564591, 564531, 564539, 564531, 564530, 564508, 564553, 564528, 564530, 564555, 564549, 564523, 564538, 564542, 564549]]
>>> pagerank::start2 Finished: all threads joined...

[1m[37m>>> pagerank::start2: super iteration: [col: 10][size: 16][step: 1][0m
>>> WorkerThread:: total number of edges in file[10]: 7323678

PP&A:: [col:10][size:16][step:1], [iteration_idx:0][size:1][step:1]
loadmessages:: loading Acts... sizes: [[457724, 457730, 457706, 457753, 457722, 457728, 457733, 457726, 457718, 457718, 457729, 457715, 457770, 457727, 457521, 457956]]
>>> pagerank::start2 Finished: all threads joined...

[1m[37m>>> pagerank::start2: super iteration: [col: 11][size: 16][step: 1][0m
>>> WorkerThread:: total number of edges in file[11]: 3357859

PP&A:: [col:11][size:16][step:1], [iteration_idx:0][size:1][step:1]
loadmessages:: loading Acts... sizes: [[209865, 209863, 209869, 209859, 209828, 209910, 209868, 209865, 209865, 209866, 209866, 209868, 209836, 209873, 209839, 209917]]
>>> pagerank::start2 Finished: all threads joined...

[1m[37m>>> pagerank::start2: super iteration: [col: 12][size: 16][step: 1][0m
>>> WorkerThread:: total number of edges in file[12]: 0
>>> pagerank::start2 Finished: all threads joined...

[1m[37m>>> pagerank::start2: super iteration: [col: 13][size: 16][step: 1][0m
>>> WorkerThread:: total number of edges in file[13]: 0
>>> pagerank::start2 Finished: all threads joined...

[1m[37m>>> pagerank::start2: super iteration: [col: 14][size: 16][step: 1][0m
>>> WorkerThread:: total number of edges in file[14]: 0
>>> pagerank::start2 Finished: all threads joined...

[1m[37m>>> pagerank::start2: super iteration: [col: 15][size: 16][step: 1][0m
>>> WorkerThread:: total number of edges in file[15]: 0
>>> pagerank::start2 Finished: all threads joined...
applyvertices2: number of active vertices for next iteration: 0
applyvertices2: number of active vertices for next iteration: 0
applyvertices2: number of active vertices for next iteration: 0
applyvertices2: number of active vertices for next iteration: 0
applyvertices2: number of active vertices for next iteration: 0
applyvertices2: number of active vertices for next iteration: 0
applyvertices2: number of active vertices for next iteration: 0
applyvertices2: number of active vertices for next iteration: 0
applyvertices2: number of active vertices for next iteration: 0
applyvertices2: number of active vertices for next iteration: 0
applyvertices2: number of active vertices for next iteration: 0
applyvertices2: number of active vertices for next iteration: 0
applyvertices2: number of active vertices for next iteration: 0
applyvertices2: number of active vertices for next iteration: 0
applyvertices2: number of active vertices for next iteration: 0
applyvertices2: number of active vertices for next iteration: 0
test::finish destroying memory structures... 
>>> pagerank::run: finished run. Time Elapsed: : Time Elapsed = 5258426925[nanao seconds](Iteration 666)
>>> pagerank::run: finished run. Time Elapsed: : Time Elapsed = 5258426[micro seconds](Iteration 666)
>>> pagerank::run: finished run. Time Elapsed: : Time Elapsed = 5258[milli seconds](Iteration 666)
>>> pagerank::run: finished run. Time Elapsed: : Time Elapsed = 5[seconds](Iteration 666)

graph::closefilesforreading : close files for reading...
graph::closetemporaryfilesforwriting : close temporary files for writing...
graph::closetemporaryfilesforreading : close files for reading...
=== STATS::TIMING AND SUMMARY RESULTS FOR ITERATION: 666 === 
>>> stats::summary Total number of kvReads in bank [0]: 7160971
>>> stats::summary Total number of kvReads in bank [1]: 7684026
>>> stats::summary Total number of kvReads in bank [2]: 8054908
>>> stats::summary Total number of kvReads in bank [3]: 9398941
>>> stats::summary Total number of kvReads in bank [4]: 13294038
>>> stats::summary Total number of kvReads in bank [5]: 12040214
>>> stats::summary Total number of kvReads in bank [6]: 12074131
>>> stats::summary Total number of kvReads in bank [7]: 9304516
>>> stats::summary Total number of kvReads in bank [8]: 7623329
>>> stats::summary Total number of kvReads in bank [9]: 9032576
>>> stats::summary Total number of kvReads in bank [10]: 7323676
>>> stats::summary Total number of kvReads in bank [11]: 3357857
>>> stats::summary Total number of kvReads in bank [12]: 0
>>> stats::summary Total number of kvReads in bank [13]: 0
>>> stats::summary Total number of kvReads in bank [14]: 0
>>> stats::summary Total number of kvReads in bank [15]: 0
[1m[37m>>> stats::summary Total number of kvReads for all threads: 106349183[0m
[1m[37m>>> stats::summary Total time spent (SSD access): 0 milliseconds[0m
[1m[37m>>> stats::summary Total time spent (SSD access): 0 seconds[0m
[1m[37m>>> stats::summary Total time spent (OCL data transfers): 0 milliseconds[0m
[1m[37m>>> stats::summary Total time spent (OCL data transfers): 0 seconds[0m
[1m[37m>>> stats::summary Total time spent (Kernel Pre Process execution): 0 milliseconds[0m
[1m[37m>>> stats::summary Total time spent (Kernel Pre Process execution): 0 seconds[0m
[1m[37m>>> stats::summary Total time spent (Kernel execution): 791 milliseconds[0m
[1m[37m>>> stats::summary Total time spent (Kernel execution): 0.791 seconds[0m
[1m[37m>>> stats::summary Total time spent (Kernel Post Process execution): 210 milliseconds[0m
[1m[37m>>> stats::summary Total time spent (Kernel Post Process execution): 0.21 seconds[0m
[1m[37m>>> stats::summary Total time spent (Overall Kernel execution): 1001 milliseconds[0m
[1m[37m>>> stats::summary Total time spent (Overall Kernel execution): 1.001 seconds[0m
[1m[37m>>> stats::summary Total time spent (Overall processing): 5258 milliseconds[0m
[1m[37m>>> stats::summary Total time spent (Overall processing): 5.258 seconds[0m
[1m[37m>>> stats::summary Total time spent (Overall processing excluding SSD & OCL data transfers): 5258 milliseconds[0m
[1m[37m>>> stats::summary Total time spent (Overall processing excluding SSD & OCL data transfers): 5.258 seconds[0m
[1m[37m>>> stats::summary Throughput (Kernel processing): 1.06243e+08 keyvalues per second[0m
[1m[37m>>> stats::summary Throughput (Kernel processing): 106.243 million keyvalues per second[0m
[1m[37m>>> stats::summary Throughput (Kernel processing): 849.944 MB/s[0m
[1m[37m>>> stats::summary Throughput (Overall processing): 1.06243e+08 keyvalues per second[0m
[1m[37m>>> stats::summary Throughput (Overall processing): 106.243 million keyvalues per second[0m
[1m[37m>>> stats::summary Throughput (Overall processing): 849.944 MB/s[0m
[1m[37m>>> stats::summary Throughput (Overall processing excluding SSD & OCL data transfers): 2.02262e+07 keyvalues per second[0m
[1m[37m>>> stats::summary Throughput (Overall processing excluding SSD & OCL data transfers): 20.2262 million keyvalues per second[0m

graph::printdataset: printing dataset parameters...
>>> graphname: soc-orkut
>>> graph_path: /localtmp/oj2zf/dataset/soc-orkut/soc-orkut.mtx
>>> vertices_path: /localtmp/oj2zf/dataset/soc-orkut/soc-orkut.vertices
>>> edges_path: /localtmp/oj2zf/dataset/soc-orkut/soc-orkut.edges
>>> vertices_path_bin: /localtmp/oj2zf/dataset/soc-orkut/soc-orkut_bin.vertices
>>> edges_path_bin: /localtmp/oj2zf/dataset/soc-orkut/soc-orkut_bin.edges
>>> min_vertex: 0
>>> max_vertex: 2997166
>>> num_vertices: 2997166
>>> num_edges: 106349209
>>> graphdirectiontype: 5
>>> graphorder: 6
>>> skewratio: 128
TEST FINISHED
[1m[37m>>> HOSTPROCESS:: TIMING SUMMARY: TOTAL TIME ELAPSED: : Time Elapsed = 6355979090[nanao seconds](Iteration 666)[0m
[1m[37m>>> HOSTPROCESS:: TIMING SUMMARY: TOTAL TIME ELAPSED: : Time Elapsed = 6355979[micro seconds](Iteration 666)[0m
[1m[37m>>> HOSTPROCESS:: TIMING SUMMARY: TOTAL TIME ELAPSED: : Time Elapsed = 6355[milli seconds](Iteration 666)[0m
[1m[37m>>> HOSTPROCESS:: TIMING SUMMARY: TOTAL TIME ELAPSED: : Time Elapsed = 6[seconds](Iteration 666)[0m

XRT build version: 2.3.1301
Build hash: 192e706aea53163a04c574f9b3fe9ed76b6ca471
Build date: 2019-10-24 20:05:16
Git branch: 2019.2
PID: 13698
UID: 1007
[Mon Nov 23 16:23:29 2020]
HOST: crabtree
EXE: /home/oj2zf/Documents/ActsOfAGraph/host
[XRT] WARNING: Profiling may contain incomplete information. Please ensure all OpenCL objects are released by your host code (e.g., clReleaseProgram()).
