Hostprocess:: Graph Analytics Started...
host:: NUMDRAMBANKS: 4
host:: NUMWORKERS: 1
host:: NUMSUBWORKERS: 3
host:: NUM_PARTITIONS: 16
host:: NUMSUPERCPUTHREADS: 1
host:: NUMCPUTHREADS: 1
host:: NUMSUBCPUTHREADS: 16
host:: NUMUTILITYTHREADS: 16
host:: DATAWIDTH: 512
host:: VECTOR_SIZE: 8
host:: KVDATA_BATCHSIZE: 10000000
host:: KVDATA_BATCHSIZE_KVS: 1250000
host:: EDGES_BATCHSIZE: 80000000
host:: EDGES_BATCHSIZE_KVS: 10000000
host:: KVDATA_RANGE: 33554432
host:: KVDATA_RANGE_POW: 25
host:: BATCH_RANGE: 2097152
host:: BATCH_RANGE_POW: 21
host:: BATCH_RANGE2: 16384
host:: BATCH_RANGE2_POW: 14
host:: EDGESSZ: 0
host:: (float)APPROXTREE_DEPTH: 3
host:: APPROXTREE_DEPTH: 3
host:: TREE_DEPTH: 3
host:: TREE_DEPTH2: 1
host:: NUMSSDPARTITIONS: 16
host:: KVDATA_RANGE_PERSSDPARTITION_POW: 21
host:: KVDATA_RANGE_PERSSDPARTITION: 2097152
host:: KVDATA_RANGE_PERSSDPARTITION2_POW: 14
host:: KVDATA_RANGE_PERSSDPARTITION2: 16384
host:: MESSAGES_SIZE: 1024
host:: NUMSSDPARTITIONS: 16
host:: NUMSSDPARTITIONS_POW: 4
host:: MAXNUMSSDPARTITIONS: 16
host:: LOCKE NOT DEFINED
host:: STREAMEDGESSETUP DEFINED
host:: sizeof(keyvalue_t): 8 bytes (64 bits)
host:: sizeof(vertex_t): 4 bytes (32 bits)
host:: sizeof(edge_t): 4 bytes (32 bits)
host:: MESSAGESDRAMSZ: 1024
host:: KVDRAMSZ: 11311232
host:: KVDRAMSZ_KVS: 1413904
host:: KVDRAMWORKSPACESZ: 11311232
host:: KVDRAMWORKSPACESZ_KVS: 1413904
host:: EDGESSZ: 0
host:: EDGESSZ_KVS: 0
host:: VERTEXPTRSSZ: 0
host:: VERTEXPTRSSZ_KVS: 0
host:: VERTICESDATASZ: 1048576
host:: VERTICESDATASZ_KVS: 131072
host:: BASEOFFSET_KVDRAM: 1024
host:: BASEOFFSET_KVDRAM_KVS: 128
host:: BASEOFFSET_KVDRAMWORKSPACE: 11312256
host:: BASEOFFSET_KVDRAMWORKSPACE_KVS: 1414032
host:: BASEOFFSET_STATSDRAM: 22623488
host:: BASEOFFSET_EDGESDATA: 22754560
host:: BASEOFFSET_EDGESDATA_KVS: 2844320
host:: BASEOFFSET_VERTEXPTR: 22754560
host:: BASEOFFSET_VERTEXPTR_KVS: 2844320
host:: BASEOFFSET_VERTICESDATA: 22754560
host:: BASEOFFSET_VERTICESDATA_KVS: 2844320
host:: KVSOURCEDRAMSZ: 23803136
host:: KVSOURCEDRAMSZ_KVS: 2975392
host:: PADDEDKVSOURCEDRAMSZ: 23803136
host:: PADDEDKVSOURCEDRAMSZ_KVS: 2975392
>> host:: MESSAGESDRAMSZ (bytes): 8192 bytes
>> host:: KVDRAMBUFFERSZ (bytes): 0 bytes
>> host:: KVDRAMSZ (bytes): 90489856 bytes
>> host:: KVDRAMWORKSPACESZ (bytes): 90489856 bytes
>> host:: KVSTATSDRAMSZ (bytes): 1048576 bytes
>> host:: ACTIVEVERTICESSZ (bytes): 0 bytes
>> host:: EDGESSZ (bytes): 0 bytes
>> host:: VERTEXPTRSSZ (bytes): 0 bytes
>> host:: VERTICESDATASZ (bytes): 8388608 bytes
>> host:: PADDEDKVSOURCEDRAMSZ (bytes): 190425088 bytes
host:: KVSTATSDRAMSZ: 131072
host:: KVDRAMPADDING: 1311232
host:: APPLYVERTEXBUFFERSZ: 512
host:: APPLYVERTEXBUFFERSZ_KVS: 64
host:: APPLYVERTEXBUFFERSZ2: 1024
host:: APPLYVERTEXBUFFERSZ2_KVS: 128
host:: NUMLASTLEVELPARTITIONS: 4096
host:: NUMLASTLEVELPARTITIONS2: 16
host:: INMEMORYGP disabled 
graph::graph constructor:: datasetid: 3, _numedgebanks: 16
graph::loadalldatasets:: 
graph::loadalldatasets finished. 
graph::printdataset: printing dataset parameters...
>>> graphname: MOLIERE_2016
>>> graph_path: /localtmp/oj2zf/dataset/MOLIERE_2016/MOLIERE_2016.mtx
>>> vertices_path: /localtmp/oj2zf/dataset/MOLIERE_2016/MOLIERE_2016.vertices
>>> edges_path: /localtmp/oj2zf/dataset/MOLIERE_2016/MOLIERE_2016.edges
>>> vertices_path_bin: /localtmp/oj2zf/dataset/MOLIERE_2016/MOLIERE2016_bin.vertices
>>> edges_path_bin: /localtmp/oj2zf/dataset/MOLIERE_2016/MOLIERE2016_bin.edges
>>> min_vertex: 0
>>> max_vertex: 30239687
>>> num_vertices: 30239687
>>> num_edges: 3338650683
>>> graphdirectiontype: 6
>>> graphorder: 7
>>> skewratio: 128
goclkernel::loadOCLstructures:: inputdata_size_bytes: 190425088
Found Platform
Platform Name: Xilinx
Found Device=xilinx_u280_xdma_201910_1
INFO: Reading /home/oj2zf/Documents/ActsOfAGraph_Kernels/goldenkernelpr4.xclbin
Loading: '/home/oj2zf/Documents/ActsOfAGraph_Kernels/goldenkernelpr4.xclbin'
Creating a kernel [topkernel:{topkernel_1}] for CU(1)
Creating a kernel [topkernel:{topkernel_2}] for CU(2)
Creating a kernel [topkernel:{topkernel_3}] for CU(3)
Creating a kernel [topkernel:{topkernel_4}] for CU(4)
Creating a kernel [topkernel:{topkernel_5}] for CU(5)
Creating a kernel [topkernel:{topkernel_6}] for CU(6)
Creating a kernel [topkernel:{topkernel_7}] for CU(7)
Creating a kernel [topkernel:{topkernel_8}] for CU(8)
Creating a kernel [topkernel:{topkernel_9}] for CU(9)
Creating a kernel [topkernel:{topkernel_10}] for CU(10)
Creating a kernel [topkernel:{topkernel_11}] for CU(11)
Creating a kernel [topkernel:{topkernel_12}] for CU(12)
Creating a kernel [topkernel:{topkernel_13}] for CU(13)
Creating a kernel [topkernel:{topkernel_14}] for CU(14)
Creating a kernel [topkernel:{topkernel_15}] for CU(15)
Creating a kernel [topkernel:{topkernel_16}] for CU(16)
attaching bufferExt 0 to HBM bank: 0
attaching bufferExt 1 to HBM bank: 1
attaching bufferExt 2 to HBM bank: 2
attaching bufferExt 3 to HBM bank: 3
attaching bufferExt 4 to HBM bank: 4
attaching bufferExt 5 to HBM bank: 5
attaching bufferExt 6 to HBM bank: 6
attaching bufferExt 7 to HBM bank: 7
attaching bufferExt 8 to HBM bank: 8
attaching bufferExt 9 to HBM bank: 9
attaching bufferExt 10 to HBM bank: 10
attaching bufferExt 11 to HBM bank: 11
attaching bufferExt 12 to HBM bank: 12
attaching bufferExt 13 to HBM bank: 13
attaching bufferExt 14 to HBM bank: 14
attaching bufferExt 15 to HBM bank: 15
creating buffer for ACTS: 0
creating buffer for ACTS: 1
creating buffer for ACTS: 2
creating buffer for ACTS: 3
creating buffer for ACTS: 4
creating buffer for ACTS: 5
creating buffer for ACTS: 6
creating buffer for ACTS: 7
creating buffer for ACTS: 8
creating buffer for ACTS: 9
creating buffer for ACTS: 10
creating buffer for ACTS: 11
creating buffer for ACTS: 12
creating buffer for ACTS: 13
creating buffer for ACTS: 14
creating buffer for ACTS: 15
pagerank::run:: pagerank algorithm started. 
graph::opentemporaryfilesforwriting : opening temporary files for writing...
Directory already exists.INFO: Successfully opened /localtmp/oj2zf/dataset/MOLIERE_2016/MOLIERE_2016_1by16/MOLIERE_2016.vdata
INFO: Successfully opened /localtmp/oj2zf/dataset/MOLIERE_2016/MOLIERE_2016_1by16/MOLIERE_2016.vproperties
graph::opentemporaryfilesforreading : opening temporary files for reading
INFO: Successfully opened /localtmp/oj2zf/dataset/MOLIERE_2016/MOLIERE_2016_1by16/MOLIERE_2016.vdata
INFO: Successfully opened /localtmp/oj2zf/dataset/MOLIERE_2016/MOLIERE_2016_1by16/MOLIERE_2016.vproperties
generating vertices data... 
generating temp vertices data... 
graph::openfilesforreading : opening files for reading
INFO: Successfully opened /localtmp/oj2zf/dataset/MOLIERE_2016/MOLIERE_2016_1by16/MOLIERE_2016_0_0.vertexptrs
INFO: Successfully opened /localtmp/oj2zf/dataset/MOLIERE_2016/MOLIERE_2016_1by16/MOLIERE_2016_0_1.vertexptrs
INFO: Successfully opened /localtmp/oj2zf/dataset/MOLIERE_2016/MOLIERE_2016_1by16/MOLIERE_2016_0_2.vertexptrs
INFO: Successfully opened /localtmp/oj2zf/dataset/MOLIERE_2016/MOLIERE_2016_1by16/MOLIERE_2016_0_3.vertexptrs
INFO: Successfully opened /localtmp/oj2zf/dataset/MOLIERE_2016/MOLIERE_2016_1by16/MOLIERE_2016_0_4.vertexptrs
INFO: Successfully opened /localtmp/oj2zf/dataset/MOLIERE_2016/MOLIERE_2016_1by16/MOLIERE_2016_0_5.vertexptrs
INFO: Successfully opened /localtmp/oj2zf/dataset/MOLIERE_2016/MOLIERE_2016_1by16/MOLIERE_2016_0_6.vertexptrs
INFO: Successfully opened /localtmp/oj2zf/dataset/MOLIERE_2016/MOLIERE_2016_1by16/MOLIERE_2016_0_7.vertexptrs
INFO: Successfully opened /localtmp/oj2zf/dataset/MOLIERE_2016/MOLIERE_2016_1by16/MOLIERE_2016_0_8.vertexptrs
INFO: Successfully opened /localtmp/oj2zf/dataset/MOLIERE_2016/MOLIERE_2016_1by16/MOLIERE_2016_0_9.vertexptrs
INFO: Successfully opened /localtmp/oj2zf/dataset/MOLIERE_2016/MOLIERE_2016_1by16/MOLIERE_2016_0_10.vertexptrs
INFO: Successfully opened /localtmp/oj2zf/dataset/MOLIERE_2016/MOLIERE_2016_1by16/MOLIERE_2016_0_11.vertexptrs
INFO: Successfully opened /localtmp/oj2zf/dataset/MOLIERE_2016/MOLIERE_2016_1by16/MOLIERE_2016_0_12.vertexptrs
INFO: Successfully opened /localtmp/oj2zf/dataset/MOLIERE_2016/MOLIERE_2016_1by16/MOLIERE_2016_0_13.vertexptrs
INFO: Successfully opened /localtmp/oj2zf/dataset/MOLIERE_2016/MOLIERE_2016_1by16/MOLIERE_2016_0_14.vertexptrs
INFO: Successfully opened /localtmp/oj2zf/dataset/MOLIERE_2016/MOLIERE_2016_1by16/MOLIERE_2016_0_15.vertexptrs
INFO: Successfully opened /localtmp/oj2zf/dataset/MOLIERE_2016/MOLIERE_2016_1by16/MOLIERE_2016_0_0.vertexptrs
INFO: Successfully opened /localtmp/oj2zf/dataset/MOLIERE_2016/MOLIERE_2016_1by16/MOLIERE_2016_0_1.vertexptrs
INFO: Successfully opened /localtmp/oj2zf/dataset/MOLIERE_2016/MOLIERE_2016_1by16/MOLIERE_2016_0_2.vertexptrs
INFO: Successfully opened /localtmp/oj2zf/dataset/MOLIERE_2016/MOLIERE_2016_1by16/MOLIERE_2016_0_3.vertexptrs
INFO: Successfully opened /localtmp/oj2zf/dataset/MOLIERE_2016/MOLIERE_2016_1by16/MOLIERE_2016_0_4.vertexptrs
INFO: Successfully opened /localtmp/oj2zf/dataset/MOLIERE_2016/MOLIERE_2016_1by16/MOLIERE_2016_0_5.vertexptrs
INFO: Successfully opened /localtmp/oj2zf/dataset/MOLIERE_2016/MOLIERE_2016_1by16/MOLIERE_2016_0_6.vertexptrs
INFO: Successfully opened /localtmp/oj2zf/dataset/MOLIERE_2016/MOLIERE_2016_1by16/MOLIERE_2016_0_7.vertexptrs
INFO: Successfully opened /localtmp/oj2zf/dataset/MOLIERE_2016/MOLIERE_2016_1by16/MOLIERE_2016_0_8.vertexptrs
INFO: Successfully opened /localtmp/oj2zf/dataset/MOLIERE_2016/MOLIERE_2016_1by16/MOLIERE_2016_0_9.vertexptrs
INFO: Successfully opened /localtmp/oj2zf/dataset/MOLIERE_2016/MOLIERE_2016_1by16/MOLIERE_2016_0_10.vertexptrs
INFO: Successfully opened /localtmp/oj2zf/dataset/MOLIERE_2016/MOLIERE_2016_1by16/MOLIERE_2016_0_11.vertexptrs
INFO: Successfully opened /localtmp/oj2zf/dataset/MOLIERE_2016/MOLIERE_2016_1by16/MOLIERE_2016_0_12.vertexptrs
INFO: Successfully opened /localtmp/oj2zf/dataset/MOLIERE_2016/MOLIERE_2016_1by16/MOLIERE_2016_0_13.vertexptrs
INFO: Successfully opened /localtmp/oj2zf/dataset/MOLIERE_2016/MOLIERE_2016_1by16/MOLIERE_2016_0_14.vertexptrs
INFO: Successfully opened /localtmp/oj2zf/dataset/MOLIERE_2016/MOLIERE_2016_1by16/MOLIERE_2016_0_15.vertexptrs
INFO: Successfully opened /localtmp/oj2zf/dataset/MOLIERE_2016/MOLIERE_2016_1by16/MOLIERE_2016_0_0.edges
INFO: Successfully opened /localtmp/oj2zf/dataset/MOLIERE_2016/MOLIERE_2016_1by16/MOLIERE_2016_0_1.edges
INFO: Successfully opened /localtmp/oj2zf/dataset/MOLIERE_2016/MOLIERE_2016_1by16/MOLIERE_2016_0_2.edges
INFO: Successfully opened /localtmp/oj2zf/dataset/MOLIERE_2016/MOLIERE_2016_1by16/MOLIERE_2016_0_3.edges
INFO: Successfully opened /localtmp/oj2zf/dataset/MOLIERE_2016/MOLIERE_2016_1by16/MOLIERE_2016_0_4.edges
INFO: Successfully opened /localtmp/oj2zf/dataset/MOLIERE_2016/MOLIERE_2016_1by16/MOLIERE_2016_0_5.edges
INFO: Successfully opened /localtmp/oj2zf/dataset/MOLIERE_2016/MOLIERE_2016_1by16/MOLIERE_2016_0_6.edges
INFO: Successfully opened /localtmp/oj2zf/dataset/MOLIERE_2016/MOLIERE_2016_1by16/MOLIERE_2016_0_7.edges
INFO: Successfully opened /localtmp/oj2zf/dataset/MOLIERE_2016/MOLIERE_2016_1by16/MOLIERE_2016_0_8.edges
INFO: Successfully opened /localtmp/oj2zf/dataset/MOLIERE_2016/MOLIERE_2016_1by16/MOLIERE_2016_0_9.edges
INFO: Successfully opened /localtmp/oj2zf/dataset/MOLIERE_2016/MOLIERE_2016_1by16/MOLIERE_2016_0_10.edges
INFO: Successfully opened /localtmp/oj2zf/dataset/MOLIERE_2016/MOLIERE_2016_1by16/MOLIERE_2016_0_11.edges
INFO: Successfully opened /localtmp/oj2zf/dataset/MOLIERE_2016/MOLIERE_2016_1by16/MOLIERE_2016_0_12.edges
INFO: Successfully opened /localtmp/oj2zf/dataset/MOLIERE_2016/MOLIERE_2016_1by16/MOLIERE_2016_0_13.edges
INFO: Successfully opened /localtmp/oj2zf/dataset/MOLIERE_2016/MOLIERE_2016_1by16/MOLIERE_2016_0_14.edges
INFO: Successfully opened /localtmp/oj2zf/dataset/MOLIERE_2016/MOLIERE_2016_1by16/MOLIERE_2016_0_15.edges
INFO: Successfully opened /localtmp/oj2zf/dataset/MOLIERE_2016/MOLIERE_2016_1by16/MOLIERE_2016_0_0.edges
INFO: Successfully opened /localtmp/oj2zf/dataset/MOLIERE_2016/MOLIERE_2016_1by16/MOLIERE_2016_0_1.edges
INFO: Successfully opened /localtmp/oj2zf/dataset/MOLIERE_2016/MOLIERE_2016_1by16/MOLIERE_2016_0_2.edges
INFO: Successfully opened /localtmp/oj2zf/dataset/MOLIERE_2016/MOLIERE_2016_1by16/MOLIERE_2016_0_3.edges
INFO: Successfully opened /localtmp/oj2zf/dataset/MOLIERE_2016/MOLIERE_2016_1by16/MOLIERE_2016_0_4.edges
INFO: Successfully opened /localtmp/oj2zf/dataset/MOLIERE_2016/MOLIERE_2016_1by16/MOLIERE_2016_0_5.edges
INFO: Successfully opened /localtmp/oj2zf/dataset/MOLIERE_2016/MOLIERE_2016_1by16/MOLIERE_2016_0_6.edges
INFO: Successfully opened /localtmp/oj2zf/dataset/MOLIERE_2016/MOLIERE_2016_1by16/MOLIERE_2016_0_7.edges
INFO: Successfully opened /localtmp/oj2zf/dataset/MOLIERE_2016/MOLIERE_2016_1by16/MOLIERE_2016_0_8.edges
INFO: Successfully opened /localtmp/oj2zf/dataset/MOLIERE_2016/MOLIERE_2016_1by16/MOLIERE_2016_0_9.edges
INFO: Successfully opened /localtmp/oj2zf/dataset/MOLIERE_2016/MOLIERE_2016_1by16/MOLIERE_2016_0_10.edges
INFO: Successfully opened /localtmp/oj2zf/dataset/MOLIERE_2016/MOLIERE_2016_1by16/MOLIERE_2016_0_11.edges
INFO: Successfully opened /localtmp/oj2zf/dataset/MOLIERE_2016/MOLIERE_2016_1by16/MOLIERE_2016_0_12.edges
INFO: Successfully opened /localtmp/oj2zf/dataset/MOLIERE_2016/MOLIERE_2016_1by16/MOLIERE_2016_0_13.edges
INFO: Successfully opened /localtmp/oj2zf/dataset/MOLIERE_2016/MOLIERE_2016_1by16/MOLIERE_2016_0_14.edges
INFO: Successfully opened /localtmp/oj2zf/dataset/MOLIERE_2016/MOLIERE_2016_1by16/MOLIERE_2016_0_15.edges
[1m[37m>>> pagerank::run: graph iteration 0 of pagerank started[0m

[1m[37m>>> pagerank::start2: super iteration: [col: 0][size: 16][step: 1][0m
>>> WorkerThread:: total number of edges in file[0]: 29024283

PP&A:: [col:0][size:16][step:1], [iteration_idx:0][size:1][step:1]
loadmessages:: loading Acts... sizes: [[1813963, 1813941, 1813978, 1814177, 1813845, 1814080, 1814049, 1814010, 1813997, 1814071, 1814003, 1814022, 1814059, 1814020, 1814036, 1814031]]
>>> pagerank::start2 Finished: all threads joined...

[1m[37m>>> pagerank::start2: super iteration: [col: 1][size: 16][step: 1][0m
>>> WorkerThread:: total number of edges in file[1]: 84561855

PP&A:: [col:1][size:16][step:1], [iteration_idx:0][size:2][step:1]
loadmessages:: loading Acts... sizes: [[4999990, 4999775, 5000033, 5000174, 4999819, 5000062, 5000037, 5000069, 4999982, 4999993, 4999885, 5000156, 4999998, 4999968, 4999947, 5000035]]

PP&A:: [col:1][size:16][step:1], [iteration_idx:1][size:2][step:1]
loadmessages:: loading Acts... sizes: [[285047, 285177, 285109, 285130, 285084, 285139, 285071, 285155, 285103, 285145, 285087, 285098, 285125, 285145, 285120, 285125]]
>>> pagerank::start2 Finished: all threads joined...

[1m[37m>>> pagerank::start2: super iteration: [col: 2][size: 16][step: 1][0m
>>> WorkerThread:: total number of edges in file[2]: 124018194

PP&A:: [col:2][size:16][step:1], [iteration_idx:0][size:2][step:1]
loadmessages:: loading Acts... sizes: [[4999677, 5000130, 5000044, 4999919, 5000194, 5000063, 5000010, 5000017, 5000012, 4999938, 4999910, 5000123, 5000059, 5000025, 4999945, 4999874]]

PP&A:: [col:2][size:16][step:1], [iteration_idx:1][size:2][step:1]
loadmessages:: loading Acts... sizes: [[2751038, 2750967, 2751146, 2751207, 2751177, 2751106, 2751207, 2751067, 2751031, 2751311, 2751065, 2751056, 2751164, 2751215, 2751037, 2751230]]
>>> pagerank::start2 Finished: all threads joined...

[1m[37m>>> pagerank::start2: super iteration: [col: 3][size: 16][step: 1][0m
>>> WorkerThread:: total number of edges in file[3]: 166978539

PP&A:: [col:3][size:16][step:1], [iteration_idx:0][size:3][step:1]
loadmessages:: loading Acts... sizes: [[4999922, 4999989, 4999999, 4999911, 5000094, 4999857, 5000194, 4999961, 5000001, 5000043, 5000011, 4999967, 5000026, 4999993, 4999845, 4999973]]

PP&A:: [col:3][size:16][step:1], [iteration_idx:1][size:3][step:1]
loadmessages:: loading Acts... sizes: [[4999828, 5000126, 4999789, 5000192, 5000018, 4999976, 4999983, 4999991, 5000014, 4999876, 5000156, 4999805, 4999995, 5000154, 5000035, 4999981]]

PP&A:: [col:3][size:16][step:1], [iteration_idx:2][size:3][step:1]
loadmessages:: loading Acts... sizes: [[436077, 436129, 436161, 436162, 436241, 436156, 436121, 436179, 436155, 436155, 436157, 436157, 436168, 436142, 436167, 436178]]
>>> pagerank::start2 Finished: all threads joined...

[1m[37m>>> pagerank::start2: super iteration: [col: 4][size: 16][step: 1][0m
>>> WorkerThread:: total number of edges in file[4]: 172789469

PP&A:: [col:4][size:16][step:1], [iteration_idx:0][size:3][step:1]
loadmessages:: loading Acts... sizes: [[4999862, 5000099, 5000063, 4999941, 4999953, 5000091, 5000015, 5000048, 4999798, 5000084, 5000077, 5000035, 4999944, 5000111, 4999956, 4999888]]

PP&A:: [col:4][size:16][step:1], [iteration_idx:1][size:3][step:1]
loadmessages:: loading Acts... sizes: [[5000001, 5000007, 4999995, 4999904, 5000058, 4999979, 5000030, 4999882, 4999916, 5000238, 4999848, 5000109, 5000035, 4999921, 5000049, 4999966]]

PP&A:: [col:4][size:16][step:1], [iteration_idx:2][size:3][step:1]
loadmessages:: loading Acts... sizes: [[799268, 799119, 799212, 799439, 799285, 799475, 799490, 799284, 799305, 799309, 799375, 799354, 799308, 799366, 799294, 799364]]
>>> pagerank::start2 Finished: all threads joined...

[1m[37m>>> pagerank::start2: super iteration: [col: 5][size: 16][step: 1][0m
>>> WorkerThread:: total number of edges in file[5]: 201099521

PP&A:: [col:5][size:16][step:1], [iteration_idx:0][size:3][step:1]
loadmessages:: loading Acts... sizes: [[4999931, 5000047, 4999945, 5000085, 4999865, 5000044, 5000109, 4999990, 5000002, 4999908, 5000042, 4999967, 5000076, 4999939, 5000052, 4999978]]

PP&A:: [col:5][size:16][step:1], [iteration_idx:1][size:3][step:1]
loadmessages:: loading Acts... sizes: [[4999993, 5000018, 4999989, 4999951, 5000051, 5000047, 4999884, 5000076, 5000006, 5000009, 4999972, 5000023, 5000022, 5000045, 5000002, 4999894]]

PP&A:: [col:5][size:16][step:1], [iteration_idx:2][size:3][step:1]
loadmessages:: loading Acts... sizes: [[2568469, 2568807, 2568775, 2568646, 2568749, 2568666, 2568764, 2568673, 2568674, 2568730, 2568755, 2568676, 2568755, 2568694, 2568617, 2568816]]
>>> pagerank::start2 Finished: all threads joined...

[1m[37m>>> pagerank::start2: super iteration: [col: 6][size: 16][step: 1][0m
>>> WorkerThread:: total number of edges in file[6]: 231365707

PP&A:: [col:6][size:16][step:1], [iteration_idx:0][size:3][step:1]
loadmessages:: loading Acts... sizes: [[4999978, 4999992, 4999920, 5000052, 5000049, 4999899, 5000012, 5000104, 4999931, 5000071, 4999894, 5000108, 4999978, 4999983, 4999955, 4999946]]

PP&A:: [col:6][size:16][step:1], [iteration_idx:1][size:3][step:1]
loadmessages:: loading Acts... sizes: [[5000001, 4999819, 5000176, 4999864, 5000058, 4999981, 5000060, 4999907, 5000101, 4999977, 5000038, 5000012, 4999893, 5000097, 4999924, 4999955]]

PP&A:: [col:6][size:16][step:1], [iteration_idx:2][size:3][step:1]
loadmessages:: loading Acts... sizes: [[4460257, 4460401, 4460355, 4460310, 4460349, 4460322, 4460340, 4460494, 4460295, 4460344, 4460394, 4460249, 4460489, 4460307, 4460395, 4460363]]
>>> pagerank::start2 Finished: all threads joined...

[1m[37m>>> pagerank::start2: super iteration: [col: 7][size: 16][step: 1][0m
>>> WorkerThread:: total number of edges in file[7]: 249223241

PP&A:: [col:7][size:16][step:1], [iteration_idx:0][size:4][step:1]
loadmessages:: loading Acts... sizes: [[4999979, 4999985, 4999919, 5000113, 4999981, 4999976, 5000043, 4999998, 4999951, 5000086, 5000000, 4999976, 5000033, 4999887, 5000110, 4999931]]

PP&A:: [col:7][size:16][step:1], [iteration_idx:1][size:4][step:1]
loadmessages:: loading Acts... sizes: [[4999916, 5000075, 5000001, 5000011, 4999957, 5000051, 5000003, 4999913, 5000037, 5000026, 5000115, 4999866, 5000100, 5000068, 4999996, 4999838]]

PP&A:: [col:7][size:16][step:1], [iteration_idx:2][size:4][step:1]
loadmessages:: loading Acts... sizes: [[4999877, 4999984, 5000114, 4999966, 5000027, 4999977, 4999865, 5000158, 5000008, 5000004, 4999786, 5000166, 4999906, 4999985, 5000157, 4999909]]

PP&A:: [col:7][size:16][step:1], [iteration_idx:3][size:4][step:1]
loadmessages:: loading Acts... sizes: [[576266, 576607, 576397, 576397, 576454, 576410, 576524, 576438, 576439, 576434, 576407, 576403, 576418, 576509, 576446, 576444]]
>>> pagerank::start2 Finished: all threads joined...

[1m[37m>>> pagerank::start2: super iteration: [col: 8][size: 16][step: 1][0m
>>> WorkerThread:: total number of edges in file[8]: 289903167

PP&A:: [col:8][size:16][step:1], [iteration_idx:0][size:4][step:1]
loadmessages:: loading Acts... sizes: [[4999982, 5000003, 4999845, 5000146, 4999904, 5000025, 4999989, 5000012, 5000047, 5000023, 4999989, 4999959, 4999930, 5000092, 4999999, 4999912]]

PP&A:: [col:8][size:16][step:1], [iteration_idx:1][size:4][step:1]
loadmessages:: loading Acts... sizes: [[4999911, 5000007, 5000012, 5000074, 4999925, 5000017, 5000053, 4999991, 4999978, 5000003, 5000034, 4999912, 4999952, 4999977, 4999879, 5000072]]

PP&A:: [col:8][size:16][step:1], [iteration_idx:2][size:4][step:1]
loadmessages:: loading Acts... sizes: [[4999958, 5000028, 4999942, 5000079, 4999930, 4999952, 4999937, 5000133, 4999999, 5000000, 4999877, 5000060, 5000021, 4999925, 5000006, 4999974]]

PP&A:: [col:8][size:16][step:1], [iteration_idx:3][size:4][step:1]
loadmessages:: loading Acts... sizes: [[3118921, 3118843, 3118943, 3118855, 3119069, 3118846, 3119028, 3118878, 3119038, 3119010, 3118904, 3118992, 3118802, 3119091, 3118900, 3119007]]
>>> pagerank::start2 Finished: all threads joined...

[1m[37m>>> pagerank::start2: super iteration: [col: 9][size: 16][step: 1][0m
>>> WorkerThread:: total number of edges in file[9]: 344844030

PP&A:: [col:9][size:16][step:1], [iteration_idx:0][size:5][step:1]
loadmessages:: loading Acts... sizes: [[4999981, 5000001, 4999962, 5000013, 4999989, 5000030, 4999990, 5000002, 5000028, 4999984, 4999979, 4999981, 4999971, 4999997, 5000087, 4999950]]

PP&A:: [col:9][size:16][step:1], [iteration_idx:1][size:5][step:1]
loadmessages:: loading Acts... sizes: [[4999955, 4999932, 4999982, 5000061, 5000095, 5000015, 4999865, 5000099, 4999997, 5000045, 4999937, 4999982, 5000049, 5000072, 5000053, 4999817]]

PP&A:: [col:9][size:16][step:1], [iteration_idx:2][size:5][step:1]
loadmessages:: loading Acts... sizes: [[4999980, 5000016, 4999882, 4999985, 5000158, 4999789, 5000028, 5000131, 5000036, 4999982, 4999827, 5000146, 5000084, 4999875, 4999940, 5000032]]

PP&A:: [col:9][size:16][step:1], [iteration_idx:3][size:5][step:1]
loadmessages:: loading Acts... sizes: [[4999972, 5000011, 4999777, 5000096, 5000131, 5000035, 4999786, 5000213, 4999871, 4999967, 4999947, 5000052, 5000042, 4999949, 5000135, 4999844]]

PP&A:: [col:9][size:16][step:1], [iteration_idx:4][size:5][step:1]
loadmessages:: loading Acts... sizes: [[1552663, 1552645, 1552826, 1552701, 1552625, 1552880, 1552740, 1552653, 1552811, 1552671, 1552778, 1552678, 1552783, 1552721, 1552730, 1552778]]
>>> pagerank::start2 Finished: all threads joined...

[1m[37m>>> pagerank::start2: super iteration: [col: 10][size: 16][step: 1][0m
>>> WorkerThread:: total number of edges in file[10]: 829475244

PP&A:: [col:10][size:16][step:1], [iteration_idx:0][size:11][step:1]
loadmessages:: loading Acts... sizes: [[4999940, 5000016, 4999939, 4999971, 5000126, 4999757, 5000222, 4999867, 5000027, 4999847, 5000262, 4999823, 4999860, 5000156, 5000156, 4999973]]

PP&A:: [col:10][size:16][step:1], [iteration_idx:1][size:11][step:1]
loadmessages:: loading Acts... sizes: [[4999994, 4999957, 4999889, 4999834, 5000236, 5000064, 4999949, 4999891, 4999898, 5000170, 4999979, 4999951, 4999997, 5000007, 5000093, 4999799]]

PP&A:: [col:10][size:16][step:1], [iteration_idx:2][size:11][step:1]
loadmessages:: loading Acts... sizes: [[4999746, 4999924, 5000131, 5000114, 4999981, 4999832, 5000084, 5000152, 4999564, 5000327, 4999998, 5000014, 5000018, 4999885, 4999750, 5000412]]

PP&A:: [col:10][size:16][step:1], [iteration_idx:3][size:11][step:1]
loadmessages:: loading Acts... sizes: [[4999737, 5000073, 5000110, 4999914, 5000184, 4999957, 4999656, 5000047, 5000306, 4999906, 4999709, 5000120, 5000317, 4999975, 4999778, 4999962]]

PP&A:: [col:10][size:16][step:1], [iteration_idx:4][size:11][step:1]
loadmessages:: loading Acts... sizes: [[4999956, 5000031, 5000019, 4999772, 5000134, 5000181, 4999738, 5000175, 5000063, 5000092, 4999937, 5000078, 4999773, 5000103, 5000101, 4999765]]

PP&A:: [col:10][size:16][step:1], [iteration_idx:5][size:11][step:1]
loadmessages:: loading Acts... sizes: [[4999919, 4999958, 4999967, 5000110, 4999751, 4999863, 5000386, 5000028, 4999693, 4999877, 5000413, 4999948, 5000054, 4999771, 4999911, 4999918]]

PP&A:: [col:10][size:16][step:1], [iteration_idx:6][size:11][step:1]
loadmessages:: loading Acts... sizes: [[4999703, 4999825, 5000154, 5000279, 5000057, 4999954, 5000107, 4999769, 4999925, 5000253, 5000028, 4999857, 5000035, 5000062, 5000012, 4999790]]

PP&A:: [col:10][size:16][step:1], [iteration_idx:7][size:11][step:1]
loadmessages:: loading Acts... sizes: [[4999643, 5000161, 4999905, 5000234, 5000110, 5000025, 4999672, 5000167, 5000112, 4999885, 4999997, 5000240, 4999810, 4999983, 5000100, 4999744]]

PP&A:: [col:10][size:16][step:1], [iteration_idx:8][size:11][step:1]
loadmessages:: loading Acts... sizes: [[4999872, 4999594, 5000217, 5000155, 5000176, 4999604, 5000438, 4999653, 4999851, 5000242, 4999963, 5000074, 4999910, 5000355, 4999859, 4999719]]

PP&A:: [col:10][size:16][step:1], [iteration_idx:9][size:11][step:1]
loadmessages:: loading Acts... sizes: [[4999564, 4999824, 5000526, 4999603, 5000206, 5000074, 4999911, 5000132, 4999556, 5000560, 4999903, 5000128, 4999842, 4999460, 5000550, 4999665]]

PP&A:: [col:10][size:16][step:1], [iteration_idx:10][size:11][step:1]
loadmessages:: loading Acts... sizes: [[1841957, 1841369, 1843058, 1842099, 1842161, 1842048, 1841949, 1842357, 1841969, 1842050, 1842463, 1841985, 1842259, 1842142, 1842081, 1842226]]
>>> pagerank::start2 Finished: all threads joined...

[1m[37m>>> pagerank::start2: super iteration: [col: 11][size: 16][step: 1][0m
>>> WorkerThread:: total number of edges in file[11]: 204310815

PP&A:: [col:11][size:16][step:1], [iteration_idx:0][size:3][step:1]
loadmessages:: loading Acts... sizes: [[4999987, 5000016, 5000000, 5000001, 4999975, 5000034, 4999985, 5000047, 4999978, 5000004, 5000029, 4999979, 4999983, 5000050, 4999868, 4999698]]

PP&A:: [col:11][size:16][step:1], [iteration_idx:1][size:3][step:1]
loadmessages:: loading Acts... sizes: [[4999752, 5000206, 4999542, 4999976, 5000006, 5000099, 5000085, 5000340, 5000013, 4999903, 4999888, 5000081, 4999896, 5000140, 5000012, 4999654]]

PP&A:: [col:11][size:16][step:1], [iteration_idx:2][size:3][step:1]
loadmessages:: loading Acts... sizes: [[2769179, 2769508, 2769470, 2769243, 2769510, 2769304, 2769406, 2769644, 2769394, 2769343, 2769412, 2769560, 2769260, 2769498, 2769386, 2769532]]
>>> pagerank::start2 Finished: all threads joined...

[1m[37m>>> pagerank::start2: super iteration: [col: 12][size: 16][step: 1][0m
>>> WorkerThread:: total number of edges in file[12]: 319146741

PP&A:: [col:12][size:16][step:1], [iteration_idx:0][size:4][step:1]
loadmessages:: loading Acts... sizes: [[5000014, 5000019, 5000021, 5000032, 5000025, 4999973, 4999864, 5000072, 4999787, 5000233, 5000199, 4999826, 4999849, 5000300, 4999637, 4999888]]

PP&A:: [col:12][size:16][step:1], [iteration_idx:1][size:4][step:1]
loadmessages:: loading Acts... sizes: [[4999715, 5000086, 5000138, 5000010, 4999845, 5000020, 5000124, 4999990, 5000081, 4999470, 5000078, 5000130, 5000043, 4999828, 4999939, 5000009]]

PP&A:: [col:12][size:16][step:1], [iteration_idx:2][size:4][step:1]
loadmessages:: loading Acts... sizes: [[4999539, 5000425, 4999534, 5000369, 4999738, 5000440, 4999621, 4999884, 5000517, 4999587, 5000220, 5000217, 4999592, 5000270, 4999952, 4999764]]

PP&A:: [col:12][size:16][step:1], [iteration_idx:3][size:4][step:1]
loadmessages:: loading Acts... sizes: [[4946119, 4946549, 4946956, 4946467, 4946620, 4946668, 4946864, 4946599, 4946394, 4946661, 4946786, 4946717, 4946457, 4946624, 4946663, 4946773]]
>>> pagerank::start2 Finished: all threads joined...

[1m[37m>>> pagerank::start2: super iteration: [col: 13][size: 16][step: 1][0m
>>> WorkerThread:: total number of edges in file[13]: 89953783

PP&A:: [col:13][size:16][step:1], [iteration_idx:0][size:2][step:1]
loadmessages:: loading Acts... sizes: [[4999925, 5000002, 5000060, 4999927, 5000069, 4999959, 5000035, 4999969, 5000057, 5000007, 4999930, 5000055, 5000054, 5000005, 4999861, 5000020]]

PP&A:: [col:13][size:16][step:1], [iteration_idx:1][size:2][step:1]
loadmessages:: loading Acts... sizes: [[622094, 622054, 622146, 622096, 569963, 666945, 629020, 622443, 621998, 622195, 622125, 622034, 622218, 622087, 622140, 622151]]
>>> pagerank::start2 Finished: all threads joined...

[1m[37m>>> pagerank::start2: super iteration: [col: 14][size: 16][step: 1][0m
>>> WorkerThread:: total number of edges in file[14]: 1956094

PP&A:: [col:14][size:16][step:1], [iteration_idx:0][size:1][step:1]
loadmessages:: loading Acts... sizes: [[121181, 117931, 127648, 122259, 121572, 122936, 122247, 122259, 122097, 122384, 122120, 122424, 122250, 122233, 122223, 122326]]
>>> pagerank::start2 Finished: all threads joined...

[1m[37m>>> pagerank::start2: super iteration: [col: 15][size: 16][step: 1][0m
>>> WorkerThread:: total number of edges in file[15]: 0
>>> pagerank::start2 Finished: all threads joined...
applyvertices2: number of active vertices for next iteration: 0
applyvertices2: number of active vertices for next iteration: 0
applyvertices2: number of active vertices for next iteration: 0
applyvertices2: number of active vertices for next iteration: 0
applyvertices2: number of active vertices for next iteration: 0
applyvertices2: number of active vertices for next iteration: 0
applyvertices2: number of active vertices for next iteration: 0
applyvertices2: number of active vertices for next iteration: 0
applyvertices2: number of active vertices for next iteration: 0
applyvertices2: number of active vertices for next iteration: 0
applyvertices2: number of active vertices for next iteration: 0
applyvertices2: number of active vertices for next iteration: 0
applyvertices2: number of active vertices for next iteration: 0
applyvertices2: number of active vertices for next iteration: 0
applyvertices2: number of active vertices for next iteration: 0
applyvertices2: number of active vertices for next iteration: 0
test::finish destroying memory structures... 
>>> pagerank::run: finished run. Time Elapsed: : Time Elapsed = 63870600259[nanao seconds](Iteration 666)
>>> pagerank::run: finished run. Time Elapsed: : Time Elapsed = 63870600[micro seconds](Iteration 666)
>>> pagerank::run: finished run. Time Elapsed: : Time Elapsed = 63870[milli seconds](Iteration 666)
>>> pagerank::run: finished run. Time Elapsed: : Time Elapsed = 63[seconds](Iteration 666)

graph::closefilesforreading : close files for reading...
graph::closetemporaryfilesforwriting : close temporary files for writing...
graph::closetemporaryfilesforreading : close files for reading...
=== STATS::TIMING AND SUMMARY RESULTS FOR ITERATION: 666 === 
>>> stats::summary Total number of kvReads in bank [0]: 29024282
>>> stats::summary Total number of kvReads in bank [1]: 84561783
>>> stats::summary Total number of kvReads in bank [2]: 124017964
>>> stats::summary Total number of kvReads in bank [3]: 166978210
>>> stats::summary Total number of kvReads in bank [4]: 172789150
>>> stats::summary Total number of kvReads in bank [5]: 201099228
>>> stats::summary Total number of kvReads in bank [6]: 231365399
>>> stats::summary Total number of kvReads in bank [7]: 249222823
>>> stats::summary Total number of kvReads in bank [8]: 289902602
>>> stats::summary Total number of kvReads in bank [9]: 344843303
>>> stats::summary Total number of kvReads in bank [10]: 829471775
>>> stats::summary Total number of kvReads in bank [11]: 204309876
>>> stats::summary Total number of kvReads in bank [12]: 319144831
>>> stats::summary Total number of kvReads in bank [13]: 89953644
>>> stats::summary Total number of kvReads in bank [14]: 1956090
>>> stats::summary Total number of kvReads in bank [15]: 0
[1m[37m>>> stats::summary Total number of kvReads for all threads: 3338640960[0m
[1m[37m>>> stats::summary Total time spent (SSD access): 0 milliseconds[0m
[1m[37m>>> stats::summary Total time spent (SSD access): 0 seconds[0m
[1m[37m>>> stats::summary Total time spent (OCL data transfers): 0 milliseconds[0m
[1m[37m>>> stats::summary Total time spent (OCL data transfers): 0 seconds[0m
[1m[37m>>> stats::summary Total time spent (Kernel Pre Process execution): 6066 milliseconds[0m
[1m[37m>>> stats::summary Total time spent (Kernel Pre Process execution): 6.066 seconds[0m
[1m[37m>>> stats::summary Total time spent (Kernel execution): 28628 milliseconds[0m
[1m[37m>>> stats::summary Total time spent (Kernel execution): 28.628 seconds[0m
[1m[37m>>> stats::summary Total time spent (Kernel Post Process execution): 861 milliseconds[0m
[1m[37m>>> stats::summary Total time spent (Kernel Post Process execution): 0.861 seconds[0m
[1m[37m>>> stats::summary Total time spent (Overall Kernel execution): 35555 milliseconds[0m
[1m[37m>>> stats::summary Total time spent (Overall Kernel execution): 35.555 seconds[0m
[1m[37m>>> stats::summary Total time spent (Overall processing): 63870 milliseconds[0m
[1m[37m>>> stats::summary Total time spent (Overall processing): 63.87 seconds[0m
[1m[37m>>> stats::summary Total time spent (Overall processing excluding SSD & OCL data transfers): 63870 milliseconds[0m
[1m[37m>>> stats::summary Total time spent (Overall processing excluding SSD & OCL data transfers): 63.87 seconds[0m
[1m[37m>>> stats::summary Throughput (Kernel processing): 9.39007e+07 keyvalues per second[0m
[1m[37m>>> stats::summary Throughput (Kernel processing): 93.9007 million keyvalues per second[0m
[1m[37m>>> stats::summary Throughput (Kernel processing): 751.206 MB/s[0m
[1m[37m>>> stats::summary Throughput (Overall processing): 9.39007e+07 keyvalues per second[0m
[1m[37m>>> stats::summary Throughput (Overall processing): 93.9007 million keyvalues per second[0m
[1m[37m>>> stats::summary Throughput (Overall processing): 751.206 MB/s[0m
[1m[37m>>> stats::summary Throughput (Overall processing excluding SSD & OCL data transfers): 5.22724e+07 keyvalues per second[0m
[1m[37m>>> stats::summary Throughput (Overall processing excluding SSD & OCL data transfers): 52.2724 million keyvalues per second[0m

graph::printdataset: printing dataset parameters...
>>> graphname: MOLIERE_2016
>>> graph_path: /localtmp/oj2zf/dataset/MOLIERE_2016/MOLIERE_2016.mtx
>>> vertices_path: /localtmp/oj2zf/dataset/MOLIERE_2016/MOLIERE_2016.vertices
>>> edges_path: /localtmp/oj2zf/dataset/MOLIERE_2016/MOLIERE_2016.edges
>>> vertices_path_bin: /localtmp/oj2zf/dataset/MOLIERE_2016/MOLIERE2016_bin.vertices
>>> edges_path_bin: /localtmp/oj2zf/dataset/MOLIERE_2016/MOLIERE2016_bin.edges
>>> min_vertex: 0
>>> max_vertex: 30239687
>>> num_vertices: 30239687
>>> num_edges: 3338650683
>>> graphdirectiontype: 6
>>> graphorder: 7
>>> skewratio: 128
TEST FINISHED
[1m[37m>>> HOSTPROCESS:: TIMING SUMMARY: TOTAL TIME ELAPSED: : Time Elapsed = 65196419509[nanao seconds](Iteration 666)[0m
[1m[37m>>> HOSTPROCESS:: TIMING SUMMARY: TOTAL TIME ELAPSED: : Time Elapsed = 65196419[micro seconds](Iteration 666)[0m
[1m[37m>>> HOSTPROCESS:: TIMING SUMMARY: TOTAL TIME ELAPSED: : Time Elapsed = 65196[milli seconds](Iteration 666)[0m
[1m[37m>>> HOSTPROCESS:: TIMING SUMMARY: TOTAL TIME ELAPSED: : Time Elapsed = 65[seconds](Iteration 666)[0m

XRT build version: 2.3.1301
Build hash: 192e706aea53163a04c574f9b3fe9ed76b6ca471
Build date: 2019-10-24 20:05:16
Git branch: 2019.2
PID: 19180
UID: 1007
[Mon Nov 23 16:31:14 2020]
HOST: crabtree
EXE: /home/oj2zf/Documents/ActsOfAGraph/host
[XRT] WARNING: Profiling may contain incomplete information. Please ensure all OpenCL objects are released by your host code (e.g., clReleaseProgram()).
