Hostprocess:: Graph Analytics Started...
host:: NUMDRAMBANKS: 4
host:: NUMWORKERS: 1
host:: NUMSUBWORKERS: 3
host:: NUM_PARTITIONS: 16
host:: NUMSUPERCPUTHREADS: 1
host:: NUMCPUTHREADS: 1
host:: NUMSUBCPUTHREADS: 16
host:: NUMUTILITYTHREADS: 16
host:: DATAWIDTH: 512
host:: VECTOR_SIZE: 8
host:: KVDATA_BATCHSIZE: 6000000
host:: KVDATA_BATCHSIZE_KVS: 750000
host:: EDGES_BATCHSIZE: 48000000
host:: EDGES_BATCHSIZE_KVS: 6000000
host:: KVDATA_RANGE: 8388608
host:: KVDATA_RANGE_POW: 23
host:: BATCH_RANGE: 524288
host:: BATCH_RANGE_POW: 19
host:: BATCH_RANGE2: 4096
host:: BATCH_RANGE2_POW: 12
host:: EDGESSZ: 6000000
host:: (float)APPROXTREE_DEPTH: 3
host:: APPROXTREE_DEPTH: 3
host:: TREE_DEPTH: 3
host:: TREE_DEPTH2: 1
host:: NUMSSDPARTITIONS: 16
host:: KVDATA_RANGE_PERSSDPARTITION_POW: 19
host:: KVDATA_RANGE_PERSSDPARTITION: 524288
host:: KVDATA_RANGE_PERSSDPARTITION2_POW: 12
host:: KVDATA_RANGE_PERSSDPARTITION2: 4096
host:: MESSAGES_SIZE: 1024
host:: NUMSSDPARTITIONS: 16
host:: NUMSSDPARTITIONS_POW: 4
host:: MAXNUMSSDPARTITIONS: 16
host:: LOCKE NOT DEFINED
host:: STREAMEDGESSETUP DEFINED
host:: sizeof(keyvalue_t): 8 bytes (64 bits)
host:: sizeof(vertex_t): 4 bytes (32 bits)
host:: sizeof(edge_t): 4 bytes (32 bits)
host:: MESSAGESDRAMSZ: 1024
host:: KVDRAMSZ: 6786432
host:: KVDRAMSZ_KVS: 848304
host:: KVDRAMWORKSPACESZ: 6786432
host:: KVDRAMWORKSPACESZ_KVS: 848304
host:: EDGESSZ: 6000000
host:: EDGESSZ_KVS: 750000
host:: VERTEXPTRSSZ: 8388608
host:: VERTEXPTRSSZ_KVS: 1048576
host:: VERTICESDATASZ: 262144
host:: VERTICESDATASZ_KVS: 32768
host:: BASEOFFSET_KVDRAM: 1024
host:: BASEOFFSET_KVDRAM_KVS: 128
host:: BASEOFFSET_KVDRAMWORKSPACE: 6787456
host:: BASEOFFSET_KVDRAMWORKSPACE_KVS: 848432
host:: BASEOFFSET_STATSDRAM: 13573888
host:: BASEOFFSET_EDGESDATA: 13704960
host:: BASEOFFSET_EDGESDATA_KVS: 1713120
host:: BASEOFFSET_VERTEXPTR: 19704960
host:: BASEOFFSET_VERTEXPTR_KVS: 2463120
host:: BASEOFFSET_VERTICESDATA: 28093568
host:: BASEOFFSET_VERTICESDATA_KVS: 3511696
host:: KVSOURCEDRAMSZ: 28355712
host:: KVSOURCEDRAMSZ_KVS: 3544464
host:: PADDEDKVSOURCEDRAMSZ: 28355712
host:: PADDEDKVSOURCEDRAMSZ_KVS: 3544464
>> host:: MESSAGESDRAMSZ (bytes): 8192 bytes
>> host:: KVDRAMBUFFERSZ (bytes): 0 bytes
>> host:: KVDRAMSZ (bytes): 54291456 bytes
>> host:: KVDRAMWORKSPACESZ (bytes): 54291456 bytes
>> host:: KVSTATSDRAMSZ (bytes): 1048576 bytes
>> host:: ACTIVEVERTICESSZ (bytes): 0 bytes
>> host:: EDGESSZ (bytes): 48000000 bytes
>> host:: VERTEXPTRSSZ (bytes): 67108864 bytes
>> host:: VERTICESDATASZ (bytes): 2097152 bytes
>> host:: PADDEDKVSOURCEDRAMSZ (bytes): 226845696 bytes
host:: KVSTATSDRAMSZ: 131072
host:: KVDRAMPADDING: 786432
host:: APPLYVERTEXBUFFERSZ: 128
host:: APPLYVERTEXBUFFERSZ_KVS: 16
host:: APPLYVERTEXBUFFERSZ2: 256
host:: APPLYVERTEXBUFFERSZ2_KVS: 32
host:: NUMLASTLEVELPARTITIONS: 4096
host:: NUMLASTLEVELPARTITIONS2: 16
host:: INMEMORYGP enabled 
graph::graph constructor:: datasetid: 32, _numedgebanks: 16
graph::loadalldatasets:: 
graph::loadalldatasets finished. 
graph::printdataset: printing dataset parameters...
>>> graphname: indochina-04
>>> graph_path: /localtmp/oj2zf/dataset/indochina-04/indochina-2004.mtx
>>> vertices_path: /localtmp/oj2zf/dataset/indochina-04/indochina-2004.vertices
>>> edges_path: /localtmp/oj2zf/dataset/indochina-04/indochina-2004.edges
>>> vertices_path_bin: /localtmp/oj2zf/dataset/indochina-04/indochina-2004_bin.vertices
>>> edges_path_bin: /localtmp/oj2zf/dataset/indochina-04/indochina-2004_bin.edges
>>> min_vertex: 0
>>> max_vertex: 7414866
>>> num_vertices: 7414866
>>> num_edges: 194109311
>>> graphdirectiontype: 5
>>> graphorder: 6
>>> skewratio: 128
goclkernel::loadOCLstructures:: inputdata_size_bytes: 226845696
Found Platform
Platform Name: Xilinx
Found Device=xilinx_u280_xdma_201910_1
INFO: Reading /home/oj2zf/Documents/ActsOfAGraph_Kernels/goldenkernelpr4.xclbin
Loading: '/home/oj2zf/Documents/ActsOfAGraph_Kernels/goldenkernelpr4.xclbin'
Creating a kernel [topkernel:{topkernel_1}] for CU(1)
Creating a kernel [topkernel:{topkernel_2}] for CU(2)
Creating a kernel [topkernel:{topkernel_3}] for CU(3)
Creating a kernel [topkernel:{topkernel_4}] for CU(4)
Creating a kernel [topkernel:{topkernel_5}] for CU(5)
Creating a kernel [topkernel:{topkernel_6}] for CU(6)
Creating a kernel [topkernel:{topkernel_7}] for CU(7)
Creating a kernel [topkernel:{topkernel_8}] for CU(8)
Creating a kernel [topkernel:{topkernel_9}] for CU(9)
Creating a kernel [topkernel:{topkernel_10}] for CU(10)
Creating a kernel [topkernel:{topkernel_11}] for CU(11)
Creating a kernel [topkernel:{topkernel_12}] for CU(12)
Creating a kernel [topkernel:{topkernel_13}] for CU(13)
Creating a kernel [topkernel:{topkernel_14}] for CU(14)
Creating a kernel [topkernel:{topkernel_15}] for CU(15)
Creating a kernel [topkernel:{topkernel_16}] for CU(16)
attaching bufferExt 0 to HBM bank: 0
attaching bufferExt 1 to HBM bank: 1
attaching bufferExt 2 to HBM bank: 2
attaching bufferExt 3 to HBM bank: 3
attaching bufferExt 4 to HBM bank: 4
attaching bufferExt 5 to HBM bank: 5
attaching bufferExt 6 to HBM bank: 6
attaching bufferExt 7 to HBM bank: 7
attaching bufferExt 8 to HBM bank: 8
attaching bufferExt 9 to HBM bank: 9
attaching bufferExt 10 to HBM bank: 10
attaching bufferExt 11 to HBM bank: 11
attaching bufferExt 12 to HBM bank: 12
attaching bufferExt 13 to HBM bank: 13
attaching bufferExt 14 to HBM bank: 14
attaching bufferExt 15 to HBM bank: 15
creating buffer for ACTS: 0
creating buffer for ACTS: 1
creating buffer for ACTS: 2
creating buffer for ACTS: 3
creating buffer for ACTS: 4
creating buffer for ACTS: 5
creating buffer for ACTS: 6
creating buffer for ACTS: 7
creating buffer for ACTS: 8
creating buffer for ACTS: 9
creating buffer for ACTS: 10
creating buffer for ACTS: 11
creating buffer for ACTS: 12
creating buffer for ACTS: 13
creating buffer for ACTS: 14
creating buffer for ACTS: 15
pagerank::run:: pagerank algorithm started. 
graph::opentemporaryfilesforwriting : opening temporary files for writing...
Directory already exists.INFO: Successfully opened /localtmp/oj2zf/dataset/indochina-04/indochina-04_1by16/indochina-04.vdata
INFO: Successfully opened /localtmp/oj2zf/dataset/indochina-04/indochina-04_1by16/indochina-04.vproperties
graph::opentemporaryfilesforreading : opening temporary files for reading
INFO: Successfully opened /localtmp/oj2zf/dataset/indochina-04/indochina-04_1by16/indochina-04.vdata
INFO: Successfully opened /localtmp/oj2zf/dataset/indochina-04/indochina-04_1by16/indochina-04.vproperties
generating vertices data... 
generating temp vertices data... 
graph::openfilesforreading : opening files for reading
INFO: Successfully opened /localtmp/oj2zf/dataset/indochina-04/indochina-04_1by16/indochina-04_0_0.vertexptrs
INFO: Successfully opened /localtmp/oj2zf/dataset/indochina-04/indochina-04_1by16/indochina-04_0_1.vertexptrs
INFO: Successfully opened /localtmp/oj2zf/dataset/indochina-04/indochina-04_1by16/indochina-04_0_2.vertexptrs
INFO: Successfully opened /localtmp/oj2zf/dataset/indochina-04/indochina-04_1by16/indochina-04_0_3.vertexptrs
INFO: Successfully opened /localtmp/oj2zf/dataset/indochina-04/indochina-04_1by16/indochina-04_0_4.vertexptrs
INFO: Successfully opened /localtmp/oj2zf/dataset/indochina-04/indochina-04_1by16/indochina-04_0_5.vertexptrs
INFO: Successfully opened /localtmp/oj2zf/dataset/indochina-04/indochina-04_1by16/indochina-04_0_6.vertexptrs
INFO: Successfully opened /localtmp/oj2zf/dataset/indochina-04/indochina-04_1by16/indochina-04_0_7.vertexptrs
INFO: Successfully opened /localtmp/oj2zf/dataset/indochina-04/indochina-04_1by16/indochina-04_0_8.vertexptrs
INFO: Successfully opened /localtmp/oj2zf/dataset/indochina-04/indochina-04_1by16/indochina-04_0_9.vertexptrs
INFO: Successfully opened /localtmp/oj2zf/dataset/indochina-04/indochina-04_1by16/indochina-04_0_10.vertexptrs
INFO: Successfully opened /localtmp/oj2zf/dataset/indochina-04/indochina-04_1by16/indochina-04_0_11.vertexptrs
INFO: Successfully opened /localtmp/oj2zf/dataset/indochina-04/indochina-04_1by16/indochina-04_0_12.vertexptrs
INFO: Successfully opened /localtmp/oj2zf/dataset/indochina-04/indochina-04_1by16/indochina-04_0_13.vertexptrs
INFO: Successfully opened /localtmp/oj2zf/dataset/indochina-04/indochina-04_1by16/indochina-04_0_14.vertexptrs
INFO: Successfully opened /localtmp/oj2zf/dataset/indochina-04/indochina-04_1by16/indochina-04_0_15.vertexptrs
INFO: Successfully opened /localtmp/oj2zf/dataset/indochina-04/indochina-04_1by16/indochina-04_0_0.vertexptrs
INFO: Successfully opened /localtmp/oj2zf/dataset/indochina-04/indochina-04_1by16/indochina-04_0_1.vertexptrs
INFO: Successfully opened /localtmp/oj2zf/dataset/indochina-04/indochina-04_1by16/indochina-04_0_2.vertexptrs
INFO: Successfully opened /localtmp/oj2zf/dataset/indochina-04/indochina-04_1by16/indochina-04_0_3.vertexptrs
INFO: Successfully opened /localtmp/oj2zf/dataset/indochina-04/indochina-04_1by16/indochina-04_0_4.vertexptrs
INFO: Successfully opened /localtmp/oj2zf/dataset/indochina-04/indochina-04_1by16/indochina-04_0_5.vertexptrs
INFO: Successfully opened /localtmp/oj2zf/dataset/indochina-04/indochina-04_1by16/indochina-04_0_6.vertexptrs
INFO: Successfully opened /localtmp/oj2zf/dataset/indochina-04/indochina-04_1by16/indochina-04_0_7.vertexptrs
INFO: Successfully opened /localtmp/oj2zf/dataset/indochina-04/indochina-04_1by16/indochina-04_0_8.vertexptrs
INFO: Successfully opened /localtmp/oj2zf/dataset/indochina-04/indochina-04_1by16/indochina-04_0_9.vertexptrs
INFO: Successfully opened /localtmp/oj2zf/dataset/indochina-04/indochina-04_1by16/indochina-04_0_10.vertexptrs
INFO: Successfully opened /localtmp/oj2zf/dataset/indochina-04/indochina-04_1by16/indochina-04_0_11.vertexptrs
INFO: Successfully opened /localtmp/oj2zf/dataset/indochina-04/indochina-04_1by16/indochina-04_0_12.vertexptrs
INFO: Successfully opened /localtmp/oj2zf/dataset/indochina-04/indochina-04_1by16/indochina-04_0_13.vertexptrs
INFO: Successfully opened /localtmp/oj2zf/dataset/indochina-04/indochina-04_1by16/indochina-04_0_14.vertexptrs
INFO: Successfully opened /localtmp/oj2zf/dataset/indochina-04/indochina-04_1by16/indochina-04_0_15.vertexptrs
INFO: Successfully opened /localtmp/oj2zf/dataset/indochina-04/indochina-04_1by16/indochina-04_0_0.edges
INFO: Successfully opened /localtmp/oj2zf/dataset/indochina-04/indochina-04_1by16/indochina-04_0_1.edges
INFO: Successfully opened /localtmp/oj2zf/dataset/indochina-04/indochina-04_1by16/indochina-04_0_2.edges
INFO: Successfully opened /localtmp/oj2zf/dataset/indochina-04/indochina-04_1by16/indochina-04_0_3.edges
INFO: Successfully opened /localtmp/oj2zf/dataset/indochina-04/indochina-04_1by16/indochina-04_0_4.edges
INFO: Successfully opened /localtmp/oj2zf/dataset/indochina-04/indochina-04_1by16/indochina-04_0_5.edges
INFO: Successfully opened /localtmp/oj2zf/dataset/indochina-04/indochina-04_1by16/indochina-04_0_6.edges
INFO: Successfully opened /localtmp/oj2zf/dataset/indochina-04/indochina-04_1by16/indochina-04_0_7.edges
INFO: Successfully opened /localtmp/oj2zf/dataset/indochina-04/indochina-04_1by16/indochina-04_0_8.edges
INFO: Successfully opened /localtmp/oj2zf/dataset/indochina-04/indochina-04_1by16/indochina-04_0_9.edges
INFO: Successfully opened /localtmp/oj2zf/dataset/indochina-04/indochina-04_1by16/indochina-04_0_10.edges
INFO: Successfully opened /localtmp/oj2zf/dataset/indochina-04/indochina-04_1by16/indochina-04_0_11.edges
INFO: Successfully opened /localtmp/oj2zf/dataset/indochina-04/indochina-04_1by16/indochina-04_0_12.edges
INFO: Successfully opened /localtmp/oj2zf/dataset/indochina-04/indochina-04_1by16/indochina-04_0_13.edges
INFO: Successfully opened /localtmp/oj2zf/dataset/indochina-04/indochina-04_1by16/indochina-04_0_14.edges
INFO: Successfully opened /localtmp/oj2zf/dataset/indochina-04/indochina-04_1by16/indochina-04_0_15.edges
INFO: Successfully opened /localtmp/oj2zf/dataset/indochina-04/indochina-04_1by16/indochina-04_0_0.edges
INFO: Successfully opened /localtmp/oj2zf/dataset/indochina-04/indochina-04_1by16/indochina-04_0_1.edges
INFO: Successfully opened /localtmp/oj2zf/dataset/indochina-04/indochina-04_1by16/indochina-04_0_2.edges
INFO: Successfully opened /localtmp/oj2zf/dataset/indochina-04/indochina-04_1by16/indochina-04_0_3.edges
INFO: Successfully opened /localtmp/oj2zf/dataset/indochina-04/indochina-04_1by16/indochina-04_0_4.edges
INFO: Successfully opened /localtmp/oj2zf/dataset/indochina-04/indochina-04_1by16/indochina-04_0_5.edges
INFO: Successfully opened /localtmp/oj2zf/dataset/indochina-04/indochina-04_1by16/indochina-04_0_6.edges
INFO: Successfully opened /localtmp/oj2zf/dataset/indochina-04/indochina-04_1by16/indochina-04_0_7.edges
INFO: Successfully opened /localtmp/oj2zf/dataset/indochina-04/indochina-04_1by16/indochina-04_0_8.edges
INFO: Successfully opened /localtmp/oj2zf/dataset/indochina-04/indochina-04_1by16/indochina-04_0_9.edges
INFO: Successfully opened /localtmp/oj2zf/dataset/indochina-04/indochina-04_1by16/indochina-04_0_10.edges
INFO: Successfully opened /localtmp/oj2zf/dataset/indochina-04/indochina-04_1by16/indochina-04_0_11.edges
INFO: Successfully opened /localtmp/oj2zf/dataset/indochina-04/indochina-04_1by16/indochina-04_0_12.edges
INFO: Successfully opened /localtmp/oj2zf/dataset/indochina-04/indochina-04_1by16/indochina-04_0_13.edges
INFO: Successfully opened /localtmp/oj2zf/dataset/indochina-04/indochina-04_1by16/indochina-04_0_14.edges
INFO: Successfully opened /localtmp/oj2zf/dataset/indochina-04/indochina-04_1by16/indochina-04_0_15.edges
[1m[37m>>> pagerank::run: graph iteration 0 of pagerank started[0m

[1m[37m>>> pagerank::start2: super iteration: [col: 0][size: 16][step: 1][0m
>>> WorkerThread:: total number of edges in file[0]: 7930166

PP&A:: [col:0][size:16][step:1], [iteration_idx:0][size:1][step:1]
loadmessages:: loading Acts... sizes: [[470553, 511993, 504077, 495170, 486198, 505819, 495632, 493463, 489464, 464702, 534882, 495665, 494902, 490846, 482038, 514761]]
>>> pagerank::start2 Finished: all threads joined...

[1m[37m>>> pagerank::start2: super iteration: [col: 1][size: 16][step: 1][0m
>>> WorkerThread:: total number of edges in file[1]: 6843496

PP&A:: [col:1][size:16][step:1], [iteration_idx:0][size:1][step:1]
loadmessages:: loading Acts... sizes: [[426664, 428662, 427735, 427733, 396929, 457574, 423804, 431711, 387926, 468038, 423737, 390859, 468168, 428393, 417648, 437913]]
>>> pagerank::start2 Finished: all threads joined...

[1m[37m>>> pagerank::start2: super iteration: [col: 2][size: 16][step: 1][0m
>>> WorkerThread:: total number of edges in file[2]: 10325420

PP&A:: [col:2][size:16][step:1], [iteration_idx:0][size:1][step:1]
loadmessages:: loading Acts... sizes: [[645334, 645341, 611379, 678962, 642133, 626251, 647625, 665664, 643637, 646931, 592465, 696907, 623634, 668450, 639952, 650754]]
>>> pagerank::start2 Finished: all threads joined...

[1m[37m>>> pagerank::start2: super iteration: [col: 3][size: 16][step: 1][0m
>>> WorkerThread:: total number of edges in file[3]: 11607686

PP&A:: [col:3][size:16][step:1], [iteration_idx:0][size:1][step:1]
loadmessages:: loading Acts... sizes: [[721132, 724257, 731022, 705020, 742960, 721074, 732013, 713812, 737997, 723290, 724258, 728924, 725478, 724827, 725534, 726087]]
>>> pagerank::start2 Finished: all threads joined...

[1m[37m>>> pagerank::start2: super iteration: [col: 4][size: 16][step: 1][0m
>>> WorkerThread:: total number of edges in file[4]: 6711335

PP&A:: [col:4][size:16][step:1], [iteration_idx:0][size:1][step:1]
loadmessages:: loading Acts... sizes: [[419372, 419508, 419485, 405216, 409909, 443111, 419525, 418219, 393198, 443999, 420677, 420761, 419974, 419416, 419404, 419560]]
>>> pagerank::start2 Finished: all threads joined...

[1m[37m>>> pagerank::start2: super iteration: [col: 5][size: 16][step: 1][0m
>>> WorkerThread:: total number of edges in file[5]: 11129934

PP&A:: [col:5][size:16][step:1], [iteration_idx:0][size:1][step:1]
loadmessages:: loading Acts... sizes: [[690877, 700236, 693605, 697113, 696209, 695443, 695434, 696030, 695620, 687781, 693181, 704824, 696681, 684748, 706358, 695793]]
>>> pagerank::start2 Finished: all threads joined...

[1m[37m>>> pagerank::start2: super iteration: [col: 6][size: 16][step: 1][0m
>>> WorkerThread:: total number of edges in file[6]: 7053979

PP&A:: [col:6][size:16][step:1], [iteration_idx:0][size:1][step:1]
loadmessages:: loading Acts... sizes: [[415500, 466205, 440895, 439910, 417019, 421122, 483404, 436423, 447352, 431140, 402056, 489402, 440354, 440602, 434765, 447828]]
>>> pagerank::start2 Finished: all threads joined...

[1m[37m>>> pagerank::start2: super iteration: [col: 7][size: 16][step: 1][0m
>>> WorkerThread:: total number of edges in file[7]: 10789615

PP&A:: [col:7][size:16][step:1], [iteration_idx:0][size:1][step:1]
loadmessages:: loading Acts... sizes: [[674344, 644797, 695737, 682502, 648607, 681436, 692578, 661328, 652890, 709258, 658200, 690453, 667728, 670419, 682668, 676669]]
>>> pagerank::start2 Finished: all threads joined...

[1m[37m>>> pagerank::start2: super iteration: [col: 8][size: 16][step: 1][0m
>>> WorkerThread:: total number of edges in file[8]: 13284918

PP&A:: [col:8][size:16][step:1], [iteration_idx:0][size:1][step:1]
loadmessages:: loading Acts... sizes: [[743622, 847141, 886515, 802933, 865847, 835744, 829782, 829861, 801374, 859575, 829915, 831370, 816817, 843783, 830293, 830345]]
>>> pagerank::start2 Finished: all threads joined...

[1m[37m>>> pagerank::start2: super iteration: [col: 9][size: 16][step: 1][0m
>>> WorkerThread:: total number of edges in file[9]: 10730995

PP&A:: [col:9][size:16][step:1], [iteration_idx:0][size:1][step:1]
loadmessages:: loading Acts... sizes: [[670220, 670595, 664154, 677350, 651271, 666223, 694992, 670670, 669795, 601425, 740859, 670498, 670156, 645546, 639554, 727686]]
>>> pagerank::start2 Finished: all threads joined...

[1m[37m>>> pagerank::start2: super iteration: [col: 10][size: 16][step: 1][0m
>>> WorkerThread:: total number of edges in file[10]: 11634371

PP&A:: [col:10][size:16][step:1], [iteration_idx:0][size:1][step:1]
loadmessages:: loading Acts... sizes: [[727146, 721098, 684305, 766283, 731387, 731528, 728262, 715602, 738689, 724793, 728926, 712661, 738892, 730496, 724783, 729469]]
>>> pagerank::start2 Finished: all threads joined...

[1m[37m>>> pagerank::start2: super iteration: [col: 11][size: 16][step: 1][0m
>>> WorkerThread:: total number of edges in file[11]: 59628218

PP&A:: [col:11][size:16][step:1], [iteration_idx:0][size:2][step:1]
loadmessages:: loading Acts... sizes: [[2996868, 2948592, 3040757, 3004855, 3003765, 3002931, 3002996, 3002948, 3002319, 3000989, 2999562, 2969135, 3011942, 3011211, 3010050, 2953568]]

PP&A:: [col:11][size:16][step:1], [iteration_idx:1][size:2][step:1]
loadmessages:: loading Acts... sizes: [[724350, 724314, 724353, 724314, 724386, 724285, 724178, 724001, 723902, 723717, 739703, 725673, 725958, 725175, 721979, 729737]]
>>> pagerank::start2 Finished: all threads joined...

[1m[37m>>> pagerank::start2: super iteration: [col: 12][size: 16][step: 1][0m
>>> WorkerThread:: total number of edges in file[12]: 10930600

PP&A:: [col:12][size:16][step:1], [iteration_idx:0][size:1][step:1]
loadmessages:: loading Acts... sizes: [[661577, 704662, 667246, 697374, 681386, 686482, 669599, 644952, 727371, 690832, 671296, 681503, 696577, 683398, 675332, 691012]]
>>> pagerank::start2 Finished: all threads joined...

[1m[37m>>> pagerank::start2: super iteration: [col: 13][size: 16][step: 1][0m
>>> WorkerThread:: total number of edges in file[13]: 13982751

PP&A:: [col:13][size:16][step:1], [iteration_idx:0][size:1][step:1]
loadmessages:: loading Acts... sizes: [[869964, 877655, 873604, 868110, 874592, 786714, 966750, 869750, 856561, 891740, 820639, 701858, 1102872, 873877, 874123, 873941]]
>>> pagerank::start2 Finished: all threads joined...

[1m[37m>>> pagerank::start2: super iteration: [col: 14][size: 16][step: 1][0m
>>> WorkerThread:: total number of edges in file[14]: 1525827

PP&A:: [col:14][size:16][step:1], [iteration_idx:0][size:1][step:1]
loadmessages:: loading Acts... sizes: [[95343, 94990, 95632, 95487, 46026, 144690, 95283, 35546, 79482, 170791, 95711, 95365, 94363, 94770, 96787, 95557]]
>>> pagerank::start2 Finished: all threads joined...

[1m[37m>>> pagerank::start2: super iteration: [col: 15][size: 16][step: 1][0m
>>> WorkerThread:: total number of edges in file[15]: 0
>>> pagerank::start2 Finished: all threads joined...
applyvertices2: number of active vertices for next iteration: 0
applyvertices2: number of active vertices for next iteration: 0
applyvertices2: number of active vertices for next iteration: 0
applyvertices2: number of active vertices for next iteration: 0
applyvertices2: number of active vertices for next iteration: 0
applyvertices2: number of active vertices for next iteration: 0
applyvertices2: number of active vertices for next iteration: 0
applyvertices2: number of active vertices for next iteration: 0
applyvertices2: number of active vertices for next iteration: 0
applyvertices2: number of active vertices for next iteration: 0
applyvertices2: number of active vertices for next iteration: 0
applyvertices2: number of active vertices for next iteration: 0
applyvertices2: number of active vertices for next iteration: 0
applyvertices2: number of active vertices for next iteration: 0
applyvertices2: number of active vertices for next iteration: 0
applyvertices2: number of active vertices for next iteration: 0
test::finish destroying memory structures... 
>>> pagerank::run: finished run. Time Elapsed: : Time Elapsed = 14174564848[nanao seconds](Iteration 666)
>>> pagerank::run: finished run. Time Elapsed: : Time Elapsed = 14174564[micro seconds](Iteration 666)
>>> pagerank::run: finished run. Time Elapsed: : Time Elapsed = 14174[milli seconds](Iteration 666)
>>> pagerank::run: finished run. Time Elapsed: : Time Elapsed = 14[seconds](Iteration 666)

graph::closefilesforreading : close files for reading...
graph::closetemporaryfilesforwriting : close temporary files for writing...
graph::closetemporaryfilesforreading : close files for reading...
=== STATS::TIMING AND SUMMARY RESULTS FOR ITERATION: 666 === 
>>> stats::summary Total number of kvReads in bank [0]: 7930165
>>> stats::summary Total number of kvReads in bank [1]: 6843494
>>> stats::summary Total number of kvReads in bank [2]: 10325419
>>> stats::summary Total number of kvReads in bank [3]: 11607685
>>> stats::summary Total number of kvReads in bank [4]: 6711334
>>> stats::summary Total number of kvReads in bank [5]: 11129933
>>> stats::summary Total number of kvReads in bank [6]: 7053977
>>> stats::summary Total number of kvReads in bank [7]: 10789614
>>> stats::summary Total number of kvReads in bank [8]: 13284917
>>> stats::summary Total number of kvReads in bank [9]: 10730994
>>> stats::summary Total number of kvReads in bank [10]: 11634320
>>> stats::summary Total number of kvReads in bank [11]: 59572513
>>> stats::summary Total number of kvReads in bank [12]: 10930599
>>> stats::summary Total number of kvReads in bank [13]: 13982750
>>> stats::summary Total number of kvReads in bank [14]: 1525823
>>> stats::summary Total number of kvReads in bank [15]: 0
[1m[37m>>> stats::summary Total number of kvReads for all threads: 194053537[0m
[1m[37m>>> stats::summary Total time spent (SSD access): 0 milliseconds[0m
[1m[37m>>> stats::summary Total time spent (SSD access): 0 seconds[0m
[1m[37m>>> stats::summary Total time spent (OCL data transfers): 0 milliseconds[0m
[1m[37m>>> stats::summary Total time spent (OCL data transfers): 0 seconds[0m
[1m[37m>>> stats::summary Total time spent (Kernel Pre Process execution): 0 milliseconds[0m
[1m[37m>>> stats::summary Total time spent (Kernel Pre Process execution): 0 seconds[0m
[1m[37m>>> stats::summary Total time spent (Kernel execution): 2655 milliseconds[0m
[1m[37m>>> stats::summary Total time spent (Kernel execution): 2.655 seconds[0m
[1m[37m>>> stats::summary Total time spent (Kernel Post Process execution): 344 milliseconds[0m
[1m[37m>>> stats::summary Total time spent (Kernel Post Process execution): 0.344 seconds[0m
[1m[37m>>> stats::summary Total time spent (Overall Kernel execution): 2999 milliseconds[0m
[1m[37m>>> stats::summary Total time spent (Overall Kernel execution): 2.999 seconds[0m
[1m[37m>>> stats::summary Total time spent (Overall processing): 14174 milliseconds[0m
[1m[37m>>> stats::summary Total time spent (Overall processing): 14.174 seconds[0m
[1m[37m>>> stats::summary Total time spent (Overall processing excluding SSD & OCL data transfers): 14174 milliseconds[0m
[1m[37m>>> stats::summary Total time spent (Overall processing excluding SSD & OCL data transfers): 14.174 seconds[0m
[1m[37m>>> stats::summary Throughput (Kernel processing): 6.47061e+07 keyvalues per second[0m
[1m[37m>>> stats::summary Throughput (Kernel processing): 64.7061 million keyvalues per second[0m
[1m[37m>>> stats::summary Throughput (Kernel processing): 517.649 MB/s[0m
[1m[37m>>> stats::summary Throughput (Overall processing): 6.47061e+07 keyvalues per second[0m
[1m[37m>>> stats::summary Throughput (Overall processing): 64.7061 million keyvalues per second[0m
[1m[37m>>> stats::summary Throughput (Overall processing): 517.649 MB/s[0m
[1m[37m>>> stats::summary Throughput (Overall processing excluding SSD & OCL data transfers): 1.36908e+07 keyvalues per second[0m
[1m[37m>>> stats::summary Throughput (Overall processing excluding SSD & OCL data transfers): 13.6908 million keyvalues per second[0m

graph::printdataset: printing dataset parameters...
>>> graphname: indochina-04
>>> graph_path: /localtmp/oj2zf/dataset/indochina-04/indochina-2004.mtx
>>> vertices_path: /localtmp/oj2zf/dataset/indochina-04/indochina-2004.vertices
>>> edges_path: /localtmp/oj2zf/dataset/indochina-04/indochina-2004.edges
>>> vertices_path_bin: /localtmp/oj2zf/dataset/indochina-04/indochina-2004_bin.vertices
>>> edges_path_bin: /localtmp/oj2zf/dataset/indochina-04/indochina-2004_bin.edges
>>> min_vertex: 0
>>> max_vertex: 7414866
>>> num_vertices: 7414866
>>> num_edges: 194109311
>>> graphdirectiontype: 5
>>> graphorder: 6
>>> skewratio: 128
TEST FINISHED
[1m[37m>>> HOSTPROCESS:: TIMING SUMMARY: TOTAL TIME ELAPSED: : Time Elapsed = 15482467827[nanao seconds](Iteration 666)[0m
[1m[37m>>> HOSTPROCESS:: TIMING SUMMARY: TOTAL TIME ELAPSED: : Time Elapsed = 15482467[micro seconds](Iteration 666)[0m
[1m[37m>>> HOSTPROCESS:: TIMING SUMMARY: TOTAL TIME ELAPSED: : Time Elapsed = 15482[milli seconds](Iteration 666)[0m
[1m[37m>>> HOSTPROCESS:: TIMING SUMMARY: TOTAL TIME ELAPSED: : Time Elapsed = 15[seconds](Iteration 666)[0m

XRT build version: 2.3.1301
Build hash: 192e706aea53163a04c574f9b3fe9ed76b6ca471
Build date: 2019-10-24 20:05:16
Git branch: 2019.2
PID: 14883
UID: 1007
[Mon Nov 23 16:25:08 2020]
HOST: crabtree
EXE: /home/oj2zf/Documents/ActsOfAGraph/host
[XRT] WARNING: Profiling may contain incomplete information. Please ensure all OpenCL objects are released by your host code (e.g., clReleaseProgram()).
