Hostprocess:: Graph Analytics Started...
host:: NUMDRAMBANKS: 4
host:: NUMWORKERS: 1
host:: NUMSUBWORKERS: 3
host:: NUM_PARTITIONS: 16
host:: NUMSUPERCPUTHREADS: 1
host:: NUMCPUTHREADS: 1
host:: NUMSUBCPUTHREADS: 16
host:: NUMUTILITYTHREADS: 16
host:: DATAWIDTH: 512
host:: VECTOR_SIZE: 8
host:: KVDATA_BATCHSIZE: 6000000
host:: KVDATA_BATCHSIZE_KVS: 750000
host:: EDGES_BATCHSIZE: 48000000
host:: EDGES_BATCHSIZE_KVS: 6000000
host:: KVDATA_RANGE: 2097152
host:: KVDATA_RANGE_POW: 21
host:: BATCH_RANGE: 131072
host:: BATCH_RANGE_POW: 17
host:: BATCH_RANGE2: 1024
host:: BATCH_RANGE2_POW: 10
host:: EDGESSZ: 6000000
host:: (float)APPROXTREE_DEPTH: 2
host:: APPROXTREE_DEPTH: 2
host:: TREE_DEPTH: 2
host:: TREE_DEPTH2: 0
host:: NUMSSDPARTITIONS: 16
host:: KVDATA_RANGE_PERSSDPARTITION_POW: 17
host:: KVDATA_RANGE_PERSSDPARTITION: 131072
host:: KVDATA_RANGE_PERSSDPARTITION2_POW: 10
host:: KVDATA_RANGE_PERSSDPARTITION2: 1024
host:: MESSAGES_SIZE: 1024
host:: NUMSSDPARTITIONS: 16
host:: NUMSSDPARTITIONS_POW: 4
host:: MAXNUMSSDPARTITIONS: 16
host:: LOCKE NOT DEFINED
host:: STREAMEDGESSETUP DEFINED
host:: sizeof(keyvalue_t): 8 bytes (64 bits)
host:: sizeof(vertex_t): 4 bytes (32 bits)
host:: sizeof(edge_t): 4 bytes (32 bits)
host:: MESSAGESDRAMSZ: 1024
host:: KVDRAMSZ: 6786432
host:: KVDRAMSZ_KVS: 848304
host:: KVDRAMWORKSPACESZ: 6786432
host:: KVDRAMWORKSPACESZ_KVS: 848304
host:: EDGESSZ: 6000000
host:: EDGESSZ_KVS: 750000
host:: VERTEXPTRSSZ: 2097152
host:: VERTEXPTRSSZ_KVS: 262144
host:: VERTICESDATASZ: 65536
host:: VERTICESDATASZ_KVS: 8192
host:: BASEOFFSET_KVDRAM: 1024
host:: BASEOFFSET_KVDRAM_KVS: 128
host:: BASEOFFSET_KVDRAMWORKSPACE: 6787456
host:: BASEOFFSET_KVDRAMWORKSPACE_KVS: 848432
host:: BASEOFFSET_STATSDRAM: 13573888
host:: BASEOFFSET_EDGESDATA: 13580032
host:: BASEOFFSET_EDGESDATA_KVS: 1697504
host:: BASEOFFSET_VERTEXPTR: 19580032
host:: BASEOFFSET_VERTEXPTR_KVS: 2447504
host:: BASEOFFSET_VERTICESDATA: 21677184
host:: BASEOFFSET_VERTICESDATA_KVS: 2709648
host:: KVSOURCEDRAMSZ: 21742720
host:: KVSOURCEDRAMSZ_KVS: 2717840
host:: PADDEDKVSOURCEDRAMSZ: 21742720
host:: PADDEDKVSOURCEDRAMSZ_KVS: 2717840
>> host:: MESSAGESDRAMSZ (bytes): 8192 bytes
>> host:: KVDRAMBUFFERSZ (bytes): 0 bytes
>> host:: KVDRAMSZ (bytes): 54291456 bytes
>> host:: KVDRAMWORKSPACESZ (bytes): 54291456 bytes
>> host:: KVSTATSDRAMSZ (bytes): 49152 bytes
>> host:: ACTIVEVERTICESSZ (bytes): 0 bytes
>> host:: EDGESSZ (bytes): 48000000 bytes
>> host:: VERTEXPTRSSZ (bytes): 16777216 bytes
>> host:: VERTICESDATASZ (bytes): 524288 bytes
>> host:: PADDEDKVSOURCEDRAMSZ (bytes): 173941760 bytes
host:: KVSTATSDRAMSZ: 6144
host:: KVDRAMPADDING: 786432
host:: APPLYVERTEXBUFFERSZ: 512
host:: APPLYVERTEXBUFFERSZ_KVS: 64
host:: APPLYVERTEXBUFFERSZ2: 1024
host:: APPLYVERTEXBUFFERSZ2_KVS: 128
host:: NUMLASTLEVELPARTITIONS: 256
host:: NUMLASTLEVELPARTITIONS2: 1
host:: INMEMORYGP enabled 
graph::graph constructor:: datasetid: 35, _numedgebanks: 16
graph::loadalldatasets:: 
graph::loadalldatasets finished. 
graph::printdataset: printing dataset parameters...
>>> graphname: roadNet-CA
>>> graph_path: /localtmp/oj2zf/dataset/roadNet-CA/roadNet-CA.mtx
>>> vertices_path: /localtmp/oj2zf/dataset/roadNet-CA/roadNet-CA.vertices
>>> edges_path: /localtmp/oj2zf/dataset/roadNet-CA/roadNet-CA.edges
>>> vertices_path_bin: /localtmp/oj2zf/dataset/roadNet-CA/roadNet-CA_bin.vertices
>>> edges_path_bin: /localtmp/oj2zf/dataset/roadNet-CA/roadNet-CA_bin.edges
>>> min_vertex: 0
>>> max_vertex: 1971281
>>> num_vertices: 1971281
>>> num_edges: 2766607
>>> graphdirectiontype: 5
>>> graphorder: 6
>>> skewratio: 128
goclkernel::loadOCLstructures:: inputdata_size_bytes: 173941760
Found Platform
Platform Name: Xilinx
Found Device=xilinx_u280_xdma_201910_1
INFO: Reading /home/oj2zf/Documents/ActsOfAGraph_Kernels/goldenkernelpr4.xclbin
Loading: '/home/oj2zf/Documents/ActsOfAGraph_Kernels/goldenkernelpr4.xclbin'
Creating a kernel [topkernel:{topkernel_1}] for CU(1)
Creating a kernel [topkernel:{topkernel_2}] for CU(2)
Creating a kernel [topkernel:{topkernel_3}] for CU(3)
Creating a kernel [topkernel:{topkernel_4}] for CU(4)
Creating a kernel [topkernel:{topkernel_5}] for CU(5)
Creating a kernel [topkernel:{topkernel_6}] for CU(6)
Creating a kernel [topkernel:{topkernel_7}] for CU(7)
Creating a kernel [topkernel:{topkernel_8}] for CU(8)
Creating a kernel [topkernel:{topkernel_9}] for CU(9)
Creating a kernel [topkernel:{topkernel_10}] for CU(10)
Creating a kernel [topkernel:{topkernel_11}] for CU(11)
Creating a kernel [topkernel:{topkernel_12}] for CU(12)
Creating a kernel [topkernel:{topkernel_13}] for CU(13)
Creating a kernel [topkernel:{topkernel_14}] for CU(14)
Creating a kernel [topkernel:{topkernel_15}] for CU(15)
Creating a kernel [topkernel:{topkernel_16}] for CU(16)
attaching bufferExt 0 to HBM bank: 0
attaching bufferExt 1 to HBM bank: 1
attaching bufferExt 2 to HBM bank: 2
attaching bufferExt 3 to HBM bank: 3
attaching bufferExt 4 to HBM bank: 4
attaching bufferExt 5 to HBM bank: 5
attaching bufferExt 6 to HBM bank: 6
attaching bufferExt 7 to HBM bank: 7
attaching bufferExt 8 to HBM bank: 8
attaching bufferExt 9 to HBM bank: 9
attaching bufferExt 10 to HBM bank: 10
attaching bufferExt 11 to HBM bank: 11
attaching bufferExt 12 to HBM bank: 12
attaching bufferExt 13 to HBM bank: 13
attaching bufferExt 14 to HBM bank: 14
attaching bufferExt 15 to HBM bank: 15
creating buffer for ACTS: 0
creating buffer for ACTS: 1
creating buffer for ACTS: 2
creating buffer for ACTS: 3
creating buffer for ACTS: 4
creating buffer for ACTS: 5
creating buffer for ACTS: 6
creating buffer for ACTS: 7
creating buffer for ACTS: 8
creating buffer for ACTS: 9
creating buffer for ACTS: 10
creating buffer for ACTS: 11
creating buffer for ACTS: 12
creating buffer for ACTS: 13
creating buffer for ACTS: 14
creating buffer for ACTS: 15
pagerank::run:: pagerank algorithm started. 
graph::opentemporaryfilesforwriting : opening temporary files for writing...
Directory already exists.INFO: Successfully opened /localtmp/oj2zf/dataset/roadNet-CA/roadNet-CA_1by16/roadNet-CA.vdata
INFO: Successfully opened /localtmp/oj2zf/dataset/roadNet-CA/roadNet-CA_1by16/roadNet-CA.vproperties
graph::opentemporaryfilesforreading : opening temporary files for reading
INFO: Successfully opened /localtmp/oj2zf/dataset/roadNet-CA/roadNet-CA_1by16/roadNet-CA.vdata
INFO: Successfully opened /localtmp/oj2zf/dataset/roadNet-CA/roadNet-CA_1by16/roadNet-CA.vproperties
generating vertices data... 
generating temp vertices data... 
graph::openfilesforreading : opening files for reading
INFO: Successfully opened /localtmp/oj2zf/dataset/roadNet-CA/roadNet-CA_1by16/roadNet-CA_0_0.vertexptrs
INFO: Successfully opened /localtmp/oj2zf/dataset/roadNet-CA/roadNet-CA_1by16/roadNet-CA_0_1.vertexptrs
INFO: Successfully opened /localtmp/oj2zf/dataset/roadNet-CA/roadNet-CA_1by16/roadNet-CA_0_2.vertexptrs
INFO: Successfully opened /localtmp/oj2zf/dataset/roadNet-CA/roadNet-CA_1by16/roadNet-CA_0_3.vertexptrs
INFO: Successfully opened /localtmp/oj2zf/dataset/roadNet-CA/roadNet-CA_1by16/roadNet-CA_0_4.vertexptrs
INFO: Successfully opened /localtmp/oj2zf/dataset/roadNet-CA/roadNet-CA_1by16/roadNet-CA_0_5.vertexptrs
INFO: Successfully opened /localtmp/oj2zf/dataset/roadNet-CA/roadNet-CA_1by16/roadNet-CA_0_6.vertexptrs
INFO: Successfully opened /localtmp/oj2zf/dataset/roadNet-CA/roadNet-CA_1by16/roadNet-CA_0_7.vertexptrs
INFO: Successfully opened /localtmp/oj2zf/dataset/roadNet-CA/roadNet-CA_1by16/roadNet-CA_0_8.vertexptrs
INFO: Successfully opened /localtmp/oj2zf/dataset/roadNet-CA/roadNet-CA_1by16/roadNet-CA_0_9.vertexptrs
INFO: Successfully opened /localtmp/oj2zf/dataset/roadNet-CA/roadNet-CA_1by16/roadNet-CA_0_10.vertexptrs
INFO: Successfully opened /localtmp/oj2zf/dataset/roadNet-CA/roadNet-CA_1by16/roadNet-CA_0_11.vertexptrs
INFO: Successfully opened /localtmp/oj2zf/dataset/roadNet-CA/roadNet-CA_1by16/roadNet-CA_0_12.vertexptrs
INFO: Successfully opened /localtmp/oj2zf/dataset/roadNet-CA/roadNet-CA_1by16/roadNet-CA_0_13.vertexptrs
INFO: Successfully opened /localtmp/oj2zf/dataset/roadNet-CA/roadNet-CA_1by16/roadNet-CA_0_14.vertexptrs
INFO: Successfully opened /localtmp/oj2zf/dataset/roadNet-CA/roadNet-CA_1by16/roadNet-CA_0_15.vertexptrs
INFO: Successfully opened /localtmp/oj2zf/dataset/roadNet-CA/roadNet-CA_1by16/roadNet-CA_0_0.vertexptrs
INFO: Successfully opened /localtmp/oj2zf/dataset/roadNet-CA/roadNet-CA_1by16/roadNet-CA_0_1.vertexptrs
INFO: Successfully opened /localtmp/oj2zf/dataset/roadNet-CA/roadNet-CA_1by16/roadNet-CA_0_2.vertexptrs
INFO: Successfully opened /localtmp/oj2zf/dataset/roadNet-CA/roadNet-CA_1by16/roadNet-CA_0_3.vertexptrs
INFO: Successfully opened /localtmp/oj2zf/dataset/roadNet-CA/roadNet-CA_1by16/roadNet-CA_0_4.vertexptrs
INFO: Successfully opened /localtmp/oj2zf/dataset/roadNet-CA/roadNet-CA_1by16/roadNet-CA_0_5.vertexptrs
INFO: Successfully opened /localtmp/oj2zf/dataset/roadNet-CA/roadNet-CA_1by16/roadNet-CA_0_6.vertexptrs
INFO: Successfully opened /localtmp/oj2zf/dataset/roadNet-CA/roadNet-CA_1by16/roadNet-CA_0_7.vertexptrs
INFO: Successfully opened /localtmp/oj2zf/dataset/roadNet-CA/roadNet-CA_1by16/roadNet-CA_0_8.vertexptrs
INFO: Successfully opened /localtmp/oj2zf/dataset/roadNet-CA/roadNet-CA_1by16/roadNet-CA_0_9.vertexptrs
INFO: Successfully opened /localtmp/oj2zf/dataset/roadNet-CA/roadNet-CA_1by16/roadNet-CA_0_10.vertexptrs
INFO: Successfully opened /localtmp/oj2zf/dataset/roadNet-CA/roadNet-CA_1by16/roadNet-CA_0_11.vertexptrs
INFO: Successfully opened /localtmp/oj2zf/dataset/roadNet-CA/roadNet-CA_1by16/roadNet-CA_0_12.vertexptrs
INFO: Successfully opened /localtmp/oj2zf/dataset/roadNet-CA/roadNet-CA_1by16/roadNet-CA_0_13.vertexptrs
INFO: Successfully opened /localtmp/oj2zf/dataset/roadNet-CA/roadNet-CA_1by16/roadNet-CA_0_14.vertexptrs
INFO: Successfully opened /localtmp/oj2zf/dataset/roadNet-CA/roadNet-CA_1by16/roadNet-CA_0_15.vertexptrs
INFO: Successfully opened /localtmp/oj2zf/dataset/roadNet-CA/roadNet-CA_1by16/roadNet-CA_0_0.edges
INFO: Successfully opened /localtmp/oj2zf/dataset/roadNet-CA/roadNet-CA_1by16/roadNet-CA_0_1.edges
INFO: Successfully opened /localtmp/oj2zf/dataset/roadNet-CA/roadNet-CA_1by16/roadNet-CA_0_2.edges
INFO: Successfully opened /localtmp/oj2zf/dataset/roadNet-CA/roadNet-CA_1by16/roadNet-CA_0_3.edges
INFO: Successfully opened /localtmp/oj2zf/dataset/roadNet-CA/roadNet-CA_1by16/roadNet-CA_0_4.edges
INFO: Successfully opened /localtmp/oj2zf/dataset/roadNet-CA/roadNet-CA_1by16/roadNet-CA_0_5.edges
INFO: Successfully opened /localtmp/oj2zf/dataset/roadNet-CA/roadNet-CA_1by16/roadNet-CA_0_6.edges
INFO: Successfully opened /localtmp/oj2zf/dataset/roadNet-CA/roadNet-CA_1by16/roadNet-CA_0_7.edges
INFO: Successfully opened /localtmp/oj2zf/dataset/roadNet-CA/roadNet-CA_1by16/roadNet-CA_0_8.edges
INFO: Successfully opened /localtmp/oj2zf/dataset/roadNet-CA/roadNet-CA_1by16/roadNet-CA_0_9.edges
INFO: Successfully opened /localtmp/oj2zf/dataset/roadNet-CA/roadNet-CA_1by16/roadNet-CA_0_10.edges
INFO: Successfully opened /localtmp/oj2zf/dataset/roadNet-CA/roadNet-CA_1by16/roadNet-CA_0_11.edges
INFO: Successfully opened /localtmp/oj2zf/dataset/roadNet-CA/roadNet-CA_1by16/roadNet-CA_0_12.edges
INFO: Successfully opened /localtmp/oj2zf/dataset/roadNet-CA/roadNet-CA_1by16/roadNet-CA_0_13.edges
INFO: Successfully opened /localtmp/oj2zf/dataset/roadNet-CA/roadNet-CA_1by16/roadNet-CA_0_14.edges
INFO: Successfully opened /localtmp/oj2zf/dataset/roadNet-CA/roadNet-CA_1by16/roadNet-CA_0_15.edges
INFO: Successfully opened /localtmp/oj2zf/dataset/roadNet-CA/roadNet-CA_1by16/roadNet-CA_0_0.edges
INFO: Successfully opened /localtmp/oj2zf/dataset/roadNet-CA/roadNet-CA_1by16/roadNet-CA_0_1.edges
INFO: Successfully opened /localtmp/oj2zf/dataset/roadNet-CA/roadNet-CA_1by16/roadNet-CA_0_2.edges
INFO: Successfully opened /localtmp/oj2zf/dataset/roadNet-CA/roadNet-CA_1by16/roadNet-CA_0_3.edges
INFO: Successfully opened /localtmp/oj2zf/dataset/roadNet-CA/roadNet-CA_1by16/roadNet-CA_0_4.edges
INFO: Successfully opened /localtmp/oj2zf/dataset/roadNet-CA/roadNet-CA_1by16/roadNet-CA_0_5.edges
INFO: Successfully opened /localtmp/oj2zf/dataset/roadNet-CA/roadNet-CA_1by16/roadNet-CA_0_6.edges
INFO: Successfully opened /localtmp/oj2zf/dataset/roadNet-CA/roadNet-CA_1by16/roadNet-CA_0_7.edges
INFO: Successfully opened /localtmp/oj2zf/dataset/roadNet-CA/roadNet-CA_1by16/roadNet-CA_0_8.edges
INFO: Successfully opened /localtmp/oj2zf/dataset/roadNet-CA/roadNet-CA_1by16/roadNet-CA_0_9.edges
INFO: Successfully opened /localtmp/oj2zf/dataset/roadNet-CA/roadNet-CA_1by16/roadNet-CA_0_10.edges
INFO: Successfully opened /localtmp/oj2zf/dataset/roadNet-CA/roadNet-CA_1by16/roadNet-CA_0_11.edges
INFO: Successfully opened /localtmp/oj2zf/dataset/roadNet-CA/roadNet-CA_1by16/roadNet-CA_0_12.edges
INFO: Successfully opened /localtmp/oj2zf/dataset/roadNet-CA/roadNet-CA_1by16/roadNet-CA_0_13.edges
INFO: Successfully opened /localtmp/oj2zf/dataset/roadNet-CA/roadNet-CA_1by16/roadNet-CA_0_14.edges
INFO: Successfully opened /localtmp/oj2zf/dataset/roadNet-CA/roadNet-CA_1by16/roadNet-CA_0_15.edges
[1m[37m>>> pagerank::run: graph iteration 0 of pagerank started[0m

[1m[37m>>> pagerank::start2: super iteration: [col: 0][size: 16][step: 1][0m
>>> WorkerThread:: total number of edges in file[0]: 180359

PP&A:: [col:0][size:16][step:1], [iteration_idx:0][size:1][step:1]
loadmessages:: loading Acts... sizes: [[11260, 11284, 11267, 11267, 11280, 11269, 11267, 11274, 11265, 11284, 11258, 11287, 11259, 11282, 11275, 11277]]
>>> pagerank::start2 Finished: all threads joined...

[1m[37m>>> pagerank::start2: super iteration: [col: 1][size: 16][step: 1][0m
>>> WorkerThread:: total number of edges in file[1]: 181561

PP&A:: [col:1][size:16][step:1], [iteration_idx:0][size:1][step:1]
loadmessages:: loading Acts... sizes: [[11343, 11346, 11351, 11346, 11345, 11344, 11352, 11346, 11335, 11356, 11345, 11344, 11345, 11358, 11349, 11351]]
>>> pagerank::start2 Finished: all threads joined...

[1m[37m>>> pagerank::start2: super iteration: [col: 2][size: 16][step: 1][0m
>>> WorkerThread:: total number of edges in file[2]: 187183

PP&A:: [col:2][size:16][step:1], [iteration_idx:0][size:1][step:1]
loadmessages:: loading Acts... sizes: [[11686, 11707, 11699, 11690, 11700, 11704, 11700, 11696, 11700, 11692, 11698, 11697, 11699, 11697, 11703, 11712]]
>>> pagerank::start2 Finished: all threads joined...

[1m[37m>>> pagerank::start2: super iteration: [col: 3][size: 16][step: 1][0m
>>> WorkerThread:: total number of edges in file[3]: 193024

PP&A:: [col:3][size:16][step:1], [iteration_idx:0][size:1][step:1]
loadmessages:: loading Acts... sizes: [[12057, 12054, 12072, 12069, 12060, 12057, 12077, 12059, 12059, 12074, 12064, 12061, 12068, 12058, 12068, 12061]]
>>> pagerank::start2 Finished: all threads joined...

[1m[37m>>> pagerank::start2: super iteration: [col: 4][size: 16][step: 1][0m
>>> WorkerThread:: total number of edges in file[4]: 196464

PP&A:: [col:4][size:16][step:1], [iteration_idx:0][size:1][step:1]
loadmessages:: loading Acts... sizes: [[12272, 12286, 12277, 12277, 12276, 12283, 12282, 12272, 12279, 12280, 12273, 12290, 12279, 12273, 12277, 12284]]
>>> pagerank::start2 Finished: all threads joined...

[1m[37m>>> pagerank::start2: super iteration: [col: 5][size: 16][step: 1][0m
>>> WorkerThread:: total number of edges in file[5]: 178856

PP&A:: [col:5][size:16][step:1], [iteration_idx:0][size:1][step:1]
loadmessages:: loading Acts... sizes: [[11174, 11179, 11181, 11170, 11180, 11180, 11180, 11175, 11174, 11180, 11183, 11179, 11165, 11186, 11170, 11194]]
>>> pagerank::start2 Finished: all threads joined...

[1m[37m>>> pagerank::start2: super iteration: [col: 6][size: 16][step: 1][0m
>>> WorkerThread:: total number of edges in file[6]: 178762

PP&A:: [col:6][size:16][step:1], [iteration_idx:0][size:1][step:1]
loadmessages:: loading Acts... sizes: [[11171, 11172, 11171, 11173, 11166, 11171, 11176, 11168, 11172, 11179, 11163, 11175, 11171, 11180, 11169, 11179]]
>>> pagerank::start2 Finished: all threads joined...

[1m[37m>>> pagerank::start2: super iteration: [col: 7][size: 16][step: 1][0m
>>> WorkerThread:: total number of edges in file[7]: 179773

PP&A:: [col:7][size:16][step:1], [iteration_idx:0][size:1][step:1]
loadmessages:: loading Acts... sizes: [[11228, 11238, 11232, 11229, 11241, 11242, 11228, 11236, 11235, 11240, 11230, 11236, 11238, 11237, 11226, 11249]]
>>> pagerank::start2 Finished: all threads joined...

[1m[37m>>> pagerank::start2: super iteration: [col: 8][size: 16][step: 1][0m
>>> WorkerThread:: total number of edges in file[8]: 183568

PP&A:: [col:8][size:16][step:1], [iteration_idx:0][size:1][step:1]
loadmessages:: loading Acts... sizes: [[11468, 11478, 11470, 11471, 11470, 11477, 11468, 11475, 11479, 11468, 11474, 11478, 11470, 11468, 11473, 11475]]
>>> pagerank::start2 Finished: all threads joined...

[1m[37m>>> pagerank::start2: super iteration: [col: 9][size: 16][step: 1][0m
>>> WorkerThread:: total number of edges in file[9]: 185013

PP&A:: [col:9][size:16][step:1], [iteration_idx:0][size:1][step:1]
loadmessages:: loading Acts... sizes: [[11556, 11567, 11566, 11561, 11556, 11563, 11565, 11561, 11569, 11556, 11568, 11557, 11564, 11570, 11561, 11565]]
>>> pagerank::start2 Finished: all threads joined...

[1m[37m>>> pagerank::start2: super iteration: [col: 10][size: 16][step: 1][0m
>>> WorkerThread:: total number of edges in file[10]: 185856

PP&A:: [col:10][size:16][step:1], [iteration_idx:0][size:1][step:1]
loadmessages:: loading Acts... sizes: [[11609, 11612, 11619, 11610, 11622, 11624, 11612, 11617, 11618, 11616, 11614, 11619, 11612, 11620, 11607, 11622]]
>>> pagerank::start2 Finished: all threads joined...

[1m[37m>>> pagerank::start2: super iteration: [col: 11][size: 16][step: 1][0m
>>> WorkerThread:: total number of edges in file[11]: 185791

PP&A:: [col:11][size:16][step:1], [iteration_idx:0][size:1][step:1]
loadmessages:: loading Acts... sizes: [[11608, 11611, 11614, 11607, 11610, 11611, 11613, 11613, 11611, 11607, 11605, 11617, 11609, 11607, 11613, 11633]]
>>> pagerank::start2 Finished: all threads joined...

[1m[37m>>> pagerank::start2: super iteration: [col: 12][size: 16][step: 1][0m
>>> WorkerThread:: total number of edges in file[12]: 181444

PP&A:: [col:12][size:16][step:1], [iteration_idx:0][size:1][step:1]
loadmessages:: loading Acts... sizes: [[11334, 11336, 11344, 11341, 11342, 11341, 11342, 11335, 11339, 11337, 11344, 11341, 11332, 11347, 11334, 11352]]
>>> pagerank::start2 Finished: all threads joined...

[1m[37m>>> pagerank::start2: super iteration: [col: 13][size: 16][step: 1][0m
>>> WorkerThread:: total number of edges in file[13]: 180813

PP&A:: [col:13][size:16][step:1], [iteration_idx:0][size:1][step:1]
loadmessages:: loading Acts... sizes: [[11299, 11300, 11291, 11300, 11300, 11303, 11307, 11299, 11290, 11303, 11304, 11301, 11301, 11291, 11303, 11317]]
>>> pagerank::start2 Finished: all threads joined...

[1m[37m>>> pagerank::start2: super iteration: [col: 14][size: 16][step: 1][0m
>>> WorkerThread:: total number of edges in file[14]: 180462

PP&A:: [col:14][size:16][step:1], [iteration_idx:0][size:1][step:1]
loadmessages:: loading Acts... sizes: [[11265, 11285, 11279, 11279, 11274, 11282, 11282, 11264, 11290, 11273, 11279, 11273, 11287, 11279, 11274, 11296]]
>>> pagerank::start2 Finished: all threads joined...

[1m[37m>>> pagerank::start2: super iteration: [col: 15][size: 16][step: 1][0m
>>> WorkerThread:: total number of edges in file[15]: 7678

PP&A:: [col:15][size:16][step:1], [iteration_idx:0][size:1][step:1]
loadmessages:: loading Acts... sizes: [[478, 478, 480, 476, 472, 483, 474, 484, 485, 470, 478, 483, 483, 470, 491, 491]]
>>> pagerank::start2 Finished: all threads joined...
applyvertices2: number of active vertices for next iteration: 0
applyvertices2: number of active vertices for next iteration: 0
applyvertices2: number of active vertices for next iteration: 0
applyvertices2: number of active vertices for next iteration: 0
applyvertices2: number of active vertices for next iteration: 0
applyvertices2: number of active vertices for next iteration: 0
applyvertices2: number of active vertices for next iteration: 0
applyvertices2: number of active vertices for next iteration: 0
applyvertices2: number of active vertices for next iteration: 0
applyvertices2: number of active vertices for next iteration: 0
applyvertices2: number of active vertices for next iteration: 0
applyvertices2: number of active vertices for next iteration: 0
applyvertices2: number of active vertices for next iteration: 0
applyvertices2: number of active vertices for next iteration: 0
applyvertices2: number of active vertices for next iteration: 0
applyvertices2: number of active vertices for next iteration: 0
test::finish destroying memory structures... 
>>> pagerank::run: finished run. Time Elapsed: : Time Elapsed = 3070709863[nanao seconds](Iteration 666)
>>> pagerank::run: finished run. Time Elapsed: : Time Elapsed = 3070709[micro seconds](Iteration 666)
>>> pagerank::run: finished run. Time Elapsed: : Time Elapsed = 3070[milli seconds](Iteration 666)
>>> pagerank::run: finished run. Time Elapsed: : Time Elapsed = 3[seconds](Iteration 666)

graph::closefilesforreading : close files for reading...
graph::closetemporaryfilesforwriting : close temporary files for writing...
graph::closetemporaryfilesforreading : close files for reading...
=== STATS::TIMING AND SUMMARY RESULTS FOR ITERATION: 666 === 
>>> stats::summary Total number of kvReads in bank [0]: 180355
>>> stats::summary Total number of kvReads in bank [1]: 181556
>>> stats::summary Total number of kvReads in bank [2]: 187180
>>> stats::summary Total number of kvReads in bank [3]: 193018
>>> stats::summary Total number of kvReads in bank [4]: 196460
>>> stats::summary Total number of kvReads in bank [5]: 178850
>>> stats::summary Total number of kvReads in bank [6]: 178756
>>> stats::summary Total number of kvReads in bank [7]: 179765
>>> stats::summary Total number of kvReads in bank [8]: 183562
>>> stats::summary Total number of kvReads in bank [9]: 185005
>>> stats::summary Total number of kvReads in bank [10]: 185853
>>> stats::summary Total number of kvReads in bank [11]: 185789
>>> stats::summary Total number of kvReads in bank [12]: 181441
>>> stats::summary Total number of kvReads in bank [13]: 180809
>>> stats::summary Total number of kvReads in bank [14]: 180461
>>> stats::summary Total number of kvReads in bank [15]: 7676
[1m[37m>>> stats::summary Total number of kvReads for all threads: 2766536[0m
[1m[37m>>> stats::summary Total time spent (SSD access): 0 milliseconds[0m
[1m[37m>>> stats::summary Total time spent (SSD access): 0 seconds[0m
[1m[37m>>> stats::summary Total time spent (OCL data transfers): 0 milliseconds[0m
[1m[37m>>> stats::summary Total time spent (OCL data transfers): 0 seconds[0m
[1m[37m>>> stats::summary Total time spent (Kernel Pre Process execution): 0 milliseconds[0m
[1m[37m>>> stats::summary Total time spent (Kernel Pre Process execution): 0 seconds[0m
[1m[37m>>> stats::summary Total time spent (Kernel execution): 519 milliseconds[0m
[1m[37m>>> stats::summary Total time spent (Kernel execution): 0.519 seconds[0m
[1m[37m>>> stats::summary Total time spent (Kernel Post Process execution): 124 milliseconds[0m
[1m[37m>>> stats::summary Total time spent (Kernel Post Process execution): 0.124 seconds[0m
[1m[37m>>> stats::summary Total time spent (Overall Kernel execution): 643 milliseconds[0m
[1m[37m>>> stats::summary Total time spent (Overall Kernel execution): 0.643 seconds[0m
[1m[37m>>> stats::summary Total time spent (Overall processing): 3070 milliseconds[0m
[1m[37m>>> stats::summary Total time spent (Overall processing): 3.07 seconds[0m
[1m[37m>>> stats::summary Total time spent (Overall processing excluding SSD & OCL data transfers): 3070 milliseconds[0m
[1m[37m>>> stats::summary Total time spent (Overall processing excluding SSD & OCL data transfers): 3.07 seconds[0m
[1m[37m>>> stats::summary Throughput (Kernel processing): 4.30254e+06 keyvalues per second[0m
[1m[37m>>> stats::summary Throughput (Kernel processing): 4.30254 million keyvalues per second[0m
[1m[37m>>> stats::summary Throughput (Kernel processing): 34.4204 MB/s[0m
[1m[37m>>> stats::summary Throughput (Overall processing): 4.30254e+06 keyvalues per second[0m
[1m[37m>>> stats::summary Throughput (Overall processing): 4.30254 million keyvalues per second[0m
[1m[37m>>> stats::summary Throughput (Overall processing): 34.4204 MB/s[0m
[1m[37m>>> stats::summary Throughput (Overall processing excluding SSD & OCL data transfers): 901152 keyvalues per second[0m
[1m[37m>>> stats::summary Throughput (Overall processing excluding SSD & OCL data transfers): 0.901152 million keyvalues per second[0m

graph::printdataset: printing dataset parameters...
>>> graphname: roadNet-CA
>>> graph_path: /localtmp/oj2zf/dataset/roadNet-CA/roadNet-CA.mtx
>>> vertices_path: /localtmp/oj2zf/dataset/roadNet-CA/roadNet-CA.vertices
>>> edges_path: /localtmp/oj2zf/dataset/roadNet-CA/roadNet-CA.edges
>>> vertices_path_bin: /localtmp/oj2zf/dataset/roadNet-CA/roadNet-CA_bin.vertices
>>> edges_path_bin: /localtmp/oj2zf/dataset/roadNet-CA/roadNet-CA_bin.edges
>>> min_vertex: 0
>>> max_vertex: 1971281
>>> num_vertices: 1971281
>>> num_edges: 2766607
>>> graphdirectiontype: 5
>>> graphorder: 6
>>> skewratio: 128
TEST FINISHED
[1m[37m>>> HOSTPROCESS:: TIMING SUMMARY: TOTAL TIME ELAPSED: : Time Elapsed = 4062792493[nanao seconds](Iteration 666)[0m
[1m[37m>>> HOSTPROCESS:: TIMING SUMMARY: TOTAL TIME ELAPSED: : Time Elapsed = 4062792[micro seconds](Iteration 666)[0m
[1m[37m>>> HOSTPROCESS:: TIMING SUMMARY: TOTAL TIME ELAPSED: : Time Elapsed = 4062[milli seconds](Iteration 666)[0m
[1m[37m>>> HOSTPROCESS:: TIMING SUMMARY: TOTAL TIME ELAPSED: : Time Elapsed = 4[seconds](Iteration 666)[0m

XRT build version: 2.3.1301
Build hash: 192e706aea53163a04c574f9b3fe9ed76b6ca471
Build date: 2019-10-24 20:05:16
Git branch: 2019.2
PID: 16907
UID: 1007
[Mon Nov 23 16:27:28 2020]
HOST: crabtree
EXE: /home/oj2zf/Documents/ActsOfAGraph/host
[XRT] WARNING: Profiling may contain incomplete information. Please ensure all OpenCL objects are released by your host code (e.g., clReleaseProgram()).
