Hostprocess:: Graph Analytics Started...
host:: NUMDRAMBANKS: 4
host:: NUMWORKERS: 1
host:: NUMSUBWORKERS: 3
host:: NUM_PARTITIONS: 16
host:: NUMSUPERCPUTHREADS: 1
host:: NUMCPUTHREADS: 1
host:: NUMSUBCPUTHREADS: 16
host:: NUMUTILITYTHREADS: 16
host:: DATAWIDTH: 512
host:: VECTOR_SIZE: 8
host:: KVDATA_BATCHSIZE: 6000000
host:: KVDATA_BATCHSIZE_KVS: 750000
host:: EDGES_BATCHSIZE: 48000000
host:: EDGES_BATCHSIZE_KVS: 6000000
host:: KVDATA_RANGE: 1048576
host:: KVDATA_RANGE_POW: 20
host:: BATCH_RANGE: 65536
host:: BATCH_RANGE_POW: 16
host:: BATCH_RANGE2: 512
host:: BATCH_RANGE2_POW: 9
host:: EDGESSZ: 6000000
host:: (float)APPROXTREE_DEPTH: 2
host:: APPROXTREE_DEPTH: 2
host:: TREE_DEPTH: 2
host:: TREE_DEPTH2: 0
host:: NUMSSDPARTITIONS: 16
host:: KVDATA_RANGE_PERSSDPARTITION_POW: 16
host:: KVDATA_RANGE_PERSSDPARTITION: 65536
host:: KVDATA_RANGE_PERSSDPARTITION2_POW: 9
host:: KVDATA_RANGE_PERSSDPARTITION2: 512
host:: MESSAGES_SIZE: 1024
host:: NUMSSDPARTITIONS: 16
host:: NUMSSDPARTITIONS_POW: 4
host:: MAXNUMSSDPARTITIONS: 16
host:: LOCKE NOT DEFINED
host:: STREAMEDGESSETUP DEFINED
host:: sizeof(keyvalue_t): 8 bytes (64 bits)
host:: sizeof(vertex_t): 4 bytes (32 bits)
host:: sizeof(edge_t): 4 bytes (32 bits)
host:: MESSAGESDRAMSZ: 1024
host:: KVDRAMSZ: 6786432
host:: KVDRAMSZ_KVS: 848304
host:: KVDRAMWORKSPACESZ: 6786432
host:: KVDRAMWORKSPACESZ_KVS: 848304
host:: EDGESSZ: 6000000
host:: EDGESSZ_KVS: 750000
host:: VERTEXPTRSSZ: 1048576
host:: VERTEXPTRSSZ_KVS: 131072
host:: VERTICESDATASZ: 32768
host:: VERTICESDATASZ_KVS: 4096
host:: BASEOFFSET_KVDRAM: 1024
host:: BASEOFFSET_KVDRAM_KVS: 128
host:: BASEOFFSET_KVDRAMWORKSPACE: 6787456
host:: BASEOFFSET_KVDRAMWORKSPACE_KVS: 848432
host:: BASEOFFSET_STATSDRAM: 13573888
host:: BASEOFFSET_EDGESDATA: 13580032
host:: BASEOFFSET_EDGESDATA_KVS: 1697504
host:: BASEOFFSET_VERTEXPTR: 19580032
host:: BASEOFFSET_VERTEXPTR_KVS: 2447504
host:: BASEOFFSET_VERTICESDATA: 20628608
host:: BASEOFFSET_VERTICESDATA_KVS: 2578576
host:: KVSOURCEDRAMSZ: 20661376
host:: KVSOURCEDRAMSZ_KVS: 2582672
host:: PADDEDKVSOURCEDRAMSZ: 20661376
host:: PADDEDKVSOURCEDRAMSZ_KVS: 2582672
>> host:: MESSAGESDRAMSZ (bytes): 8192 bytes
>> host:: KVDRAMBUFFERSZ (bytes): 0 bytes
>> host:: KVDRAMSZ (bytes): 54291456 bytes
>> host:: KVDRAMWORKSPACESZ (bytes): 54291456 bytes
>> host:: KVSTATSDRAMSZ (bytes): 49152 bytes
>> host:: ACTIVEVERTICESSZ (bytes): 0 bytes
>> host:: EDGESSZ (bytes): 48000000 bytes
>> host:: VERTEXPTRSSZ (bytes): 8388608 bytes
>> host:: VERTICESDATASZ (bytes): 262144 bytes
>> host:: PADDEDKVSOURCEDRAMSZ (bytes): 165291008 bytes
host:: KVSTATSDRAMSZ: 6144
host:: KVDRAMPADDING: 786432
host:: APPLYVERTEXBUFFERSZ: 256
host:: APPLYVERTEXBUFFERSZ_KVS: 32
host:: APPLYVERTEXBUFFERSZ2: 512
host:: APPLYVERTEXBUFFERSZ2_KVS: 64
host:: NUMLASTLEVELPARTITIONS: 256
host:: NUMLASTLEVELPARTITIONS2: 1
host:: INMEMORYGP enabled 
graph::graph constructor:: datasetid: 36, _numedgebanks: 16
graph::loadalldatasets:: 
graph::loadalldatasets finished. 
graph::printdataset: printing dataset parameters...
>>> graphname: flickr
>>> graph_path: /localtmp/oj2zf/dataset/flickr/flickr.mtx
>>> vertices_path: /localtmp/oj2zf/dataset/flickr/flickr.vertices
>>> edges_path: /localtmp/oj2zf/dataset/flickr/flickr.edges
>>> vertices_path_bin: /localtmp/oj2zf/dataset/flickr/flickr_bin.vertices
>>> edges_path_bin: /localtmp/oj2zf/dataset/flickr/flickr_bin.edges
>>> min_vertex: 0
>>> max_vertex: 820878
>>> num_vertices: 820879
>>> num_edges: 9837214
>>> graphdirectiontype: 5
>>> graphorder: 6
>>> skewratio: 128
goclkernel::loadOCLstructures:: inputdata_size_bytes: 165291008
Found Platform
Platform Name: Xilinx
Found Device=xilinx_u280_xdma_201910_1
INFO: Reading /home/oj2zf/Documents/ActsOfAGraph_Kernels/goldenkernelpr4.xclbin
Loading: '/home/oj2zf/Documents/ActsOfAGraph_Kernels/goldenkernelpr4.xclbin'
Creating a kernel [topkernel:{topkernel_1}] for CU(1)
Creating a kernel [topkernel:{topkernel_2}] for CU(2)
Creating a kernel [topkernel:{topkernel_3}] for CU(3)
Creating a kernel [topkernel:{topkernel_4}] for CU(4)
Creating a kernel [topkernel:{topkernel_5}] for CU(5)
Creating a kernel [topkernel:{topkernel_6}] for CU(6)
Creating a kernel [topkernel:{topkernel_7}] for CU(7)
Creating a kernel [topkernel:{topkernel_8}] for CU(8)
Creating a kernel [topkernel:{topkernel_9}] for CU(9)
Creating a kernel [topkernel:{topkernel_10}] for CU(10)
Creating a kernel [topkernel:{topkernel_11}] for CU(11)
Creating a kernel [topkernel:{topkernel_12}] for CU(12)
Creating a kernel [topkernel:{topkernel_13}] for CU(13)
Creating a kernel [topkernel:{topkernel_14}] for CU(14)
Creating a kernel [topkernel:{topkernel_15}] for CU(15)
Creating a kernel [topkernel:{topkernel_16}] for CU(16)
attaching bufferExt 0 to HBM bank: 0
attaching bufferExt 1 to HBM bank: 1
attaching bufferExt 2 to HBM bank: 2
attaching bufferExt 3 to HBM bank: 3
attaching bufferExt 4 to HBM bank: 4
attaching bufferExt 5 to HBM bank: 5
attaching bufferExt 6 to HBM bank: 6
attaching bufferExt 7 to HBM bank: 7
attaching bufferExt 8 to HBM bank: 8
attaching bufferExt 9 to HBM bank: 9
attaching bufferExt 10 to HBM bank: 10
attaching bufferExt 11 to HBM bank: 11
attaching bufferExt 12 to HBM bank: 12
attaching bufferExt 13 to HBM bank: 13
attaching bufferExt 14 to HBM bank: 14
attaching bufferExt 15 to HBM bank: 15
creating buffer for ACTS: 0
creating buffer for ACTS: 1
creating buffer for ACTS: 2
creating buffer for ACTS: 3
creating buffer for ACTS: 4
creating buffer for ACTS: 5
creating buffer for ACTS: 6
creating buffer for ACTS: 7
creating buffer for ACTS: 8
creating buffer for ACTS: 9
creating buffer for ACTS: 10
creating buffer for ACTS: 11
creating buffer for ACTS: 12
creating buffer for ACTS: 13
creating buffer for ACTS: 14
creating buffer for ACTS: 15
pagerank::run:: pagerank algorithm started. 
graph::opentemporaryfilesforwriting : opening temporary files for writing...
Directory already exists.INFO: Successfully opened /localtmp/oj2zf/dataset/flickr/flickr_1by16/flickr.vdata
INFO: Successfully opened /localtmp/oj2zf/dataset/flickr/flickr_1by16/flickr.vproperties
graph::opentemporaryfilesforreading : opening temporary files for reading
INFO: Successfully opened /localtmp/oj2zf/dataset/flickr/flickr_1by16/flickr.vdata
INFO: Successfully opened /localtmp/oj2zf/dataset/flickr/flickr_1by16/flickr.vproperties
generating vertices data... 
generating temp vertices data... 
graph::openfilesforreading : opening files for reading
INFO: Successfully opened /localtmp/oj2zf/dataset/flickr/flickr_1by16/flickr_0_0.vertexptrs
INFO: Successfully opened /localtmp/oj2zf/dataset/flickr/flickr_1by16/flickr_0_1.vertexptrs
INFO: Successfully opened /localtmp/oj2zf/dataset/flickr/flickr_1by16/flickr_0_2.vertexptrs
INFO: Successfully opened /localtmp/oj2zf/dataset/flickr/flickr_1by16/flickr_0_3.vertexptrs
INFO: Successfully opened /localtmp/oj2zf/dataset/flickr/flickr_1by16/flickr_0_4.vertexptrs
INFO: Successfully opened /localtmp/oj2zf/dataset/flickr/flickr_1by16/flickr_0_5.vertexptrs
INFO: Successfully opened /localtmp/oj2zf/dataset/flickr/flickr_1by16/flickr_0_6.vertexptrs
INFO: Successfully opened /localtmp/oj2zf/dataset/flickr/flickr_1by16/flickr_0_7.vertexptrs
INFO: Successfully opened /localtmp/oj2zf/dataset/flickr/flickr_1by16/flickr_0_8.vertexptrs
INFO: Successfully opened /localtmp/oj2zf/dataset/flickr/flickr_1by16/flickr_0_9.vertexptrs
INFO: Successfully opened /localtmp/oj2zf/dataset/flickr/flickr_1by16/flickr_0_10.vertexptrs
INFO: Successfully opened /localtmp/oj2zf/dataset/flickr/flickr_1by16/flickr_0_11.vertexptrs
INFO: Successfully opened /localtmp/oj2zf/dataset/flickr/flickr_1by16/flickr_0_12.vertexptrs
INFO: Successfully opened /localtmp/oj2zf/dataset/flickr/flickr_1by16/flickr_0_13.vertexptrs
INFO: Successfully opened /localtmp/oj2zf/dataset/flickr/flickr_1by16/flickr_0_14.vertexptrs
INFO: Successfully opened /localtmp/oj2zf/dataset/flickr/flickr_1by16/flickr_0_15.vertexptrs
INFO: Successfully opened /localtmp/oj2zf/dataset/flickr/flickr_1by16/flickr_0_0.vertexptrs
INFO: Successfully opened /localtmp/oj2zf/dataset/flickr/flickr_1by16/flickr_0_1.vertexptrs
INFO: Successfully opened /localtmp/oj2zf/dataset/flickr/flickr_1by16/flickr_0_2.vertexptrs
INFO: Successfully opened /localtmp/oj2zf/dataset/flickr/flickr_1by16/flickr_0_3.vertexptrs
INFO: Successfully opened /localtmp/oj2zf/dataset/flickr/flickr_1by16/flickr_0_4.vertexptrs
INFO: Successfully opened /localtmp/oj2zf/dataset/flickr/flickr_1by16/flickr_0_5.vertexptrs
INFO: Successfully opened /localtmp/oj2zf/dataset/flickr/flickr_1by16/flickr_0_6.vertexptrs
INFO: Successfully opened /localtmp/oj2zf/dataset/flickr/flickr_1by16/flickr_0_7.vertexptrs
INFO: Successfully opened /localtmp/oj2zf/dataset/flickr/flickr_1by16/flickr_0_8.vertexptrs
INFO: Successfully opened /localtmp/oj2zf/dataset/flickr/flickr_1by16/flickr_0_9.vertexptrs
INFO: Successfully opened /localtmp/oj2zf/dataset/flickr/flickr_1by16/flickr_0_10.vertexptrs
INFO: Successfully opened /localtmp/oj2zf/dataset/flickr/flickr_1by16/flickr_0_11.vertexptrs
INFO: Successfully opened /localtmp/oj2zf/dataset/flickr/flickr_1by16/flickr_0_12.vertexptrs
INFO: Successfully opened /localtmp/oj2zf/dataset/flickr/flickr_1by16/flickr_0_13.vertexptrs
INFO: Successfully opened /localtmp/oj2zf/dataset/flickr/flickr_1by16/flickr_0_14.vertexptrs
INFO: Successfully opened /localtmp/oj2zf/dataset/flickr/flickr_1by16/flickr_0_15.vertexptrs
INFO: Successfully opened /localtmp/oj2zf/dataset/flickr/flickr_1by16/flickr_0_0.edges
INFO: Successfully opened /localtmp/oj2zf/dataset/flickr/flickr_1by16/flickr_0_1.edges
INFO: Successfully opened /localtmp/oj2zf/dataset/flickr/flickr_1by16/flickr_0_2.edges
INFO: Successfully opened /localtmp/oj2zf/dataset/flickr/flickr_1by16/flickr_0_3.edges
INFO: Successfully opened /localtmp/oj2zf/dataset/flickr/flickr_1by16/flickr_0_4.edges
INFO: Successfully opened /localtmp/oj2zf/dataset/flickr/flickr_1by16/flickr_0_5.edges
INFO: Successfully opened /localtmp/oj2zf/dataset/flickr/flickr_1by16/flickr_0_6.edges
INFO: Successfully opened /localtmp/oj2zf/dataset/flickr/flickr_1by16/flickr_0_7.edges
INFO: Successfully opened /localtmp/oj2zf/dataset/flickr/flickr_1by16/flickr_0_8.edges
INFO: Successfully opened /localtmp/oj2zf/dataset/flickr/flickr_1by16/flickr_0_9.edges
INFO: Successfully opened /localtmp/oj2zf/dataset/flickr/flickr_1by16/flickr_0_10.edges
INFO: Successfully opened /localtmp/oj2zf/dataset/flickr/flickr_1by16/flickr_0_11.edges
INFO: Successfully opened /localtmp/oj2zf/dataset/flickr/flickr_1by16/flickr_0_12.edges
INFO: Successfully opened /localtmp/oj2zf/dataset/flickr/flickr_1by16/flickr_0_13.edges
INFO: Successfully opened /localtmp/oj2zf/dataset/flickr/flickr_1by16/flickr_0_14.edges
INFO: Successfully opened /localtmp/oj2zf/dataset/flickr/flickr_1by16/flickr_0_15.edges
INFO: Successfully opened /localtmp/oj2zf/dataset/flickr/flickr_1by16/flickr_0_0.edges
INFO: Successfully opened /localtmp/oj2zf/dataset/flickr/flickr_1by16/flickr_0_1.edges
INFO: Successfully opened /localtmp/oj2zf/dataset/flickr/flickr_1by16/flickr_0_2.edges
INFO: Successfully opened /localtmp/oj2zf/dataset/flickr/flickr_1by16/flickr_0_3.edges
INFO: Successfully opened /localtmp/oj2zf/dataset/flickr/flickr_1by16/flickr_0_4.edges
INFO: Successfully opened /localtmp/oj2zf/dataset/flickr/flickr_1by16/flickr_0_5.edges
INFO: Successfully opened /localtmp/oj2zf/dataset/flickr/flickr_1by16/flickr_0_6.edges
INFO: Successfully opened /localtmp/oj2zf/dataset/flickr/flickr_1by16/flickr_0_7.edges
INFO: Successfully opened /localtmp/oj2zf/dataset/flickr/flickr_1by16/flickr_0_8.edges
INFO: Successfully opened /localtmp/oj2zf/dataset/flickr/flickr_1by16/flickr_0_9.edges
INFO: Successfully opened /localtmp/oj2zf/dataset/flickr/flickr_1by16/flickr_0_10.edges
INFO: Successfully opened /localtmp/oj2zf/dataset/flickr/flickr_1by16/flickr_0_11.edges
INFO: Successfully opened /localtmp/oj2zf/dataset/flickr/flickr_1by16/flickr_0_12.edges
INFO: Successfully opened /localtmp/oj2zf/dataset/flickr/flickr_1by16/flickr_0_13.edges
INFO: Successfully opened /localtmp/oj2zf/dataset/flickr/flickr_1by16/flickr_0_14.edges
INFO: Successfully opened /localtmp/oj2zf/dataset/flickr/flickr_1by16/flickr_0_15.edges
[1m[37m>>> pagerank::run: graph iteration 0 of pagerank started[0m

[1m[37m>>> pagerank::start2: super iteration: [col: 0][size: 16][step: 1][0m
>>> WorkerThread:: total number of edges in file[0]: 5427332

PP&A:: [col:0][size:16][step:1], [iteration_idx:0][size:1][step:1]
loadmessages:: loading Acts... sizes: [[337113, 340420, 339422, 338273, 339867, 340007, 339343, 339038, 339294, 339058, 338906, 339431, 339505, 339043, 339392, 339212]]
>>> pagerank::start2 Finished: all threads joined...

[1m[37m>>> pagerank::start2: super iteration: [col: 1][size: 16][step: 1][0m
>>> WorkerThread:: total number of edges in file[1]: 2272158

PP&A:: [col:1][size:16][step:1], [iteration_idx:0][size:1][step:1]
loadmessages:: loading Acts... sizes: [[141997, 142009, 141983, 142025, 141142, 142802, 141953, 142055, 142059, 140152, 143901, 141741, 142132, 142160, 142011, 142033]]
>>> pagerank::start2 Finished: all threads joined...

[1m[37m>>> pagerank::start2: super iteration: [col: 2][size: 16][step: 1][0m
>>> WorkerThread:: total number of edges in file[2]: 845493

PP&A:: [col:2][size:16][step:1], [iteration_idx:0][size:1][step:1]
loadmessages:: loading Acts... sizes: [[52839, 52800, 52854, 52877, 52844, 52787, 52900, 52837, 52813, 52655, 52947, 52961, 52840, 52817, 52872, 52849]]
>>> pagerank::start2 Finished: all threads joined...

[1m[37m>>> pagerank::start2: super iteration: [col: 3][size: 16][step: 1][0m
>>> WorkerThread:: total number of edges in file[3]: 365373

PP&A:: [col:3][size:16][step:1], [iteration_idx:0][size:1][step:1]
loadmessages:: loading Acts... sizes: [[22826, 22797, 22863, 22840, 22849, 22777, 22888, 22784, 22880, 22846, 22834, 22836, 22833, 22835, 22837, 22846]]
>>> pagerank::start2 Finished: all threads joined...

[1m[37m>>> pagerank::start2: super iteration: [col: 4][size: 16][step: 1][0m
>>> WorkerThread:: total number of edges in file[4]: 248023

PP&A:: [col:4][size:16][step:1], [iteration_idx:0][size:1][step:1]
loadmessages:: loading Acts... sizes: [[15495, 15501, 15500, 15487, 15520, 15501, 15484, 15513, 15446, 15563, 15498, 15504, 15499, 15501, 15497, 15513]]
>>> pagerank::start2 Finished: all threads joined...

[1m[37m>>> pagerank::start2: super iteration: [col: 5][size: 16][step: 1][0m
>>> WorkerThread:: total number of edges in file[5]: 174185

PP&A:: [col:5][size:16][step:1], [iteration_idx:0][size:1][step:1]
loadmessages:: loading Acts... sizes: [[10862, 10905, 10891, 10877, 10895, 10875, 10893, 10888, 10885, 10886, 10886, 10889, 10883, 10888, 10886, 10894]]
>>> pagerank::start2 Finished: all threads joined...

[1m[37m>>> pagerank::start2: super iteration: [col: 6][size: 16][step: 1][0m
>>> WorkerThread:: total number of edges in file[6]: 143385

PP&A:: [col:6][size:16][step:1], [iteration_idx:0][size:1][step:1]
loadmessages:: loading Acts... sizes: [[8951, 8969, 8951, 8972, 8957, 8964, 8961, 8959, 8963, 8944, 8975, 8965, 8961, 8959, 8961, 8970]]
>>> pagerank::start2 Finished: all threads joined...

[1m[37m>>> pagerank::start2: super iteration: [col: 7][size: 16][step: 1][0m
>>> WorkerThread:: total number of edges in file[7]: 117407

PP&A:: [col:7][size:16][step:1], [iteration_idx:0][size:1][step:1]
loadmessages:: loading Acts... sizes: [[7336, 7338, 7337, 7325, 7349, 7337, 7336, 7337, 7325, 7350, 7335, 7337, 7339, 7334, 7337, 7350]]
>>> pagerank::start2 Finished: all threads joined...

[1m[37m>>> pagerank::start2: super iteration: [col: 8][size: 16][step: 1][0m
>>> WorkerThread:: total number of edges in file[8]: 95710

PP&A:: [col:8][size:16][step:1], [iteration_idx:0][size:1][step:1]
loadmessages:: loading Acts... sizes: [[5981, 5980, 5978, 5981, 5983, 5982, 5981, 5979, 5983, 5982, 5971, 5989, 5979, 5982, 5980, 5998]]
>>> pagerank::start2 Finished: all threads joined...

[1m[37m>>> pagerank::start2: super iteration: [col: 9][size: 16][step: 1][0m
>>> WorkerThread:: total number of edges in file[9]: 72052

PP&A:: [col:9][size:16][step:1], [iteration_idx:0][size:1][step:1]
loadmessages:: loading Acts... sizes: [[4502, 4501, 4503, 4494, 4512, 4505, 4503, 4503, 4502, 4503, 4504, 4503, 4501, 4505, 4502, 4508]]
>>> pagerank::start2 Finished: all threads joined...

[1m[37m>>> pagerank::start2: super iteration: [col: 10][size: 16][step: 1][0m
>>> WorkerThread:: total number of edges in file[10]: 47726

PP&A:: [col:10][size:16][step:1], [iteration_idx:0][size:1][step:1]
loadmessages:: loading Acts... sizes: [[2979, 2983, 2984, 2976, 2988, 2981, 2981, 2983, 2981, 2975, 2991, 2980, 2980, 2984, 2984, 2995]]
>>> pagerank::start2 Finished: all threads joined...

[1m[37m>>> pagerank::start2: super iteration: [col: 11][size: 16][step: 1][0m
>>> WorkerThread:: total number of edges in file[11]: 23976

PP&A:: [col:11][size:16][step:1], [iteration_idx:0][size:1][step:1]
loadmessages:: loading Acts... sizes: [[1498, 1497, 1499, 1497, 1499, 1498, 1498, 1498, 1498, 1496, 1500, 1496, 1500, 1498, 1497, 1502]]
>>> pagerank::start2 Finished: all threads joined...

[1m[37m>>> pagerank::start2: super iteration: [col: 12][size: 16][step: 1][0m
>>> WorkerThread:: total number of edges in file[12]: 4394

PP&A:: [col:12][size:16][step:1], [iteration_idx:0][size:1][step:1]
loadmessages:: loading Acts... sizes: [[274, 274, 274, 273, 275, 274, 274, 272, 276, 272, 273, 277, 273, 274, 274, 283]]
>>> pagerank::start2 Finished: all threads joined...

[1m[37m>>> pagerank::start2: super iteration: [col: 13][size: 16][step: 1][0m
>>> WorkerThread:: total number of edges in file[13]: 0
>>> pagerank::start2 Finished: all threads joined...

[1m[37m>>> pagerank::start2: super iteration: [col: 14][size: 16][step: 1][0m
>>> WorkerThread:: total number of edges in file[14]: 0
>>> pagerank::start2 Finished: all threads joined...

[1m[37m>>> pagerank::start2: super iteration: [col: 15][size: 16][step: 1][0m
>>> WorkerThread:: total number of edges in file[15]: 0
>>> pagerank::start2 Finished: all threads joined...
applyvertices2: number of active vertices for next iteration: 0
applyvertices2: number of active vertices for next iteration: 0
applyvertices2: number of active vertices for next iteration: 0
applyvertices2: number of active vertices for next iteration: 0
applyvertices2: number of active vertices for next iteration: 0
applyvertices2: number of active vertices for next iteration: 0
applyvertices2: number of active vertices for next iteration: 0
applyvertices2: number of active vertices for next iteration: 0
applyvertices2: number of active vertices for next iteration: 0
applyvertices2: number of active vertices for next iteration: 0
applyvertices2: number of active vertices for next iteration: 0
applyvertices2: number of active vertices for next iteration: 0
applyvertices2: number of active vertices for next iteration: 0
applyvertices2: number of active vertices for next iteration: 0
applyvertices2: number of active vertices for next iteration: 0
applyvertices2: number of active vertices for next iteration: 0
test::finish destroying memory structures... 
>>> pagerank::run: finished run. Time Elapsed: : Time Elapsed = 1668194070[nanao seconds](Iteration 666)
>>> pagerank::run: finished run. Time Elapsed: : Time Elapsed = 1668194[micro seconds](Iteration 666)
>>> pagerank::run: finished run. Time Elapsed: : Time Elapsed = 1668[milli seconds](Iteration 666)
>>> pagerank::run: finished run. Time Elapsed: : Time Elapsed = 1[seconds](Iteration 666)

graph::closefilesforreading : close files for reading...
graph::closetemporaryfilesforwriting : close temporary files for writing...
graph::closetemporaryfilesforreading : close files for reading...
=== STATS::TIMING AND SUMMARY RESULTS FOR ITERATION: 666 === 
>>> stats::summary Total number of kvReads in bank [0]: 5427324
>>> stats::summary Total number of kvReads in bank [1]: 2272155
>>> stats::summary Total number of kvReads in bank [2]: 845492
>>> stats::summary Total number of kvReads in bank [3]: 365371
>>> stats::summary Total number of kvReads in bank [4]: 248022
>>> stats::summary Total number of kvReads in bank [5]: 174183
>>> stats::summary Total number of kvReads in bank [6]: 143382
>>> stats::summary Total number of kvReads in bank [7]: 117402
>>> stats::summary Total number of kvReads in bank [8]: 95709
>>> stats::summary Total number of kvReads in bank [9]: 72051
>>> stats::summary Total number of kvReads in bank [10]: 47725
>>> stats::summary Total number of kvReads in bank [11]: 23971
>>> stats::summary Total number of kvReads in bank [12]: 4392
>>> stats::summary Total number of kvReads in bank [13]: 0
>>> stats::summary Total number of kvReads in bank [14]: 0
>>> stats::summary Total number of kvReads in bank [15]: 0
[1m[37m>>> stats::summary Total number of kvReads for all threads: 9837179[0m
[1m[37m>>> stats::summary Total time spent (SSD access): 0 milliseconds[0m
[1m[37m>>> stats::summary Total time spent (SSD access): 0 seconds[0m
[1m[37m>>> stats::summary Total time spent (OCL data transfers): 0 milliseconds[0m
[1m[37m>>> stats::summary Total time spent (OCL data transfers): 0 seconds[0m
[1m[37m>>> stats::summary Total time spent (Kernel Pre Process execution): 0 milliseconds[0m
[1m[37m>>> stats::summary Total time spent (Kernel Pre Process execution): 0 seconds[0m
[1m[37m>>> stats::summary Total time spent (Kernel execution): 481 milliseconds[0m
[1m[37m>>> stats::summary Total time spent (Kernel execution): 0.481 seconds[0m
[1m[37m>>> stats::summary Total time spent (Kernel Post Process execution): 59 milliseconds[0m
[1m[37m>>> stats::summary Total time spent (Kernel Post Process execution): 0.059 seconds[0m
[1m[37m>>> stats::summary Total time spent (Overall Kernel execution): 540 milliseconds[0m
[1m[37m>>> stats::summary Total time spent (Overall Kernel execution): 0.54 seconds[0m
[1m[37m>>> stats::summary Total time spent (Overall processing): 1668 milliseconds[0m
[1m[37m>>> stats::summary Total time spent (Overall processing): 1.668 seconds[0m
[1m[37m>>> stats::summary Total time spent (Overall processing excluding SSD & OCL data transfers): 1668 milliseconds[0m
[1m[37m>>> stats::summary Total time spent (Overall processing excluding SSD & OCL data transfers): 1.668 seconds[0m
[1m[37m>>> stats::summary Throughput (Kernel processing): 1.8217e+07 keyvalues per second[0m
[1m[37m>>> stats::summary Throughput (Kernel processing): 18.217 million keyvalues per second[0m
[1m[37m>>> stats::summary Throughput (Kernel processing): 145.736 MB/s[0m
[1m[37m>>> stats::summary Throughput (Overall processing): 1.8217e+07 keyvalues per second[0m
[1m[37m>>> stats::summary Throughput (Overall processing): 18.217 million keyvalues per second[0m
[1m[37m>>> stats::summary Throughput (Overall processing): 145.736 MB/s[0m
[1m[37m>>> stats::summary Throughput (Overall processing excluding SSD & OCL data transfers): 5.89759e+06 keyvalues per second[0m
[1m[37m>>> stats::summary Throughput (Overall processing excluding SSD & OCL data transfers): 5.89759 million keyvalues per second[0m

graph::printdataset: printing dataset parameters...
>>> graphname: flickr
>>> graph_path: /localtmp/oj2zf/dataset/flickr/flickr.mtx
>>> vertices_path: /localtmp/oj2zf/dataset/flickr/flickr.vertices
>>> edges_path: /localtmp/oj2zf/dataset/flickr/flickr.edges
>>> vertices_path_bin: /localtmp/oj2zf/dataset/flickr/flickr_bin.vertices
>>> edges_path_bin: /localtmp/oj2zf/dataset/flickr/flickr_bin.edges
>>> min_vertex: 0
>>> max_vertex: 820878
>>> num_vertices: 820879
>>> num_edges: 9837214
>>> graphdirectiontype: 5
>>> graphorder: 6
>>> skewratio: 128
TEST FINISHED
[1m[37m>>> HOSTPROCESS:: TIMING SUMMARY: TOTAL TIME ELAPSED: : Time Elapsed = 2611179557[nanao seconds](Iteration 666)[0m
[1m[37m>>> HOSTPROCESS:: TIMING SUMMARY: TOTAL TIME ELAPSED: : Time Elapsed = 2611179[micro seconds](Iteration 666)[0m
[1m[37m>>> HOSTPROCESS:: TIMING SUMMARY: TOTAL TIME ELAPSED: : Time Elapsed = 2611[milli seconds](Iteration 666)[0m
[1m[37m>>> HOSTPROCESS:: TIMING SUMMARY: TOTAL TIME ELAPSED: : Time Elapsed = 2[seconds](Iteration 666)[0m

XRT build version: 2.3.1301
Build hash: 192e706aea53163a04c574f9b3fe9ed76b6ca471
Build date: 2019-10-24 20:05:16
Git branch: 2019.2
PID: 17477
UID: 1007
[Mon Nov 23 16:28:11 2020]
HOST: crabtree
EXE: /home/oj2zf/Documents/ActsOfAGraph/host
[XRT] WARNING: Profiling may contain incomplete information. Please ensure all OpenCL objects are released by your host code (e.g., clReleaseProgram()).
